000 (9708.000.000) 03/30 02:48:47 Job submitted from host: <128.101.221.180:9618?addrs=128.101.221.180-9618&noUDP&sock=3943_2604_3>
...
001 (9708.000.000) 03/30 03:07:03 Job executing on host: <128.101.220.43:9618?addrs=128.101.220.43-9618&noUDP&sock=249879_c9d6_4>
...
006 (9708.000.000) 03/30 03:07:12 Image size of job updated: 234292
	160  -  MemoryUsage of job (MB)
	163224  -  ResidentSetSize of job (KB)
...
006 (9708.000.000) 03/30 03:09:52 Image size of job updated: 425200
	160  -  MemoryUsage of job (MB)
	163224  -  ResidentSetSize of job (KB)
...
005 (9708.000.000) 03/30 03:09:53 Job terminated.
	(1) Normal termination (return value 0)
		Usr 0 00:01:52, Sys 0 00:00:33  -  Run Remote Usage
		Usr 0 00:00:00, Sys 0 00:00:00  -  Run Local Usage
		Usr 0 00:01:52, Sys 0 00:00:33  -  Total Remote Usage
		Usr 0 00:00:00, Sys 0 00:00:00  -  Total Local Usage
	41351  -  Run Bytes Sent By Job
	553  -  Run Bytes Received By Job
	41351  -  Total Bytes Sent By Job
	553  -  Total Bytes Received By Job
	Partitionable Resources :    Usage  Request Allocated
	   Cpus                 :                 1         1
	   Disk (KB)            :       53  1024000   1029344
	   Memory (MB)          :      160     2000      2000
...
