000 (9704.000.000) 03/30 02:48:45 Job submitted from host: <128.101.221.180:9618?addrs=128.101.221.180-9618&noUDP&sock=3943_2604_3>
...
001 (9704.000.000) 03/30 03:06:45 Job executing on host: <128.101.221.172:9618?addrs=128.101.221.172-9618&noUDP&sock=1824113_5f8e_4>
...
006 (9704.000.000) 03/30 03:06:53 Image size of job updated: 174700
	111  -  MemoryUsage of job (MB)
	112868  -  ResidentSetSize of job (KB)
...
006 (9704.000.000) 03/30 03:11:53 Image size of job updated: 426192
	322  -  MemoryUsage of job (MB)
	329560  -  ResidentSetSize of job (KB)
...
006 (9704.000.000) 03/30 03:16:22 Image size of job updated: 733232
	322  -  MemoryUsage of job (MB)
	329560  -  ResidentSetSize of job (KB)
...
005 (9704.000.000) 03/30 03:16:23 Job terminated.
	(1) Normal termination (return value 0)
		Usr 0 00:06:30, Sys 0 00:02:13  -  Run Remote Usage
		Usr 0 00:00:00, Sys 0 00:00:00  -  Run Local Usage
		Usr 0 00:06:30, Sys 0 00:02:13  -  Total Remote Usage
		Usr 0 00:00:00, Sys 0 00:00:00  -  Total Local Usage
	58983  -  Run Bytes Sent By Job
	553  -  Run Bytes Received By Job
	58983  -  Total Bytes Sent By Job
	553  -  Total Bytes Received By Job
	Partitionable Resources :    Usage  Request Allocated
	   Cpus                 :                 1         1
	   Disk (KB)            :       70  1024000   1028655
	   Memory (MB)          :      322     2000      2000
...
