000 (9739.000.000) 03/30 02:49:01 Job submitted from host: <128.101.221.180:9618?addrs=128.101.221.180-9618&noUDP&sock=3943_2604_3>
...
001 (9739.000.000) 03/30 03:10:08 Job executing on host: <128.101.220.89:9618?addrs=128.101.220.89-9618&noUDP&sock=367686_9777_4>
...
006 (9739.000.000) 03/30 03:10:16 Image size of job updated: 263048
	183  -  MemoryUsage of job (MB)
	186572  -  ResidentSetSize of job (KB)
...
006 (9739.000.000) 03/30 03:15:16 Image size of job updated: 425944
	324  -  MemoryUsage of job (MB)
	331560  -  ResidentSetSize of job (KB)
...
006 (9739.000.000) 03/30 03:18:15 Image size of job updated: 426576
	324  -  MemoryUsage of job (MB)
	331560  -  ResidentSetSize of job (KB)
...
005 (9739.000.000) 03/30 03:18:16 Job terminated.
	(1) Normal termination (return value 0)
		Usr 0 00:05:25, Sys 0 00:01:55  -  Run Remote Usage
		Usr 0 00:00:00, Sys 0 00:00:00  -  Run Local Usage
		Usr 0 00:05:25, Sys 0 00:01:55  -  Total Remote Usage
		Usr 0 00:00:00, Sys 0 00:00:00  -  Total Local Usage
	53935  -  Run Bytes Sent By Job
	553  -  Run Bytes Received By Job
	53935  -  Total Bytes Sent By Job
	553  -  Total Bytes Received By Job
	Partitionable Resources :    Usage  Request Allocated
	   Cpus                 :                 1         1
	   Disk (KB)            :       66  1024000   1028705
	   Memory (MB)          :      324     2000      2000
...
