000 (9725.000.000) 03/30 02:48:54 Job submitted from host: <128.101.221.180:9618?addrs=128.101.221.180-9618&noUDP&sock=3943_2604_3>
...
001 (9725.000.000) 03/30 03:07:57 Job executing on host: <128.101.221.178:9618?addrs=128.101.221.178-9618&noUDP&sock=1886078_3590_4>
...
006 (9725.000.000) 03/30 03:08:06 Image size of job updated: 184992
	121  -  MemoryUsage of job (MB)
	123152  -  ResidentSetSize of job (KB)
...
006 (9725.000.000) 03/30 03:10:11 Image size of job updated: 423604
	121  -  MemoryUsage of job (MB)
	123152  -  ResidentSetSize of job (KB)
...
005 (9725.000.000) 03/30 03:10:13 Job terminated.
	(1) Normal termination (return value 0)
		Usr 0 00:01:34, Sys 0 00:00:27  -  Run Remote Usage
		Usr 0 00:00:00, Sys 0 00:00:00  -  Run Local Usage
		Usr 0 00:01:34, Sys 0 00:00:27  -  Total Remote Usage
		Usr 0 00:00:00, Sys 0 00:00:00  -  Total Local Usage
	34272  -  Run Bytes Sent By Job
	553  -  Run Bytes Received By Job
	34272  -  Total Bytes Sent By Job
	553  -  Total Bytes Received By Job
	Partitionable Resources :    Usage  Request Allocated
	   Cpus                 :                 1         1
	   Disk (KB)            :       47  1024000   1025866
	   Memory (MB)          :      121     2000      2000
...
