000 (9731.000.000) 03/30 02:48:57 Job submitted from host: <128.101.221.180:9618?addrs=128.101.221.180-9618&noUDP&sock=3943_2604_3>
...
001 (9731.000.000) 03/30 03:09:05 Job executing on host: <128.101.221.188:9618?addrs=128.101.221.188-9618&noUDP&sock=3087505_3369_4>
...
006 (9731.000.000) 03/30 03:09:14 Image size of job updated: 262484
	182  -  MemoryUsage of job (MB)
	185768  -  ResidentSetSize of job (KB)
...
006 (9731.000.000) 03/30 03:14:15 Image size of job updated: 424336
	322  -  MemoryUsage of job (MB)
	329716  -  ResidentSetSize of job (KB)
...
006 (9731.000.000) 03/30 03:18:50 Image size of job updated: 733340
	322  -  MemoryUsage of job (MB)
	329716  -  ResidentSetSize of job (KB)
...
005 (9731.000.000) 03/30 03:18:50 Job terminated.
	(1) Normal termination (return value 0)
		Usr 0 00:06:33, Sys 0 00:02:23  -  Run Remote Usage
		Usr 0 00:00:00, Sys 0 00:00:00  -  Run Local Usage
		Usr 0 00:06:33, Sys 0 00:02:23  -  Total Remote Usage
		Usr 0 00:00:00, Sys 0 00:00:00  -  Total Local Usage
	74425  -  Run Bytes Sent By Job
	553  -  Run Bytes Received By Job
	74425  -  Total Bytes Sent By Job
	553  -  Total Bytes Received By Job
	Partitionable Resources :    Usage  Request Allocated
	   Cpus                 :                 1         1
	   Disk (KB)            :       86  1024000   1028055
	   Memory (MB)          :      322     2000      2000
...
