000 (9716.000.000) 03/30 02:48:50 Job submitted from host: <128.101.221.180:9618?addrs=128.101.221.180-9618&noUDP&sock=3943_2604_3>
...
001 (9716.000.000) 03/30 03:07:05 Job executing on host: <128.101.221.182:9618?addrs=128.101.221.182-9618&noUDP&sock=3902_06a2_4>
...
006 (9716.000.000) 03/30 03:07:14 Image size of job updated: 191176
	186  -  MemoryUsage of job (MB)
	189600  -  ResidentSetSize of job (KB)
...
006 (9716.000.000) 03/30 03:12:15 Image size of job updated: 330808
	322  -  MemoryUsage of job (MB)
	329480  -  ResidentSetSize of job (KB)
...
006 (9716.000.000) 03/30 03:17:16 Image size of job updated: 336332
	328  -  MemoryUsage of job (MB)
	335004  -  ResidentSetSize of job (KB)
...
005 (9716.000.000) 03/30 03:18:30 Job terminated.
	(1) Normal termination (return value 0)
		Usr 0 00:06:47, Sys 0 00:03:53  -  Run Remote Usage
		Usr 0 00:00:00, Sys 0 00:00:00  -  Run Local Usage
		Usr 0 00:06:47, Sys 0 00:03:53  -  Total Remote Usage
		Usr 0 00:00:00, Sys 0 00:00:00  -  Total Local Usage
	84357  -  Run Bytes Sent By Job
	553  -  Run Bytes Received By Job
	84357  -  Total Bytes Sent By Job
	553  -  Total Bytes Received By Job
	Partitionable Resources :    Usage  Request Allocated
	   Cpus                 :                 1         1
	   Disk (KB)            :       95  1024000   2046868
	   Memory (MB)          :      328     2000      2000
...
