000 (9736.000.000) 03/30 02:49:00 Job submitted from host: <128.101.221.180:9618?addrs=128.101.221.180-9618&noUDP&sock=3943_2604_3>
...
001 (9736.000.000) 03/30 03:09:54 Job executing on host: <128.101.221.191:9618?addrs=128.101.221.191-9618&noUDP&sock=3143621_1bfa_4>
...
006 (9736.000.000) 03/30 03:10:02 Image size of job updated: 182176
	118  -  MemoryUsage of job (MB)
	120332  -  ResidentSetSize of job (KB)
...
006 (9736.000.000) 03/30 03:15:02 Image size of job updated: 426248
	322  -  MemoryUsage of job (MB)
	329616  -  ResidentSetSize of job (KB)
...
006 (9736.000.000) 03/30 03:20:03 Image size of job updated: 429520
	326  -  MemoryUsage of job (MB)
	332884  -  ResidentSetSize of job (KB)
...
006 (9736.000.000) 03/30 03:21:53 Image size of job updated: 429548
	326  -  MemoryUsage of job (MB)
	332884  -  ResidentSetSize of job (KB)
...
005 (9736.000.000) 03/30 03:21:53 Job terminated.
	(1) Normal termination (return value 0)
		Usr 0 00:08:13, Sys 0 00:02:44  -  Run Remote Usage
		Usr 0 00:00:00, Sys 0 00:00:00  -  Run Local Usage
		Usr 0 00:08:13, Sys 0 00:02:44  -  Total Remote Usage
		Usr 0 00:00:00, Sys 0 00:00:00  -  Total Local Usage
	73290  -  Run Bytes Sent By Job
	553  -  Run Bytes Received By Job
	73290  -  Total Bytes Sent By Job
	553  -  Total Bytes Received By Job
	Partitionable Resources :    Usage  Request Allocated
	   Cpus                 :                 1         1
	   Disk (KB)            :       84  1024000   1028953
	   Memory (MB)          :      326     2000      2000
...
