000 (9714.000.000) 03/30 02:48:49 Job submitted from host: <128.101.221.180:9618?addrs=128.101.221.180-9618&noUDP&sock=3943_2604_3>
...
001 (9714.000.000) 03/30 03:07:05 Job executing on host: <128.101.221.182:9618?addrs=128.101.221.182-9618&noUDP&sock=3902_06a2_4>
...
006 (9714.000.000) 03/30 03:07:14 Image size of job updated: 199588
	192  -  MemoryUsage of job (MB)
	196172  -  ResidentSetSize of job (KB)
...
006 (9714.000.000) 03/30 03:12:15 Image size of job updated: 332960
	322  -  MemoryUsage of job (MB)
	329388  -  ResidentSetSize of job (KB)
...
005 (9714.000.000) 03/30 03:17:15 Job terminated.
	(1) Normal termination (return value 0)
		Usr 0 00:05:54, Sys 0 00:03:36  -  Run Remote Usage
		Usr 0 00:00:00, Sys 0 00:00:00  -  Run Local Usage
		Usr 0 00:05:54, Sys 0 00:03:36  -  Total Remote Usage
		Usr 0 00:00:00, Sys 0 00:00:00  -  Total Local Usage
	75945  -  Run Bytes Sent By Job
	553  -  Run Bytes Received By Job
	75945  -  Total Bytes Sent By Job
	553  -  Total Bytes Received By Job
	Partitionable Resources :    Usage  Request Allocated
	   Cpus                 :                 1         1
	   Disk (KB)            :       87  1024000   2046870
	   Memory (MB)          :      322     2000      2000
...
