000 (9684.000.000) 03/30 02:48:36 Job submitted from host: <128.101.221.180:9618?addrs=128.101.221.180-9618&noUDP&sock=3943_2604_3>
...
001 (9684.000.000) 03/30 03:03:10 Job executing on host: <128.101.221.178:9618?addrs=128.101.221.178-9618&noUDP&sock=1886078_3590_4>
...
006 (9684.000.000) 03/30 03:03:19 Image size of job updated: 173524
	110  -  MemoryUsage of job (MB)
	111704  -  ResidentSetSize of job (KB)
...
006 (9684.000.000) 03/30 03:07:55 Image size of job updated: 428728
	110  -  MemoryUsage of job (MB)
	111704  -  ResidentSetSize of job (KB)
...
005 (9684.000.000) 03/30 03:07:56 Job terminated.
	(1) Normal termination (return value 0)
		Usr 0 00:03:13, Sys 0 00:01:03  -  Run Remote Usage
		Usr 0 00:00:00, Sys 0 00:00:00  -  Run Local Usage
		Usr 0 00:03:13, Sys 0 00:01:03  -  Total Remote Usage
		Usr 0 00:00:00, Sys 0 00:00:00  -  Total Local Usage
	45092  -  Run Bytes Sent By Job
	553  -  Run Bytes Received By Job
	45092  -  Total Bytes Sent By Job
	553  -  Total Bytes Received By Job
	Partitionable Resources :    Usage  Request Allocated
	   Cpus                 :                 1         1
	   Disk (KB)            :       57  1024000   1025866
	   Memory (MB)          :      110     2000      2000
...
