000 (9692.000.000) 03/30 02:48:39 Job submitted from host: <128.101.221.180:9618?addrs=128.101.221.180-9618&noUDP&sock=3943_2604_3>
...
001 (9692.000.000) 03/30 03:03:59 Job executing on host: <128.101.221.175:9618?addrs=128.101.221.175-9618&noUDP&sock=12916_e152_4>
...
006 (9692.000.000) 03/30 03:04:07 Image size of job updated: 233648
	189  -  MemoryUsage of job (MB)
	193268  -  ResidentSetSize of job (KB)
...
006 (9692.000.000) 03/30 03:09:07 Image size of job updated: 330232
	323  -  MemoryUsage of job (MB)
	329880  -  ResidentSetSize of job (KB)
...
006 (9692.000.000) 03/30 03:11:20 Image size of job updated: 729984
	323  -  MemoryUsage of job (MB)
	329880  -  ResidentSetSize of job (KB)
...
005 (9692.000.000) 03/30 03:11:21 Job terminated.
	(1) Normal termination (return value 0)
		Usr 0 00:04:20, Sys 0 00:02:36  -  Run Remote Usage
		Usr 0 00:00:00, Sys 0 00:00:00  -  Run Local Usage
		Usr 0 00:04:20, Sys 0 00:02:36  -  Total Remote Usage
		Usr 0 00:00:00, Sys 0 00:00:00  -  Total Local Usage
	58765  -  Run Bytes Sent By Job
	553  -  Run Bytes Received By Job
	58765  -  Total Bytes Sent By Job
	553  -  Total Bytes Received By Job
	Partitionable Resources :    Usage  Request Allocated
	   Cpus                 :                 1         1
	   Disk (KB)            :       70  1024000   1930192
	   Memory (MB)          :      323     2000      2000
...
