000 (9730.000.000) 03/30 02:48:57 Job submitted from host: <128.101.221.180:9618?addrs=128.101.221.180-9618&noUDP&sock=3943_2604_3>
...
001 (9730.000.000) 03/30 03:09:03 Job executing on host: <128.101.221.174:9618?addrs=128.101.221.174-9618&noUDP&sock=4031871_ba53_4>
...
006 (9730.000.000) 03/30 03:09:12 Image size of job updated: 215836
	147  -  MemoryUsage of job (MB)
	149792  -  ResidentSetSize of job (KB)
...
006 (9730.000.000) 03/30 03:14:13 Image size of job updated: 423872
	322  -  MemoryUsage of job (MB)
	329296  -  ResidentSetSize of job (KB)
...
006 (9730.000.000) 03/30 03:19:13 Image size of job updated: 430836
	329  -  MemoryUsage of job (MB)
	336256  -  ResidentSetSize of job (KB)
...
006 (9730.000.000) 03/30 03:23:00 Image size of job updated: 430872
	329  -  MemoryUsage of job (MB)
	336256  -  ResidentSetSize of job (KB)
...
005 (9730.000.000) 03/30 03:23:00 Job terminated.
	(1) Normal termination (return value 0)
		Usr 0 00:09:17, Sys 0 00:03:30  -  Run Remote Usage
		Usr 0 00:00:00, Sys 0 00:00:00  -  Run Local Usage
		Usr 0 00:09:17, Sys 0 00:03:30  -  Total Remote Usage
		Usr 0 00:00:00, Sys 0 00:00:00  -  Total Local Usage
	98016  -  Run Bytes Sent By Job
	553  -  Run Bytes Received By Job
	98016  -  Total Bytes Sent By Job
	553  -  Total Bytes Received By Job
	Partitionable Resources :    Usage  Request Allocated
	   Cpus                 :                 1         1
	   Disk (KB)            :      109  1024000   1898902
	   Memory (MB)          :      329     2000      2000
...
