000 (9726.000.000) 03/30 02:48:55 Job submitted from host: <128.101.221.180:9618?addrs=128.101.221.180-9618&noUDP&sock=3943_2604_3>
...
001 (9726.000.000) 03/30 03:08:36 Job executing on host: <128.101.220.49:9618?addrs=128.101.220.49-9618&noUDP&sock=280861_dd0b_4>
...
006 (9726.000.000) 03/30 03:08:44 Image size of job updated: 183904
	120  -  MemoryUsage of job (MB)
	122064  -  ResidentSetSize of job (KB)
...
006 (9726.000.000) 03/30 03:11:26 Image size of job updated: 426912
	120  -  MemoryUsage of job (MB)
	122064  -  ResidentSetSize of job (KB)
...
005 (9726.000.000) 03/30 03:11:27 Job terminated.
	(1) Normal termination (return value 0)
		Usr 0 00:01:54, Sys 0 00:00:34  -  Run Remote Usage
		Usr 0 00:00:00, Sys 0 00:00:00  -  Run Local Usage
		Usr 0 00:01:54, Sys 0 00:00:34  -  Total Remote Usage
		Usr 0 00:00:00, Sys 0 00:00:00  -  Total Local Usage
	40878  -  Run Bytes Sent By Job
	553  -  Run Bytes Received By Job
	40878  -  Total Bytes Sent By Job
	553  -  Total Bytes Received By Job
	Partitionable Resources :    Usage  Request Allocated
	   Cpus                 :                 1         1
	   Disk (KB)            :       53  1024000   1029097
	   Memory (MB)          :      120     2000      2000
...
