000 (9688.000.000) 03/30 02:48:38 Job submitted from host: <128.101.221.180:9618?addrs=128.101.221.180-9618&noUDP&sock=3943_2604_3>
...
001 (9688.000.000) 03/30 03:03:55 Job executing on host: <128.101.221.176:9618?addrs=128.101.221.176-9618&noUDP&sock=2756849_b007_4>
...
006 (9688.000.000) 03/30 03:04:03 Image size of job updated: 177088
	113  -  MemoryUsage of job (MB)
	115240  -  ResidentSetSize of job (KB)
...
006 (9688.000.000) 03/30 03:09:03 Image size of job updated: 427648
	324  -  MemoryUsage of job (MB)
	331012  -  ResidentSetSize of job (KB)
...
006 (9688.000.000) 03/30 03:10:24 Image size of job updated: 427812
	324  -  MemoryUsage of job (MB)
	331012  -  ResidentSetSize of job (KB)
...
005 (9688.000.000) 03/30 03:10:25 Job terminated.
	(1) Normal termination (return value 0)
		Usr 0 00:04:27, Sys 0 00:01:25  -  Run Remote Usage
		Usr 0 00:00:00, Sys 0 00:00:00  -  Run Local Usage
		Usr 0 00:04:27, Sys 0 00:01:25  -  Total Remote Usage
		Usr 0 00:00:00, Sys 0 00:00:00  -  Total Local Usage
	51914  -  Run Bytes Sent By Job
	553  -  Run Bytes Received By Job
	51914  -  Total Bytes Sent By Job
	553  -  Total Bytes Received By Job
	Partitionable Resources :    Usage  Request Allocated
	   Cpus                 :                 1         1
	   Disk (KB)            :       64  1024000   1026319
	   Memory (MB)          :      324     2000      2000
...
