000 (9682.000.000) 03/30 02:48:35 Job submitted from host: <128.101.221.180:9618?addrs=128.101.221.180-9618&noUDP&sock=3943_2604_3>
...
001 (9682.000.000) 03/30 03:02:29 Job executing on host: <128.101.221.175:9618?addrs=128.101.221.175-9618&noUDP&sock=12916_e152_4>
...
006 (9682.000.000) 03/30 03:02:38 Image size of job updated: 258680
	179  -  MemoryUsage of job (MB)
	182708  -  ResidentSetSize of job (KB)
...
006 (9682.000.000) 03/30 03:07:39 Image size of job updated: 329608
	322  -  MemoryUsage of job (MB)
	329544  -  ResidentSetSize of job (KB)
...
006 (9682.000.000) 03/30 03:12:39 Image size of job updated: 334304
	327  -  MemoryUsage of job (MB)
	333844  -  ResidentSetSize of job (KB)
...
006 (9682.000.000) 03/30 03:14:24 Image size of job updated: 732892
	327  -  MemoryUsage of job (MB)
	333844  -  ResidentSetSize of job (KB)
...
005 (9682.000.000) 03/30 03:14:25 Job terminated.
	(1) Normal termination (return value 0)
		Usr 0 00:07:00, Sys 0 00:04:10  -  Run Remote Usage
		Usr 0 00:00:00, Sys 0 00:00:00  -  Run Local Usage
		Usr 0 00:07:00, Sys 0 00:04:10  -  Total Remote Usage
		Usr 0 00:00:00, Sys 0 00:00:00  -  Total Local Usage
	71980  -  Run Bytes Sent By Job
	553  -  Run Bytes Received By Job
	71980  -  Total Bytes Sent By Job
	553  -  Total Bytes Received By Job
	Partitionable Resources :    Usage  Request Allocated
	   Cpus                 :                 1         1
	   Disk (KB)            :       83  1024000   1930170
	   Memory (MB)          :      327     2000      2000
...
