000 (9678.000.000) 03/30 02:48:33 Job submitted from host: <128.101.221.180:9618?addrs=128.101.221.180-9618&noUDP&sock=3943_2604_3>
...
001 (9678.000.000) 03/30 03:01:37 Job executing on host: <128.101.221.193:9618?addrs=128.101.221.193-9618&noUDP&sock=2332108_b0a7_4>
...
006 (9678.000.000) 03/30 03:01:46 Image size of job updated: 254156
	174  -  MemoryUsage of job (MB)
	178028  -  ResidentSetSize of job (KB)
...
006 (9678.000.000) 03/30 03:06:47 Image size of job updated: 428444
	325  -  MemoryUsage of job (MB)
	331808  -  ResidentSetSize of job (KB)
...
006 (9678.000.000) 03/30 03:08:52 Image size of job updated: 431304
	325  -  MemoryUsage of job (MB)
	331808  -  ResidentSetSize of job (KB)
...
005 (9678.000.000) 03/30 03:08:53 Job terminated.
	(1) Normal termination (return value 0)
		Usr 0 00:04:32, Sys 0 00:01:48  -  Run Remote Usage
		Usr 0 00:00:00, Sys 0 00:00:00  -  Run Local Usage
		Usr 0 00:04:32, Sys 0 00:01:48  -  Total Remote Usage
		Usr 0 00:00:00, Sys 0 00:00:00  -  Total Local Usage
	66683  -  Run Bytes Sent By Job
	553  -  Run Bytes Received By Job
	66683  -  Total Bytes Sent By Job
	553  -  Total Bytes Received By Job
	Partitionable Resources :    Usage  Request Allocated
	   Cpus                 :                 1         1
	   Disk (KB)            :       78  1024000   1028884
	   Memory (MB)          :      325     2000      2000
...
