000 (9702.000.000) 03/30 02:48:44 Job submitted from host: <128.101.221.180:9618?addrs=128.101.221.180-9618&noUDP&sock=3943_2604_3>
...
001 (9702.000.000) 03/30 03:06:03 Job executing on host: <128.101.220.154:9618?addrs=128.101.220.154-9618&noUDP&sock=253625_3b9c_4>
...
006 (9702.000.000) 03/30 03:06:11 Image size of job updated: 187140
	123  -  MemoryUsage of job (MB)
	125300  -  ResidentSetSize of job (KB)
...
006 (9702.000.000) 03/30 03:09:26 Image size of job updated: 733512
	123  -  MemoryUsage of job (MB)
	125300  -  ResidentSetSize of job (KB)
...
005 (9702.000.000) 03/30 03:09:27 Job terminated.
	(1) Normal termination (return value 0)
		Usr 0 00:02:15, Sys 0 00:00:43  -  Run Remote Usage
		Usr 0 00:00:00, Sys 0 00:00:00  -  Run Local Usage
		Usr 0 00:02:15, Sys 0 00:00:43  -  Total Remote Usage
		Usr 0 00:00:00, Sys 0 00:00:00  -  Total Local Usage
	42217  -  Run Bytes Sent By Job
	553  -  Run Bytes Received By Job
	42217  -  Total Bytes Sent By Job
	553  -  Total Bytes Received By Job
	Partitionable Resources :    Usage  Request Allocated
	   Cpus                 :                 1         1
	   Disk (KB)            :       54  1024000   1028387
	   Memory (MB)          :      123     2000      2000
...
