000 (9719.000.000) 03/30 02:48:51 Job submitted from host: <128.101.221.180:9618?addrs=128.101.221.180-9618&noUDP&sock=3943_2604_3>
...
001 (9719.000.000) 03/30 03:07:07 Job executing on host: <128.101.221.182:9618?addrs=128.101.221.182-9618&noUDP&sock=3902_06a2_4>
...
006 (9719.000.000) 03/30 03:07:16 Image size of job updated: 193060
	172  -  MemoryUsage of job (MB)
	176060  -  ResidentSetSize of job (KB)
...
006 (9719.000.000) 03/30 03:12:16 Image size of job updated: 350332
	324  -  MemoryUsage of job (MB)
	331284  -  ResidentSetSize of job (KB)
...
006 (9719.000.000) 03/30 03:17:16 Image size of job updated: 353528
	327  -  MemoryUsage of job (MB)
	334480  -  ResidentSetSize of job (KB)
...
005 (9719.000.000) 03/30 03:18:05 Job terminated.
	(1) Normal termination (return value 0)
		Usr 0 00:06:30, Sys 0 00:03:46  -  Run Remote Usage
		Usr 0 00:00:00, Sys 0 00:00:00  -  Run Local Usage
		Usr 0 00:06:30, Sys 0 00:03:46  -  Total Remote Usage
		Usr 0 00:00:00, Sys 0 00:00:00  -  Total Local Usage
	76823  -  Run Bytes Sent By Job
	553  -  Run Bytes Received By Job
	76823  -  Total Bytes Sent By Job
	553  -  Total Bytes Received By Job
	Partitionable Resources :    Usage  Request Allocated
	   Cpus                 :                 1         1
	   Disk (KB)            :       88  1024000   2046868
	   Memory (MB)          :      327     2000      2000
...
