000 (9733.000.000) 03/30 02:48:58 Job submitted from host: <128.101.221.180:9618?addrs=128.101.221.180-9618&noUDP&sock=3943_2604_3>
...
001 (9733.000.000) 03/30 03:09:11 Job executing on host: <128.101.221.193:9618?addrs=128.101.221.193-9618&noUDP&sock=2332108_b0a7_4>
...
006 (9733.000.000) 03/30 03:09:20 Image size of job updated: 222344
	151  -  MemoryUsage of job (MB)
	154228  -  ResidentSetSize of job (KB)
...
006 (9733.000.000) 03/30 03:11:25 Image size of job updated: 730112
	151  -  MemoryUsage of job (MB)
	154228  -  ResidentSetSize of job (KB)
...
005 (9733.000.000) 03/30 03:11:26 Job terminated.
	(1) Normal termination (return value 0)
		Usr 0 00:01:25, Sys 0 00:00:28  -  Run Remote Usage
		Usr 0 00:00:00, Sys 0 00:00:00  -  Run Local Usage
		Usr 0 00:01:25, Sys 0 00:00:28  -  Total Remote Usage
		Usr 0 00:00:00, Sys 0 00:00:00  -  Total Local Usage
	35184  -  Run Bytes Sent By Job
	553  -  Run Bytes Received By Job
	35184  -  Total Bytes Sent By Job
	553  -  Total Bytes Received By Job
	Partitionable Resources :    Usage  Request Allocated
	   Cpus                 :                 1         1
	   Disk (KB)            :       47  1024000   1028863
	   Memory (MB)          :      151     2000      2000
...
