000 (9690.000.000) 03/30 02:48:39 Job submitted from host: <128.101.221.180:9618?addrs=128.101.221.180-9618&noUDP&sock=3943_2604_3>
...
001 (9690.000.000) 03/30 03:03:52 Job executing on host: <128.101.220.206:9618?addrs=128.101.220.206-9618&noUDP&sock=3830_a3d1_4>
...
006 (9690.000.000) 03/30 03:04:01 Image size of job updated: 253776
	174  -  MemoryUsage of job (MB)
	177648  -  ResidentSetSize of job (KB)
...
006 (9690.000.000) 03/30 03:09:02 Image size of job updated: 426888
	323  -  MemoryUsage of job (MB)
	330260  -  ResidentSetSize of job (KB)
...
006 (9690.000.000) 03/30 03:12:48 Image size of job updated: 431116
	323  -  MemoryUsage of job (MB)
	330260  -  ResidentSetSize of job (KB)
...
005 (9690.000.000) 03/30 03:12:50 Job terminated.
	(1) Normal termination (return value 0)
		Usr 0 00:05:59, Sys 0 00:02:01  -  Run Remote Usage
		Usr 0 00:00:00, Sys 0 00:00:00  -  Run Local Usage
		Usr 0 00:05:59, Sys 0 00:02:01  -  Total Remote Usage
		Usr 0 00:00:00, Sys 0 00:00:00  -  Total Local Usage
	86727  -  Run Bytes Sent By Job
	553  -  Run Bytes Received By Job
	86727  -  Total Bytes Sent By Job
	553  -  Total Bytes Received By Job
	Partitionable Resources :    Usage  Request Allocated
	   Cpus                 :                 1         1
	   Disk (KB)            :       98  1024000   1028467
	   Memory (MB)          :      323     2000      2000
...
