000 (9691.000.000) 03/30 02:48:39 Job submitted from host: <128.101.221.180:9618?addrs=128.101.221.180-9618&noUDP&sock=3943_2604_3>
...
001 (9691.000.000) 03/30 03:03:55 Job executing on host: <128.101.221.175:9618?addrs=128.101.221.175-9618&noUDP&sock=12916_e152_4>
...
006 (9691.000.000) 03/30 03:04:03 Image size of job updated: 211640
	173  -  MemoryUsage of job (MB)
	176876  -  ResidentSetSize of job (KB)
...
006 (9691.000.000) 03/30 03:09:03 Image size of job updated: 329972
	322  -  MemoryUsage of job (MB)
	329584  -  ResidentSetSize of job (KB)
...
006 (9691.000.000) 03/30 03:14:04 Image size of job updated: 333268
	325  -  MemoryUsage of job (MB)
	332680  -  ResidentSetSize of job (KB)
...
006 (9691.000.000) 03/30 03:14:41 Image size of job updated: 730220
	325  -  MemoryUsage of job (MB)
	332680  -  ResidentSetSize of job (KB)
...
005 (9691.000.000) 03/30 03:14:42 Job terminated.
	(1) Normal termination (return value 0)
		Usr 0 00:06:18, Sys 0 00:03:50  -  Run Remote Usage
		Usr 0 00:00:00, Sys 0 00:00:00  -  Run Local Usage
		Usr 0 00:06:18, Sys 0 00:03:50  -  Total Remote Usage
		Usr 0 00:00:00, Sys 0 00:00:00  -  Total Local Usage
	74424  -  Run Bytes Sent By Job
	553  -  Run Bytes Received By Job
	74424  -  Total Bytes Sent By Job
	553  -  Total Bytes Received By Job
	Partitionable Resources :    Usage  Request Allocated
	   Cpus                 :                 1         1
	   Disk (KB)            :       86  1024000   1930166
	   Memory (MB)          :      325     2000      2000
...
