000 (9689.000.000) 03/30 02:48:38 Job submitted from host: <128.101.221.180:9618?addrs=128.101.221.180-9618&noUDP&sock=3943_2604_3>
...
001 (9689.000.000) 03/30 03:03:55 Job executing on host: <128.101.220.54:9618?addrs=128.101.220.54-9618&noUDP&sock=259437_c80b_4>
...
006 (9689.000.000) 03/30 03:04:03 Image size of job updated: 208524
	141  -  MemoryUsage of job (MB)
	143620  -  ResidentSetSize of job (KB)
...
006 (9689.000.000) 03/30 03:09:03 Image size of job updated: 430160
	326  -  MemoryUsage of job (MB)
	333524  -  ResidentSetSize of job (KB)
...
006 (9689.000.000) 03/30 03:11:11 Image size of job updated: 431852
	326  -  MemoryUsage of job (MB)
	333524  -  ResidentSetSize of job (KB)
...
005 (9689.000.000) 03/30 03:11:13 Job terminated.
	(1) Normal termination (return value 0)
		Usr 0 00:04:51, Sys 0 00:01:35  -  Run Remote Usage
		Usr 0 00:00:00, Sys 0 00:00:00  -  Run Local Usage
		Usr 0 00:04:51, Sys 0 00:01:35  -  Total Remote Usage
		Usr 0 00:00:00, Sys 0 00:00:00  -  Total Local Usage
	59221  -  Run Bytes Sent By Job
	553  -  Run Bytes Received By Job
	59221  -  Total Bytes Sent By Job
	553  -  Total Bytes Received By Job
	Partitionable Resources :    Usage  Request Allocated
	   Cpus                 :                 1         1
	   Disk (KB)            :       71  1024000   1028182
	   Memory (MB)          :      326     2000      2000
...
