000 (9694.000.000) 03/30 02:48:40 Job submitted from host: <128.101.221.180:9618?addrs=128.101.221.180-9618&noUDP&sock=3943_2604_3>
...
001 (9694.000.000) 03/30 03:04:56 Job executing on host: <128.101.221.174:9618?addrs=128.101.221.174-9618&noUDP&sock=4031871_ba53_4>
...
006 (9694.000.000) 03/30 03:05:05 Image size of job updated: 248980
	171  -  MemoryUsage of job (MB)
	174516  -  ResidentSetSize of job (KB)
...
005 (9694.000.000) 03/30 03:09:02 Job terminated.
	(1) Normal termination (return value 0)
		Usr 0 00:02:46, Sys 0 00:00:58  -  Run Remote Usage
		Usr 0 00:00:00, Sys 0 00:00:00  -  Run Local Usage
		Usr 0 00:02:46, Sys 0 00:00:58  -  Total Remote Usage
		Usr 0 00:00:00, Sys 0 00:00:00  -  Total Local Usage
	40244  -  Run Bytes Sent By Job
	553  -  Run Bytes Received By Job
	40244  -  Total Bytes Sent By Job
	553  -  Total Bytes Received By Job
	Partitionable Resources :    Usage  Request Allocated
	   Cpus                 :                 1         1
	   Disk (KB)            :       52  1024000   1898902
	   Memory (MB)          :      171     2000      2000
...
