000 (9735.000.000) 03/30 02:48:59 Job submitted from host: <128.101.221.180:9618?addrs=128.101.221.180-9618&noUDP&sock=3943_2604_3>
...
001 (9735.000.000) 03/30 03:09:28 Job executing on host: <128.101.220.154:9618?addrs=128.101.220.154-9618&noUDP&sock=253625_3b9c_4>
...
006 (9735.000.000) 03/30 03:09:37 Image size of job updated: 255660
	176  -  MemoryUsage of job (MB)
	179388  -  ResidentSetSize of job (KB)
...
006 (9735.000.000) 03/30 03:14:38 Image size of job updated: 425768
	322  -  MemoryUsage of job (MB)
	329136  -  ResidentSetSize of job (KB)
...
006 (9735.000.000) 03/30 03:16:35 Image size of job updated: 428836
	322  -  MemoryUsage of job (MB)
	329136  -  ResidentSetSize of job (KB)
...
005 (9735.000.000) 03/30 03:16:36 Job terminated.
	(1) Normal termination (return value 0)
		Usr 0 00:04:43, Sys 0 00:01:36  -  Run Remote Usage
		Usr 0 00:00:00, Sys 0 00:00:00  -  Run Local Usage
		Usr 0 00:04:43, Sys 0 00:01:36  -  Total Remote Usage
		Usr 0 00:00:00, Sys 0 00:00:00  -  Total Local Usage
	63414  -  Run Bytes Sent By Job
	553  -  Run Bytes Received By Job
	63414  -  Total Bytes Sent By Job
	553  -  Total Bytes Received By Job
	Partitionable Resources :    Usage  Request Allocated
	   Cpus                 :                 1         1
	   Disk (KB)            :       75  1024000   1028387
	   Memory (MB)          :      322     2000      2000
...
