000 (9683.000.000) 03/30 02:48:35 Job submitted from host: <128.101.221.180:9618?addrs=128.101.221.180-9618&noUDP&sock=3943_2604_3>
...
001 (9683.000.000) 03/30 03:03:09 Job executing on host: <128.101.221.180:9618?addrs=128.101.221.180-9618&noUDP&sock=3943_2604_4>
...
006 (9683.000.000) 03/30 03:03:18 Image size of job updated: 289976
	205  -  MemoryUsage of job (MB)
	208960  -  ResidentSetSize of job (KB)
...
006 (9683.000.000) 03/30 03:08:18 Image size of job updated: 430704
	327  -  MemoryUsage of job (MB)
	334068  -  ResidentSetSize of job (KB)
...
006 (9683.000.000) 03/30 03:08:54 Image size of job updated: 430708
	327  -  MemoryUsage of job (MB)
	334068  -  ResidentSetSize of job (KB)
...
005 (9683.000.000) 03/30 03:08:55 Job terminated.
	(1) Normal termination (return value 0)
		Usr 0 00:03:44, Sys 0 00:01:15  -  Run Remote Usage
		Usr 0 00:00:00, Sys 0 00:00:00  -  Run Local Usage
		Usr 0 00:03:44, Sys 0 00:01:15  -  Total Remote Usage
		Usr 0 00:00:00, Sys 0 00:00:00  -  Total Local Usage
	61380  -  Run Bytes Sent By Job
	553  -  Run Bytes Received By Job
	61380  -  Total Bytes Sent By Job
	553  -  Total Bytes Received By Job
	Partitionable Resources :    Usage  Request Allocated
	   Cpus                 :                 1         1
	   Disk (KB)            :       73  1024000   1026216
	   Memory (MB)          :      327     2000      2000
...
