000 (9737.000.000) 03/30 02:49:00 Job submitted from host: <128.101.221.180:9618?addrs=128.101.221.180-9618&noUDP&sock=3943_2604_3>
...
001 (9737.000.000) 03/30 03:09:56 Job executing on host: <128.101.221.175:9618?addrs=128.101.221.175-9618&noUDP&sock=12916_e152_4>
...
006 (9737.000.000) 03/30 03:10:04 Image size of job updated: 241948
	167  -  MemoryUsage of job (MB)
	170232  -  ResidentSetSize of job (KB)
...
006 (9737.000.000) 03/30 03:15:04 Image size of job updated: 425920
	325  -  MemoryUsage of job (MB)
	332300  -  ResidentSetSize of job (KB)
...
005 (9737.000.000) 03/30 03:15:28 Job terminated.
	(1) Normal termination (return value 0)
		Usr 0 00:03:18, Sys 0 00:01:48  -  Run Remote Usage
		Usr 0 00:00:00, Sys 0 00:00:00  -  Run Local Usage
		Usr 0 00:03:18, Sys 0 00:01:48  -  Total Remote Usage
		Usr 0 00:00:00, Sys 0 00:00:00  -  Total Local Usage
	45118  -  Run Bytes Sent By Job
	553  -  Run Bytes Received By Job
	45118  -  Total Bytes Sent By Job
	553  -  Total Bytes Received By Job
	Partitionable Resources :    Usage  Request Allocated
	   Cpus                 :                 1         1
	   Disk (KB)            :       57  1024000   1930154
	   Memory (MB)          :      325     2000      2000
...
