000 (9728.000.000) 03/30 02:48:56 Job submitted from host: <128.101.221.180:9618?addrs=128.101.221.180-9618&noUDP&sock=3943_2604_3>
...
001 (9728.000.000) 03/30 03:08:51 Job executing on host: <128.101.221.187:9618?addrs=128.101.221.187-9618&noUDP&sock=3336463_ae6f_4>
...
006 (9728.000.000) 03/30 03:09:00 Image size of job updated: 159416
	123  -  MemoryUsage of job (MB)
	125636  -  ResidentSetSize of job (KB)
...
006 (9728.000.000) 03/30 03:14:01 Image size of job updated: 379384
	322  -  MemoryUsage of job (MB)
	329636  -  ResidentSetSize of job (KB)
...
006 (9728.000.000) 03/30 03:17:20 Image size of job updated: 732888
	322  -  MemoryUsage of job (MB)
	329636  -  ResidentSetSize of job (KB)
...
005 (9728.000.000) 03/30 03:17:22 Job terminated.
	(1) Normal termination (return value 0)
		Usr 0 00:05:41, Sys 0 00:02:05  -  Run Remote Usage
		Usr 0 00:00:00, Sys 0 00:00:00  -  Run Local Usage
		Usr 0 00:05:41, Sys 0 00:02:05  -  Total Remote Usage
		Usr 0 00:00:00, Sys 0 00:00:00  -  Total Local Usage
	47962  -  Run Bytes Sent By Job
	553  -  Run Bytes Received By Job
	47962  -  Total Bytes Sent By Job
	553  -  Total Bytes Received By Job
	Partitionable Resources :    Usage  Request Allocated
	   Cpus                 :                 1         1
	   Disk (KB)            :       60  1024000   1029009
	   Memory (MB)          :      322     2000      2000
...
