000 (9677.000.000) 03/30 02:48:33 Job submitted from host: <128.101.221.180:9618?addrs=128.101.221.180-9618&noUDP&sock=3943_2604_3>
...
001 (9677.000.000) 03/30 03:01:24 Job executing on host: <128.101.220.74:9618?addrs=128.101.220.74-9618&noUDP&sock=3889_1be7_4>
...
006 (9677.000.000) 03/30 03:01:33 Image size of job updated: 256020
	176  -  MemoryUsage of job (MB)
	179748  -  ResidentSetSize of job (KB)
...
006 (9677.000.000) 03/30 03:06:34 Image size of job updated: 429608
	326  -  MemoryUsage of job (MB)
	332976  -  ResidentSetSize of job (KB)
...
006 (9677.000.000) 03/30 03:07:34 Image size of job updated: 732628
	326  -  MemoryUsage of job (MB)
	332976  -  ResidentSetSize of job (KB)
...
005 (9677.000.000) 03/30 03:07:35 Job terminated.
	(1) Normal termination (return value 0)
		Usr 0 00:04:10, Sys 0 00:01:21  -  Run Remote Usage
		Usr 0 00:00:00, Sys 0 00:00:00  -  Run Local Usage
		Usr 0 00:04:10, Sys 0 00:01:21  -  Total Remote Usage
		Usr 0 00:00:00, Sys 0 00:00:00  -  Total Local Usage
	58709  -  Run Bytes Sent By Job
	553  -  Run Bytes Received By Job
	58709  -  Total Bytes Sent By Job
	553  -  Total Bytes Received By Job
	Partitionable Resources :    Usage  Request Allocated
	   Cpus                 :                 1         1
	   Disk (KB)            :       70  1024000   1028484
	   Memory (MB)          :      326     2000      2000
...
