000 (9695.000.000) 03/30 02:48:41 Job submitted from host: <128.101.221.180:9618?addrs=128.101.221.180-9618&noUDP&sock=3943_2604_3>
...
001 (9695.000.000) 03/30 03:05:08 Job executing on host: <128.101.220.112:9618?addrs=128.101.220.112-9618&noUDP&sock=2301225_8552_4>
...
006 (9695.000.000) 03/30 03:05:17 Image size of job updated: 244908
	168  -  MemoryUsage of job (MB)
	171064  -  ResidentSetSize of job (KB)
...
006 (9695.000.000) 03/30 03:10:18 Image size of job updated: 428212
	322  -  MemoryUsage of job (MB)
	329452  -  ResidentSetSize of job (KB)
...
006 (9695.000.000) 03/30 03:11:54 Image size of job updated: 433600
	322  -  MemoryUsage of job (MB)
	329452  -  ResidentSetSize of job (KB)
...
005 (9695.000.000) 03/30 03:11:55 Job terminated.
	(1) Normal termination (return value 0)
		Usr 0 00:04:30, Sys 0 00:01:30  -  Run Remote Usage
		Usr 0 00:00:00, Sys 0 00:00:00  -  Run Local Usage
		Usr 0 00:04:30, Sys 0 00:01:30  -  Total Remote Usage
		Usr 0 00:00:00, Sys 0 00:00:00  -  Total Local Usage
	60346  -  Run Bytes Sent By Job
	553  -  Run Bytes Received By Job
	60346  -  Total Bytes Sent By Job
	553  -  Total Bytes Received By Job
	Partitionable Resources :    Usage  Request Allocated
	   Cpus                 :                 1         1
	   Disk (KB)            :       72  1024000   1030298
	   Memory (MB)          :      322     2000      2000
...
