000 (9686.000.000) 03/30 02:48:37 Job submitted from host: <128.101.221.180:9618?addrs=128.101.221.180-9618&noUDP&sock=3943_2604_3>
...
001 (9686.000.000) 03/30 03:03:19 Job executing on host: <128.101.221.189:9618?addrs=128.101.221.189-9618&noUDP&sock=3424045_a60c_4>
...
006 (9686.000.000) 03/30 03:03:28 Image size of job updated: 250096
	171  -  MemoryUsage of job (MB)
	174176  -  ResidentSetSize of job (KB)
...
006 (9686.000.000) 03/30 03:08:29 Image size of job updated: 426488
	323  -  MemoryUsage of job (MB)
	329852  -  ResidentSetSize of job (KB)
...
005 (9686.000.000) 03/30 03:11:41 Job terminated.
	(1) Normal termination (return value 0)
		Usr 0 00:05:45, Sys 0 00:01:51  -  Run Remote Usage
		Usr 0 00:00:00, Sys 0 00:00:00  -  Run Local Usage
		Usr 0 00:05:45, Sys 0 00:01:51  -  Total Remote Usage
		Usr 0 00:00:00, Sys 0 00:00:00  -  Total Local Usage
	57229  -  Run Bytes Sent By Job
	553  -  Run Bytes Received By Job
	57229  -  Total Bytes Sent By Job
	553  -  Total Bytes Received By Job
	Partitionable Resources :    Usage  Request Allocated
	   Cpus                 :                 1         1
	   Disk (KB)            :       69  1024000   1028719
	   Memory (MB)          :      323     2000      2000
...
