000 (9699.000.000) 03/30 02:48:43 Job submitted from host: <128.101.221.180:9618?addrs=128.101.221.180-9618&noUDP&sock=3943_2604_3>
...
001 (9699.000.000) 03/30 03:05:25 Job executing on host: <128.101.220.87:9618?addrs=128.101.220.87-9618&noUDP&sock=465496_1dbd_4>
...
006 (9699.000.000) 03/30 03:05:33 Image size of job updated: 188448
	125  -  MemoryUsage of job (MB)
	127900  -  ResidentSetSize of job (KB)
...
006 (9699.000.000) 03/30 03:10:33 Image size of job updated: 333448
	324  -  MemoryUsage of job (MB)
	331216  -  ResidentSetSize of job (KB)
...
006 (9699.000.000) 03/30 03:14:19 Image size of job updated: 732992
	324  -  MemoryUsage of job (MB)
	331216  -  ResidentSetSize of job (KB)
...
005 (9699.000.000) 03/30 03:14:20 Job terminated.
	(1) Normal termination (return value 0)
		Usr 0 00:05:53, Sys 0 00:02:12  -  Run Remote Usage
		Usr 0 00:00:00, Sys 0 00:00:00  -  Run Local Usage
		Usr 0 00:05:53, Sys 0 00:02:12  -  Total Remote Usage
		Usr 0 00:00:00, Sys 0 00:00:00  -  Total Local Usage
	70891  -  Run Bytes Sent By Job
	553  -  Run Bytes Received By Job
	70891  -  Total Bytes Sent By Job
	553  -  Total Bytes Received By Job
	Partitionable Resources :    Usage  Request Allocated
	   Cpus                 :                 1         1
	   Disk (KB)            :       82  1024000   1029416
	   Memory (MB)          :      324     2000      2000
...
