000 (9732.000.000) 03/30 02:48:58 Job submitted from host: <128.101.221.180:9618?addrs=128.101.221.180-9618&noUDP&sock=3943_2604_3>
...
001 (9732.000.000) 03/30 03:09:10 Job executing on host: <128.101.221.175:9618?addrs=128.101.221.175-9618&noUDP&sock=12916_e152_4>
...
006 (9732.000.000) 03/30 03:09:18 Image size of job updated: 202212
	137  -  MemoryUsage of job (MB)
	140020  -  ResidentSetSize of job (KB)
...
006 (9732.000.000) 03/30 03:13:29 Image size of job updated: 729776
	137  -  MemoryUsage of job (MB)
	140020  -  ResidentSetSize of job (KB)
...
005 (9732.000.000) 03/30 03:13:30 Job terminated.
	(1) Normal termination (return value 0)
		Usr 0 00:02:33, Sys 0 00:01:26  -  Run Remote Usage
		Usr 0 00:00:00, Sys 0 00:00:00  -  Run Local Usage
		Usr 0 00:02:33, Sys 0 00:01:26  -  Total Remote Usage
		Usr 0 00:00:00, Sys 0 00:00:00  -  Total Local Usage
	40661  -  Run Bytes Sent By Job
	553  -  Run Bytes Received By Job
	40661  -  Total Bytes Sent By Job
	553  -  Total Bytes Received By Job
	Partitionable Resources :    Usage  Request Allocated
	   Cpus                 :                 1         1
	   Disk (KB)            :       53  1024000   1930184
	   Memory (MB)          :      137     2000      2000
...
