000 (9693.000.000) 03/30 02:48:40 Job submitted from host: <128.101.221.180:9618?addrs=128.101.221.180-9618&noUDP&sock=3943_2604_3>
...
001 (9693.000.000) 03/30 03:04:54 Job executing on host: <128.101.221.175:9618?addrs=128.101.221.175-9618&noUDP&sock=12916_e152_4>
...
006 (9693.000.000) 03/30 03:05:03 Image size of job updated: 238144
	164  -  MemoryUsage of job (MB)
	167368  -  ResidentSetSize of job (KB)
...
006 (9693.000.000) 03/30 03:10:04 Image size of job updated: 329332
	322  -  MemoryUsage of job (MB)
	329180  -  ResidentSetSize of job (KB)
...
006 (9693.000.000) 03/30 03:14:33 Image size of job updated: 733100
	322  -  MemoryUsage of job (MB)
	329180  -  ResidentSetSize of job (KB)
...
005 (9693.000.000) 03/30 03:14:34 Job terminated.
	(1) Normal termination (return value 0)
		Usr 0 00:05:40, Sys 0 00:03:19  -  Run Remote Usage
		Usr 0 00:00:00, Sys 0 00:00:00  -  Run Local Usage
		Usr 0 00:05:40, Sys 0 00:03:19  -  Total Remote Usage
		Usr 0 00:00:00, Sys 0 00:00:00  -  Total Local Usage
	64058  -  Run Bytes Sent By Job
	553  -  Run Bytes Received By Job
	64058  -  Total Bytes Sent By Job
	553  -  Total Bytes Received By Job
	Partitionable Resources :    Usage  Request Allocated
	   Cpus                 :                 1         1
	   Disk (KB)            :       76  1024000   1930190
	   Memory (MB)          :      322     2000      2000
...
