000 (9685.000.000) 03/30 02:48:36 Job submitted from host: <128.101.221.180:9618?addrs=128.101.221.180-9618&noUDP&sock=3943_2604_3>
...
001 (9685.000.000) 03/30 03:03:10 Job executing on host: <128.101.221.185:9618?addrs=128.101.221.185-9618&noUDP&sock=4153619_bab1_4>
...
006 (9685.000.000) 03/30 03:03:19 Image size of job updated: 203216
	137  -  MemoryUsage of job (MB)
	139300  -  ResidentSetSize of job (KB)
...
006 (9685.000.000) 03/30 03:07:05 Image size of job updated: 729828
	137  -  MemoryUsage of job (MB)
	139300  -  ResidentSetSize of job (KB)
...
005 (9685.000.000) 03/30 03:07:06 Job terminated.
	(1) Normal termination (return value 0)
		Usr 0 00:02:37, Sys 0 00:00:50  -  Run Remote Usage
		Usr 0 00:00:00, Sys 0 00:00:00  -  Run Local Usage
		Usr 0 00:02:37, Sys 0 00:00:50  -  Total Remote Usage
		Usr 0 00:00:00, Sys 0 00:00:00  -  Total Local Usage
	43760  -  Run Bytes Sent By Job
	553  -  Run Bytes Received By Job
	43760  -  Total Bytes Sent By Job
	553  -  Total Bytes Received By Job
	Partitionable Resources :    Usage  Request Allocated
	   Cpus                 :                 1         1
	   Disk (KB)            :       56  1024000   1026643
	   Memory (MB)          :      137     2000      2000
...
