000 (9713.000.000) 03/30 02:48:49 Job submitted from host: <128.101.221.180:9618?addrs=128.101.221.180-9618&noUDP&sock=3943_2604_3>
...
001 (9713.000.000) 03/30 03:07:05 Job executing on host: <128.101.221.182:9618?addrs=128.101.221.182-9618&noUDP&sock=3902_06a2_4>
...
006 (9713.000.000) 03/30 03:07:14 Image size of job updated: 200996
	193  -  MemoryUsage of job (MB)
	197132  -  ResidentSetSize of job (KB)
...
006 (9713.000.000) 03/30 03:12:15 Image size of job updated: 338280
	322  -  MemoryUsage of job (MB)
	329680  -  ResidentSetSize of job (KB)
...
006 (9713.000.000) 03/30 03:17:16 Image size of job updated: 342320
	326  -  MemoryUsage of job (MB)
	333720  -  ResidentSetSize of job (KB)
...
005 (9713.000.000) 03/30 03:17:30 Job terminated.
	(1) Normal termination (return value 0)
		Usr 0 00:06:03, Sys 0 00:03:38  -  Run Remote Usage
		Usr 0 00:00:00, Sys 0 00:00:00  -  Run Local Usage
		Usr 0 00:06:03, Sys 0 00:03:38  -  Total Remote Usage
		Usr 0 00:00:00, Sys 0 00:00:00  -  Total Local Usage
	71071  -  Run Bytes Sent By Job
	553  -  Run Bytes Received By Job
	71071  -  Total Bytes Sent By Job
	553  -  Total Bytes Received By Job
	Partitionable Resources :    Usage  Request Allocated
	   Cpus                 :                 1         1
	   Disk (KB)            :       82  1024000   2046870
	   Memory (MB)          :      326     2000      2000
...
