000 (9722.000.000) 03/30 02:48:53 Job submitted from host: <128.101.221.180:9618?addrs=128.101.221.180-9618&noUDP&sock=3943_2604_3>
...
001 (9722.000.000) 03/30 03:07:36 Job executing on host: <128.101.220.74:9618?addrs=128.101.220.74-9618&noUDP&sock=3889_1be7_4>
...
006 (9722.000.000) 03/30 03:07:45 Image size of job updated: 192228
	127  -  MemoryUsage of job (MB)
	129648  -  ResidentSetSize of job (KB)
...
006 (9722.000.000) 03/30 03:12:32 Image size of job updated: 426260
	127  -  MemoryUsage of job (MB)
	129648  -  ResidentSetSize of job (KB)
...
005 (9722.000.000) 03/30 03:12:33 Job terminated.
	(1) Normal termination (return value 0)
		Usr 0 00:03:18, Sys 0 00:01:03  -  Run Remote Usage
		Usr 0 00:00:00, Sys 0 00:00:00  -  Run Local Usage
		Usr 0 00:03:18, Sys 0 00:01:03  -  Total Remote Usage
		Usr 0 00:00:00, Sys 0 00:00:00  -  Total Local Usage
	48628  -  Run Bytes Sent By Job
	553  -  Run Bytes Received By Job
	48628  -  Total Bytes Sent By Job
	553  -  Total Bytes Received By Job
	Partitionable Resources :    Usage  Request Allocated
	   Cpus                 :                 1         1
	   Disk (KB)            :       61  1024000   1028484
	   Memory (MB)          :      127     2000      2000
...
