000 (9696.000.000) 03/30 02:48:41 Job submitted from host: <128.101.221.180:9618?addrs=128.101.221.180-9618&noUDP&sock=3943_2604_3>
...
001 (9696.000.000) 03/30 03:05:10 Job executing on host: <128.101.221.194:9618?addrs=128.101.221.194-9618&noUDP&sock=3837_70fa_4>
...
006 (9696.000.000) 03/30 03:05:18 Image size of job updated: 237696
	162  -  MemoryUsage of job (MB)
	165632  -  ResidentSetSize of job (KB)
...
006 (9696.000.000) 03/30 03:10:18 Image size of job updated: 426496
	323  -  MemoryUsage of job (MB)
	329864  -  ResidentSetSize of job (KB)
...
006 (9696.000.000) 03/30 03:14:53 Image size of job updated: 431148
	323  -  MemoryUsage of job (MB)
	329864  -  ResidentSetSize of job (KB)
...
005 (9696.000.000) 03/30 03:14:55 Job terminated.
	(1) Normal termination (return value 0)
		Usr 0 00:06:35, Sys 0 00:02:07  -  Run Remote Usage
		Usr 0 00:00:00, Sys 0 00:00:00  -  Run Local Usage
		Usr 0 00:06:35, Sys 0 00:02:07  -  Total Remote Usage
		Usr 0 00:00:00, Sys 0 00:00:00  -  Total Local Usage
	64685  -  Run Bytes Sent By Job
	553  -  Run Bytes Received By Job
	64685  -  Total Bytes Sent By Job
	553  -  Total Bytes Received By Job
	Partitionable Resources :    Usage  Request Allocated
	   Cpus                 :                 1         1
	   Disk (KB)            :       76  1024000   1028253
	   Memory (MB)          :      323     2000      2000
...
