000 (9710.000.000) 03/30 02:48:47 Job submitted from host: <128.101.221.180:9618?addrs=128.101.221.180-9618&noUDP&sock=3943_2604_3>
...
001 (9710.000.000) 03/30 03:07:03 Job executing on host: <128.101.221.182:9618?addrs=128.101.221.182-9618&noUDP&sock=3902_06a2_4>
...
006 (9710.000.000) 03/30 03:07:12 Image size of job updated: 185340
	167  -  MemoryUsage of job (MB)
	170468  -  ResidentSetSize of job (KB)
...
006 (9710.000.000) 03/30 03:12:13 Image size of job updated: 347584
	324  -  MemoryUsage of job (MB)
	331096  -  ResidentSetSize of job (KB)
...
005 (9710.000.000) 03/30 03:13:17 Job terminated.
	(1) Normal termination (return value 0)
		Usr 0 00:03:38, Sys 0 00:02:11  -  Run Remote Usage
		Usr 0 00:00:00, Sys 0 00:00:00  -  Run Local Usage
		Usr 0 00:03:38, Sys 0 00:02:11  -  Total Remote Usage
		Usr 0 00:00:00, Sys 0 00:00:00  -  Total Local Usage
	38922  -  Run Bytes Sent By Job
	553  -  Run Bytes Received By Job
	38922  -  Total Bytes Sent By Job
	553  -  Total Bytes Received By Job
	Partitionable Resources :    Usage  Request Allocated
	   Cpus                 :                 1         1
	   Disk (KB)            :       51  1024000   2046872
	   Memory (MB)          :      324     2000      2000
...
