000 (9680.000.000) 03/30 02:48:34 Job submitted from host: <128.101.221.180:9618?addrs=128.101.221.180-9618&noUDP&sock=3943_2604_3>
...
001 (9680.000.000) 03/30 03:01:46 Job executing on host: <128.101.220.154:9618?addrs=128.101.220.154-9618&noUDP&sock=253625_3b9c_4>
...
006 (9680.000.000) 03/30 03:01:54 Image size of job updated: 178152
	114  -  MemoryUsage of job (MB)
	116312  -  ResidentSetSize of job (KB)
...
006 (9680.000.000) 03/30 03:06:00 Image size of job updated: 426292
	114  -  MemoryUsage of job (MB)
	116312  -  ResidentSetSize of job (KB)
...
005 (9680.000.000) 03/30 03:06:01 Job terminated.
	(1) Normal termination (return value 0)
		Usr 0 00:02:50, Sys 0 00:00:56  -  Run Remote Usage
		Usr 0 00:00:00, Sys 0 00:00:00  -  Run Local Usage
		Usr 0 00:02:50, Sys 0 00:00:56  -  Total Remote Usage
		Usr 0 00:00:00, Sys 0 00:00:00  -  Total Local Usage
	47299  -  Run Bytes Sent By Job
	553  -  Run Bytes Received By Job
	47299  -  Total Bytes Sent By Job
	553  -  Total Bytes Received By Job
	Partitionable Resources :    Usage  Request Allocated
	   Cpus                 :                 1         1
	   Disk (KB)            :       59  1024000   1028387
	   Memory (MB)          :      114     2000      2000
...
