000 (9729.000.000) 03/30 02:48:56 Job submitted from host: <128.101.221.180:9618?addrs=128.101.221.180-9618&noUDP&sock=3943_2604_3>
...
001 (9729.000.000) 03/30 03:09:00 Job executing on host: <128.101.221.171:9618?addrs=128.101.221.171-9618&noUDP&sock=1778228_146e_4>
...
006 (9729.000.000) 03/30 03:09:08 Image size of job updated: 192232
	127  -  MemoryUsage of job (MB)
	129644  -  ResidentSetSize of job (KB)
...
006 (9729.000.000) 03/30 03:13:48 Image size of job updated: 425724
	127  -  MemoryUsage of job (MB)
	129644  -  ResidentSetSize of job (KB)
...
005 (9729.000.000) 03/30 03:13:49 Job terminated.
	(1) Normal termination (return value 0)
		Usr 0 00:03:20, Sys 0 00:01:01  -  Run Remote Usage
		Usr 0 00:00:00, Sys 0 00:00:00  -  Run Local Usage
		Usr 0 00:03:20, Sys 0 00:01:01  -  Total Remote Usage
		Usr 0 00:00:00, Sys 0 00:00:00  -  Total Local Usage
	44869  -  Run Bytes Sent By Job
	553  -  Run Bytes Received By Job
	44869  -  Total Bytes Sent By Job
	553  -  Total Bytes Received By Job
	Partitionable Resources :    Usage  Request Allocated
	   Cpus                 :                 1         1
	   Disk (KB)            :       57  1024000   1027606
	   Memory (MB)          :      127     2000      2000
...
