000 (9703.000.000) 03/30 02:48:44 Job submitted from host: <128.101.221.180:9618?addrs=128.101.221.180-9618&noUDP&sock=3943_2604_3>
...
001 (9703.000.000) 03/30 03:06:18 Job executing on host: <128.101.221.183:9618?addrs=128.101.221.183-9618&noUDP&sock=4185509_9de4_4>
...
006 (9703.000.000) 03/30 03:06:26 Image size of job updated: 173336
	109  -  MemoryUsage of job (MB)
	111520  -  ResidentSetSize of job (KB)
...
006 (9703.000.000) 03/30 03:11:26 Image size of job updated: 425996
	322  -  MemoryUsage of job (MB)
	329368  -  ResidentSetSize of job (KB)
...
006 (9703.000.000) 03/30 03:16:22 Image size of job updated: 431884
	322  -  MemoryUsage of job (MB)
	329368  -  ResidentSetSize of job (KB)
...
005 (9703.000.000) 03/30 03:16:23 Job terminated.
	(1) Normal termination (return value 0)
		Usr 0 00:06:53, Sys 0 00:02:16  -  Run Remote Usage
		Usr 0 00:00:00, Sys 0 00:00:00  -  Run Local Usage
		Usr 0 00:06:53, Sys 0 00:02:16  -  Total Remote Usage
		Usr 0 00:00:00, Sys 0 00:00:00  -  Total Local Usage
	60743  -  Run Bytes Sent By Job
	553  -  Run Bytes Received By Job
	60743  -  Total Bytes Sent By Job
	553  -  Total Bytes Received By Job
	Partitionable Resources :    Usage  Request Allocated
	   Cpus                 :                 1         1
	   Disk (KB)            :       72  1024000   1028070
	   Memory (MB)          :      322     2000      2000
...
