000 (9701.000.000) 03/30 02:48:43 Job submitted from host: <128.101.221.180:9618?addrs=128.101.221.180-9618&noUDP&sock=3943_2604_3>
...
001 (9701.000.000) 03/30 03:05:39 Job executing on host: <128.101.221.179:9618?addrs=128.101.221.179-9618&noUDP&sock=2230935_6d61_4>
...
006 (9701.000.000) 03/30 03:05:48 Image size of job updated: 192252
	127  -  MemoryUsage of job (MB)
	129668  -  ResidentSetSize of job (KB)
...
006 (9701.000.000) 03/30 03:10:49 Image size of job updated: 426232
	322  -  MemoryUsage of job (MB)
	329604  -  ResidentSetSize of job (KB)
...
006 (9701.000.000) 03/30 03:15:50 Image size of job updated: 431508
	328  -  MemoryUsage of job (MB)
	334876  -  ResidentSetSize of job (KB)
...
006 (9701.000.000) 03/30 03:16:28 Image size of job updated: 733248
	328  -  MemoryUsage of job (MB)
	334876  -  ResidentSetSize of job (KB)
...
005 (9701.000.000) 03/30 03:16:29 Job terminated.
	(1) Normal termination (return value 0)
		Usr 0 00:07:24, Sys 0 00:02:23  -  Run Remote Usage
		Usr 0 00:00:00, Sys 0 00:00:00  -  Run Local Usage
		Usr 0 00:07:24, Sys 0 00:02:23  -  Total Remote Usage
		Usr 0 00:00:00, Sys 0 00:00:00  -  Total Local Usage
	63855  -  Run Bytes Sent By Job
	553  -  Run Bytes Received By Job
	63855  -  Total Bytes Sent By Job
	553  -  Total Bytes Received By Job
	Partitionable Resources :    Usage  Request Allocated
	   Cpus                 :                 1         1
	   Disk (KB)            :       75  1024000   1027882
	   Memory (MB)          :      328     2000      2000
...
