000 (9727.000.000) 03/30 02:48:55 Job submitted from host: <128.101.221.180:9618?addrs=128.101.221.180-9618&noUDP&sock=3943_2604_3>
...
001 (9727.000.000) 03/30 03:08:51 Job executing on host: <128.101.221.187:9618?addrs=128.101.221.187-9618&noUDP&sock=3336463_ae6f_4>
...
006 (9727.000.000) 03/30 03:08:59 Image size of job updated: 140036
	110  -  MemoryUsage of job (MB)
	111972  -  ResidentSetSize of job (KB)
...
006 (9727.000.000) 03/30 03:13:59 Image size of job updated: 376420
	322  -  MemoryUsage of job (MB)
	329532  -  ResidentSetSize of job (KB)
...
005 (9727.000.000) 03/30 03:15:31 Job terminated.
	(1) Normal termination (return value 0)
		Usr 0 00:04:27, Sys 0 00:01:37  -  Run Remote Usage
		Usr 0 00:00:00, Sys 0 00:00:00  -  Run Local Usage
		Usr 0 00:04:27, Sys 0 00:01:37  -  Total Remote Usage
		Usr 0 00:00:00, Sys 0 00:00:00  -  Total Local Usage
	50375  -  Run Bytes Sent By Job
	553  -  Run Bytes Received By Job
	50375  -  Total Bytes Sent By Job
	553  -  Total Bytes Received By Job
	Partitionable Resources :    Usage  Request Allocated
	   Cpus                 :                 1         1
	   Disk (KB)            :       62  1024000   1029010
	   Memory (MB)          :      322     2000      2000
...
