000 (9687.000.000) 03/30 02:48:37 Job submitted from host: <128.101.221.180:9618?addrs=128.101.221.180-9618&noUDP&sock=3943_2604_3>
...
001 (9687.000.000) 03/30 03:03:49 Job executing on host: <128.101.221.175:9618?addrs=128.101.221.175-9618&noUDP&sock=12916_e152_4>
...
006 (9687.000.000) 03/30 03:03:57 Image size of job updated: 157348
	137  -  MemoryUsage of job (MB)
	139400  -  ResidentSetSize of job (KB)
...
006 (9687.000.000) 03/30 03:08:57 Image size of job updated: 331896
	325  -  MemoryUsage of job (MB)
	331824  -  ResidentSetSize of job (KB)
...
006 (9687.000.000) 03/30 03:11:54 Image size of job updated: 731296
	325  -  MemoryUsage of job (MB)
	331824  -  ResidentSetSize of job (KB)
...
005 (9687.000.000) 03/30 03:11:55 Job terminated.
	(1) Normal termination (return value 0)
		Usr 0 00:04:48, Sys 0 00:02:46  -  Run Remote Usage
		Usr 0 00:00:00, Sys 0 00:00:00  -  Run Local Usage
		Usr 0 00:04:48, Sys 0 00:02:46  -  Total Remote Usage
		Usr 0 00:00:00, Sys 0 00:00:00  -  Total Local Usage
	55434  -  Run Bytes Sent By Job
	553  -  Run Bytes Received By Job
	55434  -  Total Bytes Sent By Job
	553  -  Total Bytes Received By Job
	Partitionable Resources :    Usage  Request Allocated
	   Cpus                 :                 1         1
	   Disk (KB)            :       67  1024000   1930180
	   Memory (MB)          :      325     2000      2000
...
