000 (9715.000.000) 03/30 02:48:50 Job submitted from host: <128.101.221.180:9618?addrs=128.101.221.180-9618&noUDP&sock=3943_2604_3>
...
001 (9715.000.000) 03/30 03:07:05 Job executing on host: <128.101.221.182:9618?addrs=128.101.221.182-9618&noUDP&sock=3902_06a2_4>
...
006 (9715.000.000) 03/30 03:07:14 Image size of job updated: 201604
	195  -  MemoryUsage of job (MB)
	199208  -  ResidentSetSize of job (KB)
...
006 (9715.000.000) 03/30 03:12:15 Image size of job updated: 334296
	324  -  MemoryUsage of job (MB)
	331200  -  ResidentSetSize of job (KB)
...
005 (9715.000.000) 03/30 03:14:15 Job terminated.
	(1) Normal termination (return value 0)
		Usr 0 00:04:09, Sys 0 00:02:35  -  Run Remote Usage
		Usr 0 00:00:00, Sys 0 00:00:00  -  Run Local Usage
		Usr 0 00:04:09, Sys 0 00:02:35  -  Total Remote Usage
		Usr 0 00:00:00, Sys 0 00:00:00  -  Total Local Usage
	51733  -  Run Bytes Sent By Job
	553  -  Run Bytes Received By Job
	51733  -  Total Bytes Sent By Job
	553  -  Total Bytes Received By Job
	Partitionable Resources :    Usage  Request Allocated
	   Cpus                 :                 1         1
	   Disk (KB)            :       63  1024000   2046870
	   Memory (MB)          :      324     2000      2000
...
