000 (9718.000.000) 03/30 02:48:51 Job submitted from host: <128.101.221.180:9618?addrs=128.101.221.180-9618&noUDP&sock=3943_2604_3>
...
001 (9718.000.000) 03/30 03:07:07 Job executing on host: <128.101.221.182:9618?addrs=128.101.221.182-9618&noUDP&sock=3902_06a2_4>
...
006 (9718.000.000) 03/30 03:07:16 Image size of job updated: 206912
	189  -  MemoryUsage of job (MB)
	193472  -  ResidentSetSize of job (KB)
...
006 (9718.000.000) 03/30 03:12:17 Image size of job updated: 343620
	323  -  MemoryUsage of job (MB)
	329732  -  ResidentSetSize of job (KB)
...
005 (9718.000.000) 03/30 03:13:40 Job terminated.
	(1) Normal termination (return value 0)
		Usr 0 00:03:48, Sys 0 00:02:20  -  Run Remote Usage
		Usr 0 00:00:00, Sys 0 00:00:00  -  Run Local Usage
		Usr 0 00:03:48, Sys 0 00:02:20  -  Total Remote Usage
		Usr 0 00:00:00, Sys 0 00:00:00  -  Total Local Usage
	44870  -  Run Bytes Sent By Job
	553  -  Run Bytes Received By Job
	44870  -  Total Bytes Sent By Job
	553  -  Total Bytes Received By Job
	Partitionable Resources :    Usage  Request Allocated
	   Cpus                 :                 1         1
	   Disk (KB)            :       57  1024000   2046868
	   Memory (MB)          :      323     2000      2000
...
