000 (9712.000.000) 03/30 02:48:48 Job submitted from host: <128.101.221.180:9618?addrs=128.101.221.180-9618&noUDP&sock=3943_2604_3>
...
001 (9712.000.000) 03/30 03:07:05 Job executing on host: <128.101.221.182:9618?addrs=128.101.221.182-9618&noUDP&sock=3902_06a2_4>
...
006 (9712.000.000) 03/30 03:07:13 Image size of job updated: 174068
	169  -  MemoryUsage of job (MB)
	172764  -  ResidentSetSize of job (KB)
...
006 (9712.000.000) 03/30 03:12:13 Image size of job updated: 331468
	323  -  MemoryUsage of job (MB)
	329956  -  ResidentSetSize of job (KB)
...
005 (9712.000.000) 03/30 03:14:37 Job terminated.
	(1) Normal termination (return value 0)
		Usr 0 00:04:20, Sys 0 00:02:42  -  Run Remote Usage
		Usr 0 00:00:00, Sys 0 00:00:00  -  Run Local Usage
		Usr 0 00:04:20, Sys 0 00:02:42  -  Total Remote Usage
		Usr 0 00:00:00, Sys 0 00:00:00  -  Total Local Usage
	61212  -  Run Bytes Sent By Job
	553  -  Run Bytes Received By Job
	61212  -  Total Bytes Sent By Job
	553  -  Total Bytes Received By Job
	Partitionable Resources :    Usage  Request Allocated
	   Cpus                 :                 1         1
	   Disk (KB)            :       72  1024000   2046870
	   Memory (MB)          :      323     2000      2000
...
