000 (9709.000.000) 03/30 02:48:47 Job submitted from host: <128.101.221.180:9618?addrs=128.101.221.180-9618&noUDP&sock=3943_2604_3>
...
001 (9709.000.000) 03/30 03:07:03 Job executing on host: <128.101.221.175:9618?addrs=128.101.221.175-9618&noUDP&sock=12916_e152_4>
...
006 (9709.000.000) 03/30 03:07:12 Image size of job updated: 277120
	196  -  MemoryUsage of job (MB)
	200392  -  ResidentSetSize of job (KB)
...
006 (9709.000.000) 03/30 03:12:13 Image size of job updated: 329680
	322  -  MemoryUsage of job (MB)
	329580  -  ResidentSetSize of job (KB)
...
006 (9709.000.000) 03/30 03:17:13 Image size of job updated: 333552
	326  -  MemoryUsage of job (MB)
	333520  -  ResidentSetSize of job (KB)
...
006 (9709.000.000) 03/30 03:18:16 Image size of job updated: 729948
	326  -  MemoryUsage of job (MB)
	333520  -  ResidentSetSize of job (KB)
...
005 (9709.000.000) 03/30 03:18:17 Job terminated.
	(1) Normal termination (return value 0)
		Usr 0 00:06:50, Sys 0 00:03:36  -  Run Remote Usage
		Usr 0 00:00:00, Sys 0 00:00:00  -  Run Local Usage
		Usr 0 00:06:50, Sys 0 00:03:36  -  Total Remote Usage
		Usr 0 00:00:00, Sys 0 00:00:00  -  Total Local Usage
	69193  -  Run Bytes Sent By Job
	553  -  Run Bytes Received By Job
	69193  -  Total Bytes Sent By Job
	553  -  Total Bytes Received By Job
	Partitionable Resources :    Usage  Request Allocated
	   Cpus                 :                 1         1
	   Disk (KB)            :       80  1024000   1930156
	   Memory (MB)          :      326     2000      2000
...
