000 (9724.000.000) 03/30 02:48:54 Job submitted from host: <128.101.221.180:9618?addrs=128.101.221.180-9618&noUDP&sock=3943_2604_3>
...
001 (9724.000.000) 03/30 03:07:46 Job executing on host: <128.101.221.174:9618?addrs=128.101.221.174-9618&noUDP&sock=4031871_ba53_4>
...
006 (9724.000.000) 03/30 03:07:54 Image size of job updated: 186880
	124  -  MemoryUsage of job (MB)
	126228  -  ResidentSetSize of job (KB)
...
006 (9724.000.000) 03/30 03:12:54 Image size of job updated: 331732
	322  -  MemoryUsage of job (MB)
	329680  -  ResidentSetSize of job (KB)
...
005 (9724.000.000) 03/30 03:17:26 Job terminated.
	(1) Normal termination (return value 0)
		Usr 0 00:06:32, Sys 0 00:02:25  -  Run Remote Usage
		Usr 0 00:00:00, Sys 0 00:00:00  -  Run Local Usage
		Usr 0 00:06:32, Sys 0 00:02:25  -  Total Remote Usage
		Usr 0 00:00:00, Sys 0 00:00:00  -  Total Local Usage
	61631  -  Run Bytes Sent By Job
	553  -  Run Bytes Received By Job
	61631  -  Total Bytes Sent By Job
	553  -  Total Bytes Received By Job
	Partitionable Resources :    Usage  Request Allocated
	   Cpus                 :                 1         1
	   Disk (KB)            :       73  1024000   1898894
	   Memory (MB)          :      322     2000      2000
...
