000 (9700.000.000) 03/30 02:48:43 Job submitted from host: <128.101.221.180:9618?addrs=128.101.221.180-9618&noUDP&sock=3943_2604_3>
...
001 (9700.000.000) 03/30 03:05:30 Job executing on host: <128.101.221.175:9618?addrs=128.101.221.175-9618&noUDP&sock=12916_e152_4>
...
006 (9700.000.000) 03/30 03:05:39 Image size of job updated: 264704
	185  -  MemoryUsage of job (MB)
	188580  -  ResidentSetSize of job (KB)
...
006 (9700.000.000) 03/30 03:10:40 Image size of job updated: 331328
	324  -  MemoryUsage of job (MB)
	331132  -  ResidentSetSize of job (KB)
...
006 (9700.000.000) 03/30 03:13:29 Image size of job updated: 730748
	324  -  MemoryUsage of job (MB)
	331132  -  ResidentSetSize of job (KB)
...
005 (9700.000.000) 03/30 03:13:30 Job terminated.
	(1) Normal termination (return value 0)
		Usr 0 00:04:45, Sys 0 00:02:43  -  Run Remote Usage
		Usr 0 00:00:00, Sys 0 00:00:00  -  Run Local Usage
		Usr 0 00:04:45, Sys 0 00:02:43  -  Total Remote Usage
		Usr 0 00:00:00, Sys 0 00:00:00  -  Total Local Usage
	58494  -  Run Bytes Sent By Job
	553  -  Run Bytes Received By Job
	58494  -  Total Bytes Sent By Job
	553  -  Total Bytes Received By Job
	Partitionable Resources :    Usage  Request Allocated
	   Cpus                 :                 1         1
	   Disk (KB)            :       70  1024000   1930188
	   Memory (MB)          :      324     2000      2000
...
