000 (9706.000.000) 03/30 02:48:46 Job submitted from host: <128.101.221.180:9618?addrs=128.101.221.180-9618&noUDP&sock=3943_2604_3>
...
001 (9706.000.000) 03/30 03:06:49 Job executing on host: <128.101.221.175:9618?addrs=128.101.221.175-9618&noUDP&sock=12916_e152_4>
...
006 (9706.000.000) 03/30 03:06:58 Image size of job updated: 253888
	176  -  MemoryUsage of job (MB)
	179532  -  ResidentSetSize of job (KB)
...
006 (9706.000.000) 03/30 03:11:59 Image size of job updated: 329904
	322  -  MemoryUsage of job (MB)
	329448  -  ResidentSetSize of job (KB)
...
006 (9706.000.000) 03/30 03:16:59 Image size of job updated: 335340
	328  -  MemoryUsage of job (MB)
	335116  -  ResidentSetSize of job (KB)
...
006 (9706.000.000) 03/30 03:17:30 Image size of job updated: 733228
	328  -  MemoryUsage of job (MB)
	335116  -  ResidentSetSize of job (KB)
...
005 (9706.000.000) 03/30 03:17:31 Job terminated.
	(1) Normal termination (return value 0)
		Usr 0 00:06:22, Sys 0 00:03:34  -  Run Remote Usage
		Usr 0 00:00:00, Sys 0 00:00:00  -  Run Local Usage
		Usr 0 00:06:22, Sys 0 00:03:34  -  Total Remote Usage
		Usr 0 00:00:00, Sys 0 00:00:00  -  Total Local Usage
	71596  -  Run Bytes Sent By Job
	553  -  Run Bytes Received By Job
	71596  -  Total Bytes Sent By Job
	553  -  Total Bytes Received By Job
	Partitionable Resources :    Usage  Request Allocated
	   Cpus                 :                 1         1
	   Disk (KB)            :       83  1024000   1930190
	   Memory (MB)          :      328     2000      2000
...
