000 (5811.000.000) 08/06 22:53:44 Job submitted from host: <128.101.221.176:9618?addrs=128.101.221.176-9618&noUDP&sock=11541_65e5_3>
...
001 (5811.000.000) 08/06 23:17:38 Job executing on host: <128.101.220.118:9618?addrs=128.101.220.118-9618&noUDP&sock=12016_596f_4>
...
006 (5811.000.000) 08/06 23:17:46 Image size of job updated: 13280
	5  -  MemoryUsage of job (MB)
	5096  -  ResidentSetSize of job (KB)
...
006 (5811.000.000) 08/06 23:22:46 Image size of job updated: 421900
	322  -  MemoryUsage of job (MB)
	329144  -  ResidentSetSize of job (KB)
...
006 (5811.000.000) 08/06 23:31:44 Image size of job updated: 710956
	322  -  MemoryUsage of job (MB)
	329144  -  ResidentSetSize of job (KB)
...
005 (5811.000.000) 08/06 23:31:45 Job terminated.
	(1) Normal termination (return value 0)
		Usr 0 00:01:37, Sys 0 00:01:05  -  Run Remote Usage
		Usr 0 00:00:00, Sys 0 00:00:00  -  Run Local Usage
		Usr 0 00:01:37, Sys 0 00:01:05  -  Total Remote Usage
		Usr 0 00:00:00, Sys 0 00:00:00  -  Total Local Usage
	22851  -  Run Bytes Sent By Job
	561  -  Run Bytes Received By Job
	22851  -  Total Bytes Sent By Job
	561  -  Total Bytes Received By Job
	Partitionable Resources :    Usage  Request Allocated
	   Cpus                 :                 1         1
	   Disk (KB)            :       34  1024000   4005749
	   Memory (MB)          :      322     2000      2000
...
