000 (5812.000.000) 08/06 22:53:47 Job submitted from host: <128.101.221.176:9618?addrs=128.101.221.176-9618&noUDP&sock=11541_65e5_3>
...
001 (5812.000.000) 08/06 23:18:02 Job executing on host: <128.101.221.181:9618?addrs=128.101.221.181-9618&noUDP&sock=11138_f93a_4>
...
006 (5812.000.000) 08/06 23:18:10 Image size of job updated: 1728
	2  -  MemoryUsage of job (MB)
	1576  -  ResidentSetSize of job (KB)
...
006 (5812.000.000) 08/06 23:23:10 Image size of job updated: 419424
	322  -  MemoryUsage of job (MB)
	329624  -  ResidentSetSize of job (KB)
...
006 (5812.000.000) 08/06 23:28:11 Image size of job updated: 419424
	322  -  MemoryUsage of job (MB)
	329636  -  ResidentSetSize of job (KB)
...
005 (5812.000.000) 08/06 23:32:54 Job terminated.
	(1) Normal termination (return value 0)
		Usr 0 00:01:52, Sys 0 00:01:19  -  Run Remote Usage
		Usr 0 00:00:00, Sys 0 00:00:00  -  Run Local Usage
		Usr 0 00:01:52, Sys 0 00:01:19  -  Total Remote Usage
		Usr 0 00:00:00, Sys 0 00:00:00  -  Total Local Usage
	24000  -  Run Bytes Sent By Job
	561  -  Run Bytes Received By Job
	24000  -  Total Bytes Sent By Job
	561  -  Total Bytes Received By Job
	Partitionable Resources :    Usage  Request Allocated
	   Cpus                 :                 1         1
	   Disk (KB)            :       35  1024000   1865834
	   Memory (MB)          :      322     2000      2000
...
