000 (5819.000.000) 08/06 22:54:59 Job submitted from host: <128.101.221.176:9618?addrs=128.101.221.176-9618&noUDP&sock=11541_65e5_3>
...
001 (5819.000.000) 08/06 23:25:06 Job executing on host: <128.101.221.171:9618?addrs=128.101.221.171-9618&noUDP&sock=11629_6b57_4>
...
006 (5819.000.000) 08/06 23:25:15 Image size of job updated: 1308
	2  -  MemoryUsage of job (MB)
	1264  -  ResidentSetSize of job (KB)
...
006 (5819.000.000) 08/06 23:30:15 Image size of job updated: 421768
	322  -  MemoryUsage of job (MB)
	328828  -  ResidentSetSize of job (KB)
...
005 (5819.000.000) 08/06 23:34:24 Job terminated.
	(1) Normal termination (return value 0)
		Usr 0 00:01:55, Sys 0 00:01:21  -  Run Remote Usage
		Usr 0 00:00:00, Sys 0 00:00:00  -  Run Local Usage
		Usr 0 00:01:55, Sys 0 00:01:21  -  Total Remote Usage
		Usr 0 00:00:00, Sys 0 00:00:00  -  Total Local Usage
	24002  -  Run Bytes Sent By Job
	561  -  Run Bytes Received By Job
	24002  -  Total Bytes Sent By Job
	561  -  Total Bytes Received By Job
	Partitionable Resources :    Usage  Request Allocated
	   Cpus                 :                 1         1
	   Disk (KB)            :       35  1024000   1815650
	   Memory (MB)          :      322     2000      2000
...
