000 (5818.000.000) 08/06 22:54:44 Job submitted from host: <128.101.221.176:9618?addrs=128.101.221.176-9618&noUDP&sock=11541_65e5_3>
...
001 (5818.000.000) 08/06 23:22:58 Job executing on host: <128.101.221.191:9618?addrs=128.101.221.191-9618&noUDP&sock=11511_7b2a_4>
...
006 (5818.000.000) 08/06 23:23:07 Image size of job updated: 1236
	2  -  MemoryUsage of job (MB)
	1216  -  ResidentSetSize of job (KB)
...
006 (5818.000.000) 08/06 23:28:08 Image size of job updated: 421052
	321  -  MemoryUsage of job (MB)
	328312  -  ResidentSetSize of job (KB)
...
005 (5818.000.000) 08/06 23:33:50 Job terminated.
	(1) Normal termination (return value 0)
		Usr 0 00:01:52, Sys 0 00:01:18  -  Run Remote Usage
		Usr 0 00:00:00, Sys 0 00:00:00  -  Run Local Usage
		Usr 0 00:01:52, Sys 0 00:01:18  -  Total Remote Usage
		Usr 0 00:00:00, Sys 0 00:00:00  -  Total Local Usage
	23771  -  Run Bytes Sent By Job
	561  -  Run Bytes Received By Job
	23771  -  Total Bytes Sent By Job
	561  -  Total Bytes Received By Job
	Partitionable Resources :    Usage  Request Allocated
	   Cpus                 :                 1         1
	   Disk (KB)            :       35  1024000   1878552
	   Memory (MB)          :      321     2000      2000
...
