000 (5814.000.000) 08/06 22:53:55 Job submitted from host: <128.101.221.176:9618?addrs=128.101.221.176-9618&noUDP&sock=11541_65e5_3>
...
001 (5814.000.000) 08/06 23:18:01 Job executing on host: <128.101.220.206:9618?addrs=128.101.220.206-9618&noUDP&sock=11990_5feb_4>
...
006 (5814.000.000) 08/06 23:18:10 Image size of job updated: 71936
	41  -  MemoryUsage of job (MB)
	41472  -  ResidentSetSize of job (KB)
...
006 (5814.000.000) 08/06 23:23:10 Image size of job updated: 421592
	321  -  MemoryUsage of job (MB)
	328432  -  ResidentSetSize of job (KB)
...
006 (5814.000.000) 08/06 23:28:10 Image size of job updated: 421628
	321  -  MemoryUsage of job (MB)
	328464  -  ResidentSetSize of job (KB)
...
005 (5814.000.000) 08/06 23:33:34 Job terminated.
	(1) Normal termination (return value 0)
		Usr 0 00:02:13, Sys 0 00:01:33  -  Run Remote Usage
		Usr 0 00:00:00, Sys 0 00:00:00  -  Run Local Usage
		Usr 0 00:02:13, Sys 0 00:01:33  -  Total Remote Usage
		Usr 0 00:00:00, Sys 0 00:00:00  -  Total Local Usage
	24232  -  Run Bytes Sent By Job
	561  -  Run Bytes Received By Job
	24232  -  Total Bytes Sent By Job
	561  -  Total Bytes Received By Job
	Partitionable Resources :    Usage  Request Allocated
	   Cpus                 :                 1         1
	   Disk (KB)            :       35  1024000   4066203
	   Memory (MB)          :      321     2000      2000
...
