000 (9555.000.000) 03/29 09:54:36 Job submitted from host: <128.101.221.180:9618?addrs=128.101.221.180-9618&noUDP&sock=3943_2604_3>
...
001 (9555.000.000) 03/29 11:43:35 Job executing on host: <128.101.220.87:9618?addrs=128.101.220.87-9618&noUDP&sock=465496_1dbd_4>
...
006 (9555.000.000) 03/29 11:43:43 Image size of job updated: 244824
	168  -  MemoryUsage of job (MB)
	171656  -  ResidentSetSize of job (KB)
...
005 (9555.000.000) 03/29 11:46:39 Job terminated.
	(1) Normal termination (return value 0)
		Usr 0 00:02:06, Sys 0 00:00:41  -  Run Remote Usage
		Usr 0 00:00:00, Sys 0 00:00:00  -  Run Local Usage
		Usr 0 00:02:06, Sys 0 00:00:41  -  Total Remote Usage
		Usr 0 00:00:00, Sys 0 00:00:00  -  Total Local Usage
	43760  -  Run Bytes Sent By Job
	553  -  Run Bytes Received By Job
	43760  -  Total Bytes Sent By Job
	553  -  Total Bytes Received By Job
	Partitionable Resources :    Usage  Request Allocated
	   Cpus                 :                 1         1
	   Disk (KB)            :       56  1024000   1029087
	   Memory (MB)          :      168     2000      2000
...
