000 (9506.000.000) 03/29 09:54:12 Job submitted from host: <128.101.221.180:9618?addrs=128.101.221.180-9618&noUDP&sock=3943_2604_3>
...
001 (9506.000.000) 03/29 11:27:23 Job executing on host: <128.101.221.175:9618?addrs=128.101.221.175-9618&noUDP&sock=12916_e152_4>
...
006 (9506.000.000) 03/29 11:27:31 Image size of job updated: 200180
	136  -  MemoryUsage of job (MB)
	138864  -  ResidentSetSize of job (KB)
...
006 (9506.000.000) 03/29 11:31:44 Image size of job updated: 730148
	136  -  MemoryUsage of job (MB)
	138864  -  ResidentSetSize of job (KB)
...
005 (9506.000.000) 03/29 11:31:45 Job terminated.
	(1) Normal termination (return value 0)
		Usr 0 00:02:39, Sys 0 00:01:26  -  Run Remote Usage
		Usr 0 00:00:00, Sys 0 00:00:00  -  Run Local Usage
		Usr 0 00:02:39, Sys 0 00:01:26  -  Total Remote Usage
		Usr 0 00:00:00, Sys 0 00:00:00  -  Total Local Usage
	39561  -  Run Bytes Sent By Job
	553  -  Run Bytes Received By Job
	39561  -  Total Bytes Sent By Job
	553  -  Total Bytes Received By Job
	Partitionable Resources :    Usage  Request Allocated
	   Cpus                 :                 1         1
	   Disk (KB)            :       52  1024000   1931040
	   Memory (MB)          :      136     2000      2000
...
