000 (9498.000.000) 03/29 09:54:08 Job submitted from host: <128.101.221.180:9618?addrs=128.101.221.180-9618&noUDP&sock=3943_2604_3>
...
001 (9498.000.000) 03/29 11:26:17 Job executing on host: <128.101.221.175:9618?addrs=128.101.221.175-9618&noUDP&sock=12916_e152_4>
...
006 (9498.000.000) 03/29 11:26:26 Image size of job updated: 231300
	159  -  MemoryUsage of job (MB)
	162556  -  ResidentSetSize of job (KB)
...
006 (9498.000.000) 03/29 11:28:31 Image size of job updated: 726524
	159  -  MemoryUsage of job (MB)
	162556  -  ResidentSetSize of job (KB)
...
005 (9498.000.000) 03/29 11:28:32 Job terminated.
	(1) Normal termination (return value 0)
		Usr 0 00:01:26, Sys 0 00:00:38  -  Run Remote Usage
		Usr 0 00:00:00, Sys 0 00:00:00  -  Run Local Usage
		Usr 0 00:01:26, Sys 0 00:00:38  -  Total Remote Usage
		Usr 0 00:00:00, Sys 0 00:00:00  -  Total Local Usage
	34272  -  Run Bytes Sent By Job
	553  -  Run Bytes Received By Job
	34272  -  Total Bytes Sent By Job
	553  -  Total Bytes Received By Job
	Partitionable Resources :    Usage  Request Allocated
	   Cpus                 :                 1         1
	   Disk (KB)            :       47  1024000   1931038
	   Memory (MB)          :      159     2000      2000
...
