000 (9538.000.000) 03/29 09:54:27 Job submitted from host: <128.101.221.180:9618?addrs=128.101.221.180-9618&noUDP&sock=3943_2604_3>
...
001 (9538.000.000) 03/29 11:36:08 Job executing on host: <128.101.221.182:9618?addrs=128.101.221.182-9618&noUDP&sock=3902_06a2_4>
...
006 (9538.000.000) 03/29 11:36:17 Image size of job updated: 242360
	167  -  MemoryUsage of job (MB)
	170520  -  ResidentSetSize of job (KB)
...
006 (9538.000.000) 03/29 11:41:18 Image size of job updated: 425376
	324  -  MemoryUsage of job (MB)
	331528  -  ResidentSetSize of job (KB)
...
005 (9538.000.000) 03/29 11:43:15 Job terminated.
	(1) Normal termination (return value 0)
		Usr 0 00:04:18, Sys 0 00:02:15  -  Run Remote Usage
		Usr 0 00:00:00, Sys 0 00:00:00  -  Run Local Usage
		Usr 0 00:04:18, Sys 0 00:02:15  -  Total Remote Usage
		Usr 0 00:00:00, Sys 0 00:00:00  -  Total Local Usage
	68040  -  Run Bytes Sent By Job
	553  -  Run Bytes Received By Job
	68040  -  Total Bytes Sent By Job
	553  -  Total Bytes Received By Job
	Partitionable Resources :    Usage  Request Allocated
	   Cpus                 :                 1         1
	   Disk (KB)            :       79  1024000   2046700
	   Memory (MB)          :      324     2000      2000
...
