000 (9543.000.000) 03/29 09:54:30 Job submitted from host: <128.101.221.180:9618?addrs=128.101.221.180-9618&noUDP&sock=3943_2604_3>
...
001 (9543.000.000) 03/29 11:38:57 Job executing on host: <128.101.221.176:9618?addrs=128.101.221.176-9618&noUDP&sock=2756849_b007_4>
...
006 (9543.000.000) 03/29 11:39:06 Image size of job updated: 196268
	132  -  MemoryUsage of job (MB)
	134452  -  ResidentSetSize of job (KB)
...
006 (9543.000.000) 03/29 11:44:08 Image size of job updated: 331896
	322  -  MemoryUsage of job (MB)
	329584  -  ResidentSetSize of job (KB)
...
006 (9543.000.000) 03/29 11:49:08 Image size of job updated: 337952
	328  -  MemoryUsage of job (MB)
	335640  -  ResidentSetSize of job (KB)
...
006 (9543.000.000) 03/29 11:51:04 Image size of job updated: 733220
	328  -  MemoryUsage of job (MB)
	335640  -  ResidentSetSize of job (KB)
...
005 (9543.000.000) 03/29 11:51:05 Job terminated.
	(1) Normal termination (return value 0)
		Usr 0 00:08:26, Sys 0 00:02:52  -  Run Remote Usage
		Usr 0 00:00:00, Sys 0 00:00:00  -  Run Local Usage
		Usr 0 00:08:26, Sys 0 00:02:52  -  Total Remote Usage
		Usr 0 00:00:00, Sys 0 00:00:00  -  Total Local Usage
	71596  -  Run Bytes Sent By Job
	553  -  Run Bytes Received By Job
	71596  -  Total Bytes Sent By Job
	553  -  Total Bytes Received By Job
	Partitionable Resources :    Usage  Request Allocated
	   Cpus                 :                 1         1
	   Disk (KB)            :       83  1024000   1026228
	   Memory (MB)          :      328     2000      2000
...
