000 (9524.000.000) 03/29 09:54:21 Job submitted from host: <128.101.221.180:9618?addrs=128.101.221.180-9618&noUDP&sock=3943_2604_3>
...
001 (9524.000.000) 03/29 11:32:31 Job executing on host: <128.101.221.175:9618?addrs=128.101.221.175-9618&noUDP&sock=12916_e152_4>
...
006 (9524.000.000) 03/29 11:32:40 Image size of job updated: 251168
	175  -  MemoryUsage of job (MB)
	179092  -  ResidentSetSize of job (KB)
...
006 (9524.000.000) 03/29 11:37:41 Image size of job updated: 331328
	324  -  MemoryUsage of job (MB)
	331124  -  ResidentSetSize of job (KB)
...
006 (9524.000.000) 03/29 11:42:41 Image size of job updated: 335304
	328  -  MemoryUsage of job (MB)
	335176  -  ResidentSetSize of job (KB)
...
005 (9524.000.000) 03/29 11:43:59 Job terminated.
	(1) Normal termination (return value 0)
		Usr 0 00:06:46, Sys 0 00:04:04  -  Run Remote Usage
		Usr 0 00:00:00, Sys 0 00:00:00  -  Run Local Usage
		Usr 0 00:06:46, Sys 0 00:04:04  -  Total Remote Usage
		Usr 0 00:00:00, Sys 0 00:00:00  -  Total Local Usage
	66253  -  Run Bytes Sent By Job
	553  -  Run Bytes Received By Job
	66253  -  Total Bytes Sent By Job
	553  -  Total Bytes Received By Job
	Partitionable Resources :    Usage  Request Allocated
	   Cpus                 :                 1         1
	   Disk (KB)            :       78  1024000   1931006
	   Memory (MB)          :      328     2000      2000
...
