000 (9558.000.000) 03/29 09:54:37 Job submitted from host: <128.101.221.180:9618?addrs=128.101.221.180-9618&noUDP&sock=3943_2604_3>
...
001 (9558.000.000) 03/29 11:44:17 Job executing on host: <128.101.221.175:9618?addrs=128.101.221.175-9618&noUDP&sock=12916_e152_4>
...
006 (9558.000.000) 03/29 11:44:26 Image size of job updated: 229968
	186  -  MemoryUsage of job (MB)
	189884  -  ResidentSetSize of job (KB)
...
006 (9558.000.000) 03/29 11:49:27 Image size of job updated: 381136
	325  -  MemoryUsage of job (MB)
	332060  -  ResidentSetSize of job (KB)
...
006 (9558.000.000) 03/29 11:53:10 Image size of job updated: 733060
	325  -  MemoryUsage of job (MB)
	332060  -  ResidentSetSize of job (KB)
...
005 (9558.000.000) 03/29 11:53:11 Job terminated.
	(1) Normal termination (return value 0)
		Usr 0 00:05:26, Sys 0 00:02:36  -  Run Remote Usage
		Usr 0 00:00:00, Sys 0 00:00:00  -  Run Local Usage
		Usr 0 00:05:26, Sys 0 00:02:36  -  Total Remote Usage
		Usr 0 00:00:00, Sys 0 00:00:00  -  Total Local Usage
	86726  -  Run Bytes Sent By Job
	553  -  Run Bytes Received By Job
	86726  -  Total Bytes Sent By Job
	553  -  Total Bytes Received By Job
	Partitionable Resources :    Usage  Request Allocated
	   Cpus                 :                 1         1
	   Disk (KB)            :       98  1024000   1931008
	   Memory (MB)          :      325     2000      2000
...
