000 (9510.000.000) 03/29 09:54:14 Job submitted from host: <128.101.221.180:9618?addrs=128.101.221.180-9618&noUDP&sock=3943_2604_3>
...
001 (9510.000.000) 03/29 11:28:04 Job executing on host: <128.101.221.182:9618?addrs=128.101.221.182-9618&noUDP&sock=3902_06a2_4>
...
006 (9510.000.000) 03/29 11:28:12 Image size of job updated: 203412
	138  -  MemoryUsage of job (MB)
	140972  -  ResidentSetSize of job (KB)
...
006 (9510.000.000) 03/29 11:33:12 Image size of job updated: 331628
	324  -  MemoryUsage of job (MB)
	331432  -  ResidentSetSize of job (KB)
...
006 (9510.000.000) 03/29 11:36:37 Image size of job updated: 729704
	324  -  MemoryUsage of job (MB)
	331432  -  ResidentSetSize of job (KB)
...
005 (9510.000.000) 03/29 11:36:38 Job terminated.
	(1) Normal termination (return value 0)
		Usr 0 00:05:04, Sys 0 00:02:59  -  Run Remote Usage
		Usr 0 00:00:00, Sys 0 00:00:00  -  Run Local Usage
		Usr 0 00:05:04, Sys 0 00:02:59  -  Total Remote Usage
		Usr 0 00:00:00, Sys 0 00:00:00  -  Total Local Usage
	57636  -  Run Bytes Sent By Job
	553  -  Run Bytes Received By Job
	57636  -  Total Bytes Sent By Job
	553  -  Total Bytes Received By Job
	Partitionable Resources :    Usage  Request Allocated
	   Cpus                 :                 1         1
	   Disk (KB)            :       69  1024000   2046244
	   Memory (MB)          :      324     2000      2000
...
