000 (9549.000.000) 03/29 09:54:33 Job submitted from host: <128.101.221.180:9618?addrs=128.101.221.180-9618&noUDP&sock=3943_2604_3>
...
001 (9549.000.000) 03/29 11:41:48 Job executing on host: <128.101.220.49:9618?addrs=128.101.220.49-9618&noUDP&sock=280861_dd0b_4>
...
006 (9549.000.000) 03/29 11:41:57 Image size of job updated: 259888
	178  -  MemoryUsage of job (MB)
	182092  -  ResidentSetSize of job (KB)
...
006 (9549.000.000) 03/29 11:46:58 Image size of job updated: 427120
	323  -  MemoryUsage of job (MB)
	330484  -  ResidentSetSize of job (KB)
...
006 (9549.000.000) 03/29 11:49:18 Image size of job updated: 430852
	323  -  MemoryUsage of job (MB)
	330484  -  ResidentSetSize of job (KB)
...
005 (9549.000.000) 03/29 11:49:19 Job terminated.
	(1) Normal termination (return value 0)
		Usr 0 00:05:02, Sys 0 00:01:41  -  Run Remote Usage
		Usr 0 00:00:00, Sys 0 00:00:00  -  Run Local Usage
		Usr 0 00:05:02, Sys 0 00:01:41  -  Total Remote Usage
		Usr 0 00:00:00, Sys 0 00:00:00  -  Total Local Usage
	61380  -  Run Bytes Sent By Job
	553  -  Run Bytes Received By Job
	61380  -  Total Bytes Sent By Job
	553  -  Total Bytes Received By Job
	Partitionable Resources :    Usage  Request Allocated
	   Cpus                 :                 1         1
	   Disk (KB)            :       73  1024000   1028772
	   Memory (MB)          :      323     2000      2000
...
