000 (9556.000.000) 03/29 09:54:36 Job submitted from host: <128.101.221.180:9618?addrs=128.101.221.180-9618&noUDP&sock=3943_2604_3>
...
001 (9556.000.000) 03/29 11:43:36 Job executing on host: <128.101.221.175:9618?addrs=128.101.221.175-9618&noUDP&sock=12916_e152_4>
...
006 (9556.000.000) 03/29 11:43:44 Image size of job updated: 157524
	136  -  MemoryUsage of job (MB)
	138948  -  ResidentSetSize of job (KB)
...
006 (9556.000.000) 03/29 11:48:44 Image size of job updated: 330560
	323  -  MemoryUsage of job (MB)
	330192  -  ResidentSetSize of job (KB)
...
005 (9556.000.000) 03/29 11:49:45 Job terminated.
	(1) Normal termination (return value 0)
		Usr 0 00:03:45, Sys 0 00:01:56  -  Run Remote Usage
		Usr 0 00:00:00, Sys 0 00:00:00  -  Run Local Usage
		Usr 0 00:03:45, Sys 0 00:01:56  -  Total Remote Usage
		Usr 0 00:00:00, Sys 0 00:00:00  -  Total Local Usage
	57228  -  Run Bytes Sent By Job
	553  -  Run Bytes Received By Job
	57228  -  Total Bytes Sent By Job
	553  -  Total Bytes Received By Job
	Partitionable Resources :    Usage  Request Allocated
	   Cpus                 :                 1         1
	   Disk (KB)            :       69  1024000   1931000
	   Memory (MB)          :      323     2000      2000
...
