000 (9517.000.000) 03/29 09:54:17 Job submitted from host: <128.101.221.180:9618?addrs=128.101.221.180-9618&noUDP&sock=3943_2604_3>
...
001 (9517.000.000) 03/29 11:31:27 Job executing on host: <128.101.221.188:9618?addrs=128.101.221.188-9618&noUDP&sock=3087505_3369_4>
...
006 (9517.000.000) 03/29 11:31:36 Image size of job updated: 253000
	173  -  MemoryUsage of job (MB)
	176884  -  ResidentSetSize of job (KB)
...
006 (9517.000.000) 03/29 11:36:37 Image size of job updated: 428312
	324  -  MemoryUsage of job (MB)
	331676  -  ResidentSetSize of job (KB)
...
006 (9517.000.000) 03/29 11:37:23 Image size of job updated: 730284
	324  -  MemoryUsage of job (MB)
	331676  -  ResidentSetSize of job (KB)
...
005 (9517.000.000) 03/29 11:37:24 Job terminated.
	(1) Normal termination (return value 0)
		Usr 0 00:04:03, Sys 0 00:01:18  -  Run Remote Usage
		Usr 0 00:00:00, Sys 0 00:00:00  -  Run Local Usage
		Usr 0 00:04:03, Sys 0 00:01:18  -  Total Remote Usage
		Usr 0 00:00:00, Sys 0 00:00:00  -  Total Local Usage
	51733  -  Run Bytes Sent By Job
	553  -  Run Bytes Received By Job
	51733  -  Total Bytes Sent By Job
	553  -  Total Bytes Received By Job
	Partitionable Resources :    Usage  Request Allocated
	   Cpus                 :                 1         1
	   Disk (KB)            :       63  1024000   1028781
	   Memory (MB)          :      324     2000      2000
...
