000 (9545.000.000) 03/29 09:54:31 Job submitted from host: <128.101.221.180:9618?addrs=128.101.221.180-9618&noUDP&sock=3943_2604_3>
...
001 (9545.000.000) 03/29 11:39:18 Job executing on host: <128.101.221.186:9618?addrs=128.101.221.186-9618&noUDP&sock=3131318_464d_4>
...
006 (9545.000.000) 03/29 11:39:27 Image size of job updated: 172680
	109  -  MemoryUsage of job (MB)
	110924  -  ResidentSetSize of job (KB)
...
006 (9545.000.000) 03/29 11:44:27 Image size of job updated: 426180
	322  -  MemoryUsage of job (MB)
	329548  -  ResidentSetSize of job (KB)
...
006 (9545.000.000) 03/29 11:49:27 Image size of job updated: 432400
	328  -  MemoryUsage of job (MB)
	335764  -  ResidentSetSize of job (KB)
...
005 (9545.000.000) 03/29 11:50:14 Job terminated.
	(1) Normal termination (return value 0)
		Usr 0 00:07:25, Sys 0 00:02:30  -  Run Remote Usage
		Usr 0 00:00:00, Sys 0 00:00:00  -  Run Local Usage
		Usr 0 00:07:25, Sys 0 00:02:30  -  Total Remote Usage
		Usr 0 00:00:00, Sys 0 00:00:00  -  Total Local Usage
	70669  -  Run Bytes Sent By Job
	553  -  Run Bytes Received By Job
	70669  -  Total Bytes Sent By Job
	553  -  Total Bytes Received By Job
	Partitionable Resources :    Usage  Request Allocated
	   Cpus                 :                 1         1
	   Disk (KB)            :       82  1024000   1026937
	   Memory (MB)          :      328     2000      2000
...
