000 (9535.000.000) 03/29 09:54:26 Job submitted from host: <128.101.221.180:9618?addrs=128.101.221.180-9618&noUDP&sock=3943_2604_3>
...
001 (9535.000.000) 03/29 11:35:23 Job executing on host: <128.101.221.182:9618?addrs=128.101.221.182-9618&noUDP&sock=3902_06a2_4>
...
006 (9535.000.000) 03/29 11:35:32 Image size of job updated: 201192
	175  -  MemoryUsage of job (MB)
	178296  -  ResidentSetSize of job (KB)
...
006 (9535.000.000) 03/29 11:40:33 Image size of job updated: 332028
	324  -  MemoryUsage of job (MB)
	331648  -  ResidentSetSize of job (KB)
...
005 (9535.000.000) 03/29 11:45:00 Job terminated.
	(1) Normal termination (return value 0)
		Usr 0 00:05:47, Sys 0 00:03:05  -  Run Remote Usage
		Usr 0 00:00:00, Sys 0 00:00:00  -  Run Local Usage
		Usr 0 00:05:47, Sys 0 00:03:05  -  Total Remote Usage
		Usr 0 00:00:00, Sys 0 00:00:00  -  Total Local Usage
	68659  -  Run Bytes Sent By Job
	553  -  Run Bytes Received By Job
	68659  -  Total Bytes Sent By Job
	553  -  Total Bytes Received By Job
	Partitionable Resources :    Usage  Request Allocated
	   Cpus                 :                 1         1
	   Disk (KB)            :       80  1024000   2046704
	   Memory (MB)          :      324     2000      2000
...
