000 (9528.000.000) 03/29 09:54:22 Job submitted from host: <128.101.221.180:9618?addrs=128.101.221.180-9618&noUDP&sock=3943_2604_3>
...
001 (9528.000.000) 03/29 11:34:20 Job executing on host: <128.101.221.175:9618?addrs=128.101.221.175-9618&noUDP&sock=12916_e152_4>
...
006 (9528.000.000) 03/29 11:34:29 Image size of job updated: 214284
	174  -  MemoryUsage of job (MB)
	177276  -  ResidentSetSize of job (KB)
...
006 (9528.000.000) 03/29 11:39:30 Image size of job updated: 330052
	322  -  MemoryUsage of job (MB)
	329640  -  ResidentSetSize of job (KB)
...
006 (9528.000.000) 03/29 11:44:31 Image size of job updated: 333216
	326  -  MemoryUsage of job (MB)
	332948  -  ResidentSetSize of job (KB)
...
006 (9528.000.000) 03/29 11:46:54 Image size of job updated: 730052
	326  -  MemoryUsage of job (MB)
	332948  -  ResidentSetSize of job (KB)
...
005 (9528.000.000) 03/29 11:46:55 Job terminated.
	(1) Normal termination (return value 0)
		Usr 0 00:07:17, Sys 0 00:04:35  -  Run Remote Usage
		Usr 0 00:00:00, Sys 0 00:00:00  -  Run Local Usage
		Usr 0 00:07:17, Sys 0 00:04:35  -  Total Remote Usage
		Usr 0 00:00:00, Sys 0 00:00:00  -  Total Local Usage
	70228  -  Run Bytes Sent By Job
	553  -  Run Bytes Received By Job
	70228  -  Total Bytes Sent By Job
	553  -  Total Bytes Received By Job
	Partitionable Resources :    Usage  Request Allocated
	   Cpus                 :                 1         1
	   Disk (KB)            :       81  1024000   1931000
	   Memory (MB)          :      326     2000      2000
...
