000 (9554.000.000) 03/29 09:54:35 Job submitted from host: <128.101.221.180:9618?addrs=128.101.221.180-9618&noUDP&sock=3943_2604_3>
...
001 (9554.000.000) 03/29 11:43:35 Job executing on host: <128.101.220.50:9618?addrs=128.101.220.50-9618&noUDP&sock=258564_f9de_4>
...
006 (9554.000.000) 03/29 11:43:43 Image size of job updated: 237776
	162  -  MemoryUsage of job (MB)
	165700  -  ResidentSetSize of job (KB)
...
006 (9554.000.000) 03/29 11:48:26 Image size of job updated: 730420
	162  -  MemoryUsage of job (MB)
	165700  -  ResidentSetSize of job (KB)
...
005 (9554.000.000) 03/29 11:48:27 Job terminated.
	(1) Normal termination (return value 0)
		Usr 0 00:03:17, Sys 0 00:01:07  -  Run Remote Usage
		Usr 0 00:00:00, Sys 0 00:00:00  -  Run Local Usage
		Usr 0 00:03:17, Sys 0 00:01:07  -  Total Remote Usage
		Usr 0 00:00:00, Sys 0 00:00:00  -  Total Local Usage
	51915  -  Run Bytes Sent By Job
	553  -  Run Bytes Received By Job
	51915  -  Total Bytes Sent By Job
	553  -  Total Bytes Received By Job
	Partitionable Resources :    Usage  Request Allocated
	   Cpus                 :                 1         1
	   Disk (KB)            :       64  1024000   1027938
	   Memory (MB)          :      162     2000      2000
...
