000 (9502.000.000) 03/29 09:54:10 Job submitted from host: <128.101.221.180:9618?addrs=128.101.221.180-9618&noUDP&sock=3943_2604_3>
...
001 (9502.000.000) 03/29 11:26:49 Job executing on host: <128.101.221.175:9618?addrs=128.101.221.175-9618&noUDP&sock=12916_e152_4>
...
006 (9502.000.000) 03/29 11:26:58 Image size of job updated: 270164
	189  -  MemoryUsage of job (MB)
	193108  -  ResidentSetSize of job (KB)
...
006 (9502.000.000) 03/29 11:31:59 Image size of job updated: 329244
	322  -  MemoryUsage of job (MB)
	329148  -  ResidentSetSize of job (KB)
...
006 (9502.000.000) 03/29 11:37:00 Image size of job updated: 336432
	329  -  MemoryUsage of job (MB)
	335948  -  ResidentSetSize of job (KB)
...
006 (9502.000.000) 03/29 11:41:41 Image size of job updated: 733296
	329  -  MemoryUsage of job (MB)
	335948  -  ResidentSetSize of job (KB)
...
005 (9502.000.000) 03/29 11:41:42 Job terminated.
	(1) Normal termination (return value 0)
		Usr 0 00:08:41, Sys 0 00:05:23  -  Run Remote Usage
		Usr 0 00:00:00, Sys 0 00:00:00  -  Run Local Usage
		Usr 0 00:08:41, Sys 0 00:05:23  -  Total Remote Usage
		Usr 0 00:00:00, Sys 0 00:00:00  -  Total Local Usage
	98016  -  Run Bytes Sent By Job
	553  -  Run Bytes Received By Job
	98016  -  Total Bytes Sent By Job
	553  -  Total Bytes Received By Job
	Partitionable Resources :    Usage  Request Allocated
	   Cpus                 :                 1         1
	   Disk (KB)            :      109  1024000   1931024
	   Memory (MB)          :      329     2000      2000
...
