000 (9526.000.000) 03/29 09:54:22 Job submitted from host: <128.101.221.180:9618?addrs=128.101.221.180-9618&noUDP&sock=3943_2604_3>
...
001 (9526.000.000) 03/29 11:33:05 Job executing on host: <128.101.221.182:9618?addrs=128.101.221.182-9618&noUDP&sock=3902_06a2_4>
...
006 (9526.000.000) 03/29 11:33:14 Image size of job updated: 267728
	187  -  MemoryUsage of job (MB)
	191044  -  ResidentSetSize of job (KB)
...
006 (9526.000.000) 03/29 11:38:15 Image size of job updated: 329360
	322  -  MemoryUsage of job (MB)
	329280  -  ResidentSetSize of job (KB)
...
006 (9526.000.000) 03/29 11:39:24 Image size of job updated: 726956
	322  -  MemoryUsage of job (MB)
	329280  -  ResidentSetSize of job (KB)
...
005 (9526.000.000) 03/29 11:39:25 Job terminated.
	(1) Normal termination (return value 0)
		Usr 0 00:03:48, Sys 0 00:02:10  -  Run Remote Usage
		Usr 0 00:00:00, Sys 0 00:00:00  -  Run Local Usage
		Usr 0 00:03:48, Sys 0 00:02:10  -  Total Remote Usage
		Usr 0 00:00:00, Sys 0 00:00:00  -  Total Local Usage
	48628  -  Run Bytes Sent By Job
	553  -  Run Bytes Received By Job
	48628  -  Total Bytes Sent By Job
	553  -  Total Bytes Received By Job
	Partitionable Resources :    Usage  Request Allocated
	   Cpus                 :                 1         1
	   Disk (KB)            :       60  1024000   2046244
	   Memory (MB)          :      322     2000      2000
...
