000 (9511.000.000) 03/29 09:54:14 Job submitted from host: <128.101.221.180:9618?addrs=128.101.221.180-9618&noUDP&sock=3943_2604_3>
...
001 (9511.000.000) 03/29 11:28:34 Job executing on host: <128.101.221.175:9618?addrs=128.101.221.175-9618&noUDP&sock=12916_e152_4>
...
006 (9511.000.000) 03/29 11:28:42 Image size of job updated: 216592
	148  -  MemoryUsage of job (MB)
	150760  -  ResidentSetSize of job (KB)
...
006 (9511.000.000) 03/29 11:33:42 Image size of job updated: 329964
	322  -  MemoryUsage of job (MB)
	329696  -  ResidentSetSize of job (KB)
...
006 (9511.000.000) 03/29 11:35:01 Image size of job updated: 726388
	322  -  MemoryUsage of job (MB)
	329696  -  ResidentSetSize of job (KB)
...
005 (9511.000.000) 03/29 11:35:02 Job terminated.
	(1) Normal termination (return value 0)
		Usr 0 00:03:51, Sys 0 00:02:14  -  Run Remote Usage
		Usr 0 00:00:00, Sys 0 00:00:00  -  Run Local Usage
		Usr 0 00:03:51, Sys 0 00:02:14  -  Total Remote Usage
		Usr 0 00:00:00, Sys 0 00:00:00  -  Total Local Usage
	40676  -  Run Bytes Sent By Job
	553  -  Run Bytes Received By Job
	40676  -  Total Bytes Sent By Job
	553  -  Total Bytes Received By Job
	Partitionable Resources :    Usage  Request Allocated
	   Cpus                 :                 1         1
	   Disk (KB)            :       53  1024000   1931038
	   Memory (MB)          :      322     2000      2000
...
