000 (9525.000.000) 03/29 09:54:21 Job submitted from host: <128.101.221.180:9618?addrs=128.101.221.180-9618&noUDP&sock=3943_2604_3>
...
001 (9525.000.000) 03/29 11:32:48 Job executing on host: <128.101.221.176:9618?addrs=128.101.221.176-9618&noUDP&sock=2756849_b007_4>
...
006 (9525.000.000) 03/29 11:32:57 Image size of job updated: 243588
	168  -  MemoryUsage of job (MB)
	171208  -  ResidentSetSize of job (KB)
...
006 (9525.000.000) 03/29 11:37:58 Image size of job updated: 424032
	322  -  MemoryUsage of job (MB)
	329676  -  ResidentSetSize of job (KB)
...
005 (9525.000.000) 03/29 11:42:16 Job terminated.
	(1) Normal termination (return value 0)
		Usr 0 00:06:33, Sys 0 00:02:15  -  Run Remote Usage
		Usr 0 00:00:00, Sys 0 00:00:00  -  Run Local Usage
		Usr 0 00:06:33, Sys 0 00:02:15  -  Total Remote Usage
		Usr 0 00:00:00, Sys 0 00:00:00  -  Total Local Usage
	61631  -  Run Bytes Sent By Job
	553  -  Run Bytes Received By Job
	61631  -  Total Bytes Sent By Job
	553  -  Total Bytes Received By Job
	Partitionable Resources :    Usage  Request Allocated
	   Cpus                 :                 1         1
	   Disk (KB)            :       73  1024000   1026246
	   Memory (MB)          :      322     2000      2000
...
