000 (9534.000.000) 03/29 09:54:25 Job submitted from host: <128.101.221.180:9618?addrs=128.101.221.180-9618&noUDP&sock=3943_2604_3>
...
001 (9534.000.000) 03/29 11:35:23 Job executing on host: <128.101.221.175:9618?addrs=128.101.221.175-9618&noUDP&sock=12916_e152_4>
...
006 (9534.000.000) 03/29 11:35:32 Image size of job updated: 249664
	172  -  MemoryUsage of job (MB)
	175196  -  ResidentSetSize of job (KB)
...
006 (9534.000.000) 03/29 11:40:33 Image size of job updated: 331748
	324  -  MemoryUsage of job (MB)
	331536  -  ResidentSetSize of job (KB)
...
006 (9534.000.000) 03/29 11:43:35 Image size of job updated: 731064
	324  -  MemoryUsage of job (MB)
	331536  -  ResidentSetSize of job (KB)
...
005 (9534.000.000) 03/29 11:43:36 Job terminated.
	(1) Normal termination (return value 0)
		Usr 0 00:04:51, Sys 0 00:02:53  -  Run Remote Usage
		Usr 0 00:00:00, Sys 0 00:00:00  -  Run Local Usage
		Usr 0 00:04:51, Sys 0 00:02:53  -  Total Remote Usage
		Usr 0 00:00:00, Sys 0 00:00:00  -  Total Local Usage
	58494  -  Run Bytes Sent By Job
	553  -  Run Bytes Received By Job
	58494  -  Total Bytes Sent By Job
	553  -  Total Bytes Received By Job
	Partitionable Resources :    Usage  Request Allocated
	   Cpus                 :                 1         1
	   Disk (KB)            :       70  1024000   1930998
	   Memory (MB)          :      324     2000      2000
...
