000 (9500.000.000) 03/29 09:54:09 Job submitted from host: <128.101.221.180:9618?addrs=128.101.221.180-9618&noUDP&sock=3943_2604_3>
...
001 (9500.000.000) 03/29 11:26:39 Job executing on host: <128.101.220.50:9618?addrs=128.101.220.50-9618&noUDP&sock=258564_f9de_4>
...
006 (9500.000.000) 03/29 11:26:47 Image size of job updated: 191684
	127  -  MemoryUsage of job (MB)
	129160  -  ResidentSetSize of job (KB)
...
006 (9500.000.000) 03/29 11:31:47 Image size of job updated: 426552
	323  -  MemoryUsage of job (MB)
	329920  -  ResidentSetSize of job (KB)
...
006 (9500.000.000) 03/29 11:35:39 Image size of job updated: 733364
	323  -  MemoryUsage of job (MB)
	329920  -  ResidentSetSize of job (KB)
...
005 (9500.000.000) 03/29 11:35:40 Job terminated.
	(1) Normal termination (return value 0)
		Usr 0 00:06:04, Sys 0 00:02:04  -  Run Remote Usage
		Usr 0 00:00:00, Sys 0 00:00:00  -  Run Local Usage
		Usr 0 00:06:04, Sys 0 00:02:04  -  Total Remote Usage
		Usr 0 00:00:00, Sys 0 00:00:00  -  Total Local Usage
	74425  -  Run Bytes Sent By Job
	553  -  Run Bytes Received By Job
	74425  -  Total Bytes Sent By Job
	553  -  Total Bytes Received By Job
	Partitionable Resources :    Usage  Request Allocated
	   Cpus                 :                 1         1
	   Disk (KB)            :       86  1024000   1027955
	   Memory (MB)          :      323     2000      2000
...
