000 (9523.000.000) 03/29 09:54:20 Job submitted from host: <128.101.221.180:9618?addrs=128.101.221.180-9618&noUDP&sock=3943_2604_3>
...
001 (9523.000.000) 03/29 11:32:29 Job executing on host: <128.101.221.172:9618?addrs=128.101.221.172-9618&noUDP&sock=1824113_5f8e_4>
...
006 (9523.000.000) 03/29 11:32:38 Image size of job updated: 187380
	123  -  MemoryUsage of job (MB)
	125540  -  ResidentSetSize of job (KB)
...
006 (9523.000.000) 03/29 11:37:39 Image size of job updated: 428628
	325  -  MemoryUsage of job (MB)
	331992  -  ResidentSetSize of job (KB)
...
006 (9523.000.000) 03/29 11:38:00 Image size of job updated: 428656
	325  -  MemoryUsage of job (MB)
	331992  -  ResidentSetSize of job (KB)
...
005 (9523.000.000) 03/29 11:38:00 Job terminated.
	(1) Normal termination (return value 0)
		Usr 0 00:03:47, Sys 0 00:01:15  -  Run Remote Usage
		Usr 0 00:00:00, Sys 0 00:00:00  -  Run Local Usage
		Usr 0 00:03:47, Sys 0 00:01:15  -  Total Remote Usage
		Usr 0 00:00:00, Sys 0 00:00:00  -  Total Local Usage
	44869  -  Run Bytes Sent By Job
	553  -  Run Bytes Received By Job
	44869  -  Total Bytes Sent By Job
	553  -  Total Bytes Received By Job
	Partitionable Resources :    Usage  Request Allocated
	   Cpus                 :                 1         1
	   Disk (KB)            :       57  1024000   1028916
	   Memory (MB)          :      325     2000      2000
...
