000 (9509.000.000) 03/29 09:54:13 Job submitted from host: <128.101.221.180:9618?addrs=128.101.221.180-9618&noUDP&sock=3943_2604_3>
...
001 (9509.000.000) 03/29 11:27:52 Job executing on host: <128.101.221.176:9618?addrs=128.101.221.176-9618&noUDP&sock=2756849_b007_4>
...
006 (9509.000.000) 03/29 11:28:00 Image size of job updated: 187456
	124  -  MemoryUsage of job (MB)
	126832  -  ResidentSetSize of job (KB)
...
006 (9509.000.000) 03/29 11:33:00 Image size of job updated: 330952
	322  -  MemoryUsage of job (MB)
	329288  -  ResidentSetSize of job (KB)
...
006 (9509.000.000) 03/29 11:38:01 Image size of job updated: 335624
	326  -  MemoryUsage of job (MB)
	333344  -  ResidentSetSize of job (KB)
...
005 (9509.000.000) 03/29 11:38:37 Job terminated.
	(1) Normal termination (return value 0)
		Usr 0 00:07:28, Sys 0 00:02:33  -  Run Remote Usage
		Usr 0 00:00:00, Sys 0 00:00:00  -  Run Local Usage
		Usr 0 00:07:28, Sys 0 00:02:33  -  Total Remote Usage
		Usr 0 00:00:00, Sys 0 00:00:00  -  Total Local Usage
	53934  -  Run Bytes Sent By Job
	553  -  Run Bytes Received By Job
	53934  -  Total Bytes Sent By Job
	553  -  Total Bytes Received By Job
	Partitionable Resources :    Usage  Request Allocated
	   Cpus                 :                 1         1
	   Disk (KB)            :       66  1024000   1026254
	   Memory (MB)          :      326     2000      2000
...
