000 (9536.000.000) 03/29 09:54:26 Job submitted from host: <128.101.221.180:9618?addrs=128.101.221.180-9618&noUDP&sock=3943_2604_3>
...
001 (9536.000.000) 03/29 11:35:27 Job executing on host: <128.101.221.182:9618?addrs=128.101.221.182-9618&noUDP&sock=3902_06a2_4>
...
006 (9536.000.000) 03/29 11:35:35 Image size of job updated: 235552
	176  -  MemoryUsage of job (MB)
	179212  -  ResidentSetSize of job (KB)
...
005 (9536.000.000) 03/29 11:39:40 Job terminated.
	(1) Normal termination (return value 0)
		Usr 0 00:02:32, Sys 0 00:01:25  -  Run Remote Usage
		Usr 0 00:00:00, Sys 0 00:00:00  -  Run Local Usage
		Usr 0 00:02:32, Sys 0 00:01:25  -  Total Remote Usage
		Usr 0 00:00:00, Sys 0 00:00:00  -  Total Local Usage
	39566  -  Run Bytes Sent By Job
	553  -  Run Bytes Received By Job
	39566  -  Total Bytes Sent By Job
	553  -  Total Bytes Received By Job
	Partitionable Resources :    Usage  Request Allocated
	   Cpus                 :                 1         1
	   Disk (KB)            :       52  1024000   2046220
	   Memory (MB)          :      176     2000      2000
...
