000 (9546.000.000) 03/29 09:54:31 Job submitted from host: <128.101.221.180:9618?addrs=128.101.221.180-9618&noUDP&sock=3943_2604_3>
...
001 (9546.000.000) 03/29 11:39:34 Job executing on host: <128.101.221.175:9618?addrs=128.101.221.175-9618&noUDP&sock=12916_e152_4>
...
006 (9546.000.000) 03/29 11:39:43 Image size of job updated: 189284
	126  -  MemoryUsage of job (MB)
	128708  -  ResidentSetSize of job (KB)
...
006 (9546.000.000) 03/29 11:44:43 Image size of job updated: 330016
	323  -  MemoryUsage of job (MB)
	329920  -  ResidentSetSize of job (KB)
...
006 (9546.000.000) 03/29 11:44:58 Image size of job updated: 330052
	323  -  MemoryUsage of job (MB)
	329920  -  ResidentSetSize of job (KB)
...
005 (9546.000.000) 03/29 11:44:59 Job terminated.
	(1) Normal termination (return value 0)
		Usr 0 00:03:17, Sys 0 00:01:48  -  Run Remote Usage
		Usr 0 00:00:00, Sys 0 00:00:00  -  Run Local Usage
		Usr 0 00:03:17, Sys 0 00:01:48  -  Total Remote Usage
		Usr 0 00:00:00, Sys 0 00:00:00  -  Total Local Usage
	47298  -  Run Bytes Sent By Job
	553  -  Run Bytes Received By Job
	47298  -  Total Bytes Sent By Job
	553  -  Total Bytes Received By Job
	Partitionable Resources :    Usage  Request Allocated
	   Cpus                 :                 1         1
	   Disk (KB)            :       59  1024000   1931010
	   Memory (MB)          :      323     2000      2000
...
