000 (9499.000.000) 03/29 09:54:08 Job submitted from host: <128.101.221.180:9618?addrs=128.101.221.180-9618&noUDP&sock=3943_2604_3>
...
001 (9499.000.000) 03/29 11:26:20 Job executing on host: <128.101.221.193:9618?addrs=128.101.221.193-9618&noUDP&sock=2332108_b0a7_4>
...
006 (9499.000.000) 03/29 11:26:29 Image size of job updated: 195068
	130  -  MemoryUsage of job (MB)
	132340  -  ResidentSetSize of job (KB)
...
006 (9499.000.000) 03/29 11:28:46 Image size of job updated: 733292
	130  -  MemoryUsage of job (MB)
	132340  -  ResidentSetSize of job (KB)
...
005 (9499.000.000) 03/29 11:28:47 Job terminated.
	(1) Normal termination (return value 0)
		Usr 0 00:01:36, Sys 0 00:00:32  -  Run Remote Usage
		Usr 0 00:00:00, Sys 0 00:00:00  -  Run Local Usage
		Usr 0 00:01:36, Sys 0 00:00:32  -  Total Remote Usage
		Usr 0 00:00:00, Sys 0 00:00:00  -  Total Local Usage
	40878  -  Run Bytes Sent By Job
	553  -  Run Bytes Received By Job
	40878  -  Total Bytes Sent By Job
	553  -  Total Bytes Received By Job
	Partitionable Resources :    Usage  Request Allocated
	   Cpus                 :                 1         1
	   Disk (KB)            :       53  1024000   1028371
	   Memory (MB)          :      130     2000      2000
...
