000 (9532.000.000) 03/29 09:54:24 Job submitted from host: <128.101.221.180:9618?addrs=128.101.221.180-9618&noUDP&sock=3943_2604_3>
...
001 (9532.000.000) 03/29 11:34:48 Job executing on host: <128.101.221.182:9618?addrs=128.101.221.182-9618&noUDP&sock=3902_06a2_4>
...
006 (9532.000.000) 03/29 11:34:57 Image size of job updated: 239444
	185  -  MemoryUsage of job (MB)
	188420  -  ResidentSetSize of job (KB)
...
006 (9532.000.000) 03/29 11:39:58 Image size of job updated: 329596
	322  -  MemoryUsage of job (MB)
	329412  -  ResidentSetSize of job (KB)
...
006 (9532.000.000) 03/29 11:42:48 Image size of job updated: 733008
	322  -  MemoryUsage of job (MB)
	329412  -  ResidentSetSize of job (KB)
...
005 (9532.000.000) 03/29 11:42:49 Job terminated.
	(1) Normal termination (return value 0)
		Usr 0 00:04:50, Sys 0 00:02:36  -  Run Remote Usage
		Usr 0 00:00:00, Sys 0 00:00:00  -  Run Local Usage
		Usr 0 00:04:50, Sys 0 00:02:36  -  Total Remote Usage
		Usr 0 00:00:00, Sys 0 00:00:00  -  Total Local Usage
	64059  -  Run Bytes Sent By Job
	553  -  Run Bytes Received By Job
	64059  -  Total Bytes Sent By Job
	553  -  Total Bytes Received By Job
	Partitionable Resources :    Usage  Request Allocated
	   Cpus                 :                 1         1
	   Disk (KB)            :       75  1024000   2046244
	   Memory (MB)          :      322     2000      2000
...
