000 (9552.000.000) 03/29 09:54:34 Job submitted from host: <128.101.221.180:9618?addrs=128.101.221.180-9618&noUDP&sock=3943_2604_3>
...
001 (9552.000.000) 03/29 11:42:33 Job executing on host: <128.101.221.176:9618?addrs=128.101.221.176-9618&noUDP&sock=2756849_b007_4>
...
006 (9552.000.000) 03/29 11:42:41 Image size of job updated: 182292
	119  -  MemoryUsage of job (MB)
	121832  -  ResidentSetSize of job (KB)
...
006 (9552.000.000) 03/29 11:47:41 Image size of job updated: 423880
	322  -  MemoryUsage of job (MB)
	329556  -  ResidentSetSize of job (KB)
...
005 (9552.000.000) 03/29 11:49:56 Job terminated.
	(1) Normal termination (return value 0)
		Usr 0 00:05:09, Sys 0 00:01:45  -  Run Remote Usage
		Usr 0 00:00:00, Sys 0 00:00:00  -  Run Local Usage
		Usr 0 00:05:09, Sys 0 00:01:45  -  Total Remote Usage
		Usr 0 00:00:00, Sys 0 00:00:00  -  Total Local Usage
	60771  -  Run Bytes Sent By Job
	553  -  Run Bytes Received By Job
	60771  -  Total Bytes Sent By Job
	553  -  Total Bytes Received By Job
	Partitionable Resources :    Usage  Request Allocated
	   Cpus                 :                 1         1
	   Disk (KB)            :       72  1024000   1026224
	   Memory (MB)          :      322     2000      2000
...
