000 (9522.000.000) 03/29 09:54:19 Job submitted from host: <128.101.221.180:9618?addrs=128.101.221.180-9618&noUDP&sock=3943_2604_3>
...
001 (9522.000.000) 03/29 11:32:21 Job executing on host: <128.101.221.182:9618?addrs=128.101.221.182-9618&noUDP&sock=3902_06a2_4>
...
006 (9522.000.000) 03/29 11:32:30 Image size of job updated: 249108
	171  -  MemoryUsage of job (MB)
	174856  -  ResidentSetSize of job (KB)
...
006 (9522.000.000) 03/29 11:37:31 Image size of job updated: 327984
	320  -  MemoryUsage of job (MB)
	327520  -  ResidentSetSize of job (KB)
...
006 (9522.000.000) 03/29 11:40:47 Image size of job updated: 732656
	320  -  MemoryUsage of job (MB)
	327520  -  ResidentSetSize of job (KB)
...
005 (9522.000.000) 03/29 11:40:48 Job terminated.
	(1) Normal termination (return value 0)
		Usr 0 00:05:02, Sys 0 00:02:54  -  Run Remote Usage
		Usr 0 00:00:00, Sys 0 00:00:00  -  Run Local Usage
		Usr 0 00:05:02, Sys 0 00:02:54  -  Total Remote Usage
		Usr 0 00:00:00, Sys 0 00:00:00  -  Total Local Usage
	60539  -  Run Bytes Sent By Job
	553  -  Run Bytes Received By Job
	60539  -  Total Bytes Sent By Job
	553  -  Total Bytes Received By Job
	Partitionable Resources :    Usage  Request Allocated
	   Cpus                 :                 1         1
	   Disk (KB)            :       72  1024000   2046242
	   Memory (MB)          :      320     2000      2000
...
