000 (9548.000.000) 03/29 09:54:32 Job submitted from host: <128.101.221.180:9618?addrs=128.101.221.180-9618&noUDP&sock=3943_2604_3>
...
001 (9548.000.000) 03/29 11:41:43 Job executing on host: <128.101.221.172:9618?addrs=128.101.221.172-9618&noUDP&sock=1824113_5f8e_4>
...
006 (9548.000.000) 03/29 11:41:52 Image size of job updated: 233356
	159  -  MemoryUsage of job (MB)
	162568  -  ResidentSetSize of job (KB)
...
006 (9548.000.000) 03/29 11:46:53 Image size of job updated: 429080
	325  -  MemoryUsage of job (MB)
	332444  -  ResidentSetSize of job (KB)
...
006 (9548.000.000) 03/29 11:49:29 Image size of job updated: 429288
	325  -  MemoryUsage of job (MB)
	332444  -  ResidentSetSize of job (KB)
...
005 (9548.000.000) 03/29 11:49:30 Job terminated.
	(1) Normal termination (return value 0)
		Usr 0 00:05:19, Sys 0 00:01:49  -  Run Remote Usage
		Usr 0 00:00:00, Sys 0 00:00:00  -  Run Local Usage
		Usr 0 00:05:19, Sys 0 00:01:49  -  Total Remote Usage
		Usr 0 00:00:00, Sys 0 00:00:00  -  Total Local Usage
	58708  -  Run Bytes Sent By Job
	553  -  Run Bytes Received By Job
	58708  -  Total Bytes Sent By Job
	553  -  Total Bytes Received By Job
	Partitionable Resources :    Usage  Request Allocated
	   Cpus                 :                 1         1
	   Disk (KB)            :       70  1024000   1028903
	   Memory (MB)          :      325     2000      2000
...
