000 (9550.000.000) 03/29 09:54:33 Job submitted from host: <128.101.221.180:9618?addrs=128.101.221.180-9618&noUDP&sock=3943_2604_3>
...
001 (9550.000.000) 03/29 11:42:09 Job executing on host: <128.101.221.175:9618?addrs=128.101.221.175-9618&noUDP&sock=12916_e152_4>
...
006 (9550.000.000) 03/29 11:42:18 Image size of job updated: 175316
	143  -  MemoryUsage of job (MB)
	146388  -  ResidentSetSize of job (KB)
...
006 (9550.000.000) 03/29 11:46:37 Image size of job updated: 730260
	143  -  MemoryUsage of job (MB)
	146388  -  ResidentSetSize of job (KB)
...
005 (9550.000.000) 03/29 11:46:38 Job terminated.
	(1) Normal termination (return value 0)
		Usr 0 00:02:41, Sys 0 00:01:30  -  Run Remote Usage
		Usr 0 00:00:00, Sys 0 00:00:00  -  Run Local Usage
		Usr 0 00:02:41, Sys 0 00:01:30  -  Total Remote Usage
		Usr 0 00:00:00, Sys 0 00:00:00  -  Total Local Usage
	45092  -  Run Bytes Sent By Job
	553  -  Run Bytes Received By Job
	45092  -  Total Bytes Sent By Job
	553  -  Total Bytes Received By Job
	Partitionable Resources :    Usage  Request Allocated
	   Cpus                 :                 1         1
	   Disk (KB)            :       57  1024000   1930990
	   Memory (MB)          :      143     2000      2000
...
