000 (9512.000.000) 03/29 09:54:14 Job submitted from host: <128.101.221.180:9618?addrs=128.101.221.180-9618&noUDP&sock=3943_2604_3>
...
001 (9512.000.000) 03/29 11:30:00 Job executing on host: <128.101.220.87:9618?addrs=128.101.220.87-9618&noUDP&sock=465496_1dbd_4>
...
006 (9512.000.000) 03/29 11:30:08 Image size of job updated: 224480
	154  -  MemoryUsage of job (MB)
	156796  -  ResidentSetSize of job (KB)
...
005 (9512.000.000) 03/29 11:34:48 Job terminated.
	(1) Normal termination (return value 0)
		Usr 0 00:03:16, Sys 0 00:01:06  -  Run Remote Usage
		Usr 0 00:00:00, Sys 0 00:00:00  -  Run Local Usage
		Usr 0 00:03:16, Sys 0 00:01:06  -  Total Remote Usage
		Usr 0 00:00:00, Sys 0 00:00:00  -  Total Local Usage
	45119  -  Run Bytes Sent By Job
	553  -  Run Bytes Received By Job
	45119  -  Total Bytes Sent By Job
	553  -  Total Bytes Received By Job
	Partitionable Resources :    Usage  Request Allocated
	   Cpus                 :                 1         1
	   Disk (KB)            :       57  1024000   1029103
	   Memory (MB)          :      154     2000      2000
...
