000 (9547.000.000) 03/29 09:54:32 Job submitted from host: <128.101.221.180:9618?addrs=128.101.221.180-9618&noUDP&sock=3943_2604_3>
...
001 (9547.000.000) 03/29 11:40:44 Job executing on host: <128.101.220.87:9618?addrs=128.101.220.87-9618&noUDP&sock=465496_1dbd_4>
...
006 (9547.000.000) 03/29 11:40:52 Image size of job updated: 238900
	164  -  MemoryUsage of job (MB)
	167668  -  ResidentSetSize of job (KB)
...
006 (9547.000.000) 03/29 11:45:52 Image size of job updated: 334148
	324  -  MemoryUsage of job (MB)
	331484  -  ResidentSetSize of job (KB)
...
006 (9547.000.000) 03/29 11:48:45 Image size of job updated: 732944
	324  -  MemoryUsage of job (MB)
	331484  -  ResidentSetSize of job (KB)
...
005 (9547.000.000) 03/29 11:48:46 Job terminated.
	(1) Normal termination (return value 0)
		Usr 0 00:05:26, Sys 0 00:01:53  -  Run Remote Usage
		Usr 0 00:00:00, Sys 0 00:00:00  -  Run Local Usage
		Usr 0 00:05:26, Sys 0 00:01:53  -  Total Remote Usage
		Usr 0 00:00:00, Sys 0 00:00:00  -  Total Local Usage
	66683  -  Run Bytes Sent By Job
	553  -  Run Bytes Received By Job
	66683  -  Total Bytes Sent By Job
	553  -  Total Bytes Received By Job
	Partitionable Resources :    Usage  Request Allocated
	   Cpus                 :                 1         1
	   Disk (KB)            :       78  1024000   1029088
	   Memory (MB)          :      324     2000      2000
...
