000 (9501.000.000) 03/29 09:54:09 Job submitted from host: <128.101.221.180:9618?addrs=128.101.221.180-9618&noUDP&sock=3943_2604_3>
...
001 (9501.000.000) 03/29 11:26:49 Job executing on host: <128.101.220.87:9618?addrs=128.101.220.87-9618&noUDP&sock=465496_1dbd_4>
...
006 (9501.000.000) 03/29 11:26:58 Image size of job updated: 275724
	194  -  MemoryUsage of job (MB)
	198052  -  ResidentSetSize of job (KB)
...
005 (9501.000.000) 03/29 11:29:58 Job terminated.
	(1) Normal termination (return value 0)
		Usr 0 00:02:09, Sys 0 00:00:42  -  Run Remote Usage
		Usr 0 00:00:00, Sys 0 00:00:00  -  Run Local Usage
		Usr 0 00:02:09, Sys 0 00:00:42  -  Total Remote Usage
		Usr 0 00:00:00, Sys 0 00:00:00  -  Total Local Usage
	40662  -  Run Bytes Sent By Job
	553  -  Run Bytes Received By Job
	40662  -  Total Bytes Sent By Job
	553  -  Total Bytes Received By Job
	Partitionable Resources :    Usage  Request Allocated
	   Cpus                 :                 1         1
	   Disk (KB)            :       53  1024000   1029103
	   Memory (MB)          :      194     2000      2000
...
