000 (9514.000.000) 03/29 09:54:15 Job submitted from host: <128.101.221.180:9618?addrs=128.101.221.180-9618&noUDP&sock=3943_2604_3>
...
001 (9514.000.000) 03/29 11:30:25 Job executing on host: <128.101.221.175:9618?addrs=128.101.221.175-9618&noUDP&sock=12916_e152_4>
...
006 (9514.000.000) 03/29 11:30:33 Image size of job updated: 202108
	137  -  MemoryUsage of job (MB)
	139896  -  ResidentSetSize of job (KB)
...
006 (9514.000.000) 03/29 11:35:33 Image size of job updated: 331452
	324  -  MemoryUsage of job (MB)
	331360  -  ResidentSetSize of job (KB)
...
006 (9514.000.000) 03/29 11:39:32 Image size of job updated: 733012
	324  -  MemoryUsage of job (MB)
	331360  -  ResidentSetSize of job (KB)
...
005 (9514.000.000) 03/29 11:39:33 Job terminated.
	(1) Normal termination (return value 0)
		Usr 0 00:05:24, Sys 0 00:03:12  -  Run Remote Usage
		Usr 0 00:00:00, Sys 0 00:00:00  -  Run Local Usage
		Usr 0 00:05:24, Sys 0 00:03:12  -  Total Remote Usage
		Usr 0 00:00:00, Sys 0 00:00:00  -  Total Local Usage
	57654  -  Run Bytes Sent By Job
	553  -  Run Bytes Received By Job
	57654  -  Total Bytes Sent By Job
	553  -  Total Bytes Received By Job
	Partitionable Resources :    Usage  Request Allocated
	   Cpus                 :                 1         1
	   Disk (KB)            :       69  1024000   1931010
	   Memory (MB)          :      324     2000      2000
...
