000 (9551.000.000) 03/29 09:54:34 Job submitted from host: <128.101.221.180:9618?addrs=128.101.221.180-9618&noUDP&sock=3943_2604_3>
...
001 (9551.000.000) 03/29 11:42:09 Job executing on host: <128.101.221.175:9618?addrs=128.101.221.175-9618&noUDP&sock=12916_e152_4>
...
006 (9551.000.000) 03/29 11:42:18 Image size of job updated: 202456
	159  -  MemoryUsage of job (MB)
	162596  -  ResidentSetSize of job (KB)
...
006 (9551.000.000) 03/29 11:47:18 Image size of job updated: 329928
	322  -  MemoryUsage of job (MB)
	329712  -  ResidentSetSize of job (KB)
...
006 (9551.000.000) 03/29 11:50:57 Image size of job updated: 732796
	322  -  MemoryUsage of job (MB)
	329712  -  ResidentSetSize of job (KB)
...
005 (9551.000.000) 03/29 11:50:58 Job terminated.
	(1) Normal termination (return value 0)
		Usr 0 00:05:23, Sys 0 00:02:46  -  Run Remote Usage
		Usr 0 00:00:00, Sys 0 00:00:00  -  Run Local Usage
		Usr 0 00:05:23, Sys 0 00:02:46  -  Total Remote Usage
		Usr 0 00:00:00, Sys 0 00:00:00  -  Total Local Usage
	71980  -  Run Bytes Sent By Job
	553  -  Run Bytes Received By Job
	71980  -  Total Bytes Sent By Job
	553  -  Total Bytes Received By Job
	Partitionable Resources :    Usage  Request Allocated
	   Cpus                 :                 1         1
	   Disk (KB)            :       83  1024000   1930988
	   Memory (MB)          :      322     2000      2000
...
