000 (9497.000.000) 03/29 09:54:07 Job submitted from host: <128.101.221.180:9618?addrs=128.101.221.180-9618&noUDP&sock=3943_2604_3>
...
001 (9497.000.000) 03/29 11:26:06 Job executing on host: <128.101.220.49:9618?addrs=128.101.220.49-9618&noUDP&sock=280861_dd0b_4>
...
006 (9497.000.000) 03/29 11:26:15 Image size of job updated: 277568
	194  -  MemoryUsage of job (MB)
	198520  -  ResidentSetSize of job (KB)
...
006 (9497.000.000) 03/29 11:31:08 Image size of job updated: 729512
	194  -  MemoryUsage of job (MB)
	198520  -  ResidentSetSize of job (KB)
...
005 (9497.000.000) 03/29 11:31:09 Job terminated.
	(1) Normal termination (return value 0)
		Usr 0 00:03:26, Sys 0 00:01:06  -  Run Remote Usage
		Usr 0 00:00:00, Sys 0 00:00:00  -  Run Local Usage
		Usr 0 00:03:26, Sys 0 00:01:06  -  Total Remote Usage
		Usr 0 00:00:00, Sys 0 00:00:00  -  Total Local Usage
	50375  -  Run Bytes Sent By Job
	553  -  Run Bytes Received By Job
	50375  -  Total Bytes Sent By Job
	553  -  Total Bytes Received By Job
	Partitionable Resources :    Usage  Request Allocated
	   Cpus                 :                 1         1
	   Disk (KB)            :       62  1024000   1028775
	   Memory (MB)          :      194     2000      2000
...
