000 (9521.000.000) 03/29 09:54:19 Job submitted from host: <128.101.221.180:9618?addrs=128.101.221.180-9618&noUDP&sock=3943_2604_3>
...
001 (9521.000.000) 03/29 11:32:10 Job executing on host: <128.101.221.175:9618?addrs=128.101.221.175-9618&noUDP&sock=12916_e152_4>
...
006 (9521.000.000) 03/29 11:32:18 Image size of job updated: 227524
	176  -  MemoryUsage of job (MB)
	179804  -  ResidentSetSize of job (KB)
...
006 (9521.000.000) 03/29 11:37:18 Image size of job updated: 331148
	324  -  MemoryUsage of job (MB)
	331116  -  ResidentSetSize of job (KB)
...
006 (9521.000.000) 03/29 11:42:19 Image size of job updated: 334856
	327  -  MemoryUsage of job (MB)
	334524  -  ResidentSetSize of job (KB)
...
006 (9521.000.000) 03/29 11:45:00 Image size of job updated: 733284
	327  -  MemoryUsage of job (MB)
	334524  -  ResidentSetSize of job (KB)
...
005 (9521.000.000) 03/29 11:45:01 Job terminated.
	(1) Normal termination (return value 0)
		Usr 0 00:07:40, Sys 0 00:04:31  -  Run Remote Usage
		Usr 0 00:00:00, Sys 0 00:00:00  -  Run Local Usage
		Usr 0 00:07:40, Sys 0 00:04:31  -  Total Remote Usage
		Usr 0 00:00:00, Sys 0 00:00:00  -  Total Local Usage
	76822  -  Run Bytes Sent By Job
	553  -  Run Bytes Received By Job
	76822  -  Total Bytes Sent By Job
	553  -  Total Bytes Received By Job
	Partitionable Resources :    Usage  Request Allocated
	   Cpus                 :                 1         1
	   Disk (KB)            :       88  1024000   1931006
	   Memory (MB)          :      327     2000      2000
...
