000 (9507.000.000) 03/29 09:54:12 Job submitted from host: <128.101.221.180:9618?addrs=128.101.221.180-9618&noUDP&sock=3943_2604_3>
...
001 (9507.000.000) 03/29 11:27:41 Job executing on host: <128.101.221.175:9618?addrs=128.101.221.175-9618&noUDP&sock=12916_e152_4>
...
006 (9507.000.000) 03/29 11:27:50 Image size of job updated: 218856
	182  -  MemoryUsage of job (MB)
	185404  -  ResidentSetSize of job (KB)
...
006 (9507.000.000) 03/29 11:32:52 Image size of job updated: 328836
	322  -  MemoryUsage of job (MB)
	328752  -  ResidentSetSize of job (KB)
...
006 (9507.000.000) 03/29 11:36:52 Image size of job updated: 729504
	322  -  MemoryUsage of job (MB)
	328752  -  ResidentSetSize of job (KB)
...
005 (9507.000.000) 03/29 11:36:53 Job terminated.
	(1) Normal termination (return value 0)
		Usr 0 00:05:29, Sys 0 00:03:12  -  Run Remote Usage
		Usr 0 00:00:00, Sys 0 00:00:00  -  Run Local Usage
		Usr 0 00:05:29, Sys 0 00:03:12  -  Total Remote Usage
		Usr 0 00:00:00, Sys 0 00:00:00  -  Total Local Usage
	63413  -  Run Bytes Sent By Job
	553  -  Run Bytes Received By Job
	63413  -  Total Bytes Sent By Job
	553  -  Total Bytes Received By Job
	Partitionable Resources :    Usage  Request Allocated
	   Cpus                 :                 1         1
	   Disk (KB)            :       75  1024000   1931040
	   Memory (MB)          :      322     2000      2000
...
