000 (9515.000.000) 03/29 09:54:16 Job submitted from host: <128.101.221.180:9618?addrs=128.101.221.180-9618&noUDP&sock=3943_2604_3>
...
001 (9515.000.000) 03/29 11:31:11 Job executing on host: <128.101.220.49:9618?addrs=128.101.220.49-9618&noUDP&sock=280861_dd0b_4>
...
006 (9515.000.000) 03/29 11:31:19 Image size of job updated: 250312
	171  -  MemoryUsage of job (MB)
	174392  -  ResidentSetSize of job (KB)
...
006 (9515.000.000) 03/29 11:36:19 Image size of job updated: 426656
	323  -  MemoryUsage of job (MB)
	330020  -  ResidentSetSize of job (KB)
...
006 (9515.000.000) 03/29 11:41:20 Image size of job updated: 729900
	323  -  MemoryUsage of job (MB)
	330020  -  ResidentSetSize of job (KB)
...
005 (9515.000.000) 03/29 11:41:21 Job terminated.
	(1) Normal termination (return value 0)
		Usr 0 00:06:50, Sys 0 00:02:19  -  Run Remote Usage
		Usr 0 00:00:00, Sys 0 00:00:00  -  Run Local Usage
		Usr 0 00:06:50, Sys 0 00:02:19  -  Total Remote Usage
		Usr 0 00:00:00, Sys 0 00:00:00  -  Total Local Usage
	69194  -  Run Bytes Sent By Job
	553  -  Run Bytes Received By Job
	69194  -  Total Bytes Sent By Job
	553  -  Total Bytes Received By Job
	Partitionable Resources :    Usage  Request Allocated
	   Cpus                 :                 1         1
	   Disk (KB)            :       81  1024000   1028775
	   Memory (MB)          :      323     2000      2000
...
