000 (9519.000.000) 03/29 09:54:18 Job submitted from host: <128.101.221.180:9618?addrs=128.101.221.180-9618&noUDP&sock=3943_2604_3>
...
001 (9519.000.000) 03/29 11:31:58 Job executing on host: <128.101.220.87:9618?addrs=128.101.220.87-9618&noUDP&sock=465496_1dbd_4>
...
006 (9519.000.000) 03/29 11:32:06 Image size of job updated: 242012
	166  -  MemoryUsage of job (MB)
	169872  -  ResidentSetSize of job (KB)
...
006 (9519.000.000) 03/29 11:37:06 Image size of job updated: 332388
	323  -  MemoryUsage of job (MB)
	330460  -  ResidentSetSize of job (KB)
...
005 (9519.000.000) 03/29 11:40:24 Job terminated.
	(1) Normal termination (return value 0)
		Usr 0 00:05:39, Sys 0 00:02:05  -  Run Remote Usage
		Usr 0 00:00:00, Sys 0 00:00:00  -  Run Local Usage
		Usr 0 00:05:39, Sys 0 00:02:05  -  Total Remote Usage
		Usr 0 00:00:00, Sys 0 00:00:00  -  Total Local Usage
	71071  -  Run Bytes Sent By Job
	553  -  Run Bytes Received By Job
	71071  -  Total Bytes Sent By Job
	553  -  Total Bytes Received By Job
	Partitionable Resources :    Usage  Request Allocated
	   Cpus                 :                 1         1
	   Disk (KB)            :       82  1024000   1029105
	   Memory (MB)          :      323     2000      2000
...
