000 (9560.000.000) 03/29 09:54:38 Job submitted from host: <128.101.221.180:9618?addrs=128.101.221.180-9618&noUDP&sock=3943_2604_3>
...
001 (9560.000.000) 03/29 11:44:18 Job executing on host: <128.101.221.193:9618?addrs=128.101.221.193-9618&noUDP&sock=2332108_b0a7_4>
...
006 (9560.000.000) 03/29 11:44:26 Image size of job updated: 222900
	152  -  MemoryUsage of job (MB)
	154632  -  ResidentSetSize of job (KB)
...
006 (9560.000.000) 03/29 11:49:26 Image size of job updated: 429560
	326  -  MemoryUsage of job (MB)
	332932  -  ResidentSetSize of job (KB)
...
006 (9560.000.000) 03/29 11:50:12 Image size of job updated: 732960
	326  -  MemoryUsage of job (MB)
	332932  -  ResidentSetSize of job (KB)
...
005 (9560.000.000) 03/29 11:50:14 Job terminated.
	(1) Normal termination (return value 0)
		Usr 0 00:03:44, Sys 0 00:01:27  -  Run Remote Usage
		Usr 0 00:00:00, Sys 0 00:00:00  -  Run Local Usage
		Usr 0 00:03:44, Sys 0 00:01:27  -  Total Remote Usage
		Usr 0 00:00:00, Sys 0 00:00:00  -  Total Local Usage
	59221  -  Run Bytes Sent By Job
	553  -  Run Bytes Received By Job
	59221  -  Total Bytes Sent By Job
	553  -  Total Bytes Received By Job
	Partitionable Resources :    Usage  Request Allocated
	   Cpus                 :                 1         1
	   Disk (KB)            :       71  1024000   1028348
	   Memory (MB)          :      326     2000      2000
...
