000 (9513.000.000) 03/29 09:54:15 Job submitted from host: <128.101.221.180:9618?addrs=128.101.221.180-9618&noUDP&sock=3943_2604_3>
...
001 (9513.000.000) 03/29 11:30:09 Job executing on host: <128.101.221.182:9618?addrs=128.101.221.182-9618&noUDP&sock=3902_06a2_4>
...
006 (9513.000.000) 03/29 11:30:17 Image size of job updated: 188516
	126  -  MemoryUsage of job (MB)
	128176  -  ResidentSetSize of job (KB)
...
006 (9513.000.000) 03/29 11:35:17 Image size of job updated: 330844
	323  -  MemoryUsage of job (MB)
	330296  -  ResidentSetSize of job (KB)
...
006 (9513.000.000) 03/29 11:37:34 Image size of job updated: 730412
	323  -  MemoryUsage of job (MB)
	330296  -  ResidentSetSize of job (KB)
...
005 (9513.000.000) 03/29 11:37:35 Job terminated.
	(1) Normal termination (return value 0)
		Usr 0 00:04:26, Sys 0 00:02:35  -  Run Remote Usage
		Usr 0 00:00:00, Sys 0 00:00:00  -  Run Local Usage
		Usr 0 00:04:26, Sys 0 00:02:35  -  Total Remote Usage
		Usr 0 00:00:00, Sys 0 00:00:00  -  Total Local Usage
	61212  -  Run Bytes Sent By Job
	553  -  Run Bytes Received By Job
	61212  -  Total Bytes Sent By Job
	553  -  Total Bytes Received By Job
	Partitionable Resources :    Usage  Request Allocated
	   Cpus                 :                 1         1
	   Disk (KB)            :       73  1024000   2046242
	   Memory (MB)          :      323     2000      2000
...
