000 (9527.000.000) 03/29 09:54:22 Job submitted from host: <128.101.221.180:9618?addrs=128.101.221.180-9618&noUDP&sock=3943_2604_3>
...
001 (9527.000.000) 03/29 11:33:38 Job executing on host: <128.101.221.182:9618?addrs=128.101.221.182-9618&noUDP&sock=3902_06a2_4>
...
006 (9527.000.000) 03/29 11:33:47 Image size of job updated: 257132
	178  -  MemoryUsage of job (MB)
	181308  -  ResidentSetSize of job (KB)
...
006 (9527.000.000) 03/29 11:38:48 Image size of job updated: 329756
	322  -  MemoryUsage of job (MB)
	329696  -  ResidentSetSize of job (KB)
...
005 (9527.000.000) 03/29 11:43:49 Job terminated.
	(1) Normal termination (return value 0)
		Usr 0 00:06:07, Sys 0 00:03:20  -  Run Remote Usage
		Usr 0 00:00:00, Sys 0 00:00:00  -  Run Local Usage
		Usr 0 00:06:07, Sys 0 00:03:20  -  Total Remote Usage
		Usr 0 00:00:00, Sys 0 00:00:00  -  Total Local Usage
	79705  -  Run Bytes Sent By Job
	553  -  Run Bytes Received By Job
	79705  -  Total Bytes Sent By Job
	553  -  Total Bytes Received By Job
	Partitionable Resources :    Usage  Request Allocated
	   Cpus                 :                 1         1
	   Disk (KB)            :       91  1024000   2046242
	   Memory (MB)          :      322     2000      2000
...
