000 (9520.000.000) 03/29 09:54:18 Job submitted from host: <128.101.221.180:9618?addrs=128.101.221.180-9618&noUDP&sock=3943_2604_3>
...
001 (9520.000.000) 03/29 11:31:59 Job executing on host: <128.101.221.175:9618?addrs=128.101.221.175-9618&noUDP&sock=12916_e152_4>
...
006 (9520.000.000) 03/29 11:32:07 Image size of job updated: 242148
	167  -  MemoryUsage of job (MB)
	170220  -  ResidentSetSize of job (KB)
...
006 (9520.000.000) 03/29 11:37:07 Image size of job updated: 329644
	322  -  MemoryUsage of job (MB)
	329504  -  ResidentSetSize of job (KB)
...
006 (9520.000.000) 03/29 11:42:08 Image size of job updated: 333328
	326  -  MemoryUsage of job (MB)
	333128  -  ResidentSetSize of job (KB)
...
006 (9520.000.000) 03/29 11:43:59 Image size of job updated: 733300
	326  -  MemoryUsage of job (MB)
	333128  -  ResidentSetSize of job (KB)
...
005 (9520.000.000) 03/29 11:44:00 Job terminated.
	(1) Normal termination (return value 0)
		Usr 0 00:07:07, Sys 0 00:04:14  -  Run Remote Usage
		Usr 0 00:00:00, Sys 0 00:00:00  -  Run Local Usage
		Usr 0 00:07:07, Sys 0 00:04:14  -  Total Remote Usage
		Usr 0 00:00:00, Sys 0 00:00:00  -  Total Local Usage
	75944  -  Run Bytes Sent By Job
	553  -  Run Bytes Received By Job
	75944  -  Total Bytes Sent By Job
	553  -  Total Bytes Received By Job
	Partitionable Resources :    Usage  Request Allocated
	   Cpus                 :                 1         1
	   Disk (KB)            :       87  1024000   1931030
	   Memory (MB)          :      326     2000      2000
...
