000 (9540.000.000) 03/29 09:54:28 Job submitted from host: <128.101.221.180:9618?addrs=128.101.221.180-9618&noUDP&sock=3943_2604_3>
...
001 (9540.000.000) 03/29 11:37:10 Job executing on host: <128.101.221.175:9618?addrs=128.101.221.175-9618&noUDP&sock=12916_e152_4>
...
006 (9540.000.000) 03/29 11:37:19 Image size of job updated: 242508
	192  -  MemoryUsage of job (MB)
	196048  -  ResidentSetSize of job (KB)
...
006 (9540.000.000) 03/29 11:42:20 Image size of job updated: 329320
	322  -  MemoryUsage of job (MB)
	329252  -  ResidentSetSize of job (KB)
...
006 (9540.000.000) 03/29 11:46:52 Image size of job updated: 733048
	322  -  MemoryUsage of job (MB)
	329252  -  ResidentSetSize of job (KB)
...
005 (9540.000.000) 03/29 11:46:53 Job terminated.
	(1) Normal termination (return value 0)
		Usr 0 00:05:42, Sys 0 00:03:28  -  Run Remote Usage
		Usr 0 00:00:00, Sys 0 00:00:00  -  Run Local Usage
		Usr 0 00:05:42, Sys 0 00:03:28  -  Total Remote Usage
		Usr 0 00:00:00, Sys 0 00:00:00  -  Total Local Usage
	60742  -  Run Bytes Sent By Job
	553  -  Run Bytes Received By Job
	60742  -  Total Bytes Sent By Job
	553  -  Total Bytes Received By Job
	Partitionable Resources :    Usage  Request Allocated
	   Cpus                 :                 1         1
	   Disk (KB)            :       72  1024000   1930994
	   Memory (MB)          :      322     2000      2000
...
