000 (9531.000.000) 03/29 09:54:24 Job submitted from host: <128.101.221.180:9618?addrs=128.101.221.180-9618&noUDP&sock=3943_2604_3>
...
001 (9531.000.000) 03/29 11:34:47 Job executing on host: <128.101.221.182:9618?addrs=128.101.221.182-9618&noUDP&sock=3902_06a2_4>
...
006 (9531.000.000) 03/29 11:34:56 Image size of job updated: 204716
	184  -  MemoryUsage of job (MB)
	187452  -  ResidentSetSize of job (KB)
...
006 (9531.000.000) 03/29 11:38:45 Image size of job updated: 730376
	184  -  MemoryUsage of job (MB)
	187452  -  ResidentSetSize of job (KB)
...
005 (9531.000.000) 03/29 11:38:46 Job terminated.
	(1) Normal termination (return value 0)
		Usr 0 00:02:20, Sys 0 00:01:21  -  Run Remote Usage
		Usr 0 00:00:00, Sys 0 00:00:00  -  Run Local Usage
		Usr 0 00:02:20, Sys 0 00:01:21  -  Total Remote Usage
		Usr 0 00:00:00, Sys 0 00:00:00  -  Total Local Usage
	40245  -  Run Bytes Sent By Job
	553  -  Run Bytes Received By Job
	40245  -  Total Bytes Sent By Job
	553  -  Total Bytes Received By Job
	Partitionable Resources :    Usage  Request Allocated
	   Cpus                 :                 1         1
	   Disk (KB)            :       52  1024000   2046244
	   Memory (MB)          :      184     2000      2000
...
