000 (9518.000.000) 03/29 09:54:17 Job submitted from host: <128.101.221.180:9618?addrs=128.101.221.180-9618&noUDP&sock=3943_2604_3>
...
001 (9518.000.000) 03/29 11:31:36 Job executing on host: <128.101.221.175:9618?addrs=128.101.221.175-9618&noUDP&sock=12916_e152_4>
...
006 (9518.000.000) 03/29 11:31:44 Image size of job updated: 245896
	174  -  MemoryUsage of job (MB)
	177420  -  ResidentSetSize of job (KB)
...
006 (9518.000.000) 03/29 11:36:44 Image size of job updated: 329772
	322  -  MemoryUsage of job (MB)
	329524  -  ResidentSetSize of job (KB)
...
006 (9518.000.000) 03/29 11:41:44 Image size of job updated: 335200
	328  -  MemoryUsage of job (MB)
	335000  -  ResidentSetSize of job (KB)
...
005 (9518.000.000) 03/29 11:44:31 Job terminated.
	(1) Normal termination (return value 0)
		Usr 0 00:07:36, Sys 0 00:04:36  -  Run Remote Usage
		Usr 0 00:00:00, Sys 0 00:00:00  -  Run Local Usage
		Usr 0 00:07:36, Sys 0 00:04:36  -  Total Remote Usage
		Usr 0 00:00:00, Sys 0 00:00:00  -  Total Local Usage
	84356  -  Run Bytes Sent By Job
	553  -  Run Bytes Received By Job
	84356  -  Total Bytes Sent By Job
	553  -  Total Bytes Received By Job
	Partitionable Resources :    Usage  Request Allocated
	   Cpus                 :                 1         1
	   Disk (KB)            :       95  1024000   1931034
	   Memory (MB)          :      328     2000      2000
...
