000 (9516.000.000) 03/29 09:54:16 Job submitted from host: <128.101.221.180:9618?addrs=128.101.221.180-9618&noUDP&sock=3943_2604_3>
...
001 (9516.000.000) 03/29 11:31:27 Job executing on host: <128.101.221.175:9618?addrs=128.101.221.175-9618&noUDP&sock=12916_e152_4>
...
006 (9516.000.000) 03/29 11:31:36 Image size of job updated: 260996
	181  -  MemoryUsage of job (MB)
	184900  -  ResidentSetSize of job (KB)
...
006 (9516.000.000) 03/29 11:36:37 Image size of job updated: 330828
	323  -  MemoryUsage of job (MB)
	330556  -  ResidentSetSize of job (KB)
...
006 (9516.000.000) 03/29 11:37:06 Image size of job updated: 729760
	323  -  MemoryUsage of job (MB)
	330556  -  ResidentSetSize of job (KB)
...
005 (9516.000.000) 03/29 11:37:07 Job terminated.
	(1) Normal termination (return value 0)
		Usr 0 00:03:23, Sys 0 00:01:56  -  Run Remote Usage
		Usr 0 00:00:00, Sys 0 00:00:00  -  Run Local Usage
		Usr 0 00:03:23, Sys 0 00:01:56  -  Total Remote Usage
		Usr 0 00:00:00, Sys 0 00:00:00  -  Total Local Usage
	38921  -  Run Bytes Sent By Job
	553  -  Run Bytes Received By Job
	38921  -  Total Bytes Sent By Job
	553  -  Total Bytes Received By Job
	Partitionable Resources :    Usage  Request Allocated
	   Cpus                 :                 1         1
	   Disk (KB)            :       51  1024000   1931008
	   Memory (MB)          :      323     2000      2000
...
