000 (9541.000.000) 03/29 09:54:29 Job submitted from host: <128.101.221.180:9618?addrs=128.101.221.180-9618&noUDP&sock=3943_2604_3>
...
001 (9541.000.000) 03/29 11:37:25 Job executing on host: <128.101.221.188:9618?addrs=128.101.221.188-9618&noUDP&sock=3087505_3369_4>
...
006 (9541.000.000) 03/29 11:37:34 Image size of job updated: 236308
	161  -  MemoryUsage of job (MB)
	164620  -  ResidentSetSize of job (KB)
...
006 (9541.000.000) 03/29 11:42:35 Image size of job updated: 426588
	323  -  MemoryUsage of job (MB)
	329960  -  ResidentSetSize of job (KB)
...
006 (9541.000.000) 03/29 11:47:02 Image size of job updated: 431284
	323  -  MemoryUsage of job (MB)
	329960  -  ResidentSetSize of job (KB)
...
005 (9541.000.000) 03/29 11:47:04 Job terminated.
	(1) Normal termination (return value 0)
		Usr 0 00:06:35, Sys 0 00:02:09  -  Run Remote Usage
		Usr 0 00:00:00, Sys 0 00:00:00  -  Run Local Usage
		Usr 0 00:06:35, Sys 0 00:02:09  -  Total Remote Usage
		Usr 0 00:00:00, Sys 0 00:00:00  -  Total Local Usage
	63856  -  Run Bytes Sent By Job
	553  -  Run Bytes Received By Job
	63856  -  Total Bytes Sent By Job
	553  -  Total Bytes Received By Job
	Partitionable Resources :    Usage  Request Allocated
	   Cpus                 :                 1         1
	   Disk (KB)            :       75  1024000   1028781
	   Memory (MB)          :      323     2000      2000
...
