000 (9505.000.000) 03/29 09:54:11 Job submitted from host: <128.101.221.180:9618?addrs=128.101.221.180-9618&noUDP&sock=3943_2604_3>
...
001 (9505.000.000) 03/29 11:27:10 Job executing on host: <128.101.221.186:9618?addrs=128.101.221.186-9618&noUDP&sock=3131318_464d_4>
...
006 (9505.000.000) 03/29 11:27:19 Image size of job updated: 168200
	105  -  MemoryUsage of job (MB)
	107412  -  ResidentSetSize of job (KB)
...
006 (9505.000.000) 03/29 11:32:19 Image size of job updated: 426268
	322  -  MemoryUsage of job (MB)
	329636  -  ResidentSetSize of job (KB)
...
006 (9505.000.000) 03/29 11:37:19 Image size of job updated: 429832
	326  -  MemoryUsage of job (MB)
	333196  -  ResidentSetSize of job (KB)
...
006 (9505.000.000) 03/29 11:39:11 Image size of job updated: 429860
	326  -  MemoryUsage of job (MB)
	333196  -  ResidentSetSize of job (KB)
...
005 (9505.000.000) 03/29 11:39:12 Job terminated.
	(1) Normal termination (return value 0)
		Usr 0 00:08:14, Sys 0 00:02:42  -  Run Remote Usage
		Usr 0 00:00:00, Sys 0 00:00:00  -  Run Local Usage
		Usr 0 00:08:14, Sys 0 00:02:42  -  Total Remote Usage
		Usr 0 00:00:00, Sys 0 00:00:00  -  Total Local Usage
	73290  -  Run Bytes Sent By Job
	553  -  Run Bytes Received By Job
	73290  -  Total Bytes Sent By Job
	553  -  Total Bytes Received By Job
	Partitionable Resources :    Usage  Request Allocated
	   Cpus                 :                 1         1
	   Disk (KB)            :       84  1024000   1026950
	   Memory (MB)          :      326     2000      2000
...
