000 (9504.000.000) 03/29 09:54:11 Job submitted from host: <128.101.221.180:9618?addrs=128.101.221.180-9618&noUDP&sock=3943_2604_3>
...
001 (9504.000.000) 03/29 11:27:05 Job executing on host: <128.101.221.175:9618?addrs=128.101.221.175-9618&noUDP&sock=12916_e152_4>
...
006 (9504.000.000) 03/29 11:27:13 Image size of job updated: 251308
	174  -  MemoryUsage of job (MB)
	177644  -  ResidentSetSize of job (KB)
...
006 (9504.000.000) 03/29 11:32:12 Image size of job updated: 329432
	174  -  MemoryUsage of job (MB)
	177644  -  ResidentSetSize of job (KB)
...
005 (9504.000.000) 03/29 11:32:13 Job terminated.
	(1) Normal termination (return value 0)
		Usr 0 00:03:07, Sys 0 00:01:42  -  Run Remote Usage
		Usr 0 00:00:00, Sys 0 00:00:00  -  Run Local Usage
		Usr 0 00:03:07, Sys 0 00:01:42  -  Total Remote Usage
		Usr 0 00:00:00, Sys 0 00:00:00  -  Total Local Usage
	44869  -  Run Bytes Sent By Job
	553  -  Run Bytes Received By Job
	44869  -  Total Bytes Sent By Job
	553  -  Total Bytes Received By Job
	Partitionable Resources :    Usage  Request Allocated
	   Cpus                 :                 1         1
	   Disk (KB)            :       57  1024000   1931038
	   Memory (MB)          :      174     2000      2000
...
