000 (9537.000.000) 03/29 09:54:27 Job submitted from host: <128.101.221.180:9618?addrs=128.101.221.180-9618&noUDP&sock=3943_2604_3>
...
001 (9537.000.000) 03/29 11:36:06 Job executing on host: <128.101.220.50:9618?addrs=128.101.220.50-9618&noUDP&sock=258564_f9de_4>
...
006 (9537.000.000) 03/29 11:36:15 Image size of job updated: 275480
	192  -  MemoryUsage of job (MB)
	196432  -  ResidentSetSize of job (KB)
...
006 (9537.000.000) 03/29 11:41:16 Image size of job updated: 428192
	324  -  MemoryUsage of job (MB)
	331556  -  ResidentSetSize of job (KB)
...
006 (9537.000.000) 03/29 11:43:32 Image size of job updated: 431172
	324  -  MemoryUsage of job (MB)
	331556  -  ResidentSetSize of job (KB)
...
005 (9537.000.000) 03/29 11:43:33 Job terminated.
	(1) Normal termination (return value 0)
		Usr 0 00:04:59, Sys 0 00:01:42  -  Run Remote Usage
		Usr 0 00:00:00, Sys 0 00:00:00  -  Run Local Usage
		Usr 0 00:04:59, Sys 0 00:01:42  -  Total Remote Usage
		Usr 0 00:00:00, Sys 0 00:00:00  -  Total Local Usage
	58984  -  Run Bytes Sent By Job
	553  -  Run Bytes Received By Job
	58984  -  Total Bytes Sent By Job
	553  -  Total Bytes Received By Job
	Partitionable Resources :    Usage  Request Allocated
	   Cpus                 :                 1         1
	   Disk (KB)            :       70  1024000   1027938
	   Memory (MB)          :      324     2000      2000
...
