000 (9544.000.000) 03/29 09:54:30 Job submitted from host: <128.101.221.180:9618?addrs=128.101.221.180-9618&noUDP&sock=3943_2604_3>
...
001 (9544.000.000) 03/29 11:39:21 Job executing on host: <128.101.221.193:9618?addrs=128.101.221.193-9618&noUDP&sock=2332108_b0a7_4>
...
006 (9544.000.000) 03/29 11:39:30 Image size of job updated: 252792
	173  -  MemoryUsage of job (MB)
	176676  -  ResidentSetSize of job (KB)
...
006 (9544.000.000) 03/29 11:44:15 Image size of job updated: 428280
	173  -  MemoryUsage of job (MB)
	176676  -  ResidentSetSize of job (KB)
...
005 (9544.000.000) 03/29 11:44:16 Job terminated.
	(1) Normal termination (return value 0)
		Usr 0 00:03:03, Sys 0 00:01:08  -  Run Remote Usage
		Usr 0 00:00:00, Sys 0 00:00:00  -  Run Local Usage
		Usr 0 00:03:03, Sys 0 00:01:08  -  Total Remote Usage
		Usr 0 00:00:00, Sys 0 00:00:00  -  Total Local Usage
	47525  -  Run Bytes Sent By Job
	553  -  Run Bytes Received By Job
	47525  -  Total Bytes Sent By Job
	553  -  Total Bytes Received By Job
	Partitionable Resources :    Usage  Request Allocated
	   Cpus                 :                 1         1
	   Disk (KB)            :       59  1024000   1028348
	   Memory (MB)          :      173     2000      2000
...
