000 (6511.000.000) 08/07 09:45:15 Job submitted from host: <128.101.221.176:9618?addrs=128.101.221.176-9618&noUDP&sock=11541_65e5_3>
...
001 (6511.000.000) 08/07 09:45:42 Job executing on host: <128.101.221.179:9618?addrs=128.101.221.179-9618&noUDP&sock=11270_2cd7_4>
...
006 (6511.000.000) 08/07 09:45:51 Image size of job updated: 64740
	41  -  MemoryUsage of job (MB)
	41904  -  ResidentSetSize of job (KB)
...
006 (6511.000.000) 08/07 09:50:52 Image size of job updated: 383876
	320  -  MemoryUsage of job (MB)
	327220  -  ResidentSetSize of job (KB)
...
006 (6511.000.000) 08/07 09:55:53 Image size of job updated: 383876
	320  -  MemoryUsage of job (MB)
	327300  -  ResidentSetSize of job (KB)
...
006 (6511.000.000) 08/07 10:10:54 Image size of job updated: 383876
	320  -  MemoryUsage of job (MB)
	327308  -  ResidentSetSize of job (KB)
...
006 (6511.000.000) 08/07 10:34:41 Image size of job updated: 710224
	320  -  MemoryUsage of job (MB)
	327308  -  ResidentSetSize of job (KB)
...
005 (6511.000.000) 08/07 10:34:42 Job terminated.
	(1) Normal termination (return value 0)
		Usr 0 00:01:40, Sys 0 00:01:06  -  Run Remote Usage
		Usr 0 00:00:00, Sys 0 00:00:00  -  Run Local Usage
		Usr 0 00:01:40, Sys 0 00:01:06  -  Total Remote Usage
		Usr 0 00:00:00, Sys 0 00:00:00  -  Total Local Usage
	24209  -  Run Bytes Sent By Job
	581  -  Run Bytes Received By Job
	24209  -  Total Bytes Sent By Job
	581  -  Total Bytes Received By Job
	Partitionable Resources :    Usage  Request Allocated
	   Cpus                 :                 1         1
	   Disk (KB)            :       35  1024000   1879676
	   Memory (MB)          :      320     2000      2000
...
