000 (6513.000.000) 08/07 09:45:16 Job submitted from host: <128.101.221.176:9618?addrs=128.101.221.176-9618&noUDP&sock=11541_65e5_3>
...
001 (6513.000.000) 08/07 09:45:39 Job executing on host: <128.101.220.87:9618?addrs=128.101.220.87-9618&noUDP&sock=12038_f3c2_4>
...
006 (6513.000.000) 08/07 09:45:48 Image size of job updated: 92620
	65  -  MemoryUsage of job (MB)
	65540  -  ResidentSetSize of job (KB)
...
006 (6513.000.000) 08/07 09:50:48 Image size of job updated: 368736
	319  -  MemoryUsage of job (MB)
	326356  -  ResidentSetSize of job (KB)
...
006 (6513.000.000) 08/07 09:55:48 Image size of job updated: 368772
	319  -  MemoryUsage of job (MB)
	326392  -  ResidentSetSize of job (KB)
...
006 (6513.000.000) 08/07 10:00:49 Image size of job updated: 368772
	319  -  MemoryUsage of job (MB)
	326412  -  ResidentSetSize of job (KB)
...
006 (6513.000.000) 08/07 10:20:51 Image size of job updated: 368772
	319  -  MemoryUsage of job (MB)
	326424  -  ResidentSetSize of job (KB)
...
006 (6513.000.000) 08/07 10:25:52 Image size of job updated: 368772
	319  -  MemoryUsage of job (MB)
	326436  -  ResidentSetSize of job (KB)
...
005 (6513.000.000) 08/07 10:34:31 Job terminated.
	(1) Normal termination (return value 0)
		Usr 0 00:01:44, Sys 0 00:01:06  -  Run Remote Usage
		Usr 0 00:00:00, Sys 0 00:00:00  -  Run Local Usage
		Usr 0 00:01:44, Sys 0 00:01:06  -  Total Remote Usage
		Usr 0 00:00:00, Sys 0 00:00:00  -  Total Local Usage
	23975  -  Run Bytes Sent By Job
	581  -  Run Bytes Received By Job
	23975  -  Total Bytes Sent By Job
	581  -  Total Bytes Received By Job
	Partitionable Resources :    Usage  Request Allocated
	   Cpus                 :                 1         1
	   Disk (KB)            :       35  1024000   4041165
	   Memory (MB)          :      319     2000      2000
...
