000 (6516.000.000) 08/07 09:45:18 Job submitted from host: <128.101.221.176:9618?addrs=128.101.221.176-9618&noUDP&sock=11541_65e5_3>
...
001 (6516.000.000) 08/07 09:45:42 Job executing on host: <128.101.220.96:9618?addrs=128.101.220.96-9618&noUDP&sock=7388_78ac_4>
...
006 (6516.000.000) 08/07 09:45:50 Image size of job updated: 86464
	46  -  MemoryUsage of job (MB)
	46108  -  ResidentSetSize of job (KB)
...
006 (6516.000.000) 08/07 09:50:50 Image size of job updated: 390528
	320  -  MemoryUsage of job (MB)
	327516  -  ResidentSetSize of job (KB)
...
006 (6516.000.000) 08/07 09:55:51 Image size of job updated: 390532
	320  -  MemoryUsage of job (MB)
	327520  -  ResidentSetSize of job (KB)
...
005 (6516.000.000) 08/07 10:34:29 Job terminated.
	(1) Normal termination (return value 0)
		Usr 0 00:01:41, Sys 0 00:01:05  -  Run Remote Usage
		Usr 0 00:00:00, Sys 0 00:00:00  -  Run Local Usage
		Usr 0 00:01:41, Sys 0 00:01:05  -  Total Remote Usage
		Usr 0 00:00:00, Sys 0 00:00:00  -  Total Local Usage
	24209  -  Run Bytes Sent By Job
	581  -  Run Bytes Received By Job
	24209  -  Total Bytes Sent By Job
	581  -  Total Bytes Received By Job
	Partitionable Resources :    Usage  Request Allocated
	   Cpus                 :                 1         1
	   Disk (KB)            :       35  1024000   4046599
	   Memory (MB)          :      320     2000      2000
...
