000 (6506.000.000) 08/07 09:45:13 Job submitted from host: <128.101.221.176:9618?addrs=128.101.221.176-9618&noUDP&sock=11541_65e5_3>
...
001 (6506.000.000) 08/07 09:45:35 Job executing on host: <128.101.220.77:9618?addrs=128.101.220.77-9618&noUDP&sock=11888_125e_4>
...
006 (6506.000.000) 08/07 09:45:44 Image size of job updated: 54264
	51  -  MemoryUsage of job (MB)
	51276  -  ResidentSetSize of job (KB)
...
006 (6506.000.000) 08/07 09:50:45 Image size of job updated: 332912
	320  -  MemoryUsage of job (MB)
	327040  -  ResidentSetSize of job (KB)
...
006 (6506.000.000) 08/07 09:55:46 Image size of job updated: 332912
	320  -  MemoryUsage of job (MB)
	327044  -  ResidentSetSize of job (KB)
...
006 (6506.000.000) 08/07 10:00:46 Image size of job updated: 333176
	320  -  MemoryUsage of job (MB)
	327452  -  ResidentSetSize of job (KB)
...
006 (6506.000.000) 08/07 10:10:48 Image size of job updated: 333176
	320  -  MemoryUsage of job (MB)
	327484  -  ResidentSetSize of job (KB)
...
006 (6506.000.000) 08/07 10:20:48 Image size of job updated: 333176
	323  -  MemoryUsage of job (MB)
	329956  -  ResidentSetSize of job (KB)
...
006 (6506.000.000) 08/07 10:25:49 Image size of job updated: 333176
	323  -  MemoryUsage of job (MB)
	329972  -  ResidentSetSize of job (KB)
...
006 (6506.000.000) 08/07 10:30:50 Image size of job updated: 333176
	323  -  MemoryUsage of job (MB)
	329976  -  ResidentSetSize of job (KB)
...
005 (6506.000.000) 08/07 10:34:11 Job terminated.
	(1) Normal termination (return value 0)
		Usr 0 00:01:35, Sys 0 00:01:00  -  Run Remote Usage
		Usr 0 00:00:00, Sys 0 00:00:00  -  Run Local Usage
		Usr 0 00:01:35, Sys 0 00:01:00  -  Total Remote Usage
		Usr 0 00:00:00, Sys 0 00:00:00  -  Total Local Usage
	23982  -  Run Bytes Sent By Job
	581  -  Run Bytes Received By Job
	23982  -  Total Bytes Sent By Job
	581  -  Total Bytes Received By Job
	Partitionable Resources :    Usage  Request Allocated
	   Cpus                 :                 1         1
	   Disk (KB)            :       35  1024000   4054561
	   Memory (MB)          :      323     2000      2000
...
