000 (10010.000.000) 03/30 08:56:47 Job submitted from host: <128.101.221.180:9618?addrs=128.101.221.180-9618&noUDP&sock=3943_2604_3>
...
001 (10010.000.000) 03/30 09:03:29 Job executing on host: <128.101.220.112:9618?addrs=128.101.220.112-9618&noUDP&sock=2301225_8552_4>
...
006 (10010.000.000) 03/30 09:03:37 Image size of job updated: 186940
	122  -  MemoryUsage of job (MB)
	124692  -  ResidentSetSize of job (KB)
...
006 (10010.000.000) 03/30 09:08:37 Image size of job updated: 335604
	324  -  MemoryUsage of job (MB)
	331328  -  ResidentSetSize of job (KB)
...
005 (10010.000.000) 03/30 09:09:13 Job terminated.
	(1) Normal termination (return value 0)
		Usr 0 00:03:46, Sys 0 00:01:23  -  Run Remote Usage
		Usr 0 00:00:00, Sys 0 00:00:00  -  Run Local Usage
		Usr 0 00:03:46, Sys 0 00:01:23  -  Total Remote Usage
		Usr 0 00:00:00, Sys 0 00:00:00  -  Total Local Usage
	61191  -  Run Bytes Sent By Job
	547  -  Run Bytes Received By Job
	61191  -  Total Bytes Sent By Job
	547  -  Total Bytes Received By Job
	Partitionable Resources :    Usage  Request Allocated
	   Cpus                 :                 1         1
	   Disk (KB)            :       73  1024000   1030134
	   Memory (MB)          :      324     2000      2000
...
