000 (9967.000.000) 03/30 08:56:20 Job submitted from host: <128.101.221.180:9618?addrs=128.101.221.180-9618&noUDP&sock=3943_2604_3>
...
001 (9967.000.000) 03/30 08:56:39 Job executing on host: <128.101.220.89:9618?addrs=128.101.220.89-9618&noUDP&sock=367686_9777_4>
...
006 (9967.000.000) 03/30 08:56:48 Image size of job updated: 184412
	130  -  MemoryUsage of job (MB)
	132340  -  ResidentSetSize of job (KB)
...
006 (9967.000.000) 03/30 09:01:48 Image size of job updated: 383636
	322  -  MemoryUsage of job (MB)
	329136  -  ResidentSetSize of job (KB)
...
005 (9967.000.000) 03/30 09:03:24 Job terminated.
	(1) Normal termination (return value 0)
		Usr 0 00:04:24, Sys 0 00:01:41  -  Run Remote Usage
		Usr 0 00:00:00, Sys 0 00:00:00  -  Run Local Usage
		Usr 0 00:04:24, Sys 0 00:01:41  -  Total Remote Usage
		Usr 0 00:00:00, Sys 0 00:00:00  -  Total Local Usage
	57208  -  Run Bytes Sent By Job
	547  -  Run Bytes Received By Job
	57208  -  Total Bytes Sent By Job
	547  -  Total Bytes Received By Job
	Partitionable Resources :    Usage  Request Allocated
	   Cpus                 :                 1         1
	   Disk (KB)            :       69  1024000   1028632
	   Memory (MB)          :      322     2000      2000
...
