000 (9976.000.000) 03/30 08:56:24 Job submitted from host: <128.101.221.180:9618?addrs=128.101.221.180-9618&noUDP&sock=3943_2604_3>
...
001 (9976.000.000) 03/30 08:56:42 Job executing on host: <128.101.221.182:9618?addrs=128.101.221.182-9618&noUDP&sock=3902_06a2_4>
...
006 (9976.000.000) 03/30 08:56:50 Image size of job updated: 131980
	127  -  MemoryUsage of job (MB)
	129564  -  ResidentSetSize of job (KB)
...
006 (9976.000.000) 03/30 09:01:51 Image size of job updated: 329844
	322  -  MemoryUsage of job (MB)
	329520  -  ResidentSetSize of job (KB)
...
006 (9976.000.000) 03/30 09:06:52 Image size of job updated: 334928
	327  -  MemoryUsage of job (MB)
	334736  -  ResidentSetSize of job (KB)
...
006 (9976.000.000) 03/30 09:09:00 Image size of job updated: 733400
	327  -  MemoryUsage of job (MB)
	334736  -  ResidentSetSize of job (KB)
...
005 (9976.000.000) 03/30 09:09:01 Job terminated.
	(1) Normal termination (return value 0)
		Usr 0 00:07:08, Sys 0 00:04:20  -  Run Remote Usage
		Usr 0 00:00:00, Sys 0 00:00:00  -  Run Local Usage
		Usr 0 00:07:08, Sys 0 00:04:20  -  Total Remote Usage
		Usr 0 00:00:00, Sys 0 00:00:00  -  Total Local Usage
	66662  -  Run Bytes Sent By Job
	547  -  Run Bytes Received By Job
	66662  -  Total Bytes Sent By Job
	547  -  Total Bytes Received By Job
	Partitionable Resources :    Usage  Request Allocated
	   Cpus                 :                 1         1
	   Disk (KB)            :       78  1024000   2046536
	   Memory (MB)          :      327     2000      2000
...
