000 (9948.000.000) 03/30 08:56:09 Job submitted from host: <128.101.221.180:9618?addrs=128.101.221.180-9618&noUDP&sock=3943_2604_3>
...
001 (9948.000.000) 03/30 08:56:33 Job executing on host: <128.101.221.186:9618?addrs=128.101.221.186-9618&noUDP&sock=3131318_464d_4>
...
006 (9948.000.000) 03/30 08:56:42 Image size of job updated: 230640
	167  -  MemoryUsage of job (MB)
	170432  -  ResidentSetSize of job (KB)
...
006 (9948.000.000) 03/30 09:01:43 Image size of job updated: 401344
	322  -  MemoryUsage of job (MB)
	329704  -  ResidentSetSize of job (KB)
...
006 (9948.000.000) 03/30 09:06:43 Image size of job updated: 401344
	328  -  MemoryUsage of job (MB)
	335292  -  ResidentSetSize of job (KB)
...
005 (9948.000.000) 03/30 09:09:07 Job terminated.
	(1) Normal termination (return value 0)
		Usr 0 00:08:32, Sys 0 00:03:01  -  Run Remote Usage
		Usr 0 00:00:00, Sys 0 00:00:00  -  Run Local Usage
		Usr 0 00:08:32, Sys 0 00:03:01  -  Total Remote Usage
		Usr 0 00:00:00, Sys 0 00:00:00  -  Total Local Usage
	71576  -  Run Bytes Sent By Job
	547  -  Run Bytes Received By Job
	71576  -  Total Bytes Sent By Job
	547  -  Total Bytes Received By Job
	Partitionable Resources :    Usage  Request Allocated
	   Cpus                 :                 1         1
	   Disk (KB)            :       83  1024000   1027185
	   Memory (MB)          :      328     2000      2000
...
