000 (10008.000.000) 03/30 08:56:45 Job submitted from host: <128.101.221.180:9618?addrs=128.101.221.180-9618&noUDP&sock=3943_2604_3>
...
001 (10008.000.000) 03/30 09:03:15 Job executing on host: <128.101.221.183:9618?addrs=128.101.221.183-9618&noUDP&sock=4185509_9de4_4>
...
006 (10008.000.000) 03/30 09:03:24 Image size of job updated: 216460
	146  -  MemoryUsage of job (MB)
	149392  -  ResidentSetSize of job (KB)
...
006 (10008.000.000) 03/30 09:08:25 Image size of job updated: 426328
	322  -  MemoryUsage of job (MB)
	329700  -  ResidentSetSize of job (KB)
...
006 (10008.000.000) 03/30 09:13:26 Image size of job updated: 429000
	326  -  MemoryUsage of job (MB)
	332812  -  ResidentSetSize of job (KB)
...
006 (10008.000.000) 03/30 09:16:29 Image size of job updated: 730016
	326  -  MemoryUsage of job (MB)
	332812  -  ResidentSetSize of job (KB)
...
005 (10008.000.000) 03/30 09:16:30 Job terminated.
	(1) Normal termination (return value 0)
		Usr 0 00:09:01, Sys 0 00:02:59  -  Run Remote Usage
		Usr 0 00:00:00, Sys 0 00:00:00  -  Run Local Usage
		Usr 0 00:09:01, Sys 0 00:02:59  -  Total Remote Usage
		Usr 0 00:00:00, Sys 0 00:00:00  -  Total Local Usage
	69173  -  Run Bytes Sent By Job
	547  -  Run Bytes Received By Job
	69173  -  Total Bytes Sent By Job
	547  -  Total Bytes Received By Job
	Partitionable Resources :    Usage  Request Allocated
	   Cpus                 :                 1         1
	   Disk (KB)            :       81  1024000   1028102
	   Memory (MB)          :      326     2000      2000
...
