000 (9958.000.000) 03/30 08:56:15 Job submitted from host: <128.101.221.180:9618?addrs=128.101.221.180-9618&noUDP&sock=3943_2604_3>
...
001 (9958.000.000) 03/30 08:56:31 Job executing on host: <128.101.221.182:9618?addrs=128.101.221.182-9618&noUDP&sock=3902_06a2_4>
...
006 (9958.000.000) 03/30 08:56:40 Image size of job updated: 137344
	121  -  MemoryUsage of job (MB)
	123636  -  ResidentSetSize of job (KB)
...
006 (9958.000.000) 03/30 09:01:40 Image size of job updated: 331256
	322  -  MemoryUsage of job (MB)
	329368  -  ResidentSetSize of job (KB)
...
006 (9958.000.000) 03/30 09:06:41 Image size of job updated: 336604
	328  -  MemoryUsage of job (MB)
	335000  -  ResidentSetSize of job (KB)
...
005 (9958.000.000) 03/30 09:08:57 Job terminated.
	(1) Normal termination (return value 0)
		Usr 0 00:07:12, Sys 0 00:04:23  -  Run Remote Usage
		Usr 0 00:00:00, Sys 0 00:00:00  -  Run Local Usage
		Usr 0 00:07:12, Sys 0 00:04:23  -  Total Remote Usage
		Usr 0 00:00:00, Sys 0 00:00:00  -  Total Local Usage
	70870  -  Run Bytes Sent By Job
	547  -  Run Bytes Received By Job
	70870  -  Total Bytes Sent By Job
	547  -  Total Bytes Received By Job
	Partitionable Resources :    Usage  Request Allocated
	   Cpus                 :                 1         1
	   Disk (KB)            :       82  1024000   2046540
	   Memory (MB)          :      328     2000      2000
...
