000 (9994.000.000) 03/30 08:56:34 Job submitted from host: <128.101.221.180:9618?addrs=128.101.221.180-9618&noUDP&sock=3943_2604_3>
...
001 (9994.000.000) 03/30 09:01:14 Job executing on host: <128.101.221.175:9618?addrs=128.101.221.175-9618&noUDP&sock=12916_e152_4>
...
006 (9994.000.000) 03/30 09:01:23 Image size of job updated: 252016
	174  -  MemoryUsage of job (MB)
	177456  -  ResidentSetSize of job (KB)
...
006 (9994.000.000) 03/30 09:06:24 Image size of job updated: 328812
	321  -  MemoryUsage of job (MB)
	328700  -  ResidentSetSize of job (KB)
...
006 (9994.000.000) 03/30 09:08:06 Image size of job updated: 729600
	321  -  MemoryUsage of job (MB)
	328700  -  ResidentSetSize of job (KB)
...
005 (9994.000.000) 03/30 09:08:07 Job terminated.
	(1) Normal termination (return value 0)
		Usr 0 00:03:59, Sys 0 00:02:24  -  Run Remote Usage
		Usr 0 00:00:00, Sys 0 00:00:00  -  Run Local Usage
		Usr 0 00:03:59, Sys 0 00:02:24  -  Total Remote Usage
		Usr 0 00:00:00, Sys 0 00:00:00  -  Total Local Usage
	50353  -  Run Bytes Sent By Job
	547  -  Run Bytes Received By Job
	50353  -  Total Bytes Sent By Job
	547  -  Total Bytes Received By Job
	Partitionable Resources :    Usage  Request Allocated
	   Cpus                 :                 1         1
	   Disk (KB)            :       62  1024000   1930402
	   Memory (MB)          :      321     2000      2000
...
