000 (9980.000.000) 03/30 08:56:26 Job submitted from host: <128.101.221.180:9618?addrs=128.101.221.180-9618&noUDP&sock=3943_2604_3>
...
001 (9980.000.000) 03/30 08:56:45 Job executing on host: <128.101.221.175:9618?addrs=128.101.221.175-9618&noUDP&sock=12916_e152_4>
...
006 (9980.000.000) 03/30 08:56:53 Image size of job updated: 205380
	175  -  MemoryUsage of job (MB)
	179060  -  ResidentSetSize of job (KB)
...
006 (9980.000.000) 03/30 09:01:53 Image size of job updated: 330116
	323  -  MemoryUsage of job (MB)
	329852  -  ResidentSetSize of job (KB)
...
006 (9980.000.000) 03/30 09:03:11 Image size of job updated: 330224
	323  -  MemoryUsage of job (MB)
	329852  -  ResidentSetSize of job (KB)
...
005 (9980.000.000) 03/30 09:03:12 Job terminated.
	(1) Normal termination (return value 0)
		Usr 0 00:03:39, Sys 0 00:02:19  -  Run Remote Usage
		Usr 0 00:00:00, Sys 0 00:00:00  -  Run Local Usage
		Usr 0 00:03:39, Sys 0 00:02:19  -  Total Remote Usage
		Usr 0 00:00:00, Sys 0 00:00:00  -  Total Local Usage
	40655  -  Run Bytes Sent By Job
	547  -  Run Bytes Received By Job
	40655  -  Total Bytes Sent By Job
	547  -  Total Bytes Received By Job
	Partitionable Resources :    Usage  Request Allocated
	   Cpus                 :                 1         1
	   Disk (KB)            :       52  1024000   1930402
	   Memory (MB)          :      323     2000      2000
...
