000 (9950.000.000) 03/30 08:56:10 Job submitted from host: <128.101.221.180:9618?addrs=128.101.221.180-9618&noUDP&sock=3943_2604_3>
...
001 (9950.000.000) 03/30 08:56:30 Job executing on host: <128.101.220.54:9618?addrs=128.101.220.54-9618&noUDP&sock=259437_c80b_4>
...
006 (9950.000.000) 03/30 08:56:38 Image size of job updated: 259612
	179  -  MemoryUsage of job (MB)
	182964  -  ResidentSetSize of job (KB)
...
006 (9950.000.000) 03/30 09:01:38 Image size of job updated: 421944
	326  -  MemoryUsage of job (MB)
	332984  -  ResidentSetSize of job (KB)
...
005 (9950.000.000) 03/30 09:05:17 Job terminated.
	(1) Normal termination (return value 0)
		Usr 0 00:05:48, Sys 0 00:02:05  -  Run Remote Usage
		Usr 0 00:00:00, Sys 0 00:00:00  -  Run Local Usage
		Usr 0 00:05:48, Sys 0 00:02:05  -  Total Remote Usage
		Usr 0 00:00:00, Sys 0 00:00:00  -  Total Local Usage
	63835  -  Run Bytes Sent By Job
	547  -  Run Bytes Received By Job
	63835  -  Total Bytes Sent By Job
	547  -  Total Bytes Received By Job
	Partitionable Resources :    Usage  Request Allocated
	   Cpus                 :                 1         1
	   Disk (KB)            :       75  1024000   1028278
	   Memory (MB)          :      326     2000      2000
...
