000 (10003.000.000) 03/30 08:56:41 Job submitted from host: <128.101.221.180:9618?addrs=128.101.221.180-9618&noUDP&sock=3943_2604_3>
...
001 (10003.000.000) 03/30 09:02:51 Job executing on host: <128.101.221.193:9618?addrs=128.101.221.193-9618&noUDP&sock=2332108_b0a7_4>
...
006 (10003.000.000) 03/30 09:02:59 Image size of job updated: 213872
	160  -  MemoryUsage of job (MB)
	163324  -  ResidentSetSize of job (KB)
...
006 (10003.000.000) 03/30 09:07:59 Image size of job updated: 399600
	325  -  MemoryUsage of job (MB)
	332564  -  ResidentSetSize of job (KB)
...
005 (10003.000.000) 03/30 09:10:27 Job terminated.
	(1) Normal termination (return value 0)
		Usr 0 00:04:42, Sys 0 00:02:06  -  Run Remote Usage
		Usr 0 00:00:00, Sys 0 00:00:00  -  Run Local Usage
		Usr 0 00:04:42, Sys 0 00:02:06  -  Total Remote Usage
		Usr 0 00:00:00, Sys 0 00:00:00  -  Total Local Usage
	75924  -  Run Bytes Sent By Job
	547  -  Run Bytes Received By Job
	75924  -  Total Bytes Sent By Job
	547  -  Total Bytes Received By Job
	Partitionable Resources :    Usage  Request Allocated
	   Cpus                 :                 1         1
	   Disk (KB)            :       87  1024000   1029013
	   Memory (MB)          :      325     2000      2000
...
