000 (9996.000.000) 03/30 08:56:35 Job submitted from host: <128.101.221.180:9618?addrs=128.101.221.180-9618&noUDP&sock=3943_2604_3>
...
001 (9996.000.000) 03/30 09:02:07 Job executing on host: <128.101.220.154:9618?addrs=128.101.220.154-9618&noUDP&sock=253625_3b9c_4>
...
006 (9996.000.000) 03/30 09:02:16 Image size of job updated: 177592
	114  -  MemoryUsage of job (MB)
	115752  -  ResidentSetSize of job (KB)
...
006 (9996.000.000) 03/30 09:07:16 Image size of job updated: 428360
	324  -  MemoryUsage of job (MB)
	331724  -  ResidentSetSize of job (KB)
...
006 (9996.000.000) 03/30 09:11:49 Image size of job updated: 733304
	324  -  MemoryUsage of job (MB)
	331724  -  ResidentSetSize of job (KB)
...
005 (9996.000.000) 03/30 09:11:51 Job terminated.
	(1) Normal termination (return value 0)
		Usr 0 00:06:23, Sys 0 00:02:12  -  Run Remote Usage
		Usr 0 00:00:00, Sys 0 00:00:00  -  Run Local Usage
		Usr 0 00:06:23, Sys 0 00:02:12  -  Total Remote Usage
		Usr 0 00:00:00, Sys 0 00:00:00  -  Total Local Usage
	79684  -  Run Bytes Sent By Job
	547  -  Run Bytes Received By Job
	79684  -  Total Bytes Sent By Job
	547  -  Total Bytes Received By Job
	Partitionable Resources :    Usage  Request Allocated
	   Cpus                 :                 1         1
	   Disk (KB)            :       91  1024000   1028200
	   Memory (MB)          :      324     2000      2000
...
