000 (9969.000.000) 03/30 08:56:21 Job submitted from host: <128.101.221.180:9618?addrs=128.101.221.180-9618&noUDP&sock=3943_2604_3>
...
001 (9969.000.000) 03/30 08:56:37 Job executing on host: <128.101.221.182:9618?addrs=128.101.221.182-9618&noUDP&sock=3902_06a2_4>
...
006 (9969.000.000) 03/30 08:56:46 Image size of job updated: 198880
	180  -  MemoryUsage of job (MB)
	183416  -  ResidentSetSize of job (KB)
...
006 (9969.000.000) 03/30 09:01:47 Image size of job updated: 331488
	324  -  MemoryUsage of job (MB)
	331080  -  ResidentSetSize of job (KB)
...
005 (9969.000.000) 03/30 09:03:42 Job terminated.
	(1) Normal termination (return value 0)
		Usr 0 00:04:05, Sys 0 00:02:28  -  Run Remote Usage
		Usr 0 00:00:00, Sys 0 00:00:00  -  Run Local Usage
		Usr 0 00:04:05, Sys 0 00:02:28  -  Total Remote Usage
		Usr 0 00:00:00, Sys 0 00:00:00  -  Total Local Usage
	51894  -  Run Bytes Sent By Job
	547  -  Run Bytes Received By Job
	51894  -  Total Bytes Sent By Job
	547  -  Total Bytes Received By Job
	Partitionable Resources :    Usage  Request Allocated
	   Cpus                 :                 1         1
	   Disk (KB)            :       63  1024000   2046536
	   Memory (MB)          :      324     2000      2000
...
