000 (10005.000.000) 03/30 08:56:42 Job submitted from host: <128.101.221.180:9618?addrs=128.101.221.180-9618&noUDP&sock=3943_2604_3>
...
001 (10005.000.000) 03/30 09:03:05 Job executing on host: <128.101.220.43:9618?addrs=128.101.220.43-9618&noUDP&sock=249879_c9d6_4>
...
006 (10005.000.000) 03/30 09:03:13 Image size of job updated: 204372
	138  -  MemoryUsage of job (MB)
	140296  -  ResidentSetSize of job (KB)
...
006 (10005.000.000) 03/30 09:08:13 Image size of job updated: 426652
	323  -  MemoryUsage of job (MB)
	329996  -  ResidentSetSize of job (KB)
...
006 (10005.000.000) 03/30 09:12:46 Image size of job updated: 733400
	323  -  MemoryUsage of job (MB)
	329996  -  ResidentSetSize of job (KB)
...
005 (10005.000.000) 03/30 09:12:47 Job terminated.
	(1) Normal termination (return value 0)
		Usr 0 00:06:23, Sys 0 00:02:10  -  Run Remote Usage
		Usr 0 00:00:00, Sys 0 00:00:00  -  Run Local Usage
		Usr 0 00:06:23, Sys 0 00:02:10  -  Total Remote Usage
		Usr 0 00:00:00, Sys 0 00:00:00  -  Total Local Usage
	84336  -  Run Bytes Sent By Job
	547  -  Run Bytes Received By Job
	84336  -  Total Bytes Sent By Job
	547  -  Total Bytes Received By Job
	Partitionable Resources :    Usage  Request Allocated
	   Cpus                 :                 1         1
	   Disk (KB)            :       95  1024000   1029197
	   Memory (MB)          :      323     2000      2000
...
