000 (9959.000.000) 03/30 08:56:16 Job submitted from host: <128.101.221.180:9618?addrs=128.101.221.180-9618&noUDP&sock=3943_2604_3>
...
001 (9959.000.000) 03/30 08:56:34 Job executing on host: <128.101.221.175:9618?addrs=128.101.221.175-9618&noUDP&sock=12916_e152_4>
...
006 (9959.000.000) 03/30 08:56:42 Image size of job updated: 190564
	177  -  MemoryUsage of job (MB)
	180752  -  ResidentSetSize of job (KB)
...
006 (9959.000.000) 03/30 09:01:42 Image size of job updated: 329836
	322  -  MemoryUsage of job (MB)
	329616  -  ResidentSetSize of job (KB)
...
006 (9959.000.000) 03/30 09:06:42 Image size of job updated: 335004
	327  -  MemoryUsage of job (MB)
	334740  -  ResidentSetSize of job (KB)
...
006 (9959.000.000) 03/30 09:06:58 Image size of job updated: 732944
	327  -  MemoryUsage of job (MB)
	334740  -  ResidentSetSize of job (KB)
...
005 (9959.000.000) 03/30 09:07:00 Job terminated.
	(1) Normal termination (return value 0)
		Usr 0 00:05:57, Sys 0 00:03:41  -  Run Remote Usage
		Usr 0 00:00:00, Sys 0 00:00:00  -  Run Local Usage
		Usr 0 00:05:57, Sys 0 00:03:41  -  Total Remote Usage
		Usr 0 00:00:00, Sys 0 00:00:00  -  Total Local Usage
	64037  -  Run Bytes Sent By Job
	547  -  Run Bytes Received By Job
	64037  -  Total Bytes Sent By Job
	547  -  Total Bytes Received By Job
	Partitionable Resources :    Usage  Request Allocated
	   Cpus                 :                 1         1
	   Disk (KB)            :       75  1024000   1930402
	   Memory (MB)          :      327     2000      2000
...
