000 (9983.000.000) 03/30 08:56:27 Job submitted from host: <128.101.221.180:9618?addrs=128.101.221.180-9618&noUDP&sock=3943_2604_3>
...
001 (9983.000.000) 03/30 08:56:45 Job executing on host: <128.101.221.182:9618?addrs=128.101.221.182-9618&noUDP&sock=3902_06a2_4>
...
006 (9983.000.000) 03/30 08:56:53 Image size of job updated: 176132
	166  -  MemoryUsage of job (MB)
	169920  -  ResidentSetSize of job (KB)
...
005 (9983.000.000) 03/30 09:00:13 Job terminated.
	(1) Normal termination (return value 0)
		Usr 0 00:02:02, Sys 0 00:01:10  -  Run Remote Usage
		Usr 0 00:00:00, Sys 0 00:00:00  -  Run Local Usage
		Usr 0 00:02:02, Sys 0 00:01:10  -  Total Remote Usage
		Usr 0 00:00:00, Sys 0 00:00:00  -  Total Local Usage
	35163  -  Run Bytes Sent By Job
	547  -  Run Bytes Received By Job
	35163  -  Total Bytes Sent By Job
	547  -  Total Bytes Received By Job
	Partitionable Resources :    Usage  Request Allocated
	   Cpus                 :                 1         1
	   Disk (KB)            :       47  1024000   2046536
	   Memory (MB)          :      166     2000      2000
...
