000 (9962.000.000) 03/30 08:56:17 Job submitted from host: <128.101.221.180:9618?addrs=128.101.221.180-9618&noUDP&sock=3943_2604_3>
...
001 (9962.000.000) 03/30 08:56:35 Job executing on host: <128.101.221.188:9618?addrs=128.101.221.188-9618&noUDP&sock=3087505_3369_4>
...
006 (9962.000.000) 03/30 08:56:44 Image size of job updated: 233800
	175  -  MemoryUsage of job (MB)
	178544  -  ResidentSetSize of job (KB)
...
006 (9962.000.000) 03/30 09:01:45 Image size of job updated: 331808
	322  -  MemoryUsage of job (MB)
	329576  -  ResidentSetSize of job (KB)
...
005 (9962.000.000) 03/30 09:04:14 Job terminated.
	(1) Normal termination (return value 0)
		Usr 0 00:05:02, Sys 0 00:01:52  -  Run Remote Usage
		Usr 0 00:00:00, Sys 0 00:00:00  -  Run Local Usage
		Usr 0 00:05:02, Sys 0 00:01:52  -  Total Remote Usage
		Usr 0 00:00:00, Sys 0 00:00:00  -  Total Local Usage
	60325  -  Run Bytes Sent By Job
	547  -  Run Bytes Received By Job
	60325  -  Total Bytes Sent By Job
	547  -  Total Bytes Received By Job
	Partitionable Resources :    Usage  Request Allocated
	   Cpus                 :                 1         1
	   Disk (KB)            :       72  1024000   1028142
	   Memory (MB)          :      322     2000      2000
...
