000 (9956.000.000) 03/30 08:56:14 Job submitted from host: <128.101.221.180:9618?addrs=128.101.221.180-9618&noUDP&sock=3943_2604_3>
...
001 (9956.000.000) 03/30 08:56:31 Job executing on host: <128.101.221.180:9618?addrs=128.101.221.180-9618&noUDP&sock=3943_2604_4>
...
006 (9956.000.000) 03/30 08:56:40 Image size of job updated: 302308
	214  -  MemoryUsage of job (MB)
	218768  -  ResidentSetSize of job (KB)
...
006 (9956.000.000) 03/30 09:01:41 Image size of job updated: 428520
	325  -  MemoryUsage of job (MB)
	331940  -  ResidentSetSize of job (KB)
...
006 (9956.000.000) 03/30 09:04:36 Image size of job updated: 428728
	325  -  MemoryUsage of job (MB)
	331940  -  ResidentSetSize of job (KB)
...
005 (9956.000.000) 03/30 09:04:38 Job terminated.
	(1) Normal termination (return value 0)
		Usr 0 00:05:12, Sys 0 00:01:45  -  Run Remote Usage
		Usr 0 00:00:00, Sys 0 00:00:00  -  Run Local Usage
		Usr 0 00:05:12, Sys 0 00:01:45  -  Total Remote Usage
		Usr 0 00:00:00, Sys 0 00:00:00  -  Total Local Usage
	68638  -  Run Bytes Sent By Job
	547  -  Run Bytes Received By Job
	68638  -  Total Bytes Sent By Job
	547  -  Total Bytes Received By Job
	Partitionable Resources :    Usage  Request Allocated
	   Cpus                 :                 1         1
	   Disk (KB)            :       80  1024000   1026250
	   Memory (MB)          :      325     2000      2000
...
