000 (9979.000.000) 03/30 08:56:25 Job submitted from host: <128.101.221.180:9618?addrs=128.101.221.180-9618&noUDP&sock=3943_2604_3>
...
001 (9979.000.000) 03/30 08:56:42 Job executing on host: <128.101.221.182:9618?addrs=128.101.221.182-9618&noUDP&sock=3902_06a2_4>
...
006 (9979.000.000) 03/30 08:56:51 Image size of job updated: 173500
	167  -  MemoryUsage of job (MB)
	170896  -  ResidentSetSize of job (KB)
...
006 (9979.000.000) 03/30 09:01:52 Image size of job updated: 329988
	322  -  MemoryUsage of job (MB)
	329700  -  ResidentSetSize of job (KB)
...
006 (9979.000.000) 03/30 09:04:02 Image size of job updated: 333596
	322  -  MemoryUsage of job (MB)
	329700  -  ResidentSetSize of job (KB)
...
005 (9979.000.000) 03/30 09:04:03 Job terminated.
	(1) Normal termination (return value 0)
		Usr 0 00:04:14, Sys 0 00:02:33  -  Run Remote Usage
		Usr 0 00:00:00, Sys 0 00:00:00  -  Run Local Usage
		Usr 0 00:04:14, Sys 0 00:02:33  -  Total Remote Usage
		Usr 0 00:00:00, Sys 0 00:00:00  -  Total Local Usage
	45098  -  Run Bytes Sent By Job
	547  -  Run Bytes Received By Job
	45098  -  Total Bytes Sent By Job
	547  -  Total Bytes Received By Job
	Partitionable Resources :    Usage  Request Allocated
	   Cpus                 :                 1         1
	   Disk (KB)            :       57  1024000   2046536
	   Memory (MB)          :      322     2000      2000
...
