000 (9963.000.000) 03/30 08:56:18 Job submitted from host: <128.101.221.180:9618?addrs=128.101.221.180-9618&noUDP&sock=3943_2604_3>
...
001 (9963.000.000) 03/30 08:56:35 Job executing on host: <128.101.221.182:9618?addrs=128.101.221.182-9618&noUDP&sock=3902_06a2_4>
...
006 (9963.000.000) 03/30 08:56:43 Image size of job updated: 187564
	174  -  MemoryUsage of job (MB)
	177772  -  ResidentSetSize of job (KB)
...
006 (9963.000.000) 03/30 09:01:43 Image size of job updated: 332972
	325  -  MemoryUsage of job (MB)
	332484  -  ResidentSetSize of job (KB)
...
005 (9963.000.000) 03/30 09:06:30 Job terminated.
	(1) Normal termination (return value 0)
		Usr 0 00:05:45, Sys 0 00:03:26  -  Run Remote Usage
		Usr 0 00:00:00, Sys 0 00:00:00  -  Run Local Usage
		Usr 0 00:05:45, Sys 0 00:03:26  -  Total Remote Usage
		Usr 0 00:00:00, Sys 0 00:00:00  -  Total Local Usage
	59200  -  Run Bytes Sent By Job
	547  -  Run Bytes Received By Job
	59200  -  Total Bytes Sent By Job
	547  -  Total Bytes Received By Job
	Partitionable Resources :    Usage  Request Allocated
	   Cpus                 :                 1         1
	   Disk (KB)            :       70  1024000   2046536
	   Memory (MB)          :      325     2000      2000
...
