000 (9987.000.000) 03/30 08:56:29 Job submitted from host: <128.101.221.180:9618?addrs=128.101.221.180-9618&noUDP&sock=3943_2604_3>
...
001 (9987.000.000) 03/30 09:00:05 Job executing on host: <128.101.220.87:9618?addrs=128.101.220.87-9618&noUDP&sock=465496_1dbd_4>
...
006 (9987.000.000) 03/30 09:00:14 Image size of job updated: 262092
	182  -  MemoryUsage of job (MB)
	185604  -  ResidentSetSize of job (KB)
...
005 (9987.000.000) 03/30 09:03:55 Job terminated.
	(1) Normal termination (return value 0)
		Usr 0 00:02:33, Sys 0 00:00:54  -  Run Remote Usage
		Usr 0 00:00:00, Sys 0 00:00:00  -  Run Local Usage
		Usr 0 00:02:33, Sys 0 00:00:54  -  Total Remote Usage
		Usr 0 00:00:00, Sys 0 00:00:00  -  Total Local Usage
	44849  -  Run Bytes Sent By Job
	547  -  Run Bytes Received By Job
	44849  -  Total Bytes Sent By Job
	547  -  Total Bytes Received By Job
	Partitionable Resources :    Usage  Request Allocated
	   Cpus                 :                 1         1
	   Disk (KB)            :       57  1024000   1029364
	   Memory (MB)          :      182     2000      2000
...
