000 (9974.000.000) 03/30 08:56:23 Job submitted from host: <128.101.221.180:9618?addrs=128.101.221.180-9618&noUDP&sock=3943_2604_3>
...
001 (9974.000.000) 03/30 08:56:40 Job executing on host: <128.101.221.182:9618?addrs=128.101.221.182-9618&noUDP&sock=3902_06a2_4>
...
006 (9974.000.000) 03/30 08:56:48 Image size of job updated: 58964
	42  -  MemoryUsage of job (MB)
	42852  -  ResidentSetSize of job (KB)
...
006 (9974.000.000) 03/30 09:01:48 Image size of job updated: 330844
	323  -  MemoryUsage of job (MB)
	330620  -  ResidentSetSize of job (KB)
...
006 (9974.000.000) 03/30 09:06:49 Image size of job updated: 334492
	327  -  MemoryUsage of job (MB)
	334448  -  ResidentSetSize of job (KB)
...
005 (9974.000.000) 03/30 09:07:35 Job terminated.
	(1) Normal termination (return value 0)
		Usr 0 00:06:20, Sys 0 00:03:44  -  Run Remote Usage
		Usr 0 00:00:00, Sys 0 00:00:00  -  Run Local Usage
		Usr 0 00:06:20, Sys 0 00:03:44  -  Total Remote Usage
		Usr 0 00:00:00, Sys 0 00:00:00  -  Total Local Usage
	61359  -  Run Bytes Sent By Job
	547  -  Run Bytes Received By Job
	61359  -  Total Bytes Sent By Job
	547  -  Total Bytes Received By Job
	Partitionable Resources :    Usage  Request Allocated
	   Cpus                 :                 1         1
	   Disk (KB)            :       73  1024000   2046536
	   Memory (MB)          :      327     2000      2000
...
