000 (9949.000.000) 03/30 08:56:10 Job submitted from host: <128.101.221.180:9618?addrs=128.101.221.180-9618&noUDP&sock=3943_2604_3>
...
001 (9949.000.000) 03/30 08:56:33 Job executing on host: <128.101.221.187:9618?addrs=128.101.221.187-9618&noUDP&sock=3336463_ae6f_4>
...
006 (9949.000.000) 03/30 08:56:42 Image size of job updated: 246908
	169  -  MemoryUsage of job (MB)
	172500  -  ResidentSetSize of job (KB)
...
005 (9949.000.000) 03/30 09:00:12 Job terminated.
	(1) Normal termination (return value 0)
		Usr 0 00:02:28, Sys 0 00:00:52  -  Run Remote Usage
		Usr 0 00:00:00, Sys 0 00:00:00  -  Run Local Usage
		Usr 0 00:02:28, Sys 0 00:00:52  -  Total Remote Usage
		Usr 0 00:00:00, Sys 0 00:00:00  -  Total Local Usage
	41330  -  Run Bytes Sent By Job
	547  -  Run Bytes Received By Job
	41330  -  Total Bytes Sent By Job
	547  -  Total Bytes Received By Job
	Partitionable Resources :    Usage  Request Allocated
	   Cpus                 :                 1         1
	   Disk (KB)            :       53  1024000   1028847
	   Memory (MB)          :      169     2000      2000
...
