000 (10002.000.000) 03/30 08:56:39 Job submitted from host: <128.101.221.180:9618?addrs=128.101.221.180-9618&noUDP&sock=3943_2604_3>
...
001 (10002.000.000) 03/30 09:02:49 Job executing on host: <128.101.221.193:9618?addrs=128.101.221.193-9618&noUDP&sock=2332108_b0a7_4>
...
006 (10002.000.000) 03/30 09:02:58 Image size of job updated: 185064
	160  -  MemoryUsage of job (MB)
	163424  -  ResidentSetSize of job (KB)
...
006 (10002.000.000) 03/30 09:07:59 Image size of job updated: 360952
	324  -  MemoryUsage of job (MB)
	331352  -  ResidentSetSize of job (KB)
...
006 (10002.000.000) 03/30 09:10:50 Image size of job updated: 364072
	324  -  MemoryUsage of job (MB)
	331352  -  ResidentSetSize of job (KB)
...
005 (10002.000.000) 03/30 09:10:52 Job terminated.
	(1) Normal termination (return value 0)
		Usr 0 00:04:56, Sys 0 00:02:12  -  Run Remote Usage
		Usr 0 00:00:00, Sys 0 00:00:00  -  Run Local Usage
		Usr 0 00:04:56, Sys 0 00:02:12  -  Total Remote Usage
		Usr 0 00:00:00, Sys 0 00:00:00  -  Total Local Usage
	76802  -  Run Bytes Sent By Job
	547  -  Run Bytes Received By Job
	76802  -  Total Bytes Sent By Job
	547  -  Total Bytes Received By Job
	Partitionable Resources :    Usage  Request Allocated
	   Cpus                 :                 1         1
	   Disk (KB)            :       88  1024000   1029014
	   Memory (MB)          :      324     2000      2000
...
