000 (9999.000.000) 03/30 08:56:37 Job submitted from host: <128.101.221.180:9618?addrs=128.101.221.180-9618&noUDP&sock=3943_2604_3>
...
001 (9999.000.000) 03/30 09:02:25 Job executing on host: <128.101.221.175:9618?addrs=128.101.221.175-9618&noUDP&sock=12916_e152_4>
...
006 (9999.000.000) 03/30 09:02:35 Image size of job updated: 254008
	176  -  MemoryUsage of job (MB)
	179204  -  ResidentSetSize of job (KB)
...
006 (9999.000.000) 03/30 09:07:35 Image size of job updated: 331412
	324  -  MemoryUsage of job (MB)
	331396  -  ResidentSetSize of job (KB)
...
006 (9999.000.000) 03/30 09:12:35 Image size of job updated: 335576
	328  -  MemoryUsage of job (MB)
	335388  -  ResidentSetSize of job (KB)
...
006 (9999.000.000) 03/30 09:13:43 Image size of job updated: 733064
	328  -  MemoryUsage of job (MB)
	335388  -  ResidentSetSize of job (KB)
...
005 (9999.000.000) 03/30 09:13:44 Job terminated.
	(1) Normal termination (return value 0)
		Usr 0 00:06:38, Sys 0 00:03:54  -  Run Remote Usage
		Usr 0 00:00:00, Sys 0 00:00:00  -  Run Local Usage
		Usr 0 00:06:38, Sys 0 00:03:54  -  Total Remote Usage
		Usr 0 00:00:00, Sys 0 00:00:00  -  Total Local Usage
	66232  -  Run Bytes Sent By Job
	547  -  Run Bytes Received By Job
	66232  -  Total Bytes Sent By Job
	547  -  Total Bytes Received By Job
	Partitionable Resources :    Usage  Request Allocated
	   Cpus                 :                 1         1
	   Disk (KB)            :       78  1024000   1930402
	   Memory (MB)          :      328     2000      2000
...
