000 (9957.000.000) 03/30 08:56:14 Job submitted from host: <128.101.221.180:9618?addrs=128.101.221.180-9618&noUDP&sock=3943_2604_3>
...
001 (9957.000.000) 03/30 08:56:29 Job executing on host: <128.101.221.175:9618?addrs=128.101.221.175-9618&noUDP&sock=12916_e152_4>
...
006 (9957.000.000) 03/30 08:56:38 Image size of job updated: 144592
	123  -  MemoryUsage of job (MB)
	125288  -  ResidentSetSize of job (KB)
...
006 (9957.000.000) 03/30 09:01:38 Image size of job updated: 333360
	324  -  MemoryUsage of job (MB)
	331312  -  ResidentSetSize of job (KB)
...
005 (9957.000.000) 03/30 09:04:56 Job terminated.
	(1) Normal termination (return value 0)
		Usr 0 00:04:54, Sys 0 00:02:54  -  Run Remote Usage
		Usr 0 00:00:00, Sys 0 00:00:00  -  Run Local Usage
		Usr 0 00:04:54, Sys 0 00:02:54  -  Total Remote Usage
		Usr 0 00:00:00, Sys 0 00:00:00  -  Total Local Usage
	58473  -  Run Bytes Sent By Job
	547  -  Run Bytes Received By Job
	58473  -  Total Bytes Sent By Job
	547  -  Total Bytes Received By Job
	Partitionable Resources :    Usage  Request Allocated
	   Cpus                 :                 1         1
	   Disk (KB)            :       70  1024000   1930402
	   Memory (MB)          :      324     2000      2000
...
