000 (9947.000.000) 03/30 08:56:09 Job submitted from host: <128.101.221.180:9618?addrs=128.101.221.180-9618&noUDP&sock=3943_2604_3>
...
001 (9947.000.000) 03/30 08:56:33 Job executing on host: <128.101.221.185:9618?addrs=128.101.221.185-9618&noUDP&sock=4153619_bab1_4>
...
006 (9947.000.000) 03/30 08:56:42 Image size of job updated: 251296
	173  -  MemoryUsage of job (MB)
	176348  -  ResidentSetSize of job (KB)
...
006 (9947.000.000) 03/30 09:01:43 Image size of job updated: 333576
	324  -  MemoryUsage of job (MB)
	331288  -  ResidentSetSize of job (KB)
...
005 (9947.000.000) 03/30 09:04:26 Job terminated.
	(1) Normal termination (return value 0)
		Usr 0 00:05:13, Sys 0 00:01:59  -  Run Remote Usage
		Usr 0 00:00:00, Sys 0 00:00:00  -  Run Local Usage
		Usr 0 00:05:13, Sys 0 00:01:59  -  Total Remote Usage
		Usr 0 00:00:00, Sys 0 00:00:00  -  Total Local Usage
	47504  -  Run Bytes Sent By Job
	547  -  Run Bytes Received By Job
	47504  -  Total Bytes Sent By Job
	547  -  Total Bytes Received By Job
	Partitionable Resources :    Usage  Request Allocated
	   Cpus                 :                 1         1
	   Disk (KB)            :       59  1024000   1026763
	   Memory (MB)          :      324     2000      2000
...
