000 (9988.000.000) 03/30 08:56:30 Job submitted from host: <128.101.221.180:9618?addrs=128.101.221.180-9618&noUDP&sock=3943_2604_3>
...
001 (9988.000.000) 03/30 09:00:14 Job executing on host: <128.101.221.187:9618?addrs=128.101.221.187-9618&noUDP&sock=3336463_ae6f_4>
...
006 (9988.000.000) 03/30 09:00:22 Image size of job updated: 185444
	123  -  MemoryUsage of job (MB)
	125176  -  ResidentSetSize of job (KB)
...
006 (9988.000.000) 03/30 09:05:22 Image size of job updated: 331992
	322  -  MemoryUsage of job (MB)
	329700  -  ResidentSetSize of job (KB)
...
005 (9988.000.000) 03/30 09:08:40 Job terminated.
	(1) Normal termination (return value 0)
		Usr 0 00:05:40, Sys 0 00:02:04  -  Run Remote Usage
		Usr 0 00:00:00, Sys 0 00:00:00  -  Run Local Usage
		Usr 0 00:05:40, Sys 0 00:02:04  -  Total Remote Usage
		Usr 0 00:00:00, Sys 0 00:00:00  -  Total Local Usage
	47941  -  Run Bytes Sent By Job
	547  -  Run Bytes Received By Job
	47941  -  Total Bytes Sent By Job
	547  -  Total Bytes Received By Job
	Partitionable Resources :    Usage  Request Allocated
	   Cpus                 :                 1         1
	   Disk (KB)            :       60  1024000   1028847
	   Memory (MB)          :      322     2000      2000
...
