000 (9993.000.000) 03/30 08:56:33 Job submitted from host: <128.101.221.180:9618?addrs=128.101.221.180-9618&noUDP&sock=3943_2604_3>
...
001 (9993.000.000) 03/30 09:01:10 Job executing on host: <128.101.221.193:9618?addrs=128.101.221.193-9618&noUDP&sock=2332108_b0a7_4>
...
006 (9993.000.000) 03/30 09:01:19 Image size of job updated: 236332
	162  -  MemoryUsage of job (MB)
	165668  -  ResidentSetSize of job (KB)
...
006 (9993.000.000) 03/30 09:02:48 Image size of job updated: 726192
	162  -  MemoryUsage of job (MB)
	165668  -  ResidentSetSize of job (KB)
...
005 (9993.000.000) 03/30 09:02:49 Job terminated.
	(1) Normal termination (return value 0)
		Usr 0 00:01:05, Sys 0 00:00:21  -  Run Remote Usage
		Usr 0 00:00:00, Sys 0 00:00:00  -  Run Local Usage
		Usr 0 00:01:05, Sys 0 00:00:21  -  Total Remote Usage
		Usr 0 00:00:00, Sys 0 00:00:00  -  Total Local Usage
	34252  -  Run Bytes Sent By Job
	547  -  Run Bytes Received By Job
	34252  -  Total Bytes Sent By Job
	547  -  Total Bytes Received By Job
	Partitionable Resources :    Usage  Request Allocated
	   Cpus                 :                 1         1
	   Disk (KB)            :       46  1024000   1029013
	   Memory (MB)          :      162     2000      2000
...
