000 (9968.000.000) 03/30 08:56:20 Job submitted from host: <128.101.221.180:9618?addrs=128.101.221.180-9618&noUDP&sock=3943_2604_3>
...
001 (9968.000.000) 03/30 08:56:37 Job executing on host: <128.101.221.175:9618?addrs=128.101.221.175-9618&noUDP&sock=12916_e152_4>
...
006 (9968.000.000) 03/30 08:56:46 Image size of job updated: 199396
	176  -  MemoryUsage of job (MB)
	180104  -  ResidentSetSize of job (KB)
...
005 (9968.000.000) 03/30 09:01:13 Job terminated.
	(1) Normal termination (return value 0)
		Usr 0 00:02:41, Sys 0 00:01:32  -  Run Remote Usage
		Usr 0 00:00:00, Sys 0 00:00:00  -  Run Local Usage
		Usr 0 00:02:41, Sys 0 00:01:32  -  Total Remote Usage
		Usr 0 00:00:00, Sys 0 00:00:00  -  Total Local Usage
	43738  -  Run Bytes Sent By Job
	547  -  Run Bytes Received By Job
	43738  -  Total Bytes Sent By Job
	547  -  Total Bytes Received By Job
	Partitionable Resources :    Usage  Request Allocated
	   Cpus                 :                 1         1
	   Disk (KB)            :       55  1024000   1930402
	   Memory (MB)          :      176     2000      2000
...
