000 (9973.000.000) 03/30 08:56:22 Job submitted from host: <128.101.221.180:9618?addrs=128.101.221.180-9618&noUDP&sock=3943_2604_3>
...
001 (9973.000.000) 03/30 08:56:40 Job executing on host: <128.101.221.182:9618?addrs=128.101.221.182-9618&noUDP&sock=3902_06a2_4>
...
006 (9973.000.000) 03/30 08:56:48 Image size of job updated: 151892
	148  -  MemoryUsage of job (MB)
	150960  -  ResidentSetSize of job (KB)
...
006 (9973.000.000) 03/30 09:01:48 Image size of job updated: 331768
	324  -  MemoryUsage of job (MB)
	331744  -  ResidentSetSize of job (KB)
...
006 (9973.000.000) 03/30 09:02:05 Image size of job updated: 331792
	324  -  MemoryUsage of job (MB)
	331744  -  ResidentSetSize of job (KB)
...
005 (9973.000.000) 03/30 09:02:06 Job terminated.
	(1) Normal termination (return value 0)
		Usr 0 00:03:12, Sys 0 00:01:49  -  Run Remote Usage
		Usr 0 00:00:00, Sys 0 00:00:00  -  Run Local Usage
		Usr 0 00:03:12, Sys 0 00:01:49  -  Total Remote Usage
		Usr 0 00:00:00, Sys 0 00:00:00  -  Total Local Usage
	45072  -  Run Bytes Sent By Job
	547  -  Run Bytes Received By Job
	45072  -  Total Bytes Sent By Job
	547  -  Total Bytes Received By Job
	Partitionable Resources :    Usage  Request Allocated
	   Cpus                 :                 1         1
	   Disk (KB)            :       57  1024000   2046536
	   Memory (MB)          :      324     2000      2000
...
