000 (9961.000.000) 03/30 08:56:17 Job submitted from host: <128.101.221.180:9618?addrs=128.101.221.180-9618&noUDP&sock=3943_2604_3>
...
001 (9961.000.000) 03/30 08:56:35 Job executing on host: <128.101.220.89:9618?addrs=128.101.220.89-9618&noUDP&sock=367686_9777_4>
...
006 (9961.000.000) 03/30 08:56:44 Image size of job updated: 198508
	174  -  MemoryUsage of job (MB)
	177284  -  ResidentSetSize of job (KB)
...
006 (9961.000.000) 03/30 09:01:45 Image size of job updated: 353280
	323  -  MemoryUsage of job (MB)
	329896  -  ResidentSetSize of job (KB)
...
005 (9961.000.000) 03/30 09:06:30 Job terminated.
	(1) Normal termination (return value 0)
		Usr 0 00:06:27, Sys 0 00:02:28  -  Run Remote Usage
		Usr 0 00:00:00, Sys 0 00:00:00  -  Run Local Usage
		Usr 0 00:06:27, Sys 0 00:02:28  -  Total Remote Usage
		Usr 0 00:00:00, Sys 0 00:00:00  -  Total Local Usage
	64664  -  Run Bytes Sent By Job
	547  -  Run Bytes Received By Job
	64664  -  Total Bytes Sent By Job
	547  -  Total Bytes Received By Job
	Partitionable Resources :    Usage  Request Allocated
	   Cpus                 :                 1         1
	   Disk (KB)            :       76  1024000   1028632
	   Memory (MB)          :      323     2000      2000
...
