000 (10009.000.000) 03/30 08:56:46 Job submitted from host: <128.101.221.180:9618?addrs=128.101.221.180-9618&noUDP&sock=3943_2604_3>
...
001 (10009.000.000) 03/30 09:03:25 Job executing on host: <128.101.220.89:9618?addrs=128.101.220.89-9618&noUDP&sock=367686_9777_4>
...
006 (10009.000.000) 03/30 09:03:34 Image size of job updated: 249252
	171  -  MemoryUsage of job (MB)
	174760  -  ResidentSetSize of job (KB)
...
006 (10009.000.000) 03/30 09:08:34 Image size of job updated: 332748
	324  -  MemoryUsage of job (MB)
	331544  -  ResidentSetSize of job (KB)
...
005 (10009.000.000) 03/30 09:10:17 Job terminated.
	(1) Normal termination (return value 0)
		Usr 0 00:04:30, Sys 0 00:01:42  -  Run Remote Usage
		Usr 0 00:00:00, Sys 0 00:00:00  -  Run Local Usage
		Usr 0 00:04:30, Sys 0 00:01:42  -  Total Remote Usage
		Usr 0 00:00:00, Sys 0 00:00:00  -  Total Local Usage
	57634  -  Run Bytes Sent By Job
	547  -  Run Bytes Received By Job
	57634  -  Total Bytes Sent By Job
	547  -  Total Bytes Received By Job
	Partitionable Resources :    Usage  Request Allocated
	   Cpus                 :                 1         1
	   Disk (KB)            :       69  1024000   1028632
	   Memory (MB)          :      324     2000      2000
...
