000 (10000.000.000) 03/30 08:56:37 Job submitted from host: <128.101.221.180:9618?addrs=128.101.221.180-9618&noUDP&sock=3943_2604_3>
...
001 (10000.000.000) 03/30 09:02:29 Job executing on host: <128.101.221.191:9618?addrs=128.101.221.191-9618&noUDP&sock=3143621_1bfa_4>
...
006 (10000.000.000) 03/30 09:02:37 Image size of job updated: 176324
	112  -  MemoryUsage of job (MB)
	114484  -  ResidentSetSize of job (KB)
...
006 (10000.000.000) 03/30 09:07:37 Image size of job updated: 428644
	325  -  MemoryUsage of job (MB)
	332016  -  ResidentSetSize of job (KB)
...
006 (10000.000.000) 03/30 09:08:10 Image size of job updated: 429780
	325  -  MemoryUsage of job (MB)
	332016  -  ResidentSetSize of job (KB)
...
005 (10000.000.000) 03/30 09:08:11 Job terminated.
	(1) Normal termination (return value 0)
		Usr 0 00:03:53, Sys 0 00:01:13  -  Run Remote Usage
		Usr 0 00:00:00, Sys 0 00:00:00  -  Run Local Usage
		Usr 0 00:03:53, Sys 0 00:01:13  -  Total Remote Usage
		Usr 0 00:00:00, Sys 0 00:00:00  -  Total Local Usage
	44849  -  Run Bytes Sent By Job
	547  -  Run Bytes Received By Job
	44849  -  Total Bytes Sent By Job
	547  -  Total Bytes Received By Job
	Partitionable Resources :    Usage  Request Allocated
	   Cpus                 :                 1         1
	   Disk (KB)            :       57  1024000   1029042
	   Memory (MB)          :      325     2000      2000
...
