000 (10007.000.000) 03/30 08:56:44 Job submitted from host: <128.101.221.180:9618?addrs=128.101.221.180-9618&noUDP&sock=3943_2604_3>
...
001 (10007.000.000) 03/30 09:03:14 Job executing on host: <128.101.221.175:9618?addrs=128.101.221.175-9618&noUDP&sock=12916_e152_4>
...
006 (10007.000.000) 03/30 09:03:22 Image size of job updated: 236196
	162  -  MemoryUsage of job (MB)
	165732  -  ResidentSetSize of job (KB)
...
006 (10007.000.000) 03/30 09:08:22 Image size of job updated: 331632
	324  -  MemoryUsage of job (MB)
	331124  -  ResidentSetSize of job (KB)
...
006 (10007.000.000) 03/30 09:09:10 Image size of job updated: 729836
	324  -  MemoryUsage of job (MB)
	331124  -  ResidentSetSize of job (KB)
...
005 (10007.000.000) 03/30 09:09:11 Job terminated.
	(1) Normal termination (return value 0)
		Usr 0 00:03:34, Sys 0 00:01:58  -  Run Remote Usage
		Usr 0 00:00:00, Sys 0 00:00:00  -  Run Local Usage
		Usr 0 00:03:34, Sys 0 00:01:58  -  Total Remote Usage
		Usr 0 00:00:00, Sys 0 00:00:00  -  Total Local Usage
	38900  -  Run Bytes Sent By Job
	547  -  Run Bytes Received By Job
	38900  -  Total Bytes Sent By Job
	547  -  Total Bytes Received By Job
	Partitionable Resources :    Usage  Request Allocated
	   Cpus                 :                 1         1
	   Disk (KB)            :       51  1024000   1930402
	   Memory (MB)          :      324     2000      2000
...
