000 (9989.000.000) 03/30 08:56:30 Job submitted from host: <128.101.221.180:9618?addrs=128.101.221.180-9618&noUDP&sock=3943_2604_3>
...
001 (9989.000.000) 03/30 09:00:15 Job executing on host: <128.101.221.182:9618?addrs=128.101.221.182-9618&noUDP&sock=3902_06a2_4>
...
006 (9989.000.000) 03/30 09:00:23 Image size of job updated: 190260
	127  -  MemoryUsage of job (MB)
	129372  -  ResidentSetSize of job (KB)
...
006 (9989.000.000) 03/30 09:05:23 Image size of job updated: 330052
	322  -  MemoryUsage of job (MB)
	329720  -  ResidentSetSize of job (KB)
...
006 (9989.000.000) 03/30 09:10:24 Image size of job updated: 334064
	327  -  MemoryUsage of job (MB)
	333840  -  ResidentSetSize of job (KB)
...
006 (9989.000.000) 03/30 09:15:25 Image size of job updated: 334584
	327  -  MemoryUsage of job (MB)
	334396  -  ResidentSetSize of job (KB)
...
005 (9989.000.000) 03/30 09:15:37 Job terminated.
	(1) Normal termination (return value 0)
		Usr 0 00:08:57, Sys 0 00:05:27  -  Run Remote Usage
		Usr 0 00:00:00, Sys 0 00:00:00  -  Run Local Usage
		Usr 0 00:08:57, Sys 0 00:05:27  -  Total Remote Usage
		Usr 0 00:00:00, Sys 0 00:00:00  -  Total Local Usage
	97996  -  Run Bytes Sent By Job
	547  -  Run Bytes Received By Job
	97996  -  Total Bytes Sent By Job
	547  -  Total Bytes Received By Job
	Partitionable Resources :    Usage  Request Allocated
	   Cpus                 :                 1         1
	   Disk (KB)            :      109  1024000   2046536
	   Memory (MB)          :      327     2000      2000
...
