000 (9970.000.000) 03/30 08:56:21 Job submitted from host: <128.101.221.180:9618?addrs=128.101.221.180-9618&noUDP&sock=3943_2604_3>
...
001 (9970.000.000) 03/30 08:56:37 Job executing on host: <128.101.221.175:9618?addrs=128.101.221.175-9618&noUDP&sock=12916_e152_4>
...
006 (9970.000.000) 03/30 08:56:46 Image size of job updated: 187900
	181  -  MemoryUsage of job (MB)
	184340  -  ResidentSetSize of job (KB)
...
006 (9970.000.000) 03/30 09:01:47 Image size of job updated: 331520
	324  -  MemoryUsage of job (MB)
	331188  -  ResidentSetSize of job (KB)
...
006 (9970.000.000) 03/30 09:04:58 Image size of job updated: 731008
	324  -  MemoryUsage of job (MB)
	331188  -  ResidentSetSize of job (KB)
...
005 (9970.000.000) 03/30 09:04:59 Job terminated.
	(1) Normal termination (return value 0)
		Usr 0 00:04:50, Sys 0 00:02:53  -  Run Remote Usage
		Usr 0 00:00:00, Sys 0 00:00:00  -  Run Local Usage
		Usr 0 00:04:50, Sys 0 00:02:53  -  Total Remote Usage
		Usr 0 00:00:00, Sys 0 00:00:00  -  Total Local Usage
	55413  -  Run Bytes Sent By Job
	547  -  Run Bytes Received By Job
	55413  -  Total Bytes Sent By Job
	547  -  Total Bytes Received By Job
	Partitionable Resources :    Usage  Request Allocated
	   Cpus                 :                 1         1
	   Disk (KB)            :       67  1024000   1930402
	   Memory (MB)          :      324     2000      2000
...
