000 (9978.000.000) 03/30 08:56:25 Job submitted from host: <128.101.221.180:9618?addrs=128.101.221.180-9618&noUDP&sock=3943_2604_3>
...
001 (9978.000.000) 03/30 08:56:42 Job executing on host: <128.101.221.175:9618?addrs=128.101.221.175-9618&noUDP&sock=12916_e152_4>
...
006 (9978.000.000) 03/30 08:56:51 Image size of job updated: 141336
	138  -  MemoryUsage of job (MB)
	140356  -  ResidentSetSize of job (KB)
...
006 (9978.000.000) 03/30 09:01:52 Image size of job updated: 329872
	322  -  MemoryUsage of job (MB)
	329256  -  ResidentSetSize of job (KB)
...
006 (9978.000.000) 03/30 09:06:53 Image size of job updated: 335736
	328  -  MemoryUsage of job (MB)
	335392  -  ResidentSetSize of job (KB)
...
006 (9978.000.000) 03/30 09:09:14 Image size of job updated: 733064
	328  -  MemoryUsage of job (MB)
	335392  -  ResidentSetSize of job (KB)
...
005 (9978.000.000) 03/30 09:09:15 Job terminated.
	(1) Normal termination (return value 0)
		Usr 0 00:07:20, Sys 0 00:04:23  -  Run Remote Usage
		Usr 0 00:00:00, Sys 0 00:00:00  -  Run Local Usage
		Usr 0 00:07:20, Sys 0 00:04:23  -  Total Remote Usage
		Usr 0 00:00:00, Sys 0 00:00:00  -  Total Local Usage
	70647  -  Run Bytes Sent By Job
	547  -  Run Bytes Received By Job
	70647  -  Total Bytes Sent By Job
	547  -  Total Bytes Received By Job
	Partitionable Resources :    Usage  Request Allocated
	   Cpus                 :                 1         1
	   Disk (KB)            :       82  1024000   1930402
	   Memory (MB)          :      328     2000      2000
...
