000 (9992.000.000) 03/30 08:56:32 Job submitted from host: <128.101.221.180:9618?addrs=128.101.221.180-9618&noUDP&sock=3943_2604_3>
...
001 (9992.000.000) 03/30 09:01:08 Job executing on host: <128.101.221.187:9618?addrs=128.101.221.187-9618&noUDP&sock=3336463_ae6f_4>
...
006 (9992.000.000) 03/30 09:01:16 Image size of job updated: 206728
	140  -  MemoryUsage of job (MB)
	143232  -  ResidentSetSize of job (KB)
...
005 (9992.000.000) 03/30 09:04:39 Job terminated.
	(1) Normal termination (return value 0)
		Usr 0 00:02:23, Sys 0 00:00:49  -  Run Remote Usage
		Usr 0 00:00:00, Sys 0 00:00:00  -  Run Local Usage
		Usr 0 00:02:23, Sys 0 00:00:49  -  Total Remote Usage
		Usr 0 00:00:00, Sys 0 00:00:00  -  Total Local Usage
	40857  -  Run Bytes Sent By Job
	547  -  Run Bytes Received By Job
	40857  -  Total Bytes Sent By Job
	547  -  Total Bytes Received By Job
	Partitionable Resources :    Usage  Request Allocated
	   Cpus                 :                 1         1
	   Disk (KB)            :       53  1024000   1028848
	   Memory (MB)          :      140     2000      2000
...
