000 (9991.000.000) 03/30 08:56:31 Job submitted from host: <128.101.221.180:9618?addrs=128.101.221.180-9618&noUDP&sock=3943_2604_3>
...
001 (9991.000.000) 03/30 09:00:47 Job executing on host: <128.101.221.189:9618?addrs=128.101.221.189-9618&noUDP&sock=3424045_a60c_4>
...
006 (9991.000.000) 03/30 09:00:55 Image size of job updated: 185500
	121  -  MemoryUsage of job (MB)
	123652  -  ResidentSetSize of job (KB)
...
006 (9991.000.000) 03/30 09:05:55 Image size of job updated: 426100
	322  -  MemoryUsage of job (MB)
	329468  -  ResidentSetSize of job (KB)
...
006 (9991.000.000) 03/30 09:10:56 Image size of job updated: 430876
	327  -  MemoryUsage of job (MB)
	334496  -  ResidentSetSize of job (KB)
...
006 (9991.000.000) 03/30 09:11:42 Image size of job updated: 430892
	327  -  MemoryUsage of job (MB)
	334496  -  ResidentSetSize of job (KB)
...
005 (9991.000.000) 03/30 09:11:43 Job terminated.
	(1) Normal termination (return value 0)
		Usr 0 00:07:22, Sys 0 00:02:24  -  Run Remote Usage
		Usr 0 00:00:00, Sys 0 00:00:00  -  Run Local Usage
		Usr 0 00:07:22, Sys 0 00:02:24  -  Total Remote Usage
		Usr 0 00:00:00, Sys 0 00:00:00  -  Total Local Usage
	74404  -  Run Bytes Sent By Job
	547  -  Run Bytes Received By Job
	74404  -  Total Bytes Sent By Job
	547  -  Total Bytes Received By Job
	Partitionable Resources :    Usage  Request Allocated
	   Cpus                 :                 1         1
	   Disk (KB)            :       86  1024000   1028790
	   Memory (MB)          :      327     2000      2000
...
