000 (9975.000.000) 03/30 08:56:23 Job submitted from host: <128.101.221.180:9618?addrs=128.101.221.180-9618&noUDP&sock=3943_2604_3>
...
001 (9975.000.000) 03/30 08:56:42 Job executing on host: <128.101.221.175:9618?addrs=128.101.221.175-9618&noUDP&sock=12916_e152_4>
...
006 (9975.000.000) 03/30 08:56:50 Image size of job updated: 126776
	120  -  MemoryUsage of job (MB)
	122344  -  ResidentSetSize of job (KB)
...
006 (9975.000.000) 03/30 09:01:50 Image size of job updated: 332596
	325  -  MemoryUsage of job (MB)
	332460  -  ResidentSetSize of job (KB)
...
006 (9975.000.000) 03/30 09:05:40 Image size of job updated: 730804
	325  -  MemoryUsage of job (MB)
	332460  -  ResidentSetSize of job (KB)
...
005 (9975.000.000) 03/30 09:05:41 Job terminated.
	(1) Normal termination (return value 0)
		Usr 0 00:05:15, Sys 0 00:03:05  -  Run Remote Usage
		Usr 0 00:00:00, Sys 0 00:00:00  -  Run Local Usage
		Usr 0 00:05:15, Sys 0 00:03:05  -  Total Remote Usage
		Usr 0 00:00:00, Sys 0 00:00:00  -  Total Local Usage
	58687  -  Run Bytes Sent By Job
	547  -  Run Bytes Received By Job
	58687  -  Total Bytes Sent By Job
	547  -  Total Bytes Received By Job
	Partitionable Resources :    Usage  Request Allocated
	   Cpus                 :                 1         1
	   Disk (KB)            :       70  1024000   1930402
	   Memory (MB)          :      325     2000      2000
...
