000 (9966.000.000) 03/30 08:56:19 Job submitted from host: <128.101.221.180:9618?addrs=128.101.221.180-9618&noUDP&sock=3943_2604_3>
...
001 (9966.000.000) 03/30 08:56:37 Job executing on host: <128.101.220.87:9618?addrs=128.101.220.87-9618&noUDP&sock=465496_1dbd_4>
...
006 (9966.000.000) 03/30 08:56:46 Image size of job updated: 232536
	171  -  MemoryUsage of job (MB)
	174152  -  ResidentSetSize of job (KB)
...
006 (9966.000.000) 03/30 09:01:47 Image size of job updated: 333176
	325  -  MemoryUsage of job (MB)
	331932  -  ResidentSetSize of job (KB)
...
005 (9966.000.000) 03/30 09:02:21 Job terminated.
	(1) Normal termination (return value 0)
		Usr 0 00:03:43, Sys 0 00:01:24  -  Run Remote Usage
		Usr 0 00:00:00, Sys 0 00:00:00  -  Run Local Usage
		Usr 0 00:03:43, Sys 0 00:01:24  -  Total Remote Usage
		Usr 0 00:00:00, Sys 0 00:00:00  -  Total Local Usage
	58745  -  Run Bytes Sent By Job
	547  -  Run Bytes Received By Job
	58745  -  Total Bytes Sent By Job
	547  -  Total Bytes Received By Job
	Partitionable Resources :    Usage  Request Allocated
	   Cpus                 :                 1         1
	   Disk (KB)            :       70  1024000   1029364
	   Memory (MB)          :      325     2000      2000
...
