000 (9984.000.000) 03/30 08:56:28 Job submitted from host: <128.101.221.180:9618?addrs=128.101.221.180-9618&noUDP&sock=3943_2604_3>
...
001 (9984.000.000) 03/30 08:59:17 Job executing on host: <128.101.221.185:9618?addrs=128.101.221.185-9618&noUDP&sock=4153619_bab1_4>
...
006 (9984.000.000) 03/30 08:59:26 Image size of job updated: 190864
	127  -  MemoryUsage of job (MB)
	129644  -  ResidentSetSize of job (KB)
...
006 (9984.000.000) 03/30 09:04:27 Image size of job updated: 422836
	321  -  MemoryUsage of job (MB)
	328488  -  ResidentSetSize of job (KB)
...
005 (9984.000.000) 03/30 09:08:24 Job terminated.
	(1) Normal termination (return value 0)
		Usr 0 00:06:03, Sys 0 00:02:14  -  Run Remote Usage
		Usr 0 00:00:00, Sys 0 00:00:00  -  Run Local Usage
		Usr 0 00:06:03, Sys 0 00:02:14  -  Total Remote Usage
		Usr 0 00:00:00, Sys 0 00:00:00  -  Total Local Usage
	63393  -  Run Bytes Sent By Job
	547  -  Run Bytes Received By Job
	63393  -  Total Bytes Sent By Job
	547  -  Total Bytes Received By Job
	Partitionable Resources :    Usage  Request Allocated
	   Cpus                 :                 1         1
	   Disk (KB)            :       75  1024000   1026765
	   Memory (MB)          :      321     2000      2000
...
