000 (9971.000.000) 03/30 08:56:21 Job submitted from host: <128.101.221.180:9618?addrs=128.101.221.180-9618&noUDP&sock=3943_2604_3>
...
001 (9971.000.000) 03/30 08:56:39 Job executing on host: <128.101.221.182:9618?addrs=128.101.221.182-9618&noUDP&sock=3902_06a2_4>
...
006 (9971.000.000) 03/30 08:56:48 Image size of job updated: 170032
	159  -  MemoryUsage of job (MB)
	162552  -  ResidentSetSize of job (KB)
...
006 (9971.000.000) 03/30 09:01:48 Image size of job updated: 327700
	320  -  MemoryUsage of job (MB)
	327548  -  ResidentSetSize of job (KB)
...
005 (9971.000.000) 03/30 09:05:02 Job terminated.
	(1) Normal termination (return value 0)
		Usr 0 00:04:53, Sys 0 00:02:57  -  Run Remote Usage
		Usr 0 00:00:00, Sys 0 00:00:00  -  Run Local Usage
		Usr 0 00:04:53, Sys 0 00:02:57  -  Total Remote Usage
		Usr 0 00:00:00, Sys 0 00:00:00  -  Total Local Usage
	60751  -  Run Bytes Sent By Job
	547  -  Run Bytes Received By Job
	60751  -  Total Bytes Sent By Job
	547  -  Total Bytes Received By Job
	Partitionable Resources :    Usage  Request Allocated
	   Cpus                 :                 1         1
	   Disk (KB)            :       72  1024000   2046536
	   Memory (MB)          :      320     2000      2000
...
