000 (9977.000.000) 03/30 08:56:24 Job submitted from host: <128.101.221.180:9618?addrs=128.101.221.180-9618&noUDP&sock=3943_2604_3>
...
001 (9977.000.000) 03/30 08:56:42 Job executing on host: <128.101.221.175:9618?addrs=128.101.221.175-9618&noUDP&sock=12916_e152_4>
...
006 (9977.000.000) 03/30 08:56:51 Image size of job updated: 150772
	147  -  MemoryUsage of job (MB)
	150084  -  ResidentSetSize of job (KB)
...
006 (9977.000.000) 03/30 09:01:52 Image size of job updated: 329484
	322  -  MemoryUsage of job (MB)
	329340  -  ResidentSetSize of job (KB)
...
006 (9977.000.000) 03/30 09:02:23 Image size of job updated: 329516
	322  -  MemoryUsage of job (MB)
	329340  -  ResidentSetSize of job (KB)
...
005 (9977.000.000) 03/30 09:02:24 Job terminated.
	(1) Normal termination (return value 0)
		Usr 0 00:03:19, Sys 0 00:01:56  -  Run Remote Usage
		Usr 0 00:00:00, Sys 0 00:00:00  -  Run Local Usage
		Usr 0 00:03:19, Sys 0 00:01:56  -  Total Remote Usage
		Usr 0 00:00:00, Sys 0 00:00:00  -  Total Local Usage
	47277  -  Run Bytes Sent By Job
	547  -  Run Bytes Received By Job
	47277  -  Total Bytes Sent By Job
	547  -  Total Bytes Received By Job
	Partitionable Resources :    Usage  Request Allocated
	   Cpus                 :                 1         1
	   Disk (KB)            :       59  1024000   1930402
	   Memory (MB)          :      322     2000      2000
...
