000 (9997.000.000) 03/30 08:56:35 Job submitted from host: <128.101.221.180:9618?addrs=128.101.221.180-9618&noUDP&sock=3943_2604_3>
...
001 (9997.000.000) 03/30 09:02:08 Job executing on host: <128.101.221.182:9618?addrs=128.101.221.182-9618&noUDP&sock=3902_06a2_4>
...
006 (9997.000.000) 03/30 09:02:16 Image size of job updated: 194772
	131  -  MemoryUsage of job (MB)
	133368  -  ResidentSetSize of job (KB)
...
006 (9997.000.000) 03/30 09:07:16 Image size of job updated: 329816
	322  -  MemoryUsage of job (MB)
	329684  -  ResidentSetSize of job (KB)
...
006 (9997.000.000) 03/30 09:09:09 Image size of job updated: 329968
	322  -  MemoryUsage of job (MB)
	329684  -  ResidentSetSize of job (KB)
...
005 (9997.000.000) 03/30 09:09:10 Job terminated.
	(1) Normal termination (return value 0)
		Usr 0 00:04:10, Sys 0 00:02:22  -  Run Remote Usage
		Usr 0 00:00:00, Sys 0 00:00:00  -  Run Local Usage
		Usr 0 00:04:10, Sys 0 00:02:22  -  Total Remote Usage
		Usr 0 00:00:00, Sys 0 00:00:00  -  Total Local Usage
	48607  -  Run Bytes Sent By Job
	547  -  Run Bytes Received By Job
	48607  -  Total Bytes Sent By Job
	547  -  Total Bytes Received By Job
	Partitionable Resources :    Usage  Request Allocated
	   Cpus                 :                 1         1
	   Disk (KB)            :       60  1024000   2046536
	   Memory (MB)          :      322     2000      2000
...
