000 (9998.000.000) 03/30 08:56:36 Job submitted from host: <128.101.221.180:9618?addrs=128.101.221.180-9618&noUDP&sock=3943_2604_3>
...
001 (9998.000.000) 03/30 09:02:22 Job executing on host: <128.101.220.87:9618?addrs=128.101.220.87-9618&noUDP&sock=465496_1dbd_4>
...
006 (9998.000.000) 03/30 09:02:31 Image size of job updated: 265412
	185  -  MemoryUsage of job (MB)
	189036  -  ResidentSetSize of job (KB)
...
006 (9998.000.000) 03/30 09:07:32 Image size of job updated: 331552
	323  -  MemoryUsage of job (MB)
	329740  -  ResidentSetSize of job (KB)
...
005 (9998.000.000) 03/30 09:10:11 Job terminated.
	(1) Normal termination (return value 0)
		Usr 0 00:05:06, Sys 0 00:02:00  -  Run Remote Usage
		Usr 0 00:00:00, Sys 0 00:00:00  -  Run Local Usage
		Usr 0 00:05:06, Sys 0 00:02:00  -  Total Remote Usage
		Usr 0 00:00:00, Sys 0 00:00:00  -  Total Local Usage
	61611  -  Run Bytes Sent By Job
	547  -  Run Bytes Received By Job
	61611  -  Total Bytes Sent By Job
	547  -  Total Bytes Received By Job
	Partitionable Resources :    Usage  Request Allocated
	   Cpus                 :                 1         1
	   Disk (KB)            :       73  1024000   1029364
	   Memory (MB)          :      323     2000      2000
...
