000 (10006.000.000) 03/30 08:56:44 Job submitted from host: <128.101.221.180:9618?addrs=128.101.221.180-9618&noUDP&sock=3943_2604_3>
...
001 (10006.000.000) 03/30 09:03:06 Job executing on host: <128.101.220.206:9618?addrs=128.101.220.206-9618&noUDP&sock=3830_a3d1_4>
...
006 (10006.000.000) 03/30 09:03:14 Image size of job updated: 245668
	170  -  MemoryUsage of job (MB)
	173224  -  ResidentSetSize of job (KB)
...
006 (10006.000.000) 03/30 09:08:14 Image size of job updated: 333824
	324  -  MemoryUsage of job (MB)
	331580  -  ResidentSetSize of job (KB)
...
005 (10006.000.000) 03/30 09:08:22 Job terminated.
	(1) Normal termination (return value 0)
		Usr 0 00:03:28, Sys 0 00:01:18  -  Run Remote Usage
		Usr 0 00:00:00, Sys 0 00:00:00  -  Run Local Usage
		Usr 0 00:03:28, Sys 0 00:01:18  -  Total Remote Usage
		Usr 0 00:00:00, Sys 0 00:00:00  -  Total Local Usage
	51712  -  Run Bytes Sent By Job
	547  -  Run Bytes Received By Job
	51712  -  Total Bytes Sent By Job
	547  -  Total Bytes Received By Job
	Partitionable Resources :    Usage  Request Allocated
	   Cpus                 :                 1         1
	   Disk (KB)            :       64  1024000   1028633
	   Memory (MB)          :      324     2000      2000
...
