000 (9960.000.000) 03/30 08:56:16 Job submitted from host: <128.101.221.180:9618?addrs=128.101.221.180-9618&noUDP&sock=3943_2604_3>
...
001 (9960.000.000) 03/30 08:56:35 Job executing on host: <128.101.220.87:9618?addrs=128.101.220.87-9618&noUDP&sock=465496_1dbd_4>
...
006 (9960.000.000) 03/30 08:56:43 Image size of job updated: 142304
	126  -  MemoryUsage of job (MB)
	128984  -  ResidentSetSize of job (KB)
...
005 (9960.000.000) 03/30 09:00:04 Job terminated.
	(1) Normal termination (return value 0)
		Usr 0 00:02:15, Sys 0 00:00:48  -  Run Remote Usage
		Usr 0 00:00:00, Sys 0 00:00:00  -  Run Local Usage
		Usr 0 00:02:15, Sys 0 00:00:48  -  Total Remote Usage
		Usr 0 00:00:00, Sys 0 00:00:00  -  Total Local Usage
	40224  -  Run Bytes Sent By Job
	547  -  Run Bytes Received By Job
	40224  -  Total Bytes Sent By Job
	547  -  Total Bytes Received By Job
	Partitionable Resources :    Usage  Request Allocated
	   Cpus                 :                 1         1
	   Disk (KB)            :       52  1024000   1029364
	   Memory (MB)          :      126     2000      2000
...
