000 (9955.000.000) 03/30 08:56:13 Job submitted from host: <128.101.221.180:9618?addrs=128.101.221.180-9618&noUDP&sock=3943_2604_3>
...
001 (9955.000.000) 03/30 08:56:31 Job executing on host: <128.101.221.188:9618?addrs=128.101.221.188-9618&noUDP&sock=3087505_3369_4>
...
006 (9955.000.000) 03/30 08:56:40 Image size of job updated: 202300
	171  -  MemoryUsage of job (MB)
	174780  -  ResidentSetSize of job (KB)
...
005 (9955.000.000) 03/30 09:00:36 Job terminated.
	(1) Normal termination (return value 0)
		Usr 0 00:02:41, Sys 0 00:00:56  -  Run Remote Usage
		Usr 0 00:00:00, Sys 0 00:00:00  -  Run Local Usage
		Usr 0 00:02:41, Sys 0 00:00:56  -  Total Remote Usage
		Usr 0 00:00:00, Sys 0 00:00:00  -  Total Local Usage
	39545  -  Run Bytes Sent By Job
	547  -  Run Bytes Received By Job
	39545  -  Total Bytes Sent By Job
	547  -  Total Bytes Received By Job
	Partitionable Resources :    Usage  Request Allocated
	   Cpus                 :                 1         1
	   Disk (KB)            :       51  1024000   1028144
	   Memory (MB)          :      171     2000      2000
...
