000 (9964.000.000) 03/30 08:56:18 Job submitted from host: <128.101.221.180:9618?addrs=128.101.221.180-9618&noUDP&sock=3943_2604_3>
...
001 (9964.000.000) 03/30 08:56:35 Job executing on host: <128.101.221.175:9618?addrs=128.101.221.175-9618&noUDP&sock=12916_e152_4>
...
006 (9964.000.000) 03/30 08:56:44 Image size of job updated: 183608
	175  -  MemoryUsage of job (MB)
	178708  -  ResidentSetSize of job (KB)
...
006 (9964.000.000) 03/30 09:01:45 Image size of job updated: 329752
	322  -  MemoryUsage of job (MB)
	329284  -  ResidentSetSize of job (KB)
...
006 (9964.000.000) 03/30 09:06:46 Image size of job updated: 331800
	324  -  MemoryUsage of job (MB)
	331392  -  ResidentSetSize of job (KB)
...
006 (9964.000.000) 03/30 09:08:39 Image size of job updated: 732824
	324  -  MemoryUsage of job (MB)
	331392  -  ResidentSetSize of job (KB)
...
005 (9964.000.000) 03/30 09:08:40 Job terminated.
	(1) Normal termination (return value 0)
		Usr 0 00:07:02, Sys 0 00:04:13  -  Run Remote Usage
		Usr 0 00:00:00, Sys 0 00:00:00  -  Run Local Usage
		Usr 0 00:07:02, Sys 0 00:04:13  -  Total Remote Usage
		Usr 0 00:00:00, Sys 0 00:00:00  -  Total Local Usage
	74403  -  Run Bytes Sent By Job
	547  -  Run Bytes Received By Job
	74403  -  Total Bytes Sent By Job
	547  -  Total Bytes Received By Job
	Partitionable Resources :    Usage  Request Allocated
	   Cpus                 :                 1         1
	   Disk (KB)            :       85  1024000   1930402
	   Memory (MB)          :      324     2000      2000
...
