000 (6586.000.000) 08/07 11:15:51 Job submitted from host: <128.101.221.176:9618?addrs=128.101.221.176-9618&noUDP&sock=11541_65e5_3>
...
001 (6586.000.000) 08/07 11:16:08 Job executing on host: <128.101.220.96:9618?addrs=128.101.220.96-9618&noUDP&sock=7388_78ac_4>
...
006 (6586.000.000) 08/07 11:16:17 Image size of job updated: 289876
	229  -  MemoryUsage of job (MB)
	234284  -  ResidentSetSize of job (KB)
...
006 (6586.000.000) 08/07 11:21:18 Image size of job updated: 383340
	320  -  MemoryUsage of job (MB)
	326856  -  ResidentSetSize of job (KB)
...
006 (6586.000.000) 08/07 11:26:18 Image size of job updated: 383404
	320  -  MemoryUsage of job (MB)
	326920  -  ResidentSetSize of job (KB)
...
006 (6586.000.000) 08/07 11:31:18 Image size of job updated: 383404
	320  -  MemoryUsage of job (MB)
	326924  -  ResidentSetSize of job (KB)
...
006 (6586.000.000) 08/07 11:36:19 Image size of job updated: 383404
	320  -  MemoryUsage of job (MB)
	326928  -  ResidentSetSize of job (KB)
...
006 (6586.000.000) 08/07 11:41:20 Image size of job updated: 383404
	320  -  MemoryUsage of job (MB)
	327632  -  ResidentSetSize of job (KB)
...
006 (6586.000.000) 08/07 11:46:20 Image size of job updated: 383404
	321  -  MemoryUsage of job (MB)
	327716  -  ResidentSetSize of job (KB)
...
006 (6586.000.000) 08/07 11:56:22 Image size of job updated: 383404
	321  -  MemoryUsage of job (MB)
	327732  -  ResidentSetSize of job (KB)
...
005 (6586.000.000) 08/07 12:01:05 Job terminated.
	(1) Normal termination (return value 0)
		Usr 0 00:01:34, Sys 0 00:01:00  -  Run Remote Usage
		Usr 0 00:00:00, Sys 0 00:00:00  -  Run Local Usage
		Usr 0 00:01:34, Sys 0 00:01:00  -  Total Remote Usage
		Usr 0 00:00:00, Sys 0 00:00:00  -  Total Local Usage
	23747  -  Run Bytes Sent By Job
	583  -  Run Bytes Received By Job
	23747  -  Total Bytes Sent By Job
	583  -  Total Bytes Received By Job
	Partitionable Resources :    Usage  Request Allocated
	   Cpus                 :                 1         1
	   Disk (KB)            :       35  1024000   4046597
	   Memory (MB)          :      321     2000      2000
...
