000 (6593.000.000) 08/07 11:15:54 Job submitted from host: <128.101.221.176:9618?addrs=128.101.221.176-9618&noUDP&sock=11541_65e5_3>
...
001 (6593.000.000) 08/07 11:16:14 Job executing on host: <128.101.220.94:9618?addrs=128.101.220.94-9618&noUDP&sock=12956_3a07_4>
...
006 (6593.000.000) 08/07 11:16:23 Image size of job updated: 78676
	43  -  MemoryUsage of job (MB)
	43776  -  ResidentSetSize of job (KB)
...
006 (6593.000.000) 08/07 11:21:24 Image size of job updated: 412412
	321  -  MemoryUsage of job (MB)
	328528  -  ResidentSetSize of job (KB)
...
006 (6593.000.000) 08/07 11:31:25 Image size of job updated: 412424
	321  -  MemoryUsage of job (MB)
	328540  -  ResidentSetSize of job (KB)
...
005 (6593.000.000) 08/07 11:56:38 Job terminated.
	(1) Normal termination (return value 0)
		Usr 0 00:01:36, Sys 0 00:01:02  -  Run Remote Usage
		Usr 0 00:00:00, Sys 0 00:00:00  -  Run Local Usage
		Usr 0 00:01:36, Sys 0 00:01:02  -  Total Remote Usage
		Usr 0 00:00:00, Sys 0 00:00:00  -  Total Local Usage
	24216  -  Run Bytes Sent By Job
	583  -  Run Bytes Received By Job
	24216  -  Total Bytes Sent By Job
	583  -  Total Bytes Received By Job
	Partitionable Resources :    Usage  Request Allocated
	   Cpus                 :                 1         1
	   Disk (KB)            :       35  1024000   1740499
	   Memory (MB)          :      321     2000      2000
...
