000 (6587.000.000) 08/07 11:15:51 Job submitted from host: <128.101.221.176:9618?addrs=128.101.221.176-9618&noUDP&sock=11541_65e5_3>
...
001 (6587.000.000) 08/07 11:16:10 Job executing on host: <128.101.220.49:9618?addrs=128.101.220.49-9618&noUDP&sock=12019_f3c2_4>
...
006 (6587.000.000) 08/07 11:16:19 Image size of job updated: 255320
	185  -  MemoryUsage of job (MB)
	189208  -  ResidentSetSize of job (KB)
...
006 (6587.000.000) 08/07 11:21:19 Image size of job updated: 394036
	320  -  MemoryUsage of job (MB)
	327152  -  ResidentSetSize of job (KB)
...
006 (6587.000.000) 08/07 11:26:19 Image size of job updated: 394084
	320  -  MemoryUsage of job (MB)
	327160  -  ResidentSetSize of job (KB)
...
006 (6587.000.000) 08/07 11:31:19 Image size of job updated: 394084
	320  -  MemoryUsage of job (MB)
	327168  -  ResidentSetSize of job (KB)
...
006 (6587.000.000) 08/07 11:36:20 Image size of job updated: 394084
	320  -  MemoryUsage of job (MB)
	327196  -  ResidentSetSize of job (KB)
...
005 (6587.000.000) 08/07 12:00:21 Job terminated.
	(1) Normal termination (return value 0)
		Usr 0 00:01:34, Sys 0 00:00:59  -  Run Remote Usage
		Usr 0 00:00:00, Sys 0 00:00:00  -  Run Local Usage
		Usr 0 00:01:34, Sys 0 00:00:59  -  Total Remote Usage
		Usr 0 00:00:00, Sys 0 00:00:00  -  Total Local Usage
	23743  -  Run Bytes Sent By Job
	583  -  Run Bytes Received By Job
	23743  -  Total Bytes Sent By Job
	583  -  Total Bytes Received By Job
	Partitionable Resources :    Usage  Request Allocated
	   Cpus                 :                 1         1
	   Disk (KB)            :       35  1024000   3995247
	   Memory (MB)          :      320     2000      2000
...
