000 (5484.000.000) 08/06 17:21:51 Job submitted from host: <128.101.221.176:9618?addrs=128.101.221.176-9618&noUDP&sock=11541_65e5_3>
...
001 (5484.000.000) 08/06 17:22:15 Job executing on host: <128.101.221.180:9618?addrs=128.101.221.180-9618&noUDP&sock=11614_be99_4>
...
006 (5484.000.000) 08/06 17:22:23 Image size of job updated: 284040
	201  -  MemoryUsage of job (MB)
	204916  -  ResidentSetSize of job (KB)
...
006 (5484.000.000) 08/06 17:27:23 Image size of job updated: 329136
	322  -  MemoryUsage of job (MB)
	328860  -  ResidentSetSize of job (KB)
...
006 (5484.000.000) 08/06 17:58:10 Image size of job updated: 710456
	322  -  MemoryUsage of job (MB)
	328860  -  ResidentSetSize of job (KB)
...
005 (5484.000.000) 08/06 17:58:12 Job terminated.
	(1) Normal termination (return value 0)
		Usr 0 00:02:12, Sys 0 00:01:40  -  Run Remote Usage
		Usr 0 00:00:00, Sys 0 00:00:00  -  Run Local Usage
		Usr 0 00:02:12, Sys 0 00:01:40  -  Total Remote Usage
		Usr 0 00:00:00, Sys 0 00:00:00  -  Total Local Usage
	23891  -  Run Bytes Sent By Job
	551  -  Run Bytes Received By Job
	23891  -  Total Bytes Sent By Job
	551  -  Total Bytes Received By Job
	Partitionable Resources :    Usage  Request Allocated
	   Cpus                 :                 1         1
	   Disk (KB)            :       35  1024000   1868004
	   Memory (MB)          :      322     2000      2000
...
