000 (10322.000.000) 03/30 10:28:10 Job submitted from host: <128.101.221.180:9618?addrs=128.101.221.180-9618&noUDP&sock=3943_2604_3>
...
001 (10322.000.000) 03/30 11:02:39 Job executing on host: <128.101.221.182:9618?addrs=128.101.221.182-9618&noUDP&sock=3902_06a2_4>
...
006 (10322.000.000) 03/30 11:02:48 Image size of job updated: 210028
	176  -  MemoryUsage of job (MB)
	179828  -  ResidentSetSize of job (KB)
...
006 (10322.000.000) 03/30 11:07:49 Image size of job updated: 330400
	323  -  MemoryUsage of job (MB)
	329832  -  ResidentSetSize of job (KB)
...
005 (10322.000.000) 03/30 11:11:40 Job terminated.
	(1) Normal termination (return value 0)
		Usr 0 00:05:27, Sys 0 00:03:03  -  Run Remote Usage
		Usr 0 00:00:00, Sys 0 00:00:00  -  Run Local Usage
		Usr 0 00:05:27, Sys 0 00:03:03  -  Total Remote Usage
		Usr 0 00:00:00, Sys 0 00:00:00  -  Total Local Usage
	101022  -  Run Bytes Sent By Job
	537  -  Run Bytes Received By Job
	101022  -  Total Bytes Sent By Job
	537  -  Total Bytes Received By Job
	Partitionable Resources :    Usage  Request Allocated
	   Cpus                 :                 1         1
	   Disk (KB)            :      111  1024000   2046014
	   Memory (MB)          :      323     2000      2000
...
