000 (10346.000.000) 03/30 10:28:21 Job submitted from host: <128.101.221.180:9618?addrs=128.101.221.180-9618&noUDP&sock=3943_2604_3>
...
001 (10346.000.000) 03/30 11:07:58 Job executing on host: <128.101.221.175:9618?addrs=128.101.221.175-9618&noUDP&sock=12916_e152_4>
...
006 (10346.000.000) 03/30 11:08:07 Image size of job updated: 257400
	178  -  MemoryUsage of job (MB)
	181456  -  ResidentSetSize of job (KB)
...
006 (10346.000.000) 03/30 11:13:08 Image size of job updated: 425472
	325  -  MemoryUsage of job (MB)
	331860  -  ResidentSetSize of job (KB)
...
006 (10346.000.000) 03/30 11:15:59 Image size of job updated: 425784
	325  -  MemoryUsage of job (MB)
	331860  -  ResidentSetSize of job (KB)
...
005 (10346.000.000) 03/30 11:16:00 Job terminated.
	(1) Normal termination (return value 0)
		Usr 0 00:04:55, Sys 0 00:02:15  -  Run Remote Usage
		Usr 0 00:00:00, Sys 0 00:00:00  -  Run Local Usage
		Usr 0 00:04:55, Sys 0 00:02:15  -  Total Remote Usage
		Usr 0 00:00:00, Sys 0 00:00:00  -  Total Local Usage
	89718  -  Run Bytes Sent By Job
	537  -  Run Bytes Received By Job
	89718  -  Total Bytes Sent By Job
	537  -  Total Bytes Received By Job
	Partitionable Resources :    Usage  Request Allocated
	   Cpus                 :                 1         1
	   Disk (KB)            :      100  1024000   1932118
	   Memory (MB)          :      325     2000      2000
...
