000 (10344.000.000) 03/30 10:28:20 Job submitted from host: <128.101.221.180:9618?addrs=128.101.221.180-9618&noUDP&sock=3943_2604_3>
...
001 (10344.000.000) 03/30 11:07:45 Job executing on host: <128.101.220.109:9618?addrs=128.101.220.109-9618&noUDP&sock=438069_79b7_4>
...
006 (10344.000.000) 03/30 11:07:54 Image size of job updated: 271044
	189  -  MemoryUsage of job (MB)
	193264  -  ResidentSetSize of job (KB)
...
006 (10344.000.000) 03/30 11:12:55 Image size of job updated: 426140
	325  -  MemoryUsage of job (MB)
	332112  -  ResidentSetSize of job (KB)
...
005 (10344.000.000) 03/30 11:14:56 Job terminated.
	(1) Normal termination (return value 0)
		Usr 0 00:04:43, Sys 0 00:01:33  -  Run Remote Usage
		Usr 0 00:00:00, Sys 0 00:00:00  -  Run Local Usage
		Usr 0 00:04:43, Sys 0 00:01:33  -  Total Remote Usage
		Usr 0 00:00:00, Sys 0 00:00:00  -  Total Local Usage
	103125  -  Run Bytes Sent By Job
	537  -  Run Bytes Received By Job
	103125  -  Total Bytes Sent By Job
	537  -  Total Bytes Received By Job
	Partitionable Resources :    Usage  Request Allocated
	   Cpus                 :                 1         1
	   Disk (KB)            :      114  1024000   1027770
	   Memory (MB)          :      325     2000      2000
...
