000 (10343.000.000) 03/30 10:28:20 Job submitted from host: <128.101.221.180:9618?addrs=128.101.221.180-9618&noUDP&sock=3943_2604_3>
...
001 (10343.000.000) 03/30 11:07:17 Job executing on host: <128.101.221.182:9618?addrs=128.101.221.182-9618&noUDP&sock=3902_06a2_4>
...
006 (10343.000.000) 03/30 11:07:25 Image size of job updated: 252588
	172  -  MemoryUsage of job (MB)
	176124  -  ResidentSetSize of job (KB)
...
006 (10343.000.000) 03/30 11:12:25 Image size of job updated: 332700
	325  -  MemoryUsage of job (MB)
	332408  -  ResidentSetSize of job (KB)
...
006 (10343.000.000) 03/30 11:13:36 Image size of job updated: 730636
	325  -  MemoryUsage of job (MB)
	332408  -  ResidentSetSize of job (KB)
...
005 (10343.000.000) 03/30 11:13:37 Job terminated.
	(1) Normal termination (return value 0)
		Usr 0 00:03:53, Sys 0 00:01:54  -  Run Remote Usage
		Usr 0 00:00:00, Sys 0 00:00:00  -  Run Local Usage
		Usr 0 00:03:53, Sys 0 00:01:54  -  Total Remote Usage
		Usr 0 00:00:00, Sys 0 00:00:00  -  Total Local Usage
	77704  -  Run Bytes Sent By Job
	537  -  Run Bytes Received By Job
	77704  -  Total Bytes Sent By Job
	537  -  Total Bytes Received By Job
	Partitionable Resources :    Usage  Request Allocated
	   Cpus                 :                 1         1
	   Disk (KB)            :       89  1024000   2046056
	   Memory (MB)          :      325     2000      2000
...
