000 (10341.000.000) 03/30 10:28:19 Job submitted from host: <128.101.221.180:9618?addrs=128.101.221.180-9618&noUDP&sock=3943_2604_3>
...
001 (10341.000.000) 03/30 11:06:11 Job executing on host: <128.101.221.182:9618?addrs=128.101.221.182-9618&noUDP&sock=3902_06a2_4>
...
006 (10341.000.000) 03/30 11:06:19 Image size of job updated: 246720
	179  -  MemoryUsage of job (MB)
	182480  -  ResidentSetSize of job (KB)
...
006 (10341.000.000) 03/30 11:10:51 Image size of job updated: 730272
	179  -  MemoryUsage of job (MB)
	182480  -  ResidentSetSize of job (KB)
...
005 (10341.000.000) 03/30 11:10:52 Job terminated.
	(1) Normal termination (return value 0)
		Usr 0 00:02:51, Sys 0 00:01:29  -  Run Remote Usage
		Usr 0 00:00:00, Sys 0 00:00:00  -  Run Local Usage
		Usr 0 00:02:51, Sys 0 00:01:29  -  Total Remote Usage
		Usr 0 00:00:00, Sys 0 00:00:00  -  Total Local Usage
	58418  -  Run Bytes Sent By Job
	537  -  Run Bytes Received By Job
	58418  -  Total Bytes Sent By Job
	537  -  Total Bytes Received By Job
	Partitionable Resources :    Usage  Request Allocated
	   Cpus                 :                 1         1
	   Disk (KB)            :       70  1024000   2045992
	   Memory (MB)          :      179     2000      2000
...
