000 (10345.000.000) 03/30 10:28:21 Job submitted from host: <128.101.221.180:9618?addrs=128.101.221.180-9618&noUDP&sock=3943_2604_3>
...
001 (10345.000.000) 03/30 11:07:55 Job executing on host: <128.101.221.182:9618?addrs=128.101.221.182-9618&noUDP&sock=3902_06a2_4>
...
006 (10345.000.000) 03/30 11:08:03 Image size of job updated: 242124
	167  -  MemoryUsage of job (MB)
	170480  -  ResidentSetSize of job (KB)
...
006 (10345.000.000) 03/30 11:13:03 Image size of job updated: 426444
	326  -  MemoryUsage of job (MB)
	332836  -  ResidentSetSize of job (KB)
...
006 (10345.000.000) 03/30 11:14:33 Image size of job updated: 426704
	326  -  MemoryUsage of job (MB)
	332836  -  ResidentSetSize of job (KB)
...
005 (10345.000.000) 03/30 11:14:34 Job terminated.
	(1) Normal termination (return value 0)
		Usr 0 00:04:09, Sys 0 00:01:52  -  Run Remote Usage
		Usr 0 00:00:00, Sys 0 00:00:00  -  Run Local Usage
		Usr 0 00:04:09, Sys 0 00:01:52  -  Total Remote Usage
		Usr 0 00:00:00, Sys 0 00:00:00  -  Total Local Usage
	84570  -  Run Bytes Sent By Job
	537  -  Run Bytes Received By Job
	84570  -  Total Bytes Sent By Job
	537  -  Total Bytes Received By Job
	Partitionable Resources :    Usage  Request Allocated
	   Cpus                 :                 1         1
	   Disk (KB)            :       96  1024000   2046064
	   Memory (MB)          :      326     2000      2000
...
