000 (10334.000.000) 03/30 10:28:16 Job submitted from host: <128.101.221.180:9618?addrs=128.101.221.180-9618&noUDP&sock=3943_2604_3>
...
001 (10334.000.000) 03/30 11:05:07 Job executing on host: <128.101.220.112:9618?addrs=128.101.220.112-9618&noUDP&sock=2301225_8552_4>
...
006 (10334.000.000) 03/30 11:05:15 Image size of job updated: 190152
	123  -  MemoryUsage of job (MB)
	125564  -  ResidentSetSize of job (KB)
...
006 (10334.000.000) 03/30 11:10:15 Image size of job updated: 339544
	325  -  MemoryUsage of job (MB)
	332532  -  ResidentSetSize of job (KB)
...
005 (10334.000.000) 03/30 11:11:39 Job terminated.
	(1) Normal termination (return value 0)
		Usr 0 00:04:13, Sys 0 00:01:32  -  Run Remote Usage
		Usr 0 00:00:00, Sys 0 00:00:00  -  Run Local Usage
		Usr 0 00:04:13, Sys 0 00:01:32  -  Total Remote Usage
		Usr 0 00:00:00, Sys 0 00:00:00  -  Total Local Usage
	77763  -  Run Bytes Sent By Job
	537  -  Run Bytes Received By Job
	77763  -  Total Bytes Sent By Job
	537  -  Total Bytes Received By Job
	Partitionable Resources :    Usage  Request Allocated
	   Cpus                 :                 1         1
	   Disk (KB)            :       89  1024000   1030050
	   Memory (MB)          :      325     2000      2000
...
