000 (10329.000.000) 03/30 10:28:13 Job submitted from host: <128.101.221.180:9618?addrs=128.101.221.180-9618&noUDP&sock=3943_2604_3>
...
001 (10329.000.000) 03/30 11:04:23 Job executing on host: <128.101.221.175:9618?addrs=128.101.221.175-9618&noUDP&sock=12916_e152_4>
...
006 (10329.000.000) 03/30 11:04:32 Image size of job updated: 240328
	185  -  MemoryUsage of job (MB)
	188676  -  ResidentSetSize of job (KB)
...
006 (10329.000.000) 03/30 11:09:33 Image size of job updated: 332772
	325  -  MemoryUsage of job (MB)
	332592  -  ResidentSetSize of job (KB)
...
006 (10329.000.000) 03/30 11:11:41 Image size of job updated: 333024
	325  -  MemoryUsage of job (MB)
	332592  -  ResidentSetSize of job (KB)
...
005 (10329.000.000) 03/30 11:11:42 Job terminated.
	(1) Normal termination (return value 0)
		Usr 0 00:04:18, Sys 0 00:02:26  -  Run Remote Usage
		Usr 0 00:00:00, Sys 0 00:00:00  -  Run Local Usage
		Usr 0 00:04:18, Sys 0 00:02:26  -  Total Remote Usage
		Usr 0 00:00:00, Sys 0 00:00:00  -  Total Local Usage
	74415  -  Run Bytes Sent By Job
	537  -  Run Bytes Received By Job
	74415  -  Total Bytes Sent By Job
	537  -  Total Bytes Received By Job
	Partitionable Resources :    Usage  Request Allocated
	   Cpus                 :                 1         1
	   Disk (KB)            :       85  1024000   1932132
	   Memory (MB)          :      325     2000      2000
...
