000 (10324.000.000) 03/30 10:28:11 Job submitted from host: <128.101.221.180:9618?addrs=128.101.221.180-9618&noUDP&sock=3943_2604_3>
...
001 (10324.000.000) 03/30 11:03:35 Job executing on host: <128.101.221.175:9618?addrs=128.101.221.175-9618&noUDP&sock=12916_e152_4>
...
006 (10324.000.000) 03/30 11:03:44 Image size of job updated: 202036
	174  -  MemoryUsage of job (MB)
	177824  -  ResidentSetSize of job (KB)
...
006 (10324.000.000) 03/30 11:08:45 Image size of job updated: 333296
	326  -  MemoryUsage of job (MB)
	333268  -  ResidentSetSize of job (KB)
...
006 (10324.000.000) 03/30 11:12:19 Image size of job updated: 732268
	326  -  MemoryUsage of job (MB)
	333268  -  ResidentSetSize of job (KB)
...
005 (10324.000.000) 03/30 11:12:20 Job terminated.
	(1) Normal termination (return value 0)
		Usr 0 00:05:13, Sys 0 00:02:52  -  Run Remote Usage
		Usr 0 00:00:00, Sys 0 00:00:00  -  Run Local Usage
		Usr 0 00:05:13, Sys 0 00:02:52  -  Total Remote Usage
		Usr 0 00:00:00, Sys 0 00:00:00  -  Total Local Usage
	98305  -  Run Bytes Sent By Job
	537  -  Run Bytes Received By Job
	98305  -  Total Bytes Sent By Job
	537  -  Total Bytes Received By Job
	Partitionable Resources :    Usage  Request Allocated
	   Cpus                 :                 1         1
	   Disk (KB)            :      109  1024000   1932170
	   Memory (MB)          :      326     2000      2000
...
