000 (10331.000.000) 03/30 10:28:14 Job submitted from host: <128.101.221.180:9618?addrs=128.101.221.180-9618&noUDP&sock=3943_2604_3>
...
001 (10331.000.000) 03/30 11:04:29 Job executing on host: <128.101.221.194:9618?addrs=128.101.221.194-9618&noUDP&sock=3837_70fa_4>
...
006 (10331.000.000) 03/30 11:04:37 Image size of job updated: 263456
	182  -  MemoryUsage of job (MB)
	185560  -  ResidentSetSize of job (KB)
...
006 (10331.000.000) 03/30 11:09:37 Image size of job updated: 428804
	325  -  MemoryUsage of job (MB)
	332204  -  ResidentSetSize of job (KB)
...
006 (10331.000.000) 03/30 11:09:56 Image size of job updated: 731492
	325  -  MemoryUsage of job (MB)
	332204  -  ResidentSetSize of job (KB)
...
005 (10331.000.000) 03/30 11:09:57 Job terminated.
	(1) Normal termination (return value 0)
		Usr 0 00:03:37, Sys 0 00:01:10  -  Run Remote Usage
		Usr 0 00:00:00, Sys 0 00:00:00  -  Run Local Usage
		Usr 0 00:03:37, Sys 0 00:01:10  -  Total Remote Usage
		Usr 0 00:00:00, Sys 0 00:00:00  -  Total Local Usage
	76746  -  Run Bytes Sent By Job
	537  -  Run Bytes Received By Job
	76746  -  Total Bytes Sent By Job
	537  -  Total Bytes Received By Job
	Partitionable Resources :    Usage  Request Allocated
	   Cpus                 :                 1         1
	   Disk (KB)            :       88  1024000   1027848
	   Memory (MB)          :      325     2000      2000
...
