000 (10339.000.000) 03/30 10:28:18 Job submitted from host: <128.101.221.180:9618?addrs=128.101.221.180-9618&noUDP&sock=3943_2604_3>
...
001 (10339.000.000) 03/30 11:06:11 Job executing on host: <128.101.220.112:9618?addrs=128.101.220.112-9618&noUDP&sock=2301225_8552_4>
...
006 (10339.000.000) 03/30 11:06:19 Image size of job updated: 187868
	125  -  MemoryUsage of job (MB)
	127488  -  ResidentSetSize of job (KB)
...
006 (10339.000.000) 03/30 11:11:19 Image size of job updated: 427108
	326  -  MemoryUsage of job (MB)
	332888  -  ResidentSetSize of job (KB)
...
006 (10339.000.000) 03/30 11:12:45 Image size of job updated: 427332
	326  -  MemoryUsage of job (MB)
	332888  -  ResidentSetSize of job (KB)
...
005 (10339.000.000) 03/30 11:12:46 Job terminated.
	(1) Normal termination (return value 0)
		Usr 0 00:04:15, Sys 0 00:01:34  -  Run Remote Usage
		Usr 0 00:00:00, Sys 0 00:00:00  -  Run Local Usage
		Usr 0 00:04:15, Sys 0 00:01:34  -  Total Remote Usage
		Usr 0 00:00:00, Sys 0 00:00:00  -  Total Local Usage
	86071  -  Run Bytes Sent By Job
	537  -  Run Bytes Received By Job
	86071  -  Total Bytes Sent By Job
	537  -  Total Bytes Received By Job
	Partitionable Resources :    Usage  Request Allocated
	   Cpus                 :                 1         1
	   Disk (KB)            :       97  1024000   1030066
	   Memory (MB)          :      326     2000      2000
...
