000 (10338.000.000) 03/30 10:28:17 Job submitted from host: <128.101.221.180:9618?addrs=128.101.221.180-9618&noUDP&sock=3943_2604_3>
...
001 (10338.000.000) 03/30 11:06:10 Job executing on host: <128.101.221.182:9618?addrs=128.101.221.182-9618&noUDP&sock=3902_06a2_4>
...
006 (10338.000.000) 03/30 11:06:19 Image size of job updated: 193512
	178  -  MemoryUsage of job (MB)
	181644  -  ResidentSetSize of job (KB)
...
006 (10338.000.000) 03/30 11:11:20 Image size of job updated: 333188
	326  -  MemoryUsage of job (MB)
	333076  -  ResidentSetSize of job (KB)
...
006 (10338.000.000) 03/30 11:12:13 Image size of job updated: 730564
	326  -  MemoryUsage of job (MB)
	333076  -  ResidentSetSize of job (KB)
...
005 (10338.000.000) 03/30 11:12:14 Job terminated.
	(1) Normal termination (return value 0)
		Usr 0 00:03:41, Sys 0 00:01:54  -  Run Remote Usage
		Usr 0 00:00:00, Sys 0 00:00:00  -  Run Local Usage
		Usr 0 00:03:41, Sys 0 00:01:54  -  Total Remote Usage
		Usr 0 00:00:00, Sys 0 00:00:00  -  Total Local Usage
	81137  -  Run Bytes Sent By Job
	537  -  Run Bytes Received By Job
	81137  -  Total Bytes Sent By Job
	537  -  Total Bytes Received By Job
	Partitionable Resources :    Usage  Request Allocated
	   Cpus                 :                 1         1
	   Disk (KB)            :       92  1024000   2046066
	   Memory (MB)          :      326     2000      2000
...
