000 (10335.000.000) 03/30 10:28:16 Job submitted from host: <128.101.221.180:9618?addrs=128.101.221.180-9618&noUDP&sock=3943_2604_3>
...
001 (10335.000.000) 03/30 11:05:30 Job executing on host: <128.101.221.182:9618?addrs=128.101.221.182-9618&noUDP&sock=3902_06a2_4>
...
006 (10335.000.000) 03/30 11:05:39 Image size of job updated: 256528
	177  -  MemoryUsage of job (MB)
	180684  -  ResidentSetSize of job (KB)
...
006 (10335.000.000) 03/30 11:10:40 Image size of job updated: 334120
	326  -  MemoryUsage of job (MB)
	333820  -  ResidentSetSize of job (KB)
...
006 (10335.000.000) 03/30 11:11:58 Image size of job updated: 732972
	326  -  MemoryUsage of job (MB)
	333820  -  ResidentSetSize of job (KB)
...
005 (10335.000.000) 03/30 11:11:59 Job terminated.
	(1) Normal termination (return value 0)
		Usr 0 00:03:54, Sys 0 00:02:04  -  Run Remote Usage
		Usr 0 00:00:00, Sys 0 00:00:00  -  Run Local Usage
		Usr 0 00:03:54, Sys 0 00:02:04  -  Total Remote Usage
		Usr 0 00:00:00, Sys 0 00:00:00  -  Total Local Usage
	76540  -  Run Bytes Sent By Job
	537  -  Run Bytes Received By Job
	76540  -  Total Bytes Sent By Job
	537  -  Total Bytes Received By Job
	Partitionable Resources :    Usage  Request Allocated
	   Cpus                 :                 1         1
	   Disk (KB)            :       88  1024000   2046014
	   Memory (MB)          :      326     2000      2000
...
