000 (10325.000.000) 03/30 10:28:12 Job submitted from host: <128.101.221.180:9618?addrs=128.101.221.180-9618&noUDP&sock=3943_2604_3>
...
001 (10325.000.000) 03/30 11:03:42 Job executing on host: <128.101.221.175:9618?addrs=128.101.221.175-9618&noUDP&sock=12916_e152_4>
...
006 (10325.000.000) 03/30 11:03:50 Image size of job updated: 227256
	176  -  MemoryUsage of job (MB)
	179272  -  ResidentSetSize of job (KB)
...
006 (10325.000.000) 03/30 11:08:50 Image size of job updated: 333748
	326  -  MemoryUsage of job (MB)
	333352  -  ResidentSetSize of job (KB)
...
005 (10325.000.000) 03/30 11:12:05 Job terminated.
	(1) Normal termination (return value 0)
		Usr 0 00:05:02, Sys 0 00:02:46  -  Run Remote Usage
		Usr 0 00:00:00, Sys 0 00:00:00  -  Run Local Usage
		Usr 0 00:05:02, Sys 0 00:02:46  -  Total Remote Usage
		Usr 0 00:00:00, Sys 0 00:00:00  -  Total Local Usage
	80986  -  Run Bytes Sent By Job
	537  -  Run Bytes Received By Job
	80986  -  Total Bytes Sent By Job
	537  -  Total Bytes Received By Job
	Partitionable Resources :    Usage  Request Allocated
	   Cpus                 :                 1         1
	   Disk (KB)            :       92  1024000   1932132
	   Memory (MB)          :      326     2000      2000
...
