000 (10337.000.000) 03/30 10:28:17 Job submitted from host: <128.101.221.180:9618?addrs=128.101.221.180-9618&noUDP&sock=3943_2604_3>
...
001 (10337.000.000) 03/30 11:05:51 Job executing on host: <128.101.221.175:9618?addrs=128.101.221.175-9618&noUDP&sock=12916_e152_4>
...
006 (10337.000.000) 03/30 11:06:00 Image size of job updated: 207688
	173  -  MemoryUsage of job (MB)
	176432  -  ResidentSetSize of job (KB)
...
005 (10337.000.000) 03/30 11:09:45 Job terminated.
	(1) Normal termination (return value 0)
		Usr 0 00:02:22, Sys 0 00:01:15  -  Run Remote Usage
		Usr 0 00:00:00, Sys 0 00:00:00  -  Run Local Usage
		Usr 0 00:02:22, Sys 0 00:01:15  -  Total Remote Usage
		Usr 0 00:00:00, Sys 0 00:00:00  -  Total Local Usage
	61457  -  Run Bytes Sent By Job
	537  -  Run Bytes Received By Job
	61457  -  Total Bytes Sent By Job
	537  -  Total Bytes Received By Job
	Partitionable Resources :    Usage  Request Allocated
	   Cpus                 :                 1         1
	   Disk (KB)            :       73  1024000   1932128
	   Memory (MB)          :      173     2000      2000
...
