000 (10328.000.000) 03/30 10:28:13 Job submitted from host: <128.101.221.180:9618?addrs=128.101.221.180-9618&noUDP&sock=3943_2604_3>
...
001 (10328.000.000) 03/30 11:03:43 Job executing on host: <128.101.220.109:9618?addrs=128.101.220.109-9618&noUDP&sock=438069_79b7_4>
...
006 (10328.000.000) 03/30 11:03:52 Image size of job updated: 28252
	23  -  MemoryUsage of job (MB)
	22580  -  ResidentSetSize of job (KB)
...
006 (10328.000.000) 03/30 11:07:43 Image size of job updated: 51204
	23  -  MemoryUsage of job (MB)
	22580  -  ResidentSetSize of job (KB)
...
005 (10328.000.000) 03/30 11:07:44 Job terminated.
	(1) Normal termination (return value 0)
		Usr 0 00:02:22, Sys 0 00:00:49  -  Run Remote Usage
		Usr 0 00:00:00, Sys 0 00:00:00  -  Run Local Usage
		Usr 0 00:02:22, Sys 0 00:00:49  -  Total Remote Usage
		Usr 0 00:00:00, Sys 0 00:00:00  -  Total Local Usage
	70609  -  Run Bytes Sent By Job
	537  -  Run Bytes Received By Job
	70609  -  Total Bytes Sent By Job
	537  -  Total Bytes Received By Job
	Partitionable Resources :    Usage  Request Allocated
	   Cpus                 :                 1         1
	   Disk (KB)            :       82  1024000   1027770
	   Memory (MB)          :       23     2000      2000
...
