000 (10321.000.000) 03/30 10:28:09 Job submitted from host: <128.101.221.180:9618?addrs=128.101.221.180-9618&noUDP&sock=3943_2604_3>
...
001 (10321.000.000) 03/30 11:02:25 Job executing on host: <128.101.221.175:9618?addrs=128.101.221.175-9618&noUDP&sock=12916_e152_4>
...
006 (10321.000.000) 03/30 11:02:34 Image size of job updated: 259052
	186  -  MemoryUsage of job (MB)
	189560  -  ResidentSetSize of job (KB)
...
006 (10321.000.000) 03/30 11:07:35 Image size of job updated: 331476
	324  -  MemoryUsage of job (MB)
	331248  -  ResidentSetSize of job (KB)
...
006 (10321.000.000) 03/30 11:10:04 Image size of job updated: 730388
	324  -  MemoryUsage of job (MB)
	331248  -  ResidentSetSize of job (KB)
...
005 (10321.000.000) 03/30 11:10:05 Job terminated.
	(1) Normal termination (return value 0)
		Usr 0 00:04:37, Sys 0 00:02:31  -  Run Remote Usage
		Usr 0 00:00:00, Sys 0 00:00:00  -  Run Local Usage
		Usr 0 00:04:37, Sys 0 00:02:31  -  Total Remote Usage
		Usr 0 00:00:00, Sys 0 00:00:00  -  Total Local Usage
	81235  -  Run Bytes Sent By Job
	537  -  Run Bytes Received By Job
	81235  -  Total Bytes Sent By Job
	537  -  Total Bytes Received By Job
	Partitionable Resources :    Usage  Request Allocated
	   Cpus                 :                 1         1
	   Disk (KB)            :       92  1024000   1932168
	   Memory (MB)          :      324     2000      2000
...
