000 (10327.000.000) 03/30 10:28:12 Job submitted from host: <128.101.221.180:9618?addrs=128.101.221.180-9618&noUDP&sock=3943_2604_3>
...
001 (10327.000.000) 03/30 11:03:42 Job executing on host: <128.101.220.109:9618?addrs=128.101.220.109-9618&noUDP&sock=438069_79b7_4>
...
006 (10327.000.000) 03/30 11:03:50 Image size of job updated: 12260
	8  -  MemoryUsage of job (MB)
	7180  -  ResidentSetSize of job (KB)
...
006 (10327.000.000) 03/30 11:08:50 Image size of job updated: 336104
	325  -  MemoryUsage of job (MB)
	332188  -  ResidentSetSize of job (KB)
...
005 (10327.000.000) 03/30 11:09:24 Job terminated.
	(1) Normal termination (return value 0)
		Usr 0 00:03:27, Sys 0 00:01:15  -  Run Remote Usage
		Usr 0 00:00:00, Sys 0 00:00:00  -  Run Local Usage
		Usr 0 00:03:27, Sys 0 00:01:15  -  Total Remote Usage
		Usr 0 00:00:00, Sys 0 00:00:00  -  Total Local Usage
	83502  -  Run Bytes Sent By Job
	537  -  Run Bytes Received By Job
	83502  -  Total Bytes Sent By Job
	537  -  Total Bytes Received By Job
	Partitionable Resources :    Usage  Request Allocated
	   Cpus                 :                 1         1
	   Disk (KB)            :       94  1024000   1027770
	   Memory (MB)          :      325     2000      2000
...
