000 (5652.000.000) 08/06 20:55:24 Job submitted from host: <128.101.221.176:9618?addrs=128.101.221.176-9618&noUDP&sock=11541_65e5_3>
...
001 (5652.000.000) 08/06 20:55:50 Job executing on host: <128.101.220.100:9618?addrs=128.101.220.100-9618&noUDP&sock=7270_22d3_4>
...
006 (5652.000.000) 08/06 20:55:59 Image size of job updated: 79980
	34  -  MemoryUsage of job (MB)
	34744  -  ResidentSetSize of job (KB)
...
006 (5652.000.000) 08/06 21:01:00 Image size of job updated: 418464
	321  -  MemoryUsage of job (MB)
	328588  -  ResidentSetSize of job (KB)
...
006 (5652.000.000) 08/06 21:06:01 Image size of job updated: 418484
	321  -  MemoryUsage of job (MB)
	328592  -  ResidentSetSize of job (KB)
...
006 (5652.000.000) 08/06 21:11:01 Image size of job updated: 418540
	321  -  MemoryUsage of job (MB)
	328648  -  ResidentSetSize of job (KB)
...
006 (5652.000.000) 08/06 21:31:03 Image size of job updated: 418540
	326  -  MemoryUsage of job (MB)
	333628  -  ResidentSetSize of job (KB)
...
005 (5652.000.000) 08/06 21:53:48 Job terminated.
	(1) Normal termination (return value 0)
		Usr 0 00:01:46, Sys 0 00:01:04  -  Run Remote Usage
		Usr 0 00:00:00, Sys 0 00:00:00  -  Run Local Usage
		Usr 0 00:01:46, Sys 0 00:01:04  -  Total Remote Usage
		Usr 0 00:00:00, Sys 0 00:00:00  -  Total Local Usage
	25343  -  Run Bytes Sent By Job
	560  -  Run Bytes Received By Job
	25343  -  Total Bytes Sent By Job
	560  -  Total Bytes Received By Job
	Partitionable Resources :    Usage  Request Allocated
	   Cpus                 :                 1         1
	   Disk (KB)            :       36  1024000   4027958
	   Memory (MB)          :      326     2000      2000
...
