000 (5580.000.000) 08/06 20:54:54 Job submitted from host: <128.101.221.176:9618?addrs=128.101.221.176-9618&noUDP&sock=11541_65e5_3>
...
001 (5580.000.000) 08/06 20:55:17 Job executing on host: <128.101.221.186:9618?addrs=128.101.221.186-9618&noUDP&sock=11512_313e_4>
...
006 (5580.000.000) 08/06 20:55:26 Image size of job updated: 80240
	34  -  MemoryUsage of job (MB)
	34684  -  ResidentSetSize of job (KB)
...
006 (5580.000.000) 08/06 21:00:27 Image size of job updated: 366584
	324  -  MemoryUsage of job (MB)
	330768  -  ResidentSetSize of job (KB)
...
006 (5580.000.000) 08/06 21:05:27 Image size of job updated: 366588
	324  -  MemoryUsage of job (MB)
	330768  -  ResidentSetSize of job (KB)
...
006 (5580.000.000) 08/06 21:15:28 Image size of job updated: 366588
	324  -  MemoryUsage of job (MB)
	330772  -  ResidentSetSize of job (KB)
...
006 (5580.000.000) 08/06 21:20:28 Image size of job updated: 366588
	324  -  MemoryUsage of job (MB)
	330784  -  ResidentSetSize of job (KB)
...
005 (5580.000.000) 08/06 21:47:14 Job terminated.
	(1) Normal termination (return value 0)
		Usr 0 00:01:34, Sys 0 00:00:56  -  Run Remote Usage
		Usr 0 00:00:00, Sys 0 00:00:00  -  Run Local Usage
		Usr 0 00:01:34, Sys 0 00:00:56  -  Total Remote Usage
		Usr 0 00:00:00, Sys 0 00:00:00  -  Total Local Usage
	24216  -  Run Bytes Sent By Job
	581  -  Run Bytes Received By Job
	24216  -  Total Bytes Sent By Job
	581  -  Total Bytes Received By Job
	Partitionable Resources :    Usage  Request Allocated
	   Cpus                 :                 1         1
	   Disk (KB)            :       35  1024000   1792244
	   Memory (MB)          :      324     2000      2000
...
