000 (5574.000.000) 08/06 20:54:52 Job submitted from host: <128.101.221.176:9618?addrs=128.101.221.176-9618&noUDP&sock=11541_65e5_3>
...
001 (5574.000.000) 08/06 20:55:15 Job executing on host: <128.101.221.191:9618?addrs=128.101.221.191-9618&noUDP&sock=11511_7b2a_4>
...
006 (5574.000.000) 08/06 20:55:24 Image size of job updated: 55184
	26  -  MemoryUsage of job (MB)
	25828  -  ResidentSetSize of job (KB)
...
006 (5574.000.000) 08/06 21:00:25 Image size of job updated: 345476
	321  -  MemoryUsage of job (MB)
	328508  -  ResidentSetSize of job (KB)
...
006 (5574.000.000) 08/06 21:05:26 Image size of job updated: 345504
	321  -  MemoryUsage of job (MB)
	328536  -  ResidentSetSize of job (KB)
...
006 (5574.000.000) 08/06 21:10:26 Image size of job updated: 345512
	321  -  MemoryUsage of job (MB)
	328544  -  ResidentSetSize of job (KB)
...
006 (5574.000.000) 08/06 21:20:27 Image size of job updated: 345512
	321  -  MemoryUsage of job (MB)
	328548  -  ResidentSetSize of job (KB)
...
006 (5574.000.000) 08/06 21:25:27 Image size of job updated: 345512
	322  -  MemoryUsage of job (MB)
	328960  -  ResidentSetSize of job (KB)
...
006 (5574.000.000) 08/06 21:30:28 Image size of job updated: 345512
	328  -  MemoryUsage of job (MB)
	334916  -  ResidentSetSize of job (KB)
...
006 (5574.000.000) 08/06 21:50:30 Image size of job updated: 345512
	328  -  MemoryUsage of job (MB)
	334928  -  ResidentSetSize of job (KB)
...
005 (5574.000.000) 08/06 21:55:00 Job terminated.
	(1) Normal termination (return value 0)
		Usr 0 00:01:33, Sys 0 00:00:55  -  Run Remote Usage
		Usr 0 00:00:00, Sys 0 00:00:00  -  Run Local Usage
		Usr 0 00:01:33, Sys 0 00:00:55  -  Total Remote Usage
		Usr 0 00:00:00, Sys 0 00:00:00  -  Total Local Usage
	24211  -  Run Bytes Sent By Job
	581  -  Run Bytes Received By Job
	24211  -  Total Bytes Sent By Job
	581  -  Total Bytes Received By Job
	Partitionable Resources :    Usage  Request Allocated
	   Cpus                 :                 1         1
	   Disk (KB)            :       35  1024000   1878580
	   Memory (MB)          :      328     2000      2000
...
