000 (5585.000.000) 08/06 20:54:56 Job submitted from host: <128.101.221.176:9618?addrs=128.101.221.176-9618&noUDP&sock=11541_65e5_3>
...
001 (5585.000.000) 08/06 20:55:19 Job executing on host: <128.101.220.54:9618?addrs=128.101.220.54-9618&noUDP&sock=11888_b32e_4>
...
006 (5585.000.000) 08/06 20:55:27 Image size of job updated: 52964
	25  -  MemoryUsage of job (MB)
	25460  -  ResidentSetSize of job (KB)
...
006 (5585.000.000) 08/06 21:00:27 Image size of job updated: 338048
	322  -  MemoryUsage of job (MB)
	328892  -  ResidentSetSize of job (KB)
...
006 (5585.000.000) 08/06 21:20:29 Image size of job updated: 338048
	327  -  MemoryUsage of job (MB)
	334452  -  ResidentSetSize of job (KB)
...
005 (5585.000.000) 08/06 21:41:53 Job terminated.
	(1) Normal termination (return value 0)
		Usr 0 00:01:15, Sys 0 00:00:44  -  Run Remote Usage
		Usr 0 00:00:00, Sys 0 00:00:00  -  Run Local Usage
		Usr 0 00:01:15, Sys 0 00:00:44  -  Total Remote Usage
		Usr 0 00:00:00, Sys 0 00:00:00  -  Total Local Usage
	23738  -  Run Bytes Sent By Job
	581  -  Run Bytes Received By Job
	23738  -  Total Bytes Sent By Job
	581  -  Total Bytes Received By Job
	Partitionable Resources :    Usage  Request Allocated
	   Cpus                 :                 1         1
	   Disk (KB)            :       35  1024000   4039663
	   Memory (MB)          :      327     2000      2000
...
