000 (5610.000.000) 08/06 20:55:05 Job submitted from host: <128.101.221.176:9618?addrs=128.101.221.176-9618&noUDP&sock=11541_65e5_3>
...
001 (5610.000.000) 08/06 20:55:29 Job executing on host: <128.101.221.193:9618?addrs=128.101.221.193-9618&noUDP&sock=11662_64db_4>
...
006 (5610.000.000) 08/06 20:55:38 Image size of job updated: 296488
	269  -  MemoryUsage of job (MB)
	275164  -  ResidentSetSize of job (KB)
...
006 (5610.000.000) 08/06 21:00:39 Image size of job updated: 348588
	320  -  MemoryUsage of job (MB)
	327100  -  ResidentSetSize of job (KB)
...
006 (5610.000.000) 08/06 21:05:39 Image size of job updated: 348636
	320  -  MemoryUsage of job (MB)
	327148  -  ResidentSetSize of job (KB)
...
006 (5610.000.000) 08/06 21:15:40 Image size of job updated: 348644
	320  -  MemoryUsage of job (MB)
	327156  -  ResidentSetSize of job (KB)
...
006 (5610.000.000) 08/06 21:20:41 Image size of job updated: 348644
	320  -  MemoryUsage of job (MB)
	327348  -  ResidentSetSize of job (KB)
...
006 (5610.000.000) 08/06 21:30:42 Image size of job updated: 348644
	320  -  MemoryUsage of job (MB)
	327352  -  ResidentSetSize of job (KB)
...
006 (5610.000.000) 08/06 21:35:43 Image size of job updated: 348644
	326  -  MemoryUsage of job (MB)
	333640  -  ResidentSetSize of job (KB)
...
005 (5610.000.000) 08/06 21:55:20 Job terminated.
	(1) Normal termination (return value 0)
		Usr 0 00:01:05, Sys 0 00:00:53  -  Run Remote Usage
		Usr 0 00:00:00, Sys 0 00:00:00  -  Run Local Usage
		Usr 0 00:01:05, Sys 0 00:00:53  -  Total Remote Usage
		Usr 0 00:00:00, Sys 0 00:00:00  -  Total Local Usage
	24203  -  Run Bytes Sent By Job
	581  -  Run Bytes Received By Job
	24203  -  Total Bytes Sent By Job
	581  -  Total Bytes Received By Job
	Partitionable Resources :    Usage  Request Allocated
	   Cpus                 :                 1         1
	   Disk (KB)            :       35  1024000   1827114
	   Memory (MB)          :      326     2000      2000
...
