000 (5568.000.000) 08/06 20:54:49 Job submitted from host: <128.101.221.176:9618?addrs=128.101.221.176-9618&noUDP&sock=11541_65e5_3>
...
001 (5568.000.000) 08/06 20:55:11 Job executing on host: <128.101.221.193:9618?addrs=128.101.221.193-9618&noUDP&sock=11662_64db_4>
...
006 (5568.000.000) 08/06 20:55:19 Image size of job updated: 74832
	42  -  MemoryUsage of job (MB)
	42388  -  ResidentSetSize of job (KB)
...
006 (5568.000.000) 08/06 21:00:19 Image size of job updated: 332848
	319  -  MemoryUsage of job (MB)
	326156  -  ResidentSetSize of job (KB)
...
006 (5568.000.000) 08/06 21:05:20 Image size of job updated: 332892
	319  -  MemoryUsage of job (MB)
	326184  -  ResidentSetSize of job (KB)
...
006 (5568.000.000) 08/06 21:15:21 Image size of job updated: 332908
	319  -  MemoryUsage of job (MB)
	326200  -  ResidentSetSize of job (KB)
...
006 (5568.000.000) 08/06 21:20:22 Image size of job updated: 332908
	320  -  MemoryUsage of job (MB)
	327068  -  ResidentSetSize of job (KB)
...
006 (5568.000.000) 08/06 21:25:22 Image size of job updated: 332908
	320  -  MemoryUsage of job (MB)
	327072  -  ResidentSetSize of job (KB)
...
006 (5568.000.000) 08/06 21:30:23 Image size of job updated: 333840
	326  -  MemoryUsage of job (MB)
	333536  -  ResidentSetSize of job (KB)
...
006 (5568.000.000) 08/06 21:35:24 Image size of job updated: 333856
	326  -  MemoryUsage of job (MB)
	333536  -  ResidentSetSize of job (KB)
...
006 (5568.000.000) 08/06 21:40:25 Image size of job updated: 333868
	326  -  MemoryUsage of job (MB)
	333536  -  ResidentSetSize of job (KB)
...
005 (5568.000.000) 08/06 21:54:40 Job terminated.
	(1) Normal termination (return value 0)
		Usr 0 00:01:09, Sys 0 00:00:54  -  Run Remote Usage
		Usr 0 00:00:00, Sys 0 00:00:00  -  Run Local Usage
		Usr 0 00:01:09, Sys 0 00:00:54  -  Total Remote Usage
		Usr 0 00:00:00, Sys 0 00:00:00  -  Total Local Usage
	24452  -  Run Bytes Sent By Job
	581  -  Run Bytes Received By Job
	24452  -  Total Bytes Sent By Job
	581  -  Total Bytes Received By Job
	Partitionable Resources :    Usage  Request Allocated
	   Cpus                 :                 1         1
	   Disk (KB)            :       36  1024000   1827114
	   Memory (MB)          :      326     2000      2000
...
