000 (5617.000.000) 08/06 20:55:08 Job submitted from host: <128.101.221.176:9618?addrs=128.101.221.176-9618&noUDP&sock=11541_65e5_3>
...
001 (5617.000.000) 08/06 20:55:31 Job executing on host: <128.101.221.182:9618?addrs=128.101.221.182-9618&noUDP&sock=11505_5d98_4>
...
006 (5617.000.000) 08/06 20:55:39 Image size of job updated: 317004
	249  -  MemoryUsage of job (MB)
	254140  -  ResidentSetSize of job (KB)
...
006 (5617.000.000) 08/06 21:00:39 Image size of job updated: 358256
	322  -  MemoryUsage of job (MB)
	329720  -  ResidentSetSize of job (KB)
...
006 (5617.000.000) 08/06 21:05:40 Image size of job updated: 358292
	323  -  MemoryUsage of job (MB)
	329748  -  ResidentSetSize of job (KB)
...
006 (5617.000.000) 08/06 21:35:44 Image size of job updated: 358292
	328  -  MemoryUsage of job (MB)
	335384  -  ResidentSetSize of job (KB)
...
005 (5617.000.000) 08/06 21:53:57 Job terminated.
	(1) Normal termination (return value 0)
		Usr 0 00:01:33, Sys 0 00:00:57  -  Run Remote Usage
		Usr 0 00:00:00, Sys 0 00:00:00  -  Run Local Usage
		Usr 0 00:01:33, Sys 0 00:00:57  -  Total Remote Usage
		Usr 0 00:00:00, Sys 0 00:00:00  -  Total Local Usage
	24216  -  Run Bytes Sent By Job
	581  -  Run Bytes Received By Job
	24216  -  Total Bytes Sent By Job
	581  -  Total Bytes Received By Job
	Partitionable Resources :    Usage  Request Allocated
	   Cpus                 :                 1         1
	   Disk (KB)            :       35  1024000   1794700
	   Memory (MB)          :      328     2000      2000
...
