000 (5600.000.000) 08/06 20:55:01 Job submitted from host: <128.101.221.176:9618?addrs=128.101.221.176-9618&noUDP&sock=11541_65e5_3>
...
001 (5600.000.000) 08/06 20:55:25 Job executing on host: <128.101.220.206:9618?addrs=128.101.220.206-9618&noUDP&sock=11990_5feb_4>
...
006 (5600.000.000) 08/06 20:55:34 Image size of job updated: 80332
	34  -  MemoryUsage of job (MB)
	34780  -  ResidentSetSize of job (KB)
...
006 (5600.000.000) 08/06 21:00:35 Image size of job updated: 343328
	322  -  MemoryUsage of job (MB)
	329052  -  ResidentSetSize of job (KB)
...
006 (5600.000.000) 08/06 21:05:36 Image size of job updated: 343404
	322  -  MemoryUsage of job (MB)
	329076  -  ResidentSetSize of job (KB)
...
006 (5600.000.000) 08/06 21:20:36 Image size of job updated: 343404
	322  -  MemoryUsage of job (MB)
	329408  -  ResidentSetSize of job (KB)
...
006 (5600.000.000) 08/06 21:25:37 Image size of job updated: 343404
	323  -  MemoryUsage of job (MB)
	330032  -  ResidentSetSize of job (KB)
...
006 (5600.000.000) 08/06 21:30:38 Image size of job updated: 343404
	328  -  MemoryUsage of job (MB)
	335044  -  ResidentSetSize of job (KB)
...
006 (5600.000.000) 08/06 21:32:28 Image size of job updated: 710956
	328  -  MemoryUsage of job (MB)
	335044  -  ResidentSetSize of job (KB)
...
005 (5600.000.000) 08/06 21:32:30 Job terminated.
	(1) Normal termination (return value 0)
		Usr 0 00:01:14, Sys 0 00:00:44  -  Run Remote Usage
		Usr 0 00:00:00, Sys 0 00:00:00  -  Run Local Usage
		Usr 0 00:01:14, Sys 0 00:00:44  -  Total Remote Usage
		Usr 0 00:00:00, Sys 0 00:00:00  -  Total Local Usage
	23743  -  Run Bytes Sent By Job
	581  -  Run Bytes Received By Job
	23743  -  Total Bytes Sent By Job
	581  -  Total Bytes Received By Job
	Partitionable Resources :    Usage  Request Allocated
	   Cpus                 :                 1         1
	   Disk (KB)            :       35  1024000   4066223
	   Memory (MB)          :      328     2000      2000
...
