000 (5609.000.000) 08/06 20:55:05 Job submitted from host: <128.101.221.176:9618?addrs=128.101.221.176-9618&noUDP&sock=11541_65e5_3>
...
001 (5609.000.000) 08/06 20:55:27 Job executing on host: <128.101.221.188:9618?addrs=128.101.221.188-9618&noUDP&sock=11665_65e5_4>
...
006 (5609.000.000) 08/06 20:55:36 Image size of job updated: 327808
	260  -  MemoryUsage of job (MB)
	265364  -  ResidentSetSize of job (KB)
...
006 (5609.000.000) 08/06 21:00:37 Image size of job updated: 337536
	322  -  MemoryUsage of job (MB)
	329136  -  ResidentSetSize of job (KB)
...
006 (5609.000.000) 08/06 21:05:38 Image size of job updated: 337552
	322  -  MemoryUsage of job (MB)
	329152  -  ResidentSetSize of job (KB)
...
006 (5609.000.000) 08/06 21:20:40 Image size of job updated: 337552
	322  -  MemoryUsage of job (MB)
	329156  -  ResidentSetSize of job (KB)
...
006 (5609.000.000) 08/06 21:25:40 Image size of job updated: 337552
	322  -  MemoryUsage of job (MB)
	329176  -  ResidentSetSize of job (KB)
...
006 (5609.000.000) 08/06 21:30:41 Image size of job updated: 337552
	322  -  MemoryUsage of job (MB)
	329440  -  ResidentSetSize of job (KB)
...
006 (5609.000.000) 08/06 21:35:42 Image size of job updated: 337552
	327  -  MemoryUsage of job (MB)
	334276  -  ResidentSetSize of job (KB)
...
006 (5609.000.000) 08/06 21:55:59 Image size of job updated: 711788
	327  -  MemoryUsage of job (MB)
	334276  -  ResidentSetSize of job (KB)
...
005 (5609.000.000) 08/06 21:56:00 Job terminated.
	(1) Normal termination (return value 0)
		Usr 0 00:01:40, Sys 0 00:01:00  -  Run Remote Usage
		Usr 0 00:00:00, Sys 0 00:00:00  -  Run Local Usage
		Usr 0 00:01:40, Sys 0 00:01:00  -  Total Remote Usage
		Usr 0 00:00:00, Sys 0 00:00:00  -  Total Local Usage
	24917  -  Run Bytes Sent By Job
	581  -  Run Bytes Received By Job
	24917  -  Total Bytes Sent By Job
	581  -  Total Bytes Received By Job
	Partitionable Resources :    Usage  Request Allocated
	   Cpus                 :                 1         1
	   Disk (KB)            :       36  1024000   1842318
	   Memory (MB)          :      327     2000      2000
...
