000 (5572.000.000) 08/06 20:54:51 Job submitted from host: <128.101.221.176:9618?addrs=128.101.221.176-9618&noUDP&sock=11541_65e5_3>
...
001 (5572.000.000) 08/06 20:55:13 Job executing on host: <128.101.221.181:9618?addrs=128.101.221.181-9618&noUDP&sock=11138_f93a_4>
...
006 (5572.000.000) 08/06 20:55:22 Image size of job updated: 60100
	27  -  MemoryUsage of job (MB)
	27052  -  ResidentSetSize of job (KB)
...
006 (5572.000.000) 08/06 21:00:23 Image size of job updated: 334024
	321  -  MemoryUsage of job (MB)
	328376  -  ResidentSetSize of job (KB)
...
006 (5572.000.000) 08/06 21:05:24 Image size of job updated: 334028
	321  -  MemoryUsage of job (MB)
	328380  -  ResidentSetSize of job (KB)
...
006 (5572.000.000) 08/06 21:10:24 Image size of job updated: 334064
	321  -  MemoryUsage of job (MB)
	328416  -  ResidentSetSize of job (KB)
...
006 (5572.000.000) 08/06 21:15:25 Image size of job updated: 340616
	328  -  MemoryUsage of job (MB)
	334968  -  ResidentSetSize of job (KB)
...
005 (5572.000.000) 08/06 21:53:34 Job terminated.
	(1) Normal termination (return value 0)
		Usr 0 00:01:25, Sys 0 00:00:52  -  Run Remote Usage
		Usr 0 00:00:00, Sys 0 00:00:00  -  Run Local Usage
		Usr 0 00:01:25, Sys 0 00:00:52  -  Total Remote Usage
		Usr 0 00:00:00, Sys 0 00:00:00  -  Total Local Usage
	23737  -  Run Bytes Sent By Job
	581  -  Run Bytes Received By Job
	23737  -  Total Bytes Sent By Job
	581  -  Total Bytes Received By Job
	Partitionable Resources :    Usage  Request Allocated
	   Cpus                 :                 1         1
	   Disk (KB)            :       35  1024000   1865858
	   Memory (MB)          :      328     2000      2000
...
