000 (5582.000.000) 08/06 20:54:55 Job submitted from host: <128.101.221.176:9618?addrs=128.101.221.176-9618&noUDP&sock=11541_65e5_3>
...
001 (5582.000.000) 08/06 20:55:17 Job executing on host: <128.101.221.179:9618?addrs=128.101.221.179-9618&noUDP&sock=11270_2cd7_4>
...
006 (5582.000.000) 08/06 20:55:26 Image size of job updated: 48304
	25  -  MemoryUsage of job (MB)
	24716  -  ResidentSetSize of job (KB)
...
006 (5582.000.000) 08/06 21:00:27 Image size of job updated: 356500
	320  -  MemoryUsage of job (MB)
	326900  -  ResidentSetSize of job (KB)
...
006 (5582.000.000) 08/06 21:05:27 Image size of job updated: 356504
	320  -  MemoryUsage of job (MB)
	326904  -  ResidentSetSize of job (KB)
...
006 (5582.000.000) 08/06 21:15:28 Image size of job updated: 356504
	320  -  MemoryUsage of job (MB)
	327144  -  ResidentSetSize of job (KB)
...
006 (5582.000.000) 08/06 21:20:29 Image size of job updated: 356504
	321  -  MemoryUsage of job (MB)
	328252  -  ResidentSetSize of job (KB)
...
006 (5582.000.000) 08/06 21:25:30 Image size of job updated: 356504
	321  -  MemoryUsage of job (MB)
	328312  -  ResidentSetSize of job (KB)
...
006 (5582.000.000) 08/06 21:30:30 Image size of job updated: 356504
	321  -  MemoryUsage of job (MB)
	328364  -  ResidentSetSize of job (KB)
...
006 (5582.000.000) 08/06 21:40:32 Image size of job updated: 356504
	321  -  MemoryUsage of job (MB)
	328372  -  ResidentSetSize of job (KB)
...
006 (5582.000.000) 08/06 21:41:32 Image size of job updated: 711840
	321  -  MemoryUsage of job (MB)
	328372  -  ResidentSetSize of job (KB)
...
005 (5582.000.000) 08/06 21:41:34 Job terminated.
	(1) Normal termination (return value 0)
		Usr 0 00:01:30, Sys 0 00:00:53  -  Run Remote Usage
		Usr 0 00:00:00, Sys 0 00:00:00  -  Run Local Usage
		Usr 0 00:01:30, Sys 0 00:00:53  -  Total Remote Usage
		Usr 0 00:00:00, Sys 0 00:00:00  -  Total Local Usage
	23972  -  Run Bytes Sent By Job
	581  -  Run Bytes Received By Job
	23972  -  Total Bytes Sent By Job
	581  -  Total Bytes Received By Job
	Partitionable Resources :    Usage  Request Allocated
	   Cpus                 :                 1         1
	   Disk (KB)            :       35  1024000   1879720
	   Memory (MB)          :      321     2000      2000
...
