000 (10266.000.000) 03/30 10:25:54 Job submitted from host: <128.101.221.180:9618?addrs=128.101.221.180-9618&noUDP&sock=3943_2604_3>
...
001 (10266.000.000) 03/30 10:47:34 Job executing on host: <128.101.221.175:9618?addrs=128.101.221.175-9618&noUDP&sock=12916_e152_4>
...
006 (10266.000.000) 03/30 10:47:43 Image size of job updated: 219696
	201  -  MemoryUsage of job (MB)
	205744  -  ResidentSetSize of job (KB)
...
006 (10266.000.000) 03/30 10:52:44 Image size of job updated: 332508
	325  -  MemoryUsage of job (MB)
	332200  -  ResidentSetSize of job (KB)
...
006 (10266.000.000) 03/30 10:56:51 Image size of job updated: 332892
	325  -  MemoryUsage of job (MB)
	332200  -  ResidentSetSize of job (KB)
...
005 (10266.000.000) 03/30 10:56:52 Job terminated.
	(1) Normal termination (return value 0)
		Usr 0 00:05:19, Sys 0 00:03:12  -  Run Remote Usage
		Usr 0 00:00:00, Sys 0 00:00:00  -  Run Local Usage
		Usr 0 00:05:19, Sys 0 00:03:12  -  Total Remote Usage
		Usr 0 00:00:00, Sys 0 00:00:00  -  Total Local Usage
	103131  -  Run Bytes Sent By Job
	539  -  Run Bytes Received By Job
	103131  -  Total Bytes Sent By Job
	539  -  Total Bytes Received By Job
	Partitionable Resources :    Usage  Request Allocated
	   Cpus                 :                 1         1
	   Disk (KB)            :      114  1024000   1932230
	   Memory (MB)          :      325     2000      2000
...
