000 (10267.000.000) 03/30 10:25:54 Job submitted from host: <128.101.221.180:9618?addrs=128.101.221.180-9618&noUDP&sock=3943_2604_3>
...
001 (10267.000.000) 03/30 10:47:41 Job executing on host: <128.101.221.175:9618?addrs=128.101.221.175-9618&noUDP&sock=12916_e152_4>
...
006 (10267.000.000) 03/30 10:47:50 Image size of job updated: 241900
	207  -  MemoryUsage of job (MB)
	211080  -  ResidentSetSize of job (KB)
...
006 (10267.000.000) 03/30 10:52:51 Image size of job updated: 331480
	324  -  MemoryUsage of job (MB)
	331308  -  ResidentSetSize of job (KB)
...
006 (10267.000.000) 03/30 10:57:20 Image size of job updated: 730496
	324  -  MemoryUsage of job (MB)
	331308  -  ResidentSetSize of job (KB)
...
005 (10267.000.000) 03/30 10:57:22 Job terminated.
	(1) Normal termination (return value 0)
		Usr 0 00:05:29, Sys 0 00:03:22  -  Run Remote Usage
		Usr 0 00:00:00, Sys 0 00:00:00  -  Run Local Usage
		Usr 0 00:05:29, Sys 0 00:03:22  -  Total Remote Usage
		Usr 0 00:00:00, Sys 0 00:00:00  -  Total Local Usage
	89725  -  Run Bytes Sent By Job
	539  -  Run Bytes Received By Job
	89725  -  Total Bytes Sent By Job
	539  -  Total Bytes Received By Job
	Partitionable Resources :    Usage  Request Allocated
	   Cpus                 :                 1         1
	   Disk (KB)            :      100  1024000   1932198
	   Memory (MB)          :      324     2000      2000
...
