000 (10262.000.000) 03/30 10:25:51 Job submitted from host: <128.101.221.180:9618?addrs=128.101.221.180-9618&noUDP&sock=3943_2604_3>
...
001 (10262.000.000) 03/30 10:44:33 Job executing on host: <128.101.221.175:9618?addrs=128.101.221.175-9618&noUDP&sock=12916_e152_4>
...
006 (10262.000.000) 03/30 10:44:42 Image size of job updated: 249984
	182  -  MemoryUsage of job (MB)
	185876  -  ResidentSetSize of job (KB)
...
006 (10262.000.000) 03/30 10:48:52 Image size of job updated: 730256
	182  -  MemoryUsage of job (MB)
	185876  -  ResidentSetSize of job (KB)
...
005 (10262.000.000) 03/30 10:48:53 Job terminated.
	(1) Normal termination (return value 0)
		Usr 0 00:02:34, Sys 0 00:01:25  -  Run Remote Usage
		Usr 0 00:00:00, Sys 0 00:00:00  -  Run Local Usage
		Usr 0 00:02:34, Sys 0 00:01:25  -  Total Remote Usage
		Usr 0 00:00:00, Sys 0 00:00:00  -  Total Local Usage
	58424  -  Run Bytes Sent By Job
	539  -  Run Bytes Received By Job
	58424  -  Total Bytes Sent By Job
	539  -  Total Bytes Received By Job
	Partitionable Resources :    Usage  Request Allocated
	   Cpus                 :                 1         1
	   Disk (KB)            :       70  1024000   1932238
	   Memory (MB)          :      182     2000      2000
...
