000 (10261.000.000) 03/30 10:25:51 Job submitted from host: <128.101.221.180:9618?addrs=128.101.221.180-9618&noUDP&sock=3943_2604_3>
...
001 (10261.000.000) 03/30 10:44:20 Job executing on host: <128.101.221.175:9618?addrs=128.101.221.175-9618&noUDP&sock=12916_e152_4>
...
006 (10261.000.000) 03/30 10:44:28 Image size of job updated: 249708
	172  -  MemoryUsage of job (MB)
	175468  -  ResidentSetSize of job (KB)
...
006 (10261.000.000) 03/30 10:49:28 Image size of job updated: 332804
	325  -  MemoryUsage of job (MB)
	332592  -  ResidentSetSize of job (KB)
...
006 (10261.000.000) 03/30 10:52:41 Image size of job updated: 730388
	325  -  MemoryUsage of job (MB)
	332592  -  ResidentSetSize of job (KB)
...
005 (10261.000.000) 03/30 10:52:42 Job terminated.
	(1) Normal termination (return value 0)
		Usr 0 00:04:53, Sys 0 00:02:49  -  Run Remote Usage
		Usr 0 00:00:00, Sys 0 00:00:00  -  Run Local Usage
		Usr 0 00:04:53, Sys 0 00:02:49  -  Total Remote Usage
		Usr 0 00:00:00, Sys 0 00:00:00  -  Total Local Usage
	86077  -  Run Bytes Sent By Job
	539  -  Run Bytes Received By Job
	86077  -  Total Bytes Sent By Job
	539  -  Total Bytes Received By Job
	Partitionable Resources :    Usage  Request Allocated
	   Cpus                 :                 1         1
	   Disk (KB)            :       97  1024000   1932248
	   Memory (MB)          :      325     2000      2000
...
