000 (10259.000.000) 03/30 10:25:50 Job submitted from host: <128.101.221.180:9618?addrs=128.101.221.180-9618&noUDP&sock=3943_2604_3>
...
001 (10259.000.000) 03/30 10:43:36 Job executing on host: <128.101.221.175:9618?addrs=128.101.221.175-9618&noUDP&sock=12916_e152_4>
...
006 (10259.000.000) 03/30 10:43:45 Image size of job updated: 242796
	167  -  MemoryUsage of job (MB)
	170928  -  ResidentSetSize of job (KB)
...
006 (10259.000.000) 03/30 10:47:29 Image size of job updated: 330948
	167  -  MemoryUsage of job (MB)
	170928  -  ResidentSetSize of job (KB)
...
005 (10259.000.000) 03/30 10:47:30 Job terminated.
	(1) Normal termination (return value 0)
		Usr 0 00:02:23, Sys 0 00:01:13  -  Run Remote Usage
		Usr 0 00:00:00, Sys 0 00:00:00  -  Run Local Usage
		Usr 0 00:02:23, Sys 0 00:01:13  -  Total Remote Usage
		Usr 0 00:00:00, Sys 0 00:00:00  -  Total Local Usage
	61464  -  Run Bytes Sent By Job
	539  -  Run Bytes Received By Job
	61464  -  Total Bytes Sent By Job
	539  -  Total Bytes Received By Job
	Partitionable Resources :    Usage  Request Allocated
	   Cpus                 :                 1         1
	   Disk (KB)            :       73  1024000   1932252
	   Memory (MB)          :      167     2000      2000
...
