000 (10247.000.000) 03/30 10:25:45 Job submitted from host: <128.101.221.180:9618?addrs=128.101.221.180-9618&noUDP&sock=3943_2604_3>
...
001 (10247.000.000) 03/30 10:37:00 Job executing on host: <128.101.221.175:9618?addrs=128.101.221.175-9618&noUDP&sock=12916_e152_4>
...
006 (10247.000.000) 03/30 10:37:08 Image size of job updated: 242360
	167  -  MemoryUsage of job (MB)
	170480  -  ResidentSetSize of job (KB)
...
006 (10247.000.000) 03/30 10:42:08 Image size of job updated: 329976
	323  -  MemoryUsage of job (MB)
	329892  -  ResidentSetSize of job (KB)
...
006 (10247.000.000) 03/30 10:46:20 Image size of job updated: 732304
	323  -  MemoryUsage of job (MB)
	329892  -  ResidentSetSize of job (KB)
...
005 (10247.000.000) 03/30 10:46:21 Job terminated.
	(1) Normal termination (return value 0)
		Usr 0 00:05:34, Sys 0 00:03:09  -  Run Remote Usage
		Usr 0 00:00:00, Sys 0 00:00:00  -  Run Local Usage
		Usr 0 00:05:34, Sys 0 00:03:09  -  Total Remote Usage
		Usr 0 00:00:00, Sys 0 00:00:00  -  Total Local Usage
	80993  -  Run Bytes Sent By Job
	539  -  Run Bytes Received By Job
	80993  -  Total Bytes Sent By Job
	539  -  Total Bytes Received By Job
	Partitionable Resources :    Usage  Request Allocated
	   Cpus                 :                 1         1
	   Disk (KB)            :       92  1024000   1932242
	   Memory (MB)          :      323     2000      2000
...
