000 (10252.000.000) 03/30 10:25:47 Job submitted from host: <128.101.221.180:9618?addrs=128.101.221.180-9618&noUDP&sock=3943_2604_3>
...
001 (10252.000.000) 03/30 10:39:51 Job executing on host: <128.101.221.175:9618?addrs=128.101.221.175-9618&noUDP&sock=12916_e152_4>
...
006 (10252.000.000) 03/30 10:40:00 Image size of job updated: 273768
	196  -  MemoryUsage of job (MB)
	200612  -  ResidentSetSize of job (KB)
...
006 (10252.000.000) 03/30 10:45:01 Image size of job updated: 333648
	326  -  MemoryUsage of job (MB)
	333644  -  ResidentSetSize of job (KB)
...
006 (10252.000.000) 03/30 10:47:32 Image size of job updated: 731368
	326  -  MemoryUsage of job (MB)
	333644  -  ResidentSetSize of job (KB)
...
005 (10252.000.000) 03/30 10:47:33 Job terminated.
	(1) Normal termination (return value 0)
		Usr 0 00:04:36, Sys 0 00:02:33  -  Run Remote Usage
		Usr 0 00:00:00, Sys 0 00:00:00  -  Run Local Usage
		Usr 0 00:04:36, Sys 0 00:02:33  -  Total Remote Usage
		Usr 0 00:00:00, Sys 0 00:00:00  -  Total Local Usage
	76752  -  Run Bytes Sent By Job
	539  -  Run Bytes Received By Job
	76752  -  Total Bytes Sent By Job
	539  -  Total Bytes Received By Job
	Partitionable Resources :    Usage  Request Allocated
	   Cpus                 :                 1         1
	   Disk (KB)            :       88  1024000   1932230
	   Memory (MB)          :      326     2000      2000
...
