000 (10244.000.000) 03/30 10:25:43 Job submitted from host: <128.101.221.180:9618?addrs=128.101.221.180-9618&noUDP&sock=3943_2604_3>
...
001 (10244.000.000) 03/30 10:35:57 Job executing on host: <128.101.221.175:9618?addrs=128.101.221.175-9618&noUDP&sock=12916_e152_4>
...
006 (10244.000.000) 03/30 10:36:06 Image size of job updated: 254900
	203  -  MemoryUsage of job (MB)
	207456  -  ResidentSetSize of job (KB)
...
006 (10244.000.000) 03/30 10:41:07 Image size of job updated: 332760
	325  -  MemoryUsage of job (MB)
	332384  -  ResidentSetSize of job (KB)
...
006 (10244.000.000) 03/30 10:44:56 Image size of job updated: 730656
	325  -  MemoryUsage of job (MB)
	332384  -  ResidentSetSize of job (KB)
...
005 (10244.000.000) 03/30 10:44:57 Job terminated.
	(1) Normal termination (return value 0)
		Usr 0 00:05:21, Sys 0 00:03:11  -  Run Remote Usage
		Usr 0 00:00:00, Sys 0 00:00:00  -  Run Local Usage
		Usr 0 00:05:21, Sys 0 00:03:11  -  Total Remote Usage
		Usr 0 00:00:00, Sys 0 00:00:00  -  Total Local Usage
	101028  -  Run Bytes Sent By Job
	539  -  Run Bytes Received By Job
	101028  -  Total Bytes Sent By Job
	539  -  Total Bytes Received By Job
	Partitionable Resources :    Usage  Request Allocated
	   Cpus                 :                 1         1
	   Disk (KB)            :      111  1024000   1932246
	   Memory (MB)          :      325     2000      2000
...
