000 (10265.000.000) 03/30 10:25:53 Job submitted from host: <128.101.221.180:9618?addrs=128.101.221.180-9618&noUDP&sock=3943_2604_3>
...
001 (10265.000.000) 03/30 10:46:23 Job executing on host: <128.101.221.175:9618?addrs=128.101.221.175-9618&noUDP&sock=12916_e152_4>
...
006 (10265.000.000) 03/30 10:46:31 Image size of job updated: 222964
	153  -  MemoryUsage of job (MB)
	156060  -  ResidentSetSize of job (KB)
...
006 (10265.000.000) 03/30 10:51:31 Image size of job updated: 332428
	325  -  MemoryUsage of job (MB)
	332376  -  ResidentSetSize of job (KB)
...
006 (10265.000.000) 03/30 10:53:42 Image size of job updated: 731364
	325  -  MemoryUsage of job (MB)
	332376  -  ResidentSetSize of job (KB)
...
005 (10265.000.000) 03/30 10:53:43 Job terminated.
	(1) Normal termination (return value 0)
		Usr 0 00:04:21, Sys 0 00:02:23  -  Run Remote Usage
		Usr 0 00:00:00, Sys 0 00:00:00  -  Run Local Usage
		Usr 0 00:04:21, Sys 0 00:02:23  -  Total Remote Usage
		Usr 0 00:00:00, Sys 0 00:00:00  -  Total Local Usage
	69952  -  Run Bytes Sent By Job
	539  -  Run Bytes Received By Job
	69952  -  Total Bytes Sent By Job
	539  -  Total Bytes Received By Job
	Partitionable Resources :    Usage  Request Allocated
	   Cpus                 :                 1         1
	   Disk (KB)            :       81  1024000   1932242
	   Memory (MB)          :      325     2000      2000
...
