000 (10268.000.000) 03/30 10:25:54 Job submitted from host: <128.101.221.180:9618?addrs=128.101.221.180-9618&noUDP&sock=3943_2604_3>
...
001 (10268.000.000) 03/30 10:47:41 Job executing on host: <128.101.221.182:9618?addrs=128.101.221.182-9618&noUDP&sock=3902_06a2_4>
...
006 (10268.000.000) 03/30 10:47:50 Image size of job updated: 189204
	172  -  MemoryUsage of job (MB)
	175488  -  ResidentSetSize of job (KB)
...
006 (10268.000.000) 03/30 10:52:51 Image size of job updated: 332780
	325  -  MemoryUsage of job (MB)
	332464  -  ResidentSetSize of job (KB)
...
006 (10268.000.000) 03/30 10:56:22 Image size of job updated: 730912
	325  -  MemoryUsage of job (MB)
	332464  -  ResidentSetSize of job (KB)
...
005 (10268.000.000) 03/30 10:56:23 Job terminated.
	(1) Normal termination (return value 0)
		Usr 0 00:05:05, Sys 0 00:02:55  -  Run Remote Usage
		Usr 0 00:00:00, Sys 0 00:00:00  -  Run Local Usage
		Usr 0 00:05:05, Sys 0 00:02:55  -  Total Remote Usage
		Usr 0 00:00:00, Sys 0 00:00:00  -  Total Local Usage
	84577  -  Run Bytes Sent By Job
	539  -  Run Bytes Received By Job
	84577  -  Total Bytes Sent By Job
	539  -  Total Bytes Received By Job
	Partitionable Resources :    Usage  Request Allocated
	   Cpus                 :                 1         1
	   Disk (KB)            :       95  1024000   2046152
	   Memory (MB)          :      325     2000      2000
...
