000 (10263.000.000) 03/30 10:25:52 Job submitted from host: <128.101.221.180:9618?addrs=128.101.221.180-9618&noUDP&sock=3943_2604_3>
...
001 (10263.000.000) 03/30 10:44:50 Job executing on host: <128.101.221.175:9618?addrs=128.101.221.175-9618&noUDP&sock=12916_e152_4>
...
006 (10263.000.000) 03/30 10:44:59 Image size of job updated: 272308
	190  -  MemoryUsage of job (MB)
	193896  -  ResidentSetSize of job (KB)
...
006 (10263.000.000) 03/30 10:50:00 Image size of job updated: 333320
	326  -  MemoryUsage of job (MB)
	333176  -  ResidentSetSize of job (KB)
...
006 (10263.000.000) 03/30 10:54:00 Image size of job updated: 333728
	326  -  MemoryUsage of job (MB)
	333176  -  ResidentSetSize of job (KB)
...
005 (10263.000.000) 03/30 10:54:01 Job terminated.
	(1) Normal termination (return value 0)
		Usr 0 00:05:27, Sys 0 00:03:00  -  Run Remote Usage
		Usr 0 00:00:00, Sys 0 00:00:00  -  Run Local Usage
		Usr 0 00:05:27, Sys 0 00:03:00  -  Total Remote Usage
		Usr 0 00:00:00, Sys 0 00:00:00  -  Total Local Usage
	80713  -  Run Bytes Sent By Job
	539  -  Run Bytes Received By Job
	80713  -  Total Bytes Sent By Job
	539  -  Total Bytes Received By Job
	Partitionable Resources :    Usage  Request Allocated
	   Cpus                 :                 1         1
	   Disk (KB)            :       92  1024000   1932256
	   Memory (MB)          :      326     2000      2000
...
