000 (10248.000.000) 03/30 10:25:45 Job submitted from host: <128.101.221.180:9618?addrs=128.101.221.180-9618&noUDP&sock=3943_2604_3>
...
001 (10248.000.000) 03/30 10:37:00 Job executing on host: <128.101.221.180:9618?addrs=128.101.221.180-9618&noUDP&sock=3943_2604_4>
...
006 (10248.000.000) 03/30 10:37:08 Image size of job updated: 304800
	216  -  MemoryUsage of job (MB)
	220816  -  ResidentSetSize of job (KB)
...
006 (10248.000.000) 03/30 10:42:08 Image size of job updated: 430076
	327  -  MemoryUsage of job (MB)
	334148  -  ResidentSetSize of job (KB)
...
006 (10248.000.000) 03/30 10:42:29 Image size of job updated: 732348
	327  -  MemoryUsage of job (MB)
	334148  -  ResidentSetSize of job (KB)
...
005 (10248.000.000) 03/30 10:42:30 Job terminated.
	(1) Normal termination (return value 0)
		Usr 0 00:03:33, Sys 0 00:01:11  -  Run Remote Usage
		Usr 0 00:00:00, Sys 0 00:00:00  -  Run Local Usage
		Usr 0 00:03:33, Sys 0 00:01:11  -  Total Remote Usage
		Usr 0 00:00:00, Sys 0 00:00:00  -  Total Local Usage
	98313  -  Run Bytes Sent By Job
	539  -  Run Bytes Received By Job
	98313  -  Total Bytes Sent By Job
	539  -  Total Bytes Received By Job
	Partitionable Resources :    Usage  Request Allocated
	   Cpus                 :                 1         1
	   Disk (KB)            :      109  1024000   1026294
	   Memory (MB)          :      327     2000      2000
...
