000 (10246.000.000) 03/30 10:25:44 Job submitted from host: <128.101.221.180:9618?addrs=128.101.221.180-9618&noUDP&sock=3943_2604_3>
...
001 (10246.000.000) 03/30 10:37:00 Job executing on host: <128.101.221.194:9618?addrs=128.101.221.194-9618&noUDP&sock=3837_70fa_4>
...
006 (10246.000.000) 03/30 10:37:08 Image size of job updated: 250756
	171  -  MemoryUsage of job (MB)
	174784  -  ResidentSetSize of job (KB)
...
006 (10246.000.000) 03/30 10:42:08 Image size of job updated: 429132
	325  -  MemoryUsage of job (MB)
	332592  -  ResidentSetSize of job (KB)
...
006 (10246.000.000) 03/30 10:44:00 Image size of job updated: 429448
	325  -  MemoryUsage of job (MB)
	332592  -  ResidentSetSize of job (KB)
...
005 (10246.000.000) 03/30 10:44:01 Job terminated.
	(1) Normal termination (return value 0)
		Usr 0 00:04:41, Sys 0 00:01:30  -  Run Remote Usage
		Usr 0 00:00:00, Sys 0 00:00:00  -  Run Local Usage
		Usr 0 00:04:41, Sys 0 00:01:30  -  Total Remote Usage
		Usr 0 00:00:00, Sys 0 00:00:00  -  Total Local Usage
	97042  -  Run Bytes Sent By Job
	539  -  Run Bytes Received By Job
	97042  -  Total Bytes Sent By Job
	539  -  Total Bytes Received By Job
	Partitionable Resources :    Usage  Request Allocated
	   Cpus                 :                 1         1
	   Disk (KB)            :      108  1024000   1027926
	   Memory (MB)          :      325     2000      2000
...
