000 (10251.000.000) 03/30 10:25:47 Job submitted from host: <128.101.221.180:9618?addrs=128.101.221.180-9618&noUDP&sock=3943_2604_3>
...
001 (10251.000.000) 03/30 10:39:31 Job executing on host: <128.101.221.175:9618?addrs=128.101.221.175-9618&noUDP&sock=12916_e152_4>
...
006 (10251.000.000) 03/30 10:39:39 Image size of job updated: 233156
	161  -  MemoryUsage of job (MB)
	163880  -  ResidentSetSize of job (KB)
...
006 (10251.000.000) 03/30 10:44:39 Image size of job updated: 330324
	323  -  MemoryUsage of job (MB)
	330024  -  ResidentSetSize of job (KB)
...
006 (10251.000.000) 03/30 10:47:21 Image size of job updated: 730112
	323  -  MemoryUsage of job (MB)
	330024  -  ResidentSetSize of job (KB)
...
005 (10251.000.000) 03/30 10:47:22 Job terminated.
	(1) Normal termination (return value 0)
		Usr 0 00:04:32, Sys 0 00:02:43  -  Run Remote Usage
		Usr 0 00:00:00, Sys 0 00:00:00  -  Run Local Usage
		Usr 0 00:04:32, Sys 0 00:02:43  -  Total Remote Usage
		Usr 0 00:00:00, Sys 0 00:00:00  -  Total Local Usage
	74422  -  Run Bytes Sent By Job
	539  -  Run Bytes Received By Job
	74422  -  Total Bytes Sent By Job
	539  -  Total Bytes Received By Job
	Partitionable Resources :    Usage  Request Allocated
	   Cpus                 :                 1         1
	   Disk (KB)            :       86  1024000   1932254
	   Memory (MB)          :      323     2000      2000
...
