000 (10253.000.000) 03/30 10:25:47 Job submitted from host: <128.101.221.180:9618?addrs=128.101.221.180-9618&noUDP&sock=3943_2604_3>
...
001 (10253.000.000) 03/30 10:40:54 Job executing on host: <128.101.221.182:9618?addrs=128.101.221.182-9618&noUDP&sock=3902_06a2_4>
...
006 (10253.000.000) 03/30 10:41:03 Image size of job updated: 274148
	192  -  MemoryUsage of job (MB)
	196488  -  ResidentSetSize of job (KB)
...
006 (10253.000.000) 03/30 10:45:46 Image size of job updated: 730340
	192  -  MemoryUsage of job (MB)
	196488  -  ResidentSetSize of job (KB)
...
005 (10253.000.000) 03/30 10:45:47 Job terminated.
	(1) Normal termination (return value 0)
		Usr 0 00:03:11, Sys 0 00:01:03  -  Run Remote Usage
		Usr 0 00:00:00, Sys 0 00:00:00  -  Run Local Usage
		Usr 0 00:03:11, Sys 0 00:01:03  -  Total Remote Usage
		Usr 0 00:00:00, Sys 0 00:00:00  -  Total Local Usage
	72191  -  Run Bytes Sent By Job
	539  -  Run Bytes Received By Job
	72191  -  Total Bytes Sent By Job
	539  -  Total Bytes Received By Job
	Partitionable Resources :    Usage  Request Allocated
	   Cpus                 :                 1         1
	   Disk (KB)            :       83  1024000   2046226
	   Memory (MB)          :      192     2000      2000
...
