000 (10250.000.000) 03/30 10:25:46 Job submitted from host: <128.101.221.180:9618?addrs=128.101.221.180-9618&noUDP&sock=3943_2604_3>
...
001 (10250.000.000) 03/30 10:37:24 Job executing on host: <128.101.221.175:9618?addrs=128.101.221.175-9618&noUDP&sock=12916_e152_4>
...
006 (10250.000.000) 03/30 10:37:32 Image size of job updated: 230468
	175  -  MemoryUsage of job (MB)
	178752  -  ResidentSetSize of job (KB)
...
006 (10250.000.000) 03/30 10:42:32 Image size of job updated: 331932
	325  -  MemoryUsage of job (MB)
	331872  -  ResidentSetSize of job (KB)
...
006 (10250.000.000) 03/30 10:44:31 Image size of job updated: 332184
	325  -  MemoryUsage of job (MB)
	331872  -  ResidentSetSize of job (KB)
...
005 (10250.000.000) 03/30 10:44:32 Job terminated.
	(1) Normal termination (return value 0)
		Usr 0 00:04:09, Sys 0 00:02:26  -  Run Remote Usage
		Usr 0 00:00:00, Sys 0 00:00:00  -  Run Local Usage
		Usr 0 00:04:09, Sys 0 00:02:26  -  Total Remote Usage
		Usr 0 00:00:00, Sys 0 00:00:00  -  Total Local Usage
	83508  -  Run Bytes Sent By Job
	539  -  Run Bytes Received By Job
	83508  -  Total Bytes Sent By Job
	539  -  Total Bytes Received By Job
	Partitionable Resources :    Usage  Request Allocated
	   Cpus                 :                 1         1
	   Disk (KB)            :       94  1024000   1932238
	   Memory (MB)          :      325     2000      2000
...
