000 (10249.000.000) 03/30 10:25:46 Job submitted from host: <128.101.221.180:9618?addrs=128.101.221.180-9618&noUDP&sock=3943_2604_3>
...
001 (10249.000.000) 03/30 10:37:21 Job executing on host: <128.101.221.175:9618?addrs=128.101.221.175-9618&noUDP&sock=12916_e152_4>
...
006 (10249.000.000) 03/30 10:37:30 Image size of job updated: 206580
	180  -  MemoryUsage of job (MB)
	184208  -  ResidentSetSize of job (KB)
...
006 (10249.000.000) 03/30 10:42:21 Image size of job updated: 730588
	180  -  MemoryUsage of job (MB)
	184208  -  ResidentSetSize of job (KB)
...
005 (10249.000.000) 03/30 10:42:22 Job terminated.
	(1) Normal termination (return value 0)
		Usr 0 00:03:00, Sys 0 00:01:40  -  Run Remote Usage
		Usr 0 00:00:00, Sys 0 00:00:00  -  Run Local Usage
		Usr 0 00:03:00, Sys 0 00:01:40  -  Total Remote Usage
		Usr 0 00:00:00, Sys 0 00:00:00  -  Total Local Usage
	70615  -  Run Bytes Sent By Job
	539  -  Run Bytes Received By Job
	70615  -  Total Bytes Sent By Job
	539  -  Total Bytes Received By Job
	Partitionable Resources :    Usage  Request Allocated
	   Cpus                 :                 1         1
	   Disk (KB)            :       82  1024000   1932236
	   Memory (MB)          :      180     2000      2000
...
