000 (10264.000.000) 03/30 10:25:52 Job submitted from host: <128.101.221.180:9618?addrs=128.101.221.180-9618&noUDP&sock=3943_2604_3>
...
001 (10264.000.000) 03/30 10:44:58 Job executing on host: <128.101.221.175:9618?addrs=128.101.221.175-9618&noUDP&sock=12916_e152_4>
...
006 (10264.000.000) 03/30 10:45:07 Image size of job updated: 256660
	185  -  MemoryUsage of job (MB)
	189292  -  ResidentSetSize of job (KB)
...
006 (10264.000.000) 03/30 10:50:08 Image size of job updated: 332348
	325  -  MemoryUsage of job (MB)
	332296  -  ResidentSetSize of job (KB)
...
006 (10264.000.000) 03/30 10:52:51 Image size of job updated: 730272
	325  -  MemoryUsage of job (MB)
	332296  -  ResidentSetSize of job (KB)
...
005 (10264.000.000) 03/30 10:52:52 Job terminated.
	(1) Normal termination (return value 0)
		Usr 0 00:04:41, Sys 0 00:02:36  -  Run Remote Usage
		Usr 0 00:00:00, Sys 0 00:00:00  -  Run Local Usage
		Usr 0 00:04:41, Sys 0 00:02:36  -  Total Remote Usage
		Usr 0 00:00:00, Sys 0 00:00:00  -  Total Local Usage
	77710  -  Run Bytes Sent By Job
	539  -  Run Bytes Received By Job
	77710  -  Total Bytes Sent By Job
	539  -  Total Bytes Received By Job
	Partitionable Resources :    Usage  Request Allocated
	   Cpus                 :                 1         1
	   Disk (KB)            :       89  1024000   1932246
	   Memory (MB)          :      325     2000      2000
...
