000 (10260.000.000) 03/30 10:25:50 Job submitted from host: <128.101.221.180:9618?addrs=128.101.221.180-9618&noUDP&sock=3943_2604_3>
...
001 (10260.000.000) 03/30 10:44:03 Job executing on host: <128.101.221.194:9618?addrs=128.101.221.194-9618&noUDP&sock=3837_70fa_4>
...
006 (10260.000.000) 03/30 10:44:11 Image size of job updated: 263456
	182  -  MemoryUsage of job (MB)
	185560  -  ResidentSetSize of job (KB)
...
006 (10260.000.000) 03/30 10:48:51 Image size of job updated: 418504
	182  -  MemoryUsage of job (MB)
	185560  -  ResidentSetSize of job (KB)
...
005 (10260.000.000) 03/30 10:48:52 Job terminated.
	(1) Normal termination (return value 0)
		Usr 0 00:03:12, Sys 0 00:01:02  -  Run Remote Usage
		Usr 0 00:00:00, Sys 0 00:00:00  -  Run Local Usage
		Usr 0 00:03:12, Sys 0 00:01:02  -  Total Remote Usage
		Usr 0 00:00:00, Sys 0 00:00:00  -  Total Local Usage
	81144  -  Run Bytes Sent By Job
	539  -  Run Bytes Received By Job
	81144  -  Total Bytes Sent By Job
	539  -  Total Bytes Received By Job
	Partitionable Resources :    Usage  Request Allocated
	   Cpus                 :                 1         1
	   Disk (KB)            :       92  1024000   1027926
	   Memory (MB)          :      182     2000      2000
...
