000 (10243.000.000) 03/30 10:25:43 Job submitted from host: <128.101.221.180:9618?addrs=128.101.221.180-9618&noUDP&sock=3943_2604_3>
...
001 (10243.000.000) 03/30 10:35:56 Job executing on host: <128.101.221.175:9618?addrs=128.101.221.175-9618&noUDP&sock=12916_e152_4>
...
006 (10243.000.000) 03/30 10:36:04 Image size of job updated: 205072
	171  -  MemoryUsage of job (MB)
	174484  -  ResidentSetSize of job (KB)
...
006 (10243.000.000) 03/30 10:41:04 Image size of job updated: 333448
	325  -  MemoryUsage of job (MB)
	332672  -  ResidentSetSize of job (KB)
...
006 (10243.000.000) 03/30 10:43:05 Image size of job updated: 730428
	325  -  MemoryUsage of job (MB)
	332672  -  ResidentSetSize of job (KB)
...
005 (10243.000.000) 03/30 10:43:06 Job terminated.
	(1) Normal termination (return value 0)
		Usr 0 00:04:16, Sys 0 00:02:30  -  Run Remote Usage
		Usr 0 00:00:00, Sys 0 00:00:00  -  Run Local Usage
		Usr 0 00:04:16, Sys 0 00:02:30  -  Total Remote Usage
		Usr 0 00:00:00, Sys 0 00:00:00  -  Total Local Usage
	81242  -  Run Bytes Sent By Job
	539  -  Run Bytes Received By Job
	81242  -  Total Bytes Sent By Job
	539  -  Total Bytes Received By Job
	Partitionable Resources :    Usage  Request Allocated
	   Cpus                 :                 1         1
	   Disk (KB)            :       92  1024000   1932244
	   Memory (MB)          :      325     2000      2000
...
