000 (10256.000.000) 03/30 10:25:49 Job submitted from host: <128.101.221.180:9618?addrs=128.101.221.180-9618&noUDP&sock=3943_2604_3>
...
001 (10256.000.000) 03/30 10:42:44 Job executing on host: <128.101.221.175:9618?addrs=128.101.221.175-9618&noUDP&sock=12916_e152_4>
...
006 (10256.000.000) 03/30 10:42:52 Image size of job updated: 253324
	173  -  MemoryUsage of job (MB)
	176768  -  ResidentSetSize of job (KB)
...
006 (10256.000.000) 03/30 10:47:52 Image size of job updated: 330028
	323  -  MemoryUsage of job (MB)
	329892  -  ResidentSetSize of job (KB)
...
006 (10256.000.000) 03/30 10:52:53 Image size of job updated: 333652
	326  -  MemoryUsage of job (MB)
	333256  -  ResidentSetSize of job (KB)
...
006 (10256.000.000) 03/30 10:53:21 Image size of job updated: 730736
	326  -  MemoryUsage of job (MB)
	333256  -  ResidentSetSize of job (KB)
...
005 (10256.000.000) 03/30 10:53:22 Job terminated.
	(1) Normal termination (return value 0)
		Usr 0 00:06:21, Sys 0 00:03:30  -  Run Remote Usage
		Usr 0 00:00:00, Sys 0 00:00:00  -  Run Local Usage
		Usr 0 00:06:21, Sys 0 00:03:30  -  Total Remote Usage
		Usr 0 00:00:00, Sys 0 00:00:00  -  Total Local Usage
	85539  -  Run Bytes Sent By Job
	539  -  Run Bytes Received By Job
	85539  -  Total Bytes Sent By Job
	539  -  Total Bytes Received By Job
	Partitionable Resources :    Usage  Request Allocated
	   Cpus                 :                 1         1
	   Disk (KB)            :       97  1024000   1932248
	   Memory (MB)          :      326     2000      2000
...
