000 (5485.000.000) 08/06 17:21:52 Job submitted from host: <128.101.221.176:9618?addrs=128.101.221.176-9618&noUDP&sock=11541_65e5_3>
...
001 (5485.000.000) 08/06 17:22:15 Job executing on host: <128.101.221.188:9618?addrs=128.101.221.188-9618&noUDP&sock=11665_65e5_4>
...
006 (5485.000.000) 08/06 17:22:23 Image size of job updated: 277696
	195  -  MemoryUsage of job (MB)
	198704  -  ResidentSetSize of job (KB)
...
006 (5485.000.000) 08/06 17:27:23 Image size of job updated: 330240
	322  -  MemoryUsage of job (MB)
	329548  -  ResidentSetSize of job (KB)
...
006 (5485.000.000) 08/06 17:32:24 Image size of job updated: 330424
	322  -  MemoryUsage of job (MB)
	329548  -  ResidentSetSize of job (KB)
...
005 (5485.000.000) 08/06 17:40:48 Job terminated.
	(1) Normal termination (return value 0)
		Usr 0 00:01:15, Sys 0 00:00:51  -  Run Remote Usage
		Usr 0 00:00:00, Sys 0 00:00:00  -  Run Local Usage
		Usr 0 00:01:15, Sys 0 00:00:51  -  Total Remote Usage
		Usr 0 00:00:00, Sys 0 00:00:00  -  Total Local Usage
	21639  -  Run Bytes Sent By Job
	551  -  Run Bytes Received By Job
	21639  -  Total Bytes Sent By Job
	551  -  Total Bytes Received By Job
	Partitionable Resources :    Usage  Request Allocated
	   Cpus                 :                 1         1
	   Disk (KB)            :       33  1024000   1842326
	   Memory (MB)          :      322     2000      2000
...
