000 (5647.000.000) 08/06 20:55:22 Job submitted from host: <128.101.221.176:9618?addrs=128.101.221.176-9618&noUDP&sock=11541_65e5_3>
...
001 (5647.000.000) 08/06 20:55:46 Job executing on host: <128.101.220.96:9618?addrs=128.101.220.96-9618&noUDP&sock=7388_78ac_4>
...
006 (5647.000.000) 08/06 20:55:55 Image size of job updated: 73532
	41  -  MemoryUsage of job (MB)
	41692  -  ResidentSetSize of job (KB)
...
006 (5647.000.000) 08/06 21:00:56 Image size of job updated: 420580
	323  -  MemoryUsage of job (MB)
	330568  -  ResidentSetSize of job (KB)
...
006 (5647.000.000) 08/06 21:05:57 Image size of job updated: 420612
	323  -  MemoryUsage of job (MB)
	330572  -  ResidentSetSize of job (KB)
...
006 (5647.000.000) 08/06 21:20:59 Image size of job updated: 420612
	324  -  MemoryUsage of job (MB)
	330768  -  ResidentSetSize of job (KB)
...
006 (5647.000.000) 08/06 21:25:59 Image size of job updated: 420612
	328  -  MemoryUsage of job (MB)
	335624  -  ResidentSetSize of job (KB)
...
005 (5647.000.000) 08/06 21:50:03 Job terminated.
	(1) Normal termination (return value 0)
		Usr 0 00:01:58, Sys 0 00:01:15  -  Run Remote Usage
		Usr 0 00:00:00, Sys 0 00:00:00  -  Run Local Usage
		Usr 0 00:01:58, Sys 0 00:01:15  -  Total Remote Usage
		Usr 0 00:00:00, Sys 0 00:00:00  -  Total Local Usage
	25790  -  Run Bytes Sent By Job
	560  -  Run Bytes Received By Job
	25790  -  Total Bytes Sent By Job
	560  -  Total Bytes Received By Job
	Partitionable Resources :    Usage  Request Allocated
	   Cpus                 :                 1         1
	   Disk (KB)            :       37  1024000   4046900
	   Memory (MB)          :      328     2000      2000
...
