000 (5648.000.000) 08/06 20:55:22 Job submitted from host: <128.101.221.176:9618?addrs=128.101.221.176-9618&noUDP&sock=11541_65e5_3>
...
001 (5648.000.000) 08/06 20:55:48 Job executing on host: <128.101.220.84:9618?addrs=128.101.220.84-9618&noUDP&sock=12007_9b0e_4>
...
006 (5648.000.000) 08/06 20:55:57 Image size of job updated: 79984
	34  -  MemoryUsage of job (MB)
	34752  -  ResidentSetSize of job (KB)
...
006 (5648.000.000) 08/06 21:00:57 Image size of job updated: 421984
	324  -  MemoryUsage of job (MB)
	330876  -  ResidentSetSize of job (KB)
...
006 (5648.000.000) 08/06 21:05:57 Image size of job updated: 422020
	324  -  MemoryUsage of job (MB)
	330884  -  ResidentSetSize of job (KB)
...
006 (5648.000.000) 08/06 21:15:58 Image size of job updated: 422020
	324  -  MemoryUsage of job (MB)
	330888  -  ResidentSetSize of job (KB)
...
006 (5648.000.000) 08/06 21:35:59 Image size of job updated: 422020
	328  -  MemoryUsage of job (MB)
	335572  -  ResidentSetSize of job (KB)
...
005 (5648.000.000) 08/06 21:53:10 Job terminated.
	(1) Normal termination (return value 0)
		Usr 0 00:01:46, Sys 0 00:01:04  -  Run Remote Usage
		Usr 0 00:00:00, Sys 0 00:00:00  -  Run Local Usage
		Usr 0 00:01:46, Sys 0 00:01:04  -  Total Remote Usage
		Usr 0 00:00:00, Sys 0 00:00:00  -  Total Local Usage
	25344  -  Run Bytes Sent By Job
	560  -  Run Bytes Received By Job
	25344  -  Total Bytes Sent By Job
	560  -  Total Bytes Received By Job
	Partitionable Resources :    Usage  Request Allocated
	   Cpus                 :                 1         1
	   Disk (KB)            :       36  1024000   4058394
	   Memory (MB)          :      328     2000      2000
...
