000 (10108.000.000) 03/30 09:37:20 Job submitted from host: <128.101.221.180:9618?addrs=128.101.221.180-9618&noUDP&sock=3943_2604_3>
...
001 (10108.000.000) 03/30 09:37:23 Job executing on host: <128.101.221.182:9618?addrs=128.101.221.182-9618&noUDP&sock=3902_06a2_4>
...
006 (10108.000.000) 03/30 09:37:32 Image size of job updated: 197476
	174  -  MemoryUsage of job (MB)
	177184  -  ResidentSetSize of job (KB)
...
006 (10108.000.000) 03/30 09:42:33 Image size of job updated: 333520
	324  -  MemoryUsage of job (MB)
	331296  -  ResidentSetSize of job (KB)
...
005 (10108.000.000) 03/30 09:45:55 Job terminated.
	(1) Normal termination (return value 0)
		Usr 0 00:04:49, Sys 0 00:02:56  -  Run Remote Usage
		Usr 0 00:00:00, Sys 0 00:00:00  -  Run Local Usage
		Usr 0 00:04:49, Sys 0 00:02:56  -  Total Remote Usage
		Usr 0 00:00:00, Sys 0 00:00:00  -  Total Local Usage
	86064  -  Run Bytes Sent By Job
	535  -  Run Bytes Received By Job
	86064  -  Total Bytes Sent By Job
	535  -  Total Bytes Received By Job
	Partitionable Resources :    Usage  Request Allocated
	   Cpus                 :                 1         1
	   Disk (KB)            :       97  1024000   2046402
	   Memory (MB)          :      324     2000      2000
...
