000 (10111.000.000) 03/30 09:37:23 Job submitted from host: <128.101.221.180:9618?addrs=128.101.221.180-9618&noUDP&sock=3943_2604_3>
...
001 (10111.000.000) 03/30 09:37:44 Job executing on host: <128.101.221.182:9618?addrs=128.101.221.182-9618&noUDP&sock=3902_06a2_4>
...
006 (10111.000.000) 03/30 09:37:52 Image size of job updated: 182088
	175  -  MemoryUsage of job (MB)
	178912  -  ResidentSetSize of job (KB)
...
006 (10111.000.000) 03/30 09:42:52 Image size of job updated: 329764
	322  -  MemoryUsage of job (MB)
	329552  -  ResidentSetSize of job (KB)
...
006 (10111.000.000) 03/30 09:47:53 Image size of job updated: 332944
	325  -  MemoryUsage of job (MB)
	332664  -  ResidentSetSize of job (KB)
...
006 (10111.000.000) 03/30 09:48:48 Image size of job updated: 730572
	325  -  MemoryUsage of job (MB)
	332664  -  ResidentSetSize of job (KB)
...
005 (10111.000.000) 03/30 09:48:49 Job terminated.
	(1) Normal termination (return value 0)
		Usr 0 00:06:19, Sys 0 00:03:40  -  Run Remote Usage
		Usr 0 00:00:00, Sys 0 00:00:00  -  Run Local Usage
		Usr 0 00:06:19, Sys 0 00:03:40  -  Total Remote Usage
		Usr 0 00:00:00, Sys 0 00:00:00  -  Total Local Usage
	85526  -  Run Bytes Sent By Job
	535  -  Run Bytes Received By Job
	85526  -  Total Bytes Sent By Job
	535  -  Total Bytes Received By Job
	Partitionable Resources :    Usage  Request Allocated
	   Cpus                 :                 1         1
	   Disk (KB)            :       96  1024000   2046398
	   Memory (MB)          :      325     2000      2000
...
