000 (10117.000.000) 03/30 09:37:26 Job submitted from host: <128.101.221.180:9618?addrs=128.101.221.180-9618&noUDP&sock=3943_2604_3>
...
001 (10117.000.000) 03/30 09:37:46 Job executing on host: <128.101.221.182:9618?addrs=128.101.221.182-9618&noUDP&sock=3902_06a2_4>
...
006 (10117.000.000) 03/30 09:37:55 Image size of job updated: 204332
	198  -  MemoryUsage of job (MB)
	201860  -  ResidentSetSize of job (KB)
...
006 (10117.000.000) 03/30 09:42:56 Image size of job updated: 332152
	325  -  MemoryUsage of job (MB)
	331968  -  ResidentSetSize of job (KB)
...
006 (10117.000.000) 03/30 09:44:09 Image size of job updated: 332248
	325  -  MemoryUsage of job (MB)
	331968  -  ResidentSetSize of job (KB)
...
005 (10117.000.000) 03/30 09:44:10 Job terminated.
	(1) Normal termination (return value 0)
		Usr 0 00:03:35, Sys 0 00:02:14  -  Run Remote Usage
		Usr 0 00:00:00, Sys 0 00:00:00  -  Run Local Usage
		Usr 0 00:03:35, Sys 0 00:02:14  -  Total Remote Usage
		Usr 0 00:00:00, Sys 0 00:00:00  -  Total Local Usage
	72177  -  Run Bytes Sent By Job
	535  -  Run Bytes Received By Job
	72177  -  Total Bytes Sent By Job
	535  -  Total Bytes Received By Job
	Partitionable Resources :    Usage  Request Allocated
	   Cpus                 :                 1         1
	   Disk (KB)            :       83  1024000   2046398
	   Memory (MB)          :      325     2000      2000
...
