000 (10126.000.000) 03/30 09:37:31 Job submitted from host: <128.101.221.180:9618?addrs=128.101.221.180-9618&noUDP&sock=3943_2604_3>
...
001 (10126.000.000) 03/30 09:40:50 Job executing on host: <128.101.221.175:9618?addrs=128.101.221.175-9618&noUDP&sock=12916_e152_4>
...
006 (10126.000.000) 03/30 09:40:59 Image size of job updated: 245000
	168  -  MemoryUsage of job (MB)
	171732  -  ResidentSetSize of job (KB)
...
006 (10126.000.000) 03/30 09:46:00 Image size of job updated: 331896
	324  -  MemoryUsage of job (MB)
	331412  -  ResidentSetSize of job (KB)
...
005 (10126.000.000) 03/30 09:48:44 Job terminated.
	(1) Normal termination (return value 0)
		Usr 0 00:04:40, Sys 0 00:02:35  -  Run Remote Usage
		Usr 0 00:00:00, Sys 0 00:00:00  -  Run Local Usage
		Usr 0 00:04:40, Sys 0 00:02:35  -  Total Remote Usage
		Usr 0 00:00:00, Sys 0 00:00:00  -  Total Local Usage
	81228  -  Run Bytes Sent By Job
	535  -  Run Bytes Received By Job
	81228  -  Total Bytes Sent By Job
	535  -  Total Bytes Received By Job
	Partitionable Resources :    Usage  Request Allocated
	   Cpus                 :                 1         1
	   Disk (KB)            :       92  1024000   1932364
	   Memory (MB)          :      324     2000      2000
...
