000 (10116.000.000) 03/30 09:37:26 Job submitted from host: <128.101.221.180:9618?addrs=128.101.221.180-9618&noUDP&sock=3943_2604_3>
...
001 (10116.000.000) 03/30 09:37:46 Job executing on host: <128.101.221.175:9618?addrs=128.101.221.175-9618&noUDP&sock=12916_e152_4>
...
006 (10116.000.000) 03/30 09:37:55 Image size of job updated: 203124
	185  -  MemoryUsage of job (MB)
	189224  -  ResidentSetSize of job (KB)
...
006 (10116.000.000) 03/30 09:42:56 Image size of job updated: 332720
	325  -  MemoryUsage of job (MB)
	332480  -  ResidentSetSize of job (KB)
...
006 (10116.000.000) 03/30 09:45:26 Image size of job updated: 731804
	325  -  MemoryUsage of job (MB)
	332480  -  ResidentSetSize of job (KB)
...
005 (10116.000.000) 03/30 09:45:27 Job terminated.
	(1) Normal termination (return value 0)
		Usr 0 00:04:27, Sys 0 00:02:36  -  Run Remote Usage
		Usr 0 00:00:00, Sys 0 00:00:00  -  Run Local Usage
		Usr 0 00:04:27, Sys 0 00:02:36  -  Total Remote Usage
		Usr 0 00:00:00, Sys 0 00:00:00  -  Total Local Usage
	76738  -  Run Bytes Sent By Job
	535  -  Run Bytes Received By Job
	76738  -  Total Bytes Sent By Job
	535  -  Total Bytes Received By Job
	Partitionable Resources :    Usage  Request Allocated
	   Cpus                 :                 1         1
	   Disk (KB)            :       88  1024000   1932364
	   Memory (MB)          :      325     2000      2000
...
