000 (10119.000.000) 03/30 09:37:27 Job submitted from host: <128.101.221.180:9618?addrs=128.101.221.180-9618&noUDP&sock=3943_2604_3>
...
001 (10119.000.000) 03/30 09:37:46 Job executing on host: <128.101.221.182:9618?addrs=128.101.221.182-9618&noUDP&sock=3902_06a2_4>
...
006 (10119.000.000) 03/30 09:37:55 Image size of job updated: 192684
	185  -  MemoryUsage of job (MB)
	188940  -  ResidentSetSize of job (KB)
...
005 (10119.000.000) 03/30 09:42:24 Job terminated.
	(1) Normal termination (return value 0)
		Usr 0 00:02:35, Sys 0 00:01:36  -  Run Remote Usage
		Usr 0 00:00:00, Sys 0 00:00:00  -  Run Local Usage
		Usr 0 00:02:35, Sys 0 00:01:36  -  Total Remote Usage
		Usr 0 00:00:00, Sys 0 00:00:00  -  Total Local Usage
	70602  -  Run Bytes Sent By Job
	535  -  Run Bytes Received By Job
	70602  -  Total Bytes Sent By Job
	535  -  Total Bytes Received By Job
	Partitionable Resources :    Usage  Request Allocated
	   Cpus                 :                 1         1
	   Disk (KB)            :       82  1024000   2046398
	   Memory (MB)          :      185     2000      2000
...
