000 (10109.000.000) 03/30 09:37:21 Job submitted from host: <128.101.221.180:9618?addrs=128.101.221.180-9618&noUDP&sock=3943_2604_3>
...
001 (10109.000.000) 03/30 09:37:42 Job executing on host: <128.101.221.182:9618?addrs=128.101.221.182-9618&noUDP&sock=3902_06a2_4>
...
006 (10109.000.000) 03/30 09:37:51 Image size of job updated: 202952
	182  -  MemoryUsage of job (MB)
	185692  -  ResidentSetSize of job (KB)
...
006 (10109.000.000) 03/30 09:42:52 Image size of job updated: 332464
	325  -  MemoryUsage of job (MB)
	332172  -  ResidentSetSize of job (KB)
...
005 (10109.000.000) 03/30 09:44:41 Job terminated.
	(1) Normal termination (return value 0)
		Usr 0 00:04:06, Sys 0 00:02:20  -  Run Remote Usage
		Usr 0 00:00:00, Sys 0 00:00:00  -  Run Local Usage
		Usr 0 00:04:06, Sys 0 00:02:20  -  Total Remote Usage
		Usr 0 00:00:00, Sys 0 00:00:00  -  Total Local Usage
	81130  -  Run Bytes Sent By Job
	535  -  Run Bytes Received By Job
	81130  -  Total Bytes Sent By Job
	535  -  Total Bytes Received By Job
	Partitionable Resources :    Usage  Request Allocated
	   Cpus                 :                 1         1
	   Disk (KB)            :       92  1024000   2046402
	   Memory (MB)          :      325     2000      2000
...
