000 (10115.000.000) 03/30 09:37:25 Job submitted from host: <128.101.221.180:9618?addrs=128.101.221.180-9618&noUDP&sock=3943_2604_3>
...
001 (10115.000.000) 03/30 09:37:46 Job executing on host: <128.101.221.182:9618?addrs=128.101.221.182-9618&noUDP&sock=3902_06a2_4>
...
006 (10115.000.000) 03/30 09:37:55 Image size of job updated: 198408
	189  -  MemoryUsage of job (MB)
	192916  -  ResidentSetSize of job (KB)
...
006 (10115.000.000) 03/30 09:42:56 Image size of job updated: 329904
	322  -  MemoryUsage of job (MB)
	329704  -  ResidentSetSize of job (KB)
...
006 (10115.000.000) 03/30 09:47:56 Image size of job updated: 332684
	325  -  MemoryUsage of job (MB)
	332632  -  ResidentSetSize of job (KB)
...
006 (10115.000.000) 03/30 09:48:49 Image size of job updated: 730624
	325  -  MemoryUsage of job (MB)
	332632  -  ResidentSetSize of job (KB)
...
005 (10115.000.000) 03/30 09:48:50 Job terminated.
	(1) Normal termination (return value 0)
		Usr 0 00:06:30, Sys 0 00:03:41  -  Run Remote Usage
		Usr 0 00:00:00, Sys 0 00:00:00  -  Run Local Usage
		Usr 0 00:06:30, Sys 0 00:03:41  -  Total Remote Usage
		Usr 0 00:00:00, Sys 0 00:00:00  -  Total Local Usage
	100924  -  Run Bytes Sent By Job
	535  -  Run Bytes Received By Job
	100924  -  Total Bytes Sent By Job
	535  -  Total Bytes Received By Job
	Partitionable Resources :    Usage  Request Allocated
	   Cpus                 :                 1         1
	   Disk (KB)            :      111  1024000   2046398
	   Memory (MB)          :      325     2000      2000
...
