000 (10112.000.000) 03/30 09:37:23 Job submitted from host: <128.101.221.180:9618?addrs=128.101.221.180-9618&noUDP&sock=3943_2604_3>
...
001 (10112.000.000) 03/30 09:37:44 Job executing on host: <128.101.221.175:9618?addrs=128.101.221.175-9618&noUDP&sock=12916_e152_4>
...
006 (10112.000.000) 03/30 09:37:53 Image size of job updated: 193808
	183  -  MemoryUsage of job (MB)
	186488  -  ResidentSetSize of job (KB)
...
006 (10112.000.000) 03/30 09:42:54 Image size of job updated: 333512
	326  -  MemoryUsage of job (MB)
	332940  -  ResidentSetSize of job (KB)
...
006 (10112.000.000) 03/30 09:44:52 Image size of job updated: 732136
	326  -  MemoryUsage of job (MB)
	332940  -  ResidentSetSize of job (KB)
...
005 (10112.000.000) 03/30 09:44:53 Job terminated.
	(1) Normal termination (return value 0)
		Usr 0 00:04:09, Sys 0 00:02:22  -  Run Remote Usage
		Usr 0 00:00:00, Sys 0 00:00:00  -  Run Local Usage
		Usr 0 00:04:09, Sys 0 00:02:22  -  Total Remote Usage
		Usr 0 00:00:00, Sys 0 00:00:00  -  Total Local Usage
	76532  -  Run Bytes Sent By Job
	535  -  Run Bytes Received By Job
	76532  -  Total Bytes Sent By Job
	535  -  Total Bytes Received By Job
	Partitionable Resources :    Usage  Request Allocated
	   Cpus                 :                 1         1
	   Disk (KB)            :       87  1024000   1932364
	   Memory (MB)          :      326     2000      2000
...
