000 (10114.000.000) 03/30 09:37:25 Job submitted from host: <128.101.221.180:9618?addrs=128.101.221.180-9618&noUDP&sock=3943_2604_3>
...
001 (10114.000.000) 03/30 09:37:44 Job executing on host: <128.101.221.175:9618?addrs=128.101.221.175-9618&noUDP&sock=12916_e152_4>
...
006 (10114.000.000) 03/30 09:37:53 Image size of job updated: 189568
	183  -  MemoryUsage of job (MB)
	186532  -  ResidentSetSize of job (KB)
...
006 (10114.000.000) 03/30 09:42:54 Image size of job updated: 334076
	326  -  MemoryUsage of job (MB)
	333452  -  ResidentSetSize of job (KB)
...
005 (10114.000.000) 03/30 09:47:14 Job terminated.
	(1) Normal termination (return value 0)
		Usr 0 00:05:30, Sys 0 00:03:14  -  Run Remote Usage
		Usr 0 00:00:00, Sys 0 00:00:00  -  Run Local Usage
		Usr 0 00:05:30, Sys 0 00:03:14  -  Total Remote Usage
		Usr 0 00:00:00, Sys 0 00:00:00  -  Total Local Usage
	112742  -  Run Bytes Sent By Job
	535  -  Run Bytes Received By Job
	112742  -  Total Bytes Sent By Job
	535  -  Total Bytes Received By Job
	Partitionable Resources :    Usage  Request Allocated
	   Cpus                 :                 1         1
	   Disk (KB)            :      123  1024000   1932364
	   Memory (MB)          :      326     2000      2000
...
