000 (10113.000.000) 03/30 09:37:24 Job submitted from host: <128.101.221.180:9618?addrs=128.101.221.180-9618&noUDP&sock=3943_2604_3>
...
001 (10113.000.000) 03/30 09:37:44 Job executing on host: <128.101.221.182:9618?addrs=128.101.221.182-9618&noUDP&sock=3902_06a2_4>
...
006 (10113.000.000) 03/30 09:37:53 Image size of job updated: 202484
	194  -  MemoryUsage of job (MB)
	198060  -  ResidentSetSize of job (KB)
...
006 (10113.000.000) 03/30 09:42:54 Image size of job updated: 329620
	322  -  MemoryUsage of job (MB)
	329456  -  ResidentSetSize of job (KB)
...
006 (10113.000.000) 03/30 09:46:41 Image size of job updated: 731608
	322  -  MemoryUsage of job (MB)
	329456  -  ResidentSetSize of job (KB)
...
005 (10113.000.000) 03/30 09:46:42 Job terminated.
	(1) Normal termination (return value 0)
		Usr 0 00:05:16, Sys 0 00:03:00  -  Run Remote Usage
		Usr 0 00:00:00, Sys 0 00:00:00  -  Run Local Usage
		Usr 0 00:05:16, Sys 0 00:03:00  -  Total Remote Usage
		Usr 0 00:00:00, Sys 0 00:00:00  -  Total Local Usage
	77756  -  Run Bytes Sent By Job
	535  -  Run Bytes Received By Job
	77756  -  Total Bytes Sent By Job
	535  -  Total Bytes Received By Job
	Partitionable Resources :    Usage  Request Allocated
	   Cpus                 :                 1         1
	   Disk (KB)            :       89  1024000   2046398
	   Memory (MB)          :      322     2000      2000
...
