000 (10122.000.000) 03/30 09:37:29 Job submitted from host: <128.101.221.180:9618?addrs=128.101.221.180-9618&noUDP&sock=3943_2604_3>
...
001 (10122.000.000) 03/30 09:37:48 Job executing on host: <128.101.221.175:9618?addrs=128.101.221.175-9618&noUDP&sock=12916_e152_4>
...
006 (10122.000.000) 03/30 09:37:57 Image size of job updated: 179368
	174  -  MemoryUsage of job (MB)
	177416  -  ResidentSetSize of job (KB)
...
006 (10122.000.000) 03/30 09:42:58 Image size of job updated: 329876
	323  -  MemoryUsage of job (MB)
	329796  -  ResidentSetSize of job (KB)
...
006 (10122.000.000) 03/30 09:47:13 Image size of job updated: 333708
	323  -  MemoryUsage of job (MB)
	329796  -  ResidentSetSize of job (KB)
...
005 (10122.000.000) 03/30 09:47:14 Job terminated.
	(1) Normal termination (return value 0)
		Usr 0 00:05:32, Sys 0 00:03:08  -  Run Remote Usage
		Usr 0 00:00:00, Sys 0 00:00:00  -  Run Local Usage
		Usr 0 00:05:32, Sys 0 00:03:08  -  Total Remote Usage
		Usr 0 00:00:00, Sys 0 00:00:00  -  Total Local Usage
	80979  -  Run Bytes Sent By Job
	535  -  Run Bytes Received By Job
	80979  -  Total Bytes Sent By Job
	535  -  Total Bytes Received By Job
	Partitionable Resources :    Usage  Request Allocated
	   Cpus                 :                 1         1
	   Disk (KB)            :       92  1024000   1932364
	   Memory (MB)          :      323     2000      2000
...
