000 (10105.000.000) 03/30 09:37:18 Job submitted from host: <128.101.221.180:9618?addrs=128.101.221.180-9618&noUDP&sock=3943_2604_3>
...
001 (10105.000.000) 03/30 09:37:23 Job executing on host: <128.101.221.182:9618?addrs=128.101.221.182-9618&noUDP&sock=3902_06a2_4>
...
006 (10105.000.000) 03/30 09:37:32 Image size of job updated: 194912
	168  -  MemoryUsage of job (MB)
	171156  -  ResidentSetSize of job (KB)
...
006 (10105.000.000) 03/30 09:42:33 Image size of job updated: 332496
	325  -  MemoryUsage of job (MB)
	332344  -  ResidentSetSize of job (KB)
...
006 (10105.000.000) 03/30 09:44:54 Image size of job updated: 731136
	325  -  MemoryUsage of job (MB)
	332344  -  ResidentSetSize of job (KB)
...
005 (10105.000.000) 03/30 09:44:55 Job terminated.
	(1) Normal termination (return value 0)
		Usr 0 00:04:18, Sys 0 00:02:30  -  Run Remote Usage
		Usr 0 00:00:00, Sys 0 00:00:00  -  Run Local Usage
		Usr 0 00:04:18, Sys 0 00:02:30  -  Total Remote Usage
		Usr 0 00:00:00, Sys 0 00:00:00  -  Total Local Usage
	69939  -  Run Bytes Sent By Job
	535  -  Run Bytes Received By Job
	69939  -  Total Bytes Sent By Job
	535  -  Total Bytes Received By Job
	Partitionable Resources :    Usage  Request Allocated
	   Cpus                 :                 1         1
	   Disk (KB)            :       81  1024000   2046412
	   Memory (MB)          :      325     2000      2000
...
