000 (10125.000.000) 03/30 09:37:31 Job submitted from host: <128.101.221.180:9618?addrs=128.101.221.180-9618&noUDP&sock=3943_2604_3>
...
001 (10125.000.000) 03/30 09:37:50 Job executing on host: <128.101.221.175:9618?addrs=128.101.221.175-9618&noUDP&sock=12916_e152_4>
...
006 (10125.000.000) 03/30 09:37:58 Image size of job updated: 203496
	167  -  MemoryUsage of job (MB)
	170884  -  ResidentSetSize of job (KB)
...
006 (10125.000.000) 03/30 09:42:59 Image size of job updated: 329556
	322  -  MemoryUsage of job (MB)
	329316  -  ResidentSetSize of job (KB)
...
006 (10125.000.000) 03/30 09:47:50 Image size of job updated: 730256
	322  -  MemoryUsage of job (MB)
	329316  -  ResidentSetSize of job (KB)
...
005 (10125.000.000) 03/30 09:47:51 Job terminated.
	(1) Normal termination (return value 0)
		Usr 0 00:05:51, Sys 0 00:03:20  -  Run Remote Usage
		Usr 0 00:00:00, Sys 0 00:00:00  -  Run Local Usage
		Usr 0 00:05:51, Sys 0 00:03:20  -  Total Remote Usage
		Usr 0 00:00:00, Sys 0 00:00:00  -  Total Local Usage
	101014  -  Run Bytes Sent By Job
	535  -  Run Bytes Received By Job
	101014  -  Total Bytes Sent By Job
	535  -  Total Bytes Received By Job
	Partitionable Resources :    Usage  Request Allocated
	   Cpus                 :                 1         1
	   Disk (KB)            :      111  1024000   1932364
	   Memory (MB)          :      322     2000      2000
...
