000 (10101.000.000) 03/30 09:37:16 Job submitted from host: <128.101.221.180:9618?addrs=128.101.221.180-9618&noUDP&sock=3943_2604_3>
...
001 (10101.000.000) 03/30 09:37:21 Job executing on host: <128.101.221.185:9618?addrs=128.101.221.185-9618&noUDP&sock=4153619_bab1_4>
...
006 (10101.000.000) 03/30 09:37:30 Image size of job updated: 81568
	36  -  MemoryUsage of job (MB)
	36092  -  ResidentSetSize of job (KB)
...
006 (10101.000.000) 03/30 09:42:31 Image size of job updated: 419328
	322  -  MemoryUsage of job (MB)
	329668  -  ResidentSetSize of job (KB)
...
005 (10101.000.000) 03/30 09:47:31 Job terminated.
	(1) Normal termination (return value 0)
		Usr 0 00:06:41, Sys 0 00:02:15  -  Run Remote Usage
		Usr 0 00:00:00, Sys 0 00:00:00  -  Run Local Usage
		Usr 0 00:06:41, Sys 0 00:02:15  -  Total Remote Usage
		Usr 0 00:00:00, Sys 0 00:00:00  -  Total Local Usage
	89712  -  Run Bytes Sent By Job
	535  -  Run Bytes Received By Job
	89712  -  Total Bytes Sent By Job
	535  -  Total Bytes Received By Job
	Partitionable Resources :    Usage  Request Allocated
	   Cpus                 :                 1         1
	   Disk (KB)            :      100  1024000   1026724
	   Memory (MB)          :      322     2000      2000
...
