000 (10118.000.000) 03/30 09:37:27 Job submitted from host: <128.101.221.180:9618?addrs=128.101.221.180-9618&noUDP&sock=3943_2604_3>
...
001 (10118.000.000) 03/30 09:37:46 Job executing on host: <128.101.221.175:9618?addrs=128.101.221.175-9618&noUDP&sock=12916_e152_4>
...
006 (10118.000.000) 03/30 09:37:55 Image size of job updated: 186216
	175  -  MemoryUsage of job (MB)
	178852  -  ResidentSetSize of job (KB)
...
006 (10118.000.000) 03/30 09:42:55 Image size of job updated: 330308
	323  -  MemoryUsage of job (MB)
	329908  -  ResidentSetSize of job (KB)
...
006 (10118.000.000) 03/30 09:46:15 Image size of job updated: 730176
	323  -  MemoryUsage of job (MB)
	329908  -  ResidentSetSize of job (KB)
...
005 (10118.000.000) 03/30 09:46:17 Job terminated.
	(1) Normal termination (return value 0)
		Usr 0 00:05:00, Sys 0 00:02:47  -  Run Remote Usage
		Usr 0 00:00:00, Sys 0 00:00:00  -  Run Local Usage
		Usr 0 00:05:00, Sys 0 00:02:47  -  Total Remote Usage
		Usr 0 00:00:00, Sys 0 00:00:00  -  Total Local Usage
	74408  -  Run Bytes Sent By Job
	535  -  Run Bytes Received By Job
	74408  -  Total Bytes Sent By Job
	535  -  Total Bytes Received By Job
	Partitionable Resources :    Usage  Request Allocated
	   Cpus                 :                 1         1
	   Disk (KB)            :       85  1024000   1932364
	   Memory (MB)          :      323     2000      2000
...
