000 (10104.000.000) 03/30 09:37:18 Job submitted from host: <128.101.221.180:9618?addrs=128.101.221.180-9618&noUDP&sock=3943_2604_3>
...
001 (10104.000.000) 03/30 09:37:21 Job executing on host: <128.101.221.175:9618?addrs=128.101.221.175-9618&noUDP&sock=12916_e152_4>
...
006 (10104.000.000) 03/30 09:37:30 Image size of job updated: 228780
	172  -  MemoryUsage of job (MB)
	175252  -  ResidentSetSize of job (KB)
...
006 (10104.000.000) 03/30 09:42:31 Image size of job updated: 332168
	325  -  MemoryUsage of job (MB)
	332032  -  ResidentSetSize of job (KB)
...
006 (10104.000.000) 03/30 09:45:11 Image size of job updated: 730360
	325  -  MemoryUsage of job (MB)
	332032  -  ResidentSetSize of job (KB)
...
005 (10104.000.000) 03/30 09:45:13 Job terminated.
	(1) Normal termination (return value 0)
		Usr 0 00:04:26, Sys 0 00:02:34  -  Run Remote Usage
		Usr 0 00:00:00, Sys 0 00:00:00  -  Run Local Usage
		Usr 0 00:04:26, Sys 0 00:02:34  -  Total Remote Usage
		Usr 0 00:00:00, Sys 0 00:00:00  -  Total Local Usage
	77696  -  Run Bytes Sent By Job
	535  -  Run Bytes Received By Job
	77696  -  Total Bytes Sent By Job
	535  -  Total Bytes Received By Job
	Partitionable Resources :    Usage  Request Allocated
	   Cpus                 :                 1         1
	   Disk (KB)            :       89  1024000   1932368
	   Memory (MB)          :      325     2000      2000
...
