000 (10110.000.000) 03/30 09:37:22 Job submitted from host: <128.101.221.180:9618?addrs=128.101.221.180-9618&noUDP&sock=3943_2604_3>
...
001 (10110.000.000) 03/30 09:37:44 Job executing on host: <128.101.221.175:9618?addrs=128.101.221.175-9618&noUDP&sock=12916_e152_4>
...
006 (10110.000.000) 03/30 09:37:52 Image size of job updated: 173152
	163  -  MemoryUsage of job (MB)
	166320  -  ResidentSetSize of job (KB)
...
006 (10110.000.000) 03/30 09:41:28 Image size of job updated: 730324
	163  -  MemoryUsage of job (MB)
	166320  -  ResidentSetSize of job (KB)
...
005 (10110.000.000) 03/30 09:41:29 Job terminated.
	(1) Normal termination (return value 0)
		Usr 0 00:02:11, Sys 0 00:01:12  -  Run Remote Usage
		Usr 0 00:00:00, Sys 0 00:00:00  -  Run Local Usage
		Usr 0 00:02:11, Sys 0 00:01:12  -  Total Remote Usage
		Usr 0 00:00:00, Sys 0 00:00:00  -  Total Local Usage
	61450  -  Run Bytes Sent By Job
	535  -  Run Bytes Received By Job
	61450  -  Total Bytes Sent By Job
	535  -  Total Bytes Received By Job
	Partitionable Resources :    Usage  Request Allocated
	   Cpus                 :                 1         1
	   Disk (KB)            :       73  1024000   1932364
	   Memory (MB)          :      163     2000      2000
...
