000 (10123.000.000) 03/30 09:37:29 Job submitted from host: <128.101.221.180:9618?addrs=128.101.221.180-9618&noUDP&sock=3943_2604_3>
...
001 (10123.000.000) 03/30 09:37:48 Job executing on host: <128.101.221.182:9618?addrs=128.101.221.182-9618&noUDP&sock=3902_06a2_4>
...
006 (10123.000.000) 03/30 09:37:57 Image size of job updated: 199100
	173  -  MemoryUsage of job (MB)
	176340  -  ResidentSetSize of job (KB)
...
006 (10123.000.000) 03/30 09:42:58 Image size of job updated: 333100
	325  -  MemoryUsage of job (MB)
	332528  -  ResidentSetSize of job (KB)
...
006 (10123.000.000) 03/30 09:47:08 Image size of job updated: 731248
	325  -  MemoryUsage of job (MB)
	332528  -  ResidentSetSize of job (KB)
...
005 (10123.000.000) 03/30 09:47:09 Job terminated.
	(1) Normal termination (return value 0)
		Usr 0 00:05:20, Sys 0 00:03:14  -  Run Remote Usage
		Usr 0 00:00:00, Sys 0 00:00:00  -  Run Local Usage
		Usr 0 00:05:20, Sys 0 00:03:14  -  Total Remote Usage
		Usr 0 00:00:00, Sys 0 00:00:00  -  Total Local Usage
	98299  -  Run Bytes Sent By Job
	535  -  Run Bytes Received By Job
	98299  -  Total Bytes Sent By Job
	535  -  Total Bytes Received By Job
	Partitionable Resources :    Usage  Request Allocated
	   Cpus                 :                 1         1
	   Disk (KB)            :      109  1024000   2046398
	   Memory (MB)          :      325     2000      2000
...
