000 (10282.000.000) 03/30 10:26:39 Job submitted from host: <128.101.221.180:9618?addrs=128.101.221.180-9618&noUDP&sock=3943_2604_3>
...
001 (10282.000.000) 03/30 10:49:08 Job executing on host: <128.101.221.180:9618?addrs=128.101.221.180-9618&noUDP&sock=3943_2604_4>
...
006 (10282.000.000) 03/30 10:49:17 Image size of job updated: 304080
	216  -  MemoryUsage of job (MB)
	220228  -  ResidentSetSize of job (KB)
...
006 (10282.000.000) 03/30 10:52:54 Image size of job updated: 730268
	216  -  MemoryUsage of job (MB)
	220228  -  ResidentSetSize of job (KB)
...
005 (10282.000.000) 03/30 10:52:55 Job terminated.
	(1) Normal termination (return value 0)
		Usr 0 00:02:24, Sys 0 00:00:48  -  Run Remote Usage
		Usr 0 00:00:00, Sys 0 00:00:00  -  Run Local Usage
		Usr 0 00:02:24, Sys 0 00:00:48  -  Total Remote Usage
		Usr 0 00:00:00, Sys 0 00:00:00  -  Total Local Usage
	81137  -  Run Bytes Sent By Job
	537  -  Run Bytes Received By Job
	81137  -  Total Bytes Sent By Job
	537  -  Total Bytes Received By Job
	Partitionable Resources :    Usage  Request Allocated
	   Cpus                 :                 1         1
	   Disk (KB)            :       92  1024000   1026265
	   Memory (MB)          :      216     2000      2000
...
