000 (10286.000.000) 03/30 10:26:40 Job submitted from host: <128.101.221.180:9618?addrs=128.101.221.180-9618&noUDP&sock=3943_2604_3>
...
001 (10286.000.000) 03/30 10:52:33 Job executing on host: <128.101.221.182:9618?addrs=128.101.221.182-9618&noUDP&sock=3902_06a2_4>
...
006 (10286.000.000) 03/30 10:52:41 Image size of job updated: 200720
	136  -  MemoryUsage of job (MB)
	138896  -  ResidentSetSize of job (KB)
...
006 (10286.000.000) 03/30 10:57:41 Image size of job updated: 332516
	325  -  MemoryUsage of job (MB)
	332332  -  ResidentSetSize of job (KB)
...
006 (10286.000.000) 03/30 11:00:49 Image size of job updated: 731436
	325  -  MemoryUsage of job (MB)
	332332  -  ResidentSetSize of job (KB)
...
005 (10286.000.000) 03/30 11:00:50 Job terminated.
	(1) Normal termination (return value 0)
		Usr 0 00:04:51, Sys 0 00:02:48  -  Run Remote Usage
		Usr 0 00:00:00, Sys 0 00:00:00  -  Run Local Usage
		Usr 0 00:04:51, Sys 0 00:02:48  -  Total Remote Usage
		Usr 0 00:00:00, Sys 0 00:00:00  -  Total Local Usage
	77763  -  Run Bytes Sent By Job
	537  -  Run Bytes Received By Job
	77763  -  Total Bytes Sent By Job
	537  -  Total Bytes Received By Job
	Partitionable Resources :    Usage  Request Allocated
	   Cpus                 :                 1         1
	   Disk (KB)            :       89  1024000   2046138
	   Memory (MB)          :      325     2000      2000
...
