000 (10288.000.000) 03/30 10:26:41 Job submitted from host: <128.101.221.180:9618?addrs=128.101.221.180-9618&noUDP&sock=3943_2604_3>
...
001 (10288.000.000) 03/30 10:52:57 Job executing on host: <128.101.221.180:9618?addrs=128.101.221.180-9618&noUDP&sock=3943_2604_4>
...
006 (10288.000.000) 03/30 10:53:06 Image size of job updated: 348400
	254  -  MemoryUsage of job (MB)
	259516  -  ResidentSetSize of job (KB)
...
006 (10288.000.000) 03/30 10:58:07 Image size of job updated: 429960
	326  -  MemoryUsage of job (MB)
	333324  -  ResidentSetSize of job (KB)
...
006 (10288.000.000) 03/30 10:58:41 Image size of job updated: 730632
	326  -  MemoryUsage of job (MB)
	333324  -  ResidentSetSize of job (KB)
...
005 (10288.000.000) 03/30 10:58:43 Job terminated.
	(1) Normal termination (return value 0)
		Usr 0 00:03:40, Sys 0 00:01:14  -  Run Remote Usage
		Usr 0 00:00:00, Sys 0 00:00:00  -  Run Local Usage
		Usr 0 00:03:40, Sys 0 00:01:14  -  Total Remote Usage
		Usr 0 00:00:00, Sys 0 00:00:00  -  Total Local Usage
	103125  -  Run Bytes Sent By Job
	537  -  Run Bytes Received By Job
	103125  -  Total Bytes Sent By Job
	537  -  Total Bytes Received By Job
	Partitionable Resources :    Usage  Request Allocated
	   Cpus                 :                 1         1
	   Disk (KB)            :      114  1024000   1026265
	   Memory (MB)          :      326     2000      2000
...
