000 (10280.000.000) 03/30 10:26:37 Job submitted from host: <128.101.221.180:9618?addrs=128.101.221.180-9618&noUDP&sock=3943_2604_3>
...
001 (10280.000.000) 03/30 10:49:50 Job executing on host: <128.101.221.175:9618?addrs=128.101.221.175-9618&noUDP&sock=12916_e152_4>
...
006 (10280.000.000) 03/30 10:49:58 Image size of job updated: 227224
	156  -  MemoryUsage of job (MB)
	159488  -  ResidentSetSize of job (KB)
...
006 (10280.000.000) 03/30 10:54:58 Image size of job updated: 332476
	324  -  MemoryUsage of job (MB)
	331664  -  ResidentSetSize of job (KB)
...
006 (10280.000.000) 03/30 10:57:14 Image size of job updated: 730276
	324  -  MemoryUsage of job (MB)
	331664  -  ResidentSetSize of job (KB)
...
005 (10280.000.000) 03/30 10:57:14 Job terminated.
	(1) Normal termination (return value 0)
		Usr 0 00:04:27, Sys 0 00:02:24  -  Run Remote Usage
		Usr 0 00:00:00, Sys 0 00:00:00  -  Run Local Usage
		Usr 0 00:04:27, Sys 0 00:02:24  -  Total Remote Usage
		Usr 0 00:00:00, Sys 0 00:00:00  -  Total Local Usage
	83501  -  Run Bytes Sent By Job
	537  -  Run Bytes Received By Job
	83501  -  Total Bytes Sent By Job
	537  -  Total Bytes Received By Job
	Partitionable Resources :    Usage  Request Allocated
	   Cpus                 :                 1         1
	   Disk (KB)            :       94  1024000   1932186
	   Memory (MB)          :      324     2000      2000
...
