000 (10278.000.000) 03/30 10:26:36 Job submitted from host: <128.101.221.180:9618?addrs=128.101.221.180-9618&noUDP&sock=3943_2604_3>
...
001 (10278.000.000) 03/30 10:47:46 Job executing on host: <128.101.221.182:9618?addrs=128.101.221.182-9618&noUDP&sock=3902_06a2_4>
...
006 (10278.000.000) 03/30 10:47:54 Image size of job updated: 182056
	174  -  MemoryUsage of job (MB)
	177616  -  ResidentSetSize of job (KB)
...
006 (10278.000.000) 03/30 10:52:54 Image size of job updated: 329868
	322  -  MemoryUsage of job (MB)
	329692  -  ResidentSetSize of job (KB)
...
006 (10278.000.000) 03/30 10:57:55 Image size of job updated: 333468
	326  -  MemoryUsage of job (MB)
	333004  -  ResidentSetSize of job (KB)
...
005 (10278.000.000) 03/30 10:58:26 Job terminated.
	(1) Normal termination (return value 0)
		Usr 0 00:06:10, Sys 0 00:03:41  -  Run Remote Usage
		Usr 0 00:00:00, Sys 0 00:00:00  -  Run Local Usage
		Usr 0 00:06:10, Sys 0 00:03:41  -  Total Remote Usage
		Usr 0 00:00:00, Sys 0 00:00:00  -  Total Local Usage
	100931  -  Run Bytes Sent By Job
	537  -  Run Bytes Received By Job
	100931  -  Total Bytes Sent By Job
	537  -  Total Bytes Received By Job
	Partitionable Resources :    Usage  Request Allocated
	   Cpus                 :                 1         1
	   Disk (KB)            :      111  1024000   2046138
	   Memory (MB)          :      326     2000      2000
...
