000 (10272.000.000) 03/30 10:26:34 Job submitted from host: <128.101.221.180:9618?addrs=128.101.221.180-9618&noUDP&sock=3943_2604_3>
...
001 (10272.000.000) 03/30 10:47:43 Job executing on host: <128.101.221.182:9618?addrs=128.101.221.182-9618&noUDP&sock=3902_06a2_4>
...
006 (10272.000.000) 03/30 10:47:52 Image size of job updated: 197364
	191  -  MemoryUsage of job (MB)
	195308  -  ResidentSetSize of job (KB)
...
006 (10272.000.000) 03/30 10:52:53 Image size of job updated: 333544
	326  -  MemoryUsage of job (MB)
	333352  -  ResidentSetSize of job (KB)
...
006 (10272.000.000) 03/30 10:57:46 Image size of job updated: 733048
	326  -  MemoryUsage of job (MB)
	333352  -  ResidentSetSize of job (KB)
...
005 (10272.000.000) 03/30 10:57:47 Job terminated.
	(1) Normal termination (return value 0)
		Usr 0 00:05:56, Sys 0 00:03:22  -  Run Remote Usage
		Usr 0 00:00:00, Sys 0 00:00:00  -  Run Local Usage
		Usr 0 00:05:56, Sys 0 00:03:22  -  Total Remote Usage
		Usr 0 00:00:00, Sys 0 00:00:00  -  Total Local Usage
	98306  -  Run Bytes Sent By Job
	537  -  Run Bytes Received By Job
	98306  -  Total Bytes Sent By Job
	537  -  Total Bytes Received By Job
	Partitionable Resources :    Usage  Request Allocated
	   Cpus                 :                 1         1
	   Disk (KB)            :      109  1024000   2046140
	   Memory (MB)          :      326     2000      2000
...
