000 (10289.000.000) 03/30 10:26:42 Job submitted from host: <128.101.221.180:9618?addrs=128.101.221.180-9618&noUDP&sock=3943_2604_3>
...
001 (10289.000.000) 03/30 10:53:02 Job executing on host: <128.101.221.175:9618?addrs=128.101.221.175-9618&noUDP&sock=12916_e152_4>
...
006 (10289.000.000) 03/30 10:53:11 Image size of job updated: 229748
	195  -  MemoryUsage of job (MB)
	198988  -  ResidentSetSize of job (KB)
...
006 (10289.000.000) 03/30 10:58:12 Image size of job updated: 330280
	323  -  MemoryUsage of job (MB)
	330160  -  ResidentSetSize of job (KB)
...
006 (10289.000.000) 03/30 11:03:13 Image size of job updated: 332080
	324  -  MemoryUsage of job (MB)
	331736  -  ResidentSetSize of job (KB)
...
005 (10289.000.000) 03/30 11:03:28 Job terminated.
	(1) Normal termination (return value 0)
		Usr 0 00:06:14, Sys 0 00:03:27  -  Run Remote Usage
		Usr 0 00:00:00, Sys 0 00:00:00  -  Run Local Usage
		Usr 0 00:06:14, Sys 0 00:03:27  -  Total Remote Usage
		Usr 0 00:00:00, Sys 0 00:00:00  -  Total Local Usage
	89718  -  Run Bytes Sent By Job
	537  -  Run Bytes Received By Job
	89718  -  Total Bytes Sent By Job
	537  -  Total Bytes Received By Job
	Partitionable Resources :    Usage  Request Allocated
	   Cpus                 :                 1         1
	   Disk (KB)            :      100  1024000   1932172
	   Memory (MB)          :      324     2000      2000
...
