000 (10271.000.000) 03/30 10:26:33 Job submitted from host: <128.101.221.180:9618?addrs=128.101.221.180-9618&noUDP&sock=3943_2604_3>
...
001 (10271.000.000) 03/30 10:47:43 Job executing on host: <128.101.221.182:9618?addrs=128.101.221.182-9618&noUDP&sock=3902_06a2_4>
...
006 (10271.000.000) 03/30 10:47:51 Image size of job updated: 180416
	174  -  MemoryUsage of job (MB)
	177968  -  ResidentSetSize of job (KB)
...
006 (10271.000.000) 03/30 10:52:51 Image size of job updated: 330896
	323  -  MemoryUsage of job (MB)
	330668  -  ResidentSetSize of job (KB)
...
006 (10271.000.000) 03/30 10:57:08 Image size of job updated: 731804
	323  -  MemoryUsage of job (MB)
	330668  -  ResidentSetSize of job (KB)
...
005 (10271.000.000) 03/30 10:57:09 Job terminated.
	(1) Normal termination (return value 0)
		Usr 0 00:05:32, Sys 0 00:03:12  -  Run Remote Usage
		Usr 0 00:00:00, Sys 0 00:00:00  -  Run Local Usage
		Usr 0 00:05:32, Sys 0 00:03:12  -  Total Remote Usage
		Usr 0 00:00:00, Sys 0 00:00:00  -  Total Local Usage
	80987  -  Run Bytes Sent By Job
	537  -  Run Bytes Received By Job
	80987  -  Total Bytes Sent By Job
	537  -  Total Bytes Received By Job
	Partitionable Resources :    Usage  Request Allocated
	   Cpus                 :                 1         1
	   Disk (KB)            :       92  1024000   2046140
	   Memory (MB)          :      323     2000      2000
...
