000 (10290.000.000) 03/30 10:26:42 Job submitted from host: <128.101.221.180:9618?addrs=128.101.221.180-9618&noUDP&sock=3943_2604_3>
...
001 (10290.000.000) 03/30 10:53:02 Job executing on host: <128.101.221.175:9618?addrs=128.101.221.175-9618&noUDP&sock=12916_e152_4>
...
006 (10290.000.000) 03/30 10:53:11 Image size of job updated: 248248
	198  -  MemoryUsage of job (MB)
	201900  -  ResidentSetSize of job (KB)
...
006 (10290.000.000) 03/30 10:58:12 Image size of job updated: 333360
	326  -  MemoryUsage of job (MB)
	332964  -  ResidentSetSize of job (KB)
...
005 (10290.000.000) 03/30 11:01:26 Job terminated.
	(1) Normal termination (return value 0)
		Usr 0 00:05:00, Sys 0 00:02:48  -  Run Remote Usage
		Usr 0 00:00:00, Sys 0 00:00:00  -  Run Local Usage
		Usr 0 00:05:00, Sys 0 00:02:48  -  Total Remote Usage
		Usr 0 00:00:00, Sys 0 00:00:00  -  Total Local Usage
	84569  -  Run Bytes Sent By Job
	537  -  Run Bytes Received By Job
	84569  -  Total Bytes Sent By Job
	537  -  Total Bytes Received By Job
	Partitionable Resources :    Usage  Request Allocated
	   Cpus                 :                 1         1
	   Disk (KB)            :       95  1024000   1932172
	   Memory (MB)          :      326     2000      2000
...
