000 (10283.000.000) 03/30 10:26:39 Job submitted from host: <128.101.221.180:9618?addrs=128.101.221.180-9618&noUDP&sock=3943_2604_3>
...
001 (10283.000.000) 03/30 10:50:39 Job executing on host: <128.101.221.182:9618?addrs=128.101.221.182-9618&noUDP&sock=3902_06a2_4>
...
006 (10283.000.000) 03/30 10:50:47 Image size of job updated: 228456
	157  -  MemoryUsage of job (MB)
	160464  -  ResidentSetSize of job (KB)
...
006 (10283.000.000) 03/30 10:55:47 Image size of job updated: 332728
	325  -  MemoryUsage of job (MB)
	332396  -  ResidentSetSize of job (KB)
...
006 (10283.000.000) 03/30 10:59:26 Image size of job updated: 730504
	325  -  MemoryUsage of job (MB)
	332396  -  ResidentSetSize of job (KB)
...
005 (10283.000.000) 03/30 10:59:27 Job terminated.
	(1) Normal termination (return value 0)
		Usr 0 00:05:14, Sys 0 00:02:56  -  Run Remote Usage
		Usr 0 00:00:00, Sys 0 00:00:00  -  Run Local Usage
		Usr 0 00:05:14, Sys 0 00:02:56  -  Total Remote Usage
		Usr 0 00:00:00, Sys 0 00:00:00  -  Total Local Usage
	86071  -  Run Bytes Sent By Job
	537  -  Run Bytes Received By Job
	86071  -  Total Bytes Sent By Job
	537  -  Total Bytes Received By Job
	Partitionable Resources :    Usage  Request Allocated
	   Cpus                 :                 1         1
	   Disk (KB)            :       97  1024000   2046140
	   Memory (MB)          :      325     2000      2000
...
