000 (10281.000.000) 03/30 10:26:38 Job submitted from host: <128.101.221.180:9618?addrs=128.101.221.180-9618&noUDP&sock=3943_2604_3>
...
001 (10281.000.000) 03/30 10:49:08 Job executing on host: <128.101.221.175:9618?addrs=128.101.221.175-9618&noUDP&sock=12916_e152_4>
...
006 (10281.000.000) 03/30 10:49:17 Image size of job updated: 264620
	185  -  MemoryUsage of job (MB)
	188744  -  ResidentSetSize of job (KB)
...
006 (10281.000.000) 03/30 10:54:18 Image size of job updated: 329488
	322  -  MemoryUsage of job (MB)
	329436  -  ResidentSetSize of job (KB)
...
006 (10281.000.000) 03/30 10:57:06 Image size of job updated: 714616
	322  -  MemoryUsage of job (MB)
	329436  -  ResidentSetSize of job (KB)
...
005 (10281.000.000) 03/30 10:57:08 Job terminated.
	(1) Normal termination (return value 0)
		Usr 0 00:04:40, Sys 0 00:02:42  -  Run Remote Usage
		Usr 0 00:00:00, Sys 0 00:00:00  -  Run Local Usage
		Usr 0 00:04:40, Sys 0 00:02:42  -  Total Remote Usage
		Usr 0 00:00:00, Sys 0 00:00:00  -  Total Local Usage
	74415  -  Run Bytes Sent By Job
	537  -  Run Bytes Received By Job
	74415  -  Total Bytes Sent By Job
	537  -  Total Bytes Received By Job
	Partitionable Resources :    Usage  Request Allocated
	   Cpus                 :                 1         1
	   Disk (KB)            :       85  1024000   1932188
	   Memory (MB)          :      322     2000      2000
...
