000 (10273.000.000) 03/30 10:26:34 Job submitted from host: <128.101.221.180:9618?addrs=128.101.221.180-9618&noUDP&sock=3943_2604_3>
...
001 (10273.000.000) 03/30 10:47:43 Job executing on host: <128.101.221.182:9618?addrs=128.101.221.182-9618&noUDP&sock=3902_06a2_4>
...
006 (10273.000.000) 03/30 10:47:52 Image size of job updated: 197764
	192  -  MemoryUsage of job (MB)
	196124  -  ResidentSetSize of job (KB)
...
006 (10273.000.000) 03/30 10:52:53 Image size of job updated: 332784
	325  -  MemoryUsage of job (MB)
	332540  -  ResidentSetSize of job (KB)
...
006 (10273.000.000) 03/30 10:55:22 Image size of job updated: 730432
	325  -  MemoryUsage of job (MB)
	332540  -  ResidentSetSize of job (KB)
...
005 (10273.000.000) 03/30 10:55:23 Job terminated.
	(1) Normal termination (return value 0)
		Usr 0 00:04:26, Sys 0 00:02:38  -  Run Remote Usage
		Usr 0 00:00:00, Sys 0 00:00:00  -  Run Local Usage
		Usr 0 00:04:26, Sys 0 00:02:38  -  Total Remote Usage
		Usr 0 00:00:00, Sys 0 00:00:00  -  Total Local Usage
	81236  -  Run Bytes Sent By Job
	537  -  Run Bytes Received By Job
	81236  -  Total Bytes Sent By Job
	537  -  Total Bytes Received By Job
	Partitionable Resources :    Usage  Request Allocated
	   Cpus                 :                 1         1
	   Disk (KB)            :       92  1024000   2046140
	   Memory (MB)          :      325     2000      2000
...
