000 (10274.000.000) 03/30 10:26:34 Job submitted from host: <128.101.221.180:9618?addrs=128.101.221.180-9618&noUDP&sock=3943_2604_3>
...
001 (10274.000.000) 03/30 10:47:43 Job executing on host: <128.101.221.182:9618?addrs=128.101.221.182-9618&noUDP&sock=3902_06a2_4>
...
006 (10274.000.000) 03/30 10:47:52 Image size of job updated: 202828
	197  -  MemoryUsage of job (MB)
	201632  -  ResidentSetSize of job (KB)
...
006 (10274.000.000) 03/30 10:52:53 Image size of job updated: 329796
	322  -  MemoryUsage of job (MB)
	329640  -  ResidentSetSize of job (KB)
...
006 (10274.000.000) 03/30 10:57:11 Image size of job updated: 730696
	322  -  MemoryUsage of job (MB)
	329640  -  ResidentSetSize of job (KB)
...
005 (10274.000.000) 03/30 10:57:12 Job terminated.
	(1) Normal termination (return value 0)
		Usr 0 00:05:25, Sys 0 00:03:17  -  Run Remote Usage
		Usr 0 00:00:00, Sys 0 00:00:00  -  Run Local Usage
		Usr 0 00:05:25, Sys 0 00:03:17  -  Total Remote Usage
		Usr 0 00:00:00, Sys 0 00:00:00  -  Total Local Usage
	101022  -  Run Bytes Sent By Job
	537  -  Run Bytes Received By Job
	101022  -  Total Bytes Sent By Job
	537  -  Total Bytes Received By Job
	Partitionable Resources :    Usage  Request Allocated
	   Cpus                 :                 1         1
	   Disk (KB)            :      111  1024000   2046138
	   Memory (MB)          :      322     2000      2000
...
