000 (10269.000.000) 03/30 10:26:32 Job submitted from host: <128.101.221.180:9618?addrs=128.101.221.180-9618&noUDP&sock=3943_2604_3>
...
001 (10269.000.000) 03/30 10:47:41 Job executing on host: <128.101.221.182:9618?addrs=128.101.221.182-9618&noUDP&sock=3902_06a2_4>
...
006 (10269.000.000) 03/30 10:47:50 Image size of job updated: 181772
	173  -  MemoryUsage of job (MB)
	176408  -  ResidentSetSize of job (KB)
...
005 (10269.000.000) 03/30 10:50:37 Job terminated.
	(1) Normal termination (return value 0)
		Usr 0 00:01:45, Sys 0 00:00:55  -  Run Remote Usage
		Usr 0 00:00:00, Sys 0 00:00:00  -  Run Local Usage
		Usr 0 00:01:45, Sys 0 00:00:55  -  Total Remote Usage
		Usr 0 00:00:00, Sys 0 00:00:00  -  Total Local Usage
	56709  -  Run Bytes Sent By Job
	537  -  Run Bytes Received By Job
	56709  -  Total Bytes Sent By Job
	537  -  Total Bytes Received By Job
	Partitionable Resources :    Usage  Request Allocated
	   Cpus                 :                 1         1
	   Disk (KB)            :       68  1024000   2046140
	   Memory (MB)          :      173     2000      2000
...
