000 (10285.000.000) 03/30 10:26:40 Job submitted from host: <128.101.221.180:9618?addrs=128.101.221.180-9618&noUDP&sock=3943_2604_3>
...
001 (10285.000.000) 03/30 10:52:19 Job executing on host: <128.101.221.175:9618?addrs=128.101.221.175-9618&noUDP&sock=12916_e152_4>
...
006 (10285.000.000) 03/30 10:52:28 Image size of job updated: 251160
	173  -  MemoryUsage of job (MB)
	176772  -  ResidentSetSize of job (KB)
...
006 (10285.000.000) 03/30 10:57:29 Image size of job updated: 332600
	325  -  MemoryUsage of job (MB)
	332512  -  ResidentSetSize of job (KB)
...
006 (10285.000.000) 03/30 10:58:39 Image size of job updated: 732096
	325  -  MemoryUsage of job (MB)
	332512  -  ResidentSetSize of job (KB)
...
005 (10285.000.000) 03/30 10:58:40 Job terminated.
	(1) Normal termination (return value 0)
		Usr 0 00:03:42, Sys 0 00:02:06  -  Run Remote Usage
		Usr 0 00:00:00, Sys 0 00:00:00  -  Run Local Usage
		Usr 0 00:03:42, Sys 0 00:02:06  -  Total Remote Usage
		Usr 0 00:00:00, Sys 0 00:00:00  -  Total Local Usage
	76539  -  Run Bytes Sent By Job
	537  -  Run Bytes Received By Job
	76539  -  Total Bytes Sent By Job
	537  -  Total Bytes Received By Job
	Partitionable Resources :    Usage  Request Allocated
	   Cpus                 :                 1         1
	   Disk (KB)            :       88  1024000   1932176
	   Memory (MB)          :      325     2000      2000
...
