000 (10287.000.000) 03/30 10:26:41 Job submitted from host: <128.101.221.180:9618?addrs=128.101.221.180-9618&noUDP&sock=3943_2604_3>
...
001 (10287.000.000) 03/30 10:52:43 Job executing on host: <128.101.221.187:9618?addrs=128.101.221.187-9618&noUDP&sock=3336463_ae6f_4>
...
006 (10287.000.000) 03/30 10:52:51 Image size of job updated: 17524
	7  -  MemoryUsage of job (MB)
	6628  -  ResidentSetSize of job (KB)
...
006 (10287.000.000) 03/30 10:56:44 Image size of job updated: 429232
	7  -  MemoryUsage of job (MB)
	6628  -  ResidentSetSize of job (KB)
...
005 (10287.000.000) 03/30 10:56:45 Job terminated.
	(1) Normal termination (return value 0)
		Usr 0 00:02:29, Sys 0 00:00:47  -  Run Remote Usage
		Usr 0 00:00:00, Sys 0 00:00:00  -  Run Local Usage
		Usr 0 00:02:29, Sys 0 00:00:47  -  Total Remote Usage
		Usr 0 00:00:00, Sys 0 00:00:00  -  Total Local Usage
	61458  -  Run Bytes Sent By Job
	537  -  Run Bytes Received By Job
	61458  -  Total Bytes Sent By Job
	537  -  Total Bytes Received By Job
	Partitionable Resources :    Usage  Request Allocated
	   Cpus                 :                 1         1
	   Disk (KB)            :       73  1024000   1028732
	   Memory (MB)          :        7     2000      2000
...
