000 (10292.000.000) 03/30 10:26:43 Job submitted from host: <128.101.221.180:9618?addrs=128.101.221.180-9618&noUDP&sock=3943_2604_3>
...
001 (10292.000.000) 03/30 10:53:45 Job executing on host: <128.101.221.175:9618?addrs=128.101.221.175-9618&noUDP&sock=12916_e152_4>
...
006 (10292.000.000) 03/30 10:53:54 Image size of job updated: 227164
	182  -  MemoryUsage of job (MB)
	185524  -  ResidentSetSize of job (KB)
...
006 (10292.000.000) 03/30 10:58:55 Image size of job updated: 332968
	326  -  MemoryUsage of job (MB)
	332956  -  ResidentSetSize of job (KB)
...
006 (10292.000.000) 03/30 11:02:14 Image size of job updated: 730752
	326  -  MemoryUsage of job (MB)
	332956  -  ResidentSetSize of job (KB)
...
005 (10292.000.000) 03/30 11:02:15 Job terminated.
	(1) Normal termination (return value 0)
		Usr 0 00:04:53, Sys 0 00:02:58  -  Run Remote Usage
		Usr 0 00:00:00, Sys 0 00:00:00  -  Run Local Usage
		Usr 0 00:04:53, Sys 0 00:02:58  -  Total Remote Usage
		Usr 0 00:00:00, Sys 0 00:00:00  -  Total Local Usage
	80706  -  Run Bytes Sent By Job
	537  -  Run Bytes Received By Job
	80706  -  Total Bytes Sent By Job
	537  -  Total Bytes Received By Job
	Partitionable Resources :    Usage  Request Allocated
	   Cpus                 :                 1         1
	   Disk (KB)            :       92  1024000   1932168
	   Memory (MB)          :      326     2000      2000
...
