000 (10291.000.000) 03/30 10:26:43 Job submitted from host: <128.101.221.180:9618?addrs=128.101.221.180-9618&noUDP&sock=3943_2604_3>
...
001 (10291.000.000) 03/30 10:53:45 Job executing on host: <128.101.221.175:9618?addrs=128.101.221.175-9618&noUDP&sock=12916_e152_4>
...
006 (10291.000.000) 03/30 10:53:54 Image size of job updated: 213776
	176  -  MemoryUsage of job (MB)
	179332  -  ResidentSetSize of job (KB)
...
006 (10291.000.000) 03/30 10:58:31 Image size of job updated: 730400
	176  -  MemoryUsage of job (MB)
	179332  -  ResidentSetSize of job (KB)
...
005 (10291.000.000) 03/30 10:58:32 Job terminated.
	(1) Normal termination (return value 0)
		Usr 0 00:02:54, Sys 0 00:01:31  -  Run Remote Usage
		Usr 0 00:00:00, Sys 0 00:00:00  -  Run Local Usage
		Usr 0 00:02:54, Sys 0 00:01:31  -  Total Remote Usage
		Usr 0 00:00:00, Sys 0 00:00:00  -  Total Local Usage
	58417  -  Run Bytes Sent By Job
	537  -  Run Bytes Received By Job
	58417  -  Total Bytes Sent By Job
	537  -  Total Bytes Received By Job
	Partitionable Resources :    Usage  Request Allocated
	   Cpus                 :                 1         1
	   Disk (KB)            :       70  1024000   1932170
	   Memory (MB)          :      176     2000      2000
...
