000 (10277.000.000) 03/30 10:26:36 Job submitted from host: <128.101.221.180:9618?addrs=128.101.221.180-9618&noUDP&sock=3943_2604_3>
...
001 (10277.000.000) 03/30 10:47:46 Job executing on host: <128.101.221.182:9618?addrs=128.101.221.182-9618&noUDP&sock=3902_06a2_4>
...
006 (10277.000.000) 03/30 10:47:54 Image size of job updated: 187648
	174  -  MemoryUsage of job (MB)
	177752  -  ResidentSetSize of job (KB)
...
006 (10277.000.000) 03/30 10:52:54 Image size of job updated: 333384
	326  -  MemoryUsage of job (MB)
	332976  -  ResidentSetSize of job (KB)
...
006 (10277.000.000) 03/30 10:57:21 Image size of job updated: 731980
	326  -  MemoryUsage of job (MB)
	332976  -  ResidentSetSize of job (KB)
...
005 (10277.000.000) 03/30 10:57:22 Job terminated.
	(1) Normal termination (return value 0)
		Usr 0 00:05:40, Sys 0 00:03:16  -  Run Remote Usage
		Usr 0 00:00:00, Sys 0 00:00:00  -  Run Local Usage
		Usr 0 00:05:40, Sys 0 00:03:16  -  Total Remote Usage
		Usr 0 00:00:00, Sys 0 00:00:00  -  Total Local Usage
	112750  -  Run Bytes Sent By Job
	537  -  Run Bytes Received By Job
	112750  -  Total Bytes Sent By Job
	537  -  Total Bytes Received By Job
	Partitionable Resources :    Usage  Request Allocated
	   Cpus                 :                 1         1
	   Disk (KB)            :      123  1024000   2046138
	   Memory (MB)          :      326     2000      2000
...
