000 (10279.000.000) 03/30 10:26:37 Job submitted from host: <128.101.221.180:9618?addrs=128.101.221.180-9618&noUDP&sock=3943_2604_3>
...
001 (10279.000.000) 03/30 10:47:46 Job executing on host: <128.101.221.182:9618?addrs=128.101.221.182-9618&noUDP&sock=3902_06a2_4>
...
006 (10279.000.000) 03/30 10:47:54 Image size of job updated: 181900
	174  -  MemoryUsage of job (MB)
	177464  -  ResidentSetSize of job (KB)
...
005 (10279.000.000) 03/30 10:52:31 Job terminated.
	(1) Normal termination (return value 0)
		Usr 0 00:02:47, Sys 0 00:01:37  -  Run Remote Usage
		Usr 0 00:00:00, Sys 0 00:00:00  -  Run Local Usage
		Usr 0 00:02:47, Sys 0 00:01:37  -  Total Remote Usage
		Usr 0 00:00:00, Sys 0 00:00:00  -  Total Local Usage
	70609  -  Run Bytes Sent By Job
	537  -  Run Bytes Received By Job
	70609  -  Total Bytes Sent By Job
	537  -  Total Bytes Received By Job
	Partitionable Resources :    Usage  Request Allocated
	   Cpus                 :                 1         1
	   Disk (KB)            :       82  1024000   2046138
	   Memory (MB)          :      174     2000      2000
...
