000 (5745.000.000) 08/06 22:53:05 Job submitted from host: <128.101.221.176:9618?addrs=128.101.221.176-9618&noUDP&sock=11541_65e5_3>
...
001 (5745.000.000) 08/06 22:53:12 Job executing on host: <128.101.221.181:9618?addrs=128.101.221.181-9618&noUDP&sock=11138_f93a_4>
...
006 (5745.000.000) 08/06 22:53:21 Image size of job updated: 281132
	200  -  MemoryUsage of job (MB)
	204192  -  ResidentSetSize of job (KB)
...
006 (5745.000.000) 08/06 22:58:23 Image size of job updated: 421624
	321  -  MemoryUsage of job (MB)
	328516  -  ResidentSetSize of job (KB)
...
005 (5745.000.000) 08/06 23:07:30 Job terminated.
	(1) Normal termination (return value 0)
		Usr 0 00:01:11, Sys 0 00:00:40  -  Run Remote Usage
		Usr 0 00:00:00, Sys 0 00:00:00  -  Run Local Usage
		Usr 0 00:01:11, Sys 0 00:00:40  -  Total Remote Usage
		Usr 0 00:00:00, Sys 0 00:00:00  -  Total Local Usage
	23458  -  Run Bytes Sent By Job
	567  -  Run Bytes Received By Job
	23458  -  Total Bytes Sent By Job
	567  -  Total Bytes Received By Job
	Partitionable Resources :    Usage  Request Allocated
	   Cpus                 :                 1         1
	   Disk (KB)            :       35  1024000   1865840
	   Memory (MB)          :      321     2000      2000
...
