000 (5779.000.000) 08/06 22:53:19 Job submitted from host: <128.101.221.176:9618?addrs=128.101.221.176-9618&noUDP&sock=11541_65e5_3>
...
001 (5779.000.000) 08/06 22:53:42 Job executing on host: <128.101.221.194:9618?addrs=128.101.221.194-9618&noUDP&sock=12021_e4fa_4>
...
006 (5779.000.000) 08/06 22:53:51 Image size of job updated: 81356
	38  -  MemoryUsage of job (MB)
	38260  -  ResidentSetSize of job (KB)
...
006 (5779.000.000) 08/06 22:58:52 Image size of job updated: 421036
	321  -  MemoryUsage of job (MB)
	328216  -  ResidentSetSize of job (KB)
...
005 (5779.000.000) 08/06 23:14:48 Job terminated.
	(1) Normal termination (return value 0)
		Usr 0 00:01:28, Sys 0 00:00:52  -  Run Remote Usage
		Usr 0 00:00:00, Sys 0 00:00:00  -  Run Local Usage
		Usr 0 00:01:28, Sys 0 00:00:52  -  Total Remote Usage
		Usr 0 00:00:00, Sys 0 00:00:00  -  Total Local Usage
	24162  -  Run Bytes Sent By Job
	567  -  Run Bytes Received By Job
	24162  -  Total Bytes Sent By Job
	567  -  Total Bytes Received By Job
	Partitionable Resources :    Usage  Request Allocated
	   Cpus                 :                 1         1
	   Disk (KB)            :       35  1024000   4009151
	   Memory (MB)          :      321     2000      2000
...
