000 (5778.000.000) 08/06 22:53:19 Job submitted from host: <128.101.221.176:9618?addrs=128.101.221.176-9618&noUDP&sock=11541_65e5_3>
...
001 (5778.000.000) 08/06 22:53:39 Job executing on host: <128.101.220.155:9618?addrs=128.101.220.155-9618&noUDP&sock=7228_b309_4>
...
006 (5778.000.000) 08/06 22:53:47 Image size of job updated: 73728
	42  -  MemoryUsage of job (MB)
	42424  -  ResidentSetSize of job (KB)
...
006 (5778.000.000) 08/06 22:58:47 Image size of job updated: 421948
	322  -  MemoryUsage of job (MB)
	328912  -  ResidentSetSize of job (KB)
...
006 (5778.000.000) 08/06 23:03:48 Image size of job updated: 421948
	322  -  MemoryUsage of job (MB)
	329000  -  ResidentSetSize of job (KB)
...
005 (5778.000.000) 08/06 23:14:36 Job terminated.
	(1) Normal termination (return value 0)
		Usr 0 00:01:35, Sys 0 00:00:57  -  Run Remote Usage
		Usr 0 00:00:00, Sys 0 00:00:00  -  Run Local Usage
		Usr 0 00:01:35, Sys 0 00:00:57  -  Total Remote Usage
		Usr 0 00:00:00, Sys 0 00:00:00  -  Total Local Usage
	24627  -  Run Bytes Sent By Job
	567  -  Run Bytes Received By Job
	24627  -  Total Bytes Sent By Job
	567  -  Total Bytes Received By Job
	Partitionable Resources :    Usage  Request Allocated
	   Cpus                 :                 1         1
	   Disk (KB)            :       36  1024000   4031859
	   Memory (MB)          :      322     2000      2000
...
