000 (5789.000.000) 08/06 22:53:23 Job submitted from host: <128.101.221.176:9618?addrs=128.101.221.176-9618&noUDP&sock=11541_65e5_3>
...
001 (5789.000.000) 08/06 23:11:19 Job executing on host: <128.101.220.160:9618?addrs=128.101.220.160-9618&noUDP&sock=12018_3bdd_4>
...
006 (5789.000.000) 08/06 23:11:27 Image size of job updated: 1704
	2  -  MemoryUsage of job (MB)
	1560  -  ResidentSetSize of job (KB)
...
006 (5789.000.000) 08/06 23:16:27 Image size of job updated: 421192
	321  -  MemoryUsage of job (MB)
	328540  -  ResidentSetSize of job (KB)
...
005 (5789.000.000) 08/06 23:29:29 Job terminated.
	(1) Normal termination (return value 0)
		Usr 0 00:01:29, Sys 0 00:00:51  -  Run Remote Usage
		Usr 0 00:00:00, Sys 0 00:00:00  -  Run Local Usage
		Usr 0 00:01:29, Sys 0 00:00:51  -  Total Remote Usage
		Usr 0 00:00:00, Sys 0 00:00:00  -  Total Local Usage
	24161  -  Run Bytes Sent By Job
	567  -  Run Bytes Received By Job
	24161  -  Total Bytes Sent By Job
	567  -  Total Bytes Received By Job
	Partitionable Resources :    Usage  Request Allocated
	   Cpus                 :                 1         1
	   Disk (KB)            :       35  1024000   4023361
	   Memory (MB)          :      321     2000      2000
...
