000 (5786.000.000) 08/06 22:53:22 Job submitted from host: <128.101.221.176:9618?addrs=128.101.221.176-9618&noUDP&sock=11541_65e5_3>
...
001 (5786.000.000) 08/06 23:08:24 Job executing on host: <128.101.220.50:9618?addrs=128.101.220.50-9618&noUDP&sock=12007_028b_4>
...
006 (5786.000.000) 08/06 23:08:33 Image size of job updated: 1188
	2  -  MemoryUsage of job (MB)
	1176  -  ResidentSetSize of job (KB)
...
006 (5786.000.000) 08/06 23:13:33 Image size of job updated: 421632
	321  -  MemoryUsage of job (MB)
	328648  -  ResidentSetSize of job (KB)
...
005 (5786.000.000) 08/06 23:26:44 Job terminated.
	(1) Normal termination (return value 0)
		Usr 0 00:01:30, Sys 0 00:00:52  -  Run Remote Usage
		Usr 0 00:00:00, Sys 0 00:00:00  -  Run Local Usage
		Usr 0 00:01:30, Sys 0 00:00:52  -  Total Remote Usage
		Usr 0 00:00:00, Sys 0 00:00:00  -  Total Local Usage
	24392  -  Run Bytes Sent By Job
	567  -  Run Bytes Received By Job
	24392  -  Total Bytes Sent By Job
	567  -  Total Bytes Received By Job
	Partitionable Resources :    Usage  Request Allocated
	   Cpus                 :                 1         1
	   Disk (KB)            :       36  1024000   3994700
	   Memory (MB)          :      321     2000      2000
...
