000 (5767.000.000) 08/06 22:53:14 Job submitted from host: <128.101.221.176:9618?addrs=128.101.221.176-9618&noUDP&sock=11541_65e5_3>
...
001 (5767.000.000) 08/06 22:53:36 Job executing on host: <128.101.220.94:9618?addrs=128.101.220.94-9618&noUDP&sock=12956_3a07_4>
...
006 (5767.000.000) 08/06 22:53:44 Image size of job updated: 116592
	66  -  MemoryUsage of job (MB)
	67432  -  ResidentSetSize of job (KB)
...
006 (5767.000.000) 08/06 22:58:44 Image size of job updated: 421508
	320  -  MemoryUsage of job (MB)
	327472  -  ResidentSetSize of job (KB)
...
006 (5767.000.000) 08/06 23:03:45 Image size of job updated: 421508
	320  -  MemoryUsage of job (MB)
	327476  -  ResidentSetSize of job (KB)
...
006 (5767.000.000) 08/06 23:13:46 Image size of job updated: 421508
	320  -  MemoryUsage of job (MB)
	327516  -  ResidentSetSize of job (KB)
...
005 (5767.000.000) 08/06 23:15:11 Job terminated.
	(1) Normal termination (return value 0)
		Usr 0 00:01:31, Sys 0 00:00:53  -  Run Remote Usage
		Usr 0 00:00:00, Sys 0 00:00:00  -  Run Local Usage
		Usr 0 00:01:31, Sys 0 00:00:53  -  Total Remote Usage
		Usr 0 00:00:00, Sys 0 00:00:00  -  Total Local Usage
	24403  -  Run Bytes Sent By Job
	567  -  Run Bytes Received By Job
	24403  -  Total Bytes Sent By Job
	567  -  Total Bytes Received By Job
	Partitionable Resources :    Usage  Request Allocated
	   Cpus                 :                 1         1
	   Disk (KB)            :       36  1024000   1740519
	   Memory (MB)          :      320     2000      2000
...
