000 (5765.000.000) 08/06 22:53:13 Job submitted from host: <128.101.221.176:9618?addrs=128.101.221.176-9618&noUDP&sock=11541_65e5_3>
...
001 (5765.000.000) 08/06 22:53:36 Job executing on host: <128.101.220.84:9618?addrs=128.101.220.84-9618&noUDP&sock=12007_9b0e_4>
...
006 (5765.000.000) 08/06 22:53:44 Image size of job updated: 76668
	43  -  MemoryUsage of job (MB)
	43704  -  ResidentSetSize of job (KB)
...
006 (5765.000.000) 08/06 22:58:44 Image size of job updated: 422320
	322  -  MemoryUsage of job (MB)
	329144  -  ResidentSetSize of job (KB)
...
006 (5765.000.000) 08/06 23:03:45 Image size of job updated: 422320
	322  -  MemoryUsage of job (MB)
	329152  -  ResidentSetSize of job (KB)
...
005 (5765.000.000) 08/06 23:17:32 Job terminated.
	(1) Normal termination (return value 0)
		Usr 0 00:01:40, Sys 0 00:01:01  -  Run Remote Usage
		Usr 0 00:00:00, Sys 0 00:00:00  -  Run Local Usage
		Usr 0 00:01:40, Sys 0 00:01:01  -  Total Remote Usage
		Usr 0 00:00:00, Sys 0 00:00:00  -  Total Local Usage
	24865  -  Run Bytes Sent By Job
	567  -  Run Bytes Received By Job
	24865  -  Total Bytes Sent By Job
	567  -  Total Bytes Received By Job
	Partitionable Resources :    Usage  Request Allocated
	   Cpus                 :                 1         1
	   Disk (KB)            :       36  1024000   4058386
	   Memory (MB)          :      322     2000      2000
...
