000 (5771.000.000) 08/06 22:53:16 Job submitted from host: <128.101.221.176:9618?addrs=128.101.221.176-9618&noUDP&sock=11541_65e5_3>
...
001 (5771.000.000) 08/06 22:53:40 Job executing on host: <128.101.220.109:9618?addrs=128.101.220.109-9618&noUDP&sock=7400_ab82_4>
...
006 (5771.000.000) 08/06 22:53:49 Image size of job updated: 73416
	42  -  MemoryUsage of job (MB)
	42052  -  ResidentSetSize of job (KB)
...
006 (5771.000.000) 08/06 22:58:50 Image size of job updated: 420396
	320  -  MemoryUsage of job (MB)
	327096  -  ResidentSetSize of job (KB)
...
006 (5771.000.000) 08/06 23:01:05 Image size of job updated: 711008
	320  -  MemoryUsage of job (MB)
	327096  -  ResidentSetSize of job (KB)
...
005 (5771.000.000) 08/06 23:01:07 Job terminated.
	(1) Normal termination (return value 0)
		Usr 0 00:01:34, Sys 0 00:00:54  -  Run Remote Usage
		Usr 0 00:00:00, Sys 0 00:00:00  -  Run Local Usage
		Usr 0 00:01:34, Sys 0 00:00:54  -  Total Remote Usage
		Usr 0 00:00:00, Sys 0 00:00:00  -  Total Local Usage
	24635  -  Run Bytes Sent By Job
	567  -  Run Bytes Received By Job
	24635  -  Total Bytes Sent By Job
	567  -  Total Bytes Received By Job
	Partitionable Resources :    Usage  Request Allocated
	   Cpus                 :                 1         1
	   Disk (KB)            :       36  1024000   4044279
	   Memory (MB)          :      320     2000      2000
...
