000 (5769.000.000) 08/06 22:53:15 Job submitted from host: <128.101.221.176:9618?addrs=128.101.221.176-9618&noUDP&sock=11541_65e5_3>
...
001 (5769.000.000) 08/06 22:53:36 Job executing on host: <128.101.220.100:9618?addrs=128.101.220.100-9618&noUDP&sock=7270_22d3_4>
...
006 (5769.000.000) 08/06 22:53:45 Image size of job updated: 112400
	63  -  MemoryUsage of job (MB)
	63900  -  ResidentSetSize of job (KB)
...
006 (5769.000.000) 08/06 22:58:46 Image size of job updated: 421900
	321  -  MemoryUsage of job (MB)
	328260  -  ResidentSetSize of job (KB)
...
005 (5769.000.000) 08/06 23:14:19 Job terminated.
	(1) Normal termination (return value 0)
		Usr 0 00:01:29, Sys 0 00:00:52  -  Run Remote Usage
		Usr 0 00:00:00, Sys 0 00:00:00  -  Run Local Usage
		Usr 0 00:01:29, Sys 0 00:00:52  -  Total Remote Usage
		Usr 0 00:00:00, Sys 0 00:00:00  -  Total Local Usage
	24167  -  Run Bytes Sent By Job
	567  -  Run Bytes Received By Job
	24167  -  Total Bytes Sent By Job
	567  -  Total Bytes Received By Job
	Partitionable Resources :    Usage  Request Allocated
	   Cpus                 :                 1         1
	   Disk (KB)            :       35  1024000   4027941
	   Memory (MB)          :      321     2000      2000
...
