000 (5751.000.000) 08/06 22:53:07 Job submitted from host: <128.101.221.176:9618?addrs=128.101.221.176-9618&noUDP&sock=11541_65e5_3>
...
001 (5751.000.000) 08/06 22:53:14 Job executing on host: <128.101.221.183:9618?addrs=128.101.221.183-9618&noUDP&sock=11118_5e21_4>
...
006 (5751.000.000) 08/06 22:53:23 Image size of job updated: 282588
	201  -  MemoryUsage of job (MB)
	204996  -  ResidentSetSize of job (KB)
...
006 (5751.000.000) 08/06 22:58:24 Image size of job updated: 422780
	322  -  MemoryUsage of job (MB)
	329192  -  ResidentSetSize of job (KB)
...
005 (5751.000.000) 08/06 23:11:44 Job terminated.
	(1) Normal termination (return value 0)
		Usr 0 00:01:23, Sys 0 00:00:48  -  Run Remote Usage
		Usr 0 00:00:00, Sys 0 00:00:00  -  Run Local Usage
		Usr 0 00:01:23, Sys 0 00:00:48  -  Total Remote Usage
		Usr 0 00:00:00, Sys 0 00:00:00  -  Total Local Usage
	24167  -  Run Bytes Sent By Job
	567  -  Run Bytes Received By Job
	24167  -  Total Bytes Sent By Job
	567  -  Total Bytes Received By Job
	Partitionable Resources :    Usage  Request Allocated
	   Cpus                 :                 1         1
	   Disk (KB)            :       35  1024000   1128044
	   Memory (MB)          :      322     2000      2000
...
