000 (5748.000.000) 08/06 22:53:06 Job submitted from host: <128.101.221.176:9618?addrs=128.101.221.176-9618&noUDP&sock=11541_65e5_3>
...
001 (5748.000.000) 08/06 22:53:14 Job executing on host: <128.101.221.170:9618?addrs=128.101.221.170-9618&noUDP&sock=11113_d35c_4>
...
006 (5748.000.000) 08/06 22:53:23 Image size of job updated: 286096
	203  -  MemoryUsage of job (MB)
	207636  -  ResidentSetSize of job (KB)
...
006 (5748.000.000) 08/06 22:58:24 Image size of job updated: 418804
	320  -  MemoryUsage of job (MB)
	326904  -  ResidentSetSize of job (KB)
...
006 (5748.000.000) 08/06 23:03:25 Image size of job updated: 418804
	320  -  MemoryUsage of job (MB)
	327604  -  ResidentSetSize of job (KB)
...
006 (5748.000.000) 08/06 23:08:25 Image size of job updated: 418804
	320  -  MemoryUsage of job (MB)
	327632  -  ResidentSetSize of job (KB)
...
006 (5748.000.000) 08/06 23:12:57 Image size of job updated: 711840
	320  -  MemoryUsage of job (MB)
	327632  -  ResidentSetSize of job (KB)
...
005 (5748.000.000) 08/06 23:12:59 Job terminated.
	(1) Normal termination (return value 0)
		Usr 0 00:01:30, Sys 0 00:00:54  -  Run Remote Usage
		Usr 0 00:00:00, Sys 0 00:00:00  -  Run Local Usage
		Usr 0 00:01:30, Sys 0 00:00:54  -  Total Remote Usage
		Usr 0 00:00:00, Sys 0 00:00:00  -  Total Local Usage
	24637  -  Run Bytes Sent By Job
	567  -  Run Bytes Received By Job
	24637  -  Total Bytes Sent By Job
	567  -  Total Bytes Received By Job
	Partitionable Resources :    Usage  Request Allocated
	   Cpus                 :                 1         1
	   Disk (KB)            :       36  1024000   1909156
	   Memory (MB)          :      320     2000      2000
...
