000 (5775.000.000) 08/06 22:53:18 Job submitted from host: <128.101.221.176:9618?addrs=128.101.221.176-9618&noUDP&sock=11541_65e5_3>
...
001 (5775.000.000) 08/06 22:53:38 Job executing on host: <128.101.220.154:9618?addrs=128.101.220.154-9618&noUDP&sock=7465_f849_4>
...
006 (5775.000.000) 08/06 22:53:47 Image size of job updated: 75156
	42  -  MemoryUsage of job (MB)
	42884  -  ResidentSetSize of job (KB)
...
006 (5775.000.000) 08/06 22:58:48 Image size of job updated: 421620
	321  -  MemoryUsage of job (MB)
	328500  -  ResidentSetSize of job (KB)
...
006 (5775.000.000) 08/06 23:03:48 Image size of job updated: 421948
	322  -  MemoryUsage of job (MB)
	328828  -  ResidentSetSize of job (KB)
...
006 (5775.000.000) 08/06 23:08:49 Image size of job updated: 421948
	322  -  MemoryUsage of job (MB)
	329656  -  ResidentSetSize of job (KB)
...
006 (5775.000.000) 08/06 23:13:50 Image size of job updated: 423084
	322  -  MemoryUsage of job (MB)
	329656  -  ResidentSetSize of job (KB)
...
005 (5775.000.000) 08/06 23:17:39 Job terminated.
	(1) Normal termination (return value 0)
		Usr 0 00:01:38, Sys 0 00:00:59  -  Run Remote Usage
		Usr 0 00:00:00, Sys 0 00:00:00  -  Run Local Usage
		Usr 0 00:01:38, Sys 0 00:00:59  -  Total Remote Usage
		Usr 0 00:00:00, Sys 0 00:00:00  -  Total Local Usage
	24868  -  Run Bytes Sent By Job
	567  -  Run Bytes Received By Job
	24868  -  Total Bytes Sent By Job
	567  -  Total Bytes Received By Job
	Partitionable Resources :    Usage  Request Allocated
	   Cpus                 :                 1         1
	   Disk (KB)            :       36  1024000   4007781
	   Memory (MB)          :      322     2000      2000
...
