000 (5761.000.000) 08/06 22:53:11 Job submitted from host: <128.101.221.176:9618?addrs=128.101.221.176-9618&noUDP&sock=11541_65e5_3>
...
001 (5761.000.000) 08/06 22:53:40 Job executing on host: <128.101.220.43:9618?addrs=128.101.220.43-9618&noUDP&sock=11896_2ff0_4>
...
006 (5761.000.000) 08/06 22:53:49 Image size of job updated: 114824
	65  -  MemoryUsage of job (MB)
	65696  -  ResidentSetSize of job (KB)
...
006 (5761.000.000) 08/06 22:58:50 Image size of job updated: 423644
	322  -  MemoryUsage of job (MB)
	329504  -  ResidentSetSize of job (KB)
...
005 (5761.000.000) 08/06 23:16:30 Job terminated.
	(1) Normal termination (return value 0)
		Usr 0 00:01:40, Sys 0 00:00:59  -  Run Remote Usage
		Usr 0 00:00:00, Sys 0 00:00:00  -  Run Local Usage
		Usr 0 00:01:40, Sys 0 00:00:59  -  Total Remote Usage
		Usr 0 00:00:00, Sys 0 00:00:00  -  Total Local Usage
	24871  -  Run Bytes Sent By Job
	567  -  Run Bytes Received By Job
	24871  -  Total Bytes Sent By Job
	567  -  Total Bytes Received By Job
	Partitionable Resources :    Usage  Request Allocated
	   Cpus                 :                 1         1
	   Disk (KB)            :       36  1024000   4011524
	   Memory (MB)          :      322     2000      2000
...
