000 (5790.000.000) 08/06 22:53:24 Job submitted from host: <128.101.221.176:9618?addrs=128.101.221.176-9618&noUDP&sock=11541_65e5_3>
...
001 (5790.000.000) 08/06 23:11:56 Job executing on host: <128.101.221.183:9618?addrs=128.101.221.183-9618&noUDP&sock=11118_5e21_4>
...
006 (5790.000.000) 08/06 23:12:05 Image size of job updated: 1300
	2  -  MemoryUsage of job (MB)
	1256  -  ResidentSetSize of job (KB)
...
006 (5790.000.000) 08/06 23:17:05 Image size of job updated: 419740
	320  -  MemoryUsage of job (MB)
	326820  -  ResidentSetSize of job (KB)
...
006 (5790.000.000) 08/06 23:22:06 Image size of job updated: 421636
	322  -  MemoryUsage of job (MB)
	328716  -  ResidentSetSize of job (KB)
...
006 (5790.000.000) 08/06 23:27:06 Image size of job updated: 421636
	322  -  MemoryUsage of job (MB)
	328724  -  ResidentSetSize of job (KB)
...
006 (5790.000.000) 08/06 23:29:43 Image size of job updated: 710528
	322  -  MemoryUsage of job (MB)
	328724  -  ResidentSetSize of job (KB)
...
005 (5790.000.000) 08/06 23:29:44 Job terminated.
	(1) Normal termination (return value 0)
		Usr 0 00:01:20, Sys 0 00:00:47  -  Run Remote Usage
		Usr 0 00:00:00, Sys 0 00:00:00  -  Run Local Usage
		Usr 0 00:01:20, Sys 0 00:00:47  -  Total Remote Usage
		Usr 0 00:00:00, Sys 0 00:00:00  -  Total Local Usage
	24161  -  Run Bytes Sent By Job
	567  -  Run Bytes Received By Job
	24161  -  Total Bytes Sent By Job
	567  -  Total Bytes Received By Job
	Partitionable Resources :    Usage  Request Allocated
	   Cpus                 :                 1         1
	   Disk (KB)            :       35  1024000   1128028
	   Memory (MB)          :      322     2000      2000
...
