000 (5784.000.000) 08/06 22:53:22 Job submitted from host: <128.101.221.176:9618?addrs=128.101.221.176-9618&noUDP&sock=11541_65e5_3>
...
001 (5784.000.000) 08/06 23:01:22 Job executing on host: <128.101.221.171:9618?addrs=128.101.221.171-9618&noUDP&sock=11629_6b57_4>
...
006 (5784.000.000) 08/06 23:01:31 Image size of job updated: 16240
	7  -  MemoryUsage of job (MB)
	6268  -  ResidentSetSize of job (KB)
...
006 (5784.000.000) 08/06 23:06:31 Image size of job updated: 420356
	320  -  MemoryUsage of job (MB)
	327260  -  ResidentSetSize of job (KB)
...
006 (5784.000.000) 08/06 23:11:31 Image size of job updated: 420444
	320  -  MemoryUsage of job (MB)
	327320  -  ResidentSetSize of job (KB)
...
006 (5784.000.000) 08/06 23:16:32 Image size of job updated: 420444
	321  -  MemoryUsage of job (MB)
	327992  -  ResidentSetSize of job (KB)
...
006 (5784.000.000) 08/06 23:24:32 Image size of job updated: 711752
	321  -  MemoryUsage of job (MB)
	327992  -  ResidentSetSize of job (KB)
...
005 (5784.000.000) 08/06 23:24:35 Job terminated.
	(1) Normal termination (return value 0)
		Usr 0 00:01:36, Sys 0 00:00:59  -  Run Remote Usage
		Usr 0 00:00:00, Sys 0 00:00:00  -  Run Local Usage
		Usr 0 00:01:36, Sys 0 00:00:59  -  Total Remote Usage
		Usr 0 00:00:00, Sys 0 00:00:00  -  Total Local Usage
	24866  -  Run Bytes Sent By Job
	567  -  Run Bytes Received By Job
	24866  -  Total Bytes Sent By Job
	567  -  Total Bytes Received By Job
	Partitionable Resources :    Usage  Request Allocated
	   Cpus                 :                 1         1
	   Disk (KB)            :       36  1024000   1815804
	   Memory (MB)          :      321     2000      2000
...
