000 (5654.000.000) 08/06 20:55:25 Job submitted from host: <128.101.221.176:9618?addrs=128.101.221.176-9618&noUDP&sock=11541_65e5_3>
...
001 (5654.000.000) 08/06 20:55:49 Job executing on host: <128.101.220.160:9618?addrs=128.101.220.160-9618&noUDP&sock=12018_3bdd_4>
...
006 (5654.000.000) 08/06 20:55:57 Image size of job updated: 75988
	41  -  MemoryUsage of job (MB)
	41644  -  ResidentSetSize of job (KB)
...
006 (5654.000.000) 08/06 21:00:57 Image size of job updated: 409916
	323  -  MemoryUsage of job (MB)
	329932  -  ResidentSetSize of job (KB)
...
006 (5654.000.000) 08/06 21:05:58 Image size of job updated: 409928
	323  -  MemoryUsage of job (MB)
	329944  -  ResidentSetSize of job (KB)
...
006 (5654.000.000) 08/06 21:15:58 Image size of job updated: 409928
	323  -  MemoryUsage of job (MB)
	330208  -  ResidentSetSize of job (KB)
...
006 (5654.000.000) 08/06 21:25:59 Image size of job updated: 409928
	323  -  MemoryUsage of job (MB)
	330240  -  ResidentSetSize of job (KB)
...
006 (5654.000.000) 08/06 21:30:59 Image size of job updated: 409928
	327  -  MemoryUsage of job (MB)
	334180  -  ResidentSetSize of job (KB)
...
006 (5654.000.000) 08/06 21:53:12 Image size of job updated: 710776
	327  -  MemoryUsage of job (MB)
	334180  -  ResidentSetSize of job (KB)
...
005 (5654.000.000) 08/06 21:53:13 Job terminated.
	(1) Normal termination (return value 0)
		Usr 0 00:01:52, Sys 0 00:01:15  -  Run Remote Usage
		Usr 0 00:00:00, Sys 0 00:00:00  -  Run Local Usage
		Usr 0 00:01:52, Sys 0 00:01:15  -  Total Remote Usage
		Usr 0 00:00:00, Sys 0 00:00:00  -  Total Local Usage
	24428  -  Run Bytes Sent By Job
	560  -  Run Bytes Received By Job
	24428  -  Total Bytes Sent By Job
	560  -  Total Bytes Received By Job
	Partitionable Resources :    Usage  Request Allocated
	   Cpus                 :                 1         1
	   Disk (KB)            :       36  1024000   4023371
	   Memory (MB)          :      327     2000      2000
...
