000 (9252.000.000) 03/29 09:45:15 Job submitted from host: <128.101.221.180:9618?addrs=128.101.221.180-9618&noUDP&sock=3943_2604_3>
...
001 (9252.000.000) 03/29 10:15:28 Job executing on host: <128.101.221.182:9618?addrs=128.101.221.182-9618&noUDP&sock=3902_06a2_4>
...
006 (9252.000.000) 03/29 10:15:37 Image size of job updated: 248200
	170  -  MemoryUsage of job (MB)
	174032  -  ResidentSetSize of job (KB)
...
006 (9252.000.000) 03/29 10:20:37 Image size of job updated: 333488
	326  -  MemoryUsage of job (MB)
	333292  -  ResidentSetSize of job (KB)
...
006 (9252.000.000) 03/29 10:24:36 Image size of job updated: 335084
	326  -  MemoryUsage of job (MB)
	333292  -  ResidentSetSize of job (KB)
...
005 (9252.000.000) 03/29 10:24:37 Job terminated.
	(1) Normal termination (return value 0)
		Usr 0 00:05:22, Sys 0 00:03:15  -  Run Remote Usage
		Usr 0 00:00:00, Sys 0 00:00:00  -  Run Local Usage
		Usr 0 00:05:22, Sys 0 00:03:15  -  Total Remote Usage
		Usr 0 00:00:00, Sys 0 00:00:00  -  Total Local Usage
	59242  -  Run Bytes Sent By Job
	559  -  Run Bytes Received By Job
	59242  -  Total Bytes Sent By Job
	559  -  Total Bytes Received By Job
	Partitionable Resources :    Usage  Request Allocated
	   Cpus                 :                 1         1
	   Disk (KB)            :       71  1024000   2046450
	   Memory (MB)          :      326     2000      2000
...
