000 (9244.000.000) 03/29 09:45:11 Job submitted from host: <128.101.221.180:9618?addrs=128.101.221.180-9618&noUDP&sock=3943_2604_3>
...
001 (9244.000.000) 03/29 10:13:37 Job executing on host: <128.101.221.193:9618?addrs=128.101.221.193-9618&noUDP&sock=2332108_b0a7_4>
...
006 (9244.000.000) 03/29 10:13:46 Image size of job updated: 250724
	171  -  MemoryUsage of job (MB)
	174796  -  ResidentSetSize of job (KB)
...
006 (9244.000.000) 03/29 10:18:47 Image size of job updated: 428356
	324  -  MemoryUsage of job (MB)
	331720  -  ResidentSetSize of job (KB)
...
006 (9244.000.000) 03/29 10:19:53 Image size of job updated: 430372
	324  -  MemoryUsage of job (MB)
	331720  -  ResidentSetSize of job (KB)
...
005 (9244.000.000) 03/29 10:19:54 Job terminated.
	(1) Normal termination (return value 0)
		Usr 0 00:03:59, Sys 0 00:01:31  -  Run Remote Usage
		Usr 0 00:00:00, Sys 0 00:00:00  -  Run Local Usage
		Usr 0 00:03:59, Sys 0 00:01:31  -  Total Remote Usage
		Usr 0 00:00:00, Sys 0 00:00:00  -  Total Local Usage
	61401  -  Run Bytes Sent By Job
	559  -  Run Bytes Received By Job
	61401  -  Total Bytes Sent By Job
	559  -  Total Bytes Received By Job
	Partitionable Resources :    Usage  Request Allocated
	   Cpus                 :                 1         1
	   Disk (KB)            :       73  1024000   1028426
	   Memory (MB)          :      324     2000      2000
...
