000 (9253.000.000) 03/29 09:45:15 Job submitted from host: <128.101.221.180:9618?addrs=128.101.221.180-9618&noUDP&sock=3943_2604_3>
...
001 (9253.000.000) 03/29 10:16:05 Job executing on host: <128.101.220.87:9618?addrs=128.101.220.87-9618&noUDP&sock=465496_1dbd_4>
...
006 (9253.000.000) 03/29 10:16:14 Image size of job updated: 18516
	8  -  MemoryUsage of job (MB)
	7368  -  ResidentSetSize of job (KB)
...
006 (9253.000.000) 03/29 10:21:15 Image size of job updated: 430204
	324  -  MemoryUsage of job (MB)
	331460  -  ResidentSetSize of job (KB)
...
006 (9253.000.000) 03/29 10:24:59 Image size of job updated: 733372
	324  -  MemoryUsage of job (MB)
	331460  -  ResidentSetSize of job (KB)
...
005 (9253.000.000) 03/29 10:25:00 Job terminated.
	(1) Normal termination (return value 0)
		Usr 0 00:05:46, Sys 0 00:01:54  -  Run Remote Usage
		Usr 0 00:00:00, Sys 0 00:00:00  -  Run Local Usage
		Usr 0 00:05:46, Sys 0 00:01:54  -  Total Remote Usage
		Usr 0 00:00:00, Sys 0 00:00:00  -  Total Local Usage
	74446  -  Run Bytes Sent By Job
	559  -  Run Bytes Received By Job
	74446  -  Total Bytes Sent By Job
	559  -  Total Bytes Received By Job
	Partitionable Resources :    Usage  Request Allocated
	   Cpus                 :                 1         1
	   Disk (KB)            :       86  1024000   1029149
	   Memory (MB)          :      324     2000      2000
...
