000 (9283.000.000) 03/29 09:45:30 Job submitted from host: <128.101.221.180:9618?addrs=128.101.221.180-9618&noUDP&sock=3943_2604_3>
...
001 (9283.000.000) 03/29 10:25:19 Job executing on host: <128.101.221.175:9618?addrs=128.101.221.175-9618&noUDP&sock=12916_e152_4>
...
006 (9283.000.000) 03/29 10:25:27 Image size of job updated: 198008
	134  -  MemoryUsage of job (MB)
	136544  -  ResidentSetSize of job (KB)
...
006 (9283.000.000) 03/29 10:30:27 Image size of job updated: 329916
	322  -  MemoryUsage of job (MB)
	329596  -  ResidentSetSize of job (KB)
...
006 (9283.000.000) 03/29 10:35:28 Image size of job updated: 332736
	325  -  MemoryUsage of job (MB)
	332688  -  ResidentSetSize of job (KB)
...
006 (9283.000.000) 03/29 10:38:39 Image size of job updated: 733332
	325  -  MemoryUsage of job (MB)
	332688  -  ResidentSetSize of job (KB)
...
005 (9283.000.000) 03/29 10:38:41 Job terminated.
	(1) Normal termination (return value 0)
		Usr 0 00:07:52, Sys 0 00:04:46  -  Run Remote Usage
		Usr 0 00:00:00, Sys 0 00:00:00  -  Run Local Usage
		Usr 0 00:07:52, Sys 0 00:04:46  -  Total Remote Usage
		Usr 0 00:00:00, Sys 0 00:00:00  -  Total Local Usage
	79725  -  Run Bytes Sent By Job
	559  -  Run Bytes Received By Job
	79725  -  Total Bytes Sent By Job
	559  -  Total Bytes Received By Job
	Partitionable Resources :    Usage  Request Allocated
	   Cpus                 :                 1         1
	   Disk (KB)            :       91  1024000   1931128
	   Memory (MB)          :      325     2000      2000
...
