000 (9233.000.000) 03/29 09:45:06 Job submitted from host: <128.101.221.180:9618?addrs=128.101.221.180-9618&noUDP&sock=3943_2604_3>
...
001 (9233.000.000) 03/29 10:10:49 Job executing on host: <128.101.221.182:9618?addrs=128.101.221.182-9618&noUDP&sock=3902_06a2_4>
...
006 (9233.000.000) 03/29 10:10:57 Image size of job updated: 240440
	169  -  MemoryUsage of job (MB)
	172712  -  ResidentSetSize of job (KB)
...
006 (9233.000.000) 03/29 10:15:57 Image size of job updated: 329396
	322  -  MemoryUsage of job (MB)
	329116  -  ResidentSetSize of job (KB)
...
006 (9233.000.000) 03/29 10:20:58 Image size of job updated: 334400
	327  -  MemoryUsage of job (MB)
	334248  -  ResidentSetSize of job (KB)
...
005 (9233.000.000) 03/29 10:21:07 Job terminated.
	(1) Normal termination (return value 0)
		Usr 0 00:06:10, Sys 0 00:03:36  -  Run Remote Usage
		Usr 0 00:00:00, Sys 0 00:00:00  -  Run Local Usage
		Usr 0 00:06:10, Sys 0 00:03:36  -  Total Remote Usage
		Usr 0 00:00:00, Sys 0 00:00:00  -  Total Local Usage
	64080  -  Run Bytes Sent By Job
	559  -  Run Bytes Received By Job
	64080  -  Total Bytes Sent By Job
	559  -  Total Bytes Received By Job
	Partitionable Resources :    Usage  Request Allocated
	   Cpus                 :                 1         1
	   Disk (KB)            :       76  1024000   2046474
	   Memory (MB)          :      327     2000      2000
...
