000 (9279.000.000) 03/29 09:45:28 Job submitted from host: <128.101.221.180:9618?addrs=128.101.221.180-9618&noUDP&sock=3943_2604_3>
...
001 (9279.000.000) 03/29 10:24:15 Job executing on host: <128.101.221.175:9618?addrs=128.101.221.175-9618&noUDP&sock=12916_e152_4>
...
006 (9279.000.000) 03/29 10:24:24 Image size of job updated: 209324
	175  -  MemoryUsage of job (MB)
	178964  -  ResidentSetSize of job (KB)
...
006 (9279.000.000) 03/29 10:29:25 Image size of job updated: 329928
	322  -  MemoryUsage of job (MB)
	329692  -  ResidentSetSize of job (KB)
...
006 (9279.000.000) 03/29 10:31:52 Image size of job updated: 331204
	322  -  MemoryUsage of job (MB)
	329692  -  ResidentSetSize of job (KB)
...
005 (9279.000.000) 03/29 10:31:53 Job terminated.
	(1) Normal termination (return value 0)
		Usr 0 00:04:32, Sys 0 00:02:40  -  Run Remote Usage
		Usr 0 00:00:00, Sys 0 00:00:00  -  Run Local Usage
		Usr 0 00:04:32, Sys 0 00:02:40  -  Total Remote Usage
		Usr 0 00:00:00, Sys 0 00:00:00  -  Total Local Usage
	61232  -  Run Bytes Sent By Job
	559  -  Run Bytes Received By Job
	61232  -  Total Bytes Sent By Job
	559  -  Total Bytes Received By Job
	Partitionable Resources :    Usage  Request Allocated
	   Cpus                 :                 1         1
	   Disk (KB)            :       73  1024000   1931130
	   Memory (MB)          :      322     2000      2000
...
