000 (9269.000.000) 03/29 09:45:24 Job submitted from host: <128.101.221.180:9618?addrs=128.101.221.180-9618&noUDP&sock=3943_2604_3>
...
001 (9269.000.000) 03/29 10:22:21 Job executing on host: <128.101.221.182:9618?addrs=128.101.221.182-9618&noUDP&sock=3902_06a2_4>
...
006 (9269.000.000) 03/29 10:22:30 Image size of job updated: 265868
	186  -  MemoryUsage of job (MB)
	189524  -  ResidentSetSize of job (KB)
...
006 (9269.000.000) 03/29 10:27:29 Image size of job updated: 730896
	186  -  MemoryUsage of job (MB)
	189524  -  ResidentSetSize of job (KB)
...
005 (9269.000.000) 03/29 10:27:30 Job terminated.
	(1) Normal termination (return value 0)
		Usr 0 00:03:07, Sys 0 00:01:39  -  Run Remote Usage
		Usr 0 00:00:00, Sys 0 00:00:00  -  Run Local Usage
		Usr 0 00:03:07, Sys 0 00:01:39  -  Total Remote Usage
		Usr 0 00:00:00, Sys 0 00:00:00  -  Total Local Usage
	45140  -  Run Bytes Sent By Job
	559  -  Run Bytes Received By Job
	45140  -  Total Bytes Sent By Job
	559  -  Total Bytes Received By Job
	Partitionable Resources :    Usage  Request Allocated
	   Cpus                 :                 1         1
	   Disk (KB)            :       57  1024000   2046424
	   Memory (MB)          :      186     2000      2000
...
