000 (9228.000.000) 03/29 09:45:03 Job submitted from host: <128.101.221.180:9618?addrs=128.101.221.180-9618&noUDP&sock=3943_2604_3>
...
001 (9228.000.000) 03/29 10:10:25 Job executing on host: <128.101.221.182:9618?addrs=128.101.221.182-9618&noUDP&sock=3902_06a2_4>
...
006 (9228.000.000) 03/29 10:10:34 Image size of job updated: 252632
	186  -  MemoryUsage of job (MB)
	189772  -  ResidentSetSize of job (KB)
...
006 (9228.000.000) 03/29 10:15:35 Image size of job updated: 332188
	325  -  MemoryUsage of job (MB)
	331924  -  ResidentSetSize of job (KB)
...
006 (9228.000.000) 03/29 10:18:29 Image size of job updated: 730500
	325  -  MemoryUsage of job (MB)
	331924  -  ResidentSetSize of job (KB)
...
005 (9228.000.000) 03/29 10:18:30 Job terminated.
	(1) Normal termination (return value 0)
		Usr 0 00:04:54, Sys 0 00:02:45  -  Run Remote Usage
		Usr 0 00:00:00, Sys 0 00:00:00  -  Run Local Usage
		Usr 0 00:04:54, Sys 0 00:02:45  -  Total Remote Usage
		Usr 0 00:00:00, Sys 0 00:00:00  -  Total Local Usage
	58516  -  Run Bytes Sent By Job
	559  -  Run Bytes Received By Job
	58516  -  Total Bytes Sent By Job
	559  -  Total Bytes Received By Job
	Partitionable Resources :    Usage  Request Allocated
	   Cpus                 :                 1         1
	   Disk (KB)            :       70  1024000   2046472
	   Memory (MB)          :      325     2000      2000
...
