000 (9237.000.000) 03/29 09:45:08 Job submitted from host: <128.101.221.180:9618?addrs=128.101.221.180-9618&noUDP&sock=3943_2604_3>
...
001 (9237.000.000) 03/29 10:11:30 Job executing on host: <128.101.221.182:9618?addrs=128.101.221.182-9618&noUDP&sock=3902_06a2_4>
...
006 (9237.000.000) 03/29 10:11:39 Image size of job updated: 257236
	183  -  MemoryUsage of job (MB)
	186372  -  ResidentSetSize of job (KB)
...
006 (9237.000.000) 03/29 10:16:40 Image size of job updated: 329632
	322  -  MemoryUsage of job (MB)
	329420  -  ResidentSetSize of job (KB)
...
006 (9237.000.000) 03/29 10:21:40 Image size of job updated: 334556
	327  -  MemoryUsage of job (MB)
	334408  -  ResidentSetSize of job (KB)
...
006 (9237.000.000) 03/29 10:24:38 Image size of job updated: 733208
	327  -  MemoryUsage of job (MB)
	334408  -  ResidentSetSize of job (KB)
...
005 (9237.000.000) 03/29 10:24:39 Job terminated.
	(1) Normal termination (return value 0)
		Usr 0 00:07:48, Sys 0 00:04:39  -  Run Remote Usage
		Usr 0 00:00:00, Sys 0 00:00:00  -  Run Local Usage
		Usr 0 00:07:48, Sys 0 00:04:39  -  Total Remote Usage
		Usr 0 00:00:00, Sys 0 00:00:00  -  Total Local Usage
	71618  -  Run Bytes Sent By Job
	559  -  Run Bytes Received By Job
	71618  -  Total Bytes Sent By Job
	559  -  Total Bytes Received By Job
	Partitionable Resources :    Usage  Request Allocated
	   Cpus                 :                 1         1
	   Disk (KB)            :       83  1024000   2046474
	   Memory (MB)          :      327     2000      2000
...
