000 (9229.000.000) 03/29 09:45:04 Job submitted from host: <128.101.221.180:9618?addrs=128.101.221.180-9618&noUDP&sock=3943_2604_3>
...
001 (9229.000.000) 03/29 10:10:46 Job executing on host: <128.101.221.175:9618?addrs=128.101.221.175-9618&noUDP&sock=12916_e152_4>
...
006 (9229.000.000) 03/29 10:10:55 Image size of job updated: 233364
	192  -  MemoryUsage of job (MB)
	196336  -  ResidentSetSize of job (KB)
...
006 (9229.000.000) 03/29 10:15:56 Image size of job updated: 330036
	322  -  MemoryUsage of job (MB)
	329536  -  ResidentSetSize of job (KB)
...
006 (9229.000.000) 03/29 10:20:56 Image size of job updated: 335136
	328  -  MemoryUsage of job (MB)
	334892  -  ResidentSetSize of job (KB)
...
006 (9229.000.000) 03/29 10:22:54 Image size of job updated: 732976
	328  -  MemoryUsage of job (MB)
	334892  -  ResidentSetSize of job (KB)
...
005 (9229.000.000) 03/29 10:22:55 Job terminated.
	(1) Normal termination (return value 0)
		Usr 0 00:07:14, Sys 0 00:04:18  -  Run Remote Usage
		Usr 0 00:00:00, Sys 0 00:00:00  -  Run Local Usage
		Usr 0 00:07:14, Sys 0 00:04:18  -  Total Remote Usage
		Usr 0 00:00:00, Sys 0 00:00:00  -  Total Local Usage
	70911  -  Run Bytes Sent By Job
	559  -  Run Bytes Received By Job
	70911  -  Total Bytes Sent By Job
	559  -  Total Bytes Received By Job
	Partitionable Resources :    Usage  Request Allocated
	   Cpus                 :                 1         1
	   Disk (KB)            :       82  1024000   1931154
	   Memory (MB)          :      328     2000      2000
...
