000 (9236.000.000) 03/29 09:45:07 Job submitted from host: <128.101.221.180:9618?addrs=128.101.221.180-9618&noUDP&sock=3943_2604_3>
...
001 (9236.000.000) 03/29 10:11:27 Job executing on host: <128.101.220.50:9618?addrs=128.101.220.50-9618&noUDP&sock=258564_f9de_4>
...
006 (9236.000.000) 03/29 10:11:35 Image size of job updated: 212692
	144  -  MemoryUsage of job (MB)
	146632  -  ResidentSetSize of job (KB)
...
006 (9236.000.000) 03/29 10:16:35 Image size of job updated: 428140
	324  -  MemoryUsage of job (MB)
	331504  -  ResidentSetSize of job (KB)
...
006 (9236.000.000) 03/29 10:17:15 Image size of job updated: 428200
	324  -  MemoryUsage of job (MB)
	331504  -  ResidentSetSize of job (KB)
...
005 (9236.000.000) 03/29 10:17:17 Job terminated.
	(1) Normal termination (return value 0)
		Usr 0 00:03:56, Sys 0 00:01:19  -  Run Remote Usage
		Usr 0 00:00:00, Sys 0 00:00:00  -  Run Local Usage
		Usr 0 00:03:56, Sys 0 00:01:19  -  Total Remote Usage
		Usr 0 00:00:00, Sys 0 00:00:00  -  Total Local Usage
	47546  -  Run Bytes Sent By Job
	559  -  Run Bytes Received By Job
	47546  -  Total Bytes Sent By Job
	559  -  Total Bytes Received By Job
	Partitionable Resources :    Usage  Request Allocated
	   Cpus                 :                 1         1
	   Disk (KB)            :       59  1024000   1027997
	   Memory (MB)          :      324     2000      2000
...
