000 (9227.000.000) 03/29 09:45:03 Job submitted from host: <128.101.221.180:9618?addrs=128.101.221.180-9618&noUDP&sock=3943_2604_3>
...
001 (9227.000.000) 03/29 10:10:01 Job executing on host: <128.101.221.175:9618?addrs=128.101.221.175-9618&noUDP&sock=12916_e152_4>
...
006 (9227.000.000) 03/29 10:10:10 Image size of job updated: 207312
	141  -  MemoryUsage of job (MB)
	144112  -  ResidentSetSize of job (KB)
...
006 (9227.000.000) 03/29 10:15:10 Image size of job updated: 329852
	322  -  MemoryUsage of job (MB)
	329572  -  ResidentSetSize of job (KB)
...
006 (9227.000.000) 03/29 10:20:10 Image size of job updated: 333172
	326  -  MemoryUsage of job (MB)
	332880  -  ResidentSetSize of job (KB)
...
006 (9227.000.000) 03/29 10:23:23 Image size of job updated: 733184
	326  -  MemoryUsage of job (MB)
	332880  -  ResidentSetSize of job (KB)
...
005 (9227.000.000) 03/29 10:23:24 Job terminated.
	(1) Normal termination (return value 0)
		Usr 0 00:07:57, Sys 0 00:04:44  -  Run Remote Usage
		Usr 0 00:00:00, Sys 0 00:00:00  -  Run Local Usage
		Usr 0 00:07:57, Sys 0 00:04:44  -  Total Remote Usage
		Usr 0 00:00:00, Sys 0 00:00:00  -  Total Local Usage
	68679  -  Run Bytes Sent By Job
	559  -  Run Bytes Received By Job
	68679  -  Total Bytes Sent By Job
	559  -  Total Bytes Received By Job
	Partitionable Resources :    Usage  Request Allocated
	   Cpus                 :                 1         1
	   Disk (KB)            :       80  1024000   1931156
	   Memory (MB)          :      326     2000      2000
...
