000 (9249.000.000) 03/29 09:45:14 Job submitted from host: <128.101.221.180:9618?addrs=128.101.221.180-9618&noUDP&sock=3943_2604_3>
...
001 (9249.000.000) 03/29 10:15:00 Job executing on host: <128.101.221.182:9618?addrs=128.101.221.182-9618&noUDP&sock=3902_06a2_4>
...
006 (9249.000.000) 03/29 10:15:09 Image size of job updated: 242516
	167  -  MemoryUsage of job (MB)
	170796  -  ResidentSetSize of job (KB)
...
006 (9249.000.000) 03/29 10:20:10 Image size of job updated: 329684
	322  -  MemoryUsage of job (MB)
	329508  -  ResidentSetSize of job (KB)
...
006 (9249.000.000) 03/29 10:25:10 Image size of job updated: 335164
	328  -  MemoryUsage of job (MB)
	334972  -  ResidentSetSize of job (KB)
...
006 (9249.000.000) 03/29 10:25:41 Image size of job updated: 335172
	328  -  MemoryUsage of job (MB)
	334972  -  ResidentSetSize of job (KB)
...
005 (9249.000.000) 03/29 10:25:42 Job terminated.
	(1) Normal termination (return value 0)
		Usr 0 00:06:16, Sys 0 00:03:47  -  Run Remote Usage
		Usr 0 00:00:00, Sys 0 00:00:00  -  Run Local Usage
		Usr 0 00:06:16, Sys 0 00:03:47  -  Total Remote Usage
		Usr 0 00:00:00, Sys 0 00:00:00  -  Total Local Usage
	70690  -  Run Bytes Sent By Job
	559  -  Run Bytes Received By Job
	70690  -  Total Bytes Sent By Job
	559  -  Total Bytes Received By Job
	Partitionable Resources :    Usage  Request Allocated
	   Cpus                 :                 1         1
	   Disk (KB)            :       82  1024000   2046412
	   Memory (MB)          :      328     2000      2000
...
