000 (9230.000.000) 03/29 09:45:04 Job submitted from host: <128.101.221.180:9618?addrs=128.101.221.180-9618&noUDP&sock=3943_2604_3>
...
001 (9230.000.000) 03/29 10:10:46 Job executing on host: <128.101.220.49:9618?addrs=128.101.220.49-9618&noUDP&sock=280861_dd0b_4>
...
006 (9230.000.000) 03/29 10:10:55 Image size of job updated: 234664
	160  -  MemoryUsage of job (MB)
	163540  -  ResidentSetSize of job (KB)
...
006 (9230.000.000) 03/29 10:14:20 Image size of job updated: 427404
	160  -  MemoryUsage of job (MB)
	163540  -  ResidentSetSize of job (KB)
...
005 (9230.000.000) 03/29 10:14:21 Job terminated.
	(1) Normal termination (return value 0)
		Usr 0 00:02:22, Sys 0 00:00:45  -  Run Remote Usage
		Usr 0 00:00:00, Sys 0 00:00:00  -  Run Local Usage
		Usr 0 00:02:22, Sys 0 00:00:45  -  Total Remote Usage
		Usr 0 00:00:00, Sys 0 00:00:00  -  Total Local Usage
	39587  -  Run Bytes Sent By Job
	559  -  Run Bytes Received By Job
	39587  -  Total Bytes Sent By Job
	559  -  Total Bytes Received By Job
	Partitionable Resources :    Usage  Request Allocated
	   Cpus                 :                 1         1
	   Disk (KB)            :       52  1024000   1028593
	   Memory (MB)          :      160     2000      2000
...
