000 (9248.000.000) 03/29 09:45:13 Job submitted from host: <128.101.221.180:9618?addrs=128.101.221.180-9618&noUDP&sock=3943_2604_3>
...
001 (9248.000.000) 03/29 10:15:06 Job executing on host: <128.101.221.175:9618?addrs=128.101.221.175-9618&noUDP&sock=12916_e152_4>
...
006 (9248.000.000) 03/29 10:15:14 Image size of job updated: 235336
	168  -  MemoryUsage of job (MB)
	171468  -  ResidentSetSize of job (KB)
...
006 (9248.000.000) 03/29 10:20:14 Image size of job updated: 329844
	322  -  MemoryUsage of job (MB)
	329680  -  ResidentSetSize of job (KB)
...
006 (9248.000.000) 03/29 10:20:34 Image size of job updated: 727692
	322  -  MemoryUsage of job (MB)
	329680  -  ResidentSetSize of job (KB)
...
005 (9248.000.000) 03/29 10:20:35 Job terminated.
	(1) Normal termination (return value 0)
		Usr 0 00:03:17, Sys 0 00:01:52  -  Run Remote Usage
		Usr 0 00:00:00, Sys 0 00:00:00  -  Run Local Usage
		Usr 0 00:03:17, Sys 0 00:01:52  -  Total Remote Usage
		Usr 0 00:00:00, Sys 0 00:00:00  -  Total Local Usage
	47319  -  Run Bytes Sent By Job
	559  -  Run Bytes Received By Job
	47319  -  Total Bytes Sent By Job
	559  -  Total Bytes Received By Job
	Partitionable Resources :    Usage  Request Allocated
	   Cpus                 :                 1         1
	   Disk (KB)            :       59  1024000   1931170
	   Memory (MB)          :      322     2000      2000
...
