000 (9267.000.000) 03/29 09:45:22 Job submitted from host: <128.101.221.180:9618?addrs=128.101.221.180-9618&noUDP&sock=3943_2604_3>
...
001 (9267.000.000) 03/29 10:21:27 Job executing on host: <128.101.221.182:9618?addrs=128.101.221.182-9618&noUDP&sock=3902_06a2_4>
...
006 (9267.000.000) 03/29 10:21:36 Image size of job updated: 249244
	171  -  MemoryUsage of job (MB)
	175020  -  ResidentSetSize of job (KB)
...
006 (9267.000.000) 03/29 10:26:37 Image size of job updated: 332036
	324  -  MemoryUsage of job (MB)
	331604  -  ResidentSetSize of job (KB)
...
006 (9267.000.000) 03/29 10:28:01 Image size of job updated: 729720
	324  -  MemoryUsage of job (MB)
	331604  -  ResidentSetSize of job (KB)
...
005 (9267.000.000) 03/29 10:28:02 Job terminated.
	(1) Normal termination (return value 0)
		Usr 0 00:03:57, Sys 0 00:02:08  -  Run Remote Usage
		Usr 0 00:00:00, Sys 0 00:00:00  -  Run Local Usage
		Usr 0 00:03:57, Sys 0 00:02:08  -  Total Remote Usage
		Usr 0 00:00:00, Sys 0 00:00:00  -  Total Local Usage
	57657  -  Run Bytes Sent By Job
	559  -  Run Bytes Received By Job
	57657  -  Total Bytes Sent By Job
	559  -  Total Bytes Received By Job
	Partitionable Resources :    Usage  Request Allocated
	   Cpus                 :                 1         1
	   Disk (KB)            :       69  1024000   2046416
	   Memory (MB)          :      324     2000      2000
...
