000 (9277.000.000) 03/29 09:45:27 Job submitted from host: <128.101.221.180:9618?addrs=128.101.221.180-9618&noUDP&sock=3943_2604_3>
...
001 (9277.000.000) 03/29 10:23:54 Job executing on host: <128.101.220.49:9618?addrs=128.101.220.49-9618&noUDP&sock=280861_dd0b_4>
...
006 (9277.000.000) 03/29 10:24:02 Image size of job updated: 253552
	174  -  MemoryUsage of job (MB)
	177424  -  ResidentSetSize of job (KB)
...
006 (9277.000.000) 03/29 10:29:02 Image size of job updated: 428724
	325  -  MemoryUsage of job (MB)
	332088  -  ResidentSetSize of job (KB)
...
006 (9277.000.000) 03/29 10:32:38 Image size of job updated: 431552
	325  -  MemoryUsage of job (MB)
	332088  -  ResidentSetSize of job (KB)
...
005 (9277.000.000) 03/29 10:32:39 Job terminated.
	(1) Normal termination (return value 0)
		Usr 0 00:05:52, Sys 0 00:02:00  -  Run Remote Usage
		Usr 0 00:00:00, Sys 0 00:00:00  -  Run Local Usage
		Usr 0 00:05:52, Sys 0 00:02:00  -  Total Remote Usage
		Usr 0 00:00:00, Sys 0 00:00:00  -  Total Local Usage
	75966  -  Run Bytes Sent By Job
	559  -  Run Bytes Received By Job
	75966  -  Total Bytes Sent By Job
	559  -  Total Bytes Received By Job
	Partitionable Resources :    Usage  Request Allocated
	   Cpus                 :                 1         1
	   Disk (KB)            :       87  1024000   1028582
	   Memory (MB)          :      325     2000      2000
...
