000 (9273.000.000) 03/29 09:45:25 Job submitted from host: <128.101.221.180:9618?addrs=128.101.221.180-9618&noUDP&sock=3943_2604_3>
...
001 (9273.000.000) 03/29 10:23:12 Job executing on host: <128.101.221.175:9618?addrs=128.101.221.175-9618&noUDP&sock=12916_e152_4>
...
006 (9273.000.000) 03/29 10:23:20 Image size of job updated: 193380
	130  -  MemoryUsage of job (MB)
	132340  -  ResidentSetSize of job (KB)
...
006 (9273.000.000) 03/29 10:28:21 Image size of job updated: 329812
	322  -  MemoryUsage of job (MB)
	329484  -  ResidentSetSize of job (KB)
...
006 (9273.000.000) 03/29 10:33:22 Image size of job updated: 332868
	326  -  MemoryUsage of job (MB)
	332868  -  ResidentSetSize of job (KB)
...
006 (9273.000.000) 03/29 10:36:14 Image size of job updated: 729980
	326  -  MemoryUsage of job (MB)
	332868  -  ResidentSetSize of job (KB)
...
005 (9273.000.000) 03/29 10:36:15 Job terminated.
	(1) Normal termination (return value 0)
		Usr 0 00:07:41, Sys 0 00:04:39  -  Run Remote Usage
		Usr 0 00:00:00, Sys 0 00:00:00  -  Run Local Usage
		Usr 0 00:07:41, Sys 0 00:04:39  -  Total Remote Usage
		Usr 0 00:00:00, Sys 0 00:00:00  -  Total Local Usage
	73310  -  Run Bytes Sent By Job
	559  -  Run Bytes Received By Job
	73310  -  Total Bytes Sent By Job
	559  -  Total Bytes Received By Job
	Partitionable Resources :    Usage  Request Allocated
	   Cpus                 :                 1         1
	   Disk (KB)            :       84  1024000   1931128
	   Memory (MB)          :      326     2000      2000
...
