000 (9286.000.000) 03/29 09:45:31 Job submitted from host: <128.101.221.180:9618?addrs=128.101.221.180-9618&noUDP&sock=3943_2604_3>
...
001 (9286.000.000) 03/29 10:26:23 Job executing on host: <128.101.221.175:9618?addrs=128.101.221.175-9618&noUDP&sock=12916_e152_4>
...
006 (9286.000.000) 03/29 10:26:31 Image size of job updated: 219556
	150  -  MemoryUsage of job (MB)
	153488  -  ResidentSetSize of job (KB)
...
006 (9286.000.000) 03/29 10:31:31 Image size of job updated: 329880
	322  -  MemoryUsage of job (MB)
	329544  -  ResidentSetSize of job (KB)
...
006 (9286.000.000) 03/29 10:36:32 Image size of job updated: 333240
	326  -  MemoryUsage of job (MB)
	333060  -  ResidentSetSize of job (KB)
...
006 (9286.000.000) 03/29 10:40:13 Image size of job updated: 730168
	326  -  MemoryUsage of job (MB)
	333060  -  ResidentSetSize of job (KB)
...
005 (9286.000.000) 03/29 10:40:14 Job terminated.
	(1) Normal termination (return value 0)
		Usr 0 00:08:19, Sys 0 00:04:49  -  Run Remote Usage
		Usr 0 00:00:00, Sys 0 00:00:00  -  Run Local Usage
		Usr 0 00:08:19, Sys 0 00:04:49  -  Total Remote Usage
		Usr 0 00:00:00, Sys 0 00:00:00  -  Total Local Usage
	70249  -  Run Bytes Sent By Job
	559  -  Run Bytes Received By Job
	70249  -  Total Bytes Sent By Job
	559  -  Total Bytes Received By Job
	Partitionable Resources :    Usage  Request Allocated
	   Cpus                 :                 1         1
	   Disk (KB)            :       81  1024000   1931126
	   Memory (MB)          :      326     2000      2000
...
