000 (9260.000.000) 03/29 09:45:19 Job submitted from host: <128.101.221.180:9618?addrs=128.101.221.180-9618&noUDP&sock=3943_2604_3>
...
001 (9260.000.000) 03/29 10:18:37 Job executing on host: <128.101.221.182:9618?addrs=128.101.221.182-9618&noUDP&sock=3902_06a2_4>
...
006 (9260.000.000) 03/29 10:18:45 Image size of job updated: 199920
	162  -  MemoryUsage of job (MB)
	165512  -  ResidentSetSize of job (KB)
...
006 (9260.000.000) 03/29 10:23:45 Image size of job updated: 329732
	322  -  MemoryUsage of job (MB)
	329496  -  ResidentSetSize of job (KB)
...
006 (9260.000.000) 03/29 10:28:36 Image size of job updated: 335056
	322  -  MemoryUsage of job (MB)
	329496  -  ResidentSetSize of job (KB)
...
005 (9260.000.000) 03/29 10:28:37 Job terminated.
	(1) Normal termination (return value 0)
		Usr 0 00:05:57, Sys 0 00:03:22  -  Run Remote Usage
		Usr 0 00:00:00, Sys 0 00:00:00  -  Run Local Usage
		Usr 0 00:05:57, Sys 0 00:03:22  -  Total Remote Usage
		Usr 0 00:00:00, Sys 0 00:00:00  -  Total Local Usage
	74446  -  Run Bytes Sent By Job
	559  -  Run Bytes Received By Job
	74446  -  Total Bytes Sent By Job
	559  -  Total Bytes Received By Job
	Partitionable Resources :    Usage  Request Allocated
	   Cpus                 :                 1         1
	   Disk (KB)            :       85  1024000   2046424
	   Memory (MB)          :      322     2000      2000
...
