000 (9245.000.000) 03/29 09:45:11 Job submitted from host: <128.101.221.180:9618?addrs=128.101.221.180-9618&noUDP&sock=3943_2604_3>
...
001 (9245.000.000) 03/29 10:13:37 Job executing on host: <128.101.221.182:9618?addrs=128.101.221.182-9618&noUDP&sock=3902_06a2_4>
...
006 (9245.000.000) 03/29 10:13:46 Image size of job updated: 262588
	183  -  MemoryUsage of job (MB)
	187196  -  ResidentSetSize of job (KB)
...
006 (9245.000.000) 03/29 10:18:47 Image size of job updated: 327796
	320  -  MemoryUsage of job (MB)
	327428  -  ResidentSetSize of job (KB)
...
006 (9245.000.000) 03/29 10:21:46 Image size of job updated: 729620
	320  -  MemoryUsage of job (MB)
	327428  -  ResidentSetSize of job (KB)
...
005 (9245.000.000) 03/29 10:21:47 Job terminated.
	(1) Normal termination (return value 0)
		Usr 0 00:04:51, Sys 0 00:02:52  -  Run Remote Usage
		Usr 0 00:00:00, Sys 0 00:00:00  -  Run Local Usage
		Usr 0 00:04:51, Sys 0 00:02:52  -  Total Remote Usage
		Usr 0 00:00:00, Sys 0 00:00:00  -  Total Local Usage
	60793  -  Run Bytes Sent By Job
	559  -  Run Bytes Received By Job
	60793  -  Total Bytes Sent By Job
	559  -  Total Bytes Received By Job
	Partitionable Resources :    Usage  Request Allocated
	   Cpus                 :                 1         1
	   Disk (KB)            :       72  1024000   2046418
	   Memory (MB)          :      320     2000      2000
...
