000 (9276.000.000) 03/29 09:45:27 Job submitted from host: <128.101.221.180:9618?addrs=128.101.221.180-9618&noUDP&sock=3943_2604_3>
...
001 (9276.000.000) 03/29 10:23:32 Job executing on host: <128.101.221.175:9618?addrs=128.101.221.175-9618&noUDP&sock=12916_e152_4>
...
006 (9276.000.000) 03/29 10:23:41 Image size of job updated: 197180
	173  -  MemoryUsage of job (MB)
	176952  -  ResidentSetSize of job (KB)
...
006 (9276.000.000) 03/29 10:28:41 Image size of job updated: 331328
	324  -  MemoryUsage of job (MB)
	331312  -  ResidentSetSize of job (KB)
...
006 (9276.000.000) 03/29 10:30:41 Image size of job updated: 730320
	324  -  MemoryUsage of job (MB)
	331312  -  ResidentSetSize of job (KB)
...
005 (9276.000.000) 03/29 10:30:42 Job terminated.
	(1) Normal termination (return value 0)
		Usr 0 00:04:20, Sys 0 00:02:26  -  Run Remote Usage
		Usr 0 00:00:00, Sys 0 00:00:00  -  Run Local Usage
		Usr 0 00:04:20, Sys 0 00:02:26  -  Total Remote Usage
		Usr 0 00:00:00, Sys 0 00:00:00  -  Total Local Usage
	51753  -  Run Bytes Sent By Job
	559  -  Run Bytes Received By Job
	51753  -  Total Bytes Sent By Job
	559  -  Total Bytes Received By Job
	Partitionable Resources :    Usage  Request Allocated
	   Cpus                 :                 1         1
	   Disk (KB)            :       63  1024000   1931132
	   Memory (MB)          :      324     2000      2000
...
