000 (9259.000.000) 03/29 09:45:19 Job submitted from host: <128.101.221.180:9618?addrs=128.101.221.180-9618&noUDP&sock=3943_2604_3>
...
001 (9259.000.000) 03/29 10:18:37 Job executing on host: <128.101.221.182:9618?addrs=128.101.221.182-9618&noUDP&sock=3902_06a2_4>
...
006 (9259.000.000) 03/29 10:18:45 Image size of job updated: 202460
	163  -  MemoryUsage of job (MB)
	166000  -  ResidentSetSize of job (KB)
...
006 (9259.000.000) 03/29 10:23:04 Image size of job updated: 730360
	163  -  MemoryUsage of job (MB)
	166000  -  ResidentSetSize of job (KB)
...
005 (9259.000.000) 03/29 10:23:05 Job terminated.
	(1) Normal termination (return value 0)
		Usr 0 00:02:41, Sys 0 00:01:29  -  Run Remote Usage
		Usr 0 00:00:00, Sys 0 00:00:00  -  Run Local Usage
		Usr 0 00:02:41, Sys 0 00:01:29  -  Total Remote Usage
		Usr 0 00:00:00, Sys 0 00:00:00  -  Total Local Usage
	40683  -  Run Bytes Sent By Job
	559  -  Run Bytes Received By Job
	40683  -  Total Bytes Sent By Job
	559  -  Total Bytes Received By Job
	Partitionable Resources :    Usage  Request Allocated
	   Cpus                 :                 1         1
	   Disk (KB)            :       53  1024000   2046422
	   Memory (MB)          :      163     2000      2000
...
