000 (9261.000.000) 03/29 09:45:20 Job submitted from host: <128.101.221.180:9618?addrs=128.101.221.180-9618&noUDP&sock=3943_2604_3>
...
001 (9261.000.000) 03/29 10:18:54 Job executing on host: <128.101.221.175:9618?addrs=128.101.221.175-9618&noUDP&sock=12916_e152_4>
...
006 (9261.000.000) 03/29 10:19:03 Image size of job updated: 241896
	167  -  MemoryUsage of job (MB)
	170384  -  ResidentSetSize of job (KB)
...
005 (9261.000.000) 03/29 10:23:59 Job terminated.
	(1) Normal termination (return value 0)
		Usr 0 00:03:04, Sys 0 00:01:41  -  Run Remote Usage
		Usr 0 00:00:00, Sys 0 00:00:00  -  Run Local Usage
		Usr 0 00:03:04, Sys 0 00:01:41  -  Total Remote Usage
		Usr 0 00:00:00, Sys 0 00:00:00  -  Total Local Usage
	44890  -  Run Bytes Sent By Job
	559  -  Run Bytes Received By Job
	44890  -  Total Bytes Sent By Job
	559  -  Total Bytes Received By Job
	Partitionable Resources :    Usage  Request Allocated
	   Cpus                 :                 1         1
	   Disk (KB)            :       57  1024000   1931158
	   Memory (MB)          :      167     2000      2000
...
