000 (9266.000.000) 03/29 09:45:22 Job submitted from host: <128.101.221.180:9618?addrs=128.101.221.180-9618&noUDP&sock=3943_2604_3>
...
001 (9266.000.000) 03/29 10:21:04 Job executing on host: <128.101.221.175:9618?addrs=128.101.221.175-9618&noUDP&sock=12916_e152_4>
...
006 (9266.000.000) 03/29 10:21:12 Image size of job updated: 205368
	140  -  MemoryUsage of job (MB)
	142684  -  ResidentSetSize of job (KB)
...
006 (9266.000.000) 03/29 10:23:24 Image size of job updated: 726248
	140  -  MemoryUsage of job (MB)
	142684  -  ResidentSetSize of job (KB)
...
005 (9266.000.000) 03/29 10:23:25 Job terminated.
	(1) Normal termination (return value 0)
		Usr 0 00:01:26, Sys 0 00:00:44  -  Run Remote Usage
		Usr 0 00:00:00, Sys 0 00:00:00  -  Run Local Usage
		Usr 0 00:01:26, Sys 0 00:00:44  -  Total Remote Usage
		Usr 0 00:00:00, Sys 0 00:00:00  -  Total Local Usage
	34293  -  Run Bytes Sent By Job
	559  -  Run Bytes Received By Job
	34293  -  Total Bytes Sent By Job
	559  -  Total Bytes Received By Job
	Partitionable Resources :    Usage  Request Allocated
	   Cpus                 :                 1         1
	   Disk (KB)            :       46  1024000   1931132
	   Memory (MB)          :      140     2000      2000
...
