000 (9289.000.000) 03/29 09:45:33 Job submitted from host: <128.101.221.180:9618?addrs=128.101.221.180-9618&noUDP&sock=3943_2604_3>
...
001 (9289.000.000) 03/29 10:27:45 Job executing on host: <128.101.221.175:9618?addrs=128.101.221.175-9618&noUDP&sock=12916_e152_4>
...
006 (9289.000.000) 03/29 10:27:54 Image size of job updated: 236452
	163  -  MemoryUsage of job (MB)
	166200  -  ResidentSetSize of job (KB)
...
006 (9289.000.000) 03/29 10:32:54 Image size of job updated: 331700
	324  -  MemoryUsage of job (MB)
	331184  -  ResidentSetSize of job (KB)
...
006 (9289.000.000) 03/29 10:37:54 Image size of job updated: 334736
	327  -  MemoryUsage of job (MB)
	334736  -  ResidentSetSize of job (KB)
...
006 (9289.000.000) 03/29 10:39:10 Image size of job updated: 732892
	327  -  MemoryUsage of job (MB)
	334736  -  ResidentSetSize of job (KB)
...
005 (9289.000.000) 03/29 10:39:11 Job terminated.
	(1) Normal termination (return value 0)
		Usr 0 00:06:47, Sys 0 00:04:00  -  Run Remote Usage
		Usr 0 00:00:00, Sys 0 00:00:00  -  Run Local Usage
		Usr 0 00:06:47, Sys 0 00:04:00  -  Total Remote Usage
		Usr 0 00:00:00, Sys 0 00:00:00  -  Total Local Usage
	66274  -  Run Bytes Sent By Job
	559  -  Run Bytes Received By Job
	66274  -  Total Bytes Sent By Job
	559  -  Total Bytes Received By Job
	Partitionable Resources :    Usage  Request Allocated
	   Cpus                 :                 1         1
	   Disk (KB)            :       78  1024000   1931132
	   Memory (MB)          :      327     2000      2000
...
