000 (9264.000.000) 03/29 09:45:21 Job submitted from host: <128.101.221.180:9618?addrs=128.101.221.180-9618&noUDP&sock=3943_2604_3>
...
001 (9264.000.000) 03/29 10:20:21 Job executing on host: <128.101.221.182:9618?addrs=128.101.221.182-9618&noUDP&sock=3902_06a2_4>
...
006 (9264.000.000) 03/29 10:20:30 Image size of job updated: 196452
	132  -  MemoryUsage of job (MB)
	134844  -  ResidentSetSize of job (KB)
...
006 (9264.000.000) 03/29 10:25:30 Image size of job updated: 330012
	322  -  MemoryUsage of job (MB)
	329704  -  ResidentSetSize of job (KB)
...
006 (9264.000.000) 03/29 10:26:10 Image size of job updated: 330116
	322  -  MemoryUsage of job (MB)
	329704  -  ResidentSetSize of job (KB)
...
005 (9264.000.000) 03/29 10:26:11 Job terminated.
	(1) Normal termination (return value 0)
		Usr 0 00:03:30, Sys 0 00:01:55  -  Run Remote Usage
		Usr 0 00:00:00, Sys 0 00:00:00  -  Run Local Usage
		Usr 0 00:03:30, Sys 0 00:01:55  -  Total Remote Usage
		Usr 0 00:00:00, Sys 0 00:00:00  -  Total Local Usage
	50396  -  Run Bytes Sent By Job
	559  -  Run Bytes Received By Job
	50396  -  Total Bytes Sent By Job
	559  -  Total Bytes Received By Job
	Partitionable Resources :    Usage  Request Allocated
	   Cpus                 :                 1         1
	   Disk (KB)            :       62  1024000   2046418
	   Memory (MB)          :      322     2000      2000
...
