000 (9275.000.000) 03/29 09:45:26 Job submitted from host: <128.101.221.180:9618?addrs=128.101.221.180-9618&noUDP&sock=3943_2604_3>
...
001 (9275.000.000) 03/29 10:23:32 Job executing on host: <128.101.221.175:9618?addrs=128.101.221.175-9618&noUDP&sock=12916_e152_4>
...
006 (9275.000.000) 03/29 10:23:41 Image size of job updated: 232992
	190  -  MemoryUsage of job (MB)
	193740  -  ResidentSetSize of job (KB)
...
006 (9275.000.000) 03/29 10:28:42 Image size of job updated: 329556
	322  -  MemoryUsage of job (MB)
	329552  -  ResidentSetSize of job (KB)
...
006 (9275.000.000) 03/29 10:33:42 Image size of job updated: 334692
	327  -  MemoryUsage of job (MB)
	334432  -  ResidentSetSize of job (KB)
...
006 (9275.000.000) 03/29 10:37:01 Image size of job updated: 732940
	327  -  MemoryUsage of job (MB)
	334432  -  ResidentSetSize of job (KB)
...
005 (9275.000.000) 03/29 10:37:02 Job terminated.
	(1) Normal termination (return value 0)
		Usr 0 00:08:04, Sys 0 00:04:43  -  Run Remote Usage
		Usr 0 00:00:00, Sys 0 00:00:00  -  Run Local Usage
		Usr 0 00:08:04, Sys 0 00:04:43  -  Total Remote Usage
		Usr 0 00:00:00, Sys 0 00:00:00  -  Total Local Usage
	84377  -  Run Bytes Sent By Job
	559  -  Run Bytes Received By Job
	84377  -  Total Bytes Sent By Job
	559  -  Total Bytes Received By Job
	Partitionable Resources :    Usage  Request Allocated
	   Cpus                 :                 1         1
	   Disk (KB)            :       95  1024000   1931130
	   Memory (MB)          :      327     2000      2000
...
