000 (9285.000.000) 03/29 09:45:31 Job submitted from host: <128.101.221.180:9618?addrs=128.101.221.180-9618&noUDP&sock=3943_2604_3>
...
001 (9285.000.000) 03/29 10:26:12 Job executing on host: <128.101.221.182:9618?addrs=128.101.221.182-9618&noUDP&sock=3902_06a2_4>
...
006 (9285.000.000) 03/29 10:26:21 Image size of job updated: 300208
	214  -  MemoryUsage of job (MB)
	218404  -  ResidentSetSize of job (KB)
...
006 (9285.000.000) 03/29 10:31:22 Image size of job updated: 333112
	325  -  MemoryUsage of job (MB)
	332532  -  ResidentSetSize of job (KB)
...
006 (9285.000.000) 03/29 10:32:45 Image size of job updated: 733072
	325  -  MemoryUsage of job (MB)
	332532  -  ResidentSetSize of job (KB)
...
005 (9285.000.000) 03/29 10:32:46 Job terminated.
	(1) Normal termination (return value 0)
		Usr 0 00:04:08, Sys 0 00:01:53  -  Run Remote Usage
		Usr 0 00:00:00, Sys 0 00:00:00  -  Run Local Usage
		Usr 0 00:04:08, Sys 0 00:01:53  -  Total Remote Usage
		Usr 0 00:00:00, Sys 0 00:00:00  -  Total Local Usage
	61653  -  Run Bytes Sent By Job
	559  -  Run Bytes Received By Job
	61653  -  Total Bytes Sent By Job
	559  -  Total Bytes Received By Job
	Partitionable Resources :    Usage  Request Allocated
	   Cpus                 :                 1         1
	   Disk (KB)            :       73  1024000   2046418
	   Memory (MB)          :      325     2000      2000
...
