000 (9239.000.000) 03/29 09:45:09 Job submitted from host: <128.101.221.180:9618?addrs=128.101.221.180-9618&noUDP&sock=3943_2604_3>
...
001 (9239.000.000) 03/29 10:12:44 Job executing on host: <128.101.221.182:9618?addrs=128.101.221.182-9618&noUDP&sock=3902_06a2_4>
...
006 (9239.000.000) 03/29 10:12:53 Image size of job updated: 233872
	189  -  MemoryUsage of job (MB)
	192564  -  ResidentSetSize of job (KB)
...
006 (9239.000.000) 03/29 10:17:54 Image size of job updated: 329144
	322  -  MemoryUsage of job (MB)
	329136  -  ResidentSetSize of job (KB)
...
006 (9239.000.000) 03/29 10:22:54 Image size of job updated: 334948
	327  -  MemoryUsage of job (MB)
	334456  -  ResidentSetSize of job (KB)
...
005 (9239.000.000) 03/29 10:23:09 Job terminated.
	(1) Normal termination (return value 0)
		Usr 0 00:06:14, Sys 0 00:03:39  -  Run Remote Usage
		Usr 0 00:00:00, Sys 0 00:00:00  -  Run Local Usage
		Usr 0 00:06:14, Sys 0 00:03:39  -  Total Remote Usage
		Usr 0 00:00:00, Sys 0 00:00:00  -  Total Local Usage
	59005  -  Run Bytes Sent By Job
	559  -  Run Bytes Received By Job
	59005  -  Total Bytes Sent By Job
	559  -  Total Bytes Received By Job
	Partitionable Resources :    Usage  Request Allocated
	   Cpus                 :                 1         1
	   Disk (KB)            :       71  1024000   2046474
	   Memory (MB)          :      327     2000      2000
...
