000 (9242.000.000) 03/29 09:45:10 Job submitted from host: <128.101.221.180:9618?addrs=128.101.221.180-9618&noUDP&sock=3943_2604_3>
...
001 (9242.000.000) 03/29 10:13:06 Job executing on host: <128.101.221.182:9618?addrs=128.101.221.182-9618&noUDP&sock=3902_06a2_4>
...
006 (9242.000.000) 03/29 10:13:14 Image size of job updated: 261284
	181  -  MemoryUsage of job (MB)
	185004  -  ResidentSetSize of job (KB)
...
006 (9242.000.000) 03/29 10:17:30 Image size of job updated: 732156
	181  -  MemoryUsage of job (MB)
	185004  -  ResidentSetSize of job (KB)
...
005 (9242.000.000) 03/29 10:17:32 Job terminated.
	(1) Normal termination (return value 0)
		Usr 0 00:02:42, Sys 0 00:01:28  -  Run Remote Usage
		Usr 0 00:00:00, Sys 0 00:00:00  -  Run Local Usage
		Usr 0 00:02:42, Sys 0 00:01:28  -  Total Remote Usage
		Usr 0 00:00:00, Sys 0 00:00:00  -  Total Local Usage
	42238  -  Run Bytes Sent By Job
	559  -  Run Bytes Received By Job
	42238  -  Total Bytes Sent By Job
	559  -  Total Bytes Received By Job
	Partitionable Resources :    Usage  Request Allocated
	   Cpus                 :                 1         1
	   Disk (KB)            :       54  1024000   2046476
	   Memory (MB)          :      181     2000      2000
...
