000 (9251.000.000) 03/29 09:45:15 Job submitted from host: <128.101.221.180:9618?addrs=128.101.221.180-9618&noUDP&sock=3943_2604_3>
...
001 (9251.000.000) 03/29 10:15:22 Job executing on host: <128.101.221.172:9618?addrs=128.101.221.172-9618&noUDP&sock=1824113_5f8e_4>
...
006 (9251.000.000) 03/29 10:15:31 Image size of job updated: 200616
	134  -  MemoryUsage of job (MB)
	137112  -  ResidentSetSize of job (KB)
...
006 (9251.000.000) 03/29 10:20:32 Image size of job updated: 427952
	324  -  MemoryUsage of job (MB)
	331316  -  ResidentSetSize of job (KB)
...
006 (9251.000.000) 03/29 10:22:21 Image size of job updated: 730060
	324  -  MemoryUsage of job (MB)
	331316  -  ResidentSetSize of job (KB)
...
005 (9251.000.000) 03/29 10:22:22 Job terminated.
	(1) Normal termination (return value 0)
		Usr 0 00:04:46, Sys 0 00:01:38  -  Run Remote Usage
		Usr 0 00:00:00, Sys 0 00:00:00  -  Run Local Usage
		Usr 0 00:04:46, Sys 0 00:01:38  -  Total Remote Usage
		Usr 0 00:00:00, Sys 0 00:00:00  -  Total Local Usage
	58786  -  Run Bytes Sent By Job
	559  -  Run Bytes Received By Job
	58786  -  Total Bytes Sent By Job
	559  -  Total Bytes Received By Job
	Partitionable Resources :    Usage  Request Allocated
	   Cpus                 :                 1         1
	   Disk (KB)            :       70  1024000   1028961
	   Memory (MB)          :      324     2000      2000
...
