000 (9278.000.000) 03/29 09:45:28 Job submitted from host: <128.101.221.180:9618?addrs=128.101.221.180-9618&noUDP&sock=3943_2604_3>
...
001 (9278.000.000) 03/29 10:23:55 Job executing on host: <128.101.221.175:9618?addrs=128.101.221.175-9618&noUDP&sock=12916_e152_4>
...
006 (9278.000.000) 03/29 10:24:04 Image size of job updated: 266748
	191  -  MemoryUsage of job (MB)
	194948  -  ResidentSetSize of job (KB)
...
006 (9278.000.000) 03/29 10:29:05 Image size of job updated: 329680
	322  -  MemoryUsage of job (MB)
	329668  -  ResidentSetSize of job (KB)
...
006 (9278.000.000) 03/29 10:34:06 Image size of job updated: 335420
	328  -  MemoryUsage of job (MB)
	334996  -  ResidentSetSize of job (KB)
...
005 (9278.000.000) 03/29 10:35:35 Job terminated.
	(1) Normal termination (return value 0)
		Usr 0 00:06:46, Sys 0 00:04:15  -  Run Remote Usage
		Usr 0 00:00:00, Sys 0 00:00:00  -  Run Local Usage
		Usr 0 00:06:46, Sys 0 00:04:15  -  Total Remote Usage
		Usr 0 00:00:00, Sys 0 00:00:00  -  Total Local Usage
	71091  -  Run Bytes Sent By Job
	559  -  Run Bytes Received By Job
	71091  -  Total Bytes Sent By Job
	559  -  Total Bytes Received By Job
	Partitionable Resources :    Usage  Request Allocated
	   Cpus                 :                 1         1
	   Disk (KB)            :       82  1024000   1931130
	   Memory (MB)          :      328     2000      2000
...
