000 (9271.000.000) 03/29 09:45:25 Job submitted from host: <128.101.221.180:9618?addrs=128.101.221.180-9618&noUDP&sock=3943_2604_3>
...
001 (9271.000.000) 03/29 10:23:06 Job executing on host: <128.101.221.182:9618?addrs=128.101.221.182-9618&noUDP&sock=3902_06a2_4>
...
006 (9271.000.000) 03/29 10:23:15 Image size of job updated: 243088
	168  -  MemoryUsage of job (MB)
	171224  -  ResidentSetSize of job (KB)
...
006 (9271.000.000) 03/29 10:28:15 Image size of job updated: 330028
	322  -  MemoryUsage of job (MB)
	329440  -  ResidentSetSize of job (KB)
...
005 (9271.000.000) 03/29 10:29:23 Job terminated.
	(1) Normal termination (return value 0)
		Usr 0 00:03:46, Sys 0 00:01:59  -  Run Remote Usage
		Usr 0 00:00:00, Sys 0 00:00:00  -  Run Local Usage
		Usr 0 00:03:46, Sys 0 00:01:59  -  Total Remote Usage
		Usr 0 00:00:00, Sys 0 00:00:00  -  Total Local Usage
	63435  -  Run Bytes Sent By Job
	559  -  Run Bytes Received By Job
	63435  -  Total Bytes Sent By Job
	559  -  Total Bytes Received By Job
	Partitionable Resources :    Usage  Request Allocated
	   Cpus                 :                 1         1
	   Disk (KB)            :       75  1024000   2046422
	   Memory (MB)          :      322     2000      2000
...
