000 (9234.000.000) 03/29 09:45:06 Job submitted from host: <128.101.221.180:9618?addrs=128.101.221.180-9618&noUDP&sock=3943_2604_3>
...
001 (9234.000.000) 03/29 10:10:57 Job executing on host: <128.101.221.172:9618?addrs=128.101.221.172-9618&noUDP&sock=1824113_5f8e_4>
...
006 (9234.000.000) 03/29 10:11:06 Image size of job updated: 187524
	123  -  MemoryUsage of job (MB)
	125680  -  ResidentSetSize of job (KB)
...
006 (9234.000.000) 03/29 10:15:01 Image size of job updated: 427928
	123  -  MemoryUsage of job (MB)
	125680  -  ResidentSetSize of job (KB)
...
005 (9234.000.000) 03/29 10:15:02 Job terminated.
	(1) Normal termination (return value 0)
		Usr 0 00:02:48, Sys 0 00:00:54  -  Run Remote Usage
		Usr 0 00:00:00, Sys 0 00:00:00  -  Run Local Usage
		Usr 0 00:02:48, Sys 0 00:00:54  -  Total Remote Usage
		Usr 0 00:00:00, Sys 0 00:00:00  -  Total Local Usage
	40265  -  Run Bytes Sent By Job
	559  -  Run Bytes Received By Job
	40265  -  Total Bytes Sent By Job
	559  -  Total Bytes Received By Job
	Partitionable Resources :    Usage  Request Allocated
	   Cpus                 :                 1         1
	   Disk (KB)            :       52  1024000   1028978
	   Memory (MB)          :      123     2000      2000
...
