000 (9238.000.000) 03/29 09:45:08 Job submitted from host: <128.101.221.180:9618?addrs=128.101.221.180-9618&noUDP&sock=3943_2604_3>
...
001 (9238.000.000) 03/29 10:12:42 Job executing on host: <128.101.221.182:9618?addrs=128.101.221.182-9618&noUDP&sock=3902_06a2_4>
...
006 (9238.000.000) 03/29 10:12:51 Image size of job updated: 209316
	171  -  MemoryUsage of job (MB)
	174552  -  ResidentSetSize of job (KB)
...
006 (9238.000.000) 03/29 10:17:52 Image size of job updated: 328740
	321  -  MemoryUsage of job (MB)
	328420  -  ResidentSetSize of job (KB)
...
006 (9238.000.000) 03/29 10:22:39 Image size of job updated: 333648
	321  -  MemoryUsage of job (MB)
	328420  -  ResidentSetSize of job (KB)
...
005 (9238.000.000) 03/29 10:22:41 Job terminated.
	(1) Normal termination (return value 0)
		Usr 0 00:05:58, Sys 0 00:03:27  -  Run Remote Usage
		Usr 0 00:00:00, Sys 0 00:00:00  -  Run Local Usage
		Usr 0 00:05:58, Sys 0 00:03:27  -  Total Remote Usage
		Usr 0 00:00:00, Sys 0 00:00:00  -  Total Local Usage
	68061  -  Run Bytes Sent By Job
	559  -  Run Bytes Received By Job
	68061  -  Total Bytes Sent By Job
	559  -  Total Bytes Received By Job
	Partitionable Resources :    Usage  Request Allocated
	   Cpus                 :                 1         1
	   Disk (KB)            :       79  1024000   2046474
	   Memory (MB)          :      321     2000      2000
...
