000 (9287.000.000) 03/29 09:45:32 Job submitted from host: <128.101.221.180:9618?addrs=128.101.221.180-9618&noUDP&sock=3943_2604_3>
...
001 (9287.000.000) 03/29 10:27:08 Job executing on host: <128.101.221.176:9618?addrs=128.101.221.176-9618&noUDP&sock=2756849_b007_4>
...
006 (9287.000.000) 03/29 10:27:16 Image size of job updated: 183352
	121  -  MemoryUsage of job (MB)
	123076  -  ResidentSetSize of job (KB)
...
006 (9287.000.000) 03/29 10:32:16 Image size of job updated: 421388
	320  -  MemoryUsage of job (MB)
	327248  -  ResidentSetSize of job (KB)
...
005 (9287.000.000) 03/29 10:36:01 Job terminated.
	(1) Normal termination (return value 0)
		Usr 0 00:06:14, Sys 0 00:02:05  -  Run Remote Usage
		Usr 0 00:00:00, Sys 0 00:00:00  -  Run Local Usage
		Usr 0 00:06:14, Sys 0 00:02:05  -  Total Remote Usage
		Usr 0 00:00:00, Sys 0 00:00:00  -  Total Local Usage
	60559  -  Run Bytes Sent By Job
	559  -  Run Bytes Received By Job
	60559  -  Total Bytes Sent By Job
	559  -  Total Bytes Received By Job
	Partitionable Resources :    Usage  Request Allocated
	   Cpus                 :                 1         1
	   Disk (KB)            :       72  1024000   1026316
	   Memory (MB)          :      320     2000      2000
...
