000 (9232.000.000) 03/29 09:45:05 Job submitted from host: <128.101.221.180:9618?addrs=128.101.221.180-9618&noUDP&sock=3943_2604_3>
...
001 (9232.000.000) 03/29 10:10:46 Job executing on host: <128.101.221.175:9618?addrs=128.101.221.175-9618&noUDP&sock=12916_e152_4>
...
006 (9232.000.000) 03/29 10:10:55 Image size of job updated: 191160
	172  -  MemoryUsage of job (MB)
	175904  -  ResidentSetSize of job (KB)
...
006 (9232.000.000) 03/29 10:15:55 Image size of job updated: 329824
	322  -  MemoryUsage of job (MB)
	329404  -  ResidentSetSize of job (KB)
...
006 (9232.000.000) 03/29 10:19:47 Image size of job updated: 732924
	322  -  MemoryUsage of job (MB)
	329404  -  ResidentSetSize of job (KB)
...
005 (9232.000.000) 03/29 10:19:49 Job terminated.
	(1) Normal termination (return value 0)
		Usr 0 00:05:21, Sys 0 00:03:10  -  Run Remote Usage
		Usr 0 00:00:00, Sys 0 00:00:00  -  Run Local Usage
		Usr 0 00:05:21, Sys 0 00:03:10  -  Total Remote Usage
		Usr 0 00:00:00, Sys 0 00:00:00  -  Total Local Usage
	60366  -  Run Bytes Sent By Job
	559  -  Run Bytes Received By Job
	60366  -  Total Bytes Sent By Job
	559  -  Total Bytes Received By Job
	Partitionable Resources :    Usage  Request Allocated
	   Cpus                 :                 1         1
	   Disk (KB)            :       72  1024000   1931154
	   Memory (MB)          :      322     2000      2000
...
