000 (9265.000.000) 03/29 09:45:22 Job submitted from host: <128.101.221.180:9618?addrs=128.101.221.180-9618&noUDP&sock=3943_2604_3>
...
001 (9265.000.000) 03/29 10:21:04 Job executing on host: <128.101.221.186:9618?addrs=128.101.221.186-9618&noUDP&sock=3131318_464d_4>
...
006 (9265.000.000) 03/29 10:21:12 Image size of job updated: 147756
	94  -  MemoryUsage of job (MB)
	96252  -  ResidentSetSize of job (KB)
...
006 (9265.000.000) 03/29 10:24:22 Image size of job updated: 427604
	94  -  MemoryUsage of job (MB)
	96252  -  ResidentSetSize of job (KB)
...
005 (9265.000.000) 03/29 10:24:23 Job terminated.
	(1) Normal termination (return value 0)
		Usr 0 00:02:14, Sys 0 00:00:41  -  Run Remote Usage
		Usr 0 00:00:00, Sys 0 00:00:00  -  Run Local Usage
		Usr 0 00:02:14, Sys 0 00:00:41  -  Total Remote Usage
		Usr 0 00:00:00, Sys 0 00:00:00  -  Total Local Usage
	40899  -  Run Bytes Sent By Job
	559  -  Run Bytes Received By Job
	40899  -  Total Bytes Sent By Job
	559  -  Total Bytes Received By Job
	Partitionable Resources :    Usage  Request Allocated
	   Cpus                 :                 1         1
	   Disk (KB)            :       53  1024000   1027027
	   Memory (MB)          :       94     2000      2000
...
