000 (9274.000.000) 03/29 09:45:26 Job submitted from host: <128.101.221.180:9618?addrs=128.101.221.180-9618&noUDP&sock=3943_2604_3>
...
001 (9274.000.000) 03/29 10:23:26 Job executing on host: <128.101.221.176:9618?addrs=128.101.221.176-9618&noUDP&sock=2756849_b007_4>
...
006 (9274.000.000) 03/29 10:23:35 Image size of job updated: 184704
	122  -  MemoryUsage of job (MB)
	124256  -  ResidentSetSize of job (KB)
...
005 (9274.000.000) 03/29 10:26:43 Job terminated.
	(1) Normal termination (return value 0)
		Usr 0 00:02:18, Sys 0 00:00:42  -  Run Remote Usage
		Usr 0 00:00:00, Sys 0 00:00:00  -  Run Local Usage
		Usr 0 00:02:18, Sys 0 00:00:42  -  Total Remote Usage
		Usr 0 00:00:00, Sys 0 00:00:00  -  Total Local Usage
	35204  -  Run Bytes Sent By Job
	559  -  Run Bytes Received By Job
	35204  -  Total Bytes Sent By Job
	559  -  Total Bytes Received By Job
	Partitionable Resources :    Usage  Request Allocated
	   Cpus                 :                 1         1
	   Disk (KB)            :       48  1024000   1026333
	   Memory (MB)          :      122     2000      2000
...
