000 (9270.000.000) 03/29 09:45:24 Job submitted from host: <128.101.221.180:9618?addrs=128.101.221.180-9618&noUDP&sock=3943_2604_3>
...
001 (9270.000.000) 03/29 10:22:23 Job executing on host: <128.101.221.172:9618?addrs=128.101.221.172-9618&noUDP&sock=1824113_5f8e_4>
...
006 (9270.000.000) 03/29 10:22:32 Image size of job updated: 208944
	141  -  MemoryUsage of job (MB)
	143924  -  ResidentSetSize of job (KB)
...
006 (9270.000.000) 03/29 10:27:33 Image size of job updated: 426476
	323  -  MemoryUsage of job (MB)
	329844  -  ResidentSetSize of job (KB)
...
006 (9270.000.000) 03/29 10:28:31 Image size of job updated: 726976
	323  -  MemoryUsage of job (MB)
	329844  -  ResidentSetSize of job (KB)
...
005 (9270.000.000) 03/29 10:28:32 Job terminated.
	(1) Normal termination (return value 0)
		Usr 0 00:04:13, Sys 0 00:01:24  -  Run Remote Usage
		Usr 0 00:00:00, Sys 0 00:00:00  -  Run Local Usage
		Usr 0 00:04:13, Sys 0 00:01:24  -  Total Remote Usage
		Usr 0 00:00:00, Sys 0 00:00:00  -  Total Local Usage
	40697  -  Run Bytes Sent By Job
	559  -  Run Bytes Received By Job
	40697  -  Total Bytes Sent By Job
	559  -  Total Bytes Received By Job
	Partitionable Resources :    Usage  Request Allocated
	   Cpus                 :                 1         1
	   Disk (KB)            :       53  1024000   1028961
	   Memory (MB)          :      323     2000      2000
...
