000 (9255.000.000) 03/29 09:45:17 Job submitted from host: <128.101.221.180:9618?addrs=128.101.221.180-9618&noUDP&sock=3943_2604_3>
...
001 (9255.000.000) 03/29 10:16:29 Job executing on host: <128.101.221.175:9618?addrs=128.101.221.175-9618&noUDP&sock=12916_e152_4>
...
006 (9255.000.000) 03/29 10:16:38 Image size of job updated: 246556
	195  -  MemoryUsage of job (MB)
	199060  -  ResidentSetSize of job (KB)
...
006 (9255.000.000) 03/29 10:21:39 Image size of job updated: 331628
	324  -  MemoryUsage of job (MB)
	331368  -  ResidentSetSize of job (KB)
...
006 (9255.000.000) 03/29 10:23:32 Image size of job updated: 730060
	324  -  MemoryUsage of job (MB)
	331368  -  ResidentSetSize of job (KB)
...
005 (9255.000.000) 03/29 10:23:33 Job terminated.
	(1) Normal termination (return value 0)
		Usr 0 00:04:12, Sys 0 00:02:29  -  Run Remote Usage
		Usr 0 00:00:00, Sys 0 00:00:00  -  Run Local Usage
		Usr 0 00:04:12, Sys 0 00:02:29  -  Total Remote Usage
		Usr 0 00:00:00, Sys 0 00:00:00  -  Total Local Usage
	51935  -  Run Bytes Sent By Job
	559  -  Run Bytes Received By Job
	51935  -  Total Bytes Sent By Job
	559  -  Total Bytes Received By Job
	Partitionable Resources :    Usage  Request Allocated
	   Cpus                 :                 1         1
	   Disk (KB)            :       64  1024000   1931156
	   Memory (MB)          :      324     2000      2000
...
