000 (9243.000.000) 03/29 09:45:11 Job submitted from host: <128.101.221.180:9618?addrs=128.101.221.180-9618&noUDP&sock=3943_2604_3>
...
001 (9243.000.000) 03/29 10:13:14 Job executing on host: <128.101.221.182:9618?addrs=128.101.221.182-9618&noUDP&sock=3902_06a2_4>
...
006 (9243.000.000) 03/29 10:13:22 Image size of job updated: 234932
	172  -  MemoryUsage of job (MB)
	176052  -  ResidentSetSize of job (KB)
...
005 (9243.000.000) 03/29 10:18:23 Job terminated.
	(1) Normal termination (return value 0)
		Usr 0 00:03:05, Sys 0 00:01:46  -  Run Remote Usage
		Usr 0 00:00:00, Sys 0 00:00:00  -  Run Local Usage
		Usr 0 00:03:05, Sys 0 00:01:46  -  Total Remote Usage
		Usr 0 00:00:00, Sys 0 00:00:00  -  Total Local Usage
	45114  -  Run Bytes Sent By Job
	559  -  Run Bytes Received By Job
	45114  -  Total Bytes Sent By Job
	559  -  Total Bytes Received By Job
	Partitionable Resources :    Usage  Request Allocated
	   Cpus                 :                 1         1
	   Disk (KB)            :       57  1024000   2046474
	   Memory (MB)          :      172     2000      2000
...
