000 (9272.000.000) 03/29 09:45:25 Job submitted from host: <128.101.221.180:9618?addrs=128.101.221.180-9618&noUDP&sock=3943_2604_3>
...
001 (9272.000.000) 03/29 10:23:26 Job executing on host: <128.101.221.175:9618?addrs=128.101.221.175-9618&noUDP&sock=12916_e152_4>
...
006 (9272.000.000) 03/29 10:23:35 Image size of job updated: 220652
	199  -  MemoryUsage of job (MB)
	203680  -  ResidentSetSize of job (KB)
...
006 (9272.000.000) 03/29 10:27:43 Image size of job updated: 730056
	199  -  MemoryUsage of job (MB)
	203680  -  ResidentSetSize of job (KB)
...
005 (9272.000.000) 03/29 10:27:44 Job terminated.
	(1) Normal termination (return value 0)
		Usr 0 00:02:37, Sys 0 00:01:25  -  Run Remote Usage
		Usr 0 00:00:00, Sys 0 00:00:00  -  Run Local Usage
		Usr 0 00:02:37, Sys 0 00:01:25  -  Total Remote Usage
		Usr 0 00:00:00, Sys 0 00:00:00  -  Total Local Usage
	39582  -  Run Bytes Sent By Job
	559  -  Run Bytes Received By Job
	39582  -  Total Bytes Sent By Job
	559  -  Total Bytes Received By Job
	Partitionable Resources :    Usage  Request Allocated
	   Cpus                 :                 1         1
	   Disk (KB)            :       52  1024000   1931132
	   Memory (MB)          :      199     2000      2000
...
