000 (9240.000.000) 03/29 09:45:09 Job submitted from host: <128.101.221.180:9618?addrs=128.101.221.180-9618&noUDP&sock=3943_2604_3>
...
001 (9240.000.000) 03/29 10:12:48 Job executing on host: <128.101.221.175:9618?addrs=128.101.221.175-9618&noUDP&sock=12916_e152_4>
...
006 (9240.000.000) 03/29 10:12:56 Image size of job updated: 150600
	135  -  MemoryUsage of job (MB)
	137288  -  ResidentSetSize of job (KB)
...
006 (9240.000.000) 03/29 10:17:56 Image size of job updated: 329700
	322  -  MemoryUsage of job (MB)
	329340  -  ResidentSetSize of job (KB)
...
006 (9240.000.000) 03/29 10:22:57 Image size of job updated: 335876
	328  -  MemoryUsage of job (MB)
	335568  -  ResidentSetSize of job (KB)
...
005 (9240.000.000) 03/29 10:24:46 Job terminated.
	(1) Normal termination (return value 0)
		Usr 0 00:07:08, Sys 0 00:04:13  -  Run Remote Usage
		Usr 0 00:00:00, Sys 0 00:00:00  -  Run Local Usage
		Usr 0 00:07:08, Sys 0 00:04:13  -  Total Remote Usage
		Usr 0 00:00:00, Sys 0 00:00:00  -  Total Local Usage
	63876  -  Run Bytes Sent By Job
	559  -  Run Bytes Received By Job
	63876  -  Total Bytes Sent By Job
	559  -  Total Bytes Received By Job
	Partitionable Resources :    Usage  Request Allocated
	   Cpus                 :                 1         1
	   Disk (KB)            :       75  1024000   1931176
	   Memory (MB)          :      328     2000      2000
...
