000 (9282.000.000) 03/29 09:45:30 Job submitted from host: <128.101.221.180:9618?addrs=128.101.221.180-9618&noUDP&sock=3943_2604_3>
...
001 (9282.000.000) 03/29 10:25:02 Job executing on host: <128.101.220.87:9618?addrs=128.101.220.87-9618&noUDP&sock=465496_1dbd_4>
...
006 (9282.000.000) 03/29 10:25:10 Image size of job updated: 213344
	144  -  MemoryUsage of job (MB)
	147136  -  ResidentSetSize of job (KB)
...
006 (9282.000.000) 03/29 10:30:10 Image size of job updated: 428352
	324  -  MemoryUsage of job (MB)
	331716  -  ResidentSetSize of job (KB)
...
006 (9282.000.000) 03/29 10:31:53 Image size of job updated: 431584
	324  -  MemoryUsage of job (MB)
	331716  -  ResidentSetSize of job (KB)
...
005 (9282.000.000) 03/29 10:31:54 Job terminated.
	(1) Normal termination (return value 0)
		Usr 0 00:04:37, Sys 0 00:01:31  -  Run Remote Usage
		Usr 0 00:00:00, Sys 0 00:00:00  -  Run Local Usage
		Usr 0 00:04:37, Sys 0 00:01:31  -  Total Remote Usage
		Usr 0 00:00:00, Sys 0 00:00:00  -  Total Local Usage
	57676  -  Run Bytes Sent By Job
	559  -  Run Bytes Received By Job
	57676  -  Total Bytes Sent By Job
	559  -  Total Bytes Received By Job
	Partitionable Resources :    Usage  Request Allocated
	   Cpus                 :                 1         1
	   Disk (KB)            :       69  1024000   1029149
	   Memory (MB)          :      324     2000      2000
...
