000 (9284.000.000) 03/29 09:45:30 Job submitted from host: <128.101.221.180:9618?addrs=128.101.221.180-9618&noUDP&sock=3943_2604_3>
...
001 (9284.000.000) 03/29 10:25:57 Job executing on host: <128.101.221.176:9618?addrs=128.101.221.176-9618&noUDP&sock=2756849_b007_4>
...
006 (9284.000.000) 03/29 10:26:06 Image size of job updated: 235676
	162  -  MemoryUsage of job (MB)
	165084  -  ResidentSetSize of job (KB)
...
006 (9284.000.000) 03/29 10:31:07 Image size of job updated: 332988
	323  -  MemoryUsage of job (MB)
	330492  -  ResidentSetSize of job (KB)
...
005 (9284.000.000) 03/29 10:32:17 Job terminated.
	(1) Normal termination (return value 0)
		Usr 0 00:04:24, Sys 0 00:01:28  -  Run Remote Usage
		Usr 0 00:00:00, Sys 0 00:00:00  -  Run Local Usage
		Usr 0 00:04:24, Sys 0 00:01:28  -  Total Remote Usage
		Usr 0 00:00:00, Sys 0 00:00:00  -  Total Local Usage
	48648  -  Run Bytes Sent By Job
	559  -  Run Bytes Received By Job
	48648  -  Total Bytes Sent By Job
	559  -  Total Bytes Received By Job
	Partitionable Resources :    Usage  Request Allocated
	   Cpus                 :                 1         1
	   Disk (KB)            :       61  1024000   1026330
	   Memory (MB)          :      323     2000      2000
...
