000 (9290.000.000) 03/29 09:45:33 Job submitted from host: <128.101.221.180:9618?addrs=128.101.221.180-9618&noUDP&sock=3943_2604_3>
...
001 (9290.000.000) 03/29 10:28:04 Job executing on host: <128.101.221.182:9618?addrs=128.101.221.182-9618&noUDP&sock=3902_06a2_4>
...
006 (9290.000.000) 03/29 10:28:12 Image size of job updated: 320448
	230  -  MemoryUsage of job (MB)
	235476  -  ResidentSetSize of job (KB)
...
005 (9290.000.000) 03/29 10:31:54 Job terminated.
	(1) Normal termination (return value 0)
		Usr 0 00:02:26, Sys 0 00:01:03  -  Run Remote Usage
		Usr 0 00:00:00, Sys 0 00:00:00  -  Run Local Usage
		Usr 0 00:02:26, Sys 0 00:01:03  -  Total Remote Usage
		Usr 0 00:00:00, Sys 0 00:00:00  -  Total Local Usage
	44891  -  Run Bytes Sent By Job
	559  -  Run Bytes Received By Job
	44891  -  Total Bytes Sent By Job
	559  -  Total Bytes Received By Job
	Partitionable Resources :    Usage  Request Allocated
	   Cpus                 :                 1         1
	   Disk (KB)            :       57  1024000   2046416
	   Memory (MB)          :      230     2000      2000
...
