000 (9268.000.000) 03/29 09:45:23 Job submitted from host: <128.101.221.180:9618?addrs=128.101.221.180-9618&noUDP&sock=3943_2604_3>
...
001 (9268.000.000) 03/29 10:21:49 Job executing on host: <128.101.221.182:9618?addrs=128.101.221.182-9618&noUDP&sock=3902_06a2_4>
...
006 (9268.000.000) 03/29 10:21:57 Image size of job updated: 242548
	167  -  MemoryUsage of job (MB)
	170428  -  ResidentSetSize of job (KB)
...
006 (9268.000.000) 03/29 10:26:57 Image size of job updated: 331888
	324  -  MemoryUsage of job (MB)
	331152  -  ResidentSetSize of job (KB)
...
006 (9268.000.000) 03/29 10:29:51 Image size of job updated: 332208
	324  -  MemoryUsage of job (MB)
	331152  -  ResidentSetSize of job (KB)
...
005 (9268.000.000) 03/29 10:29:52 Job terminated.
	(1) Normal termination (return value 0)
		Usr 0 00:04:52, Sys 0 00:02:35  -  Run Remote Usage
		Usr 0 00:00:00, Sys 0 00:00:00  -  Run Local Usage
		Usr 0 00:04:52, Sys 0 00:02:35  -  Total Remote Usage
		Usr 0 00:00:00, Sys 0 00:00:00  -  Total Local Usage
	53956  -  Run Bytes Sent By Job
	559  -  Run Bytes Received By Job
	53956  -  Total Bytes Sent By Job
	559  -  Total Bytes Received By Job
	Partitionable Resources :    Usage  Request Allocated
	   Cpus                 :                 1         1
	   Disk (KB)            :       66  1024000   2046418
	   Memory (MB)          :      324     2000      2000
...
