000 (9235.000.000) 03/29 09:45:07 Job submitted from host: <128.101.221.180:9618?addrs=128.101.221.180-9618&noUDP&sock=3943_2604_3>
...
001 (9235.000.000) 03/29 10:11:06 Job executing on host: <128.101.221.182:9618?addrs=128.101.221.182-9618&noUDP&sock=3902_06a2_4>
...
006 (9235.000.000) 03/29 10:11:15 Image size of job updated: 256648
	177  -  MemoryUsage of job (MB)
	180900  -  ResidentSetSize of job (KB)
...
006 (9235.000.000) 03/29 10:14:39 Image size of job updated: 730580
	177  -  MemoryUsage of job (MB)
	180900  -  ResidentSetSize of job (KB)
...
005 (9235.000.000) 03/29 10:14:40 Job terminated.
	(1) Normal termination (return value 0)
		Usr 0 00:02:12, Sys 0 00:01:08  -  Run Remote Usage
		Usr 0 00:00:00, Sys 0 00:00:00  -  Run Local Usage
		Usr 0 00:02:12, Sys 0 00:01:08  -  Total Remote Usage
		Usr 0 00:00:00, Sys 0 00:00:00  -  Total Local Usage
	41372  -  Run Bytes Sent By Job
	559  -  Run Bytes Received By Job
	41372  -  Total Bytes Sent By Job
	559  -  Total Bytes Received By Job
	Partitionable Resources :    Usage  Request Allocated
	   Cpus                 :                 1         1
	   Disk (KB)            :       53  1024000   2046472
	   Memory (MB)          :      177     2000      2000
...
