000 (9257.000.000) 03/29 09:45:17 Job submitted from host: <128.101.221.180:9618?addrs=128.101.221.180-9618&noUDP&sock=3943_2604_3>
...
001 (9257.000.000) 03/29 10:17:31 Job executing on host: <128.101.221.176:9618?addrs=128.101.221.176-9618&noUDP&sock=2756849_b007_4>
...
006 (9257.000.000) 03/29 10:17:39 Image size of job updated: 184284
	121  -  MemoryUsage of job (MB)
	123756  -  ResidentSetSize of job (KB)
...
006 (9257.000.000) 03/29 10:22:39 Image size of job updated: 423636
	322  -  MemoryUsage of job (MB)
	329164  -  ResidentSetSize of job (KB)
...
005 (9257.000.000) 03/29 10:25:56 Job terminated.
	(1) Normal termination (return value 0)
		Usr 0 00:05:51, Sys 0 00:02:01  -  Run Remote Usage
		Usr 0 00:00:00, Sys 0 00:00:00  -  Run Local Usage
		Usr 0 00:05:51, Sys 0 00:02:01  -  Total Remote Usage
		Usr 0 00:00:00, Sys 0 00:00:00  -  Total Local Usage
	57249  -  Run Bytes Sent By Job
	559  -  Run Bytes Received By Job
	57249  -  Total Bytes Sent By Job
	559  -  Total Bytes Received By Job
	Partitionable Resources :    Usage  Request Allocated
	   Cpus                 :                 1         1
	   Disk (KB)            :       69  1024000   1026330
	   Memory (MB)          :      322     2000      2000
...
