000 (9247.000.000) 03/29 09:45:13 Job submitted from host: <128.101.221.180:9618?addrs=128.101.221.180-9618&noUDP&sock=3943_2604_3>
...
001 (9247.000.000) 03/29 10:14:39 Job executing on host: <128.101.221.175:9618?addrs=128.101.221.175-9618&noUDP&sock=12916_e152_4>
...
006 (9247.000.000) 03/29 10:14:48 Image size of job updated: 249676
	172  -  MemoryUsage of job (MB)
	175488  -  ResidentSetSize of job (KB)
...
006 (9247.000.000) 03/29 10:19:49 Image size of job updated: 329512
	322  -  MemoryUsage of job (MB)
	329436  -  ResidentSetSize of job (KB)
...
006 (9247.000.000) 03/29 10:24:50 Image size of job updated: 335116
	327  -  MemoryUsage of job (MB)
	334708  -  ResidentSetSize of job (KB)
...
006 (9247.000.000) 03/29 10:25:55 Image size of job updated: 733308
	327  -  MemoryUsage of job (MB)
	334708  -  ResidentSetSize of job (KB)
...
005 (9247.000.000) 03/29 10:25:56 Job terminated.
	(1) Normal termination (return value 0)
		Usr 0 00:06:34, Sys 0 00:04:03  -  Run Remote Usage
		Usr 0 00:00:00, Sys 0 00:00:00  -  Run Local Usage
		Usr 0 00:06:34, Sys 0 00:04:03  -  Total Remote Usage
		Usr 0 00:00:00, Sys 0 00:00:00  -  Total Local Usage
	66703  -  Run Bytes Sent By Job
	559  -  Run Bytes Received By Job
	66703  -  Total Bytes Sent By Job
	559  -  Total Bytes Received By Job
	Partitionable Resources :    Usage  Request Allocated
	   Cpus                 :                 1         1
	   Disk (KB)            :       78  1024000   1931140
	   Memory (MB)          :      327     2000      2000
...
