000 (9250.000.000) 03/29 09:45:14 Job submitted from host: <128.101.221.180:9618?addrs=128.101.221.180-9618&noUDP&sock=3943_2604_3>
...
001 (9250.000.000) 03/29 10:15:25 Job executing on host: <128.101.221.176:9618?addrs=128.101.221.176-9618&noUDP&sock=2756849_b007_4>
...
006 (9250.000.000) 03/29 10:15:33 Image size of job updated: 175204
	113  -  MemoryUsage of job (MB)
	114872  -  ResidentSetSize of job (KB)
...
006 (9250.000.000) 03/29 10:20:33 Image size of job updated: 334960
	325  -  MemoryUsage of job (MB)
	332800  -  ResidentSetSize of job (KB)
...
005 (9250.000.000) 03/29 10:23:25 Job terminated.
	(1) Normal termination (return value 0)
		Usr 0 00:05:34, Sys 0 00:01:52  -  Run Remote Usage
		Usr 0 00:00:00, Sys 0 00:00:00  -  Run Local Usage
		Usr 0 00:05:34, Sys 0 00:01:52  -  Total Remote Usage
		Usr 0 00:00:00, Sys 0 00:00:00  -  Total Local Usage
	58729  -  Run Bytes Sent By Job
	559  -  Run Bytes Received By Job
	58729  -  Total Bytes Sent By Job
	559  -  Total Bytes Received By Job
	Partitionable Resources :    Usage  Request Allocated
	   Cpus                 :                 1         1
	   Disk (KB)            :       70  1024000   1026333
	   Memory (MB)          :      325     2000      2000
...
