000 (9281.000.000) 03/29 09:45:29 Job submitted from host: <128.101.221.180:9618?addrs=128.101.221.180-9618&noUDP&sock=3943_2604_3>
...
001 (9281.000.000) 03/29 10:24:24 Job executing on host: <128.101.221.186:9618?addrs=128.101.221.186-9618&noUDP&sock=3131318_464d_4>
...
006 (9281.000.000) 03/29 10:24:33 Image size of job updated: 246764
	168  -  MemoryUsage of job (MB)
	171752  -  ResidentSetSize of job (KB)
...
006 (9281.000.000) 03/29 10:29:34 Image size of job updated: 426396
	323  -  MemoryUsage of job (MB)
	329764  -  ResidentSetSize of job (KB)
...
006 (9281.000.000) 03/29 10:34:34 Image size of job updated: 429716
	326  -  MemoryUsage of job (MB)
	333080  -  ResidentSetSize of job (KB)
...
006 (9281.000.000) 03/29 10:37:16 Image size of job updated: 429736
	326  -  MemoryUsage of job (MB)
	333080  -  ResidentSetSize of job (KB)
...
005 (9281.000.000) 03/29 10:37:17 Job terminated.
	(1) Normal termination (return value 0)
		Usr 0 00:08:49, Sys 0 00:02:57  -  Run Remote Usage
		Usr 0 00:00:00, Sys 0 00:00:00  -  Run Local Usage
		Usr 0 00:08:49, Sys 0 00:02:57  -  Total Remote Usage
		Usr 0 00:00:00, Sys 0 00:00:00  -  Total Local Usage
	69215  -  Run Bytes Sent By Job
	559  -  Run Bytes Received By Job
	69215  -  Total Bytes Sent By Job
	559  -  Total Bytes Received By Job
	Partitionable Resources :    Usage  Request Allocated
	   Cpus                 :                 1         1
	   Disk (KB)            :       81  1024000   1027027
	   Memory (MB)          :      326     2000      2000
...
