000 (9263.000.000) 03/29 09:45:21 Job submitted from host: <128.101.221.180:9618?addrs=128.101.221.180-9618&noUDP&sock=3943_2604_3>
...
001 (9263.000.000) 03/29 10:19:55 Job executing on host: <128.101.221.193:9618?addrs=128.101.221.193-9618&noUDP&sock=2332108_b0a7_4>
...
006 (9263.000.000) 03/29 10:20:04 Image size of job updated: 242552
	166  -  MemoryUsage of job (MB)
	169292  -  ResidentSetSize of job (KB)
...
006 (9263.000.000) 03/29 10:25:05 Image size of job updated: 426468
	323  -  MemoryUsage of job (MB)
	329840  -  ResidentSetSize of job (KB)
...
006 (9263.000.000) 03/29 10:29:11 Image size of job updated: 733404
	323  -  MemoryUsage of job (MB)
	329840  -  ResidentSetSize of job (KB)
...
005 (9263.000.000) 03/29 10:29:12 Job terminated.
	(1) Normal termination (return value 0)
		Usr 0 00:05:48, Sys 0 00:02:19  -  Run Remote Usage
		Usr 0 00:00:00, Sys 0 00:00:00  -  Run Local Usage
		Usr 0 00:05:48, Sys 0 00:02:19  -  Total Remote Usage
		Usr 0 00:00:00, Sys 0 00:00:00  -  Total Local Usage
	98038  -  Run Bytes Sent By Job
	559  -  Run Bytes Received By Job
	98038  -  Total Bytes Sent By Job
	559  -  Total Bytes Received By Job
	Partitionable Resources :    Usage  Request Allocated
	   Cpus                 :                 1         1
	   Disk (KB)            :      109  1024000   1028426
	   Memory (MB)          :      323     2000      2000
...
