000 (9256.000.000) 03/29 09:45:17 Job submitted from host: <128.101.221.180:9618?addrs=128.101.221.180-9618&noUDP&sock=3943_2604_3>
...
001 (9256.000.000) 03/29 10:17:18 Job executing on host: <128.101.220.50:9618?addrs=128.101.220.50-9618&noUDP&sock=258564_f9de_4>
...
006 (9256.000.000) 03/29 10:17:27 Image size of job updated: 274260
	191  -  MemoryUsage of job (MB)
	195216  -  ResidentSetSize of job (KB)
...
006 (9256.000.000) 03/29 10:22:28 Image size of job updated: 428960
	325  -  MemoryUsage of job (MB)
	332324  -  ResidentSetSize of job (KB)
...
006 (9256.000.000) 03/29 10:23:02 Image size of job updated: 428996
	325  -  MemoryUsage of job (MB)
	332324  -  ResidentSetSize of job (KB)
...
005 (9256.000.000) 03/29 10:23:03 Job terminated.
	(1) Normal termination (return value 0)
		Usr 0 00:03:51, Sys 0 00:01:18  -  Run Remote Usage
		Usr 0 00:00:00, Sys 0 00:00:00  -  Run Local Usage
		Usr 0 00:03:51, Sys 0 00:01:18  -  Total Remote Usage
		Usr 0 00:00:00, Sys 0 00:00:00  -  Total Local Usage
	55456  -  Run Bytes Sent By Job
	559  -  Run Bytes Received By Job
	55456  -  Total Bytes Sent By Job
	559  -  Total Bytes Received By Job
	Partitionable Resources :    Usage  Request Allocated
	   Cpus                 :                 1         1
	   Disk (KB)            :       67  1024000   1027997
	   Memory (MB)          :      325     2000      2000
...
