000 (9231.000.000) 03/29 09:45:05 Job submitted from host: <128.101.221.180:9618?addrs=128.101.221.180-9618&noUDP&sock=3943_2604_3>
...
001 (9231.000.000) 03/29 10:10:46 Job executing on host: <128.101.221.175:9618?addrs=128.101.221.175-9618&noUDP&sock=12916_e152_4>
...
006 (9231.000.000) 03/29 10:10:55 Image size of job updated: 218536
	191  -  MemoryUsage of job (MB)
	194624  -  ResidentSetSize of job (KB)
...
006 (9231.000.000) 03/29 10:15:56 Image size of job updated: 329632
	322  -  MemoryUsage of job (MB)
	329564  -  ResidentSetSize of job (KB)
...
006 (9231.000.000) 03/29 10:20:56 Image size of job updated: 335240
	328  -  MemoryUsage of job (MB)
	335088  -  ResidentSetSize of job (KB)
...
005 (9231.000.000) 03/29 10:23:58 Job terminated.
	(1) Normal termination (return value 0)
		Usr 0 00:07:48, Sys 0 00:04:44  -  Run Remote Usage
		Usr 0 00:00:00, Sys 0 00:00:00  -  Run Local Usage
		Usr 0 00:07:48, Sys 0 00:04:44  -  Total Remote Usage
		Usr 0 00:00:00, Sys 0 00:00:00  -  Total Local Usage
	64705  -  Run Bytes Sent By Job
	559  -  Run Bytes Received By Job
	64705  -  Total Bytes Sent By Job
	559  -  Total Bytes Received By Job
	Partitionable Resources :    Usage  Request Allocated
	   Cpus                 :                 1         1
	   Disk (KB)            :       76  1024000   1931156
	   Memory (MB)          :      328     2000      2000
...
