000 (6559.000.000) 08/07 11:15:37 Job submitted from host: <128.101.221.176:9618?addrs=128.101.221.176-9618&noUDP&sock=11541_65e5_3>
...
001 (6559.000.000) 08/07 11:15:57 Job executing on host: <128.101.221.194:9618?addrs=128.101.221.194-9618&noUDP&sock=12021_e4fa_4>
...
006 (6559.000.000) 08/07 11:16:06 Image size of job updated: 100936
	53  -  MemoryUsage of job (MB)
	54112  -  ResidentSetSize of job (KB)
...
006 (6559.000.000) 08/07 11:21:07 Image size of job updated: 361920
	321  -  MemoryUsage of job (MB)
	328104  -  ResidentSetSize of job (KB)
...
006 (6559.000.000) 08/07 11:26:08 Image size of job updated: 361932
	321  -  MemoryUsage of job (MB)
	328116  -  ResidentSetSize of job (KB)
...
006 (6559.000.000) 08/07 11:31:08 Image size of job updated: 362016
	321  -  MemoryUsage of job (MB)
	328200  -  ResidentSetSize of job (KB)
...
005 (6559.000.000) 08/07 11:51:23 Job terminated.
	(1) Normal termination (return value 0)
		Usr 0 00:01:24, Sys 0 00:00:51  -  Run Remote Usage
		Usr 0 00:00:00, Sys 0 00:00:00  -  Run Local Usage
		Usr 0 00:01:24, Sys 0 00:00:51  -  Total Remote Usage
		Usr 0 00:00:00, Sys 0 00:00:00  -  Total Local Usage
	24691  -  Run Bytes Sent By Job
	583  -  Run Bytes Received By Job
	24691  -  Total Bytes Sent By Job
	583  -  Total Bytes Received By Job
	Partitionable Resources :    Usage  Request Allocated
	   Cpus                 :                 1         1
	   Disk (KB)            :       36  1024000   4009142
	   Memory (MB)          :      321     2000      2000
...
