000 (6542.000.000) 08/07 11:15:31 Job submitted from host: <128.101.221.176:9618?addrs=128.101.221.176-9618&noUDP&sock=11541_65e5_3>
...
001 (6542.000.000) 08/07 11:15:49 Job executing on host: <128.101.220.96:9618?addrs=128.101.220.96-9618&noUDP&sock=7388_78ac_4>
...
006 (6542.000.000) 08/07 11:15:58 Image size of job updated: 73840
	41  -  MemoryUsage of job (MB)
	41700  -  ResidentSetSize of job (KB)
...
006 (6542.000.000) 08/07 11:20:59 Image size of job updated: 342756
	319  -  MemoryUsage of job (MB)
	326080  -  ResidentSetSize of job (KB)
...
006 (6542.000.000) 08/07 11:25:59 Image size of job updated: 342756
	319  -  MemoryUsage of job (MB)
	326092  -  ResidentSetSize of job (KB)
...
006 (6542.000.000) 08/07 11:36:01 Image size of job updated: 342756
	319  -  MemoryUsage of job (MB)
	326096  -  ResidentSetSize of job (KB)
...
006 (6542.000.000) 08/07 11:46:01 Image size of job updated: 342756
	319  -  MemoryUsage of job (MB)
	326620  -  ResidentSetSize of job (KB)
...
006 (6542.000.000) 08/07 11:56:03 Image size of job updated: 342756
	320  -  MemoryUsage of job (MB)
	326660  -  ResidentSetSize of job (KB)
...
006 (6542.000.000) 08/07 12:01:03 Image size of job updated: 342756
	320  -  MemoryUsage of job (MB)
	326728  -  ResidentSetSize of job (KB)
...
006 (6542.000.000) 08/07 12:01:05 Image size of job updated: 710212
	320  -  MemoryUsage of job (MB)
	326728  -  ResidentSetSize of job (KB)
...
005 (6542.000.000) 08/07 12:01:06 Job terminated.
	(1) Normal termination (return value 0)
		Usr 0 00:01:25, Sys 0 00:00:51  -  Run Remote Usage
		Usr 0 00:00:00, Sys 0 00:00:00  -  Run Local Usage
		Usr 0 00:01:25, Sys 0 00:00:51  -  Total Remote Usage
		Usr 0 00:00:00, Sys 0 00:00:00  -  Total Local Usage
	24218  -  Run Bytes Sent By Job
	583  -  Run Bytes Received By Job
	24218  -  Total Bytes Sent By Job
	583  -  Total Bytes Received By Job
	Partitionable Resources :    Usage  Request Allocated
	   Cpus                 :                 1         1
	   Disk (KB)            :       35  1024000   4046597
	   Memory (MB)          :      320     2000      2000
...
