000 (6551.000.000) 08/07 11:15:34 Job submitted from host: <128.101.221.176:9618?addrs=128.101.221.176-9618&noUDP&sock=11541_65e5_3>
...
001 (6551.000.000) 08/07 11:15:53 Job executing on host: <128.101.220.206:9618?addrs=128.101.220.206-9618&noUDP&sock=11990_5feb_4>
...
006 (6551.000.000) 08/07 11:16:02 Image size of job updated: 170292
	108  -  MemoryUsage of job (MB)
	110204  -  ResidentSetSize of job (KB)
...
006 (6551.000.000) 08/07 11:21:03 Image size of job updated: 335356
	321  -  MemoryUsage of job (MB)
	327872  -  ResidentSetSize of job (KB)
...
006 (6551.000.000) 08/07 11:26:04 Image size of job updated: 335360
	321  -  MemoryUsage of job (MB)
	327876  -  ResidentSetSize of job (KB)
...
006 (6551.000.000) 08/07 11:31:04 Image size of job updated: 335364
	321  -  MemoryUsage of job (MB)
	327880  -  ResidentSetSize of job (KB)
...
005 (6551.000.000) 08/07 11:57:34 Job terminated.
	(1) Normal termination (return value 0)
		Usr 0 00:01:35, Sys 0 00:00:57  -  Run Remote Usage
		Usr 0 00:00:00, Sys 0 00:00:00  -  Run Local Usage
		Usr 0 00:01:35, Sys 0 00:00:57  -  Total Remote Usage
		Usr 0 00:00:00, Sys 0 00:00:00  -  Total Local Usage
	24917  -  Run Bytes Sent By Job
	583  -  Run Bytes Received By Job
	24917  -  Total Bytes Sent By Job
	583  -  Total Bytes Received By Job
	Partitionable Resources :    Usage  Request Allocated
	   Cpus                 :                 1         1
	   Disk (KB)            :       36  1024000   4066192
	   Memory (MB)          :      321     2000      2000
...
