000 (6539.000.000) 08/07 11:15:30 Job submitted from host: <128.101.221.176:9618?addrs=128.101.221.176-9618&noUDP&sock=11541_65e5_3>
...
001 (6539.000.000) 08/07 11:15:49 Job executing on host: <128.101.220.87:9618?addrs=128.101.220.87-9618&noUDP&sock=12038_f3c2_4>
...
006 (6539.000.000) 08/07 11:15:58 Image size of job updated: 78444
	44  -  MemoryUsage of job (MB)
	44304  -  ResidentSetSize of job (KB)
...
006 (6539.000.000) 08/07 11:20:59 Image size of job updated: 328764
	320  -  MemoryUsage of job (MB)
	327344  -  ResidentSetSize of job (KB)
...
006 (6539.000.000) 08/07 11:25:59 Image size of job updated: 328804
	320  -  MemoryUsage of job (MB)
	327384  -  ResidentSetSize of job (KB)
...
006 (6539.000.000) 08/07 11:36:00 Image size of job updated: 328808
	320  -  MemoryUsage of job (MB)
	327388  -  ResidentSetSize of job (KB)
...
006 (6539.000.000) 08/07 11:46:01 Image size of job updated: 328808
	320  -  MemoryUsage of job (MB)
	327412  -  ResidentSetSize of job (KB)
...
006 (6539.000.000) 08/07 12:01:03 Image size of job updated: 328808
	321  -  MemoryUsage of job (MB)
	328204  -  ResidentSetSize of job (KB)
...
006 (6539.000.000) 08/07 12:02:46 Image size of job updated: 711800
	321  -  MemoryUsage of job (MB)
	328204  -  ResidentSetSize of job (KB)
...
005 (6539.000.000) 08/07 12:02:47 Job terminated.
	(1) Normal termination (return value 0)
		Usr 0 00:01:42, Sys 0 00:01:02  -  Run Remote Usage
		Usr 0 00:00:00, Sys 0 00:00:00  -  Run Local Usage
		Usr 0 00:01:42, Sys 0 00:01:02  -  Total Remote Usage
		Usr 0 00:00:00, Sys 0 00:00:00  -  Total Local Usage
	24692  -  Run Bytes Sent By Job
	583  -  Run Bytes Received By Job
	24692  -  Total Bytes Sent By Job
	583  -  Total Bytes Received By Job
	Partitionable Resources :    Usage  Request Allocated
	   Cpus                 :                 1         1
	   Disk (KB)            :       36  1024000   4041151
	   Memory (MB)          :      321     2000      2000
...
