000 (6552.000.000) 08/07 11:15:35 Job submitted from host: <128.101.221.176:9618?addrs=128.101.221.176-9618&noUDP&sock=11541_65e5_3>
...
001 (6552.000.000) 08/07 11:15:53 Job executing on host: <128.101.220.117:9618?addrs=128.101.220.117-9618&noUDP&sock=11998_6eb4_4>
...
006 (6552.000.000) 08/07 11:16:02 Image size of job updated: 78852
	44  -  MemoryUsage of job (MB)
	44284  -  ResidentSetSize of job (KB)
...
006 (6552.000.000) 08/07 11:21:03 Image size of job updated: 376184
	319  -  MemoryUsage of job (MB)
	326344  -  ResidentSetSize of job (KB)
...
006 (6552.000.000) 08/07 11:26:04 Image size of job updated: 376196
	319  -  MemoryUsage of job (MB)
	326356  -  ResidentSetSize of job (KB)
...
006 (6552.000.000) 08/07 11:36:04 Image size of job updated: 376604
	320  -  MemoryUsage of job (MB)
	326764  -  ResidentSetSize of job (KB)
...
006 (6552.000.000) 08/07 11:41:05 Image size of job updated: 376604
	320  -  MemoryUsage of job (MB)
	326796  -  ResidentSetSize of job (KB)
...
005 (6552.000.000) 08/07 11:46:22 Job terminated.
	(1) Normal termination (return value 0)
		Usr 0 00:01:14, Sys 0 00:00:42  -  Run Remote Usage
		Usr 0 00:00:00, Sys 0 00:00:00  -  Run Local Usage
		Usr 0 00:01:14, Sys 0 00:00:42  -  Total Remote Usage
		Usr 0 00:00:00, Sys 0 00:00:00  -  Total Local Usage
	23751  -  Run Bytes Sent By Job
	583  -  Run Bytes Received By Job
	23751  -  Total Bytes Sent By Job
	583  -  Total Bytes Received By Job
	Partitionable Resources :    Usage  Request Allocated
	   Cpus                 :                 1         1
	   Disk (KB)            :       35  1024000   4025353
	   Memory (MB)          :      320     2000      2000
...
