000 (6562.000.000) 08/07 11:15:39 Job submitted from host: <128.101.221.176:9618?addrs=128.101.221.176-9618&noUDP&sock=11541_65e5_3>
...
001 (6562.000.000) 08/07 11:15:59 Job executing on host: <128.101.221.178:9618?addrs=128.101.221.178-9618&noUDP&sock=7243_a440_4>
...
006 (6562.000.000) 08/07 11:16:07 Image size of job updated: 307952
	236  -  MemoryUsage of job (MB)
	240800  -  ResidentSetSize of job (KB)
...
006 (6562.000.000) 08/07 11:21:07 Image size of job updated: 396400
	320  -  MemoryUsage of job (MB)
	327304  -  ResidentSetSize of job (KB)
...
006 (6562.000.000) 08/07 11:26:08 Image size of job updated: 396400
	320  -  MemoryUsage of job (MB)
	327308  -  ResidentSetSize of job (KB)
...
006 (6562.000.000) 08/07 11:36:09 Image size of job updated: 396400
	321  -  MemoryUsage of job (MB)
	327888  -  ResidentSetSize of job (KB)
...
006 (6562.000.000) 08/07 11:41:10 Image size of job updated: 396400
	321  -  MemoryUsage of job (MB)
	327924  -  ResidentSetSize of job (KB)
...
006 (6562.000.000) 08/07 11:46:10 Image size of job updated: 396400
	321  -  MemoryUsage of job (MB)
	327932  -  ResidentSetSize of job (KB)
...
006 (6562.000.000) 08/07 11:51:10 Image size of job updated: 396400
	321  -  MemoryUsage of job (MB)
	327948  -  ResidentSetSize of job (KB)
...
005 (6562.000.000) 08/07 11:53:59 Job terminated.
	(1) Normal termination (return value 0)
		Usr 0 00:01:42, Sys 0 00:01:00  -  Run Remote Usage
		Usr 0 00:00:00, Sys 0 00:00:00  -  Run Local Usage
		Usr 0 00:01:42, Sys 0 00:01:00  -  Total Remote Usage
		Usr 0 00:00:00, Sys 0 00:00:00  -  Total Local Usage
	24456  -  Run Bytes Sent By Job
	583  -  Run Bytes Received By Job
	24456  -  Total Bytes Sent By Job
	583  -  Total Bytes Received By Job
	Partitionable Resources :    Usage  Request Allocated
	   Cpus                 :                 1         1
	   Disk (KB)            :       36  1024000   1796342
	   Memory (MB)          :      321     2000      2000
...
