000 (6575.000.000) 08/07 11:15:44 Job submitted from host: <128.101.221.176:9618?addrs=128.101.221.176-9618&noUDP&sock=11541_65e5_3>
...
001 (6575.000.000) 08/07 11:16:03 Job executing on host: <128.101.220.109:9618?addrs=128.101.220.109-9618&noUDP&sock=7400_ab82_4>
...
006 (6575.000.000) 08/07 11:16:12 Image size of job updated: 308644
	241  -  MemoryUsage of job (MB)
	246396  -  ResidentSetSize of job (KB)
...
006 (6575.000.000) 08/07 11:21:13 Image size of job updated: 334340
	320  -  MemoryUsage of job (MB)
	327644  -  ResidentSetSize of job (KB)
...
006 (6575.000.000) 08/07 11:26:14 Image size of job updated: 334340
	320  -  MemoryUsage of job (MB)
	327652  -  ResidentSetSize of job (KB)
...
006 (6575.000.000) 08/07 11:31:14 Image size of job updated: 334340
	320  -  MemoryUsage of job (MB)
	327668  -  ResidentSetSize of job (KB)
...
006 (6575.000.000) 08/07 11:36:15 Image size of job updated: 334340
	321  -  MemoryUsage of job (MB)
	327700  -  ResidentSetSize of job (KB)
...
006 (6575.000.000) 08/07 11:41:15 Image size of job updated: 334340
	321  -  MemoryUsage of job (MB)
	327764  -  ResidentSetSize of job (KB)
...
005 (6575.000.000) 08/07 12:00:37 Job terminated.
	(1) Normal termination (return value 0)
		Usr 0 00:01:28, Sys 0 00:00:54  -  Run Remote Usage
		Usr 0 00:00:00, Sys 0 00:00:00  -  Run Local Usage
		Usr 0 00:01:28, Sys 0 00:00:54  -  Total Remote Usage
		Usr 0 00:00:00, Sys 0 00:00:00  -  Total Local Usage
	24460  -  Run Bytes Sent By Job
	583  -  Run Bytes Received By Job
	24460  -  Total Bytes Sent By Job
	583  -  Total Bytes Received By Job
	Partitionable Resources :    Usage  Request Allocated
	   Cpus                 :                 1         1
	   Disk (KB)            :       36  1024000   4044258
	   Memory (MB)          :      321     2000      2000
...
