000 (6548.000.000) 08/07 11:15:33 Job submitted from host: <128.101.221.176:9618?addrs=128.101.221.176-9618&noUDP&sock=11541_65e5_3>
...
001 (6548.000.000) 08/07 11:15:53 Job executing on host: <128.101.220.43:9618?addrs=128.101.220.43-9618&noUDP&sock=11896_2ff0_4>
...
006 (6548.000.000) 08/07 11:16:02 Image size of job updated: 83588
	40  -  MemoryUsage of job (MB)
	40200  -  ResidentSetSize of job (KB)
...
006 (6548.000.000) 08/07 11:21:03 Image size of job updated: 359460
	321  -  MemoryUsage of job (MB)
	328640  -  ResidentSetSize of job (KB)
...
006 (6548.000.000) 08/07 11:26:04 Image size of job updated: 359464
	321  -  MemoryUsage of job (MB)
	328644  -  ResidentSetSize of job (KB)
...
006 (6548.000.000) 08/07 11:31:04 Image size of job updated: 359468
	321  -  MemoryUsage of job (MB)
	328644  -  ResidentSetSize of job (KB)
...
005 (6548.000.000) 08/07 12:02:12 Job terminated.
	(1) Normal termination (return value 0)
		Usr 0 00:01:39, Sys 0 00:01:03  -  Run Remote Usage
		Usr 0 00:00:00, Sys 0 00:00:00  -  Run Local Usage
		Usr 0 00:01:39, Sys 0 00:01:03  -  Total Remote Usage
		Usr 0 00:00:00, Sys 0 00:00:00  -  Total Local Usage
	25161  -  Run Bytes Sent By Job
	583  -  Run Bytes Received By Job
	25161  -  Total Bytes Sent By Job
	583  -  Total Bytes Received By Job
	Partitionable Resources :    Usage  Request Allocated
	   Cpus                 :                 1         1
	   Disk (KB)            :       36  1024000   4011504
	   Memory (MB)          :      321     2000      2000
...
