000 (6579.000.000) 08/07 11:15:47 Job submitted from host: <128.101.221.176:9618?addrs=128.101.221.176-9618&noUDP&sock=11541_65e5_3>
...
001 (6579.000.000) 08/07 11:16:07 Job executing on host: <128.101.221.179:9618?addrs=128.101.221.179-9618&noUDP&sock=11270_2cd7_4>
...
006 (6579.000.000) 08/07 11:16:15 Image size of job updated: 293556
	222  -  MemoryUsage of job (MB)
	226936  -  ResidentSetSize of job (KB)
...
006 (6579.000.000) 08/07 11:21:15 Image size of job updated: 393424
	319  -  MemoryUsage of job (MB)
	326280  -  ResidentSetSize of job (KB)
...
006 (6579.000.000) 08/07 11:26:16 Image size of job updated: 393424
	319  -  MemoryUsage of job (MB)
	326300  -  ResidentSetSize of job (KB)
...
006 (6579.000.000) 08/07 11:31:17 Image size of job updated: 393424
	319  -  MemoryUsage of job (MB)
	326304  -  ResidentSetSize of job (KB)
...
006 (6579.000.000) 08/07 11:46:19 Image size of job updated: 393424
	320  -  MemoryUsage of job (MB)
	326812  -  ResidentSetSize of job (KB)
...
006 (6579.000.000) 08/07 11:51:19 Image size of job updated: 393424
	320  -  MemoryUsage of job (MB)
	326820  -  ResidentSetSize of job (KB)
...
006 (6579.000.000) 08/07 11:56:19 Image size of job updated: 393424
	320  -  MemoryUsage of job (MB)
	326844  -  ResidentSetSize of job (KB)
...
005 (6579.000.000) 08/07 12:01:10 Job terminated.
	(1) Normal termination (return value 0)
		Usr 0 00:01:28, Sys 0 00:00:53  -  Run Remote Usage
		Usr 0 00:00:00, Sys 0 00:00:00  -  Run Local Usage
		Usr 0 00:01:28, Sys 0 00:00:53  -  Total Remote Usage
		Usr 0 00:00:00, Sys 0 00:00:00  -  Total Local Usage
	24219  -  Run Bytes Sent By Job
	583  -  Run Bytes Received By Job
	24219  -  Total Bytes Sent By Job
	583  -  Total Bytes Received By Job
	Partitionable Resources :    Usage  Request Allocated
	   Cpus                 :                 1         1
	   Disk (KB)            :       35  1024000   1879650
	   Memory (MB)          :      320     2000      2000
...
