000 (6549.000.000) 08/07 11:15:34 Job submitted from host: <128.101.221.176:9618?addrs=128.101.221.176-9618&noUDP&sock=11541_65e5_3>
...
001 (6549.000.000) 08/07 11:15:53 Job executing on host: <128.101.220.94:9618?addrs=128.101.220.94-9618&noUDP&sock=12956_3a07_4>
...
006 (6549.000.000) 08/07 11:16:02 Image size of job updated: 104828
	56  -  MemoryUsage of job (MB)
	57052  -  ResidentSetSize of job (KB)
...
006 (6549.000.000) 08/07 11:21:03 Image size of job updated: 338824
	321  -  MemoryUsage of job (MB)
	328680  -  ResidentSetSize of job (KB)
...
006 (6549.000.000) 08/07 11:26:04 Image size of job updated: 338856
	322  -  MemoryUsage of job (MB)
	328712  -  ResidentSetSize of job (KB)
...
006 (6549.000.000) 08/07 11:31:04 Image size of job updated: 338884
	322  -  MemoryUsage of job (MB)
	328740  -  ResidentSetSize of job (KB)
...
005 (6549.000.000) 08/07 11:54:27 Job terminated.
	(1) Normal termination (return value 0)
		Usr 0 00:01:27, Sys 0 00:00:52  -  Run Remote Usage
		Usr 0 00:00:00, Sys 0 00:00:00  -  Run Local Usage
		Usr 0 00:01:27, Sys 0 00:00:52  -  Total Remote Usage
		Usr 0 00:00:00, Sys 0 00:00:00  -  Total Local Usage
	24452  -  Run Bytes Sent By Job
	583  -  Run Bytes Received By Job
	24452  -  Total Bytes Sent By Job
	583  -  Total Bytes Received By Job
	Partitionable Resources :    Usage  Request Allocated
	   Cpus                 :                 1         1
	   Disk (KB)            :       36  1024000   1740499
	   Memory (MB)          :      322     2000      2000
...
