000 (6550.000.000) 08/07 11:15:34 Job submitted from host: <128.101.221.176:9618?addrs=128.101.221.176-9618&noUDP&sock=11541_65e5_3>
...
001 (6550.000.000) 08/07 11:15:53 Job executing on host: <128.101.220.86:9618?addrs=128.101.220.86-9618&noUDP&sock=12219_6c9f_4>
...
006 (6550.000.000) 08/07 11:16:02 Image size of job updated: 97844
	52  -  MemoryUsage of job (MB)
	52996  -  ResidentSetSize of job (KB)
...
006 (6550.000.000) 08/07 11:21:03 Image size of job updated: 344164
	320  -  MemoryUsage of job (MB)
	327524  -  ResidentSetSize of job (KB)
...
006 (6550.000.000) 08/07 11:26:04 Image size of job updated: 344176
	320  -  MemoryUsage of job (MB)
	327536  -  ResidentSetSize of job (KB)
...
006 (6550.000.000) 08/07 11:36:04 Image size of job updated: 344176
	320  -  MemoryUsage of job (MB)
	327544  -  ResidentSetSize of job (KB)
...
006 (6550.000.000) 08/07 11:46:05 Image size of job updated: 344176
	321  -  MemoryUsage of job (MB)
	328228  -  ResidentSetSize of job (KB)
...
006 (6550.000.000) 08/07 11:51:05 Image size of job updated: 344176
	321  -  MemoryUsage of job (MB)
	328240  -  ResidentSetSize of job (KB)
...
006 (6550.000.000) 08/07 11:56:33 Image size of job updated: 711508
	321  -  MemoryUsage of job (MB)
	328240  -  ResidentSetSize of job (KB)
...
005 (6550.000.000) 08/07 11:56:35 Job terminated.
	(1) Normal termination (return value 0)
		Usr 0 00:01:36, Sys 0 00:00:57  -  Run Remote Usage
		Usr 0 00:00:00, Sys 0 00:00:00  -  Run Local Usage
		Usr 0 00:01:36, Sys 0 00:00:57  -  Total Remote Usage
		Usr 0 00:00:00, Sys 0 00:00:00  -  Total Local Usage
	25164  -  Run Bytes Sent By Job
	583  -  Run Bytes Received By Job
	25164  -  Total Bytes Sent By Job
	583  -  Total Bytes Received By Job
	Partitionable Resources :    Usage  Request Allocated
	   Cpus                 :                 1         1
	   Disk (KB)            :       36  1024000   4012529
	   Memory (MB)          :      321     2000      2000
...
