000 (6507.000.000) 08/07 09:45:13 Job submitted from host: <128.101.221.176:9618?addrs=128.101.221.176-9618&noUDP&sock=11541_65e5_3>
...
001 (6507.000.000) 08/07 09:45:35 Job executing on host: <128.101.220.100:9618?addrs=128.101.220.100-9618&noUDP&sock=7270_22d3_4>
...
006 (6507.000.000) 08/07 09:45:44 Image size of job updated: 46732
	44  -  MemoryUsage of job (MB)
	44316  -  ResidentSetSize of job (KB)
...
006 (6507.000.000) 08/07 09:50:45 Image size of job updated: 346756
	320  -  MemoryUsage of job (MB)
	327040  -  ResidentSetSize of job (KB)
...
006 (6507.000.000) 08/07 09:55:46 Image size of job updated: 346768
	320  -  MemoryUsage of job (MB)
	327052  -  ResidentSetSize of job (KB)
...
006 (6507.000.000) 08/07 10:00:46 Image size of job updated: 346768
	320  -  MemoryUsage of job (MB)
	327092  -  ResidentSetSize of job (KB)
...
005 (6507.000.000) 08/07 10:27:23 Job terminated.
	(1) Normal termination (return value 0)
		Usr 0 00:01:23, Sys 0 00:00:53  -  Run Remote Usage
		Usr 0 00:00:00, Sys 0 00:00:00  -  Run Local Usage
		Usr 0 00:01:23, Sys 0 00:00:53  -  Total Remote Usage
		Usr 0 00:00:00, Sys 0 00:00:00  -  Total Local Usage
	23275  -  Run Bytes Sent By Job
	581  -  Run Bytes Received By Job
	23275  -  Total Bytes Sent By Job
	581  -  Total Bytes Received By Job
	Partitionable Resources :    Usage  Request Allocated
	   Cpus                 :                 1         1
	   Disk (KB)            :       34  1024000   4027930
	   Memory (MB)          :      320     2000      2000
...
