000 (6454.000.000) 08/07 09:44:50 Job submitted from host: <128.101.221.176:9618?addrs=128.101.221.176-9618&noUDP&sock=11541_65e5_3>
...
001 (6454.000.000) 08/07 09:44:52 Job executing on host: <128.101.221.185:9618?addrs=128.101.221.185-9618+[--1]-9618&noUDP&sock=12515_74a8_4>
...
006 (6454.000.000) 08/07 09:45:01 Image size of job updated: 116108
	66  -  MemoryUsage of job (MB)
	66848  -  ResidentSetSize of job (KB)
...
006 (6454.000.000) 08/07 09:50:02 Image size of job updated: 335588
	319  -  MemoryUsage of job (MB)
	325764  -  ResidentSetSize of job (KB)
...
006 (6454.000.000) 08/07 09:55:02 Image size of job updated: 335588
	319  -  MemoryUsage of job (MB)
	325804  -  ResidentSetSize of job (KB)
...
006 (6454.000.000) 08/07 10:00:03 Image size of job updated: 335588
	319  -  MemoryUsage of job (MB)
	326304  -  ResidentSetSize of job (KB)
...
006 (6454.000.000) 08/07 10:05:04 Image size of job updated: 335588
	319  -  MemoryUsage of job (MB)
	326308  -  ResidentSetSize of job (KB)
...
006 (6454.000.000) 08/07 10:10:04 Image size of job updated: 335588
	319  -  MemoryUsage of job (MB)
	326336  -  ResidentSetSize of job (KB)
...
006 (6454.000.000) 08/07 10:15:05 Image size of job updated: 335588
	319  -  MemoryUsage of job (MB)
	326340  -  ResidentSetSize of job (KB)
...
005 (6454.000.000) 08/07 10:21:14 Job terminated.
	(1) Normal termination (return value 0)
		Usr 0 00:01:36, Sys 0 00:00:56  -  Run Remote Usage
		Usr 0 00:00:00, Sys 0 00:00:00  -  Run Local Usage
		Usr 0 00:01:36, Sys 0 00:00:56  -  Total Remote Usage
		Usr 0 00:00:00, Sys 0 00:00:00  -  Total Local Usage
	23973  -  Run Bytes Sent By Job
	581  -  Run Bytes Received By Job
	23973  -  Total Bytes Sent By Job
	581  -  Total Bytes Received By Job
	Partitionable Resources :    Usage  Request Allocated
	   Cpus                 :                 1         1
	   Disk (KB)            :       35  1024000   8624028
	   Memory (MB)          :      319     2000      2000
...
