000 (6460.000.000) 08/07 09:44:52 Job submitted from host: <128.101.221.176:9618?addrs=128.101.221.176-9618&noUDP&sock=11541_65e5_3>
...
001 (6460.000.000) 08/07 09:45:24 Job executing on host: <128.101.221.187:9618?addrs=128.101.221.187-9618&noUDP&sock=11566_3b5b_4>
...
006 (6460.000.000) 08/07 09:45:33 Image size of job updated: 253508
	175  -  MemoryUsage of job (MB)
	178372  -  ResidentSetSize of job (KB)
...
006 (6460.000.000) 08/07 09:50:34 Image size of job updated: 420764
	320  -  MemoryUsage of job (MB)
	326984  -  ResidentSetSize of job (KB)
...
006 (6460.000.000) 08/07 10:05:36 Image size of job updated: 420764
	321  -  MemoryUsage of job (MB)
	328000  -  ResidentSetSize of job (KB)
...
006 (6460.000.000) 08/07 10:15:37 Image size of job updated: 420764
	323  -  MemoryUsage of job (MB)
	330136  -  ResidentSetSize of job (KB)
...
006 (6460.000.000) 08/07 10:25:38 Image size of job updated: 420764
	323  -  MemoryUsage of job (MB)
	330168  -  ResidentSetSize of job (KB)
...
005 (6460.000.000) 08/07 10:28:39 Job terminated.
	(1) Normal termination (return value 0)
		Usr 0 00:01:58, Sys 0 00:01:09  -  Run Remote Usage
		Usr 0 00:00:00, Sys 0 00:00:00  -  Run Local Usage
		Usr 0 00:01:58, Sys 0 00:01:09  -  Total Remote Usage
		Usr 0 00:00:00, Sys 0 00:00:00  -  Total Local Usage
	25157  -  Run Bytes Sent By Job
	581  -  Run Bytes Received By Job
	25157  -  Total Bytes Sent By Job
	581  -  Total Bytes Received By Job
	Partitionable Resources :    Usage  Request Allocated
	   Cpus                 :                 1         1
	   Disk (KB)            :       36  1024000   1819382
	   Memory (MB)          :      323     2000      2000
...
