000 (6477.000.000) 08/07 09:44:59 Job submitted from host: <128.101.221.176:9618?addrs=128.101.221.176-9618&noUDP&sock=11541_65e5_3>
...
001 (6477.000.000) 08/07 09:45:26 Job executing on host: <128.101.220.86:9618?addrs=128.101.220.86-9618&noUDP&sock=12219_6c9f_4>
...
006 (6477.000.000) 08/07 09:45:36 Image size of job updated: 83680
	40  -  MemoryUsage of job (MB)
	40204  -  ResidentSetSize of job (KB)
...
006 (6477.000.000) 08/07 09:50:36 Image size of job updated: 348072
	319  -  MemoryUsage of job (MB)
	326548  -  ResidentSetSize of job (KB)
...
006 (6477.000.000) 08/07 09:55:36 Image size of job updated: 348112
	319  -  MemoryUsage of job (MB)
	326588  -  ResidentSetSize of job (KB)
...
006 (6477.000.000) 08/07 10:05:37 Image size of job updated: 348112
	319  -  MemoryUsage of job (MB)
	326636  -  ResidentSetSize of job (KB)
...
006 (6477.000.000) 08/07 10:10:38 Image size of job updated: 348112
	320  -  MemoryUsage of job (MB)
	326892  -  ResidentSetSize of job (KB)
...
006 (6477.000.000) 08/07 10:15:39 Image size of job updated: 348112
	320  -  MemoryUsage of job (MB)
	327048  -  ResidentSetSize of job (KB)
...
006 (6477.000.000) 08/07 10:20:40 Image size of job updated: 348112
	320  -  MemoryUsage of job (MB)
	327120  -  ResidentSetSize of job (KB)
...
006 (6477.000.000) 08/07 10:25:16 Image size of job updated: 711528
	320  -  MemoryUsage of job (MB)
	327120  -  ResidentSetSize of job (KB)
...
005 (6477.000.000) 08/07 10:25:17 Job terminated.
	(1) Normal termination (return value 0)
		Usr 0 00:01:32, Sys 0 00:00:55  -  Run Remote Usage
		Usr 0 00:00:00, Sys 0 00:00:00  -  Run Local Usage
		Usr 0 00:01:32, Sys 0 00:00:55  -  Total Remote Usage
		Usr 0 00:00:00, Sys 0 00:00:00  -  Total Local Usage
	24918  -  Run Bytes Sent By Job
	581  -  Run Bytes Received By Job
	24918  -  Total Bytes Sent By Job
	581  -  Total Bytes Received By Job
	Partitionable Resources :    Usage  Request Allocated
	   Cpus                 :                 1         1
	   Disk (KB)            :       36  1024000   4012540
	   Memory (MB)          :      320     2000      2000
...
