000 (6481.000.000) 08/07 09:45:01 Job submitted from host: <128.101.221.176:9618?addrs=128.101.221.176-9618&noUDP&sock=11541_65e5_3>
...
001 (6481.000.000) 08/07 09:45:26 Job executing on host: <128.101.221.155:9618?addrs=128.101.221.155-9618&noUDP&sock=11996_bf1c_4>
...
006 (6481.000.000) 08/07 09:45:35 Image size of job updated: 50984
	25  -  MemoryUsage of job (MB)
	25404  -  ResidentSetSize of job (KB)
...
006 (6481.000.000) 08/07 09:50:36 Image size of job updated: 419556
	319  -  MemoryUsage of job (MB)
	326384  -  ResidentSetSize of job (KB)
...
006 (6481.000.000) 08/07 09:55:36 Image size of job updated: 419556
	320  -  MemoryUsage of job (MB)
	326676  -  ResidentSetSize of job (KB)
...
006 (6481.000.000) 08/07 10:00:37 Image size of job updated: 419556
	320  -  MemoryUsage of job (MB)
	326728  -  ResidentSetSize of job (KB)
...
006 (6481.000.000) 08/07 10:05:37 Image size of job updated: 419556
	320  -  MemoryUsage of job (MB)
	326748  -  ResidentSetSize of job (KB)
...
005 (6481.000.000) 08/07 10:09:45 Job terminated.
	(1) Normal termination (return value 0)
		Usr 0 00:01:20, Sys 0 00:00:47  -  Run Remote Usage
		Usr 0 00:00:00, Sys 0 00:00:00  -  Run Local Usage
		Usr 0 00:01:20, Sys 0 00:00:47  -  Total Remote Usage
		Usr 0 00:00:00, Sys 0 00:00:00  -  Total Local Usage
	24217  -  Run Bytes Sent By Job
	581  -  Run Bytes Received By Job
	24217  -  Total Bytes Sent By Job
	581  -  Total Bytes Received By Job
	Partitionable Resources :    Usage  Request Allocated
	   Cpus                 :                 1         1
	   Disk (KB)            :       35  1024000   4060819
	   Memory (MB)          :      320     2000      2000
...
