000 (6489.000.000) 08/07 09:45:05 Job submitted from host: <128.101.221.176:9618?addrs=128.101.221.176-9618&noUDP&sock=11541_65e5_3>
...
001 (6489.000.000) 08/07 09:45:35 Job executing on host: <128.101.220.155:9618?addrs=128.101.220.155-9618&noUDP&sock=7228_b309_4>
...
006 (6489.000.000) 08/07 09:45:43 Image size of job updated: 253060
	198  -  MemoryUsage of job (MB)
	201844  -  ResidentSetSize of job (KB)
...
006 (6489.000.000) 08/07 09:50:43 Image size of job updated: 380752
	321  -  MemoryUsage of job (MB)
	328024  -  ResidentSetSize of job (KB)
...
006 (6489.000.000) 08/07 09:55:44 Image size of job updated: 380800
	321  -  MemoryUsage of job (MB)
	328036  -  ResidentSetSize of job (KB)
...
006 (6489.000.000) 08/07 10:00:45 Image size of job updated: 380820
	321  -  MemoryUsage of job (MB)
	328036  -  ResidentSetSize of job (KB)
...
006 (6489.000.000) 08/07 10:05:45 Image size of job updated: 380820
	321  -  MemoryUsage of job (MB)
	328044  -  ResidentSetSize of job (KB)
...
005 (6489.000.000) 08/07 10:21:14 Job terminated.
	(1) Normal termination (return value 0)
		Usr 0 00:01:15, Sys 0 00:00:45  -  Run Remote Usage
		Usr 0 00:00:00, Sys 0 00:00:00  -  Run Local Usage
		Usr 0 00:01:15, Sys 0 00:00:45  -  Total Remote Usage
		Usr 0 00:00:00, Sys 0 00:00:00  -  Total Local Usage
	23981  -  Run Bytes Sent By Job
	581  -  Run Bytes Received By Job
	23981  -  Total Bytes Sent By Job
	581  -  Total Bytes Received By Job
	Partitionable Resources :    Usage  Request Allocated
	   Cpus                 :                 1         1
	   Disk (KB)            :       35  1024000   4031858
	   Memory (MB)          :      321     2000      2000
...
