000 (6491.000.000) 08/07 09:45:06 Job submitted from host: <128.101.221.176:9618?addrs=128.101.221.176-9618&noUDP&sock=11541_65e5_3>
...
001 (6491.000.000) 08/07 09:45:26 Job executing on host: <128.101.220.87:9618?addrs=128.101.220.87-9618&noUDP&sock=12038_f3c2_4>
...
006 (6491.000.000) 08/07 09:45:35 Image size of job updated: 140764
	94  -  MemoryUsage of job (MB)
	95904  -  ResidentSetSize of job (KB)
...
006 (6491.000.000) 08/07 09:50:36 Image size of job updated: 353040
	320  -  MemoryUsage of job (MB)
	327264  -  ResidentSetSize of job (KB)
...
006 (6491.000.000) 08/07 10:05:37 Image size of job updated: 353040
	320  -  MemoryUsage of job (MB)
	327268  -  ResidentSetSize of job (KB)
...
006 (6491.000.000) 08/07 10:15:39 Image size of job updated: 353040
	320  -  MemoryUsage of job (MB)
	327344  -  ResidentSetSize of job (KB)
...
006 (6491.000.000) 08/07 10:20:39 Image size of job updated: 353040
	320  -  MemoryUsage of job (MB)
	327360  -  ResidentSetSize of job (KB)
...
006 (6491.000.000) 08/07 10:25:39 Image size of job updated: 353040
	320  -  MemoryUsage of job (MB)
	327392  -  ResidentSetSize of job (KB)
...
005 (6491.000.000) 08/07 10:33:05 Job terminated.
	(1) Normal termination (return value 0)
		Usr 0 00:01:33, Sys 0 00:00:55  -  Run Remote Usage
		Usr 0 00:00:00, Sys 0 00:00:00  -  Run Local Usage
		Usr 0 00:01:33, Sys 0 00:00:55  -  Total Remote Usage
		Usr 0 00:00:00, Sys 0 00:00:00  -  Total Local Usage
	24211  -  Run Bytes Sent By Job
	581  -  Run Bytes Received By Job
	24211  -  Total Bytes Sent By Job
	581  -  Total Bytes Received By Job
	Partitionable Resources :    Usage  Request Allocated
	   Cpus                 :                 1         1
	   Disk (KB)            :       35  1024000   4041165
	   Memory (MB)          :      320     2000      2000
...
