000 (6470.000.000) 08/07 09:44:57 Job submitted from host: <128.101.221.176:9618?addrs=128.101.221.176-9618&noUDP&sock=11541_65e5_3>
...
001 (6470.000.000) 08/07 09:45:18 Job executing on host: <128.101.220.84:9618?addrs=128.101.220.84-9618&noUDP&sock=12007_9b0e_4>
...
006 (6470.000.000) 08/07 09:45:27 Image size of job updated: 65580
	30  -  MemoryUsage of job (MB)
	30096  -  ResidentSetSize of job (KB)
...
006 (6470.000.000) 08/07 09:50:27 Image size of job updated: 335240
	320  -  MemoryUsage of job (MB)
	326832  -  ResidentSetSize of job (KB)
...
006 (6470.000.000) 08/07 10:15:29 Image size of job updated: 335240
	320  -  MemoryUsage of job (MB)
	327252  -  ResidentSetSize of job (KB)
...
006 (6470.000.000) 08/07 10:20:30 Image size of job updated: 335240
	320  -  MemoryUsage of job (MB)
	327288  -  ResidentSetSize of job (KB)
...
006 (6470.000.000) 08/07 10:30:31 Image size of job updated: 335240
	320  -  MemoryUsage of job (MB)
	327312  -  ResidentSetSize of job (KB)
...
005 (6470.000.000) 08/07 10:31:32 Job terminated.
	(1) Normal termination (return value 0)
		Usr 0 00:01:25, Sys 0 00:00:49  -  Run Remote Usage
		Usr 0 00:00:00, Sys 0 00:00:00  -  Run Local Usage
		Usr 0 00:01:25, Sys 0 00:00:49  -  Total Remote Usage
		Usr 0 00:00:00, Sys 0 00:00:00  -  Total Local Usage
	24211  -  Run Bytes Sent By Job
	581  -  Run Bytes Received By Job
	24211  -  Total Bytes Sent By Job
	581  -  Total Bytes Received By Job
	Partitionable Resources :    Usage  Request Allocated
	   Cpus                 :                 1         1
	   Disk (KB)            :       35  1024000   4058378
	   Memory (MB)          :      320     2000      2000
...
