000 (6479.000.000) 08/07 09:45:00 Job submitted from host: <128.101.221.176:9618?addrs=128.101.221.176-9618&noUDP&sock=11541_65e5_3>
...
001 (6479.000.000) 08/07 09:45:21 Job executing on host: <128.101.220.117:9618?addrs=128.101.220.117-9618&noUDP&sock=11998_6eb4_4>
...
006 (6479.000.000) 08/07 09:45:29 Image size of job updated: 43084
	24  -  MemoryUsage of job (MB)
	23892  -  ResidentSetSize of job (KB)
...
006 (6479.000.000) 08/07 09:50:29 Image size of job updated: 351024
	319  -  MemoryUsage of job (MB)
	325896  -  ResidentSetSize of job (KB)
...
006 (6479.000.000) 08/07 09:55:30 Image size of job updated: 351064
	319  -  MemoryUsage of job (MB)
	325944  -  ResidentSetSize of job (KB)
...
006 (6479.000.000) 08/07 10:00:31 Image size of job updated: 351064
	319  -  MemoryUsage of job (MB)
	325956  -  ResidentSetSize of job (KB)
...
006 (6479.000.000) 08/07 10:05:31 Image size of job updated: 351064
	319  -  MemoryUsage of job (MB)
	325972  -  ResidentSetSize of job (KB)
...
005 (6479.000.000) 08/07 10:33:05 Job terminated.
	(1) Normal termination (return value 0)
		Usr 0 00:01:22, Sys 0 00:00:51  -  Run Remote Usage
		Usr 0 00:00:00, Sys 0 00:00:00  -  Run Local Usage
		Usr 0 00:01:22, Sys 0 00:00:51  -  Total Remote Usage
		Usr 0 00:00:00, Sys 0 00:00:00  -  Total Local Usage
	24212  -  Run Bytes Sent By Job
	581  -  Run Bytes Received By Job
	24212  -  Total Bytes Sent By Job
	581  -  Total Bytes Received By Job
	Partitionable Resources :    Usage  Request Allocated
	   Cpus                 :                 1         1
	   Disk (KB)            :       35  1024000   4025362
	   Memory (MB)          :      319     2000      2000
...
