000 (6480.000.000) 08/07 09:45:01 Job submitted from host: <128.101.221.176:9618?addrs=128.101.221.176-9618&noUDP&sock=11541_65e5_3>
...
001 (6480.000.000) 08/07 09:45:22 Job executing on host: <128.101.220.154:9618?addrs=128.101.220.154-9618&noUDP&sock=7465_f849_4>
...
006 (6480.000.000) 08/07 09:45:30 Image size of job updated: 43808
	24  -  MemoryUsage of job (MB)
	24176  -  ResidentSetSize of job (KB)
...
006 (6480.000.000) 08/07 09:50:31 Image size of job updated: 346280
	319  -  MemoryUsage of job (MB)
	326356  -  ResidentSetSize of job (KB)
...
006 (6480.000.000) 08/07 10:00:32 Image size of job updated: 346280
	319  -  MemoryUsage of job (MB)
	326360  -  ResidentSetSize of job (KB)
...
006 (6480.000.000) 08/07 10:05:32 Image size of job updated: 346280
	319  -  MemoryUsage of job (MB)
	326364  -  ResidentSetSize of job (KB)
...
006 (6480.000.000) 08/07 10:10:33 Image size of job updated: 346280
	319  -  MemoryUsage of job (MB)
	326408  -  ResidentSetSize of job (KB)
...
006 (6480.000.000) 08/07 10:15:33 Image size of job updated: 346280
	320  -  MemoryUsage of job (MB)
	326992  -  ResidentSetSize of job (KB)
...
006 (6480.000.000) 08/07 10:20:33 Image size of job updated: 346280
	323  -  MemoryUsage of job (MB)
	329964  -  ResidentSetSize of job (KB)
...
006 (6480.000.000) 08/07 10:25:35 Image size of job updated: 346280
	323  -  MemoryUsage of job (MB)
	329972  -  ResidentSetSize of job (KB)
...
005 (6480.000.000) 08/07 10:34:07 Job terminated.
	(1) Normal termination (return value 0)
		Usr 0 00:01:28, Sys 0 00:00:54  -  Run Remote Usage
		Usr 0 00:00:00, Sys 0 00:00:00  -  Run Local Usage
		Usr 0 00:01:28, Sys 0 00:00:54  -  Total Remote Usage
		Usr 0 00:00:00, Sys 0 00:00:00  -  Total Local Usage
	24677  -  Run Bytes Sent By Job
	581  -  Run Bytes Received By Job
	24677  -  Total Bytes Sent By Job
	581  -  Total Bytes Received By Job
	Partitionable Resources :    Usage  Request Allocated
	   Cpus                 :                 1         1
	   Disk (KB)            :       36  1024000   4007775
	   Memory (MB)          :      323     2000      2000
...
