000 (6495.000.000) 08/07 09:45:08 Job submitted from host: <128.101.221.176:9618?addrs=128.101.221.176-9618&noUDP&sock=11541_65e5_3>
...
001 (6495.000.000) 08/07 09:45:30 Job executing on host: <128.101.220.49:9618?addrs=128.101.220.49-9618&noUDP&sock=12019_f3c2_4>
...
006 (6495.000.000) 08/07 09:45:39 Image size of job updated: 184420
	126  -  MemoryUsage of job (MB)
	129024  -  ResidentSetSize of job (KB)
...
006 (6495.000.000) 08/07 09:50:40 Image size of job updated: 335120
	320  -  MemoryUsage of job (MB)
	327580  -  ResidentSetSize of job (KB)
...
006 (6495.000.000) 08/07 09:55:40 Image size of job updated: 335120
	320  -  MemoryUsage of job (MB)
	327604  -  ResidentSetSize of job (KB)
...
006 (6495.000.000) 08/07 10:00:40 Image size of job updated: 335120
	320  -  MemoryUsage of job (MB)
	327612  -  ResidentSetSize of job (KB)
...
006 (6495.000.000) 08/07 10:05:41 Image size of job updated: 335120
	320  -  MemoryUsage of job (MB)
	327616  -  ResidentSetSize of job (KB)
...
006 (6495.000.000) 08/07 10:15:42 Image size of job updated: 335120
	320  -  MemoryUsage of job (MB)
	327624  -  ResidentSetSize of job (KB)
...
006 (6495.000.000) 08/07 10:34:14 Image size of job updated: 711044
	320  -  MemoryUsage of job (MB)
	327624  -  ResidentSetSize of job (KB)
...
005 (6495.000.000) 08/07 10:34:16 Job terminated.
	(1) Normal termination (return value 0)
		Usr 0 00:01:38, Sys 0 00:01:02  -  Run Remote Usage
		Usr 0 00:00:00, Sys 0 00:00:00  -  Run Local Usage
		Usr 0 00:01:38, Sys 0 00:01:02  -  Total Remote Usage
		Usr 0 00:00:00, Sys 0 00:00:00  -  Total Local Usage
	24910  -  Run Bytes Sent By Job
	581  -  Run Bytes Received By Job
	24910  -  Total Bytes Sent By Job
	581  -  Total Bytes Received By Job
	Partitionable Resources :    Usage  Request Allocated
	   Cpus                 :                 1         1
	   Disk (KB)            :       36  1024000   3995260
	   Memory (MB)          :      320     2000      2000
...
