000 (9929.000.000) 03/30 08:56:00 Job submitted from host: <128.101.221.180:9618?addrs=128.101.221.180-9618&noUDP&sock=3943_2604_3>
...
001 (9929.000.000) 03/30 08:56:10 Job executing on host: <128.101.221.189:9618?addrs=128.101.221.189-9618&noUDP&sock=3424045_a60c_4>
...
006 (9929.000.000) 03/30 08:56:19 Image size of job updated: 132596
	81  -  MemoryUsage of job (MB)
	82048  -  ResidentSetSize of job (KB)
...
006 (9929.000.000) 03/30 09:00:44 Image size of job updated: 424128
	81  -  MemoryUsage of job (MB)
	82048  -  ResidentSetSize of job (KB)
...
005 (9929.000.000) 03/30 09:00:46 Job terminated.
	(1) Normal termination (return value 0)
		Usr 0 00:02:56, Sys 0 00:00:54  -  Run Remote Usage
		Usr 0 00:00:00, Sys 0 00:00:00  -  Run Local Usage
		Usr 0 00:02:56, Sys 0 00:00:54  -  Total Remote Usage
		Usr 0 00:00:00, Sys 0 00:00:00  -  Total Local Usage
	58411  -  Run Bytes Sent By Job
	535  -  Run Bytes Received By Job
	58411  -  Total Bytes Sent By Job
	535  -  Total Bytes Received By Job
	Partitionable Resources :    Usage  Request Allocated
	   Cpus                 :                 1         1
	   Disk (KB)            :       70  1024000   1028790
	   Memory (MB)          :       81     2000      2000
...
