000 (9943.000.000) 03/30 08:56:06 Job submitted from host: <128.101.221.180:9618?addrs=128.101.221.180-9618&noUDP&sock=3943_2604_3>
...
001 (9943.000.000) 03/30 08:56:14 Job executing on host: <128.101.220.112:9618?addrs=128.101.220.112-9618&noUDP&sock=2301225_8552_4>
...
006 (9943.000.000) 03/30 08:56:23 Image size of job updated: 235732
	161  -  MemoryUsage of job (MB)
	164216  -  ResidentSetSize of job (KB)
...
006 (9943.000.000) 03/30 09:01:24 Image size of job updated: 350776
	325  -  MemoryUsage of job (MB)
	332800  -  ResidentSetSize of job (KB)
...
005 (9943.000.000) 03/30 09:03:28 Job terminated.
	(1) Normal termination (return value 0)
		Usr 0 00:04:32, Sys 0 00:01:45  -  Run Remote Usage
		Usr 0 00:00:00, Sys 0 00:00:00  -  Run Local Usage
		Usr 0 00:04:32, Sys 0 00:01:45  -  Total Remote Usage
		Usr 0 00:00:00, Sys 0 00:00:00  -  Total Local Usage
	112743  -  Run Bytes Sent By Job
	535  -  Run Bytes Received By Job
	112743  -  Total Bytes Sent By Job
	535  -  Total Bytes Received By Job
	Partitionable Resources :    Usage  Request Allocated
	   Cpus                 :                 1         1
	   Disk (KB)            :      123  1024000   1030134
	   Memory (MB)          :      325     2000      2000
...
