000 (9926.000.000) 03/30 08:55:59 Job submitted from host: <128.101.221.180:9618?addrs=128.101.221.180-9618&noUDP&sock=3943_2604_3>
...
001 (9926.000.000) 03/30 08:56:10 Job executing on host: <128.101.221.191:9618?addrs=128.101.221.191-9618&noUDP&sock=3143621_1bfa_4>
...
006 (9926.000.000) 03/30 08:56:18 Image size of job updated: 172672
	109  -  MemoryUsage of job (MB)
	110916  -  ResidentSetSize of job (KB)
...
006 (9926.000.000) 03/30 09:01:19 Image size of job updated: 429364
	326  -  MemoryUsage of job (MB)
	332960  -  ResidentSetSize of job (KB)
...
005 (9926.000.000) 03/30 09:02:26 Job terminated.
	(1) Normal termination (return value 0)
		Usr 0 00:04:09, Sys 0 00:01:19  -  Run Remote Usage
		Usr 0 00:00:00, Sys 0 00:00:00  -  Run Local Usage
		Usr 0 00:04:09, Sys 0 00:01:19  -  Total Remote Usage
		Usr 0 00:00:00, Sys 0 00:00:00  -  Total Local Usage
	81130  -  Run Bytes Sent By Job
	535  -  Run Bytes Received By Job
	81130  -  Total Bytes Sent By Job
	535  -  Total Bytes Received By Job
	Partitionable Resources :    Usage  Request Allocated
	   Cpus                 :                 1         1
	   Disk (KB)            :       92  1024000   1029042
	   Memory (MB)          :      326     2000      2000
...
