000 (9925.000.000) 03/30 08:55:58 Job submitted from host: <128.101.221.180:9618?addrs=128.101.221.180-9618&noUDP&sock=3943_2604_3>
...
001 (9925.000.000) 03/30 08:56:09 Job executing on host: <128.101.221.176:9618?addrs=128.101.221.176-9618&noUDP&sock=2756849_b007_4>
...
006 (9925.000.000) 03/30 08:56:18 Image size of job updated: 109984
	60  -  MemoryUsage of job (MB)
	60548  -  ResidentSetSize of job (KB)
...
006 (9925.000.000) 03/30 09:01:19 Image size of job updated: 425636
	325  -  MemoryUsage of job (MB)
	331788  -  ResidentSetSize of job (KB)
...
006 (9925.000.000) 03/30 09:04:05 Image size of job updated: 730468
	325  -  MemoryUsage of job (MB)
	331788  -  ResidentSetSize of job (KB)
...
005 (9925.000.000) 03/30 09:04:06 Job terminated.
	(1) Normal termination (return value 0)
		Usr 0 00:05:09, Sys 0 00:01:35  -  Run Remote Usage
		Usr 0 00:00:00, Sys 0 00:00:00  -  Run Local Usage
		Usr 0 00:05:09, Sys 0 00:01:35  -  Total Remote Usage
		Usr 0 00:00:00, Sys 0 00:00:00  -  Total Local Usage
	86063  -  Run Bytes Sent By Job
	535  -  Run Bytes Received By Job
	86063  -  Total Bytes Sent By Job
	535  -  Total Bytes Received By Job
	Partitionable Resources :    Usage  Request Allocated
	   Cpus                 :                 1         1
	   Disk (KB)            :       97  1024000   1026128
	   Memory (MB)          :      325     2000      2000
...
