000 (9923.000.000) 03/30 08:55:58 Job submitted from host: <128.101.221.180:9618?addrs=128.101.221.180-9618&noUDP&sock=3943_2604_3>
...
001 (9923.000.000) 03/30 08:56:16 Job executing on host: <128.101.221.179:9618?addrs=128.101.221.179-9618&noUDP&sock=2230935_6d61_4>
...
006 (9923.000.000) 03/30 08:56:25 Image size of job updated: 133820
	82  -  MemoryUsage of job (MB)
	83200  -  ResidentSetSize of job (KB)
...
006 (9923.000.000) 03/30 09:01:26 Image size of job updated: 414392
	325  -  MemoryUsage of job (MB)
	332368  -  ResidentSetSize of job (KB)
...
005 (9923.000.000) 03/30 09:02:57 Job terminated.
	(1) Normal termination (return value 0)
		Usr 0 00:04:25, Sys 0 00:01:22  -  Run Remote Usage
		Usr 0 00:00:00, Sys 0 00:00:00  -  Run Local Usage
		Usr 0 00:04:25, Sys 0 00:01:22  -  Total Remote Usage
		Usr 0 00:00:00, Sys 0 00:00:00  -  Total Local Usage
	76532  -  Run Bytes Sent By Job
	535  -  Run Bytes Received By Job
	76532  -  Total Bytes Sent By Job
	535  -  Total Bytes Received By Job
	Partitionable Resources :    Usage  Request Allocated
	   Cpus                 :                 1         1
	   Disk (KB)            :       88  1024000   1027830
	   Memory (MB)          :      325     2000      2000
...
