000 (9931.000.000) 03/30 08:56:01 Job submitted from host: <128.101.221.180:9618?addrs=128.101.221.180-9618&noUDP&sock=3943_2604_3>
...
001 (9931.000.000) 03/30 08:56:10 Job executing on host: <128.101.220.74:9618?addrs=128.101.220.74-9618&noUDP&sock=3889_1be7_4>
...
006 (9931.000.000) 03/30 08:56:19 Image size of job updated: 244696
	168  -  MemoryUsage of job (MB)
	171120  -  ResidentSetSize of job (KB)
...
006 (9931.000.000) 03/30 09:01:20 Image size of job updated: 427232
	325  -  MemoryUsage of job (MB)
	331860  -  ResidentSetSize of job (KB)
...
005 (9931.000.000) 03/30 09:03:55 Job terminated.
	(1) Normal termination (return value 0)
		Usr 0 00:04:55, Sys 0 00:01:36  -  Run Remote Usage
		Usr 0 00:00:00, Sys 0 00:00:00  -  Run Local Usage
		Usr 0 00:04:55, Sys 0 00:01:36  -  Total Remote Usage
		Usr 0 00:00:00, Sys 0 00:00:00  -  Total Local Usage
	89712  -  Run Bytes Sent By Job
	535  -  Run Bytes Received By Job
	89712  -  Total Bytes Sent By Job
	535  -  Total Bytes Received By Job
	Partitionable Resources :    Usage  Request Allocated
	   Cpus                 :                 1         1
	   Disk (KB)            :      100  1024000   1028317
	   Memory (MB)          :      325     2000      2000
...
