000 (9941.000.000) 03/30 08:56:05 Job submitted from host: <128.101.221.180:9618?addrs=128.101.221.180-9618&noUDP&sock=3943_2604_3>
...
001 (9941.000.000) 03/30 08:56:14 Job executing on host: <128.101.221.187:9618?addrs=128.101.221.187-9618&noUDP&sock=3336463_ae6f_4>
...
006 (9941.000.000) 03/30 08:56:23 Image size of job updated: 188228
	124  -  MemoryUsage of job (MB)
	126376  -  ResidentSetSize of job (KB)
...
005 (9941.000.000) 03/30 09:01:06 Job terminated.
	(1) Normal termination (return value 0)
		Usr 0 00:03:10, Sys 0 00:01:07  -  Run Remote Usage
		Usr 0 00:00:00, Sys 0 00:00:00  -  Run Local Usage
		Usr 0 00:03:10, Sys 0 00:01:07  -  Total Remote Usage
		Usr 0 00:00:00, Sys 0 00:00:00  -  Total Local Usage
	70602  -  Run Bytes Sent By Job
	535  -  Run Bytes Received By Job
	70602  -  Total Bytes Sent By Job
	535  -  Total Bytes Received By Job
	Partitionable Resources :    Usage  Request Allocated
	   Cpus                 :                 1         1
	   Disk (KB)            :       82  1024000   1028848
	   Memory (MB)          :      124     2000      2000
...
