000 (9935.000.000) 03/30 08:56:03 Job submitted from host: <128.101.221.180:9618?addrs=128.101.221.180-9618&noUDP&sock=3943_2604_3>
...
001 (9935.000.000) 03/30 08:56:12 Job executing on host: <128.101.220.154:9618?addrs=128.101.220.154-9618&noUDP&sock=253625_3b9c_4>
...
006 (9935.000.000) 03/30 08:56:21 Image size of job updated: 264080
	182  -  MemoryUsage of job (MB)
	186172  -  ResidentSetSize of job (KB)
...
006 (9935.000.000) 03/30 09:01:23 Image size of job updated: 427544
	324  -  MemoryUsage of job (MB)
	330944  -  ResidentSetSize of job (KB)
...
006 (9935.000.000) 03/30 09:02:05 Image size of job updated: 730340
	324  -  MemoryUsage of job (MB)
	330944  -  ResidentSetSize of job (KB)
...
005 (9935.000.000) 03/30 09:02:06 Job terminated.
	(1) Normal termination (return value 0)
		Usr 0 00:03:42, Sys 0 00:01:15  -  Run Remote Usage
		Usr 0 00:00:00, Sys 0 00:00:00  -  Run Local Usage
		Usr 0 00:03:42, Sys 0 00:01:15  -  Total Remote Usage
		Usr 0 00:00:00, Sys 0 00:00:00  -  Total Local Usage
	81229  -  Run Bytes Sent By Job
	535  -  Run Bytes Received By Job
	81229  -  Total Bytes Sent By Job
	535  -  Total Bytes Received By Job
	Partitionable Resources :    Usage  Request Allocated
	   Cpus                 :                 1         1
	   Disk (KB)            :       92  1024000   1028200
	   Memory (MB)          :      324     2000      2000
...
