000 (9942.000.000) 03/30 08:56:06 Job submitted from host: <128.101.221.180:9618?addrs=128.101.221.180-9618&noUDP&sock=3943_2604_3>
...
001 (9942.000.000) 03/30 08:56:15 Job executing on host: <128.101.220.54:9618?addrs=128.101.220.54-9618&noUDP&sock=259437_c80b_4>
...
006 (9942.000.000) 03/30 08:56:23 Image size of job updated: 242208
	166  -  MemoryUsage of job (MB)
	168992  -  ResidentSetSize of job (KB)
...
006 (9942.000.000) 03/30 09:01:23 Image size of job updated: 339452
	324  -  MemoryUsage of job (MB)
	331760  -  ResidentSetSize of job (KB)
...
005 (9942.000.000) 03/30 09:01:49 Job terminated.
	(1) Normal termination (return value 0)
		Usr 0 00:03:32, Sys 0 00:01:14  -  Run Remote Usage
		Usr 0 00:00:00, Sys 0 00:00:00  -  Run Local Usage
		Usr 0 00:03:32, Sys 0 00:01:14  -  Total Remote Usage
		Usr 0 00:00:00, Sys 0 00:00:00  -  Total Local Usage
	83495  -  Run Bytes Sent By Job
	535  -  Run Bytes Received By Job
	83495  -  Total Bytes Sent By Job
	535  -  Total Bytes Received By Job
	Partitionable Resources :    Usage  Request Allocated
	   Cpus                 :                 1         1
	   Disk (KB)            :       94  1024000   1028280
	   Memory (MB)          :      324     2000      2000
...
