000 (9938.000.000) 03/30 08:56:04 Job submitted from host: <128.101.221.180:9618?addrs=128.101.221.180-9618&noUDP&sock=3943_2604_3>
...
001 (9938.000.000) 03/30 08:56:14 Job executing on host: <128.101.221.193:9618?addrs=128.101.221.193-9618&noUDP&sock=2332108_b0a7_4>
...
006 (9938.000.000) 03/30 08:56:23 Image size of job updated: 88820
	48  -  MemoryUsage of job (MB)
	48408  -  ResidentSetSize of job (KB)
...
006 (9938.000.000) 03/30 09:01:24 Image size of job updated: 335356
	326  -  MemoryUsage of job (MB)
	333672  -  ResidentSetSize of job (KB)
...
005 (9938.000.000) 03/30 09:02:48 Job terminated.
	(1) Normal termination (return value 0)
		Usr 0 00:03:50, Sys 0 00:01:38  -  Run Remote Usage
		Usr 0 00:00:00, Sys 0 00:00:00  -  Run Local Usage
		Usr 0 00:03:50, Sys 0 00:01:38  -  Total Remote Usage
		Usr 0 00:00:00, Sys 0 00:00:00  -  Total Local Usage
	98299  -  Run Bytes Sent By Job
	535  -  Run Bytes Received By Job
	98299  -  Total Bytes Sent By Job
	535  -  Total Bytes Received By Job
	Partitionable Resources :    Usage  Request Allocated
	   Cpus                 :                 1         1
	   Disk (KB)            :      109  1024000   1029014
	   Memory (MB)          :      326     2000      2000
...
