000 (9939.000.000) 03/30 08:56:05 Job submitted from host: <128.101.221.180:9618?addrs=128.101.221.180-9618&noUDP&sock=3943_2604_3>
...
001 (9939.000.000) 03/30 08:56:16 Job executing on host: <128.101.221.185:9618?addrs=128.101.221.185-9618&noUDP&sock=4153619_bab1_4>
...
006 (9939.000.000) 03/30 08:56:25 Image size of job updated: 209276
	141  -  MemoryUsage of job (MB)
	144196  -  ResidentSetSize of job (KB)
...
005 (9939.000.000) 03/30 08:59:16 Job terminated.
	(1) Normal termination (return value 0)
		Usr 0 00:01:57, Sys 0 00:00:38  -  Run Remote Usage
		Usr 0 00:00:00, Sys 0 00:00:00  -  Run Local Usage
		Usr 0 00:01:57, Sys 0 00:00:38  -  Total Remote Usage
		Usr 0 00:00:00, Sys 0 00:00:00  -  Total Local Usage
	56702  -  Run Bytes Sent By Job
	535  -  Run Bytes Received By Job
	56702  -  Total Bytes Sent By Job
	535  -  Total Bytes Received By Job
	Partitionable Resources :    Usage  Request Allocated
	   Cpus                 :                 1         1
	   Disk (KB)            :       68  1024000   1026765
	   Memory (MB)          :      141     2000      2000
...
