000 (9945.000.000) 03/30 08:56:07 Job submitted from host: <128.101.221.180:9618?addrs=128.101.221.180-9618&noUDP&sock=3943_2604_3>
...
001 (9945.000.000) 03/30 08:56:23 Job executing on host: <128.101.221.174:9618?addrs=128.101.221.174-9618&noUDP&sock=4031871_ba53_4>
...
006 (9945.000.000) 03/30 08:56:32 Image size of job updated: 249712
	176  -  MemoryUsage of job (MB)
	179328  -  ResidentSetSize of job (KB)
...
006 (9945.000.000) 03/30 09:01:34 Image size of job updated: 406328
	325  -  MemoryUsage of job (MB)
	332756  -  ResidentSetSize of job (KB)
...
005 (9945.000.000) 03/30 09:03:51 Job terminated.
	(1) Normal termination (return value 0)
		Usr 0 00:04:50, Sys 0 00:01:51  -  Run Remote Usage
		Usr 0 00:00:00, Sys 0 00:00:00  -  Run Local Usage
		Usr 0 00:04:50, Sys 0 00:01:51  -  Total Remote Usage
		Usr 0 00:00:00, Sys 0 00:00:00  -  Total Local Usage
	76738  -  Run Bytes Sent By Job
	535  -  Run Bytes Received By Job
	76738  -  Total Bytes Sent By Job
	535  -  Total Bytes Received By Job
	Partitionable Resources :    Usage  Request Allocated
	   Cpus                 :                 1         1
	   Disk (KB)            :       88  1024000   1900608
	   Memory (MB)          :      325     2000      2000
...
