000 (9936.000.000) 03/30 08:56:03 Job submitted from host: <128.101.221.180:9618?addrs=128.101.221.180-9618&noUDP&sock=3943_2604_3>
...
001 (9936.000.000) 03/30 08:56:12 Job executing on host: <128.101.221.194:9618?addrs=128.101.221.194-9618&noUDP&sock=3837_70fa_4>
...
006 (9936.000.000) 03/30 08:56:21 Image size of job updated: 230132
	157  -  MemoryUsage of job (MB)
	160268  -  ResidentSetSize of job (KB)
...
006 (9936.000.000) 03/30 09:01:22 Image size of job updated: 428140
	325  -  MemoryUsage of job (MB)
	331888  -  ResidentSetSize of job (KB)
...
006 (9936.000.000) 03/30 09:03:27 Image size of job updated: 730572
	325  -  MemoryUsage of job (MB)
	331888  -  ResidentSetSize of job (KB)
...
005 (9936.000.000) 03/30 09:03:28 Job terminated.
	(1) Normal termination (return value 0)
		Usr 0 00:04:41, Sys 0 00:01:29  -  Run Remote Usage
		Usr 0 00:00:00, Sys 0 00:00:00  -  Run Local Usage
		Usr 0 00:04:41, Sys 0 00:01:29  -  Total Remote Usage
		Usr 0 00:00:00, Sys 0 00:00:00  -  Total Local Usage
	97028  -  Run Bytes Sent By Job
	535  -  Run Bytes Received By Job
	97028  -  Total Bytes Sent By Job
	535  -  Total Bytes Received By Job
	Partitionable Resources :    Usage  Request Allocated
	   Cpus                 :                 1         1
	   Disk (KB)            :      108  1024000   1028059
	   Memory (MB)          :      325     2000      2000
...
