000 (9922.000.000) 03/30 08:55:57 Job submitted from host: <128.101.221.180:9618?addrs=128.101.221.180-9618&noUDP&sock=3943_2604_3>
...
001 (9922.000.000) 03/30 08:56:09 Job executing on host: <128.101.221.178:9618?addrs=128.101.221.178-9618&noUDP&sock=1886078_3590_4>
...
006 (9922.000.000) 03/30 08:56:17 Image size of job updated: 152500
	97  -  MemoryUsage of job (MB)
	99224  -  ResidentSetSize of job (KB)
...
006 (9922.000.000) 03/30 09:01:17 Image size of job updated: 424752
	322  -  MemoryUsage of job (MB)
	329448  -  ResidentSetSize of job (KB)
...
006 (9922.000.000) 03/30 09:06:17 Image size of job updated: 424752
	324  -  MemoryUsage of job (MB)
	331544  -  ResidentSetSize of job (KB)
...
006 (9922.000.000) 03/30 09:10:38 Image size of job updated: 730324
	324  -  MemoryUsage of job (MB)
	331544  -  ResidentSetSize of job (KB)
...
005 (9922.000.000) 03/30 09:10:39 Job terminated.
	(1) Normal termination (return value 0)
		Usr 0 00:06:31, Sys 0 00:02:14  -  Run Remote Usage
		Usr 0 00:00:00, Sys 0 00:00:00  -  Run Local Usage
		Usr 0 00:06:31, Sys 0 00:02:14  -  Total Remote Usage
		Usr 0 00:00:00, Sys 0 00:00:00  -  Total Local Usage
	85525  -  Run Bytes Sent By Job
	535  -  Run Bytes Received By Job
	85525  -  Total Bytes Sent By Job
	535  -  Total Bytes Received By Job
	Partitionable Resources :    Usage  Request Allocated
	   Cpus                 :                 1         1
	   Disk (KB)            :       96  1024000   1025720
	   Memory (MB)          :      324     2000      2000
...
