000 (9322.000.000) 03/29 09:46:51 Job submitted from host: <128.101.221.180:9618?addrs=128.101.221.180-9618&noUDP&sock=3943_2604_3>
...
001 (9322.000.000) 03/29 10:38:04 Job executing on host: <128.101.221.182:9618?addrs=128.101.221.182-9618&noUDP&sock=3902_06a2_4>
...
006 (9322.000.000) 03/29 10:38:13 Image size of job updated: 235620
	162  -  MemoryUsage of job (MB)
	165500  -  ResidentSetSize of job (KB)
...
006 (9322.000.000) 03/29 10:43:13 Image size of job updated: 329620
	322  -  MemoryUsage of job (MB)
	329548  -  ResidentSetSize of job (KB)
...
006 (9322.000.000) 03/29 10:48:13 Image size of job updated: 334564
	327  -  MemoryUsage of job (MB)
	334420  -  ResidentSetSize of job (KB)
...
006 (9322.000.000) 03/29 10:51:46 Image size of job updated: 733468
	327  -  MemoryUsage of job (MB)
	334420  -  ResidentSetSize of job (KB)
...
005 (9322.000.000) 03/29 10:51:47 Job terminated.
	(1) Normal termination (return value 0)
		Usr 0 00:08:08, Sys 0 00:04:51  -  Run Remote Usage
		Usr 0 00:00:00, Sys 0 00:00:00  -  Run Local Usage
		Usr 0 00:08:08, Sys 0 00:04:51  -  Total Remote Usage
		Usr 0 00:00:00, Sys 0 00:00:00  -  Total Local Usage
	84371  -  Run Bytes Sent By Job
	557  -  Run Bytes Received By Job
	84371  -  Total Bytes Sent By Job
	557  -  Total Bytes Received By Job
	Partitionable Resources :    Usage  Request Allocated
	   Cpus                 :                 1         1
	   Disk (KB)            :       95  1024000   2046406
	   Memory (MB)          :      327     2000      2000
...
