000 (9346.000.000) 03/29 09:47:04 Job submitted from host: <128.101.221.180:9618?addrs=128.101.221.180-9618&noUDP&sock=3943_2604_3>
...
001 (9346.000.000) 03/29 10:43:50 Job executing on host: <128.101.221.175:9618?addrs=128.101.221.175-9618&noUDP&sock=12916_e152_4>
...
006 (9346.000.000) 03/29 10:43:59 Image size of job updated: 222376
	174  -  MemoryUsage of job (MB)
	177432  -  ResidentSetSize of job (KB)
...
006 (9346.000.000) 03/29 10:49:00 Image size of job updated: 331976
	324  -  MemoryUsage of job (MB)
	331404  -  ResidentSetSize of job (KB)
...
005 (9346.000.000) 03/29 10:52:37 Job terminated.
	(1) Normal termination (return value 0)
		Usr 0 00:05:15, Sys 0 00:03:00  -  Run Remote Usage
		Usr 0 00:00:00, Sys 0 00:00:00  -  Run Local Usage
		Usr 0 00:05:15, Sys 0 00:03:00  -  Total Remote Usage
		Usr 0 00:00:00, Sys 0 00:00:00  -  Total Local Usage
	57649  -  Run Bytes Sent By Job
	557  -  Run Bytes Received By Job
	57649  -  Total Bytes Sent By Job
	557  -  Total Bytes Received By Job
	Partitionable Resources :    Usage  Request Allocated
	   Cpus                 :                 1         1
	   Disk (KB)            :       69  1024000   1931104
	   Memory (MB)          :      324     2000      2000
...
