000 (9321.000.000) 03/29 09:46:50 Job submitted from host: <128.101.221.180:9618?addrs=128.101.221.180-9618&noUDP&sock=3943_2604_3>
...
001 (9321.000.000) 03/29 10:37:24 Job executing on host: <128.101.221.175:9618?addrs=128.101.221.175-9618&noUDP&sock=12916_e152_4>
...
006 (9321.000.000) 03/29 10:37:33 Image size of job updated: 251124
	173  -  MemoryUsage of job (MB)
	176880  -  ResidentSetSize of job (KB)
...
006 (9321.000.000) 03/29 10:42:34 Image size of job updated: 331020
	324  -  MemoryUsage of job (MB)
	330956  -  ResidentSetSize of job (KB)
...
006 (9321.000.000) 03/29 10:44:12 Image size of job updated: 730096
	324  -  MemoryUsage of job (MB)
	330956  -  ResidentSetSize of job (KB)
...
005 (9321.000.000) 03/29 10:44:13 Job terminated.
	(1) Normal termination (return value 0)
		Usr 0 00:04:02, Sys 0 00:02:23  -  Run Remote Usage
		Usr 0 00:00:00, Sys 0 00:00:00  -  Run Local Usage
		Usr 0 00:04:02, Sys 0 00:02:23  -  Total Remote Usage
		Usr 0 00:00:00, Sys 0 00:00:00  -  Total Local Usage
	51746  -  Run Bytes Sent By Job
	557  -  Run Bytes Received By Job
	51746  -  Total Bytes Sent By Job
	557  -  Total Bytes Received By Job
	Partitionable Resources :    Usage  Request Allocated
	   Cpus                 :                 1         1
	   Disk (KB)            :       63  1024000   1931124
	   Memory (MB)          :      324     2000      2000
...
