000 (9330.000.000) 03/29 09:46:56 Job submitted from host: <128.101.221.180:9618?addrs=128.101.221.180-9618&noUDP&sock=3943_2604_3>
...
001 (9330.000.000) 03/29 10:40:14 Job executing on host: <128.101.221.193:9618?addrs=128.101.221.193-9618&noUDP&sock=2332108_b0a7_4>
...
006 (9330.000.000) 03/29 10:40:22 Image size of job updated: 237412
	162  -  MemoryUsage of job (MB)
	165516  -  ResidentSetSize of job (KB)
...
006 (9330.000.000) 03/29 10:44:32 Image size of job updated: 727532
	162  -  MemoryUsage of job (MB)
	165516  -  ResidentSetSize of job (KB)
...
005 (9330.000.000) 03/29 10:44:33 Job terminated.
	(1) Normal termination (return value 0)
		Usr 0 00:02:46, Sys 0 00:01:00  -  Run Remote Usage
		Usr 0 00:00:00, Sys 0 00:00:00  -  Run Local Usage
		Usr 0 00:02:46, Sys 0 00:01:00  -  Total Remote Usage
		Usr 0 00:00:00, Sys 0 00:00:00  -  Total Local Usage
	48642  -  Run Bytes Sent By Job
	557  -  Run Bytes Received By Job
	48642  -  Total Bytes Sent By Job
	557  -  Total Bytes Received By Job
	Partitionable Resources :    Usage  Request Allocated
	   Cpus                 :                 1         1
	   Disk (KB)            :       60  1024000   1028399
	   Memory (MB)          :      162     2000      2000
...
