000 (9325.000.000) 03/29 09:46:53 Job submitted from host: <128.101.221.180:9618?addrs=128.101.221.180-9618&noUDP&sock=3943_2604_3>
...
001 (9325.000.000) 03/29 10:38:50 Job executing on host: <128.101.221.175:9618?addrs=128.101.221.175-9618&noUDP&sock=12916_e152_4>
...
006 (9325.000.000) 03/29 10:38:58 Image size of job updated: 215984
	169  -  MemoryUsage of job (MB)
	172076  -  ResidentSetSize of job (KB)
...
006 (9325.000.000) 03/29 10:43:58 Image size of job updated: 331056
	324  -  MemoryUsage of job (MB)
	330792  -  ResidentSetSize of job (KB)
...
006 (9325.000.000) 03/29 10:48:59 Image size of job updated: 334148
	327  -  MemoryUsage of job (MB)
	334096  -  ResidentSetSize of job (KB)
...
005 (9325.000.000) 03/29 10:51:18 Job terminated.
	(1) Normal termination (return value 0)
		Usr 0 00:07:22, Sys 0 00:04:26  -  Run Remote Usage
		Usr 0 00:00:00, Sys 0 00:00:00  -  Run Local Usage
		Usr 0 00:07:22, Sys 0 00:04:26  -  Total Remote Usage
		Usr 0 00:00:00, Sys 0 00:00:00  -  Total Local Usage
	76836  -  Run Bytes Sent By Job
	557  -  Run Bytes Received By Job
	76836  -  Total Bytes Sent By Job
	557  -  Total Bytes Received By Job
	Partitionable Resources :    Usage  Request Allocated
	   Cpus                 :                 1         1
	   Disk (KB)            :       88  1024000   1931118
	   Memory (MB)          :      327     2000      2000
...
