000 (9354.000.000) 03/29 09:47:07 Job submitted from host: <128.101.221.180:9618?addrs=128.101.221.180-9618&noUDP&sock=3943_2604_3>
...
001 (9354.000.000) 03/29 10:46:02 Job executing on host: <128.101.221.175:9618?addrs=128.101.221.175-9618&noUDP&sock=12916_e152_4>
...
006 (9354.000.000) 03/29 10:46:11 Image size of job updated: 250108
	185  -  MemoryUsage of job (MB)
	189284  -  ResidentSetSize of job (KB)
...
006 (9354.000.000) 03/29 10:51:12 Image size of job updated: 332124
	324  -  MemoryUsage of job (MB)
	331632  -  ResidentSetSize of job (KB)
...
006 (9354.000.000) 03/29 10:51:19 Image size of job updated: 729832
	324  -  MemoryUsage of job (MB)
	331632  -  ResidentSetSize of job (KB)
...
005 (9354.000.000) 03/29 10:51:20 Job terminated.
	(1) Normal termination (return value 0)
		Usr 0 00:03:12, Sys 0 00:01:47  -  Run Remote Usage
		Usr 0 00:00:00, Sys 0 00:00:00  -  Run Local Usage
		Usr 0 00:03:12, Sys 0 00:01:47  -  Total Remote Usage
		Usr 0 00:00:00, Sys 0 00:00:00  -  Total Local Usage
	45106  -  Run Bytes Sent By Job
	557  -  Run Bytes Received By Job
	45106  -  Total Bytes Sent By Job
	557  -  Total Bytes Received By Job
	Partitionable Resources :    Usage  Request Allocated
	   Cpus                 :                 1         1
	   Disk (KB)            :       57  1024000   1931106
	   Memory (MB)          :      324     2000      2000
...
