000 (9344.000.000) 03/29 09:47:03 Job submitted from host: <128.101.221.180:9618?addrs=128.101.221.180-9618&noUDP&sock=3943_2604_3>
...
001 (9344.000.000) 03/29 10:43:27 Job executing on host: <128.101.221.182:9618?addrs=128.101.221.182-9618&noUDP&sock=3902_06a2_4>
...
006 (9344.000.000) 03/29 10:43:35 Image size of job updated: 242840
	168  -  MemoryUsage of job (MB)
	171016  -  ResidentSetSize of job (KB)
...
006 (9344.000.000) 03/29 10:46:44 Image size of job updated: 729932
	168  -  MemoryUsage of job (MB)
	171016  -  ResidentSetSize of job (KB)
...
005 (9344.000.000) 03/29 10:46:45 Job terminated.
	(1) Normal termination (return value 0)
		Usr 0 00:01:56, Sys 0 00:01:07  -  Run Remote Usage
		Usr 0 00:00:00, Sys 0 00:00:00  -  Run Local Usage
		Usr 0 00:01:56, Sys 0 00:01:07  -  Total Remote Usage
		Usr 0 00:00:00, Sys 0 00:00:00  -  Total Local Usage
	35198  -  Run Bytes Sent By Job
	557  -  Run Bytes Received By Job
	35198  -  Total Bytes Sent By Job
	557  -  Total Bytes Received By Job
	Partitionable Resources :    Usage  Request Allocated
	   Cpus                 :                 1         1
	   Disk (KB)            :       47  1024000   2046350
	   Memory (MB)          :      168     2000      2000
...
