000 (9373.000.000) 03/29 09:47:17 Job submitted from host: <128.101.221.180:9618?addrs=128.101.221.180-9618&noUDP&sock=3943_2604_3>
...
001 (9373.000.000) 03/29 10:52:02 Job executing on host: <128.101.221.182:9618?addrs=128.101.221.182-9618&noUDP&sock=3902_06a2_4>
...
006 (9373.000.000) 03/29 10:52:10 Image size of job updated: 231392
	174  -  MemoryUsage of job (MB)
	177372  -  ResidentSetSize of job (KB)
...
006 (9373.000.000) 03/29 10:57:10 Image size of job updated: 328888
	322  -  MemoryUsage of job (MB)
	328772  -  ResidentSetSize of job (KB)
...
006 (9373.000.000) 03/29 11:02:11 Image size of job updated: 334564
	327  -  MemoryUsage of job (MB)
	334260  -  ResidentSetSize of job (KB)
...
006 (9373.000.000) 03/29 11:02:22 Image size of job updated: 733008
	327  -  MemoryUsage of job (MB)
	334260  -  ResidentSetSize of job (KB)
...
005 (9373.000.000) 03/29 11:02:23 Job terminated.
	(1) Normal termination (return value 0)
		Usr 0 00:06:10, Sys 0 00:03:35  -  Run Remote Usage
		Usr 0 00:00:00, Sys 0 00:00:00  -  Run Local Usage
		Usr 0 00:06:10, Sys 0 00:03:35  -  Total Remote Usage
		Usr 0 00:00:00, Sys 0 00:00:00  -  Total Local Usage
	58998  -  Run Bytes Sent By Job
	557  -  Run Bytes Received By Job
	58998  -  Total Bytes Sent By Job
	557  -  Total Bytes Received By Job
	Partitionable Resources :    Usage  Request Allocated
	   Cpus                 :                 1         1
	   Disk (KB)            :       70  1024000   2046330
	   Memory (MB)          :      327     2000      2000
...
