000 (9327.000.000) 03/29 09:46:54 Job submitted from host: <128.101.221.180:9618?addrs=128.101.221.180-9618&noUDP&sock=3943_2604_3>
...
001 (9327.000.000) 03/29 10:39:31 Job executing on host: <128.101.221.175:9618?addrs=128.101.221.175-9618&noUDP&sock=12916_e152_4>
...
006 (9327.000.000) 03/29 10:39:40 Image size of job updated: 262816
	183  -  MemoryUsage of job (MB)
	187088  -  ResidentSetSize of job (KB)
...
006 (9327.000.000) 03/29 10:44:41 Image size of job updated: 332200
	325  -  MemoryUsage of job (MB)
	331924  -  ResidentSetSize of job (KB)
...
006 (9327.000.000) 03/29 10:45:33 Image size of job updated: 333152
	325  -  MemoryUsage of job (MB)
	331924  -  ResidentSetSize of job (KB)
...
005 (9327.000.000) 03/29 10:45:34 Job terminated.
	(1) Normal termination (return value 0)
		Usr 0 00:03:38, Sys 0 00:02:03  -  Run Remote Usage
		Usr 0 00:00:00, Sys 0 00:00:00  -  Run Local Usage
		Usr 0 00:03:38, Sys 0 00:02:03  -  Total Remote Usage
		Usr 0 00:00:00, Sys 0 00:00:00  -  Total Local Usage
	44883  -  Run Bytes Sent By Job
	557  -  Run Bytes Received By Job
	44883  -  Total Bytes Sent By Job
	557  -  Total Bytes Received By Job
	Partitionable Resources :    Usage  Request Allocated
	   Cpus                 :                 1         1
	   Disk (KB)            :       57  1024000   1931116
	   Memory (MB)          :      325     2000      2000
...
