000 (9347.000.000) 03/29 09:47:04 Job submitted from host: <128.101.221.180:9618?addrs=128.101.221.180-9618&noUDP&sock=3943_2604_3>
...
001 (9347.000.000) 03/29 10:43:50 Job executing on host: <128.101.221.175:9618?addrs=128.101.221.175-9618&noUDP&sock=12916_e152_4>
...
006 (9347.000.000) 03/29 10:43:59 Image size of job updated: 207440
	174  -  MemoryUsage of job (MB)
	178032  -  ResidentSetSize of job (KB)
...
006 (9347.000.000) 03/29 10:49:00 Image size of job updated: 329932
	322  -  MemoryUsage of job (MB)
	329648  -  ResidentSetSize of job (KB)
...
005 (9347.000.000) 03/29 10:50:43 Job terminated.
	(1) Normal termination (return value 0)
		Usr 0 00:04:09, Sys 0 00:02:20  -  Run Remote Usage
		Usr 0 00:00:00, Sys 0 00:00:00  -  Run Local Usage
		Usr 0 00:04:09, Sys 0 00:02:20  -  Total Remote Usage
		Usr 0 00:00:00, Sys 0 00:00:00  -  Total Local Usage
	40690  -  Run Bytes Sent By Job
	557  -  Run Bytes Received By Job
	40690  -  Total Bytes Sent By Job
	557  -  Total Bytes Received By Job
	Partitionable Resources :    Usage  Request Allocated
	   Cpus                 :                 1         1
	   Disk (KB)            :       53  1024000   1931104
	   Memory (MB)          :      322     2000      2000
...
