000 (9357.000.000) 03/29 09:47:09 Job submitted from host: <128.101.221.180:9618?addrs=128.101.221.180-9618&noUDP&sock=3943_2604_3>
...
001 (9357.000.000) 03/29 10:47:02 Job executing on host: <128.101.221.182:9618?addrs=128.101.221.182-9618&noUDP&sock=3902_06a2_4>
...
006 (9357.000.000) 03/29 10:47:11 Image size of job updated: 203192
	173  -  MemoryUsage of job (MB)
	176908  -  ResidentSetSize of job (KB)
...
006 (9357.000.000) 03/29 10:52:11 Image size of job updated: 332672
	325  -  MemoryUsage of job (MB)
	332360  -  ResidentSetSize of job (KB)
...
005 (9357.000.000) 03/29 10:55:06 Job terminated.
	(1) Normal termination (return value 0)
		Usr 0 00:04:44, Sys 0 00:02:49  -  Run Remote Usage
		Usr 0 00:00:00, Sys 0 00:00:00  -  Run Local Usage
		Usr 0 00:04:44, Sys 0 00:02:49  -  Total Remote Usage
		Usr 0 00:00:00, Sys 0 00:00:00  -  Total Local Usage
	55449  -  Run Bytes Sent By Job
	557  -  Run Bytes Received By Job
	55449  -  Total Bytes Sent By Job
	557  -  Total Bytes Received By Job
	Partitionable Resources :    Usage  Request Allocated
	   Cpus                 :                 1         1
	   Disk (KB)            :       67  1024000   2046348
	   Memory (MB)          :      325     2000      2000
...
