000 (9368.000.000) 03/29 09:47:15 Job submitted from host: <128.101.221.180:9618?addrs=128.101.221.180-9618&noUDP&sock=3943_2604_3>
...
001 (9368.000.000) 03/29 10:51:40 Job executing on host: <128.101.221.175:9618?addrs=128.101.221.175-9618&noUDP&sock=12916_e152_4>
...
006 (9368.000.000) 03/29 10:51:49 Image size of job updated: 229580
	195  -  MemoryUsage of job (MB)
	199260  -  ResidentSetSize of job (KB)
...
006 (9368.000.000) 03/29 10:56:50 Image size of job updated: 329292
	322  -  MemoryUsage of job (MB)
	329232  -  ResidentSetSize of job (KB)
...
006 (9368.000.000) 03/29 11:01:51 Image size of job updated: 334332
	327  -  MemoryUsage of job (MB)
	333952  -  ResidentSetSize of job (KB)
...
005 (9368.000.000) 03/29 11:02:14 Job terminated.
	(1) Normal termination (return value 0)
		Usr 0 00:06:14, Sys 0 00:03:45  -  Run Remote Usage
		Usr 0 00:00:00, Sys 0 00:00:00  -  Run Local Usage
		Usr 0 00:06:14, Sys 0 00:03:45  -  Total Remote Usage
		Usr 0 00:00:00, Sys 0 00:00:00  -  Total Local Usage
	64072  -  Run Bytes Sent By Job
	557  -  Run Bytes Received By Job
	64072  -  Total Bytes Sent By Job
	557  -  Total Bytes Received By Job
	Partitionable Resources :    Usage  Request Allocated
	   Cpus                 :                 1         1
	   Disk (KB)            :       75  1024000   1931096
	   Memory (MB)          :      327     2000      2000
...
