000 (9361.000.000) 03/29 09:47:11 Job submitted from host: <128.101.221.180:9618?addrs=128.101.221.180-9618&noUDP&sock=3943_2604_3>
...
001 (9361.000.000) 03/29 10:49:48 Job executing on host: <128.101.221.172:9618?addrs=128.101.221.172-9618&noUDP&sock=1824113_5f8e_4>
...
006 (9361.000.000) 03/29 10:49:57 Image size of job updated: 179344
	115  -  MemoryUsage of job (MB)
	117504  -  ResidentSetSize of job (KB)
...
006 (9361.000.000) 03/29 10:54:57 Image size of job updated: 428140
	324  -  MemoryUsage of job (MB)
	331504  -  ResidentSetSize of job (KB)
...
006 (9361.000.000) 03/29 10:56:49 Image size of job updated: 428700
	324  -  MemoryUsage of job (MB)
	331504  -  ResidentSetSize of job (KB)
...
005 (9361.000.000) 03/29 10:56:50 Job terminated.
	(1) Normal termination (return value 0)
		Usr 0 00:04:46, Sys 0 00:01:37  -  Run Remote Usage
		Usr 0 00:00:00, Sys 0 00:00:00  -  Run Local Usage
		Usr 0 00:04:46, Sys 0 00:01:37  -  Total Remote Usage
		Usr 0 00:00:00, Sys 0 00:00:00  -  Total Local Usage
	58779  -  Run Bytes Sent By Job
	557  -  Run Bytes Received By Job
	58779  -  Total Bytes Sent By Job
	557  -  Total Bytes Received By Job
	Partitionable Resources :    Usage  Request Allocated
	   Cpus                 :                 1         1
	   Disk (KB)            :       71  1024000   1028938
	   Memory (MB)          :      324     2000      2000
...
