000 (9333.000.000) 03/29 09:46:57 Job submitted from host: <128.101.221.180:9618?addrs=128.101.221.180-9618&noUDP&sock=3943_2604_3>
...
001 (9333.000.000) 03/29 10:40:35 Job executing on host: <128.101.221.175:9618?addrs=128.101.221.175-9618&noUDP&sock=12916_e152_4>
...
006 (9333.000.000) 03/29 10:40:44 Image size of job updated: 226128
	183  -  MemoryUsage of job (MB)
	186652  -  ResidentSetSize of job (KB)
...
006 (9333.000.000) 03/29 10:45:45 Image size of job updated: 328896
	321  -  MemoryUsage of job (MB)
	328644  -  ResidentSetSize of job (KB)
...
006 (9333.000.000) 03/29 10:47:34 Image size of job updated: 729656
	321  -  MemoryUsage of job (MB)
	328644  -  ResidentSetSize of job (KB)
...
005 (9333.000.000) 03/29 10:47:35 Job terminated.
	(1) Normal termination (return value 0)
		Usr 0 00:04:11, Sys 0 00:02:23  -  Run Remote Usage
		Usr 0 00:00:00, Sys 0 00:00:00  -  Run Local Usage
		Usr 0 00:04:11, Sys 0 00:02:23  -  Total Remote Usage
		Usr 0 00:00:00, Sys 0 00:00:00  -  Total Local Usage
	50388  -  Run Bytes Sent By Job
	557  -  Run Bytes Received By Job
	50388  -  Total Bytes Sent By Job
	557  -  Total Bytes Received By Job
	Partitionable Resources :    Usage  Request Allocated
	   Cpus                 :                 1         1
	   Disk (KB)            :       62  1024000   1931110
	   Memory (MB)          :      321     2000      2000
...
