000 (9376.000.000) 03/29 09:47:19 Job submitted from host: <128.101.221.180:9618?addrs=128.101.221.180-9618&noUDP&sock=3943_2604_3>
...
001 (9376.000.000) 03/29 10:53:04 Job executing on host: <128.101.221.182:9618?addrs=128.101.221.182-9618&noUDP&sock=3902_06a2_4>
...
006 (9376.000.000) 03/29 10:53:12 Image size of job updated: 194804
	131  -  MemoryUsage of job (MB)
	133396  -  ResidentSetSize of job (KB)
...
006 (9376.000.000) 03/29 10:58:12 Image size of job updated: 329940
	322  -  MemoryUsage of job (MB)
	329380  -  ResidentSetSize of job (KB)
...
006 (9376.000.000) 03/29 11:03:12 Image size of job updated: 336016
	328  -  MemoryUsage of job (MB)
	335836  -  ResidentSetSize of job (KB)
...
006 (9376.000.000) 03/29 11:03:50 Image size of job updated: 733132
	328  -  MemoryUsage of job (MB)
	335836  -  ResidentSetSize of job (KB)
...
005 (9376.000.000) 03/29 11:03:51 Job terminated.
	(1) Normal termination (return value 0)
		Usr 0 00:06:27, Sys 0 00:03:44  -  Run Remote Usage
		Usr 0 00:00:00, Sys 0 00:00:00  -  Run Local Usage
		Usr 0 00:06:27, Sys 0 00:03:44  -  Total Remote Usage
		Usr 0 00:00:00, Sys 0 00:00:00  -  Total Local Usage
	60757  -  Run Bytes Sent By Job
	557  -  Run Bytes Received By Job
	60757  -  Total Bytes Sent By Job
	557  -  Total Bytes Received By Job
	Partitionable Resources :    Usage  Request Allocated
	   Cpus                 :                 1         1
	   Disk (KB)            :       72  1024000   2046322
	   Memory (MB)          :      328     2000      2000
...
