000 (9336.000.000) 03/29 09:46:59 Job submitted from host: <128.101.221.180:9618?addrs=128.101.221.180-9618&noUDP&sock=3943_2604_3>
...
001 (9336.000.000) 03/29 10:42:00 Job executing on host: <128.101.221.182:9618?addrs=128.101.221.182-9618&noUDP&sock=3902_06a2_4>
...
006 (9336.000.000) 03/29 10:42:08 Image size of job updated: 164980
	143  -  MemoryUsage of job (MB)
	146132  -  ResidentSetSize of job (KB)
...
006 (9336.000.000) 03/29 10:47:08 Image size of job updated: 329304
	322  -  MemoryUsage of job (MB)
	329092  -  ResidentSetSize of job (KB)
...
006 (9336.000.000) 03/29 10:52:09 Image size of job updated: 334712
	327  -  MemoryUsage of job (MB)
	334428  -  ResidentSetSize of job (KB)
...
006 (9336.000.000) 03/29 10:54:13 Image size of job updated: 334852
	327  -  MemoryUsage of job (MB)
	334428  -  ResidentSetSize of job (KB)
...
005 (9336.000.000) 03/29 10:54:14 Job terminated.
	(1) Normal termination (return value 0)
		Usr 0 00:07:09, Sys 0 00:04:23  -  Run Remote Usage
		Usr 0 00:00:00, Sys 0 00:00:00  -  Run Local Usage
		Usr 0 00:07:09, Sys 0 00:04:23  -  Total Remote Usage
		Usr 0 00:00:00, Sys 0 00:00:00  -  Total Local Usage
	74439  -  Run Bytes Sent By Job
	557  -  Run Bytes Received By Job
	74439  -  Total Bytes Sent By Job
	557  -  Total Bytes Received By Job
	Partitionable Resources :    Usage  Request Allocated
	   Cpus                 :                 1         1
	   Disk (KB)            :       86  1024000   2046408
	   Memory (MB)          :      327     2000      2000
...
