000 (9372.000.000) 03/29 09:47:17 Job submitted from host: <128.101.221.180:9618?addrs=128.101.221.180-9618&noUDP&sock=3943_2604_3>
...
001 (9372.000.000) 03/29 10:51:59 Job executing on host: <128.101.221.182:9618?addrs=128.101.221.182-9618&noUDP&sock=3902_06a2_4>
...
006 (9372.000.000) 03/29 10:52:08 Image size of job updated: 208456
	188  -  MemoryUsage of job (MB)
	191628  -  ResidentSetSize of job (KB)
...
006 (9372.000.000) 03/29 10:56:49 Image size of job updated: 330464
	188  -  MemoryUsage of job (MB)
	191628  -  ResidentSetSize of job (KB)
...
005 (9372.000.000) 03/29 10:56:50 Job terminated.
	(1) Normal termination (return value 0)
		Usr 0 00:02:56, Sys 0 00:01:35  -  Run Remote Usage
		Usr 0 00:00:00, Sys 0 00:00:00  -  Run Local Usage
		Usr 0 00:02:56, Sys 0 00:01:35  -  Total Remote Usage
		Usr 0 00:00:00, Sys 0 00:00:00  -  Total Local Usage
	39580  -  Run Bytes Sent By Job
	557  -  Run Bytes Received By Job
	39580  -  Total Bytes Sent By Job
	557  -  Total Bytes Received By Job
	Partitionable Resources :    Usage  Request Allocated
	   Cpus                 :                 1         1
	   Disk (KB)            :       51  1024000   2046330
	   Memory (MB)          :      188     2000      2000
...
