000 (9339.000.000) 03/29 09:47:00 Job submitted from host: <128.101.221.180:9618?addrs=128.101.221.180-9618&noUDP&sock=3943_2604_3>
...
001 (9339.000.000) 03/29 10:42:24 Job executing on host: <128.101.221.175:9618?addrs=128.101.221.175-9618&noUDP&sock=12916_e152_4>
...
006 (9339.000.000) 03/29 10:42:33 Image size of job updated: 251296
	173  -  MemoryUsage of job (MB)
	177040  -  ResidentSetSize of job (KB)
...
006 (9339.000.000) 03/29 10:47:34 Image size of job updated: 329764
	322  -  MemoryUsage of job (MB)
	329628  -  ResidentSetSize of job (KB)
...
006 (9339.000.000) 03/29 10:51:13 Image size of job updated: 335212
	322  -  MemoryUsage of job (MB)
	329628  -  ResidentSetSize of job (KB)
...
005 (9339.000.000) 03/29 10:51:14 Job terminated.
	(1) Normal termination (return value 0)
		Usr 0 00:05:14, Sys 0 00:03:05  -  Run Remote Usage
		Usr 0 00:00:00, Sys 0 00:00:00  -  Run Local Usage
		Usr 0 00:05:14, Sys 0 00:03:05  -  Total Remote Usage
		Usr 0 00:00:00, Sys 0 00:00:00  -  Total Local Usage
	47975  -  Run Bytes Sent By Job
	557  -  Run Bytes Received By Job
	47975  -  Total Bytes Sent By Job
	557  -  Total Bytes Received By Job
	Partitionable Resources :    Usage  Request Allocated
	   Cpus                 :                 1         1
	   Disk (KB)            :       60  1024000   1931104
	   Memory (MB)          :      322     2000      2000
...
