000 (9360.000.000) 03/29 09:47:11 Job submitted from host: <128.101.221.180:9618?addrs=128.101.221.180-9618&noUDP&sock=3943_2604_3>
...
001 (9360.000.000) 03/29 10:48:10 Job executing on host: <128.101.221.176:9618?addrs=128.101.221.176-9618&noUDP&sock=2756849_b007_4>
...
006 (9360.000.000) 03/29 10:48:18 Image size of job updated: 185236
	122  -  MemoryUsage of job (MB)
	124780  -  ResidentSetSize of job (KB)
...
006 (9360.000.000) 03/29 10:53:18 Image size of job updated: 332032
	323  -  MemoryUsage of job (MB)
	329748  -  ResidentSetSize of job (KB)
...
005 (9360.000.000) 03/29 10:56:30 Job terminated.
	(1) Normal termination (return value 0)
		Usr 0 00:05:48, Sys 0 00:01:57  -  Run Remote Usage
		Usr 0 00:00:00, Sys 0 00:00:00  -  Run Local Usage
		Usr 0 00:05:48, Sys 0 00:01:57  -  Total Remote Usage
		Usr 0 00:00:00, Sys 0 00:00:00  -  Total Local Usage
	57242  -  Run Bytes Sent By Job
	557  -  Run Bytes Received By Job
	57242  -  Total Bytes Sent By Job
	557  -  Total Bytes Received By Job
	Partitionable Resources :    Usage  Request Allocated
	   Cpus                 :                 1         1
	   Disk (KB)            :       69  1024000   1026312
	   Memory (MB)          :      323     2000      2000
...
