000 (9359.000.000) 03/29 09:47:10 Job submitted from host: <128.101.221.180:9618?addrs=128.101.221.180-9618&noUDP&sock=3943_2604_3>
...
001 (9359.000.000) 03/29 10:47:36 Job executing on host: <128.101.221.175:9618?addrs=128.101.221.175-9618&noUDP&sock=12916_e152_4>
...
006 (9359.000.000) 03/29 10:47:45 Image size of job updated: 243088
	168  -  MemoryUsage of job (MB)
	171264  -  ResidentSetSize of job (KB)
...
006 (9359.000.000) 03/29 10:52:01 Image size of job updated: 331108
	168  -  MemoryUsage of job (MB)
	171264  -  ResidentSetSize of job (KB)
...
005 (9359.000.000) 03/29 10:52:02 Job terminated.
	(1) Normal termination (return value 0)
		Usr 0 00:02:42, Sys 0 00:01:25  -  Run Remote Usage
		Usr 0 00:00:00, Sys 0 00:00:00  -  Run Local Usage
		Usr 0 00:02:42, Sys 0 00:01:25  -  Total Remote Usage
		Usr 0 00:00:00, Sys 0 00:00:00  -  Total Local Usage
	43773  -  Run Bytes Sent By Job
	557  -  Run Bytes Received By Job
	43773  -  Total Bytes Sent By Job
	557  -  Total Bytes Received By Job
	Partitionable Resources :    Usage  Request Allocated
	   Cpus                 :                 1         1
	   Disk (KB)            :       56  1024000   1931110
	   Memory (MB)          :      168     2000      2000
...
