000 (9342.000.000) 03/29 09:47:02 Job submitted from host: <128.101.221.180:9618?addrs=128.101.221.180-9618&noUDP&sock=3943_2604_3>
...
001 (9342.000.000) 03/29 10:42:28 Job executing on host: <128.101.221.182:9618?addrs=128.101.221.182-9618&noUDP&sock=3902_06a2_4>
...
006 (9342.000.000) 03/29 10:42:37 Image size of job updated: 259064
	186  -  MemoryUsage of job (MB)
	190112  -  ResidentSetSize of job (KB)
...
006 (9342.000.000) 03/29 10:46:42 Image size of job updated: 331368
	186  -  MemoryUsage of job (MB)
	190112  -  ResidentSetSize of job (KB)
...
005 (9342.000.000) 03/29 10:46:43 Job terminated.
	(1) Normal termination (return value 0)
		Usr 0 00:02:31, Sys 0 00:01:28  -  Run Remote Usage
		Usr 0 00:00:00, Sys 0 00:00:00  -  Run Local Usage
		Usr 0 00:02:31, Sys 0 00:01:28  -  Total Remote Usage
		Usr 0 00:00:00, Sys 0 00:00:00  -  Total Local Usage
	39576  -  Run Bytes Sent By Job
	557  -  Run Bytes Received By Job
	39576  -  Total Bytes Sent By Job
	557  -  Total Bytes Received By Job
	Partitionable Resources :    Usage  Request Allocated
	   Cpus                 :                 1         1
	   Disk (KB)            :       52  1024000   2046406
	   Memory (MB)          :      186     2000      2000
...
