000 (9363.000.000) 03/29 09:47:12 Job submitted from host: <128.101.221.180:9618?addrs=128.101.221.180-9618&noUDP&sock=3943_2604_3>
...
001 (9363.000.000) 03/29 10:50:45 Job executing on host: <128.101.221.175:9618?addrs=128.101.221.175-9618&noUDP&sock=12916_e152_4>
...
006 (9363.000.000) 03/29 10:50:53 Image size of job updated: 241844
	167  -  MemoryUsage of job (MB)
	170092  -  ResidentSetSize of job (KB)
...
006 (9363.000.000) 03/29 10:55:53 Image size of job updated: 329520
	322  -  MemoryUsage of job (MB)
	329448  -  ResidentSetSize of job (KB)
...
006 (9363.000.000) 03/29 11:00:54 Image size of job updated: 332876
	325  -  MemoryUsage of job (MB)
	332588  -  ResidentSetSize of job (KB)
...
006 (9363.000.000) 03/29 11:02:18 Image size of job updated: 733364
	325  -  MemoryUsage of job (MB)
	332588  -  ResidentSetSize of job (KB)
...
005 (9363.000.000) 03/29 11:02:19 Job terminated.
	(1) Normal termination (return value 0)
		Usr 0 00:06:50, Sys 0 00:04:06  -  Run Remote Usage
		Usr 0 00:00:00, Sys 0 00:00:00  -  Run Local Usage
		Usr 0 00:06:50, Sys 0 00:04:06  -  Total Remote Usage
		Usr 0 00:00:00, Sys 0 00:00:00  -  Total Local Usage
	74438  -  Run Bytes Sent By Job
	557  -  Run Bytes Received By Job
	74438  -  Total Bytes Sent By Job
	557  -  Total Bytes Received By Job
	Partitionable Resources :    Usage  Request Allocated
	   Cpus                 :                 1         1
	   Disk (KB)            :       86  1024000   1931104
	   Memory (MB)          :      325     2000      2000
...
