000 (9340.000.000) 03/29 09:47:01 Job submitted from host: <128.101.221.180:9618?addrs=128.101.221.180-9618&noUDP&sock=3943_2604_3>
...
001 (9340.000.000) 03/29 10:42:25 Job executing on host: <128.101.220.49:9618?addrs=128.101.220.49-9618&noUDP&sock=280861_dd0b_4>
...
006 (9340.000.000) 03/29 10:42:34 Image size of job updated: 206452
	139  -  MemoryUsage of job (MB)
	142076  -  ResidentSetSize of job (KB)
...
006 (9340.000.000) 03/29 10:46:12 Image size of job updated: 426072
	139  -  MemoryUsage of job (MB)
	142076  -  ResidentSetSize of job (KB)
...
005 (9340.000.000) 03/29 10:46:13 Job terminated.
	(1) Normal termination (return value 0)
		Usr 0 00:02:34, Sys 0 00:00:48  -  Run Remote Usage
		Usr 0 00:00:00, Sys 0 00:00:00  -  Run Local Usage
		Usr 0 00:02:34, Sys 0 00:00:48  -  Total Remote Usage
		Usr 0 00:00:00, Sys 0 00:00:00  -  Total Local Usage
	44884  -  Run Bytes Sent By Job
	557  -  Run Bytes Received By Job
	44884  -  Total Bytes Sent By Job
	557  -  Total Bytes Received By Job
	Partitionable Resources :    Usage  Request Allocated
	   Cpus                 :                 1         1
	   Disk (KB)            :       57  1024000   1028817
	   Memory (MB)          :      139     2000      2000
...
