000 (9355.000.000) 03/29 09:47:08 Job submitted from host: <128.101.221.180:9618?addrs=128.101.221.180-9618&noUDP&sock=3943_2604_3>
...
001 (9355.000.000) 03/29 10:46:39 Job executing on host: <128.101.220.49:9618?addrs=128.101.220.49-9618&noUDP&sock=280861_dd0b_4>
...
006 (9355.000.000) 03/29 10:46:48 Image size of job updated: 270020
	187  -  MemoryUsage of job (MB)
	191436  -  ResidentSetSize of job (KB)
...
006 (9355.000.000) 03/29 10:51:49 Image size of job updated: 426396
	323  -  MemoryUsage of job (MB)
	329764  -  ResidentSetSize of job (KB)
...
006 (9355.000.000) 03/29 10:56:00 Image size of job updated: 732816
	323  -  MemoryUsage of job (MB)
	329764  -  ResidentSetSize of job (KB)
...
005 (9355.000.000) 03/29 10:56:01 Job terminated.
	(1) Normal termination (return value 0)
		Usr 0 00:06:16, Sys 0 00:02:07  -  Run Remote Usage
		Usr 0 00:00:00, Sys 0 00:00:00  -  Run Local Usage
		Usr 0 00:06:16, Sys 0 00:02:07  -  Total Remote Usage
		Usr 0 00:00:00, Sys 0 00:00:00  -  Total Local Usage
	71995  -  Run Bytes Sent By Job
	557  -  Run Bytes Received By Job
	71995  -  Total Bytes Sent By Job
	557  -  Total Bytes Received By Job
	Partitionable Resources :    Usage  Request Allocated
	   Cpus                 :                 1         1
	   Disk (KB)            :       83  1024000   1028806
	   Memory (MB)          :      323     2000      2000
...
