000 (9356.000.000) 03/29 09:47:09 Job submitted from host: <128.101.221.180:9618?addrs=128.101.221.180-9618&noUDP&sock=3943_2604_3>
...
001 (9356.000.000) 03/29 10:46:46 Job executing on host: <128.101.221.182:9618?addrs=128.101.221.182-9618&noUDP&sock=3902_06a2_4>
...
006 (9356.000.000) 03/29 10:46:55 Image size of job updated: 281492
	200  -  MemoryUsage of job (MB)
	204188  -  ResidentSetSize of job (KB)
...
006 (9356.000.000) 03/29 10:51:55 Image size of job updated: 329788
	322  -  MemoryUsage of job (MB)
	329280  -  ResidentSetSize of job (KB)
...
006 (9356.000.000) 03/29 10:54:20 Image size of job updated: 729740
	322  -  MemoryUsage of job (MB)
	329280  -  ResidentSetSize of job (KB)
...
005 (9356.000.000) 03/29 10:54:21 Job terminated.
	(1) Normal termination (return value 0)
		Usr 0 00:04:22, Sys 0 00:02:46  -  Run Remote Usage
		Usr 0 00:00:00, Sys 0 00:00:00  -  Run Local Usage
		Usr 0 00:04:22, Sys 0 00:02:46  -  Total Remote Usage
		Usr 0 00:00:00, Sys 0 00:00:00  -  Total Local Usage
	60786  -  Run Bytes Sent By Job
	557  -  Run Bytes Received By Job
	60786  -  Total Bytes Sent By Job
	557  -  Total Bytes Received By Job
	Partitionable Resources :    Usage  Request Allocated
	   Cpus                 :                 1         1
	   Disk (KB)            :       72  1024000   2046350
	   Memory (MB)          :      322     2000      2000
...
