000 (9349.000.000) 03/29 09:47:05 Job submitted from host: <128.101.221.180:9618?addrs=128.101.221.180-9618&noUDP&sock=3943_2604_3>
...
001 (9349.000.000) 03/29 10:44:35 Job executing on host: <128.101.221.193:9618?addrs=128.101.221.193-9618&noUDP&sock=2332108_b0a7_4>
...
006 (9349.000.000) 03/29 10:44:43 Image size of job updated: 181004
	117  -  MemoryUsage of job (MB)
	119156  -  ResidentSetSize of job (KB)
...
006 (9349.000.000) 03/29 10:49:43 Image size of job updated: 432072
	328  -  MemoryUsage of job (MB)
	335436  -  ResidentSetSize of job (KB)
...
006 (9349.000.000) 03/29 10:51:40 Image size of job updated: 432112
	328  -  MemoryUsage of job (MB)
	335436  -  ResidentSetSize of job (KB)
...
005 (9349.000.000) 03/29 10:51:41 Job terminated.
	(1) Normal termination (return value 0)
		Usr 0 00:04:26, Sys 0 00:01:45  -  Run Remote Usage
		Usr 0 00:00:00, Sys 0 00:00:00  -  Run Local Usage
		Usr 0 00:04:26, Sys 0 00:01:45  -  Total Remote Usage
		Usr 0 00:00:00, Sys 0 00:00:00  -  Total Local Usage
	70683  -  Run Bytes Sent By Job
	557  -  Run Bytes Received By Job
	70683  -  Total Bytes Sent By Job
	557  -  Total Bytes Received By Job
	Partitionable Resources :    Usage  Request Allocated
	   Cpus                 :                 1         1
	   Disk (KB)            :       82  1024000   1028399
	   Memory (MB)          :      328     2000      2000
...
