000 (9377.000.000) 03/29 09:47:20 Job submitted from host: <128.101.221.180:9618?addrs=128.101.221.180-9618&noUDP&sock=3943_2604_3>
...
001 (9377.000.000) 03/29 10:53:46 Job executing on host: <128.101.220.87:9618?addrs=128.101.220.87-9618&noUDP&sock=465496_1dbd_4>
...
006 (9377.000.000) 03/29 10:53:55 Image size of job updated: 253864
	174  -  MemoryUsage of job (MB)
	177736  -  ResidentSetSize of job (KB)
...
006 (9377.000.000) 03/29 10:58:56 Image size of job updated: 429568
	326  -  MemoryUsage of job (MB)
	332932  -  ResidentSetSize of job (KB)
...
005 (9377.000.000) 03/29 11:02:02 Job terminated.
	(1) Normal termination (return value 0)
		Usr 0 00:05:32, Sys 0 00:01:51  -  Run Remote Usage
		Usr 0 00:00:00, Sys 0 00:00:00  -  Run Local Usage
		Usr 0 00:05:32, Sys 0 00:01:51  -  Total Remote Usage
		Usr 0 00:00:00, Sys 0 00:00:00  -  Total Local Usage
	63870  -  Run Bytes Sent By Job
	557  -  Run Bytes Received By Job
	63870  -  Total Bytes Sent By Job
	557  -  Total Bytes Received By Job
	Partitionable Resources :    Usage  Request Allocated
	   Cpus                 :                 1         1
	   Disk (KB)            :       75  1024000   1029118
	   Memory (MB)          :      326     2000      2000
...
