000 (9374.000.000) 03/29 09:47:18 Job submitted from host: <128.101.221.180:9618?addrs=128.101.221.180-9618&noUDP&sock=3943_2604_3>
...
001 (9374.000.000) 03/29 10:52:21 Job executing on host: <128.101.221.175:9618?addrs=128.101.221.175-9618&noUDP&sock=12916_e152_4>
...
006 (9374.000.000) 03/29 10:52:29 Image size of job updated: 222876
	153  -  MemoryUsage of job (MB)
	155892  -  ResidentSetSize of job (KB)
...
006 (9374.000.000) 03/29 10:57:29 Image size of job updated: 328952
	322  -  MemoryUsage of job (MB)
	328852  -  ResidentSetSize of job (KB)
...
006 (9374.000.000) 03/29 11:02:15 Image size of job updated: 733060
	322  -  MemoryUsage of job (MB)
	328852  -  ResidentSetSize of job (KB)
...
005 (9374.000.000) 03/29 11:02:16 Job terminated.
	(1) Normal termination (return value 0)
		Usr 0 00:05:51, Sys 0 00:03:29  -  Run Remote Usage
		Usr 0 00:00:00, Sys 0 00:00:00  -  Run Local Usage
		Usr 0 00:05:51, Sys 0 00:03:29  -  Total Remote Usage
		Usr 0 00:00:00, Sys 0 00:00:00  -  Total Local Usage
	68053  -  Run Bytes Sent By Job
	557  -  Run Bytes Received By Job
	68053  -  Total Bytes Sent By Job
	557  -  Total Bytes Received By Job
	Partitionable Resources :    Usage  Request Allocated
	   Cpus                 :                 1         1
	   Disk (KB)            :       79  1024000   1931094
	   Memory (MB)          :      322     2000      2000
...
