000 (9371.000.000) 03/29 09:47:16 Job submitted from host: <128.101.221.180:9618?addrs=128.101.221.180-9618&noUDP&sock=3943_2604_3>
...
001 (9371.000.000) 03/29 10:51:59 Job executing on host: <128.101.221.182:9618?addrs=128.101.221.182-9618&noUDP&sock=3902_06a2_4>
...
006 (9371.000.000) 03/29 10:52:08 Image size of job updated: 193696
	182  -  MemoryUsage of job (MB)
	185608  -  ResidentSetSize of job (KB)
...
006 (9371.000.000) 03/29 10:57:09 Image size of job updated: 329656
	322  -  MemoryUsage of job (MB)
	329508  -  ResidentSetSize of job (KB)
...
006 (9371.000.000) 03/29 11:02:09 Image size of job updated: 333108
	326  -  MemoryUsage of job (MB)
	332904  -  ResidentSetSize of job (KB)
...
005 (9371.000.000) 03/29 11:04:47 Job terminated.
	(1) Normal termination (return value 0)
		Usr 0 00:07:31, Sys 0 00:04:32  -  Run Remote Usage
		Usr 0 00:00:00, Sys 0 00:00:00  -  Run Local Usage
		Usr 0 00:07:31, Sys 0 00:04:32  -  Total Remote Usage
		Usr 0 00:00:00, Sys 0 00:00:00  -  Total Local Usage
	68673  -  Run Bytes Sent By Job
	557  -  Run Bytes Received By Job
	68673  -  Total Bytes Sent By Job
	557  -  Total Bytes Received By Job
	Partitionable Resources :    Usage  Request Allocated
	   Cpus                 :                 1         1
	   Disk (KB)            :       80  1024000   2046330
	   Memory (MB)          :      326     2000      2000
...
