000 (9343.000.000) 03/29 09:47:02 Job submitted from host: <128.101.221.180:9618?addrs=128.101.221.180-9618&noUDP&sock=3943_2604_3>
...
001 (9343.000.000) 03/29 10:43:05 Job executing on host: <128.101.221.176:9618?addrs=128.101.221.176-9618&noUDP&sock=2756849_b007_4>
...
006 (9343.000.000) 03/29 10:43:14 Image size of job updated: 246396
	169  -  MemoryUsage of job (MB)
	172264  -  ResidentSetSize of job (KB)
...
006 (9343.000.000) 03/29 10:48:15 Image size of job updated: 331472
	322  -  MemoryUsage of job (MB)
	328836  -  ResidentSetSize of job (KB)
...
005 (9343.000.000) 03/29 10:51:45 Job terminated.
	(1) Normal termination (return value 0)
		Usr 0 00:06:03, Sys 0 00:02:02  -  Run Remote Usage
		Usr 0 00:00:00, Sys 0 00:00:00  -  Run Local Usage
		Usr 0 00:06:03, Sys 0 00:02:02  -  Total Remote Usage
		Usr 0 00:00:00, Sys 0 00:00:00  -  Total Local Usage
	63427  -  Run Bytes Sent By Job
	557  -  Run Bytes Received By Job
	63427  -  Total Bytes Sent By Job
	557  -  Total Bytes Received By Job
	Partitionable Resources :    Usage  Request Allocated
	   Cpus                 :                 1         1
	   Disk (KB)            :       75  1024000   1026307
	   Memory (MB)          :      322     2000      2000
...
