000 (9348.000.000) 03/29 09:47:05 Job submitted from host: <128.101.221.180:9618?addrs=128.101.221.180-9618&noUDP&sock=3943_2604_3>
...
001 (9348.000.000) 03/29 10:44:15 Job executing on host: <128.101.221.175:9618?addrs=128.101.221.175-9618&noUDP&sock=12916_e152_4>
...
006 (9348.000.000) 03/29 10:44:23 Image size of job updated: 231580
	164  -  MemoryUsage of job (MB)
	167580  -  ResidentSetSize of job (KB)
...
006 (9348.000.000) 03/29 10:49:23 Image size of job updated: 332144
	325  -  MemoryUsage of job (MB)
	331852  -  ResidentSetSize of job (KB)
...
005 (9348.000.000) 03/29 10:51:21 Job terminated.
	(1) Normal termination (return value 0)
		Usr 0 00:04:14, Sys 0 00:02:27  -  Run Remote Usage
		Usr 0 00:00:00, Sys 0 00:00:00  -  Run Local Usage
		Usr 0 00:04:14, Sys 0 00:02:27  -  Total Remote Usage
		Usr 0 00:00:00, Sys 0 00:00:00  -  Total Local Usage
	45132  -  Run Bytes Sent By Job
	557  -  Run Bytes Received By Job
	45132  -  Total Bytes Sent By Job
	557  -  Total Bytes Received By Job
	Partitionable Resources :    Usage  Request Allocated
	   Cpus                 :                 1         1
	   Disk (KB)            :       57  1024000   1931124
	   Memory (MB)          :      325     2000      2000
...
