000 (9364.000.000) 03/29 09:47:13 Job submitted from host: <128.101.221.180:9618?addrs=128.101.221.180-9618&noUDP&sock=3943_2604_3>
...
001 (9364.000.000) 03/29 10:51:16 Job executing on host: <128.101.221.175:9618?addrs=128.101.221.175-9618&noUDP&sock=12916_e152_4>
...
006 (9364.000.000) 03/29 10:51:24 Image size of job updated: 257412
	180  -  MemoryUsage of job (MB)
	183664  -  ResidentSetSize of job (KB)
...
006 (9364.000.000) 03/29 10:56:24 Image size of job updated: 332856
	325  -  MemoryUsage of job (MB)
	332680  -  ResidentSetSize of job (KB)
...
006 (9364.000.000) 03/29 11:00:35 Image size of job updated: 335260
	325  -  MemoryUsage of job (MB)
	332680  -  ResidentSetSize of job (KB)
...
005 (9364.000.000) 03/29 11:00:36 Job terminated.
	(1) Normal termination (return value 0)
		Usr 0 00:05:24, Sys 0 00:03:23  -  Run Remote Usage
		Usr 0 00:00:00, Sys 0 00:00:00  -  Run Local Usage
		Usr 0 00:05:24, Sys 0 00:03:23  -  Total Remote Usage
		Usr 0 00:00:00, Sys 0 00:00:00  -  Total Local Usage
	59234  -  Run Bytes Sent By Job
	557  -  Run Bytes Received By Job
	59234  -  Total Bytes Sent By Job
	557  -  Total Bytes Received By Job
	Partitionable Resources :    Usage  Request Allocated
	   Cpus                 :                 1         1
	   Disk (KB)            :       71  1024000   1931104
	   Memory (MB)          :      325     2000      2000
...
