000 (9350.000.000) 03/29 09:47:05 Job submitted from host: <128.101.221.180:9618?addrs=128.101.221.180-9618&noUDP&sock=3943_2604_3>
...
001 (9350.000.000) 03/29 10:44:52 Job executing on host: <128.101.221.172:9618?addrs=128.101.221.172-9618&noUDP&sock=1824113_5f8e_4>
...
006 (9350.000.000) 03/29 10:45:01 Image size of job updated: 190056
	126  -  MemoryUsage of job (MB)
	128052  -  ResidentSetSize of job (KB)
...
006 (9350.000.000) 03/29 10:49:46 Image size of job updated: 426052
	126  -  MemoryUsage of job (MB)
	128052  -  ResidentSetSize of job (KB)
...
005 (9350.000.000) 03/29 10:49:47 Job terminated.
	(1) Normal termination (return value 0)
		Usr 0 00:03:22, Sys 0 00:01:06  -  Run Remote Usage
		Usr 0 00:00:00, Sys 0 00:00:00  -  Run Local Usage
		Usr 0 00:03:22, Sys 0 00:01:06  -  Total Remote Usage
		Usr 0 00:00:00, Sys 0 00:00:00  -  Total Local Usage
	47312  -  Run Bytes Sent By Job
	557  -  Run Bytes Received By Job
	47312  -  Total Bytes Sent By Job
	557  -  Total Bytes Received By Job
	Partitionable Resources :    Usage  Request Allocated
	   Cpus                 :                 1         1
	   Disk (KB)            :       59  1024000   1028938
	   Memory (MB)          :      126     2000      2000
...
