000 (9369.000.000) 03/29 09:47:15 Job submitted from host: <128.101.221.180:9618?addrs=128.101.221.180-9618&noUDP&sock=3943_2604_3>
...
001 (9369.000.000) 03/29 10:51:47 Job executing on host: <128.101.221.176:9618?addrs=128.101.221.176-9618&noUDP&sock=2756849_b007_4>
...
006 (9369.000.000) 03/29 10:51:55 Image size of job updated: 182136
	119  -  MemoryUsage of job (MB)
	121668  -  ResidentSetSize of job (KB)
...
006 (9369.000.000) 03/29 10:56:55 Image size of job updated: 331308
	322  -  MemoryUsage of job (MB)
	329596  -  ResidentSetSize of job (KB)
...
006 (9369.000.000) 03/29 11:01:55 Image size of job updated: 337360
	328  -  MemoryUsage of job (MB)
	334980  -  ResidentSetSize of job (KB)
...
005 (9369.000.000) 03/29 11:02:48 Job terminated.
	(1) Normal termination (return value 0)
		Usr 0 00:07:38, Sys 0 00:02:39  -  Run Remote Usage
		Usr 0 00:00:00, Sys 0 00:00:00  -  Run Local Usage
		Usr 0 00:07:38, Sys 0 00:02:39  -  Total Remote Usage
		Usr 0 00:00:00, Sys 0 00:00:00  -  Total Local Usage
	70904  -  Run Bytes Sent By Job
	557  -  Run Bytes Received By Job
	70904  -  Total Bytes Sent By Job
	557  -  Total Bytes Received By Job
	Partitionable Resources :    Usage  Request Allocated
	   Cpus                 :                 1         1
	   Disk (KB)            :       82  1024000   1026307
	   Memory (MB)          :      328     2000      2000
...
