000 (9328.000.000) 03/29 09:46:55 Job submitted from host: <128.101.221.180:9618?addrs=128.101.221.180-9618&noUDP&sock=3943_2604_3>
...
001 (9328.000.000) 03/29 10:39:54 Job executing on host: <128.101.221.182:9618?addrs=128.101.221.182-9618&noUDP&sock=3902_06a2_4>
...
006 (9328.000.000) 03/29 10:40:02 Image size of job updated: 212936
	145  -  MemoryUsage of job (MB)
	148120  -  ResidentSetSize of job (KB)
...
006 (9328.000.000) 03/29 10:45:02 Image size of job updated: 331420
	324  -  MemoryUsage of job (MB)
	331144  -  ResidentSetSize of job (KB)
...
006 (9328.000.000) 03/29 10:50:02 Image size of job updated: 335528
	328  -  MemoryUsage of job (MB)
	335172  -  ResidentSetSize of job (KB)
...
005 (9328.000.000) 03/29 10:51:38 Job terminated.
	(1) Normal termination (return value 0)
		Usr 0 00:06:57, Sys 0 00:04:09  -  Run Remote Usage
		Usr 0 00:00:00, Sys 0 00:00:00  -  Run Local Usage
		Usr 0 00:06:57, Sys 0 00:04:09  -  Total Remote Usage
		Usr 0 00:00:00, Sys 0 00:00:00  -  Total Local Usage
	66268  -  Run Bytes Sent By Job
	557  -  Run Bytes Received By Job
	66268  -  Total Bytes Sent By Job
	557  -  Total Bytes Received By Job
	Partitionable Resources :    Usage  Request Allocated
	   Cpus                 :                 1         1
	   Disk (KB)            :       78  1024000   2046408
	   Memory (MB)          :      328     2000      2000
...
