000 (9319.000.000) 03/29 09:46:49 Job submitted from host: <128.101.221.180:9618?addrs=128.101.221.180-9618&noUDP&sock=3943_2604_3>
...
001 (9319.000.000) 03/29 10:37:04 Job executing on host: <128.101.221.182:9618?addrs=128.101.221.182-9618&noUDP&sock=3902_06a2_4>
...
006 (9319.000.000) 03/29 10:37:13 Image size of job updated: 208520
	142  -  MemoryUsage of job (MB)
	144940  -  ResidentSetSize of job (KB)
...
006 (9319.000.000) 03/29 10:42:13 Image size of job updated: 329752
	322  -  MemoryUsage of job (MB)
	329576  -  ResidentSetSize of job (KB)
...
006 (9319.000.000) 03/29 10:47:13 Image size of job updated: 333700
	326  -  MemoryUsage of job (MB)
	333180  -  ResidentSetSize of job (KB)
...
006 (9319.000.000) 03/29 10:51:40 Image size of job updated: 730196
	326  -  MemoryUsage of job (MB)
	333180  -  ResidentSetSize of job (KB)
...
005 (9319.000.000) 03/29 10:51:41 Job terminated.
	(1) Normal termination (return value 0)
		Usr 0 00:08:35, Sys 0 00:05:15  -  Run Remote Usage
		Usr 0 00:00:00, Sys 0 00:00:00  -  Run Local Usage
		Usr 0 00:08:35, Sys 0 00:05:15  -  Total Remote Usage
		Usr 0 00:00:00, Sys 0 00:00:00  -  Total Local Usage
	69208  -  Run Bytes Sent By Job
	557  -  Run Bytes Received By Job
	69208  -  Total Bytes Sent By Job
	557  -  Total Bytes Received By Job
	Partitionable Resources :    Usage  Request Allocated
	   Cpus                 :                 1         1
	   Disk (KB)            :       80  1024000   2046378
	   Memory (MB)          :      326     2000      2000
...
