000 (9326.000.000) 03/29 09:46:54 Job submitted from host: <128.101.221.180:9618?addrs=128.101.221.180-9618&noUDP&sock=3943_2604_3>
...
001 (9326.000.000) 03/29 10:39:13 Job executing on host: <128.101.221.176:9618?addrs=128.101.221.176-9618&noUDP&sock=2756849_b007_4>
...
006 (9326.000.000) 03/29 10:39:22 Image size of job updated: 247864
	169  -  MemoryUsage of job (MB)
	172248  -  ResidentSetSize of job (KB)
...
006 (9326.000.000) 03/29 10:44:23 Image size of job updated: 329892
	320  -  MemoryUsage of job (MB)
	327576  -  ResidentSetSize of job (KB)
...
005 (9326.000.000) 03/29 10:48:08 Job terminated.
	(1) Normal termination (return value 0)
		Usr 0 00:06:13, Sys 0 00:02:08  -  Run Remote Usage
		Usr 0 00:00:00, Sys 0 00:00:00  -  Run Local Usage
		Usr 0 00:06:13, Sys 0 00:02:08  -  Total Remote Usage
		Usr 0 00:00:00, Sys 0 00:00:00  -  Total Local Usage
	60552  -  Run Bytes Sent By Job
	557  -  Run Bytes Received By Job
	60552  -  Total Bytes Sent By Job
	557  -  Total Bytes Received By Job
	Partitionable Resources :    Usage  Request Allocated
	   Cpus                 :                 1         1
	   Disk (KB)            :       72  1024000   1026312
	   Memory (MB)          :      320     2000      2000
...
