000 (9323.000.000) 03/29 09:46:52 Job submitted from host: <128.101.221.180:9618?addrs=128.101.221.180-9618&noUDP&sock=3943_2604_3>
...
001 (9323.000.000) 03/29 10:38:29 Job executing on host: <128.101.220.50:9618?addrs=128.101.220.50-9618&noUDP&sock=258564_f9de_4>
...
006 (9323.000.000) 03/29 10:38:38 Image size of job updated: 282280
	199  -  MemoryUsage of job (MB)
	203188  -  ResidentSetSize of job (KB)
...
006 (9323.000.000) 03/29 10:43:39 Image size of job updated: 428168
	324  -  MemoryUsage of job (MB)
	331532  -  ResidentSetSize of job (KB)
...
006 (9323.000.000) 03/29 10:47:09 Image size of job updated: 431136
	324  -  MemoryUsage of job (MB)
	331532  -  ResidentSetSize of job (KB)
...
005 (9323.000.000) 03/29 10:47:11 Job terminated.
	(1) Normal termination (return value 0)
		Usr 0 00:05:51, Sys 0 00:01:59  -  Run Remote Usage
		Usr 0 00:00:00, Sys 0 00:00:00  -  Run Local Usage
		Usr 0 00:05:51, Sys 0 00:01:59  -  Total Remote Usage
		Usr 0 00:00:00, Sys 0 00:00:00  -  Total Local Usage
	71085  -  Run Bytes Sent By Job
	557  -  Run Bytes Received By Job
	71085  -  Total Bytes Sent By Job
	557  -  Total Bytes Received By Job
	Partitionable Resources :    Usage  Request Allocated
	   Cpus                 :                 1         1
	   Disk (KB)            :       83  1024000   1027993
	   Memory (MB)          :      324     2000      2000
...
