000 (9332.000.000) 03/29 09:46:57 Job submitted from host: <128.101.221.180:9618?addrs=128.101.221.180-9618&noUDP&sock=3943_2604_3>
...
001 (9332.000.000) 03/29 10:40:35 Job executing on host: <128.101.221.175:9618?addrs=128.101.221.175-9618&noUDP&sock=12916_e152_4>
...
006 (9332.000.000) 03/29 10:40:44 Image size of job updated: 221084
	181  -  MemoryUsage of job (MB)
	184352  -  ResidentSetSize of job (KB)
...
006 (9332.000.000) 03/29 10:45:45 Image size of job updated: 329752
	322  -  MemoryUsage of job (MB)
	329568  -  ResidentSetSize of job (KB)
...
006 (9332.000.000) 03/29 10:50:46 Image size of job updated: 333064
	326  -  MemoryUsage of job (MB)
	332948  -  ResidentSetSize of job (KB)
...
006 (9332.000.000) 03/29 10:54:08 Image size of job updated: 729988
	326  -  MemoryUsage of job (MB)
	332948  -  ResidentSetSize of job (KB)
...
005 (9332.000.000) 03/29 10:54:09 Job terminated.
	(1) Normal termination (return value 0)
		Usr 0 00:07:59, Sys 0 00:04:50  -  Run Remote Usage
		Usr 0 00:00:00, Sys 0 00:00:00  -  Run Local Usage
		Usr 0 00:07:59, Sys 0 00:04:50  -  Total Remote Usage
		Usr 0 00:00:00, Sys 0 00:00:00  -  Total Local Usage
	70242  -  Run Bytes Sent By Job
	557  -  Run Bytes Received By Job
	70242  -  Total Bytes Sent By Job
	557  -  Total Bytes Received By Job
	Partitionable Resources :    Usage  Request Allocated
	   Cpus                 :                 1         1
	   Disk (KB)            :       81  1024000   1931112
	   Memory (MB)          :      326     2000      2000
...
