000 (9329.000.000) 03/29 09:46:55 Job submitted from host: <128.101.221.180:9618?addrs=128.101.221.180-9618&noUDP&sock=3943_2604_3>
...
001 (9329.000.000) 03/29 10:40:13 Job executing on host: <128.101.221.182:9618?addrs=128.101.221.182-9618&noUDP&sock=3902_06a2_4>
...
006 (9329.000.000) 03/29 10:40:22 Image size of job updated: 208160
	182  -  MemoryUsage of job (MB)
	185500  -  ResidentSetSize of job (KB)
...
006 (9329.000.000) 03/29 10:45:23 Image size of job updated: 330372
	322  -  MemoryUsage of job (MB)
	329544  -  ResidentSetSize of job (KB)
...
006 (9329.000.000) 03/29 10:50:23 Image size of job updated: 334848
	327  -  MemoryUsage of job (MB)
	334352  -  ResidentSetSize of job (KB)
...
005 (9329.000.000) 03/29 10:50:54 Job terminated.
	(1) Normal termination (return value 0)
		Usr 0 00:06:19, Sys 0 00:03:47  -  Run Remote Usage
		Usr 0 00:00:00, Sys 0 00:00:00  -  Run Local Usage
		Usr 0 00:06:19, Sys 0 00:03:47  -  Total Remote Usage
		Usr 0 00:00:00, Sys 0 00:00:00  -  Total Local Usage
	61646  -  Run Bytes Sent By Job
	557  -  Run Bytes Received By Job
	61646  -  Total Bytes Sent By Job
	557  -  Total Bytes Received By Job
	Partitionable Resources :    Usage  Request Allocated
	   Cpus                 :                 1         1
	   Disk (KB)            :       73  1024000   2046412
	   Memory (MB)          :      327     2000      2000
...
