000 (9320.000.000) 03/29 09:46:50 Job submitted from host: <128.101.221.180:9618?addrs=128.101.221.180-9618&noUDP&sock=3943_2604_3>
...
001 (9320.000.000) 03/29 10:37:24 Job executing on host: <128.101.221.186:9618?addrs=128.101.221.186-9618&noUDP&sock=3131318_464d_4>
...
006 (9320.000.000) 03/29 10:37:33 Image size of job updated: 177144
	113  -  MemoryUsage of job (MB)
	115300  -  ResidentSetSize of job (KB)
...
006 (9320.000.000) 03/29 10:42:26 Image size of job updated: 426808
	113  -  MemoryUsage of job (MB)
	115300  -  ResidentSetSize of job (KB)
...
005 (9320.000.000) 03/29 10:42:27 Job terminated.
	(1) Normal termination (return value 0)
		Usr 0 00:03:23, Sys 0 00:01:02  -  Run Remote Usage
		Usr 0 00:00:00, Sys 0 00:00:00  -  Run Local Usage
		Usr 0 00:03:23, Sys 0 00:01:02  -  Total Remote Usage
		Usr 0 00:00:00, Sys 0 00:00:00  -  Total Local Usage
	38936  -  Run Bytes Sent By Job
	557  -  Run Bytes Received By Job
	38936  -  Total Bytes Sent By Job
	557  -  Total Bytes Received By Job
	Partitionable Resources :    Usage  Request Allocated
	   Cpus                 :                 1         1
	   Disk (KB)            :       51  1024000   1027008
	   Memory (MB)          :      113     2000      2000
...
