000 (9375.000.000) 03/29 09:47:18 Job submitted from host: <128.101.221.180:9618?addrs=128.101.221.180-9618&noUDP&sock=3943_2604_3>
...
001 (9375.000.000) 03/29 10:52:38 Job executing on host: <128.101.221.175:9618?addrs=128.101.221.175-9618&noUDP&sock=12916_e152_4>
...
006 (9375.000.000) 03/29 10:52:46 Image size of job updated: 241240
	167  -  MemoryUsage of job (MB)
	170100  -  ResidentSetSize of job (KB)
...
006 (9375.000.000) 03/29 10:56:51 Image size of job updated: 330612
	167  -  MemoryUsage of job (MB)
	170100  -  ResidentSetSize of job (KB)
...
005 (9375.000.000) 03/29 10:56:52 Job terminated.
	(1) Normal termination (return value 0)
		Usr 0 00:02:33, Sys 0 00:01:24  -  Run Remote Usage
		Usr 0 00:00:00, Sys 0 00:00:00  -  Run Local Usage
		Usr 0 00:02:33, Sys 0 00:01:24  -  Total Remote Usage
		Usr 0 00:00:00, Sys 0 00:00:00  -  Total Local Usage
	42230  -  Run Bytes Sent By Job
	557  -  Run Bytes Received By Job
	42230  -  Total Bytes Sent By Job
	557  -  Total Bytes Received By Job
	Partitionable Resources :    Usage  Request Allocated
	   Cpus                 :                 1         1
	   Disk (KB)            :       54  1024000   1931104
	   Memory (MB)          :      167     2000      2000
...
