000 (9365.000.000) 03/29 09:47:13 Job submitted from host: <128.101.221.180:9618?addrs=128.101.221.180-9618&noUDP&sock=3943_2604_3>
...
001 (9365.000.000) 03/29 10:51:17 Job executing on host: <128.101.221.182:9618?addrs=128.101.221.182-9618&noUDP&sock=3902_06a2_4>
...
006 (9365.000.000) 03/29 10:51:25 Image size of job updated: 233816
	161  -  MemoryUsage of job (MB)
	164248  -  ResidentSetSize of job (KB)
...
006 (9365.000.000) 03/29 10:56:25 Image size of job updated: 329636
	322  -  MemoryUsage of job (MB)
	329236  -  ResidentSetSize of job (KB)
...
006 (9365.000.000) 03/29 11:00:12 Image size of job updated: 335432
	322  -  MemoryUsage of job (MB)
	329236  -  ResidentSetSize of job (KB)
...
005 (9365.000.000) 03/29 11:00:13 Job terminated.
	(1) Normal termination (return value 0)
		Usr 0 00:05:16, Sys 0 00:03:08  -  Run Remote Usage
		Usr 0 00:00:00, Sys 0 00:00:00  -  Run Local Usage
		Usr 0 00:05:16, Sys 0 00:03:08  -  Total Remote Usage
		Usr 0 00:00:00, Sys 0 00:00:00  -  Total Local Usage
	60360  -  Run Bytes Sent By Job
	557  -  Run Bytes Received By Job
	60360  -  Total Bytes Sent By Job
	557  -  Total Bytes Received By Job
	Partitionable Resources :    Usage  Request Allocated
	   Cpus                 :                 1         1
	   Disk (KB)            :       72  1024000   2046328
	   Memory (MB)          :      322     2000      2000
...
