000 (9358.000.000) 03/29 09:47:10 Job submitted from host: <128.101.221.180:9618?addrs=128.101.221.180-9618&noUDP&sock=3943_2604_3>
...
001 (9358.000.000) 03/29 10:47:02 Job executing on host: <128.101.221.182:9618?addrs=128.101.221.182-9618&noUDP&sock=3902_06a2_4>
...
006 (9358.000.000) 03/29 10:47:11 Image size of job updated: 222792
	172  -  MemoryUsage of job (MB)
	175468  -  ResidentSetSize of job (KB)
...
006 (9358.000.000) 03/29 10:52:11 Image size of job updated: 331140
	324  -  MemoryUsage of job (MB)
	330932  -  ResidentSetSize of job (KB)
...
006 (9358.000.000) 03/29 10:54:06 Image size of job updated: 331212
	324  -  MemoryUsage of job (MB)
	330932  -  ResidentSetSize of job (KB)
...
005 (9358.000.000) 03/29 10:54:07 Job terminated.
	(1) Normal termination (return value 0)
		Usr 0 00:04:10, Sys 0 00:02:30  -  Run Remote Usage
		Usr 0 00:00:00, Sys 0 00:00:00  -  Run Local Usage
		Usr 0 00:04:10, Sys 0 00:02:30  -  Total Remote Usage
		Usr 0 00:00:00, Sys 0 00:00:00  -  Total Local Usage
	51929  -  Run Bytes Sent By Job
	557  -  Run Bytes Received By Job
	51929  -  Total Bytes Sent By Job
	557  -  Total Bytes Received By Job
	Partitionable Resources :    Usage  Request Allocated
	   Cpus                 :                 1         1
	   Disk (KB)            :       63  1024000   2046346
	   Memory (MB)          :      324     2000      2000
...
