000 (9370.000.000) 03/29 09:47:16 Job submitted from host: <128.101.221.180:9618?addrs=128.101.221.180-9618&noUDP&sock=3943_2604_3>
...
001 (9370.000.000) 03/29 10:51:59 Job executing on host: <128.101.221.193:9618?addrs=128.101.221.193-9618&noUDP&sock=2332108_b0a7_4>
...
006 (9370.000.000) 03/29 10:52:08 Image size of job updated: 206244
	139  -  MemoryUsage of job (MB)
	141908  -  ResidentSetSize of job (KB)
...
006 (9370.000.000) 03/29 10:56:52 Image size of job updated: 428596
	139  -  MemoryUsage of job (MB)
	141908  -  ResidentSetSize of job (KB)
...
005 (9370.000.000) 03/29 10:56:53 Job terminated.
	(1) Normal termination (return value 0)
		Usr 0 00:03:03, Sys 0 00:01:09  -  Run Remote Usage
		Usr 0 00:00:00, Sys 0 00:00:00  -  Run Local Usage
		Usr 0 00:03:03, Sys 0 00:01:09  -  Total Remote Usage
		Usr 0 00:00:00, Sys 0 00:00:00  -  Total Local Usage
	58509  -  Run Bytes Sent By Job
	557  -  Run Bytes Received By Job
	58509  -  Total Bytes Sent By Job
	557  -  Total Bytes Received By Job
	Partitionable Resources :    Usage  Request Allocated
	   Cpus                 :                 1         1
	   Disk (KB)            :       70  1024000   1028390
	   Memory (MB)          :      139     2000      2000
...
