000 (9367.000.000) 03/29 09:47:14 Job submitted from host: <128.101.221.180:9618?addrs=128.101.221.180-9618&noUDP&sock=3943_2604_3>
...
001 (9367.000.000) 03/29 10:51:40 Job executing on host: <128.101.221.175:9618?addrs=128.101.221.175-9618&noUDP&sock=12916_e152_4>
...
006 (9367.000.000) 03/29 10:51:49 Image size of job updated: 220616
	192  -  MemoryUsage of job (MB)
	195860  -  ResidentSetSize of job (KB)
...
006 (9367.000.000) 03/29 10:56:04 Image size of job updated: 729664
	192  -  MemoryUsage of job (MB)
	195860  -  ResidentSetSize of job (KB)
...
005 (9367.000.000) 03/29 10:56:05 Job terminated.
	(1) Normal termination (return value 0)
		Usr 0 00:02:39, Sys 0 00:01:27  -  Run Remote Usage
		Usr 0 00:00:00, Sys 0 00:00:00  -  Run Local Usage
		Usr 0 00:02:39, Sys 0 00:01:27  -  Total Remote Usage
		Usr 0 00:00:00, Sys 0 00:00:00  -  Total Local Usage
	40258  -  Run Bytes Sent By Job
	557  -  Run Bytes Received By Job
	40258  -  Total Bytes Sent By Job
	557  -  Total Bytes Received By Job
	Partitionable Resources :    Usage  Request Allocated
	   Cpus                 :                 1         1
	   Disk (KB)            :       52  1024000   1931096
	   Memory (MB)          :      192     2000      2000
...
