000 (9324.000.000) 03/29 09:46:52 Job submitted from host: <128.101.221.180:9618?addrs=128.101.221.180-9618&noUDP&sock=3943_2604_3>
...
001 (9324.000.000) 03/29 10:38:50 Job executing on host: <128.101.221.175:9618?addrs=128.101.221.175-9618&noUDP&sock=12916_e152_4>
...
006 (9324.000.000) 03/29 10:38:58 Image size of job updated: 199824
	167  -  MemoryUsage of job (MB)
	170684  -  ResidentSetSize of job (KB)
...
006 (9324.000.000) 03/29 10:43:58 Image size of job updated: 330512
	323  -  MemoryUsage of job (MB)
	330048  -  ResidentSetSize of job (KB)
...
006 (9324.000.000) 03/29 10:48:58 Image size of job updated: 335000
	328  -  MemoryUsage of job (MB)
	334860  -  ResidentSetSize of job (KB)
...
006 (9324.000.000) 03/29 10:50:00 Image size of job updated: 732972
	328  -  MemoryUsage of job (MB)
	334860  -  ResidentSetSize of job (KB)
...
005 (9324.000.000) 03/29 10:50:01 Job terminated.
	(1) Normal termination (return value 0)
		Usr 0 00:06:25, Sys 0 00:04:08  -  Run Remote Usage
		Usr 0 00:00:00, Sys 0 00:00:00  -  Run Local Usage
		Usr 0 00:06:25, Sys 0 00:04:08  -  Total Remote Usage
		Usr 0 00:00:00, Sys 0 00:00:00  -  Total Local Usage
	75958  -  Run Bytes Sent By Job
	557  -  Run Bytes Received By Job
	75958  -  Total Bytes Sent By Job
	557  -  Total Bytes Received By Job
	Partitionable Resources :    Usage  Request Allocated
	   Cpus                 :                 1         1
	   Disk (KB)            :       87  1024000   1931118
	   Memory (MB)          :      328     2000      2000
...
