000 (9380.000.000) 03/29 09:47:21 Job submitted from host: <128.101.221.180:9618?addrs=128.101.221.180-9618&noUDP&sock=3943_2604_3>
...
001 (9380.000.000) 03/29 10:54:31 Job executing on host: <128.101.221.182:9618?addrs=128.101.221.182-9618&noUDP&sock=3902_06a2_4>
...
006 (9380.000.000) 03/29 10:54:40 Image size of job updated: 210388
	185  -  MemoryUsage of job (MB)
	188892  -  ResidentSetSize of job (KB)
...
006 (9380.000.000) 03/29 10:59:41 Image size of job updated: 330804
	323  -  MemoryUsage of job (MB)
	330528  -  ResidentSetSize of job (KB)
...
006 (9380.000.000) 03/29 11:02:31 Image size of job updated: 729880
	323  -  MemoryUsage of job (MB)
	330528  -  ResidentSetSize of job (KB)
...
005 (9380.000.000) 03/29 11:02:31 Job terminated.
	(1) Normal termination (return value 0)
		Usr 0 00:04:45, Sys 0 00:02:49  -  Run Remote Usage
		Usr 0 00:00:00, Sys 0 00:00:00  -  Run Local Usage
		Usr 0 00:04:45, Sys 0 00:02:49  -  Total Remote Usage
		Usr 0 00:00:00, Sys 0 00:00:00  -  Total Local Usage
	47539  -  Run Bytes Sent By Job
	557  -  Run Bytes Received By Job
	47539  -  Total Bytes Sent By Job
	557  -  Total Bytes Received By Job
	Partitionable Resources :    Usage  Request Allocated
	   Cpus                 :                 1         1
	   Disk (KB)            :       59  1024000   2046322
	   Memory (MB)          :      323     2000      2000
...
