000 (9379.000.000) 03/29 09:47:21 Job submitted from host: <128.101.221.180:9618?addrs=128.101.221.180-9618&noUDP&sock=3943_2604_3>
...
001 (9379.000.000) 03/29 10:54:29 Job executing on host: <128.101.221.175:9618?addrs=128.101.221.175-9618&noUDP&sock=12916_e152_4>
...
006 (9379.000.000) 03/29 10:54:38 Image size of job updated: 212576
	167  -  MemoryUsage of job (MB)
	170212  -  ResidentSetSize of job (KB)
...
006 (9379.000.000) 03/29 10:59:39 Image size of job updated: 330220
	322  -  MemoryUsage of job (MB)
	329568  -  ResidentSetSize of job (KB)
...
006 (9379.000.000) 03/29 11:04:40 Image size of job updated: 334576
	327  -  MemoryUsage of job (MB)
	334512  -  ResidentSetSize of job (KB)
...
006 (9379.000.000) 03/29 11:07:42 Image size of job updated: 733316
	327  -  MemoryUsage of job (MB)
	334512  -  ResidentSetSize of job (KB)
...
005 (9379.000.000) 03/29 11:07:43 Job terminated.
	(1) Normal termination (return value 0)
		Usr 0 00:07:48, Sys 0 00:04:41  -  Run Remote Usage
		Usr 0 00:00:00, Sys 0 00:00:00  -  Run Local Usage
		Usr 0 00:07:48, Sys 0 00:04:41  -  Total Remote Usage
		Usr 0 00:00:00, Sys 0 00:00:00  -  Total Local Usage
	71610  -  Run Bytes Sent By Job
	557  -  Run Bytes Received By Job
	71610  -  Total Bytes Sent By Job
	557  -  Total Bytes Received By Job
	Partitionable Resources :    Usage  Request Allocated
	   Cpus                 :                 1         1
	   Disk (KB)            :       83  1024000   1931092
	   Memory (MB)          :      327     2000      2000
...
