000 (9352.000.000) 03/29 09:47:06 Job submitted from host: <128.101.221.180:9618?addrs=128.101.221.180-9618&noUDP&sock=3943_2604_3>
...
001 (9352.000.000) 03/29 10:45:36 Job executing on host: <128.101.221.175:9618?addrs=128.101.221.175-9618&noUDP&sock=12916_e152_4>
...
006 (9352.000.000) 03/29 10:45:44 Image size of job updated: 190980
	144  -  MemoryUsage of job (MB)
	147444  -  ResidentSetSize of job (KB)
...
006 (9352.000.000) 03/29 10:50:44 Image size of job updated: 333168
	325  -  MemoryUsage of job (MB)
	332696  -  ResidentSetSize of job (KB)
...
005 (9352.000.000) 03/29 10:54:06 Job terminated.
	(1) Normal termination (return value 0)
		Usr 0 00:05:03, Sys 0 00:02:57  -  Run Remote Usage
		Usr 0 00:00:00, Sys 0 00:00:00  -  Run Local Usage
		Usr 0 00:05:03, Sys 0 00:02:57  -  Total Remote Usage
		Usr 0 00:00:00, Sys 0 00:00:00  -  Total Local Usage
	58722  -  Run Bytes Sent By Job
	557  -  Run Bytes Received By Job
	58722  -  Total Bytes Sent By Job
	557  -  Total Bytes Received By Job
	Partitionable Resources :    Usage  Request Allocated
	   Cpus                 :                 1         1
	   Disk (KB)            :       70  1024000   1931116
	   Memory (MB)          :      325     2000      2000
...
