000 (5800.000.000) 08/06 22:53:28 Job submitted from host: <128.101.221.176:9618?addrs=128.101.221.176-9618&noUDP&sock=11541_65e5_3>
...
001 (5800.000.000) 08/06 23:14:04 Job executing on host: <128.101.220.86:9618?addrs=128.101.220.86-9618&noUDP&sock=12219_6c9f_4>
...
006 (5800.000.000) 08/06 23:14:13 Image size of job updated: 4268
	3  -  MemoryUsage of job (MB)
	2200  -  ResidentSetSize of job (KB)
...
006 (5800.000.000) 08/06 23:19:13 Image size of job updated: 422156
	322  -  MemoryUsage of job (MB)
	329472  -  ResidentSetSize of job (KB)
...
006 (5800.000.000) 08/06 23:24:14 Image size of job updated: 422156
	322  -  MemoryUsage of job (MB)
	329496  -  ResidentSetSize of job (KB)
...
006 (5800.000.000) 08/06 23:29:15 Image size of job updated: 422156
	323  -  MemoryUsage of job (MB)
	330008  -  ResidentSetSize of job (KB)
...
005 (5800.000.000) 08/06 23:30:57 Job terminated.
	(1) Normal termination (return value 0)
		Usr 0 00:01:38, Sys 0 00:01:02  -  Run Remote Usage
		Usr 0 00:00:00, Sys 0 00:00:00  -  Run Local Usage
		Usr 0 00:01:38, Sys 0 00:01:02  -  Total Remote Usage
		Usr 0 00:00:00, Sys 0 00:00:00  -  Total Local Usage
	23924  -  Run Bytes Sent By Job
	567  -  Run Bytes Received By Job
	23924  -  Total Bytes Sent By Job
	567  -  Total Bytes Received By Job
	Partitionable Resources :    Usage  Request Allocated
	   Cpus                 :                 1         1
	   Disk (KB)            :       35  1024000   4012547
	   Memory (MB)          :      323     2000      2000
...
