000 (5807.000.000) 08/06 22:53:32 Job submitted from host: <128.101.221.176:9618?addrs=128.101.221.176-9618&noUDP&sock=11541_65e5_3>
...
001 (5807.000.000) 08/06 23:15:10 Job executing on host: <128.101.221.194:9618?addrs=128.101.221.194-9618&noUDP&sock=12021_e4fa_4>
...
006 (5807.000.000) 08/06 23:15:19 Image size of job updated: 78104
	34  -  MemoryUsage of job (MB)
	34732  -  ResidentSetSize of job (KB)
...
006 (5807.000.000) 08/06 23:20:20 Image size of job updated: 420928
	321  -  MemoryUsage of job (MB)
	327780  -  ResidentSetSize of job (KB)
...
006 (5807.000.000) 08/06 23:25:21 Image size of job updated: 420996
	321  -  MemoryUsage of job (MB)
	327848  -  ResidentSetSize of job (KB)
...
005 (5807.000.000) 08/06 23:31:41 Job terminated.
	(1) Normal termination (return value 0)
		Usr 0 00:01:34, Sys 0 00:00:59  -  Run Remote Usage
		Usr 0 00:00:00, Sys 0 00:00:00  -  Run Local Usage
		Usr 0 00:01:34, Sys 0 00:00:59  -  Total Remote Usage
		Usr 0 00:00:00, Sys 0 00:00:00  -  Total Local Usage
	23697  -  Run Bytes Sent By Job
	567  -  Run Bytes Received By Job
	23697  -  Total Bytes Sent By Job
	567  -  Total Bytes Received By Job
	Partitionable Resources :    Usage  Request Allocated
	   Cpus                 :                 1         1
	   Disk (KB)            :       35  1024000   4009147
	   Memory (MB)          :      321     2000      2000
...
