000 (5809.000.000) 08/06 22:53:38 Job submitted from host: <128.101.221.176:9618?addrs=128.101.221.176-9618&noUDP&sock=11541_65e5_3>
...
001 (5809.000.000) 08/06 23:15:30 Job executing on host: <128.101.220.94:9618?addrs=128.101.220.94-9618&noUDP&sock=12956_3a07_4>
...
006 (5809.000.000) 08/06 23:15:38 Image size of job updated: 26844
	17  -  MemoryUsage of job (MB)
	17408  -  ResidentSetSize of job (KB)
...
006 (5809.000.000) 08/06 23:20:38 Image size of job updated: 420024
	320  -  MemoryUsage of job (MB)
	326948  -  ResidentSetSize of job (KB)
...
006 (5809.000.000) 08/06 23:25:39 Image size of job updated: 420024
	320  -  MemoryUsage of job (MB)
	326960  -  ResidentSetSize of job (KB)
...
005 (5809.000.000) 08/06 23:26:19 Job terminated.
	(1) Normal termination (return value 0)
		Usr 0 00:01:05, Sys 0 00:00:36  -  Run Remote Usage
		Usr 0 00:00:00, Sys 0 00:00:00  -  Run Local Usage
		Usr 0 00:01:05, Sys 0 00:00:36  -  Total Remote Usage
		Usr 0 00:00:00, Sys 0 00:00:00  -  Total Local Usage
	22279  -  Run Bytes Sent By Job
	567  -  Run Bytes Received By Job
	22279  -  Total Bytes Sent By Job
	567  -  Total Bytes Received By Job
	Partitionable Resources :    Usage  Request Allocated
	   Cpus                 :                 1         1
	   Disk (KB)            :       33  1024000   1740516
	   Memory (MB)          :      320     2000      2000
...
