000 (5795.000.000) 08/06 22:53:26 Job submitted from host: <128.101.221.176:9618?addrs=128.101.221.176-9618&noUDP&sock=11541_65e5_3>
...
001 (5795.000.000) 08/06 23:13:43 Job executing on host: <128.101.221.178:9618?addrs=128.101.221.178-9618&noUDP&sock=7243_a440_4>
...
006 (5795.000.000) 08/06 23:13:52 Image size of job updated: 6480
	4  -  MemoryUsage of job (MB)
	3156  -  ResidentSetSize of job (KB)
...
006 (5795.000.000) 08/06 23:18:53 Image size of job updated: 420460
	321  -  MemoryUsage of job (MB)
	328604  -  ResidentSetSize of job (KB)
...
005 (5795.000.000) 08/06 23:31:20 Job terminated.
	(1) Normal termination (return value 0)
		Usr 0 00:01:40, Sys 0 00:01:04  -  Run Remote Usage
		Usr 0 00:00:00, Sys 0 00:00:00  -  Run Local Usage
		Usr 0 00:01:40, Sys 0 00:01:04  -  Total Remote Usage
		Usr 0 00:00:00, Sys 0 00:00:00  -  Total Local Usage
	24159  -  Run Bytes Sent By Job
	567  -  Run Bytes Received By Job
	24159  -  Total Bytes Sent By Job
	567  -  Total Bytes Received By Job
	Partitionable Resources :    Usage  Request Allocated
	   Cpus                 :                 1         1
	   Disk (KB)            :       35  1024000   1796370
	   Memory (MB)          :      321     2000      2000
...
