000 (5796.000.000) 08/06 22:53:26 Job submitted from host: <128.101.221.176:9618?addrs=128.101.221.176-9618&noUDP&sock=11541_65e5_3>
...
001 (5796.000.000) 08/06 23:13:46 Job executing on host: <128.101.221.182:9618?addrs=128.101.221.182-9618&noUDP&sock=11505_5d98_4>
...
006 (5796.000.000) 08/06 23:13:55 Image size of job updated: 14352
	7  -  MemoryUsage of job (MB)
	6240  -  ResidentSetSize of job (KB)
...
006 (5796.000.000) 08/06 23:18:56 Image size of job updated: 420876
	321  -  MemoryUsage of job (MB)
	328188  -  ResidentSetSize of job (KB)
...
005 (5796.000.000) 08/06 23:31:37 Job terminated.
	(1) Normal termination (return value 0)
		Usr 0 00:01:35, Sys 0 00:01:01  -  Run Remote Usage
		Usr 0 00:00:00, Sys 0 00:00:00  -  Run Local Usage
		Usr 0 00:01:35, Sys 0 00:01:01  -  Total Remote Usage
		Usr 0 00:00:00, Sys 0 00:00:00  -  Total Local Usage
	23922  -  Run Bytes Sent By Job
	567  -  Run Bytes Received By Job
	23922  -  Total Bytes Sent By Job
	567  -  Total Bytes Received By Job
	Partitionable Resources :    Usage  Request Allocated
	   Cpus                 :                 1         1
	   Disk (KB)            :       35  1024000   1794676
	   Memory (MB)          :      321     2000      2000
...
