000 (9462.000.000) 03/29 09:53:07 Job submitted from host: <128.101.221.180:9618?addrs=128.101.221.180-9618&noUDP&sock=3943_2604_3>
...
001 (9462.000.000) 03/29 11:17:07 Job executing on host: <128.101.221.186:9618?addrs=128.101.221.186-9618&noUDP&sock=3131318_464d_4>
...
006 (9462.000.000) 03/29 11:17:15 Image size of job updated: 185640
	121  -  MemoryUsage of job (MB)
	123796  -  ResidentSetSize of job (KB)
...
006 (9462.000.000) 03/29 11:22:15 Image size of job updated: 426876
	323  -  MemoryUsage of job (MB)
	330244  -  ResidentSetSize of job (KB)
...
006 (9462.000.000) 03/29 11:26:47 Image size of job updated: 430628
	323  -  MemoryUsage of job (MB)
	330244  -  ResidentSetSize of job (KB)
...
005 (9462.000.000) 03/29 11:26:48 Job terminated.
	(1) Normal termination (return value 0)
		Usr 0 00:06:36, Sys 0 00:02:14  -  Run Remote Usage
		Usr 0 00:00:00, Sys 0 00:00:00  -  Run Local Usage
		Usr 0 00:06:36, Sys 0 00:02:14  -  Total Remote Usage
		Usr 0 00:00:00, Sys 0 00:00:00  -  Total Local Usage
	61387  -  Run Bytes Sent By Job
	555  -  Run Bytes Received By Job
	61387  -  Total Bytes Sent By Job
	555  -  Total Bytes Received By Job
	Partitionable Resources :    Usage  Request Allocated
	   Cpus                 :                 1         1
	   Disk (KB)            :       73  1024000   1026972
	   Memory (MB)          :      323     2000      2000
...
