000 (9456.000.000) 03/29 09:53:03 Job submitted from host: <128.101.221.180:9618?addrs=128.101.221.180-9618&noUDP&sock=3943_2604_3>
...
001 (9456.000.000) 03/29 11:14:44 Job executing on host: <128.101.221.176:9618?addrs=128.101.221.176-9618&noUDP&sock=2756849_b007_4>
...
006 (9456.000.000) 03/29 11:14:53 Image size of job updated: 229296
	157  -  MemoryUsage of job (MB)
	160528  -  ResidentSetSize of job (KB)
...
006 (9456.000.000) 03/29 11:19:54 Image size of job updated: 424004
	322  -  MemoryUsage of job (MB)
	329472  -  ResidentSetSize of job (KB)
...
006 (9456.000.000) 03/29 11:24:55 Image size of job updated: 424004
	327  -  MemoryUsage of job (MB)
	334588  -  ResidentSetSize of job (KB)
...
005 (9456.000.000) 03/29 11:25:26 Job terminated.
	(1) Normal termination (return value 0)
		Usr 0 00:07:26, Sys 0 00:02:34  -  Run Remote Usage
		Usr 0 00:00:00, Sys 0 00:00:00  -  Run Local Usage
		Usr 0 00:07:26, Sys 0 00:02:34  -  Total Remote Usage
		Usr 0 00:00:00, Sys 0 00:00:00  -  Total Local Usage
	66689  -  Run Bytes Sent By Job
	555  -  Run Bytes Received By Job
	66689  -  Total Bytes Sent By Job
	555  -  Total Bytes Received By Job
	Partitionable Resources :    Usage  Request Allocated
	   Cpus                 :                 1         1
	   Disk (KB)            :       78  1024000   1026262
	   Memory (MB)          :      327     2000      2000
...
