000 (9412.000.000) 03/29 09:52:41 Job submitted from host: <128.101.221.180:9618?addrs=128.101.221.180-9618&noUDP&sock=3943_2604_3>
...
001 (9412.000.000) 03/29 11:02:41 Job executing on host: <128.101.221.175:9618?addrs=128.101.221.175-9618&noUDP&sock=12916_e152_4>
...
006 (9412.000.000) 03/29 11:02:50 Image size of job updated: 211752
	190  -  MemoryUsage of job (MB)
	194048  -  ResidentSetSize of job (KB)
...
006 (9412.000.000) 03/29 11:07:51 Image size of job updated: 329408
	322  -  MemoryUsage of job (MB)
	329408  -  ResidentSetSize of job (KB)
...
006 (9412.000.000) 03/29 11:12:51 Image size of job updated: 333868
	326  -  MemoryUsage of job (MB)
	333604  -  ResidentSetSize of job (KB)
...
006 (9412.000.000) 03/29 11:17:51 Image size of job updated: 334964
	328  -  MemoryUsage of job (MB)
	334888  -  ResidentSetSize of job (KB)
...
006 (9412.000.000) 03/29 11:18:22 Image size of job updated: 733440
	328  -  MemoryUsage of job (MB)
	334888  -  ResidentSetSize of job (KB)
...
005 (9412.000.000) 03/29 11:18:23 Job terminated.
	(1) Normal termination (return value 0)
		Usr 0 00:09:20, Sys 0 00:05:32  -  Run Remote Usage
		Usr 0 00:00:00, Sys 0 00:00:00  -  Run Local Usage
		Usr 0 00:09:20, Sys 0 00:05:32  -  Total Remote Usage
		Usr 0 00:00:00, Sys 0 00:00:00  -  Total Local Usage
	98023  -  Run Bytes Sent By Job
	555  -  Run Bytes Received By Job
	98023  -  Total Bytes Sent By Job
	555  -  Total Bytes Received By Job
	Partitionable Resources :    Usage  Request Allocated
	   Cpus                 :                 1         1
	   Disk (KB)            :      109  1024000   1931072
	   Memory (MB)          :      328     2000      2000
...
