000 (9470.000.000) 03/29 09:53:11 Job submitted from host: <128.101.221.180:9618?addrs=128.101.221.180-9618&noUDP&sock=3943_2604_3>
...
001 (9470.000.000) 03/29 11:18:38 Job executing on host: <128.101.221.175:9618?addrs=128.101.221.175-9618&noUDP&sock=12916_e152_4>
...
006 (9470.000.000) 03/29 11:18:47 Image size of job updated: 261976
	186  -  MemoryUsage of job (MB)
	190240  -  ResidentSetSize of job (KB)
...
006 (9470.000.000) 03/29 11:23:48 Image size of job updated: 329740
	322  -  MemoryUsage of job (MB)
	329576  -  ResidentSetSize of job (KB)
...
006 (9470.000.000) 03/29 11:26:15 Image size of job updated: 729980
	322  -  MemoryUsage of job (MB)
	329576  -  ResidentSetSize of job (KB)
...
005 (9470.000.000) 03/29 11:26:16 Job terminated.
	(1) Normal termination (return value 0)
		Usr 0 00:04:38, Sys 0 00:02:35  -  Run Remote Usage
		Usr 0 00:00:00, Sys 0 00:00:00  -  Run Local Usage
		Usr 0 00:04:38, Sys 0 00:02:35  -  Total Remote Usage
		Usr 0 00:00:00, Sys 0 00:00:00  -  Total Local Usage
	58772  -  Run Bytes Sent By Job
	555  -  Run Bytes Received By Job
	58772  -  Total Bytes Sent By Job
	555  -  Total Bytes Received By Job
	Partitionable Resources :    Usage  Request Allocated
	   Cpus                 :                 1         1
	   Disk (KB)            :       70  1024000   1931038
	   Memory (MB)          :      322     2000      2000
...
