000 (9428.000.000) 03/29 09:52:49 Job submitted from host: <128.101.221.180:9618?addrs=128.101.221.180-9618&noUDP&sock=3943_2604_3>
...
001 (9428.000.000) 03/29 11:06:25 Job executing on host: <128.101.221.175:9618?addrs=128.101.221.175-9618&noUDP&sock=12916_e152_4>
...
006 (9428.000.000) 03/29 11:06:34 Image size of job updated: 254848
	196  -  MemoryUsage of job (MB)
	200644  -  ResidentSetSize of job (KB)
...
006 (9428.000.000) 03/29 11:11:35 Image size of job updated: 329700
	322  -  MemoryUsage of job (MB)
	329592  -  ResidentSetSize of job (KB)
...
006 (9428.000.000) 03/29 11:16:35 Image size of job updated: 335444
	327  -  MemoryUsage of job (MB)
	334408  -  ResidentSetSize of job (KB)
...
005 (9428.000.000) 03/29 11:18:42 Job terminated.
	(1) Normal termination (return value 0)
		Usr 0 00:07:13, Sys 0 00:04:26  -  Run Remote Usage
		Usr 0 00:00:00, Sys 0 00:00:00  -  Run Local Usage
		Usr 0 00:07:13, Sys 0 00:04:26  -  Total Remote Usage
		Usr 0 00:00:00, Sys 0 00:00:00  -  Total Local Usage
	71077  -  Run Bytes Sent By Job
	555  -  Run Bytes Received By Job
	71077  -  Total Bytes Sent By Job
	555  -  Total Bytes Received By Job
	Partitionable Resources :    Usage  Request Allocated
	   Cpus                 :                 1         1
	   Disk (KB)            :       83  1024000   1931084
	   Memory (MB)          :      327     2000      2000
...
