000 (9460.000.000) 03/29 09:53:06 Job submitted from host: <128.101.221.180:9618?addrs=128.101.221.180-9618&noUDP&sock=3943_2604_3>
...
001 (9460.000.000) 03/29 11:16:25 Job executing on host: <128.101.220.87:9618?addrs=128.101.220.87-9618&noUDP&sock=465496_1dbd_4>
...
006 (9460.000.000) 03/29 11:16:33 Image size of job updated: 242840
	167  -  MemoryUsage of job (MB)
	170696  -  ResidentSetSize of job (KB)
...
006 (9460.000.000) 03/29 11:21:33 Image size of job updated: 332660
	323  -  MemoryUsage of job (MB)
	330380  -  ResidentSetSize of job (KB)
...
005 (9460.000.000) 03/29 11:25:04 Job terminated.
	(1) Normal termination (return value 0)
		Usr 0 00:05:56, Sys 0 00:02:03  -  Run Remote Usage
		Usr 0 00:00:00, Sys 0 00:00:00  -  Run Local Usage
		Usr 0 00:05:56, Sys 0 00:02:03  -  Total Remote Usage
		Usr 0 00:00:00, Sys 0 00:00:00  -  Total Local Usage
	71988  -  Run Bytes Sent By Job
	555  -  Run Bytes Received By Job
	71988  -  Total Bytes Sent By Job
	555  -  Total Bytes Received By Job
	Partitionable Resources :    Usage  Request Allocated
	   Cpus                 :                 1         1
	   Disk (KB)            :       83  1024000   1029120
	   Memory (MB)          :      323     2000      2000
...
