000 (9449.000.000) 03/29 09:53:00 Job submitted from host: <128.101.221.180:9618?addrs=128.101.221.180-9618&noUDP&sock=3943_2604_3>
...
001 (9449.000.000) 03/29 11:11:47 Job executing on host: <128.101.221.182:9618?addrs=128.101.221.182-9618&noUDP&sock=3902_06a2_4>
...
006 (9449.000.000) 03/29 11:11:55 Image size of job updated: 239084
	167  -  MemoryUsage of job (MB)
	170524  -  ResidentSetSize of job (KB)
...
006 (9449.000.000) 03/29 11:16:07 Image size of job updated: 733016
	167  -  MemoryUsage of job (MB)
	170524  -  ResidentSetSize of job (KB)
...
005 (9449.000.000) 03/29 11:16:08 Job terminated.
	(1) Normal termination (return value 0)
		Usr 0 00:02:39, Sys 0 00:01:26  -  Run Remote Usage
		Usr 0 00:00:00, Sys 0 00:00:00  -  Run Local Usage
		Usr 0 00:02:39, Sys 0 00:01:26  -  Total Remote Usage
		Usr 0 00:00:00, Sys 0 00:00:00  -  Total Local Usage
	42224  -  Run Bytes Sent By Job
	555  -  Run Bytes Received By Job
	42224  -  Total Bytes Sent By Job
	555  -  Total Bytes Received By Job
	Partitionable Resources :    Usage  Request Allocated
	   Cpus                 :                 1         1
	   Disk (KB)            :       54  1024000   2046282
	   Memory (MB)          :      167     2000      2000
...
