000 (9410.000.000) 03/29 09:52:40 Job submitted from host: <128.101.221.180:9618?addrs=128.101.221.180-9618&noUDP&sock=3943_2604_3>
...
001 (9410.000.000) 03/29 11:02:41 Job executing on host: <128.101.221.182:9618?addrs=128.101.221.182-9618&noUDP&sock=3902_06a2_4>
...
006 (9410.000.000) 03/29 11:02:50 Image size of job updated: 237688
	178  -  MemoryUsage of job (MB)
	182008  -  ResidentSetSize of job (KB)
...
005 (9410.000.000) 03/29 11:07:44 Job terminated.
	(1) Normal termination (return value 0)
		Usr 0 00:03:04, Sys 0 00:01:40  -  Run Remote Usage
		Usr 0 00:00:00, Sys 0 00:00:00  -  Run Local Usage
		Usr 0 00:03:04, Sys 0 00:01:40  -  Total Remote Usage
		Usr 0 00:00:00, Sys 0 00:00:00  -  Total Local Usage
	44877  -  Run Bytes Sent By Job
	555  -  Run Bytes Received By Job
	44877  -  Total Bytes Sent By Job
	555  -  Total Bytes Received By Job
	Partitionable Resources :    Usage  Request Allocated
	   Cpus                 :                 1         1
	   Disk (KB)            :       57  1024000   2046290
	   Memory (MB)          :      178     2000      2000
...
