000 (9418.000.000) 03/29 09:52:44 Job submitted from host: <128.101.221.180:9618?addrs=128.101.221.180-9618&noUDP&sock=3943_2604_3>
...
001 (9418.000.000) 03/29 11:04:36 Job executing on host: <128.101.221.175:9618?addrs=128.101.221.175-9618&noUDP&sock=12916_e152_4>
...
006 (9418.000.000) 03/29 11:04:44 Image size of job updated: 213864
	146  -  MemoryUsage of job (MB)
	148840  -  ResidentSetSize of job (KB)
...
006 (9418.000.000) 03/29 11:09:44 Image size of job updated: 329600
	322  -  MemoryUsage of job (MB)
	329480  -  ResidentSetSize of job (KB)
...
006 (9418.000.000) 03/29 11:14:45 Image size of job updated: 332672
	325  -  MemoryUsage of job (MB)
	332284  -  ResidentSetSize of job (KB)
...
006 (9418.000.000) 03/29 11:18:06 Image size of job updated: 729980
	325  -  MemoryUsage of job (MB)
	332284  -  ResidentSetSize of job (KB)
...
005 (9418.000.000) 03/29 11:18:07 Job terminated.
	(1) Normal termination (return value 0)
		Usr 0 00:08:04, Sys 0 00:04:44  -  Run Remote Usage
		Usr 0 00:00:00, Sys 0 00:00:00  -  Run Local Usage
		Usr 0 00:08:04, Sys 0 00:04:44  -  Total Remote Usage
		Usr 0 00:00:00, Sys 0 00:00:00  -  Total Local Usage
	73296  -  Run Bytes Sent By Job
	555  -  Run Bytes Received By Job
	73296  -  Total Bytes Sent By Job
	555  -  Total Bytes Received By Job
	Partitionable Resources :    Usage  Request Allocated
	   Cpus                 :                 1         1
	   Disk (KB)            :       85  1024000   1931086
	   Memory (MB)          :      325     2000      2000
...
