000 (9466.000.000) 03/29 09:53:09 Job submitted from host: <128.101.221.180:9618?addrs=128.101.221.180-9618&noUDP&sock=3943_2604_3>
...
001 (9466.000.000) 03/29 11:17:56 Job executing on host: <128.101.221.182:9618?addrs=128.101.221.182-9618&noUDP&sock=3902_06a2_4>
...
006 (9466.000.000) 03/29 11:18:05 Image size of job updated: 339952
	248  -  MemoryUsage of job (MB)
	253080  -  ResidentSetSize of job (KB)
...
006 (9466.000.000) 03/29 11:22:57 Image size of job updated: 730400
	248  -  MemoryUsage of job (MB)
	253080  -  ResidentSetSize of job (KB)
...
005 (9466.000.000) 03/29 11:22:58 Job terminated.
	(1) Normal termination (return value 0)
		Usr 0 00:03:04, Sys 0 00:01:31  -  Run Remote Usage
		Usr 0 00:00:00, Sys 0 00:00:00  -  Run Local Usage
		Usr 0 00:03:04, Sys 0 00:01:31  -  Total Remote Usage
		Usr 0 00:00:00, Sys 0 00:00:00  -  Total Local Usage
	55442  -  Run Bytes Sent By Job
	555  -  Run Bytes Received By Job
	55442  -  Total Bytes Sent By Job
	555  -  Total Bytes Received By Job
	Partitionable Resources :    Usage  Request Allocated
	   Cpus                 :                 1         1
	   Disk (KB)            :       67  1024000   2046276
	   Memory (MB)          :      248     2000      2000
...
