000 (9455.000.000) 03/29 09:53:03 Job submitted from host: <128.101.221.180:9618?addrs=128.101.221.180-9618&noUDP&sock=3943_2604_3>
...
001 (9455.000.000) 03/29 11:14:03 Job executing on host: <128.101.221.182:9618?addrs=128.101.221.182-9618&noUDP&sock=3902_06a2_4>
...
006 (9455.000.000) 03/29 11:14:12 Image size of job updated: 249344
	171  -  MemoryUsage of job (MB)
	175092  -  ResidentSetSize of job (KB)
...
006 (9455.000.000) 03/29 11:19:13 Image size of job updated: 333484
	326  -  MemoryUsage of job (MB)
	333204  -  ResidentSetSize of job (KB)
...
006 (9455.000.000) 03/29 11:20:20 Image size of job updated: 732940
	326  -  MemoryUsage of job (MB)
	333204  -  ResidentSetSize of job (KB)
...
005 (9455.000.000) 03/29 11:20:21 Job terminated.
	(1) Normal termination (return value 0)
		Usr 0 00:03:44, Sys 0 00:02:07  -  Run Remote Usage
		Usr 0 00:00:00, Sys 0 00:00:00  -  Run Local Usage
		Usr 0 00:03:44, Sys 0 00:02:07  -  Total Remote Usage
		Usr 0 00:00:00, Sys 0 00:00:00  -  Total Local Usage
	58716  -  Run Bytes Sent By Job
	555  -  Run Bytes Received By Job
	58716  -  Total Bytes Sent By Job
	555  -  Total Bytes Received By Job
	Partitionable Resources :    Usage  Request Allocated
	   Cpus                 :                 1         1
	   Disk (KB)            :       70  1024000   2046264
	   Memory (MB)          :      326     2000      2000
...
