000 (9408.000.000) 03/29 09:52:39 Job submitted from host: <128.101.221.180:9618?addrs=128.101.221.180-9618&noUDP&sock=3943_2604_3>
...
001 (9408.000.000) 03/29 11:02:33 Job executing on host: <128.101.221.182:9618?addrs=128.101.221.182-9618&noUDP&sock=3902_06a2_4>
...
006 (9408.000.000) 03/29 11:02:42 Image size of job updated: 277344
	196  -  MemoryUsage of job (MB)
	200052  -  ResidentSetSize of job (KB)
...
006 (9408.000.000) 03/29 11:04:40 Image size of job updated: 726276
	196  -  MemoryUsage of job (MB)
	200052  -  ResidentSetSize of job (KB)
...
005 (9408.000.000) 03/29 11:04:41 Job terminated.
	(1) Normal termination (return value 0)
		Usr 0 00:01:19, Sys 0 00:00:38  -  Run Remote Usage
		Usr 0 00:00:00, Sys 0 00:00:00  -  Run Local Usage
		Usr 0 00:01:19, Sys 0 00:00:38  -  Total Remote Usage
		Usr 0 00:00:00, Sys 0 00:00:00  -  Total Local Usage
	34280  -  Run Bytes Sent By Job
	555  -  Run Bytes Received By Job
	34280  -  Total Bytes Sent By Job
	555  -  Total Bytes Received By Job
	Partitionable Resources :    Usage  Request Allocated
	   Cpus                 :                 1         1
	   Disk (KB)            :       47  1024000   2046322
	   Memory (MB)          :      196     2000      2000
...
