000 (9425.000.000) 03/29 09:52:47 Job submitted from host: <128.101.221.180:9618?addrs=128.101.221.180-9618&noUDP&sock=3943_2604_3>
...
001 (9425.000.000) 03/29 11:05:45 Job executing on host: <128.101.221.176:9618?addrs=128.101.221.176-9618&noUDP&sock=2756849_b007_4>
...
006 (9425.000.000) 03/29 11:05:54 Image size of job updated: 211424
	144  -  MemoryUsage of job (MB)
	146768  -  ResidentSetSize of job (KB)
...
006 (9425.000.000) 03/29 11:10:55 Image size of job updated: 333832
	324  -  MemoryUsage of job (MB)
	331392  -  ResidentSetSize of job (KB)
...
005 (9425.000.000) 03/29 11:14:26 Job terminated.
	(1) Normal termination (return value 0)
		Usr 0 00:06:04, Sys 0 00:02:02  -  Run Remote Usage
		Usr 0 00:00:00, Sys 0 00:00:00  -  Run Local Usage
		Usr 0 00:06:04, Sys 0 00:02:02  -  Total Remote Usage
		Usr 0 00:00:00, Sys 0 00:00:00  -  Total Local Usage
	57661  -  Run Bytes Sent By Job
	555  -  Run Bytes Received By Job
	57661  -  Total Bytes Sent By Job
	555  -  Total Bytes Received By Job
	Partitionable Resources :    Usage  Request Allocated
	   Cpus                 :                 1         1
	   Disk (KB)            :       69  1024000   1026288
	   Memory (MB)          :      324     2000      2000
...
