000 (9465.000.000) 03/29 09:53:08 Job submitted from host: <128.101.221.180:9618?addrs=128.101.221.180-9618&noUDP&sock=3943_2604_3>
...
001 (9465.000.000) 03/29 11:17:36 Job executing on host: <128.101.221.175:9618?addrs=128.101.221.175-9618&noUDP&sock=12916_e152_4>
...
006 (9465.000.000) 03/29 11:17:45 Image size of job updated: 251168
	173  -  MemoryUsage of job (MB)
	176864  -  ResidentSetSize of job (KB)
...
006 (9465.000.000) 03/29 11:22:46 Image size of job updated: 331020
	324  -  MemoryUsage of job (MB)
	330760  -  ResidentSetSize of job (KB)
...
006 (9465.000.000) 03/29 11:24:00 Image size of job updated: 730408
	324  -  MemoryUsage of job (MB)
	330760  -  ResidentSetSize of job (KB)
...
005 (9465.000.000) 03/29 11:24:01 Job terminated.
	(1) Normal termination (return value 0)
		Usr 0 00:03:49, Sys 0 00:02:13  -  Run Remote Usage
		Usr 0 00:00:00, Sys 0 00:00:00  -  Run Local Usage
		Usr 0 00:03:49, Sys 0 00:02:13  -  Total Remote Usage
		Usr 0 00:00:00, Sys 0 00:00:00  -  Total Local Usage
	51921  -  Run Bytes Sent By Job
	555  -  Run Bytes Received By Job
	51921  -  Total Bytes Sent By Job
	555  -  Total Bytes Received By Job
	Partitionable Resources :    Usage  Request Allocated
	   Cpus                 :                 1         1
	   Disk (KB)            :       64  1024000   1931038
	   Memory (MB)          :      324     2000      2000
...
