000 (9413.000.000) 03/29 09:52:42 Job submitted from host: <128.101.221.180:9618?addrs=128.101.221.180-9618&noUDP&sock=3943_2604_3>
...
001 (9413.000.000) 03/29 11:02:56 Job executing on host: <128.101.221.182:9618?addrs=128.101.221.182-9618&noUDP&sock=3902_06a2_4>
...
006 (9413.000.000) 03/29 11:03:05 Image size of job updated: 249008
	182  -  MemoryUsage of job (MB)
	186152  -  ResidentSetSize of job (KB)
...
006 (9413.000.000) 03/29 11:07:16 Image size of job updated: 730320
	182  -  MemoryUsage of job (MB)
	186152  -  ResidentSetSize of job (KB)
...
005 (9413.000.000) 03/29 11:07:17 Job terminated.
	(1) Normal termination (return value 0)
		Usr 0 00:02:39, Sys 0 00:01:25  -  Run Remote Usage
		Usr 0 00:00:00, Sys 0 00:00:00  -  Run Local Usage
		Usr 0 00:02:39, Sys 0 00:01:25  -  Total Remote Usage
		Usr 0 00:00:00, Sys 0 00:00:00  -  Total Local Usage
	40669  -  Run Bytes Sent By Job
	555  -  Run Bytes Received By Job
	40669  -  Total Bytes Sent By Job
	555  -  Total Bytes Received By Job
	Partitionable Resources :    Usage  Request Allocated
	   Cpus                 :                 1         1
	   Disk (KB)            :       53  1024000   2046318
	   Memory (MB)          :      182     2000      2000
...
