000 (9415.000.000) 03/29 09:52:43 Job submitted from host: <128.101.221.180:9618?addrs=128.101.221.180-9618&noUDP&sock=3943_2604_3>
...
001 (9415.000.000) 03/29 11:03:22 Job executing on host: <128.101.221.176:9618?addrs=128.101.221.176-9618&noUDP&sock=2756849_b007_4>
...
006 (9415.000.000) 03/29 11:03:30 Image size of job updated: 172840
	110  -  MemoryUsage of job (MB)
	112416  -  ResidentSetSize of job (KB)
...
005 (9415.000.000) 03/29 11:06:35 Job terminated.
	(1) Normal termination (return value 0)
		Usr 0 00:02:14, Sys 0 00:00:42  -  Run Remote Usage
		Usr 0 00:00:00, Sys 0 00:00:00  -  Run Local Usage
		Usr 0 00:02:14, Sys 0 00:00:42  -  Total Remote Usage
		Usr 0 00:00:00, Sys 0 00:00:00  -  Total Local Usage
	35190  -  Run Bytes Sent By Job
	555  -  Run Bytes Received By Job
	35190  -  Total Bytes Sent By Job
	555  -  Total Bytes Received By Job
	Partitionable Resources :    Usage  Request Allocated
	   Cpus                 :                 1         1
	   Disk (KB)            :       47  1024000   1026276
	   Memory (MB)          :      110     2000      2000
...
