000 (9443.000.000) 03/29 09:52:57 Job submitted from host: <128.101.221.180:9618?addrs=128.101.221.180-9618&noUDP&sock=3943_2604_3>
...
001 (9443.000.000) 03/29 11:09:34 Job executing on host: <128.101.221.175:9618?addrs=128.101.221.175-9618&noUDP&sock=12916_e152_4>
...
006 (9443.000.000) 03/29 11:09:43 Image size of job updated: 248732
	171  -  MemoryUsage of job (MB)
	174816  -  ResidentSetSize of job (KB)
...
006 (9443.000.000) 03/29 11:14:29 Image size of job updated: 730148
	171  -  MemoryUsage of job (MB)
	174816  -  ResidentSetSize of job (KB)
...
005 (9443.000.000) 03/29 11:14:30 Job terminated.
	(1) Normal termination (return value 0)
		Usr 0 00:02:58, Sys 0 00:01:40  -  Run Remote Usage
		Usr 0 00:00:00, Sys 0 00:00:00  -  Run Local Usage
		Usr 0 00:02:58, Sys 0 00:01:40  -  Total Remote Usage
		Usr 0 00:00:00, Sys 0 00:00:00  -  Total Local Usage
	39572  -  Run Bytes Sent By Job
	555  -  Run Bytes Received By Job
	39572  -  Total Bytes Sent By Job
	555  -  Total Bytes Received By Job
	Partitionable Resources :    Usage  Request Allocated
	   Cpus                 :                 1         1
	   Disk (KB)            :       52  1024000   1931072
	   Memory (MB)          :      171     2000      2000
...
