000 (9461.000.000) 03/29 09:53:06 Job submitted from host: <128.101.221.180:9618?addrs=128.101.221.180-9618&noUDP&sock=3943_2604_3>
...
001 (9461.000.000) 03/29 11:16:53 Job executing on host: <128.101.221.188:9618?addrs=128.101.221.188-9618&noUDP&sock=3087505_3369_4>
...
006 (9461.000.000) 03/29 11:17:01 Image size of job updated: 177148
	113  -  MemoryUsage of job (MB)
	115304  -  ResidentSetSize of job (KB)
...
006 (9461.000.000) 03/29 11:20:55 Image size of job updated: 428720
	113  -  MemoryUsage of job (MB)
	115304  -  ResidentSetSize of job (KB)
...
005 (9461.000.000) 03/29 11:20:57 Job terminated.
	(1) Normal termination (return value 0)
		Usr 0 00:02:48, Sys 0 00:00:50  -  Run Remote Usage
		Usr 0 00:00:00, Sys 0 00:00:00  -  Run Local Usage
		Usr 0 00:02:48, Sys 0 00:00:50  -  Total Remote Usage
		Usr 0 00:00:00, Sys 0 00:00:00  -  Total Local Usage
	45100  -  Run Bytes Sent By Job
	555  -  Run Bytes Received By Job
	45100  -  Total Bytes Sent By Job
	555  -  Total Bytes Received By Job
	Partitionable Resources :    Usage  Request Allocated
	   Cpus                 :                 1         1
	   Disk (KB)            :       57  1024000   1028789
	   Memory (MB)          :      113     2000      2000
...
