000 (9457.000.000) 03/29 09:53:04 Job submitted from host: <128.101.221.180:9618?addrs=128.101.221.180-9618&noUDP&sock=3943_2604_3>
...
001 (9457.000.000) 03/29 11:14:44 Job executing on host: <128.101.220.87:9618?addrs=128.101.220.87-9618&noUDP&sock=465496_1dbd_4>
...
006 (9457.000.000) 03/29 11:14:53 Image size of job updated: 239348
	164  -  MemoryUsage of job (MB)
	167776  -  ResidentSetSize of job (KB)
...
005 (9457.000.000) 03/29 11:18:30 Job terminated.
	(1) Normal termination (return value 0)
		Usr 0 00:02:34, Sys 0 00:00:50  -  Run Remote Usage
		Usr 0 00:00:00, Sys 0 00:00:00  -  Run Local Usage
		Usr 0 00:02:34, Sys 0 00:00:50  -  Total Remote Usage
		Usr 0 00:00:00, Sys 0 00:00:00  -  Total Local Usage
	47306  -  Run Bytes Sent By Job
	555  -  Run Bytes Received By Job
	47306  -  Total Bytes Sent By Job
	555  -  Total Bytes Received By Job
	Partitionable Resources :    Usage  Request Allocated
	   Cpus                 :                 1         1
	   Disk (KB)            :       59  1024000   1029114
	   Memory (MB)          :      164     2000      2000
...
