000 (9444.000.000) 03/29 09:52:57 Job submitted from host: <128.101.221.180:9618?addrs=128.101.221.180-9618&noUDP&sock=3943_2604_3>
...
001 (9444.000.000) 03/29 11:10:24 Job executing on host: <128.101.221.193:9618?addrs=128.101.221.193-9618&noUDP&sock=2332108_b0a7_4>
...
006 (9444.000.000) 03/29 11:10:32 Image size of job updated: 191636
	127  -  MemoryUsage of job (MB)
	129112  -  ResidentSetSize of job (KB)
...
006 (9444.000.000) 03/29 11:15:32 Image size of job updated: 428652
	325  -  MemoryUsage of job (MB)
	332016  -  ResidentSetSize of job (KB)
...
006 (9444.000.000) 03/29 11:18:20 Image size of job updated: 733012
	325  -  MemoryUsage of job (MB)
	332016  -  ResidentSetSize of job (KB)
...
005 (9444.000.000) 03/29 11:18:21 Job terminated.
	(1) Normal termination (return value 0)
		Usr 0 00:05:01, Sys 0 00:01:57  -  Run Remote Usage
		Usr 0 00:00:00, Sys 0 00:00:00  -  Run Local Usage
		Usr 0 00:05:01, Sys 0 00:01:57  -  Total Remote Usage
		Usr 0 00:00:00, Sys 0 00:00:00  -  Total Local Usage
	68666  -  Run Bytes Sent By Job
	555  -  Run Bytes Received By Job
	68666  -  Total Bytes Sent By Job
	555  -  Total Bytes Received By Job
	Partitionable Resources :    Usage  Request Allocated
	   Cpus                 :                 1         1
	   Disk (KB)            :       80  1024000   1028381
	   Memory (MB)          :      325     2000      2000
...
