000 (9409.000.000) 03/29 09:52:39 Job submitted from host: <128.101.221.180:9618?addrs=128.101.221.180-9618&noUDP&sock=3943_2604_3>
...
001 (9409.000.000) 03/29 11:02:41 Job executing on host: <128.101.221.175:9618?addrs=128.101.221.175-9618&noUDP&sock=12916_e152_4>
...
006 (9409.000.000) 03/29 11:02:50 Image size of job updated: 215828
	186  -  MemoryUsage of job (MB)
	190004  -  ResidentSetSize of job (KB)
...
006 (9409.000.000) 03/29 11:07:51 Image size of job updated: 329172
	321  -  MemoryUsage of job (MB)
	328572  -  ResidentSetSize of job (KB)
...
006 (9409.000.000) 03/29 11:09:32 Image size of job updated: 729796
	321  -  MemoryUsage of job (MB)
	328572  -  ResidentSetSize of job (KB)
...
005 (9409.000.000) 03/29 11:09:33 Job terminated.
	(1) Normal termination (return value 0)
		Usr 0 00:04:07, Sys 0 00:02:21  -  Run Remote Usage
		Usr 0 00:00:00, Sys 0 00:00:00  -  Run Local Usage
		Usr 0 00:04:07, Sys 0 00:02:21  -  Total Remote Usage
		Usr 0 00:00:00, Sys 0 00:00:00  -  Total Local Usage
	50381  -  Run Bytes Sent By Job
	555  -  Run Bytes Received By Job
	50381  -  Total Bytes Sent By Job
	555  -  Total Bytes Received By Job
	Partitionable Resources :    Usage  Request Allocated
	   Cpus                 :                 1         1
	   Disk (KB)            :       62  1024000   1931072
	   Memory (MB)          :      321     2000      2000
...
