000 (9468.000.000) 03/29 09:53:10 Job submitted from host: <128.101.221.180:9618?addrs=128.101.221.180-9618&noUDP&sock=3943_2604_3>
...
001 (9468.000.000) 03/29 11:18:31 Job executing on host: <128.101.220.87:9618?addrs=128.101.220.87-9618&noUDP&sock=465496_1dbd_4>
...
006 (9468.000.000) 03/29 11:18:40 Image size of job updated: 271972
	190  -  MemoryUsage of job (MB)
	194264  -  ResidentSetSize of job (KB)
...
006 (9468.000.000) 03/29 11:23:41 Image size of job updated: 425636
	324  -  MemoryUsage of job (MB)
	331280  -  ResidentSetSize of job (KB)
...
005 (9468.000.000) 03/29 11:26:34 Job terminated.
	(1) Normal termination (return value 0)
		Usr 0 00:05:28, Sys 0 00:01:56  -  Run Remote Usage
		Usr 0 00:00:00, Sys 0 00:00:00  -  Run Local Usage
		Usr 0 00:05:28, Sys 0 00:01:56  -  Total Remote Usage
		Usr 0 00:00:00, Sys 0 00:00:00  -  Total Local Usage
	74432  -  Run Bytes Sent By Job
	555  -  Run Bytes Received By Job
	74432  -  Total Bytes Sent By Job
	555  -  Total Bytes Received By Job
	Partitionable Resources :    Usage  Request Allocated
	   Cpus                 :                 1         1
	   Disk (KB)            :       86  1024000   1029114
	   Memory (MB)          :      324     2000      2000
...
