000 (9420.000.000) 03/29 09:52:45 Job submitted from host: <128.101.221.180:9618?addrs=128.101.221.180-9618&noUDP&sock=3943_2604_3>
...
001 (9420.000.000) 03/29 11:04:48 Job executing on host: <128.101.221.182:9618?addrs=128.101.221.182-9618&noUDP&sock=3902_06a2_4>
...
006 (9420.000.000) 03/29 11:04:56 Image size of job updated: 226376
	184  -  MemoryUsage of job (MB)
	187840  -  ResidentSetSize of job (KB)
...
006 (9420.000.000) 03/29 11:09:56 Image size of job updated: 330196
	322  -  MemoryUsage of job (MB)
	329728  -  ResidentSetSize of job (KB)
...
006 (9420.000.000) 03/29 11:11:19 Image size of job updated: 726448
	322  -  MemoryUsage of job (MB)
	329728  -  ResidentSetSize of job (KB)
...
005 (9420.000.000) 03/29 11:11:20 Job terminated.
	(1) Normal termination (return value 0)
		Usr 0 00:03:55, Sys 0 00:02:16  -  Run Remote Usage
		Usr 0 00:00:00, Sys 0 00:00:00  -  Run Local Usage
		Usr 0 00:03:55, Sys 0 00:02:16  -  Total Remote Usage
		Usr 0 00:00:00, Sys 0 00:00:00  -  Total Local Usage
	40684  -  Run Bytes Sent By Job
	555  -  Run Bytes Received By Job
	40684  -  Total Bytes Sent By Job
	555  -  Total Bytes Received By Job
	Partitionable Resources :    Usage  Request Allocated
	   Cpus                 :                 1         1
	   Disk (KB)            :       52  1024000   2046282
	   Memory (MB)          :      322     2000      2000
...
