000 (9411.000.000) 03/29 09:52:41 Job submitted from host: <128.101.221.180:9618?addrs=128.101.221.180-9618&noUDP&sock=3943_2604_3>
...
001 (9411.000.000) 03/29 11:02:41 Job executing on host: <128.101.221.175:9618?addrs=128.101.221.175-9618&noUDP&sock=12916_e152_4>
...
006 (9411.000.000) 03/29 11:02:50 Image size of job updated: 222256
	185  -  MemoryUsage of job (MB)
	189020  -  ResidentSetSize of job (KB)
...
006 (9411.000.000) 03/29 11:07:51 Image size of job updated: 330188
	322  -  MemoryUsage of job (MB)
	329716  -  ResidentSetSize of job (KB)
...
005 (9411.000.000) 03/29 11:11:22 Job terminated.
	(1) Normal termination (return value 0)
		Usr 0 00:05:08, Sys 0 00:03:03  -  Run Remote Usage
		Usr 0 00:00:00, Sys 0 00:00:00  -  Run Local Usage
		Usr 0 00:05:08, Sys 0 00:03:03  -  Total Remote Usage
		Usr 0 00:00:00, Sys 0 00:00:00  -  Total Local Usage
	47968  -  Run Bytes Sent By Job
	555  -  Run Bytes Received By Job
	47968  -  Total Bytes Sent By Job
	555  -  Total Bytes Received By Job
	Partitionable Resources :    Usage  Request Allocated
	   Cpus                 :                 1         1
	   Disk (KB)            :       60  1024000   1931072
	   Memory (MB)          :      322     2000      2000
...
