000 (9464.000.000) 03/29 09:53:08 Job submitted from host: <128.101.221.180:9618?addrs=128.101.221.180-9618&noUDP&sock=3943_2604_3>
...
001 (9464.000.000) 03/29 11:17:36 Job executing on host: <128.101.220.50:9618?addrs=128.101.220.50-9618&noUDP&sock=258564_f9de_4>
...
006 (9464.000.000) 03/29 11:17:45 Image size of job updated: 214688
	145  -  MemoryUsage of job (MB)
	148088  -  ResidentSetSize of job (KB)
...
006 (9464.000.000) 03/29 11:20:51 Image size of job updated: 729708
	145  -  MemoryUsage of job (MB)
	148088  -  ResidentSetSize of job (KB)
...
005 (9464.000.000) 03/29 11:20:52 Job terminated.
	(1) Normal termination (return value 0)
		Usr 0 00:02:12, Sys 0 00:00:41  -  Run Remote Usage
		Usr 0 00:00:00, Sys 0 00:00:00  -  Run Local Usage
		Usr 0 00:02:12, Sys 0 00:00:41  -  Total Remote Usage
		Usr 0 00:00:00, Sys 0 00:00:00  -  Total Local Usage
	43767  -  Run Bytes Sent By Job
	555  -  Run Bytes Received By Job
	43767  -  Total Bytes Sent By Job
	555  -  Total Bytes Received By Job
	Partitionable Resources :    Usage  Request Allocated
	   Cpus                 :                 1         1
	   Disk (KB)            :       56  1024000   1027955
	   Memory (MB)          :      145     2000      2000
...
