000 (9441.000.000) 03/29 09:52:56 Job submitted from host: <128.101.221.180:9618?addrs=128.101.221.180-9618&noUDP&sock=3943_2604_3>
...
001 (9441.000.000) 03/29 11:08:24 Job executing on host: <128.101.221.182:9618?addrs=128.101.221.182-9618&noUDP&sock=3902_06a2_4>
...
006 (9441.000.000) 03/29 11:08:32 Image size of job updated: 195064
	137  -  MemoryUsage of job (MB)
	139612  -  ResidentSetSize of job (KB)
...
006 (9441.000.000) 03/29 11:13:32 Image size of job updated: 329640
	322  -  MemoryUsage of job (MB)
	329568  -  ResidentSetSize of job (KB)
...
006 (9441.000.000) 03/29 11:18:33 Image size of job updated: 334744
	327  -  MemoryUsage of job (MB)
	334296  -  ResidentSetSize of job (KB)
...
005 (9441.000.000) 03/29 11:19:45 Job terminated.
	(1) Normal termination (return value 0)
		Usr 0 00:06:33, Sys 0 00:04:09  -  Run Remote Usage
		Usr 0 00:00:00, Sys 0 00:00:00  -  Run Local Usage
		Usr 0 00:06:33, Sys 0 00:04:09  -  Total Remote Usage
		Usr 0 00:00:00, Sys 0 00:00:00  -  Total Local Usage
	64692  -  Run Bytes Sent By Job
	555  -  Run Bytes Received By Job
	64692  -  Total Bytes Sent By Job
	555  -  Total Bytes Received By Job
	Partitionable Resources :    Usage  Request Allocated
	   Cpus                 :                 1         1
	   Disk (KB)            :       76  1024000   2046276
	   Memory (MB)          :      327     2000      2000
...
