000 (9427.000.000) 03/29 09:52:48 Job submitted from host: <128.101.221.180:9618?addrs=128.101.221.180-9618&noUDP&sock=3943_2604_3>
...
001 (9427.000.000) 03/29 11:05:52 Job executing on host: <128.101.221.182:9618?addrs=128.101.221.182-9618&noUDP&sock=3902_06a2_4>
...
006 (9427.000.000) 03/29 11:06:00 Image size of job updated: 238928
	164  -  MemoryUsage of job (MB)
	167888  -  ResidentSetSize of job (KB)
...
006 (9427.000.000) 03/29 11:11:00 Image size of job updated: 329572
	322  -  MemoryUsage of job (MB)
	329544  -  ResidentSetSize of job (KB)
...
006 (9427.000.000) 03/29 11:16:01 Image size of job updated: 335248
	328  -  MemoryUsage of job (MB)
	334940  -  ResidentSetSize of job (KB)
...
006 (9427.000.000) 03/29 11:17:05 Image size of job updated: 733284
	328  -  MemoryUsage of job (MB)
	334940  -  ResidentSetSize of job (KB)
...
005 (9427.000.000) 03/29 11:17:06 Job terminated.
	(1) Normal termination (return value 0)
		Usr 0 00:06:38, Sys 0 00:03:58  -  Run Remote Usage
		Usr 0 00:00:00, Sys 0 00:00:00  -  Run Local Usage
		Usr 0 00:06:38, Sys 0 00:03:58  -  Total Remote Usage
		Usr 0 00:00:00, Sys 0 00:00:00  -  Total Local Usage
	75952  -  Run Bytes Sent By Job
	555  -  Run Bytes Received By Job
	75952  -  Total Bytes Sent By Job
	555  -  Total Bytes Received By Job
	Partitionable Resources :    Usage  Request Allocated
	   Cpus                 :                 1         1
	   Disk (KB)            :       87  1024000   2046280
	   Memory (MB)          :      328     2000      2000
...
