000 (9447.000.000) 03/29 09:52:59 Job submitted from host: <128.101.221.180:9618?addrs=128.101.221.180-9618&noUDP&sock=3943_2604_3>
...
001 (9447.000.000) 03/29 11:11:24 Job executing on host: <128.101.221.175:9618?addrs=128.101.221.175-9618&noUDP&sock=12916_e152_4>
...
006 (9447.000.000) 03/29 11:11:32 Image size of job updated: 215116
	147  -  MemoryUsage of job (MB)
	149560  -  ResidentSetSize of job (KB)
...
006 (9447.000.000) 03/29 11:16:32 Image size of job updated: 329436
	322  -  MemoryUsage of job (MB)
	329436  -  ResidentSetSize of job (KB)
...
006 (9447.000.000) 03/29 11:21:33 Image size of job updated: 335408
	328  -  MemoryUsage of job (MB)
	335012  -  ResidentSetSize of job (KB)
...
006 (9447.000.000) 03/29 11:23:22 Image size of job updated: 733192
	328  -  MemoryUsage of job (MB)
	335012  -  ResidentSetSize of job (KB)
...
005 (9447.000.000) 03/29 11:23:23 Job terminated.
	(1) Normal termination (return value 0)
		Usr 0 00:07:05, Sys 0 00:04:16  -  Run Remote Usage
		Usr 0 00:00:00, Sys 0 00:00:00  -  Run Local Usage
		Usr 0 00:07:05, Sys 0 00:04:16  -  Total Remote Usage
		Usr 0 00:00:00, Sys 0 00:00:00  -  Total Local Usage
	63862  -  Run Bytes Sent By Job
	555  -  Run Bytes Received By Job
	63862  -  Total Bytes Sent By Job
	555  -  Total Bytes Received By Job
	Partitionable Resources :    Usage  Request Allocated
	   Cpus                 :                 1         1
	   Disk (KB)            :       75  1024000   1931072
	   Memory (MB)          :      328     2000      2000
...
