000 (9433.000.000) 03/29 09:52:51 Job submitted from host: <128.101.221.180:9618?addrs=128.101.221.180-9618&noUDP&sock=3943_2604_3>
...
001 (9433.000.000) 03/29 11:07:27 Job executing on host: <128.101.220.87:9618?addrs=128.101.220.87-9618&noUDP&sock=465496_1dbd_4>
...
006 (9433.000.000) 03/29 11:07:35 Image size of job updated: 244708
	168  -  MemoryUsage of job (MB)
	171136  -  ResidentSetSize of job (KB)
...
006 (9433.000.000) 03/29 11:12:35 Image size of job updated: 350956
	323  -  MemoryUsage of job (MB)
	329736  -  ResidentSetSize of job (KB)
...
005 (9433.000.000) 03/29 11:14:30 Job terminated.
	(1) Normal termination (return value 0)
		Usr 0 00:04:46, Sys 0 00:01:43  -  Run Remote Usage
		Usr 0 00:00:00, Sys 0 00:00:00  -  Run Local Usage
		Usr 0 00:04:46, Sys 0 00:01:43  -  Total Remote Usage
		Usr 0 00:00:00, Sys 0 00:00:00  -  Total Local Usage
	60546  -  Run Bytes Sent By Job
	555  -  Run Bytes Received By Job
	60546  -  Total Bytes Sent By Job
	555  -  Total Bytes Received By Job
	Partitionable Resources :    Usage  Request Allocated
	   Cpus                 :                 1         1
	   Disk (KB)            :       72  1024000   1029119
	   Memory (MB)          :      323     2000      2000
...
