000 (9453.000.000) 03/29 09:53:02 Job submitted from host: <128.101.221.180:9618?addrs=128.101.221.180-9618&noUDP&sock=3943_2604_3>
...
001 (9453.000.000) 03/29 11:13:27 Job executing on host: <128.101.221.182:9618?addrs=128.101.221.182-9618&noUDP&sock=3902_06a2_4>
...
006 (9453.000.000) 03/29 11:13:36 Image size of job updated: 259476
	180  -  MemoryUsage of job (MB)
	183452  -  ResidentSetSize of job (KB)
...
006 (9453.000.000) 03/29 11:18:37 Image size of job updated: 330360
	323  -  MemoryUsage of job (MB)
	329768  -  ResidentSetSize of job (KB)
...
005 (9453.000.000) 03/29 11:23:11 Job terminated.
	(1) Normal termination (return value 0)
		Usr 0 00:05:54, Sys 0 00:03:12  -  Run Remote Usage
		Usr 0 00:00:00, Sys 0 00:00:00  -  Run Local Usage
		Usr 0 00:05:54, Sys 0 00:03:12  -  Total Remote Usage
		Usr 0 00:00:00, Sys 0 00:00:00  -  Total Local Usage
	71604  -  Run Bytes Sent By Job
	555  -  Run Bytes Received By Job
	71604  -  Total Bytes Sent By Job
	555  -  Total Bytes Received By Job
	Partitionable Resources :    Usage  Request Allocated
	   Cpus                 :                 1         1
	   Disk (KB)            :       83  1024000   2046284
	   Memory (MB)          :      323     2000      2000
...
