000 (9450.000.000) 03/29 09:53:00 Job submitted from host: <128.101.221.180:9618?addrs=128.101.221.180-9618&noUDP&sock=3943_2604_3>
...
001 (9450.000.000) 03/29 11:12:35 Job executing on host: <128.101.221.182:9618?addrs=128.101.221.182-9618&noUDP&sock=3902_06a2_4>
...
006 (9450.000.000) 03/29 11:12:43 Image size of job updated: 223496
	154  -  MemoryUsage of job (MB)
	156800  -  ResidentSetSize of job (KB)
...
006 (9450.000.000) 03/29 11:17:43 Image size of job updated: 331444
	324  -  MemoryUsage of job (MB)
	330880  -  ResidentSetSize of job (KB)
...
005 (9450.000.000) 03/29 11:20:17 Job terminated.
	(1) Normal termination (return value 0)
		Usr 0 00:04:32, Sys 0 00:02:40  -  Run Remote Usage
		Usr 0 00:00:00, Sys 0 00:00:00  -  Run Local Usage
		Usr 0 00:04:32, Sys 0 00:02:40  -  Total Remote Usage
		Usr 0 00:00:00, Sys 0 00:00:00  -  Total Local Usage
	68047  -  Run Bytes Sent By Job
	555  -  Run Bytes Received By Job
	68047  -  Total Bytes Sent By Job
	555  -  Total Bytes Received By Job
	Partitionable Resources :    Usage  Request Allocated
	   Cpus                 :                 1         1
	   Disk (KB)            :       79  1024000   2046278
	   Memory (MB)          :      324     2000      2000
...
