000 (9416.000.000) 03/29 09:52:43 Job submitted from host: <128.101.221.180:9618?addrs=128.101.221.180-9618&noUDP&sock=3943_2604_3>
...
001 (9416.000.000) 03/29 11:04:07 Job executing on host: <128.101.221.182:9618?addrs=128.101.221.182-9618&noUDP&sock=3902_06a2_4>
...
006 (9416.000.000) 03/29 11:04:15 Image size of job updated: 216568
	148  -  MemoryUsage of job (MB)
	150688  -  ResidentSetSize of job (KB)
...
006 (9416.000.000) 03/29 11:09:15 Image size of job updated: 329304
	322  -  MemoryUsage of job (MB)
	329076  -  ResidentSetSize of job (KB)
...
006 (9416.000.000) 03/29 11:13:25 Image size of job updated: 729572
	322  -  MemoryUsage of job (MB)
	329076  -  ResidentSetSize of job (KB)
...
005 (9416.000.000) 03/29 11:13:26 Job terminated.
	(1) Normal termination (return value 0)
		Usr 0 00:05:34, Sys 0 00:03:14  -  Run Remote Usage
		Usr 0 00:00:00, Sys 0 00:00:00  -  Run Local Usage
		Usr 0 00:05:34, Sys 0 00:03:14  -  Total Remote Usage
		Usr 0 00:00:00, Sys 0 00:00:00  -  Total Local Usage
	63421  -  Run Bytes Sent By Job
	555  -  Run Bytes Received By Job
	63421  -  Total Bytes Sent By Job
	555  -  Total Bytes Received By Job
	Partitionable Resources :    Usage  Request Allocated
	   Cpus                 :                 1         1
	   Disk (KB)            :       75  1024000   2046284
	   Memory (MB)          :      322     2000      2000
...
