000 (9459.000.000) 03/29 09:53:05 Job submitted from host: <128.101.221.180:9618?addrs=128.101.221.180-9618&noUDP&sock=3943_2604_3>
...
001 (9459.000.000) 03/29 11:16:09 Job executing on host: <128.101.221.175:9618?addrs=128.101.221.175-9618&noUDP&sock=12916_e152_4>
...
006 (9459.000.000) 03/29 11:16:17 Image size of job updated: 204876
	140  -  MemoryUsage of job (MB)
	142496  -  ResidentSetSize of job (KB)
...
006 (9459.000.000) 03/29 11:21:17 Image size of job updated: 329636
	322  -  MemoryUsage of job (MB)
	329348  -  ResidentSetSize of job (KB)
...
006 (9459.000.000) 03/29 11:24:07 Image size of job updated: 729992
	322  -  MemoryUsage of job (MB)
	329348  -  ResidentSetSize of job (KB)
...
005 (9459.000.000) 03/29 11:24:08 Job terminated.
	(1) Normal termination (return value 0)
		Usr 0 00:04:48, Sys 0 00:02:45  -  Run Remote Usage
		Usr 0 00:00:00, Sys 0 00:00:00  -  Run Local Usage
		Usr 0 00:04:48, Sys 0 00:02:45  -  Total Remote Usage
		Usr 0 00:00:00, Sys 0 00:00:00  -  Total Local Usage
	60778  -  Run Bytes Sent By Job
	555  -  Run Bytes Received By Job
	60778  -  Total Bytes Sent By Job
	555  -  Total Bytes Received By Job
	Partitionable Resources :    Usage  Request Allocated
	   Cpus                 :                 1         1
	   Disk (KB)            :       72  1024000   1931040
	   Memory (MB)          :      322     2000      2000
...
