000 (9458.000.000) 03/29 09:53:04 Job submitted from host: <128.101.221.180:9618?addrs=128.101.221.180-9618&noUDP&sock=3943_2604_3>
...
001 (9458.000.000) 03/29 11:14:44 Job executing on host: <128.101.221.175:9618?addrs=128.101.221.175-9618&noUDP&sock=12916_e152_4>
...
006 (9458.000.000) 03/29 11:14:52 Image size of job updated: 221784
	152  -  MemoryUsage of job (MB)
	155092  -  ResidentSetSize of job (KB)
...
006 (9458.000.000) 03/29 11:19:52 Image size of job updated: 329464
	322  -  MemoryUsage of job (MB)
	329428  -  ResidentSetSize of job (KB)
...
006 (9458.000.000) 03/29 11:24:53 Image size of job updated: 336140
	328  -  MemoryUsage of job (MB)
	335556  -  ResidentSetSize of job (KB)
...
006 (9458.000.000) 03/29 11:26:24 Image size of job updated: 733020
	328  -  MemoryUsage of job (MB)
	335556  -  ResidentSetSize of job (KB)
...
005 (9458.000.000) 03/29 11:26:25 Job terminated.
	(1) Normal termination (return value 0)
		Usr 0 00:06:56, Sys 0 00:04:08  -  Run Remote Usage
		Usr 0 00:00:00, Sys 0 00:00:00  -  Run Local Usage
		Usr 0 00:06:56, Sys 0 00:04:08  -  Total Remote Usage
		Usr 0 00:00:00, Sys 0 00:00:00  -  Total Local Usage
	70675  -  Run Bytes Sent By Job
	555  -  Run Bytes Received By Job
	70675  -  Total Bytes Sent By Job
	555  -  Total Bytes Received By Job
	Partitionable Resources :    Usage  Request Allocated
	   Cpus                 :                 1         1
	   Disk (KB)            :       82  1024000   1931042
	   Memory (MB)          :      328     2000      2000
...
