000 (9437.000.000) 03/29 09:52:54 Job submitted from host: <128.101.221.180:9618?addrs=128.101.221.180-9618&noUDP&sock=3943_2604_3>
...
001 (9437.000.000) 03/29 11:07:46 Job executing on host: <128.101.221.182:9618?addrs=128.101.221.182-9618&noUDP&sock=3902_06a2_4>
...
006 (9437.000.000) 03/29 11:07:54 Image size of job updated: 240360
	180  -  MemoryUsage of job (MB)
	183772  -  ResidentSetSize of job (KB)
...
006 (9437.000.000) 03/29 11:12:54 Image size of job updated: 330748
	323  -  MemoryUsage of job (MB)
	330404  -  ResidentSetSize of job (KB)
...
005 (9437.000.000) 03/29 11:14:31 Job terminated.
	(1) Normal termination (return value 0)
		Usr 0 00:04:02, Sys 0 00:02:21  -  Run Remote Usage
		Usr 0 00:00:00, Sys 0 00:00:00  -  Run Local Usage
		Usr 0 00:04:02, Sys 0 00:02:21  -  Total Remote Usage
		Usr 0 00:00:00, Sys 0 00:00:00  -  Total Local Usage
	48635  -  Run Bytes Sent By Job
	555  -  Run Bytes Received By Job
	48635  -  Total Bytes Sent By Job
	555  -  Total Bytes Received By Job
	Partitionable Resources :    Usage  Request Allocated
	   Cpus                 :                 1         1
	   Disk (KB)            :       60  1024000   2046290
	   Memory (MB)          :      323     2000      2000
...
