000 (9446.000.000) 03/29 09:52:58 Job submitted from host: <128.101.221.180:9618?addrs=128.101.221.180-9618&noUDP&sock=3943_2604_3>
...
001 (9446.000.000) 03/29 11:11:21 Job executing on host: <128.101.221.182:9618?addrs=128.101.221.182-9618&noUDP&sock=3902_06a2_4>
...
006 (9446.000.000) 03/29 11:11:30 Image size of job updated: 248348
	171  -  MemoryUsage of job (MB)
	174140  -  ResidentSetSize of job (KB)
...
006 (9446.000.000) 03/29 11:16:31 Image size of job updated: 329888
	322  -  MemoryUsage of job (MB)
	329576  -  ResidentSetSize of job (KB)
...
005 (9446.000.000) 03/29 11:20:49 Job terminated.
	(1) Normal termination (return value 0)
		Usr 0 00:05:37, Sys 0 00:03:16  -  Run Remote Usage
		Usr 0 00:00:00, Sys 0 00:00:00  -  Run Local Usage
		Usr 0 00:05:37, Sys 0 00:03:16  -  Total Remote Usage
		Usr 0 00:00:00, Sys 0 00:00:00  -  Total Local Usage
	70898  -  Run Bytes Sent By Job
	555  -  Run Bytes Received By Job
	70898  -  Total Bytes Sent By Job
	555  -  Total Bytes Received By Job
	Partitionable Resources :    Usage  Request Allocated
	   Cpus                 :                 1         1
	   Disk (KB)            :       82  1024000   2046282
	   Memory (MB)          :      322     2000      2000
...
