000 (9445.000.000) 03/29 09:52:58 Job submitted from host: <128.101.221.180:9618?addrs=128.101.221.180-9618&noUDP&sock=3943_2604_3>
...
001 (9445.000.000) 03/29 11:10:28 Job executing on host: <128.101.221.188:9618?addrs=128.101.221.188-9618&noUDP&sock=3087505_3369_4>
...
006 (9445.000.000) 03/29 11:10:37 Image size of job updated: 215380
	146  -  MemoryUsage of job (MB)
	148616  -  ResidentSetSize of job (KB)
...
006 (9445.000.000) 03/29 11:15:37 Image size of job updated: 429248
	325  -  MemoryUsage of job (MB)
	332612  -  ResidentSetSize of job (KB)
...
006 (9445.000.000) 03/29 11:16:50 Image size of job updated: 731072
	325  -  MemoryUsage of job (MB)
	332612  -  ResidentSetSize of job (KB)
...
005 (9445.000.000) 03/29 11:16:51 Job terminated.
	(1) Normal termination (return value 0)
		Usr 0 00:04:23, Sys 0 00:01:24  -  Run Remote Usage
		Usr 0 00:00:00, Sys 0 00:00:00  -  Run Local Usage
		Usr 0 00:04:23, Sys 0 00:01:24  -  Total Remote Usage
		Usr 0 00:00:00, Sys 0 00:00:00  -  Total Local Usage
	58502  -  Run Bytes Sent By Job
	555  -  Run Bytes Received By Job
	58502  -  Total Bytes Sent By Job
	555  -  Total Bytes Received By Job
	Partitionable Resources :    Usage  Request Allocated
	   Cpus                 :                 1         1
	   Disk (KB)            :       70  1024000   1028789
	   Memory (MB)          :      325     2000      2000
...
