000 (9435.000.000) 03/29 09:52:53 Job submitted from host: <128.101.221.180:9618?addrs=128.101.221.180-9618&noUDP&sock=3943_2604_3>
...
001 (9435.000.000) 03/29 11:07:41 Job executing on host: <128.101.221.182:9618?addrs=128.101.221.182-9618&noUDP&sock=3902_06a2_4>
...
006 (9435.000.000) 03/29 11:07:50 Image size of job updated: 217068
	195  -  MemoryUsage of job (MB)
	198804  -  ResidentSetSize of job (KB)
...
006 (9435.000.000) 03/29 11:12:51 Image size of job updated: 329808
	322  -  MemoryUsage of job (MB)
	329664  -  ResidentSetSize of job (KB)
...
006 (9435.000.000) 03/29 11:17:52 Image size of job updated: 333044
	326  -  MemoryUsage of job (MB)
	332912  -  ResidentSetSize of job (KB)
...
006 (9435.000.000) 03/29 11:19:44 Image size of job updated: 730172
	326  -  MemoryUsage of job (MB)
	332912  -  ResidentSetSize of job (KB)
...
005 (9435.000.000) 03/29 11:19:45 Job terminated.
	(1) Normal termination (return value 0)
		Usr 0 00:07:05, Sys 0 00:04:18  -  Run Remote Usage
		Usr 0 00:00:00, Sys 0 00:00:00  -  Run Local Usage
		Usr 0 00:07:05, Sys 0 00:04:18  -  Total Remote Usage
		Usr 0 00:00:00, Sys 0 00:00:00  -  Total Local Usage
	70236  -  Run Bytes Sent By Job
	555  -  Run Bytes Received By Job
	70236  -  Total Bytes Sent By Job
	555  -  Total Bytes Received By Job
	Partitionable Resources :    Usage  Request Allocated
	   Cpus                 :                 1         1
	   Disk (KB)            :       81  1024000   2046276
	   Memory (MB)          :      326     2000      2000
...
