000 (9430.000.000) 03/29 09:52:50 Job submitted from host: <128.101.221.180:9618?addrs=128.101.221.180-9618&noUDP&sock=3943_2604_3>
...
001 (9430.000.000) 03/29 11:06:36 Job executing on host: <128.101.221.176:9618?addrs=128.101.221.176-9618&noUDP&sock=2756849_b007_4>
...
006 (9430.000.000) 03/29 11:06:45 Image size of job updated: 231916
	159  -  MemoryUsage of job (MB)
	162596  -  ResidentSetSize of job (KB)
...
006 (9430.000.000) 03/29 11:11:46 Image size of job updated: 425548
	324  -  MemoryUsage of job (MB)
	331356  -  ResidentSetSize of job (KB)
...
005 (9430.000.000) 03/29 11:13:19 Job terminated.
	(1) Normal termination (return value 0)
		Usr 0 00:04:43, Sys 0 00:01:35  -  Run Remote Usage
		Usr 0 00:00:00, Sys 0 00:00:00  -  Run Local Usage
		Usr 0 00:04:43, Sys 0 00:01:35  -  Total Remote Usage
		Usr 0 00:00:00, Sys 0 00:00:00  -  Total Local Usage
	51739  -  Run Bytes Sent By Job
	555  -  Run Bytes Received By Job
	51739  -  Total Bytes Sent By Job
	555  -  Total Bytes Received By Job
	Partitionable Resources :    Usage  Request Allocated
	   Cpus                 :                 1         1
	   Disk (KB)            :       64  1024000   1026276
	   Memory (MB)          :      324     2000      2000
...
