000 (9469.000.000) 03/29 09:53:11 Job submitted from host: <128.101.221.180:9618?addrs=128.101.221.180-9618&noUDP&sock=3943_2604_3>
...
001 (9469.000.000) 03/29 11:18:38 Job executing on host: <128.101.221.193:9618?addrs=128.101.221.193-9618&noUDP&sock=2332108_b0a7_4>
...
006 (9469.000.000) 03/29 11:18:47 Image size of job updated: 188772
	124  -  MemoryUsage of job (MB)
	126924  -  ResidentSetSize of job (KB)
...
006 (9469.000.000) 03/29 11:23:48 Image size of job updated: 429108
	325  -  MemoryUsage of job (MB)
	332472  -  ResidentSetSize of job (KB)
...
006 (9469.000.000) 03/29 11:26:18 Image size of job updated: 733088
	325  -  MemoryUsage of job (MB)
	332472  -  ResidentSetSize of job (KB)
...
005 (9469.000.000) 03/29 11:26:19 Job terminated.
	(1) Normal termination (return value 0)
		Usr 0 00:04:51, Sys 0 00:01:53  -  Run Remote Usage
		Usr 0 00:00:00, Sys 0 00:00:00  -  Run Local Usage
		Usr 0 00:04:51, Sys 0 00:01:53  -  Total Remote Usage
		Usr 0 00:00:00, Sys 0 00:00:00  -  Total Local Usage
	86734  -  Run Bytes Sent By Job
	555  -  Run Bytes Received By Job
	86734  -  Total Bytes Sent By Job
	555  -  Total Bytes Received By Job
	Partitionable Resources :    Usage  Request Allocated
	   Cpus                 :                 1         1
	   Disk (KB)            :       98  1024000   1028371
	   Memory (MB)          :      325     2000      2000
...
