000 (9421.000.000) 03/29 09:52:46 Job submitted from host: <128.101.221.180:9618?addrs=128.101.221.180-9618&noUDP&sock=3943_2604_3>
...
001 (9421.000.000) 03/29 11:05:09 Job executing on host: <128.101.221.193:9618?addrs=128.101.221.193-9618&noUDP&sock=2332108_b0a7_4>
...
006 (9421.000.000) 03/29 11:05:17 Image size of job updated: 244056
	167  -  MemoryUsage of job (MB)
	170496  -  ResidentSetSize of job (KB)
...
006 (9421.000.000) 03/29 11:10:17 Image size of job updated: 429596
	326  -  MemoryUsage of job (MB)
	332960  -  ResidentSetSize of job (KB)
...
005 (9421.000.000) 03/29 11:10:22 Job terminated.
	(1) Normal termination (return value 0)
		Usr 0 00:03:19, Sys 0 00:01:12  -  Run Remote Usage
		Usr 0 00:00:00, Sys 0 00:00:00  -  Run Local Usage
		Usr 0 00:03:19, Sys 0 00:01:12  -  Total Remote Usage
		Usr 0 00:00:00, Sys 0 00:00:00  -  Total Local Usage
	57643  -  Run Bytes Sent By Job
	555  -  Run Bytes Received By Job
	57643  -  Total Bytes Sent By Job
	555  -  Total Bytes Received By Job
	Partitionable Resources :    Usage  Request Allocated
	   Cpus                 :                 1         1
	   Disk (KB)            :       69  1024000   1028381
	   Memory (MB)          :      326     2000      2000
...
