000 (9454.000.000) 03/29 09:53:02 Job submitted from host: <128.101.221.180:9618?addrs=128.101.221.180-9618&noUDP&sock=3943_2604_3>
...
001 (9454.000.000) 03/29 11:13:43 Job executing on host: <128.101.221.175:9618?addrs=128.101.221.175-9618&noUDP&sock=12916_e152_4>
...
006 (9454.000.000) 03/29 11:13:51 Image size of job updated: 241740
	167  -  MemoryUsage of job (MB)
	170012  -  ResidentSetSize of job (KB)
...
006 (9454.000.000) 03/29 11:17:12 Image size of job updated: 730252
	167  -  MemoryUsage of job (MB)
	170012  -  ResidentSetSize of job (KB)
...
005 (9454.000.000) 03/29 11:17:13 Job terminated.
	(1) Normal termination (return value 0)
		Usr 0 00:02:04, Sys 0 00:01:12  -  Run Remote Usage
		Usr 0 00:00:00, Sys 0 00:00:00  -  Run Local Usage
		Usr 0 00:02:04, Sys 0 00:01:12  -  Total Remote Usage
		Usr 0 00:00:00, Sys 0 00:00:00  -  Total Local Usage
	41357  -  Run Bytes Sent By Job
	555  -  Run Bytes Received By Job
	41357  -  Total Bytes Sent By Job
	555  -  Total Bytes Received By Job
	Partitionable Resources :    Usage  Request Allocated
	   Cpus                 :                 1         1
	   Disk (KB)            :       53  1024000   1931056
	   Memory (MB)          :      167     2000      2000
...
