000 (9442.000.000) 03/29 09:52:56 Job submitted from host: <128.101.221.180:9618?addrs=128.101.221.180-9618&noUDP&sock=3943_2604_3>
...
001 (9442.000.000) 03/29 11:09:05 Job executing on host: <128.101.221.172:9618?addrs=128.101.221.172-9618&noUDP&sock=1824113_5f8e_4>
...
006 (9442.000.000) 03/29 11:09:13 Image size of job updated: 184280
	120  -  MemoryUsage of job (MB)
	122436  -  ResidentSetSize of job (KB)
...
006 (9442.000.000) 03/29 11:14:13 Image size of job updated: 426172
	322  -  MemoryUsage of job (MB)
	329544  -  ResidentSetSize of job (KB)
...
006 (9442.000.000) 03/29 11:17:17 Image size of job updated: 431252
	322  -  MemoryUsage of job (MB)
	329544  -  ResidentSetSize of job (KB)
...
005 (9442.000.000) 03/29 11:17:18 Job terminated.
	(1) Normal termination (return value 0)
		Usr 0 00:05:36, Sys 0 00:01:55  -  Run Remote Usage
		Usr 0 00:00:00, Sys 0 00:00:00  -  Run Local Usage
		Usr 0 00:05:36, Sys 0 00:01:55  -  Total Remote Usage
		Usr 0 00:00:00, Sys 0 00:00:00  -  Total Local Usage
	60352  -  Run Bytes Sent By Job
	555  -  Run Bytes Received By Job
	60352  -  Total Bytes Sent By Job
	555  -  Total Bytes Received By Job
	Partitionable Resources :    Usage  Request Allocated
	   Cpus                 :                 1         1
	   Disk (KB)            :       72  1024000   1028926
	   Memory (MB)          :      322     2000      2000
...
