000 (9432.000.000) 03/29 09:52:51 Job submitted from host: <128.101.221.180:9618?addrs=128.101.221.180-9618&noUDP&sock=3943_2604_3>
...
001 (9432.000.000) 03/29 11:07:22 Job executing on host: <128.101.221.182:9618?addrs=128.101.221.182-9618&noUDP&sock=3902_06a2_4>
...
006 (9432.000.000) 03/29 11:07:30 Image size of job updated: 222380
	152  -  MemoryUsage of job (MB)
	155524  -  ResidentSetSize of job (KB)
...
006 (9432.000.000) 03/29 11:12:30 Image size of job updated: 330632
	323  -  MemoryUsage of job (MB)
	330028  -  ResidentSetSize of job (KB)
...
006 (9432.000.000) 03/29 11:13:34 Image size of job updated: 731580
	323  -  MemoryUsage of job (MB)
	330028  -  ResidentSetSize of job (KB)
...
005 (9432.000.000) 03/29 11:13:35 Job terminated.
	(1) Normal termination (return value 0)
		Usr 0 00:03:45, Sys 0 00:02:07  -  Run Remote Usage
		Usr 0 00:00:00, Sys 0 00:00:00  -  Run Local Usage
		Usr 0 00:03:45, Sys 0 00:02:07  -  Total Remote Usage
		Usr 0 00:00:00, Sys 0 00:00:00  -  Total Local Usage
	44877  -  Run Bytes Sent By Job
	555  -  Run Bytes Received By Job
	44877  -  Total Bytes Sent By Job
	555  -  Total Bytes Received By Job
	Partitionable Resources :    Usage  Request Allocated
	   Cpus                 :                 1         1
	   Disk (KB)            :       57  1024000   2046314
	   Memory (MB)          :      323     2000      2000
...
