000 (9414.000.000) 03/29 09:52:42 Job submitted from host: <128.101.221.180:9618?addrs=128.101.221.180-9618&noUDP&sock=3943_2604_3>
...
001 (9414.000.000) 03/29 11:03:02 Job executing on host: <128.101.221.175:9618?addrs=128.101.221.175-9618&noUDP&sock=12916_e152_4>
...
006 (9414.000.000) 03/29 11:03:11 Image size of job updated: 275324
	194  -  MemoryUsage of job (MB)
	198360  -  ResidentSetSize of job (KB)
...
006 (9414.000.000) 03/29 11:08:12 Image size of job updated: 329564
	322  -  MemoryUsage of job (MB)
	329472  -  ResidentSetSize of job (KB)
...
006 (9414.000.000) 03/29 11:13:12 Image size of job updated: 332964
	325  -  MemoryUsage of job (MB)
	332680  -  ResidentSetSize of job (KB)
...
006 (9414.000.000) 03/29 11:15:47 Image size of job updated: 732824
	325  -  MemoryUsage of job (MB)
	332680  -  ResidentSetSize of job (KB)
...
005 (9414.000.000) 03/29 11:15:48 Job terminated.
	(1) Normal termination (return value 0)
		Usr 0 00:07:36, Sys 0 00:04:29  -  Run Remote Usage
		Usr 0 00:00:00, Sys 0 00:00:00  -  Run Local Usage
		Usr 0 00:07:36, Sys 0 00:04:29  -  Total Remote Usage
		Usr 0 00:00:00, Sys 0 00:00:00  -  Total Local Usage
	74431  -  Run Bytes Sent By Job
	555  -  Run Bytes Received By Job
	74431  -  Total Bytes Sent By Job
	555  -  Total Bytes Received By Job
	Partitionable Resources :    Usage  Request Allocated
	   Cpus                 :                 1         1
	   Disk (KB)            :       86  1024000   1931090
	   Memory (MB)          :      325     2000      2000
...
