000 (9436.000.000) 03/29 09:52:53 Job submitted from host: <128.101.221.180:9618?addrs=128.101.221.180-9618&noUDP&sock=3943_2604_3>
...
001 (9436.000.000) 03/29 11:07:40 Job executing on host: <128.101.220.50:9618?addrs=128.101.220.50-9618&noUDP&sock=258564_f9de_4>
...
006 (9436.000.000) 03/29 11:07:48 Image size of job updated: 253600
	174  -  MemoryUsage of job (MB)
	177468  -  ResidentSetSize of job (KB)
...
006 (9436.000.000) 03/29 11:12:48 Image size of job updated: 428200
	324  -  MemoryUsage of job (MB)
	331564  -  ResidentSetSize of job (KB)
...
006 (9436.000.000) 03/29 11:17:14 Image size of job updated: 430604
	324  -  MemoryUsage of job (MB)
	331564  -  ResidentSetSize of job (KB)
...
005 (9436.000.000) 03/29 11:17:15 Job terminated.
	(1) Normal termination (return value 0)
		Usr 0 00:06:28, Sys 0 00:02:12  -  Run Remote Usage
		Usr 0 00:00:00, Sys 0 00:00:00  -  Run Local Usage
		Usr 0 00:06:28, Sys 0 00:02:12  -  Total Remote Usage
		Usr 0 00:00:00, Sys 0 00:00:00  -  Total Local Usage
	79712  -  Run Bytes Sent By Job
	555  -  Run Bytes Received By Job
	79712  -  Total Bytes Sent By Job
	555  -  Total Bytes Received By Job
	Partitionable Resources :    Usage  Request Allocated
	   Cpus                 :                 1         1
	   Disk (KB)            :       91  1024000   1027972
	   Memory (MB)          :      324     2000      2000
...
