000 (9467.000.000) 03/29 09:53:09 Job submitted from host: <128.101.221.180:9618?addrs=128.101.221.180-9618&noUDP&sock=3943_2604_3>
...
001 (9467.000.000) 03/29 11:18:17 Job executing on host: <128.101.221.175:9618?addrs=128.101.221.175-9618&noUDP&sock=12916_e152_4>
...
006 (9467.000.000) 03/29 11:18:25 Image size of job updated: 249412
	171  -  MemoryUsage of job (MB)
	175000  -  ResidentSetSize of job (KB)
...
006 (9467.000.000) 03/29 11:23:25 Image size of job updated: 332612
	325  -  MemoryUsage of job (MB)
	332252  -  ResidentSetSize of job (KB)
...
005 (9467.000.000) 03/29 11:27:42 Job terminated.
	(1) Normal termination (return value 0)
		Usr 0 00:05:37, Sys 0 00:03:17  -  Run Remote Usage
		Usr 0 00:00:00, Sys 0 00:00:00  -  Run Local Usage
		Usr 0 00:05:37, Sys 0 00:03:17  -  Total Remote Usage
		Usr 0 00:00:00, Sys 0 00:00:00  -  Total Local Usage
	59227  -  Run Bytes Sent By Job
	555  -  Run Bytes Received By Job
	59227  -  Total Bytes Sent By Job
	555  -  Total Bytes Received By Job
	Partitionable Resources :    Usage  Request Allocated
	   Cpus                 :                 1         1
	   Disk (KB)            :       71  1024000   1931038
	   Memory (MB)          :      325     2000      2000
...
