000 (9440.000.000) 03/29 09:52:55 Job submitted from host: <128.101.221.180:9618?addrs=128.101.221.180-9618&noUDP&sock=3943_2604_3>
...
001 (9440.000.000) 03/29 11:08:00 Job executing on host: <128.101.221.182:9618?addrs=128.101.221.182-9618&noUDP&sock=3902_06a2_4>
...
006 (9440.000.000) 03/29 11:08:09 Image size of job updated: 198588
	170  -  MemoryUsage of job (MB)
	173640  -  ResidentSetSize of job (KB)
...
006 (9440.000.000) 03/29 11:12:33 Image size of job updated: 729976
	170  -  MemoryUsage of job (MB)
	173640  -  ResidentSetSize of job (KB)
...
005 (9440.000.000) 03/29 11:12:33 Job terminated.
	(1) Normal termination (return value 0)
		Usr 0 00:02:44, Sys 0 00:01:32  -  Run Remote Usage
		Usr 0 00:00:00, Sys 0 00:00:00  -  Run Local Usage
		Usr 0 00:02:44, Sys 0 00:01:32  -  Total Remote Usage
		Usr 0 00:00:00, Sys 0 00:00:00  -  Total Local Usage
	40252  -  Run Bytes Sent By Job
	555  -  Run Bytes Received By Job
	40252  -  Total Bytes Sent By Job
	555  -  Total Bytes Received By Job
	Partitionable Resources :    Usage  Request Allocated
	   Cpus                 :                 1         1
	   Disk (KB)            :       52  1024000   2046278
	   Memory (MB)          :      170     2000      2000
...
