000 (9407.000.000) 03/29 09:52:39 Job submitted from host: <128.101.221.180:9618?addrs=128.101.221.180-9618&noUDP&sock=3943_2604_3>
...
001 (9407.000.000) 03/29 11:02:17 Job executing on host: <128.101.221.175:9618?addrs=128.101.221.175-9618&noUDP&sock=12916_e152_4>
...
006 (9407.000.000) 03/29 11:02:26 Image size of job updated: 274716
	193  -  MemoryUsage of job (MB)
	197476  -  ResidentSetSize of job (KB)
...
006 (9407.000.000) 03/29 11:05:42 Image size of job updated: 331216
	193  -  MemoryUsage of job (MB)
	197476  -  ResidentSetSize of job (KB)
...
005 (9407.000.000) 03/29 11:05:43 Job terminated.
	(1) Normal termination (return value 0)
		Usr 0 00:02:03, Sys 0 00:01:09  -  Run Remote Usage
		Usr 0 00:00:00, Sys 0 00:00:00  -  Run Local Usage
		Usr 0 00:02:03, Sys 0 00:01:09  -  Total Remote Usage
		Usr 0 00:00:00, Sys 0 00:00:00  -  Total Local Usage
	40884  -  Run Bytes Sent By Job
	555  -  Run Bytes Received By Job
	40884  -  Total Bytes Sent By Job
	555  -  Total Bytes Received By Job
	Partitionable Resources :    Usage  Request Allocated
	   Cpus                 :                 1         1
	   Disk (KB)            :       53  1024000   1931094
	   Memory (MB)          :      193     2000      2000
...
