000 (9451.000.000) 03/29 09:53:01 Job submitted from host: <128.101.221.180:9618?addrs=128.101.221.180-9618&noUDP&sock=3943_2604_3>
...
001 (9451.000.000) 03/29 11:12:57 Job executing on host: <128.101.220.49:9618?addrs=128.101.220.49-9618&noUDP&sock=280861_dd0b_4>
...
006 (9451.000.000) 03/29 11:13:06 Image size of job updated: 255916
	176  -  MemoryUsage of job (MB)
	179648  -  ResidentSetSize of job (KB)
...
006 (9451.000.000) 03/29 11:18:07 Image size of job updated: 427916
	324  -  MemoryUsage of job (MB)
	331284  -  ResidentSetSize of job (KB)
...
006 (9451.000.000) 03/29 11:20:44 Image size of job updated: 431056
	324  -  MemoryUsage of job (MB)
	331284  -  ResidentSetSize of job (KB)
...
005 (9451.000.000) 03/29 11:20:45 Job terminated.
	(1) Normal termination (return value 0)
		Usr 0 00:05:11, Sys 0 00:01:43  -  Run Remote Usage
		Usr 0 00:00:00, Sys 0 00:00:00  -  Run Local Usage
		Usr 0 00:05:11, Sys 0 00:01:43  -  Total Remote Usage
		Usr 0 00:00:00, Sys 0 00:00:00  -  Total Local Usage
	58991  -  Run Bytes Sent By Job
	555  -  Run Bytes Received By Job
	58991  -  Total Bytes Sent By Job
	555  -  Total Bytes Received By Job
	Partitionable Resources :    Usage  Request Allocated
	   Cpus                 :                 1         1
	   Disk (KB)            :       71  1024000   1028784
	   Memory (MB)          :      324     2000      2000
...
