000 (9431.000.000) 03/29 09:52:50 Job submitted from host: <128.101.221.180:9618?addrs=128.101.221.180-9618&noUDP&sock=3943_2604_3>
...
001 (9431.000.000) 03/29 11:07:18 Job executing on host: <128.101.221.186:9618?addrs=128.101.221.186-9618&noUDP&sock=3131318_464d_4>
...
006 (9431.000.000) 03/29 11:07:26 Image size of job updated: 148092
	95  -  MemoryUsage of job (MB)
	96536  -  ResidentSetSize of job (KB)
...
006 (9431.000.000) 03/29 11:12:26 Image size of job updated: 428152
	324  -  MemoryUsage of job (MB)
	331516  -  ResidentSetSize of job (KB)
...
006 (9431.000.000) 03/29 11:17:04 Image size of job updated: 431196
	324  -  MemoryUsage of job (MB)
	331516  -  ResidentSetSize of job (KB)
...
005 (9431.000.000) 03/29 11:17:05 Job terminated.
	(1) Normal termination (return value 0)
		Usr 0 00:06:34, Sys 0 00:02:11  -  Run Remote Usage
		Usr 0 00:00:00, Sys 0 00:00:00  -  Run Local Usage
		Usr 0 00:06:34, Sys 0 00:02:11  -  Total Remote Usage
		Usr 0 00:00:00, Sys 0 00:00:00  -  Total Local Usage
	66261  -  Run Bytes Sent By Job
	555  -  Run Bytes Received By Job
	66261  -  Total Bytes Sent By Job
	555  -  Total Bytes Received By Job
	Partitionable Resources :    Usage  Request Allocated
	   Cpus                 :                 1         1
	   Disk (KB)            :       78  1024000   1026972
	   Memory (MB)          :      324     2000      2000
...
