000 (6603.000.000) 08/07 11:15:59 Job submitted from host: <128.101.221.176:9618?addrs=128.101.221.176-9618&noUDP&sock=11541_65e5_3>
...
001 (6603.000.000) 08/07 11:16:16 Job executing on host: <128.101.220.155:9618?addrs=128.101.220.155-9618&noUDP&sock=7228_b309_4>
...
006 (6603.000.000) 08/07 11:16:25 Image size of job updated: 71812
	41  -  MemoryUsage of job (MB)
	41688  -  ResidentSetSize of job (KB)
...
006 (6603.000.000) 08/07 11:21:26 Image size of job updated: 418968
	320  -  MemoryUsage of job (MB)
	327584  -  ResidentSetSize of job (KB)
...
006 (6603.000.000) 08/07 11:26:26 Image size of job updated: 419016
	320  -  MemoryUsage of job (MB)
	327604  -  ResidentSetSize of job (KB)
...
005 (6603.000.000) 08/07 11:56:57 Job terminated.
	(1) Normal termination (return value 0)
		Usr 0 00:01:45, Sys 0 00:01:15  -  Run Remote Usage
		Usr 0 00:00:00, Sys 0 00:00:00  -  Run Local Usage
		Usr 0 00:01:45, Sys 0 00:01:15  -  Total Remote Usage
		Usr 0 00:00:00, Sys 0 00:00:00  -  Total Local Usage
	23829  -  Run Bytes Sent By Job
	577  -  Run Bytes Received By Job
	23829  -  Total Bytes Sent By Job
	577  -  Total Bytes Received By Job
	Partitionable Resources :    Usage  Request Allocated
	   Cpus                 :                 1         1
	   Disk (KB)            :       35  1024000   4031852
	   Memory (MB)          :      320     2000      2000
...
