000 (10319.000.000) 03/30 10:27:36 Job submitted from host: <128.101.221.180:9618?addrs=128.101.221.180-9618&noUDP&sock=3943_2604_3>
...
001 (10319.000.000) 03/30 11:01:37 Job executing on host: <128.101.221.185:9618?addrs=128.101.221.185-9618&noUDP&sock=4153619_bab1_4>
...
006 (10319.000.000) 03/30 11:01:46 Image size of job updated: 184836
	121  -  MemoryUsage of job (MB)
	122992  -  ResidentSetSize of job (KB)
...
006 (10319.000.000) 03/30 11:06:47 Image size of job updated: 410272
	326  -  MemoryUsage of job (MB)
	333224  -  ResidentSetSize of job (KB)
...
006 (10319.000.000) 03/30 11:10:48 Image size of job updated: 732468
	326  -  MemoryUsage of job (MB)
	333224  -  ResidentSetSize of job (KB)
...
005 (10319.000.000) 03/30 11:10:49 Job terminated.
	(1) Normal termination (return value 0)
		Usr 0 00:06:05, Sys 0 00:02:03  -  Run Remote Usage
		Usr 0 00:00:00, Sys 0 00:00:00  -  Run Local Usage
		Usr 0 00:06:05, Sys 0 00:02:03  -  Total Remote Usage
		Usr 0 00:00:00, Sys 0 00:00:00  -  Total Local Usage
	98313  -  Run Bytes Sent By Job
	539  -  Run Bytes Received By Job
	98313  -  Total Bytes Sent By Job
	539  -  Total Bytes Received By Job
	Partitionable Resources :    Usage  Request Allocated
	   Cpus                 :                 1         1
	   Disk (KB)            :      109  1024000   1026611
	   Memory (MB)          :      326     2000      2000
...
