000 (10308.000.000) 03/30 10:27:31 Job submitted from host: <128.101.221.180:9618?addrs=128.101.221.180-9618&noUDP&sock=3943_2604_3>
...
001 (10308.000.000) 03/30 10:58:01 Job executing on host: <128.101.221.182:9618?addrs=128.101.221.182-9618&noUDP&sock=3902_06a2_4>
...
006 (10308.000.000) 03/30 10:58:10 Image size of job updated: 205596
	140  -  MemoryUsage of job (MB)
	142836  -  ResidentSetSize of job (KB)
...
006 (10308.000.000) 03/30 11:03:10 Image size of job updated: 331664
	324  -  MemoryUsage of job (MB)
	331564  -  ResidentSetSize of job (KB)
...
006 (10308.000.000) 03/30 11:06:08 Image size of job updated: 730296
	324  -  MemoryUsage of job (MB)
	331564  -  ResidentSetSize of job (KB)
...
005 (10308.000.000) 03/30 11:06:09 Job terminated.
	(1) Normal termination (return value 0)
		Usr 0 00:04:49, Sys 0 00:02:43  -  Run Remote Usage
		Usr 0 00:00:00, Sys 0 00:00:00  -  Run Local Usage
		Usr 0 00:04:49, Sys 0 00:02:43  -  Total Remote Usage
		Usr 0 00:00:00, Sys 0 00:00:00  -  Total Local Usage
	74423  -  Run Bytes Sent By Job
	539  -  Run Bytes Received By Job
	74423  -  Total Bytes Sent By Job
	539  -  Total Bytes Received By Job
	Partitionable Resources :    Usage  Request Allocated
	   Cpus                 :                 1         1
	   Disk (KB)            :       85  1024000   2046066
	   Memory (MB)          :      324     2000      2000
...
