000 (10302.000.000) 03/30 10:27:28 Job submitted from host: <128.101.221.180:9618?addrs=128.101.221.180-9618&noUDP&sock=3943_2604_3>
...
001 (10302.000.000) 03/30 10:57:13 Job executing on host: <128.101.221.182:9618?addrs=128.101.221.182-9618&noUDP&sock=3902_06a2_4>
...
006 (10302.000.000) 03/30 10:57:22 Image size of job updated: 246816
	198  -  MemoryUsage of job (MB)
	202480  -  ResidentSetSize of job (KB)
...
006 (10302.000.000) 03/30 11:00:46 Image size of job updated: 730440
	198  -  MemoryUsage of job (MB)
	202480  -  ResidentSetSize of job (KB)
...
005 (10302.000.000) 03/30 11:00:47 Job terminated.
	(1) Normal termination (return value 0)
		Usr 0 00:02:08, Sys 0 00:01:10  -  Run Remote Usage
		Usr 0 00:00:00, Sys 0 00:00:00  -  Run Local Usage
		Usr 0 00:02:08, Sys 0 00:01:10  -  Total Remote Usage
		Usr 0 00:00:00, Sys 0 00:00:00  -  Total Local Usage
	61465  -  Run Bytes Sent By Job
	539  -  Run Bytes Received By Job
	61465  -  Total Bytes Sent By Job
	539  -  Total Bytes Received By Job
	Partitionable Resources :    Usage  Request Allocated
	   Cpus                 :                 1         1
	   Disk (KB)            :       73  1024000   2046138
	   Memory (MB)          :      198     2000      2000
...
