000 (10296.000.000) 03/30 10:27:25 Job submitted from host: <128.101.221.180:9618?addrs=128.101.221.180-9618&noUDP&sock=3943_2604_3>
...
001 (10296.000.000) 03/30 10:55:38 Job executing on host: <128.101.221.182:9618?addrs=128.101.221.182-9618&noUDP&sock=3902_06a2_4>
...
006 (10296.000.000) 03/30 10:55:47 Image size of job updated: 270520
	193  -  MemoryUsage of job (MB)
	197484  -  ResidentSetSize of job (KB)
...
006 (10296.000.000) 03/30 11:00:48 Image size of job updated: 332452
	325  -  MemoryUsage of job (MB)
	332376  -  ResidentSetSize of job (KB)
...
006 (10296.000.000) 03/30 11:03:24 Image size of job updated: 730364
	325  -  MemoryUsage of job (MB)
	332376  -  ResidentSetSize of job (KB)
...
005 (10296.000.000) 03/30 11:03:25 Job terminated.
	(1) Normal termination (return value 0)
		Usr 0 00:04:40, Sys 0 00:02:33  -  Run Remote Usage
		Usr 0 00:00:00, Sys 0 00:00:00  -  Run Local Usage
		Usr 0 00:04:40, Sys 0 00:02:33  -  Total Remote Usage
		Usr 0 00:00:00, Sys 0 00:00:00  -  Total Local Usage
	77711  -  Run Bytes Sent By Job
	539  -  Run Bytes Received By Job
	77711  -  Total Bytes Sent By Job
	539  -  Total Bytes Received By Job
	Partitionable Resources :    Usage  Request Allocated
	   Cpus                 :                 1         1
	   Disk (KB)            :       89  1024000   2046138
	   Memory (MB)          :      325     2000      2000
...
