000 (10315.000.000) 03/30 10:27:35 Job submitted from host: <128.101.221.180:9618?addrs=128.101.221.180-9618&noUDP&sock=3943_2604_3>
...
001 (10315.000.000) 03/30 11:01:13 Job executing on host: <128.101.221.182:9618?addrs=128.101.221.182-9618&noUDP&sock=3902_06a2_4>
...
006 (10315.000.000) 03/30 11:01:22 Image size of job updated: 199324
	174  -  MemoryUsage of job (MB)
	177384  -  ResidentSetSize of job (KB)
...
006 (10315.000.000) 03/30 11:06:23 Image size of job updated: 329928
	323  -  MemoryUsage of job (MB)
	329752  -  ResidentSetSize of job (KB)
...
006 (10315.000.000) 03/30 11:10:43 Image size of job updated: 730452
	323  -  MemoryUsage of job (MB)
	329752  -  ResidentSetSize of job (KB)
...
005 (10315.000.000) 03/30 11:10:44 Job terminated.
	(1) Normal termination (return value 0)
		Usr 0 00:05:34, Sys 0 00:03:11  -  Run Remote Usage
		Usr 0 00:00:00, Sys 0 00:00:00  -  Run Local Usage
		Usr 0 00:05:34, Sys 0 00:03:11  -  Total Remote Usage
		Usr 0 00:00:00, Sys 0 00:00:00  -  Total Local Usage
	101029  -  Run Bytes Sent By Job
	539  -  Run Bytes Received By Job
	101029  -  Total Bytes Sent By Job
	539  -  Total Bytes Received By Job
	Partitionable Resources :    Usage  Request Allocated
	   Cpus                 :                 1         1
	   Disk (KB)            :      111  1024000   2046048
	   Memory (MB)          :      323     2000      2000
...
