000 (10303.000.000) 03/30 10:27:29 Job submitted from host: <128.101.221.180:9618?addrs=128.101.221.180-9618&noUDP&sock=3943_2604_3>
...
001 (10303.000.000) 03/30 10:57:16 Job executing on host: <128.101.221.175:9618?addrs=128.101.221.175-9618&noUDP&sock=12916_e152_4>
...
006 (10303.000.000) 03/30 10:57:24 Image size of job updated: 204940
	181  -  MemoryUsage of job (MB)
	185212  -  ResidentSetSize of job (KB)
...
006 (10303.000.000) 03/30 11:02:24 Image size of job updated: 332652
	325  -  MemoryUsage of job (MB)
	332520  -  ResidentSetSize of job (KB)
...
006 (10303.000.000) 03/30 11:03:48 Image size of job updated: 332740
	325  -  MemoryUsage of job (MB)
	332520  -  ResidentSetSize of job (KB)
...
005 (10303.000.000) 03/30 11:03:49 Job terminated.
	(1) Normal termination (return value 0)
		Usr 0 00:03:50, Sys 0 00:02:14  -  Run Remote Usage
		Usr 0 00:00:00, Sys 0 00:00:00  -  Run Local Usage
		Usr 0 00:03:50, Sys 0 00:02:14  -  Total Remote Usage
		Usr 0 00:00:00, Sys 0 00:00:00  -  Total Local Usage
	76546  -  Run Bytes Sent By Job
	539  -  Run Bytes Received By Job
	76546  -  Total Bytes Sent By Job
	539  -  Total Bytes Received By Job
	Partitionable Resources :    Usage  Request Allocated
	   Cpus                 :                 1         1
	   Disk (KB)            :       88  1024000   1932186
	   Memory (MB)          :      325     2000      2000
...
