000 (10311.000.000) 03/30 10:27:33 Job submitted from host: <128.101.221.180:9618?addrs=128.101.221.180-9618&noUDP&sock=3943_2604_3>
...
001 (10311.000.000) 03/30 10:58:43 Job executing on host: <128.101.221.182:9618?addrs=128.101.221.182-9618&noUDP&sock=3902_06a2_4>
...
006 (10311.000.000) 03/30 10:58:52 Image size of job updated: 262496
	182  -  MemoryUsage of job (MB)
	186300  -  ResidentSetSize of job (KB)
...
006 (10311.000.000) 03/30 11:03:53 Image size of job updated: 333056
	325  -  MemoryUsage of job (MB)
	332628  -  ResidentSetSize of job (KB)
...
006 (10311.000.000) 03/30 11:07:52 Image size of job updated: 731452
	325  -  MemoryUsage of job (MB)
	332628  -  ResidentSetSize of job (KB)
...
005 (10311.000.000) 03/30 11:07:53 Job terminated.
	(1) Normal termination (return value 0)
		Usr 0 00:05:27, Sys 0 00:03:04  -  Run Remote Usage
		Usr 0 00:00:00, Sys 0 00:00:00  -  Run Local Usage
		Usr 0 00:05:27, Sys 0 00:03:04  -  Total Remote Usage
		Usr 0 00:00:00, Sys 0 00:00:00  -  Total Local Usage
	112757  -  Run Bytes Sent By Job
	539  -  Run Bytes Received By Job
	112757  -  Total Bytes Sent By Job
	539  -  Total Bytes Received By Job
	Partitionable Resources :    Usage  Request Allocated
	   Cpus                 :                 1         1
	   Disk (KB)            :      123  1024000   2046064
	   Memory (MB)          :      325     2000      2000
...
