000 (10295.000.000) 03/30 10:27:25 Job submitted from host: <128.101.221.180:9618?addrs=128.101.221.180-9618&noUDP&sock=3943_2604_3>
...
001 (10295.000.000) 03/30 10:55:25 Job executing on host: <128.101.221.182:9618?addrs=128.101.221.182-9618&noUDP&sock=3902_06a2_4>
...
006 (10295.000.000) 03/30 10:55:33 Image size of job updated: 252364
	174  -  MemoryUsage of job (MB)
	177904  -  ResidentSetSize of job (KB)
...
006 (10295.000.000) 03/30 11:00:33 Image size of job updated: 331924
	325  -  MemoryUsage of job (MB)
	331856  -  ResidentSetSize of job (KB)
...
006 (10295.000.000) 03/30 11:02:26 Image size of job updated: 731036
	325  -  MemoryUsage of job (MB)
	331856  -  ResidentSetSize of job (KB)
...
005 (10295.000.000) 03/30 11:02:27 Job terminated.
	(1) Normal termination (return value 0)
		Usr 0 00:04:19, Sys 0 00:02:23  -  Run Remote Usage
		Usr 0 00:00:00, Sys 0 00:00:00  -  Run Local Usage
		Usr 0 00:04:19, Sys 0 00:02:23  -  Total Remote Usage
		Usr 0 00:00:00, Sys 0 00:00:00  -  Total Local Usage
	69953  -  Run Bytes Sent By Job
	539  -  Run Bytes Received By Job
	69953  -  Total Bytes Sent By Job
	539  -  Total Bytes Received By Job
	Partitionable Resources :    Usage  Request Allocated
	   Cpus                 :                 1         1
	   Disk (KB)            :       81  1024000   2046140
	   Memory (MB)          :      325     2000      2000
...
