000 (10297.000.000) 03/30 10:27:26 Job submitted from host: <128.101.221.180:9618?addrs=128.101.221.180-9618&noUDP&sock=3943_2604_3>
...
001 (10297.000.000) 03/30 10:56:24 Job executing on host: <128.101.221.182:9618?addrs=128.101.221.182-9618&noUDP&sock=3902_06a2_4>
...
006 (10297.000.000) 03/30 10:56:32 Image size of job updated: 215056
	147  -  MemoryUsage of job (MB)
	149512  -  ResidentSetSize of job (KB)
...
006 (10297.000.000) 03/30 11:01:05 Image size of job updated: 730552
	147  -  MemoryUsage of job (MB)
	149512  -  ResidentSetSize of job (KB)
...
005 (10297.000.000) 03/30 11:01:06 Job terminated.
	(1) Normal termination (return value 0)
		Usr 0 00:02:53, Sys 0 00:01:28  -  Run Remote Usage
		Usr 0 00:00:00, Sys 0 00:00:00  -  Run Local Usage
		Usr 0 00:02:53, Sys 0 00:01:28  -  Total Remote Usage
		Usr 0 00:00:00, Sys 0 00:00:00  -  Total Local Usage
	58425  -  Run Bytes Sent By Job
	539  -  Run Bytes Received By Job
	58425  -  Total Bytes Sent By Job
	539  -  Total Bytes Received By Job
	Partitionable Resources :    Usage  Request Allocated
	   Cpus                 :                 1         1
	   Disk (KB)            :       70  1024000   2046152
	   Memory (MB)          :      147     2000      2000
...
