000 (10316.000.000) 03/30 10:27:35 Job submitted from host: <128.101.221.180:9618?addrs=128.101.221.180-9618&noUDP&sock=3943_2604_3>
...
001 (10316.000.000) 03/30 11:01:14 Job executing on host: <128.101.221.182:9618?addrs=128.101.221.182-9618&noUDP&sock=3902_06a2_4>
...
006 (10316.000.000) 03/30 11:01:22 Image size of job updated: 186536
	156  -  MemoryUsage of job (MB)
	159220  -  ResidentSetSize of job (KB)
...
006 (10316.000.000) 03/30 11:06:22 Image size of job updated: 330956
	324  -  MemoryUsage of job (MB)
	330804  -  ResidentSetSize of job (KB)
...
006 (10316.000.000) 03/30 11:08:47 Image size of job updated: 331224
	324  -  MemoryUsage of job (MB)
	330804  -  ResidentSetSize of job (KB)
...
005 (10316.000.000) 03/30 11:08:48 Job terminated.
	(1) Normal termination (return value 0)
		Usr 0 00:04:30, Sys 0 00:02:31  -  Run Remote Usage
		Usr 0 00:00:00, Sys 0 00:00:00  -  Run Local Usage
		Usr 0 00:04:30, Sys 0 00:02:31  -  Total Remote Usage
		Usr 0 00:00:00, Sys 0 00:00:00  -  Total Local Usage
	81243  -  Run Bytes Sent By Job
	539  -  Run Bytes Received By Job
	81243  -  Total Bytes Sent By Job
	539  -  Total Bytes Received By Job
	Partitionable Resources :    Usage  Request Allocated
	   Cpus                 :                 1         1
	   Disk (KB)            :       92  1024000   2046048
	   Memory (MB)          :      324     2000      2000
...
