000 (10320.000.000) 03/30 10:27:37 Job submitted from host: <128.101.221.180:9618?addrs=128.101.221.180-9618&noUDP&sock=3943_2604_3>
...
001 (10320.000.000) 03/30 11:02:17 Job executing on host: <128.101.221.175:9618?addrs=128.101.221.175-9618&noUDP&sock=12916_e152_4>
...
006 (10320.000.000) 03/30 11:02:25 Image size of job updated: 237124
	163  -  MemoryUsage of job (MB)
	166816  -  ResidentSetSize of job (KB)
...
005 (10320.000.000) 03/30 11:04:57 Job terminated.
	(1) Normal termination (return value 0)
		Usr 0 00:01:38, Sys 0 00:00:48  -  Run Remote Usage
		Usr 0 00:00:00, Sys 0 00:00:00  -  Run Local Usage
		Usr 0 00:01:38, Sys 0 00:00:48  -  Total Remote Usage
		Usr 0 00:00:00, Sys 0 00:00:00  -  Total Local Usage
	56715  -  Run Bytes Sent By Job
	539  -  Run Bytes Received By Job
	56715  -  Total Bytes Sent By Job
	539  -  Total Bytes Received By Job
	Partitionable Resources :    Usage  Request Allocated
	   Cpus                 :                 1         1
	   Disk (KB)            :       68  1024000   1932168
	   Memory (MB)          :      163     2000      2000
...
