000 (10301.000.000) 03/30 10:27:28 Job submitted from host: <128.101.221.180:9618?addrs=128.101.221.180-9618&noUDP&sock=3943_2604_3>
...
001 (10301.000.000) 03/30 10:57:11 Job executing on host: <128.101.221.182:9618?addrs=128.101.221.182-9618&noUDP&sock=3902_06a2_4>
...
006 (10301.000.000) 03/30 10:57:19 Image size of job updated: 180108
	148  -  MemoryUsage of job (MB)
	150904  -  ResidentSetSize of job (KB)
...
006 (10301.000.000) 03/30 11:02:19 Image size of job updated: 332908
	325  -  MemoryUsage of job (MB)
	332616  -  ResidentSetSize of job (KB)
...
006 (10301.000.000) 03/30 11:06:40 Image size of job updated: 730608
	325  -  MemoryUsage of job (MB)
	332616  -  ResidentSetSize of job (KB)
...
005 (10301.000.000) 03/30 11:06:41 Job terminated.
	(1) Normal termination (return value 0)
		Usr 0 00:05:33, Sys 0 00:03:13  -  Run Remote Usage
		Usr 0 00:00:00, Sys 0 00:00:00  -  Run Local Usage
		Usr 0 00:05:33, Sys 0 00:03:13  -  Total Remote Usage
		Usr 0 00:00:00, Sys 0 00:00:00  -  Total Local Usage
	103132  -  Run Bytes Sent By Job
	539  -  Run Bytes Received By Job
	103132  -  Total Bytes Sent By Job
	539  -  Total Bytes Received By Job
	Partitionable Resources :    Usage  Request Allocated
	   Cpus                 :                 1         1
	   Disk (KB)            :      114  1024000   2046140
	   Memory (MB)          :      325     2000      2000
...
