000 (10299.000.000) 03/30 10:27:27 Job submitted from host: <128.101.221.180:9618?addrs=128.101.221.180-9618&noUDP&sock=3943_2604_3>
...
001 (10299.000.000) 03/30 10:56:57 Job executing on host: <128.101.220.112:9618?addrs=128.101.220.112-9618&noUDP&sock=2301225_8552_4>
...
006 (10299.000.000) 03/30 10:57:06 Image size of job updated: 18596
	6  -  MemoryUsage of job (MB)
	5972  -  ResidentSetSize of job (KB)
...
006 (10299.000.000) 03/30 11:02:07 Image size of job updated: 432888
	324  -  MemoryUsage of job (MB)
	331696  -  ResidentSetSize of job (KB)
...
005 (10299.000.000) 03/30 11:05:05 Job terminated.
	(1) Normal termination (return value 0)
		Usr 0 00:05:05, Sys 0 00:01:40  -  Run Remote Usage
		Usr 0 00:00:00, Sys 0 00:00:00  -  Run Local Usage
		Usr 0 00:05:05, Sys 0 00:01:40  -  Total Remote Usage
		Usr 0 00:00:00, Sys 0 00:00:00  -  Total Local Usage
	89726  -  Run Bytes Sent By Job
	539  -  Run Bytes Received By Job
	89726  -  Total Bytes Sent By Job
	539  -  Total Bytes Received By Job
	Partitionable Resources :    Usage  Request Allocated
	   Cpus                 :                 1         1
	   Disk (KB)            :      100  1024000   1030050
	   Memory (MB)          :      324     2000      2000
...
