000 (10309.000.000) 03/30 10:27:32 Job submitted from host: <128.101.221.180:9618?addrs=128.101.221.180-9618&noUDP&sock=3943_2604_3>
...
001 (10309.000.000) 03/30 10:58:33 Job executing on host: <128.101.221.175:9618?addrs=128.101.221.175-9618&noUDP&sock=12916_e152_4>
...
006 (10309.000.000) 03/30 10:58:42 Image size of job updated: 205096
	140  -  MemoryUsage of job (MB)
	142464  -  ResidentSetSize of job (KB)
...
006 (10309.000.000) 03/30 11:03:33 Image size of job updated: 332696
	140  -  MemoryUsage of job (MB)
	142464  -  ResidentSetSize of job (KB)
...
005 (10309.000.000) 03/30 11:03:34 Job terminated.
	(1) Normal termination (return value 0)
		Usr 0 00:03:00, Sys 0 00:01:38  -  Run Remote Usage
		Usr 0 00:00:00, Sys 0 00:00:00  -  Run Local Usage
		Usr 0 00:03:00, Sys 0 00:01:38  -  Total Remote Usage
		Usr 0 00:00:00, Sys 0 00:00:00  -  Total Local Usage
	70615  -  Run Bytes Sent By Job
	539  -  Run Bytes Received By Job
	70615  -  Total Bytes Sent By Job
	539  -  Total Bytes Received By Job
	Partitionable Resources :    Usage  Request Allocated
	   Cpus                 :                 1         1
	   Disk (KB)            :       82  1024000   1932170
	   Memory (MB)          :      140     2000      2000
...
