000 (10317.000.000) 03/30 10:27:36 Job submitted from host: <128.101.221.180:9618?addrs=128.101.221.180-9618&noUDP&sock=3943_2604_3>
...
001 (10317.000.000) 03/30 11:01:14 Job executing on host: <128.101.221.182:9618?addrs=128.101.221.182-9618&noUDP&sock=3902_06a2_4>
...
006 (10317.000.000) 03/30 11:01:22 Image size of job updated: 185900
	161  -  MemoryUsage of job (MB)
	164824  -  ResidentSetSize of job (KB)
...
006 (10317.000.000) 03/30 11:06:22 Image size of job updated: 333244
	326  -  MemoryUsage of job (MB)
	332980  -  ResidentSetSize of job (KB)
...
006 (10317.000.000) 03/30 11:10:19 Image size of job updated: 731516
	326  -  MemoryUsage of job (MB)
	332980  -  ResidentSetSize of job (KB)
...
005 (10317.000.000) 03/30 11:10:20 Job terminated.
	(1) Normal termination (return value 0)
		Usr 0 00:05:22, Sys 0 00:03:04  -  Run Remote Usage
		Usr 0 00:00:00, Sys 0 00:00:00  -  Run Local Usage
		Usr 0 00:05:22, Sys 0 00:03:04  -  Total Remote Usage
		Usr 0 00:00:00, Sys 0 00:00:00  -  Total Local Usage
	80994  -  Run Bytes Sent By Job
	539  -  Run Bytes Received By Job
	80994  -  Total Bytes Sent By Job
	539  -  Total Bytes Received By Job
	Partitionable Resources :    Usage  Request Allocated
	   Cpus                 :                 1         1
	   Disk (KB)            :       92  1024000   2046048
	   Memory (MB)          :      326     2000      2000
...
