000 (10314.000.000) 03/30 10:27:34 Job submitted from host: <128.101.221.180:9618?addrs=128.101.221.180-9618&noUDP&sock=3943_2604_3>
...
001 (10314.000.000) 03/30 10:59:48 Job executing on host: <128.101.221.182:9618?addrs=128.101.221.182-9618&noUDP&sock=3902_06a2_4>
...
006 (10314.000.000) 03/30 10:59:56 Image size of job updated: 212516
	145  -  MemoryUsage of job (MB)
	147788  -  ResidentSetSize of job (KB)
...
006 (10314.000.000) 03/30 11:04:56 Image size of job updated: 333800
	326  -  MemoryUsage of job (MB)
	333756  -  ResidentSetSize of job (KB)
...
006 (10314.000.000) 03/30 11:07:14 Image size of job updated: 333980
	326  -  MemoryUsage of job (MB)
	333756  -  ResidentSetSize of job (KB)
...
005 (10314.000.000) 03/30 11:07:15 Job terminated.
	(1) Normal termination (return value 0)
		Usr 0 00:04:25, Sys 0 00:02:27  -  Run Remote Usage
		Usr 0 00:00:00, Sys 0 00:00:00  -  Run Local Usage
		Usr 0 00:04:25, Sys 0 00:02:27  -  Total Remote Usage
		Usr 0 00:00:00, Sys 0 00:00:00  -  Total Local Usage
	76753  -  Run Bytes Sent By Job
	539  -  Run Bytes Received By Job
	76753  -  Total Bytes Sent By Job
	539  -  Total Bytes Received By Job
	Partitionable Resources :    Usage  Request Allocated
	   Cpus                 :                 1         1
	   Disk (KB)            :       88  1024000   2046056
	   Memory (MB)          :      326     2000      2000
...
