000 (10307.000.000) 03/30 10:27:31 Job submitted from host: <128.101.221.180:9618?addrs=128.101.221.180-9618&noUDP&sock=3943_2604_3>
...
001 (10307.000.000) 03/30 10:57:36 Job executing on host: <128.101.221.175:9618?addrs=128.101.221.175-9618&noUDP&sock=12916_e152_4>
...
006 (10307.000.000) 03/30 10:57:44 Image size of job updated: 230040
	161  -  MemoryUsage of job (MB)
	163852  -  ResidentSetSize of job (KB)
...
006 (10307.000.000) 03/30 11:02:44 Image size of job updated: 333232
	326  -  MemoryUsage of job (MB)
	332936  -  ResidentSetSize of job (KB)
...
006 (10307.000.000) 03/30 11:03:55 Image size of job updated: 730388
	326  -  MemoryUsage of job (MB)
	332936  -  ResidentSetSize of job (KB)
...
005 (10307.000.000) 03/30 11:03:56 Job terminated.
	(1) Normal termination (return value 0)
		Usr 0 00:03:43, Sys 0 00:02:09  -  Run Remote Usage
		Usr 0 00:00:00, Sys 0 00:00:00  -  Run Local Usage
		Usr 0 00:03:43, Sys 0 00:02:09  -  Total Remote Usage
		Usr 0 00:00:00, Sys 0 00:00:00  -  Total Local Usage
	81143  -  Run Bytes Sent By Job
	539  -  Run Bytes Received By Job
	81143  -  Total Bytes Sent By Job
	539  -  Total Bytes Received By Job
	Partitionable Resources :    Usage  Request Allocated
	   Cpus                 :                 1         1
	   Disk (KB)            :       92  1024000   1932196
	   Memory (MB)          :      326     2000      2000
...
