000 (10313.000.000) 03/30 10:27:34 Job submitted from host: <128.101.221.180:9618?addrs=128.101.221.180-9618&noUDP&sock=3943_2604_3>
...
001 (10313.000.000) 03/30 10:59:28 Job executing on host: <128.101.221.194:9618?addrs=128.101.221.194-9618&noUDP&sock=3837_70fa_4>
...
006 (10313.000.000) 03/30 10:59:37 Image size of job updated: 263292
	182  -  MemoryUsage of job (MB)
	185448  -  ResidentSetSize of job (KB)
...
006 (10313.000.000) 03/30 11:04:26 Image size of job updated: 429040
	182  -  MemoryUsage of job (MB)
	185448  -  ResidentSetSize of job (KB)
...
005 (10313.000.000) 03/30 11:04:26 Job terminated.
	(1) Normal termination (return value 0)
		Usr 0 00:03:20, Sys 0 00:01:02  -  Run Remote Usage
		Usr 0 00:00:00, Sys 0 00:00:00  -  Run Local Usage
		Usr 0 00:03:20, Sys 0 00:01:02  -  Total Remote Usage
		Usr 0 00:00:00, Sys 0 00:00:00  -  Total Local Usage
	72191  -  Run Bytes Sent By Job
	539  -  Run Bytes Received By Job
	72191  -  Total Bytes Sent By Job
	539  -  Total Bytes Received By Job
	Partitionable Resources :    Usage  Request Allocated
	   Cpus                 :                 1         1
	   Disk (KB)            :       83  1024000   1027848
	   Memory (MB)          :      182     2000      2000
...
