000 (10304.000.000) 03/30 10:27:29 Job submitted from host: <128.101.221.180:9618?addrs=128.101.221.180-9618&noUDP&sock=3943_2604_3>
...
001 (10304.000.000) 03/30 10:57:18 Job executing on host: <128.101.221.175:9618?addrs=128.101.221.175-9618&noUDP&sock=12916_e152_4>
...
006 (10304.000.000) 03/30 10:57:27 Image size of job updated: 198900
	181  -  MemoryUsage of job (MB)
	184964  -  ResidentSetSize of job (KB)
...
006 (10304.000.000) 03/30 11:02:27 Image size of job updated: 330292
	322  -  MemoryUsage of job (MB)
	329680  -  ResidentSetSize of job (KB)
...
006 (10304.000.000) 03/30 11:07:27 Image size of job updated: 333164
	325  -  MemoryUsage of job (MB)
	332740  -  ResidentSetSize of job (KB)
...
006 (10304.000.000) 03/30 11:07:30 Image size of job updated: 730456
	325  -  MemoryUsage of job (MB)
	332740  -  ResidentSetSize of job (KB)
...
005 (10304.000.000) 03/30 11:07:32 Job terminated.
	(1) Normal termination (return value 0)
		Usr 0 00:06:05, Sys 0 00:03:25  -  Run Remote Usage
		Usr 0 00:00:00, Sys 0 00:00:00  -  Run Local Usage
		Usr 0 00:06:05, Sys 0 00:03:25  -  Total Remote Usage
		Usr 0 00:00:00, Sys 0 00:00:00  -  Total Local Usage
	85539  -  Run Bytes Sent By Job
	539  -  Run Bytes Received By Job
	85539  -  Total Bytes Sent By Job
	539  -  Total Bytes Received By Job
	Partitionable Resources :    Usage  Request Allocated
	   Cpus                 :                 1         1
	   Disk (KB)            :       96  1024000   1932154
	   Memory (MB)          :      325     2000      2000
...
