000 (10306.000.000) 03/30 10:27:30 Job submitted from host: <128.101.221.180:9618?addrs=128.101.221.180-9618&noUDP&sock=3943_2604_3>
...
001 (10306.000.000) 03/30 10:57:23 Job executing on host: <128.101.221.182:9618?addrs=128.101.221.182-9618&noUDP&sock=3902_06a2_4>
...
006 (10306.000.000) 03/30 10:57:32 Image size of job updated: 240828
	188  -  MemoryUsage of job (MB)
	192156  -  ResidentSetSize of job (KB)
...
006 (10306.000.000) 03/30 11:02:33 Image size of job updated: 333240
	326  -  MemoryUsage of job (MB)
	332944  -  ResidentSetSize of job (KB)
...
006 (10306.000.000) 03/30 11:05:53 Image size of job updated: 730216
	326  -  MemoryUsage of job (MB)
	332944  -  ResidentSetSize of job (KB)
...
005 (10306.000.000) 03/30 11:05:54 Job terminated.
	(1) Normal termination (return value 0)
		Usr 0 00:05:03, Sys 0 00:02:50  -  Run Remote Usage
		Usr 0 00:00:00, Sys 0 00:00:00  -  Run Local Usage
		Usr 0 00:05:03, Sys 0 00:02:50  -  Total Remote Usage
		Usr 0 00:00:00, Sys 0 00:00:00  -  Total Local Usage
	86078  -  Run Bytes Sent By Job
	539  -  Run Bytes Received By Job
	86078  -  Total Bytes Sent By Job
	539  -  Total Bytes Received By Job
	Partitionable Resources :    Usage  Request Allocated
	   Cpus                 :                 1         1
	   Disk (KB)            :       97  1024000   2046138
	   Memory (MB)          :      326     2000      2000
...
