000 (6519.000.000) 08/07 09:45:21 Job submitted from host: <128.101.221.176:9618?addrs=128.101.221.176-9618&noUDP&sock=11541_65e5_3>
...
001 (6519.000.000) 08/07 09:45:39 Job executing on host: <128.101.220.100:9618?addrs=128.101.220.100-9618&noUDP&sock=7270_22d3_4>
...
006 (6519.000.000) 08/07 09:45:48 Image size of job updated: 133840
	93  -  MemoryUsage of job (MB)
	94484  -  ResidentSetSize of job (KB)
...
006 (6519.000.000) 08/07 09:50:49 Image size of job updated: 388240
	320  -  MemoryUsage of job (MB)
	326668  -  ResidentSetSize of job (KB)
...
006 (6519.000.000) 08/07 09:55:49 Image size of job updated: 388568
	320  -  MemoryUsage of job (MB)
	326996  -  ResidentSetSize of job (KB)
...
006 (6519.000.000) 08/07 10:00:49 Image size of job updated: 388568
	320  -  MemoryUsage of job (MB)
	327004  -  ResidentSetSize of job (KB)
...
006 (6519.000.000) 08/07 10:15:51 Image size of job updated: 388568
	320  -  MemoryUsage of job (MB)
	327288  -  ResidentSetSize of job (KB)
...
006 (6519.000.000) 08/07 10:20:51 Image size of job updated: 388568
	322  -  MemoryUsage of job (MB)
	328836  -  ResidentSetSize of job (KB)
...
006 (6519.000.000) 08/07 10:25:52 Image size of job updated: 388568
	322  -  MemoryUsage of job (MB)
	328920  -  ResidentSetSize of job (KB)
...
005 (6519.000.000) 08/07 10:33:52 Job terminated.
	(1) Normal termination (return value 0)
		Usr 0 00:01:55, Sys 0 00:01:18  -  Run Remote Usage
		Usr 0 00:00:00, Sys 0 00:00:00  -  Run Local Usage
		Usr 0 00:01:55, Sys 0 00:01:18  -  Total Remote Usage
		Usr 0 00:00:00, Sys 0 00:00:00  -  Total Local Usage
	23822  -  Run Bytes Sent By Job
	575  -  Run Bytes Received By Job
	23822  -  Total Bytes Sent By Job
	575  -  Total Bytes Received By Job
	Partitionable Resources :    Usage  Request Allocated
	   Cpus                 :                 1         1
	   Disk (KB)            :       35  1024000   4027930
	   Memory (MB)          :      322     2000      2000
...
