000 (6524.000.000) 08/07 09:45:27 Job submitted from host: <128.101.221.176:9618?addrs=128.101.221.176-9618&noUDP&sock=11541_65e5_3>
...
001 (6524.000.000) 08/07 09:45:39 Job executing on host: <128.101.220.154:9618?addrs=128.101.220.154-9618&noUDP&sock=7465_f849_4>
...
006 (6524.000.000) 08/07 09:45:48 Image size of job updated: 64088
	42  -  MemoryUsage of job (MB)
	42504  -  ResidentSetSize of job (KB)
...
006 (6524.000.000) 08/07 09:50:48 Image size of job updated: 367684
	319  -  MemoryUsage of job (MB)
	326296  -  ResidentSetSize of job (KB)
...
006 (6524.000.000) 08/07 09:55:48 Image size of job updated: 367684
	319  -  MemoryUsage of job (MB)
	326324  -  ResidentSetSize of job (KB)
...
006 (6524.000.000) 08/07 10:05:50 Image size of job updated: 367684
	319  -  MemoryUsage of job (MB)
	326372  -  ResidentSetSize of job (KB)
...
006 (6524.000.000) 08/07 10:10:50 Image size of job updated: 367684
	319  -  MemoryUsage of job (MB)
	326556  -  ResidentSetSize of job (KB)
...
006 (6524.000.000) 08/07 10:15:51 Image size of job updated: 367684
	319  -  MemoryUsage of job (MB)
	326572  -  ResidentSetSize of job (KB)
...
005 (6524.000.000) 08/07 10:31:40 Job terminated.
	(1) Normal termination (return value 0)
		Usr 0 00:01:30, Sys 0 00:01:05  -  Run Remote Usage
		Usr 0 00:00:00, Sys 0 00:00:00  -  Run Local Usage
		Usr 0 00:01:30, Sys 0 00:01:05  -  Total Remote Usage
		Usr 0 00:00:00, Sys 0 00:00:00  -  Total Local Usage
	22901  -  Run Bytes Sent By Job
	575  -  Run Bytes Received By Job
	22901  -  Total Bytes Sent By Job
	575  -  Total Bytes Received By Job
	Partitionable Resources :    Usage  Request Allocated
	   Cpus                 :                 1         1
	   Disk (KB)            :       34  1024000   4007775
	   Memory (MB)          :      319     2000      2000
...
