000 (5794.000.000) 08/06 22:53:25 Job submitted from host: <128.101.221.176:9618?addrs=128.101.221.176-9618&noUDP&sock=11541_65e5_3>
...
001 (5794.000.000) 08/06 23:13:22 Job executing on host: <128.101.221.170:9618?addrs=128.101.221.170-9618&noUDP&sock=11113_d35c_4>
...
006 (5794.000.000) 08/06 23:13:30 Image size of job updated: 5304
	3  -  MemoryUsage of job (MB)
	2988  -  ResidentSetSize of job (KB)
...
006 (5794.000.000) 08/06 23:18:30 Image size of job updated: 416532
	320  -  MemoryUsage of job (MB)
	327040  -  ResidentSetSize of job (KB)
...
006 (5794.000.000) 08/06 23:31:13 Image size of job updated: 709664
	320  -  MemoryUsage of job (MB)
	327040  -  ResidentSetSize of job (KB)
...
005 (5794.000.000) 08/06 23:31:14 Job terminated.
	(1) Normal termination (return value 0)
		Usr 0 00:01:40, Sys 0 00:01:04  -  Run Remote Usage
		Usr 0 00:00:00, Sys 0 00:00:00  -  Run Local Usage
		Usr 0 00:01:40, Sys 0 00:01:04  -  Total Remote Usage
		Usr 0 00:00:00, Sys 0 00:00:00  -  Total Local Usage
	24169  -  Run Bytes Sent By Job
	567  -  Run Bytes Received By Job
	24169  -  Total Bytes Sent By Job
	567  -  Total Bytes Received By Job
	Partitionable Resources :    Usage  Request Allocated
	   Cpus                 :                 1         1
	   Disk (KB)            :       35  1024000   1909150
	   Memory (MB)          :      320     2000      2000
...
