000 (5804.000.000) 08/06 22:53:30 Job submitted from host: <128.101.221.176:9618?addrs=128.101.221.176-9618&noUDP&sock=11541_65e5_3>
...
001 (5804.000.000) 08/06 23:15:08 Job executing on host: <128.101.220.77:9618?addrs=128.101.220.77-9618&noUDP&sock=11888_125e_4>
...
006 (5804.000.000) 08/06 23:15:17 Image size of job updated: 45852
	25  -  MemoryUsage of job (MB)
	24676  -  ResidentSetSize of job (KB)
...
006 (5804.000.000) 08/06 23:20:17 Image size of job updated: 422240
	322  -  MemoryUsage of job (MB)
	329096  -  ResidentSetSize of job (KB)
...
006 (5804.000.000) 08/06 23:29:26 Image size of job updated: 710700
	322  -  MemoryUsage of job (MB)
	329096  -  ResidentSetSize of job (KB)
...
005 (5804.000.000) 08/06 23:29:27 Job terminated.
	(1) Normal termination (return value 0)
		Usr 0 00:01:24, Sys 0 00:00:51  -  Run Remote Usage
		Usr 0 00:00:00, Sys 0 00:00:00  -  Run Local Usage
		Usr 0 00:01:24, Sys 0 00:00:51  -  Total Remote Usage
		Usr 0 00:00:00, Sys 0 00:00:00  -  Total Local Usage
	23225  -  Run Bytes Sent By Job
	567  -  Run Bytes Received By Job
	23225  -  Total Bytes Sent By Job
	567  -  Total Bytes Received By Job
	Partitionable Resources :    Usage  Request Allocated
	   Cpus                 :                 1         1
	   Disk (KB)            :       34  1024000   4054578
	   Memory (MB)          :      322     2000      2000
...
