000 (5805.000.000) 08/06 22:53:30 Job submitted from host: <128.101.221.176:9618?addrs=128.101.221.176-9618&noUDP&sock=11541_65e5_3>
...
001 (5805.000.000) 08/06 23:15:08 Job executing on host: <128.101.220.112:9618?addrs=128.101.220.112-9618&noUDP&sock=12027_aba7_4>
...
006 (5805.000.000) 08/06 23:15:17 Image size of job updated: 13232
	6  -  MemoryUsage of job (MB)
	5900  -  ResidentSetSize of job (KB)
...
006 (5805.000.000) 08/06 23:20:17 Image size of job updated: 421336
	321  -  MemoryUsage of job (MB)
	328572  -  ResidentSetSize of job (KB)
...
006 (5805.000.000) 08/06 23:31:35 Image size of job updated: 710832
	321  -  MemoryUsage of job (MB)
	328572  -  ResidentSetSize of job (KB)
...
005 (5805.000.000) 08/06 23:31:36 Job terminated.
	(1) Normal termination (return value 0)
		Usr 0 00:01:41, Sys 0 00:01:04  -  Run Remote Usage
		Usr 0 00:00:00, Sys 0 00:00:00  -  Run Local Usage
		Usr 0 00:01:41, Sys 0 00:01:04  -  Total Remote Usage
		Usr 0 00:00:00, Sys 0 00:00:00  -  Total Local Usage
	23933  -  Run Bytes Sent By Job
	567  -  Run Bytes Received By Job
	23933  -  Total Bytes Sent By Job
	567  -  Total Bytes Received By Job
	Partitionable Resources :    Usage  Request Allocated
	   Cpus                 :                 1         1
	   Disk (KB)            :       35  1024000   3993112
	   Memory (MB)          :      321     2000      2000
...
