000 (6608.000.000) 08/07 11:16:02 Job submitted from host: <128.101.221.176:9618?addrs=128.101.221.176-9618&noUDP&sock=11541_65e5_3>
...
001 (6608.000.000) 08/07 11:16:16 Job executing on host: <128.101.220.87:9618?addrs=128.101.220.87-9618&noUDP&sock=12038_f3c2_4>
...
006 (6608.000.000) 08/07 11:16:25 Image size of job updated: 61804
	41  -  MemoryUsage of job (MB)
	41672  -  ResidentSetSize of job (KB)
...
006 (6608.000.000) 08/07 11:21:25 Image size of job updated: 373564
	320  -  MemoryUsage of job (MB)
	327008  -  ResidentSetSize of job (KB)
...
006 (6608.000.000) 08/07 11:26:25 Image size of job updated: 373592
	320  -  MemoryUsage of job (MB)
	327036  -  ResidentSetSize of job (KB)
...
006 (6608.000.000) 08/07 11:31:26 Image size of job updated: 374252
	321  -  MemoryUsage of job (MB)
	327696  -  ResidentSetSize of job (KB)
...
006 (6608.000.000) 08/07 11:36:26 Image size of job updated: 374252
	321  -  MemoryUsage of job (MB)
	327700  -  ResidentSetSize of job (KB)
...
006 (6608.000.000) 08/07 11:41:26 Image size of job updated: 374532
	323  -  MemoryUsage of job (MB)
	329920  -  ResidentSetSize of job (KB)
...
006 (6608.000.000) 08/07 11:46:27 Image size of job updated: 374532
	323  -  MemoryUsage of job (MB)
	330228  -  ResidentSetSize of job (KB)
...
006 (6608.000.000) 08/07 11:51:28 Image size of job updated: 374532
	323  -  MemoryUsage of job (MB)
	330232  -  ResidentSetSize of job (KB)
...
005 (6608.000.000) 08/07 12:02:06 Job terminated.
	(1) Normal termination (return value 0)
		Usr 0 00:01:44, Sys 0 00:01:12  -  Run Remote Usage
		Usr 0 00:00:00, Sys 0 00:00:00  -  Run Local Usage
		Usr 0 00:01:44, Sys 0 00:01:12  -  Total Remote Usage
		Usr 0 00:00:00, Sys 0 00:00:00  -  Total Local Usage
	22908  -  Run Bytes Sent By Job
	577  -  Run Bytes Received By Job
	22908  -  Total Bytes Sent By Job
	577  -  Total Bytes Received By Job
	Partitionable Resources :    Usage  Request Allocated
	   Cpus                 :                 1         1
	   Disk (KB)            :       34  1024000   4041149
	   Memory (MB)          :      323     2000      2000
...
