000 (6605.000.000) 08/07 11:16:01 Job submitted from host: <128.101.221.176:9618?addrs=128.101.221.176-9618&noUDP&sock=11541_65e5_3>
...
001 (6605.000.000) 08/07 11:16:14 Job executing on host: <128.101.220.43:9618?addrs=128.101.220.43-9618&noUDP&sock=11896_2ff0_4>
...
006 (6605.000.000) 08/07 11:16:22 Image size of job updated: 73616
	49  -  MemoryUsage of job (MB)
	49452  -  ResidentSetSize of job (KB)
...
006 (6605.000.000) 08/07 11:21:22 Image size of job updated: 375272
	322  -  MemoryUsage of job (MB)
	329076  -  ResidentSetSize of job (KB)
...
006 (6605.000.000) 08/07 11:26:23 Image size of job updated: 375964
	323  -  MemoryUsage of job (MB)
	329768  -  ResidentSetSize of job (KB)
...
006 (6605.000.000) 08/07 11:36:24 Image size of job updated: 376000
	323  -  MemoryUsage of job (MB)
	329804  -  ResidentSetSize of job (KB)
...
006 (6605.000.000) 08/07 11:51:25 Image size of job updated: 376000
	323  -  MemoryUsage of job (MB)
	330436  -  ResidentSetSize of job (KB)
...
006 (6605.000.000) 08/07 11:56:25 Image size of job updated: 376000
	325  -  MemoryUsage of job (MB)
	332124  -  ResidentSetSize of job (KB)
...
006 (6605.000.000) 08/07 12:01:26 Image size of job updated: 376000
	325  -  MemoryUsage of job (MB)
	332136  -  ResidentSetSize of job (KB)
...
005 (6605.000.000) 08/07 12:02:37 Job terminated.
	(1) Normal termination (return value 0)
		Usr 0 00:02:02, Sys 0 00:01:32  -  Run Remote Usage
		Usr 0 00:00:00, Sys 0 00:00:00  -  Run Local Usage
		Usr 0 00:02:02, Sys 0 00:01:32  -  Total Remote Usage
		Usr 0 00:00:00, Sys 0 00:00:00  -  Total Local Usage
	24289  -  Run Bytes Sent By Job
	577  -  Run Bytes Received By Job
	24289  -  Total Bytes Sent By Job
	577  -  Total Bytes Received By Job
	Partitionable Resources :    Usage  Request Allocated
	   Cpus                 :                 1         1
	   Disk (KB)            :       35  1024000   4011503
	   Memory (MB)          :      325     2000      2000
...
