000 (9629.000.000) 03/30 02:45:57 Job submitted from host: <128.101.221.180:9618?addrs=128.101.221.180-9618&noUDP&sock=3943_2604_3>
...
001 (9629.000.000) 03/30 02:52:32 Job executing on host: <128.101.221.178:9618?addrs=128.101.221.178-9618&noUDP&sock=1886078_3590_4>
...
006 (9629.000.000) 03/30 02:52:40 Image size of job updated: 175684
	112  -  MemoryUsage of job (MB)
	113848  -  ResidentSetSize of job (KB)
...
006 (9629.000.000) 03/30 02:57:40 Image size of job updated: 428024
	324  -  MemoryUsage of job (MB)
	331388  -  ResidentSetSize of job (KB)
...
006 (9629.000.000) 03/30 03:02:41 Image size of job updated: 431888
	328  -  MemoryUsage of job (MB)
	335252  -  ResidentSetSize of job (KB)
...
005 (9629.000.000) 03/30 03:02:57 Job terminated.
	(1) Normal termination (return value 0)
		Usr 0 00:07:00, Sys 0 00:02:26  -  Run Remote Usage
		Usr 0 00:00:00, Sys 0 00:00:00  -  Run Local Usage
		Usr 0 00:07:00, Sys 0 00:02:26  -  Total Remote Usage
		Usr 0 00:00:00, Sys 0 00:00:00  -  Total Local Usage
	66260  -  Run Bytes Sent By Job
	555  -  Run Bytes Received By Job
	66260  -  Total Bytes Sent By Job
	555  -  Total Bytes Received By Job
	Partitionable Resources :    Usage  Request Allocated
	   Cpus                 :                 1         1
	   Disk (KB)            :       78  1024000   1025888
	   Memory (MB)          :      328     2000      2000
...
