000 (9593.000.000) 03/30 02:45:36 Job submitted from host: <128.101.221.180:9618?addrs=128.101.221.180-9618&noUDP&sock=3943_2604_3>
...
001 (9593.000.000) 03/30 02:45:59 Job executing on host: <128.101.221.187:9618?addrs=128.101.221.187-9618&noUDP&sock=3336463_ae6f_4>
...
006 (9593.000.000) 03/30 02:46:08 Image size of job updated: 58692
	32  -  MemoryUsage of job (MB)
	32028  -  ResidentSetSize of job (KB)
...
006 (9593.000.000) 03/30 02:51:09 Image size of job updated: 330820
	320  -  MemoryUsage of job (MB)
	327656  -  ResidentSetSize of job (KB)
...
005 (9593.000.000) 03/30 02:54:04 Job terminated.
	(1) Normal termination (return value 0)
		Usr 0 00:05:11, Sys 0 00:01:57  -  Run Remote Usage
		Usr 0 00:00:00, Sys 0 00:00:00  -  Run Local Usage
		Usr 0 00:05:11, Sys 0 00:01:57  -  Total Remote Usage
		Usr 0 00:00:00, Sys 0 00:00:00  -  Total Local Usage
	60779  -  Run Bytes Sent By Job
	555  -  Run Bytes Received By Job
	60779  -  Total Bytes Sent By Job
	555  -  Total Bytes Received By Job
	Partitionable Resources :    Usage  Request Allocated
	   Cpus                 :                 1         1
	   Disk (KB)            :       72  1024000   1029039
	   Memory (MB)          :      320     2000      2000
...
