000 (9598.000.000) 03/30 02:45:39 Job submitted from host: <128.101.221.180:9618?addrs=128.101.221.180-9618&noUDP&sock=3943_2604_3>
...
001 (9598.000.000) 03/30 02:45:59 Job executing on host: <128.101.221.175:9618?addrs=128.101.221.175-9618&noUDP&sock=12916_e152_4>
...
006 (9598.000.000) 03/30 02:46:08 Image size of job updated: 200520
	178  -  MemoryUsage of job (MB)
	181356  -  ResidentSetSize of job (KB)
...
006 (9598.000.000) 03/30 02:51:09 Image size of job updated: 348424
	322  -  MemoryUsage of job (MB)
	329032  -  ResidentSetSize of job (KB)
...
005 (9598.000.000) 03/30 02:55:26 Job terminated.
	(1) Normal termination (return value 0)
		Usr 0 00:05:24, Sys 0 00:03:22  -  Run Remote Usage
		Usr 0 00:00:00, Sys 0 00:00:00  -  Run Local Usage
		Usr 0 00:05:24, Sys 0 00:03:22  -  Total Remote Usage
		Usr 0 00:00:00, Sys 0 00:00:00  -  Total Local Usage
	57235  -  Run Bytes Sent By Job
	555  -  Run Bytes Received By Job
	57235  -  Total Bytes Sent By Job
	555  -  Total Bytes Received By Job
	Partitionable Resources :    Usage  Request Allocated
	   Cpus                 :                 1         1
	   Disk (KB)            :       69  1024000   1930236
	   Memory (MB)          :      322     2000      2000
...
