000 (9618.000.000) 03/30 02:45:48 Job submitted from host: <128.101.221.180:9618?addrs=128.101.221.180-9618&noUDP&sock=3943_2604_3>
...
001 (9618.000.000) 03/30 02:50:44 Job executing on host: <128.101.221.188:9618?addrs=128.101.221.188-9618&noUDP&sock=3087505_3369_4>
...
006 (9618.000.000) 03/30 02:50:53 Image size of job updated: 248900
	171  -  MemoryUsage of job (MB)
	174240  -  ResidentSetSize of job (KB)
...
006 (9618.000.000) 03/30 02:55:54 Image size of job updated: 333692
	324  -  MemoryUsage of job (MB)
	331620  -  ResidentSetSize of job (KB)
...
005 (9618.000.000) 03/30 02:57:15 Job terminated.
	(1) Normal termination (return value 0)
		Usr 0 00:04:23, Sys 0 00:01:33  -  Run Remote Usage
		Usr 0 00:00:00, Sys 0 00:00:00  -  Run Local Usage
		Usr 0 00:04:23, Sys 0 00:01:33  -  Total Remote Usage
		Usr 0 00:00:00, Sys 0 00:00:00  -  Total Local Usage
	47532  -  Run Bytes Sent By Job
	555  -  Run Bytes Received By Job
	47532  -  Total Bytes Sent By Job
	555  -  Total Bytes Received By Job
	Partitionable Resources :    Usage  Request Allocated
	   Cpus                 :                 1         1
	   Disk (KB)            :       59  1024000   1028075
	   Memory (MB)          :      324     2000      2000
...
