000 (9632.000.000) 03/30 02:45:59 Job submitted from host: <128.101.221.180:9618?addrs=128.101.221.180-9618&noUDP&sock=3943_2604_3>
...
001 (9632.000.000) 03/30 02:53:20 Job executing on host: <128.101.221.175:9618?addrs=128.101.221.175-9618&noUDP&sock=12916_e152_4>
...
006 (9632.000.000) 03/30 02:53:28 Image size of job updated: 157220
	101  -  MemoryUsage of job (MB)
	102416  -  ResidentSetSize of job (KB)
...
006 (9632.000.000) 03/30 02:58:28 Image size of job updated: 329856
	322  -  MemoryUsage of job (MB)
	329620  -  ResidentSetSize of job (KB)
...
006 (9632.000.000) 03/30 03:03:28 Image size of job updated: 334804
	327  -  MemoryUsage of job (MB)
	334544  -  ResidentSetSize of job (KB)
...
006 (9632.000.000) 03/30 03:06:37 Image size of job updated: 733376
	327  -  MemoryUsage of job (MB)
	334544  -  ResidentSetSize of job (KB)
...
005 (9632.000.000) 03/30 03:06:38 Job terminated.
	(1) Normal termination (return value 0)
		Usr 0 00:07:54, Sys 0 00:04:34  -  Run Remote Usage
		Usr 0 00:00:00, Sys 0 00:00:00  -  Run Local Usage
		Usr 0 00:07:54, Sys 0 00:04:34  -  Total Remote Usage
		Usr 0 00:00:00, Sys 0 00:00:00  -  Total Local Usage
	79711  -  Run Bytes Sent By Job
	555  -  Run Bytes Received By Job
	79711  -  Total Bytes Sent By Job
	555  -  Total Bytes Received By Job
	Partitionable Resources :    Usage  Request Allocated
	   Cpus                 :                 1         1
	   Disk (KB)            :       91  1024000   1930236
	   Memory (MB)          :      327     2000      2000
...
