000 (9608.000.000) 03/30 02:45:44 Job submitted from host: <128.101.221.180:9618?addrs=128.101.221.180-9618&noUDP&sock=3943_2604_3>
...
001 (9608.000.000) 03/30 02:46:03 Job executing on host: <128.101.221.182:9618?addrs=128.101.221.182-9618&noUDP&sock=3902_06a2_4>
...
006 (9608.000.000) 03/30 02:46:12 Image size of job updated: 127480
	104  -  MemoryUsage of job (MB)
	105784  -  ResidentSetSize of job (KB)
...
006 (9608.000.000) 03/30 02:51:13 Image size of job updated: 329656
	322  -  MemoryUsage of job (MB)
	329248  -  ResidentSetSize of job (KB)
...
006 (9608.000.000) 03/30 02:56:13 Image size of job updated: 335380
	328  -  MemoryUsage of job (MB)
	335132  -  ResidentSetSize of job (KB)
...
006 (9608.000.000) 03/30 02:58:21 Image size of job updated: 733048
	328  -  MemoryUsage of job (MB)
	335132  -  ResidentSetSize of job (KB)
...
005 (9608.000.000) 03/30 02:58:22 Job terminated.
	(1) Normal termination (return value 0)
		Usr 0 00:07:08, Sys 0 00:04:17  -  Run Remote Usage
		Usr 0 00:00:00, Sys 0 00:00:00  -  Run Local Usage
		Usr 0 00:07:08, Sys 0 00:04:17  -  Total Remote Usage
		Usr 0 00:00:00, Sys 0 00:00:00  -  Total Local Usage
	70898  -  Run Bytes Sent By Job
	555  -  Run Bytes Received By Job
	70898  -  Total Bytes Sent By Job
	555  -  Total Bytes Received By Job
	Partitionable Resources :    Usage  Request Allocated
	   Cpus                 :                 1         1
	   Disk (KB)            :       82  1024000   2046944
	   Memory (MB)          :      328     2000      2000
...
