000 (9605.000.000) 03/30 02:45:42 Job submitted from host: <128.101.221.180:9618?addrs=128.101.221.180-9618&noUDP&sock=3943_2604_3>
...
001 (9605.000.000) 03/30 02:46:01 Job executing on host: <128.101.221.175:9618?addrs=128.101.221.175-9618&noUDP&sock=12916_e152_4>
...
006 (9605.000.000) 03/30 02:46:10 Image size of job updated: 185304
	174  -  MemoryUsage of job (MB)
	177188  -  ResidentSetSize of job (KB)
...
006 (9605.000.000) 03/30 02:51:11 Image size of job updated: 337132
	322  -  MemoryUsage of job (MB)
	328920  -  ResidentSetSize of job (KB)
...
006 (9605.000.000) 03/30 02:56:11 Image size of job updated: 337132
	326  -  MemoryUsage of job (MB)
	333804  -  ResidentSetSize of job (KB)
...
006 (9605.000.000) 03/30 02:56:40 Image size of job updated: 733136
	326  -  MemoryUsage of job (MB)
	333804  -  ResidentSetSize of job (KB)
...
005 (9605.000.000) 03/30 02:56:41 Job terminated.
	(1) Normal termination (return value 0)
		Usr 0 00:06:06, Sys 0 00:03:46  -  Run Remote Usage
		Usr 0 00:00:00, Sys 0 00:00:00  -  Run Local Usage
		Usr 0 00:06:06, Sys 0 00:03:46  -  Total Remote Usage
		Usr 0 00:00:00, Sys 0 00:00:00  -  Total Local Usage
	64065  -  Run Bytes Sent By Job
	555  -  Run Bytes Received By Job
	64065  -  Total Bytes Sent By Job
	555  -  Total Bytes Received By Job
	Partitionable Resources :    Usage  Request Allocated
	   Cpus                 :                 1         1
	   Disk (KB)            :       75  1024000   1930236
	   Memory (MB)          :      326     2000      2000
...
