000 (9621.000.000) 03/30 02:45:50 Job submitted from host: <128.101.221.180:9618?addrs=128.101.221.180-9618&noUDP&sock=3943_2604_3>
...
001 (9621.000.000) 03/30 02:51:21 Job executing on host: <128.101.221.182:9618?addrs=128.101.221.182-9618&noUDP&sock=3902_06a2_4>
...
006 (9621.000.000) 03/30 02:51:30 Image size of job updated: 282728
	201  -  MemoryUsage of job (MB)
	205236  -  ResidentSetSize of job (KB)
...
006 (9621.000.000) 03/30 02:56:31 Image size of job updated: 331292
	324  -  MemoryUsage of job (MB)
	331180  -  ResidentSetSize of job (KB)
...
006 (9621.000.000) 03/30 02:57:22 Image size of job updated: 729816
	324  -  MemoryUsage of job (MB)
	331180  -  ResidentSetSize of job (KB)
...
005 (9621.000.000) 03/30 02:57:23 Job terminated.
	(1) Normal termination (return value 0)
		Usr 0 00:03:33, Sys 0 00:02:03  -  Run Remote Usage
		Usr 0 00:00:00, Sys 0 00:00:00  -  Run Local Usage
		Usr 0 00:03:33, Sys 0 00:02:03  -  Total Remote Usage
		Usr 0 00:00:00, Sys 0 00:00:00  -  Total Local Usage
	38929  -  Run Bytes Sent By Job
	555  -  Run Bytes Received By Job
	38929  -  Total Bytes Sent By Job
	555  -  Total Bytes Received By Job
	Partitionable Resources :    Usage  Request Allocated
	   Cpus                 :                 1         1
	   Disk (KB)            :       51  1024000   2046944
	   Memory (MB)          :      324     2000      2000
...
