000 (9612.000.000) 03/30 02:45:46 Job submitted from host: <128.101.221.180:9618?addrs=128.101.221.180-9618&noUDP&sock=3943_2604_3>
...
001 (9612.000.000) 03/30 02:48:23 Job executing on host: <128.101.220.206:9618?addrs=128.101.220.206-9618&noUDP&sock=3830_a3d1_4>
...
006 (9612.000.000) 03/30 02:48:32 Image size of job updated: 280524
	197  -  MemoryUsage of job (MB)
	201472  -  ResidentSetSize of job (KB)
...
006 (9612.000.000) 03/30 02:53:33 Image size of job updated: 427684
	324  -  MemoryUsage of job (MB)
	331040  -  ResidentSetSize of job (KB)
...
006 (9612.000.000) 03/30 02:55:23 Image size of job updated: 732844
	324  -  MemoryUsage of job (MB)
	331040  -  ResidentSetSize of job (KB)
...
005 (9612.000.000) 03/30 02:55:24 Job terminated.
	(1) Normal termination (return value 0)
		Usr 0 00:04:40, Sys 0 00:01:32  -  Run Remote Usage
		Usr 0 00:00:00, Sys 0 00:00:00  -  Run Local Usage
		Usr 0 00:04:40, Sys 0 00:01:32  -  Total Remote Usage
		Usr 0 00:00:00, Sys 0 00:00:00  -  Total Local Usage
	68047  -  Run Bytes Sent By Job
	555  -  Run Bytes Received By Job
	68047  -  Total Bytes Sent By Job
	555  -  Total Bytes Received By Job
	Partitionable Resources :    Usage  Request Allocated
	   Cpus                 :                 1         1
	   Disk (KB)            :       80  1024000   1028491
	   Memory (MB)          :      324     2000      2000
...
