000 (9620.000.000) 03/30 02:45:49 Job submitted from host: <128.101.221.180:9618?addrs=128.101.221.180-9618&noUDP&sock=3943_2604_3>
...
001 (9620.000.000) 03/30 02:51:16 Job executing on host: <128.101.221.174:9618?addrs=128.101.221.174-9618&noUDP&sock=4031871_ba53_4>
...
006 (9620.000.000) 03/30 02:51:25 Image size of job updated: 172868
	110  -  MemoryUsage of job (MB)
	112436  -  ResidentSetSize of job (KB)
...
006 (9620.000.000) 03/30 02:56:25 Image size of job updated: 330880
	322  -  MemoryUsage of job (MB)
	329408  -  ResidentSetSize of job (KB)
...
006 (9620.000.000) 03/30 03:01:25 Image size of job updated: 334872
	325  -  MemoryUsage of job (MB)
	332712  -  ResidentSetSize of job (KB)
...
005 (9620.000.000) 03/30 03:04:36 Job terminated.
	(1) Normal termination (return value 0)
		Usr 0 00:08:50, Sys 0 00:03:27  -  Run Remote Usage
		Usr 0 00:00:00, Sys 0 00:00:00  -  Run Local Usage
		Usr 0 00:08:50, Sys 0 00:03:27  -  Total Remote Usage
		Usr 0 00:00:00, Sys 0 00:00:00  -  Total Local Usage
	69200  -  Run Bytes Sent By Job
	555  -  Run Bytes Received By Job
	69200  -  Total Bytes Sent By Job
	555  -  Total Bytes Received By Job
	Partitionable Resources :    Usage  Request Allocated
	   Cpus                 :                 1         1
	   Disk (KB)            :       81  1024000   1898954
	   Memory (MB)          :      325     2000      2000
...
