000 (9607.000.000) 03/30 02:45:43 Job submitted from host: <128.101.221.180:9618?addrs=128.101.221.180-9618&noUDP&sock=3943_2604_3>
...
001 (9607.000.000) 03/30 02:46:03 Job executing on host: <128.101.221.175:9618?addrs=128.101.221.175-9618&noUDP&sock=12916_e152_4>
...
006 (9607.000.000) 03/30 02:46:12 Image size of job updated: 190008
	175  -  MemoryUsage of job (MB)
	178644  -  ResidentSetSize of job (KB)
...
006 (9607.000.000) 03/30 02:51:13 Image size of job updated: 340948
	322  -  MemoryUsage of job (MB)
	329400  -  ResidentSetSize of job (KB)
...
006 (9607.000.000) 03/30 02:56:13 Image size of job updated: 340948
	326  -  MemoryUsage of job (MB)
	333140  -  ResidentSetSize of job (KB)
...
005 (9607.000.000) 03/30 02:59:41 Job terminated.
	(1) Normal termination (return value 0)
		Usr 0 00:07:53, Sys 0 00:04:47  -  Run Remote Usage
		Usr 0 00:00:00, Sys 0 00:00:00  -  Run Local Usage
		Usr 0 00:07:53, Sys 0 00:04:47  -  Total Remote Usage
		Usr 0 00:00:00, Sys 0 00:00:00  -  Total Local Usage
	68665  -  Run Bytes Sent By Job
	555  -  Run Bytes Received By Job
	68665  -  Total Bytes Sent By Job
	555  -  Total Bytes Received By Job
	Partitionable Resources :    Usage  Request Allocated
	   Cpus                 :                 1         1
	   Disk (KB)            :       80  1024000   1930236
	   Memory (MB)          :      326     2000      2000
...
