000 (9595.000.000) 03/30 02:45:37 Job submitted from host: <128.101.221.180:9618?addrs=128.101.221.180-9618&noUDP&sock=3943_2604_3>
...
001 (9595.000.000) 03/30 02:45:57 Job executing on host: <128.101.221.182:9618?addrs=128.101.221.182-9618&noUDP&sock=3902_06a2_4>
...
006 (9595.000.000) 03/30 02:46:06 Image size of job updated: 41460
	40  -  MemoryUsage of job (MB)
	40864  -  ResidentSetSize of job (KB)
...
006 (9595.000.000) 03/30 02:51:07 Image size of job updated: 331916
	324  -  MemoryUsage of job (MB)
	331656  -  ResidentSetSize of job (KB)
...
006 (9595.000.000) 03/30 02:54:50 Image size of job updated: 730652
	324  -  MemoryUsage of job (MB)
	331656  -  ResidentSetSize of job (KB)
...
005 (9595.000.000) 03/30 02:54:51 Job terminated.
	(1) Normal termination (return value 0)
		Usr 0 00:05:04, Sys 0 00:03:00  -  Run Remote Usage
		Usr 0 00:00:00, Sys 0 00:00:00  -  Run Local Usage
		Usr 0 00:05:04, Sys 0 00:03:00  -  Total Remote Usage
		Usr 0 00:00:00, Sys 0 00:00:00  -  Total Local Usage
	55442  -  Run Bytes Sent By Job
	555  -  Run Bytes Received By Job
	55442  -  Total Bytes Sent By Job
	555  -  Total Bytes Received By Job
	Partitionable Resources :    Usage  Request Allocated
	   Cpus                 :                 1         1
	   Disk (KB)            :       67  1024000   2046944
	   Memory (MB)          :      324     2000      2000
...
