000 (9637.000.000) 03/30 02:46:03 Job submitted from host: <128.101.221.180:9618?addrs=128.101.221.180-9618&noUDP&sock=3943_2604_3>
...
001 (9637.000.000) 03/30 02:53:53 Job executing on host: <128.101.220.43:9618?addrs=128.101.220.43-9618&noUDP&sock=249879_c9d6_4>
...
006 (9637.000.000) 03/30 02:54:02 Image size of job updated: 188684
	124  -  MemoryUsage of job (MB)
	126832  -  ResidentSetSize of job (KB)
...
006 (9637.000.000) 03/30 02:56:38 Image size of job updated: 734120
	124  -  MemoryUsage of job (MB)
	126832  -  ResidentSetSize of job (KB)
...
005 (9637.000.000) 03/30 02:56:40 Job terminated.
	(1) Normal termination (return value 0)
		Usr 0 00:01:51, Sys 0 00:00:33  -  Run Remote Usage
		Usr 0 00:00:00, Sys 0 00:00:00  -  Run Local Usage
		Usr 0 00:01:51, Sys 0 00:00:33  -  Total Remote Usage
		Usr 0 00:00:00, Sys 0 00:00:00  -  Total Local Usage
	40885  -  Run Bytes Sent By Job
	555  -  Run Bytes Received By Job
	40885  -  Total Bytes Sent By Job
	555  -  Total Bytes Received By Job
	Partitionable Resources :    Usage  Request Allocated
	   Cpus                 :                 1         1
	   Disk (KB)            :       53  1024000   1028346
	   Memory (MB)          :      124     2000      2000
...
