000 (9628.000.000) 03/30 02:45:56 Job submitted from host: <128.101.221.180:9618?addrs=128.101.221.180-9618&noUDP&sock=3943_2604_3>
...
001 (9628.000.000) 03/30 02:52:31 Job executing on host: <128.101.221.188:9618?addrs=128.101.221.188-9618&noUDP&sock=3087505_3369_4>
...
006 (9628.000.000) 03/30 02:52:39 Image size of job updated: 209276
	142  -  MemoryUsage of job (MB)
	145068  -  ResidentSetSize of job (KB)
...
006 (9628.000.000) 03/30 02:57:39 Image size of job updated: 331036
	322  -  MemoryUsage of job (MB)
	329376  -  ResidentSetSize of job (KB)
...
005 (9628.000.000) 03/30 03:00:18 Job terminated.
	(1) Normal termination (return value 0)
		Usr 0 00:05:16, Sys 0 00:01:53  -  Run Remote Usage
		Usr 0 00:00:00, Sys 0 00:00:00  -  Run Local Usage
		Usr 0 00:05:16, Sys 0 00:01:53  -  Total Remote Usage
		Usr 0 00:00:00, Sys 0 00:00:00  -  Total Local Usage
	60546  -  Run Bytes Sent By Job
	555  -  Run Bytes Received By Job
	60546  -  Total Bytes Sent By Job
	555  -  Total Bytes Received By Job
	Partitionable Resources :    Usage  Request Allocated
	   Cpus                 :                 1         1
	   Disk (KB)            :       72  1024000   1028076
	   Memory (MB)          :      322     2000      2000
...
