000 (9597.000.000) 03/30 02:45:38 Job submitted from host: <128.101.221.180:9618?addrs=128.101.221.180-9618&noUDP&sock=3943_2604_3>
...
001 (9597.000.000) 03/30 02:45:57 Job executing on host: <128.101.221.182:9618?addrs=128.101.221.182-9618&noUDP&sock=3902_06a2_4>
...
006 (9597.000.000) 03/30 02:46:06 Image size of job updated: 41680
	40  -  MemoryUsage of job (MB)
	40868  -  ResidentSetSize of job (KB)
...
005 (9597.000.000) 03/30 02:50:39 Job terminated.
	(1) Normal termination (return value 0)
		Usr 0 00:02:34, Sys 0 00:01:32  -  Run Remote Usage
		Usr 0 00:00:00, Sys 0 00:00:00  -  Run Local Usage
		Usr 0 00:02:34, Sys 0 00:01:32  -  Total Remote Usage
		Usr 0 00:00:00, Sys 0 00:00:00  -  Total Local Usage
	43767  -  Run Bytes Sent By Job
	555  -  Run Bytes Received By Job
	43767  -  Total Bytes Sent By Job
	555  -  Total Bytes Received By Job
	Partitionable Resources :    Usage  Request Allocated
	   Cpus                 :                 1         1
	   Disk (KB)            :       55  1024000   2046944
	   Memory (MB)          :       40     2000      2000
...
