000 (9601.000.000) 03/30 02:45:41 Job submitted from host: <128.101.221.180:9618?addrs=128.101.221.180-9618&noUDP&sock=3943_2604_3>
...
001 (9601.000.000) 03/30 02:46:00 Job executing on host: <128.101.221.175:9618?addrs=128.101.221.175-9618&noUDP&sock=12916_e152_4>
...
006 (9601.000.000) 03/30 02:46:08 Image size of job updated: 167536
	162  -  MemoryUsage of job (MB)
	165508  -  ResidentSetSize of job (KB)
...
006 (9601.000.000) 03/30 02:51:08 Image size of job updated: 331556
	322  -  MemoryUsage of job (MB)
	329544  -  ResidentSetSize of job (KB)
...
006 (9601.000.000) 03/30 02:56:08 Image size of job updated: 334952
	327  -  MemoryUsage of job (MB)
	334696  -  ResidentSetSize of job (KB)
...
005 (9601.000.000) 03/30 02:58:53 Job terminated.
	(1) Normal termination (return value 0)
		Usr 0 00:07:29, Sys 0 00:04:30  -  Run Remote Usage
		Usr 0 00:00:00, Sys 0 00:00:00  -  Run Local Usage
		Usr 0 00:07:29, Sys 0 00:04:30  -  Total Remote Usage
		Usr 0 00:00:00, Sys 0 00:00:00  -  Total Local Usage
	86733  -  Run Bytes Sent By Job
	555  -  Run Bytes Received By Job
	86733  -  Total Bytes Sent By Job
	555  -  Total Bytes Received By Job
	Partitionable Resources :    Usage  Request Allocated
	   Cpus                 :                 1         1
	   Disk (KB)            :       97  1024000   1930236
	   Memory (MB)          :      327     2000      2000
...
