000 (9650.000.000) 03/30 02:46:11 Job submitted from host: <128.101.221.180:9618?addrs=128.101.221.180-9618&noUDP&sock=3943_2604_3>
...
001 (9650.000.000) 03/30 02:55:28 Job executing on host: <128.101.221.175:9618?addrs=128.101.221.175-9618&noUDP&sock=12916_e152_4>
...
006 (9650.000.000) 03/30 02:55:36 Image size of job updated: 146100
	127  -  MemoryUsage of job (MB)
	129928  -  ResidentSetSize of job (KB)
...
006 (9650.000.000) 03/30 03:00:36 Image size of job updated: 329988
	322  -  MemoryUsage of job (MB)
	329560  -  ResidentSetSize of job (KB)
...
006 (9650.000.000) 03/30 03:01:52 Image size of job updated: 726496
	322  -  MemoryUsage of job (MB)
	329560  -  ResidentSetSize of job (KB)
...
005 (9650.000.000) 03/30 03:01:53 Job terminated.
	(1) Normal termination (return value 0)
		Usr 0 00:03:50, Sys 0 00:02:09  -  Run Remote Usage
		Usr 0 00:00:00, Sys 0 00:00:00  -  Run Local Usage
		Usr 0 00:03:50, Sys 0 00:02:09  -  Total Remote Usage
		Usr 0 00:00:00, Sys 0 00:00:00  -  Total Local Usage
	40683  -  Run Bytes Sent By Job
	555  -  Run Bytes Received By Job
	40683  -  Total Bytes Sent By Job
	555  -  Total Bytes Received By Job
	Partitionable Resources :    Usage  Request Allocated
	   Cpus                 :                 1         1
	   Disk (KB)            :       53  1024000   1930236
	   Memory (MB)          :      322     2000      2000
...
