000 (9610.000.000) 03/30 02:45:45 Job submitted from host: <128.101.221.180:9618?addrs=128.101.221.180-9618&noUDP&sock=3943_2604_3>
...
001 (9610.000.000) 03/30 02:46:03 Job executing on host: <128.101.221.182:9618?addrs=128.101.221.182-9618&noUDP&sock=3902_06a2_4>
...
006 (9610.000.000) 03/30 02:46:12 Image size of job updated: 127364
	105  -  MemoryUsage of job (MB)
	107384  -  ResidentSetSize of job (KB)
...
006 (9610.000.000) 03/30 02:51:13 Image size of job updated: 331180
	324  -  MemoryUsage of job (MB)
	330884  -  ResidentSetSize of job (KB)
...
005 (9610.000.000) 03/30 02:51:20 Job terminated.
	(1) Normal termination (return value 0)
		Usr 0 00:03:03, Sys 0 00:01:44  -  Run Remote Usage
		Usr 0 00:00:00, Sys 0 00:00:00  -  Run Local Usage
		Usr 0 00:03:03, Sys 0 00:01:44  -  Total Remote Usage
		Usr 0 00:00:00, Sys 0 00:00:00  -  Total Local Usage
	39573  -  Run Bytes Sent By Job
	555  -  Run Bytes Received By Job
	39573  -  Total Bytes Sent By Job
	555  -  Total Bytes Received By Job
	Partitionable Resources :    Usage  Request Allocated
	   Cpus                 :                 1         1
	   Disk (KB)            :       51  1024000   2046944
	   Memory (MB)          :      324     2000      2000
...
