000 (9606.000.000) 03/30 02:45:43 Job submitted from host: <128.101.221.180:9618?addrs=128.101.221.180-9618&noUDP&sock=3943_2604_3>
...
001 (9606.000.000) 03/30 02:46:01 Job executing on host: <128.101.221.182:9618?addrs=128.101.221.182-9618&noUDP&sock=3902_06a2_4>
...
006 (9606.000.000) 03/30 02:46:10 Image size of job updated: 55176
	53  -  MemoryUsage of job (MB)
	53936  -  ResidentSetSize of job (KB)
...
005 (9606.000.000) 03/30 02:50:41 Job terminated.
	(1) Normal termination (return value 0)
		Usr 0 00:02:35, Sys 0 00:01:32  -  Run Remote Usage
		Usr 0 00:00:00, Sys 0 00:00:00  -  Run Local Usage
		Usr 0 00:02:35, Sys 0 00:01:32  -  Total Remote Usage
		Usr 0 00:00:00, Sys 0 00:00:00  -  Total Local Usage
	40252  -  Run Bytes Sent By Job
	555  -  Run Bytes Received By Job
	40252  -  Total Bytes Sent By Job
	555  -  Total Bytes Received By Job
	Partitionable Resources :    Usage  Request Allocated
	   Cpus                 :                 1         1
	   Disk (KB)            :       52  1024000   2046944
	   Memory (MB)          :       53     2000      2000
...
