000 (9645.000.000) 03/30 02:46:08 Job submitted from host: <128.101.221.180:9618?addrs=128.101.221.180-9618&noUDP&sock=3943_2604_3>
...
001 (9645.000.000) 03/30 02:54:53 Job executing on host: <128.101.221.182:9618?addrs=128.101.221.182-9618&noUDP&sock=3902_06a2_4>
...
006 (9645.000.000) 03/30 02:55:01 Image size of job updated: 225556
	173  -  MemoryUsage of job (MB)
	176212  -  ResidentSetSize of job (KB)
...
006 (9645.000.000) 03/30 03:00:01 Image size of job updated: 330088
	322  -  MemoryUsage of job (MB)
	329696  -  ResidentSetSize of job (KB)
...
006 (9645.000.000) 03/30 03:04:36 Image size of job updated: 730148
	322  -  MemoryUsage of job (MB)
	329696  -  ResidentSetSize of job (KB)
...
005 (9645.000.000) 03/30 03:04:37 Job terminated.
	(1) Normal termination (return value 0)
		Usr 0 00:06:03, Sys 0 00:02:50  -  Run Remote Usage
		Usr 0 00:00:00, Sys 0 00:00:00  -  Run Local Usage
		Usr 0 00:06:03, Sys 0 00:02:50  -  Total Remote Usage
		Usr 0 00:00:00, Sys 0 00:00:00  -  Total Local Usage
	73297  -  Run Bytes Sent By Job
	555  -  Run Bytes Received By Job
	73297  -  Total Bytes Sent By Job
	555  -  Total Bytes Received By Job
	Partitionable Resources :    Usage  Request Allocated
	   Cpus                 :                 1         1
	   Disk (KB)            :       84  1024000   2046944
	   Memory (MB)          :      322     2000      2000
...
