000 (9615.000.000) 03/30 02:45:47 Job submitted from host: <128.101.221.180:9618?addrs=128.101.221.180-9618&noUDP&sock=3943_2604_3>
...
001 (9615.000.000) 03/30 02:50:28 Job executing on host: <128.101.221.180:9618?addrs=128.101.221.180-9618&noUDP&sock=3943_2604_4>
...
006 (9615.000.000) 03/30 02:50:36 Image size of job updated: 299280
	211  -  MemoryUsage of job (MB)
	216040  -  ResidentSetSize of job (KB)
...
006 (9615.000.000) 03/30 02:55:36 Image size of job updated: 432840
	329  -  MemoryUsage of job (MB)
	336208  -  ResidentSetSize of job (KB)
...
006 (9615.000.000) 03/30 02:56:42 Image size of job updated: 432848
	329  -  MemoryUsage of job (MB)
	336208  -  ResidentSetSize of job (KB)
...
005 (9615.000.000) 03/30 02:56:43 Job terminated.
	(1) Normal termination (return value 0)
		Usr 0 00:04:04, Sys 0 00:01:22  -  Run Remote Usage
		Usr 0 00:00:00, Sys 0 00:00:00  -  Run Local Usage
		Usr 0 00:04:04, Sys 0 00:01:22  -  Total Remote Usage
		Usr 0 00:00:00, Sys 0 00:00:00  -  Total Local Usage
	60750  -  Run Bytes Sent By Job
	555  -  Run Bytes Received By Job
	60750  -  Total Bytes Sent By Job
	555  -  Total Bytes Received By Job
	Partitionable Resources :    Usage  Request Allocated
	   Cpus                 :                 1         1
	   Disk (KB)            :       72  1024000   1026243
	   Memory (MB)          :      329     2000      2000
...
