000 (9591.000.000) 03/30 02:45:35 Job submitted from host: <128.101.221.180:9618?addrs=128.101.221.180-9618&noUDP&sock=3943_2604_3>
...
001 (9591.000.000) 03/30 02:45:55 Job executing on host: <128.101.221.175:9618?addrs=128.101.221.175-9618&noUDP&sock=12916_e152_4>
...
006 (9591.000.000) 03/30 02:46:04 Image size of job updated: 201468
	185  -  MemoryUsage of job (MB)
	188696  -  ResidentSetSize of job (KB)
...
006 (9591.000.000) 03/30 02:51:05 Image size of job updated: 332756
	323  -  MemoryUsage of job (MB)
	330008  -  ResidentSetSize of job (KB)
...
006 (9591.000.000) 03/30 02:56:05 Image size of job updated: 334344
	327  -  MemoryUsage of job (MB)
	334232  -  ResidentSetSize of job (KB)
...
006 (9591.000.000) 03/30 02:56:46 Image size of job updated: 733024
	327  -  MemoryUsage of job (MB)
	334232  -  ResidentSetSize of job (KB)
...
005 (9591.000.000) 03/30 02:56:47 Job terminated.
	(1) Normal termination (return value 0)
		Usr 0 00:06:16, Sys 0 00:03:45  -  Run Remote Usage
		Usr 0 00:00:00, Sys 0 00:00:00  -  Run Local Usage
		Usr 0 00:06:16, Sys 0 00:03:45  -  Total Remote Usage
		Usr 0 00:00:00, Sys 0 00:00:00  -  Total Local Usage
	61386  -  Run Bytes Sent By Job
	555  -  Run Bytes Received By Job
	61386  -  Total Bytes Sent By Job
	555  -  Total Bytes Received By Job
	Partitionable Resources :    Usage  Request Allocated
	   Cpus                 :                 1         1
	   Disk (KB)            :       73  1024000   1930236
	   Memory (MB)          :      327     2000      2000
...
