000 (9636.000.000) 03/30 02:46:02 Job submitted from host: <128.101.221.180:9618?addrs=128.101.221.180-9618&noUDP&sock=3943_2604_3>
...
001 (9636.000.000) 03/30 02:53:42 Job executing on host: <128.101.220.154:9618?addrs=128.101.220.154-9618&noUDP&sock=253625_3b9c_4>
...
006 (9636.000.000) 03/30 02:53:50 Image size of job updated: 189364
	125  -  MemoryUsage of job (MB)
	127500  -  ResidentSetSize of job (KB)
...
006 (9636.000.000) 03/30 02:55:34 Image size of job updated: 423464
	125  -  MemoryUsage of job (MB)
	127500  -  ResidentSetSize of job (KB)
...
005 (9636.000.000) 03/30 02:55:35 Job terminated.
	(1) Normal termination (return value 0)
		Usr 0 00:01:16, Sys 0 00:00:21  -  Run Remote Usage
		Usr 0 00:00:00, Sys 0 00:00:00  -  Run Local Usage
		Usr 0 00:01:16, Sys 0 00:00:21  -  Total Remote Usage
		Usr 0 00:00:00, Sys 0 00:00:00  -  Total Local Usage
	34280  -  Run Bytes Sent By Job
	555  -  Run Bytes Received By Job
	34280  -  Total Bytes Sent By Job
	555  -  Total Bytes Received By Job
	Partitionable Resources :    Usage  Request Allocated
	   Cpus                 :                 1         1
	   Disk (KB)            :       47  1024000   1028155
	   Memory (MB)          :      125     2000      2000
...
