000 (9611.000.000) 03/30 02:45:45 Job submitted from host: <128.101.221.180:9618?addrs=128.101.221.180-9618&noUDP&sock=3943_2604_3>
...
001 (9611.000.000) 03/30 02:46:04 Job executing on host: <128.101.221.175:9618?addrs=128.101.221.175-9618&noUDP&sock=12916_e152_4>
...
006 (9611.000.000) 03/30 02:46:12 Image size of job updated: 157828
	151  -  MemoryUsage of job (MB)
	154336  -  ResidentSetSize of job (KB)
...
006 (9611.000.000) 03/30 02:51:12 Image size of job updated: 333092
	322  -  MemoryUsage of job (MB)
	329032  -  ResidentSetSize of job (KB)
...
006 (9611.000.000) 03/30 02:56:12 Image size of job updated: 335028
	327  -  MemoryUsage of job (MB)
	334400  -  ResidentSetSize of job (KB)
...
005 (9611.000.000) 03/30 02:56:40 Job terminated.
	(1) Normal termination (return value 0)
		Usr 0 00:06:03, Sys 0 00:03:46  -  Run Remote Usage
		Usr 0 00:00:00, Sys 0 00:00:00  -  Run Local Usage
		Usr 0 00:06:03, Sys 0 00:03:46  -  Total Remote Usage
		Usr 0 00:00:00, Sys 0 00:00:00  -  Total Local Usage
	58990  -  Run Bytes Sent By Job
	555  -  Run Bytes Received By Job
	58990  -  Total Bytes Sent By Job
	555  -  Total Bytes Received By Job
	Partitionable Resources :    Usage  Request Allocated
	   Cpus                 :                 1         1
	   Disk (KB)            :       70  1024000   1930236
	   Memory (MB)          :      327     2000      2000
...
