000 (9641.000.000) 03/30 02:46:06 Job submitted from host: <128.101.221.180:9618?addrs=128.101.221.180-9618&noUDP&sock=3943_2604_3>
...
001 (9641.000.000) 03/30 02:54:17 Job executing on host: <128.101.221.182:9618?addrs=128.101.221.182-9618&noUDP&sock=3902_06a2_4>
...
006 (9641.000.000) 03/30 02:54:25 Image size of job updated: 216704
	148  -  MemoryUsage of job (MB)
	150868  -  ResidentSetSize of job (KB)
...
006 (9641.000.000) 03/30 02:58:36 Image size of job updated: 330752
	148  -  MemoryUsage of job (MB)
	150868  -  ResidentSetSize of job (KB)
...
005 (9641.000.000) 03/30 02:58:37 Job terminated.
	(1) Normal termination (return value 0)
		Usr 0 00:02:34, Sys 0 00:01:26  -  Run Remote Usage
		Usr 0 00:00:00, Sys 0 00:00:00  -  Run Local Usage
		Usr 0 00:02:34, Sys 0 00:01:26  -  Total Remote Usage
		Usr 0 00:00:00, Sys 0 00:00:00  -  Total Local Usage
	44877  -  Run Bytes Sent By Job
	555  -  Run Bytes Received By Job
	44877  -  Total Bytes Sent By Job
	555  -  Total Bytes Received By Job
	Partitionable Resources :    Usage  Request Allocated
	   Cpus                 :                 1         1
	   Disk (KB)            :       57  1024000   2046944
	   Memory (MB)          :      148     2000      2000
...
