000 (9604.000.000) 03/30 02:45:42 Job submitted from host: <128.101.221.180:9618?addrs=128.101.221.180-9618&noUDP&sock=3943_2604_3>
...
001 (9604.000.000) 03/30 02:46:01 Job executing on host: <128.101.221.182:9618?addrs=128.101.221.182-9618&noUDP&sock=3902_06a2_4>
...
006 (9604.000.000) 03/30 02:46:10 Image size of job updated: 65728
	63  -  MemoryUsage of job (MB)
	64120  -  ResidentSetSize of job (KB)
...
006 (9604.000.000) 03/30 02:51:11 Image size of job updated: 329744
	322  -  MemoryUsage of job (MB)
	329620  -  ResidentSetSize of job (KB)
...
006 (9604.000.000) 03/30 02:56:11 Image size of job updated: 334612
	327  -  MemoryUsage of job (MB)
	334344  -  ResidentSetSize of job (KB)
...
006 (9604.000.000) 03/30 02:58:51 Image size of job updated: 733076
	327  -  MemoryUsage of job (MB)
	334344  -  ResidentSetSize of job (KB)
...
005 (9604.000.000) 03/30 02:58:52 Job terminated.
	(1) Normal termination (return value 0)
		Usr 0 00:07:17, Sys 0 00:04:33  -  Run Remote Usage
		Usr 0 00:00:00, Sys 0 00:00:00  -  Run Local Usage
		Usr 0 00:07:17, Sys 0 00:04:33  -  Total Remote Usage
		Usr 0 00:00:00, Sys 0 00:00:00  -  Total Local Usage
	64692  -  Run Bytes Sent By Job
	555  -  Run Bytes Received By Job
	64692  -  Total Bytes Sent By Job
	555  -  Total Bytes Received By Job
	Partitionable Resources :    Usage  Request Allocated
	   Cpus                 :                 1         1
	   Disk (KB)            :       76  1024000   2046944
	   Memory (MB)          :      327     2000      2000
...
