000 (9614.000.000) 03/30 02:45:46 Job submitted from host: <128.101.221.180:9618?addrs=128.101.221.180-9618&noUDP&sock=3943_2604_3>
...
001 (9614.000.000) 03/30 02:50:26 Job executing on host: <128.101.221.183:9618?addrs=128.101.221.183-9618&noUDP&sock=4185509_9de4_4>
...
006 (9614.000.000) 03/30 02:50:34 Image size of job updated: 191164
	126  -  MemoryUsage of job (MB)
	128748  -  ResidentSetSize of job (KB)
...
006 (9614.000.000) 03/30 02:54:32 Image size of job updated: 427596
	126  -  MemoryUsage of job (MB)
	128748  -  ResidentSetSize of job (KB)
...
005 (9614.000.000) 03/30 02:54:33 Job terminated.
	(1) Normal termination (return value 0)
		Usr 0 00:02:49, Sys 0 00:00:51  -  Run Remote Usage
		Usr 0 00:00:00, Sys 0 00:00:00  -  Run Local Usage
		Usr 0 00:02:49, Sys 0 00:00:51  -  Total Remote Usage
		Usr 0 00:00:00, Sys 0 00:00:00  -  Total Local Usage
	42224  -  Run Bytes Sent By Job
	555  -  Run Bytes Received By Job
	42224  -  Total Bytes Sent By Job
	555  -  Total Bytes Received By Job
	Partitionable Resources :    Usage  Request Allocated
	   Cpus                 :                 1         1
	   Disk (KB)            :       54  1024000   1028104
	   Memory (MB)          :      126     2000      2000
...
