000 (9646.000.000) 03/30 02:46:09 Job submitted from host: <128.101.221.180:9618?addrs=128.101.221.180-9618&noUDP&sock=3943_2604_3>
...
001 (9646.000.000) 03/30 02:55:13 Job executing on host: <128.101.220.87:9618?addrs=128.101.220.87-9618&noUDP&sock=465496_1dbd_4>
...
006 (9646.000.000) 03/30 02:55:21 Image size of job updated: 198744
	134  -  MemoryUsage of job (MB)
	136588  -  ResidentSetSize of job (KB)
...
005 (9646.000.000) 03/30 02:57:57 Job terminated.
	(1) Normal termination (return value 0)
		Usr 0 00:01:49, Sys 0 00:00:38  -  Run Remote Usage
		Usr 0 00:00:00, Sys 0 00:00:00  -  Run Local Usage
		Usr 0 00:01:49, Sys 0 00:00:38  -  Total Remote Usage
		Usr 0 00:00:00, Sys 0 00:00:00  -  Total Local Usage
	35191  -  Run Bytes Sent By Job
	555  -  Run Bytes Received By Job
	35191  -  Total Bytes Sent By Job
	555  -  Total Bytes Received By Job
	Partitionable Resources :    Usage  Request Allocated
	   Cpus                 :                 1         1
	   Disk (KB)            :       47  1024000   1029436
	   Memory (MB)          :      134     2000      2000
...
