000 (9625.000.000) 03/30 02:45:54 Job submitted from host: <128.101.221.180:9618?addrs=128.101.221.180-9618&noUDP&sock=3943_2604_3>
...
001 (9625.000.000) 03/30 02:52:11 Job executing on host: <128.101.220.74:9618?addrs=128.101.220.74-9618&noUDP&sock=3889_1be7_4>
...
006 (9625.000.000) 03/30 02:52:19 Image size of job updated: 249580
	170  -  MemoryUsage of job (MB)
	173700  -  ResidentSetSize of job (KB)
...
006 (9625.000.000) 03/30 02:57:19 Image size of job updated: 427200
	323  -  MemoryUsage of job (MB)
	330564  -  ResidentSetSize of job (KB)
...
006 (9625.000.000) 03/30 03:00:56 Image size of job updated: 430388
	323  -  MemoryUsage of job (MB)
	330564  -  ResidentSetSize of job (KB)
...
005 (9625.000.000) 03/30 03:00:57 Job terminated.
	(1) Normal termination (return value 0)
		Usr 0 00:05:50, Sys 0 00:01:56  -  Run Remote Usage
		Usr 0 00:00:00, Sys 0 00:00:00  -  Run Local Usage
		Usr 0 00:05:50, Sys 0 00:01:56  -  Total Remote Usage
		Usr 0 00:00:00, Sys 0 00:00:00  -  Total Local Usage
	71078  -  Run Bytes Sent By Job
	555  -  Run Bytes Received By Job
	71078  -  Total Bytes Sent By Job
	555  -  Total Bytes Received By Job
	Partitionable Resources :    Usage  Request Allocated
	   Cpus                 :                 1         1
	   Disk (KB)            :       83  1024000   1028504
	   Memory (MB)          :      323     2000      2000
...
