000 (9638.000.000) 03/30 02:46:03 Job submitted from host: <128.101.221.180:9618?addrs=128.101.221.180-9618&noUDP&sock=3943_2604_3>
...
001 (9638.000.000) 03/30 02:53:54 Job executing on host: <128.101.221.179:9618?addrs=128.101.221.179-9618&noUDP&sock=2230935_6d61_4>
...
006 (9638.000.000) 03/30 02:54:03 Image size of job updated: 206716
	139  -  MemoryUsage of job (MB)
	142312  -  ResidentSetSize of job (KB)
...
006 (9638.000.000) 03/30 02:59:03 Image size of job updated: 425900
	322  -  MemoryUsage of job (MB)
	329268  -  ResidentSetSize of job (KB)
...
006 (9638.000.000) 03/30 03:04:03 Image size of job updated: 431344
	327  -  MemoryUsage of job (MB)
	334708  -  ResidentSetSize of job (KB)
...
005 (9638.000.000) 03/30 03:05:15 Job terminated.
	(1) Normal termination (return value 0)
		Usr 0 00:07:47, Sys 0 00:02:31  -  Run Remote Usage
		Usr 0 00:00:00, Sys 0 00:00:00  -  Run Local Usage
		Usr 0 00:07:47, Sys 0 00:02:31  -  Total Remote Usage
		Usr 0 00:00:00, Sys 0 00:00:00  -  Total Local Usage
	74431  -  Run Bytes Sent By Job
	555  -  Run Bytes Received By Job
	74431  -  Total Bytes Sent By Job
	555  -  Total Bytes Received By Job
	Partitionable Resources :    Usage  Request Allocated
	   Cpus                 :                 1         1
	   Disk (KB)            :       86  1024000   1027908
	   Memory (MB)          :      327     2000      2000
...
