000 (9634.000.000) 03/30 02:46:01 Job submitted from host: <128.101.221.180:9618?addrs=128.101.221.180-9618&noUDP&sock=3943_2604_3>
...
001 (9634.000.000) 03/30 02:53:33 Job executing on host: <128.101.220.54:9618?addrs=128.101.220.54-9618&noUDP&sock=259437_c80b_4>
...
006 (9634.000.000) 03/30 02:53:41 Image size of job updated: 250992
	171  -  MemoryUsage of job (MB)
	175020  -  ResidentSetSize of job (KB)
...
006 (9634.000.000) 03/30 02:58:41 Image size of job updated: 426968
	323  -  MemoryUsage of job (MB)
	329800  -  ResidentSetSize of job (KB)
...
006 (9634.000.000) 03/30 03:03:37 Image size of job updated: 430220
	323  -  MemoryUsage of job (MB)
	329800  -  ResidentSetSize of job (KB)
...
005 (9634.000.000) 03/30 03:03:38 Job terminated.
	(1) Normal termination (return value 0)
		Usr 0 00:06:48, Sys 0 00:02:15  -  Run Remote Usage
		Usr 0 00:00:00, Sys 0 00:00:00  -  Run Local Usage
		Usr 0 00:06:48, Sys 0 00:02:15  -  Total Remote Usage
		Usr 0 00:00:00, Sys 0 00:00:00  -  Total Local Usage
	70236  -  Run Bytes Sent By Job
	555  -  Run Bytes Received By Job
	70236  -  Total Bytes Sent By Job
	555  -  Total Bytes Received By Job
	Partitionable Resources :    Usage  Request Allocated
	   Cpus                 :                 1         1
	   Disk (KB)            :       82  1024000   1028208
	   Memory (MB)          :      323     2000      2000
...
