000 (9623.000.000) 03/30 02:45:52 Job submitted from host: <128.101.221.180:9618?addrs=128.101.221.180-9618&noUDP&sock=3943_2604_3>
...
001 (9623.000.000) 03/30 02:51:50 Job executing on host: <128.101.221.193:9618?addrs=128.101.221.193-9618&noUDP&sock=2332108_b0a7_4>
...
006 (9623.000.000) 03/30 02:51:58 Image size of job updated: 192540
	127  -  MemoryUsage of job (MB)
	129872  -  ResidentSetSize of job (KB)
...
006 (9623.000.000) 03/30 02:56:26 Image size of job updated: 428128
	127  -  MemoryUsage of job (MB)
	129872  -  ResidentSetSize of job (KB)
...
005 (9623.000.000) 03/30 02:56:27 Job terminated.
	(1) Normal termination (return value 0)
		Usr 0 00:02:54, Sys 0 00:01:04  -  Run Remote Usage
		Usr 0 00:00:00, Sys 0 00:00:00  -  Run Local Usage
		Usr 0 00:02:54, Sys 0 00:01:04  -  Total Remote Usage
		Usr 0 00:00:00, Sys 0 00:00:00  -  Total Local Usage
	51740  -  Run Bytes Sent By Job
	555  -  Run Bytes Received By Job
	51740  -  Total Bytes Sent By Job
	555  -  Total Bytes Received By Job
	Partitionable Resources :    Usage  Request Allocated
	   Cpus                 :                 1         1
	   Disk (KB)            :       64  1024000   1028904
	   Memory (MB)          :      127     2000      2000
...
