000 (9609.000.000) 03/30 02:45:44 Job submitted from host: <128.101.221.180:9618?addrs=128.101.221.180-9618&noUDP&sock=3943_2604_3>
...
001 (9609.000.000) 03/30 02:46:03 Job executing on host: <128.101.221.175:9618?addrs=128.101.221.175-9618&noUDP&sock=12916_e152_4>
...
006 (9609.000.000) 03/30 02:46:12 Image size of job updated: 190048
	175  -  MemoryUsage of job (MB)
	178644  -  ResidentSetSize of job (KB)
...
006 (9609.000.000) 03/30 02:51:13 Image size of job updated: 342844
	323  -  MemoryUsage of job (MB)
	330700  -  ResidentSetSize of job (KB)
...
005 (9609.000.000) 03/30 02:54:25 Job terminated.
	(1) Normal termination (return value 0)
		Usr 0 00:04:47, Sys 0 00:02:58  -  Run Remote Usage
		Usr 0 00:00:00, Sys 0 00:00:00  -  Run Local Usage
		Usr 0 00:04:47, Sys 0 00:02:58  -  Total Remote Usage
		Usr 0 00:00:00, Sys 0 00:00:00  -  Total Local Usage
	58501  -  Run Bytes Sent By Job
	555  -  Run Bytes Received By Job
	58501  -  Total Bytes Sent By Job
	555  -  Total Bytes Received By Job
	Partitionable Resources :    Usage  Request Allocated
	   Cpus                 :                 1         1
	   Disk (KB)            :       70  1024000   1930236
	   Memory (MB)          :      323     2000      2000
...
