000 (9633.000.000) 03/30 02:46:00 Job submitted from host: <128.101.221.180:9618?addrs=128.101.221.180-9618&noUDP&sock=3943_2604_3>
...
001 (9633.000.000) 03/30 02:53:27 Job executing on host: <128.101.221.185:9618?addrs=128.101.221.185-9618&noUDP&sock=4153619_bab1_4>
...
006 (9633.000.000) 03/30 02:53:36 Image size of job updated: 178892
	115  -  MemoryUsage of job (MB)
	117052  -  ResidentSetSize of job (KB)
...
006 (9633.000.000) 03/30 02:58:36 Image size of job updated: 426216
	322  -  MemoryUsage of job (MB)
	329436  -  ResidentSetSize of job (KB)
...
006 (9633.000.000) 03/30 03:02:46 Image size of job updated: 732932
	322  -  MemoryUsage of job (MB)
	329436  -  ResidentSetSize of job (KB)
...
005 (9633.000.000) 03/30 03:02:47 Job terminated.
	(1) Normal termination (return value 0)
		Usr 0 00:06:18, Sys 0 00:02:08  -  Run Remote Usage
		Usr 0 00:00:00, Sys 0 00:00:00  -  Run Local Usage
		Usr 0 00:06:18, Sys 0 00:02:08  -  Total Remote Usage
		Usr 0 00:00:00, Sys 0 00:00:00  -  Total Local Usage
	61639  -  Run Bytes Sent By Job
	555  -  Run Bytes Received By Job
	61639  -  Total Bytes Sent By Job
	555  -  Total Bytes Received By Job
	Partitionable Resources :    Usage  Request Allocated
	   Cpus                 :                 1         1
	   Disk (KB)            :       73  1024000   1026675
	   Memory (MB)          :      322     2000      2000
...
