000 (9626.000.000) 03/30 02:45:55 Job submitted from host: <128.101.221.180:9618?addrs=128.101.221.180-9618&noUDP&sock=3943_2604_3>
...
001 (9626.000.000) 03/30 02:52:26 Job executing on host: <128.101.221.176:9618?addrs=128.101.221.176-9618&noUDP&sock=2756849_b007_4>
...
006 (9626.000.000) 03/30 02:52:35 Image size of job updated: 192468
	127  -  MemoryUsage of job (MB)
	129832  -  ResidentSetSize of job (KB)
...
006 (9626.000.000) 03/30 02:57:35 Image size of job updated: 426228
	322  -  MemoryUsage of job (MB)
	329596  -  ResidentSetSize of job (KB)
...
006 (9626.000.000) 03/30 03:02:35 Image size of job updated: 431332
	327  -  MemoryUsage of job (MB)
	334696  -  ResidentSetSize of job (KB)
...
006 (9626.000.000) 03/30 03:03:30 Image size of job updated: 733304
	327  -  MemoryUsage of job (MB)
	334696  -  ResidentSetSize of job (KB)
...
005 (9626.000.000) 03/30 03:03:31 Job terminated.
	(1) Normal termination (return value 0)
		Usr 0 00:07:35, Sys 0 00:02:28  -  Run Remote Usage
		Usr 0 00:00:00, Sys 0 00:00:00  -  Run Local Usage
		Usr 0 00:07:35, Sys 0 00:02:28  -  Total Remote Usage
		Usr 0 00:00:00, Sys 0 00:00:00  -  Total Local Usage
	75951  -  Run Bytes Sent By Job
	555  -  Run Bytes Received By Job
	75951  -  Total Bytes Sent By Job
	555  -  Total Bytes Received By Job
	Partitionable Resources :    Usage  Request Allocated
	   Cpus                 :                 1         1
	   Disk (KB)            :       87  1024000   1026355
	   Memory (MB)          :      327     2000      2000
...
