000 (9624.000.000) 03/30 02:45:53 Job submitted from host: <128.101.221.180:9618?addrs=128.101.221.180-9618&noUDP&sock=3943_2604_3>
...
001 (9624.000.000) 03/30 02:52:06 Job executing on host: <128.101.220.49:9618?addrs=128.101.220.49-9618&noUDP&sock=280861_dd0b_4>
...
006 (9624.000.000) 03/30 02:52:15 Image size of job updated: 199672
	134  -  MemoryUsage of job (MB)
	136372  -  ResidentSetSize of job (KB)
...
006 (9624.000.000) 03/30 02:57:15 Image size of job updated: 426404
	323  -  MemoryUsage of job (MB)
	329772  -  ResidentSetSize of job (KB)
...
006 (9624.000.000) 03/30 03:02:06 Image size of job updated: 431632
	323  -  MemoryUsage of job (MB)
	329772  -  ResidentSetSize of job (KB)
...
005 (9624.000.000) 03/30 03:02:08 Job terminated.
	(1) Normal termination (return value 0)
		Usr 0 00:06:37, Sys 0 00:02:16  -  Run Remote Usage
		Usr 0 00:00:00, Sys 0 00:00:00  -  Run Local Usage
		Usr 0 00:06:37, Sys 0 00:02:16  -  Total Remote Usage
		Usr 0 00:00:00, Sys 0 00:00:00  -  Total Local Usage
	84364  -  Run Bytes Sent By Job
	555  -  Run Bytes Received By Job
	84364  -  Total Bytes Sent By Job
	555  -  Total Bytes Received By Job
	Partitionable Resources :    Usage  Request Allocated
	   Cpus                 :                 1         1
	   Disk (KB)            :       95  1024000   1029117
	   Memory (MB)          :      323     2000      2000
...
