000 (9602.000.000) 03/30 02:45:41 Job submitted from host: <128.101.221.180:9618?addrs=128.101.221.180-9618&noUDP&sock=3943_2604_3>
...
001 (9602.000.000) 03/30 02:46:01 Job executing on host: <128.101.221.182:9618?addrs=128.101.221.182-9618&noUDP&sock=3902_06a2_4>
...
006 (9602.000.000) 03/30 02:46:10 Image size of job updated: 64956
	63  -  MemoryUsage of job (MB)
	64004  -  ResidentSetSize of job (KB)
...
006 (9602.000.000) 03/30 02:51:11 Image size of job updated: 330844
	322  -  MemoryUsage of job (MB)
	329676  -  ResidentSetSize of job (KB)
...
006 (9602.000.000) 03/30 02:56:11 Image size of job updated: 333628
	325  -  MemoryUsage of job (MB)
	332740  -  ResidentSetSize of job (KB)
...
005 (9602.000.000) 03/30 02:57:40 Job terminated.
	(1) Normal termination (return value 0)
		Usr 0 00:06:30, Sys 0 00:04:11  -  Run Remote Usage
		Usr 0 00:00:00, Sys 0 00:00:00  -  Run Local Usage
		Usr 0 00:06:30, Sys 0 00:04:11  -  Total Remote Usage
		Usr 0 00:00:00, Sys 0 00:00:00  -  Total Local Usage
	74432  -  Run Bytes Sent By Job
	555  -  Run Bytes Received By Job
	74432  -  Total Bytes Sent By Job
	555  -  Total Bytes Received By Job
	Partitionable Resources :    Usage  Request Allocated
	   Cpus                 :                 1         1
	   Disk (KB)            :       85  1024000   2046944
	   Memory (MB)          :      325     2000      2000
...
