000 (9648.000.000) 03/30 02:46:10 Job submitted from host: <128.101.221.180:9618?addrs=128.101.221.180-9618&noUDP&sock=3943_2604_3>
...
001 (9648.000.000) 03/30 02:55:27 Job executing on host: <128.101.221.182:9618?addrs=128.101.221.182-9618&noUDP&sock=3902_06a2_4>
...
006 (9648.000.000) 03/30 02:55:35 Image size of job updated: 206364
	140  -  MemoryUsage of job (MB)
	143196  -  ResidentSetSize of job (KB)
...
006 (9648.000.000) 03/30 03:00:35 Image size of job updated: 425916
	325  -  MemoryUsage of job (MB)
	331792  -  ResidentSetSize of job (KB)
...
005 (9648.000.000) 03/30 03:01:47 Job terminated.
	(1) Normal termination (return value 0)
		Usr 0 00:03:53, Sys 0 00:01:55  -  Run Remote Usage
		Usr 0 00:00:00, Sys 0 00:00:00  -  Run Local Usage
		Usr 0 00:03:53, Sys 0 00:01:55  -  Total Remote Usage
		Usr 0 00:00:00, Sys 0 00:00:00  -  Total Local Usage
	57643  -  Run Bytes Sent By Job
	555  -  Run Bytes Received By Job
	57643  -  Total Bytes Sent By Job
	555  -  Total Bytes Received By Job
	Partitionable Resources :    Usage  Request Allocated
	   Cpus                 :                 1         1
	   Disk (KB)            :       69  1024000   2046944
	   Memory (MB)          :      325     2000      2000
...
