000 (9590.000.000) 03/30 02:45:35 Job submitted from host: <128.101.221.180:9618?addrs=128.101.221.180-9618&noUDP&sock=3943_2604_3>
...
001 (9590.000.000) 03/30 02:45:55 Job executing on host: <128.101.221.182:9618?addrs=128.101.221.182-9618&noUDP&sock=3902_06a2_4>
...
006 (9590.000.000) 03/30 02:46:04 Image size of job updated: 33404
	30  -  MemoryUsage of job (MB)
	30584  -  ResidentSetSize of job (KB)
...
006 (9590.000.000) 03/30 02:51:05 Image size of job updated: 332896
	325  -  MemoryUsage of job (MB)
	332748  -  ResidentSetSize of job (KB)
...
006 (9590.000.000) 03/30 02:55:24 Image size of job updated: 733000
	325  -  MemoryUsage of job (MB)
	332748  -  ResidentSetSize of job (KB)
...
005 (9590.000.000) 03/30 02:55:25 Job terminated.
	(1) Normal termination (return value 0)
		Usr 0 00:05:26, Sys 0 00:03:11  -  Run Remote Usage
		Usr 0 00:00:00, Sys 0 00:00:00  -  Run Local Usage
		Usr 0 00:05:26, Sys 0 00:03:11  -  Total Remote Usage
		Usr 0 00:00:00, Sys 0 00:00:00  -  Total Local Usage
	58716  -  Run Bytes Sent By Job
	555  -  Run Bytes Received By Job
	58716  -  Total Bytes Sent By Job
	555  -  Total Bytes Received By Job
	Partitionable Resources :    Usage  Request Allocated
	   Cpus                 :                 1         1
	   Disk (KB)            :       70  1024000   2046944
	   Memory (MB)          :      325     2000      2000
...
