000 (9587.000.000) 03/30 02:45:33 Job submitted from host: <128.101.221.180:9618?addrs=128.101.221.180-9618&noUDP&sock=3943_2604_3>
...
001 (9587.000.000) 03/30 02:45:53 Job executing on host: <128.101.221.175:9618?addrs=128.101.221.175-9618&noUDP&sock=12916_e152_4>
...
006 (9587.000.000) 03/30 02:46:02 Image size of job updated: 208224
	198  -  MemoryUsage of job (MB)
	202512  -  ResidentSetSize of job (KB)
...
006 (9587.000.000) 03/30 02:51:03 Image size of job updated: 336016
	322  -  MemoryUsage of job (MB)
	329336  -  ResidentSetSize of job (KB)
...
006 (9587.000.000) 03/30 02:56:03 Image size of job updated: 336016
	327  -  MemoryUsage of job (MB)
	334636  -  ResidentSetSize of job (KB)
...
005 (9587.000.000) 03/30 02:57:57 Job terminated.
	(1) Normal termination (return value 0)
		Usr 0 00:06:54, Sys 0 00:04:13  -  Run Remote Usage
		Usr 0 00:00:00, Sys 0 00:00:00  -  Run Local Usage
		Usr 0 00:06:54, Sys 0 00:04:13  -  Total Remote Usage
		Usr 0 00:00:00, Sys 0 00:00:00  -  Total Local Usage
	66689  -  Run Bytes Sent By Job
	555  -  Run Bytes Received By Job
	66689  -  Total Bytes Sent By Job
	555  -  Total Bytes Received By Job
	Partitionable Resources :    Usage  Request Allocated
	   Cpus                 :                 1         1
	   Disk (KB)            :       78  1024000   1930236
	   Memory (MB)          :      327     2000      2000
...
