000 (9599.000.000) 03/30 02:45:39 Job submitted from host: <128.101.221.180:9618?addrs=128.101.221.180-9618&noUDP&sock=3943_2604_3>
...
001 (9599.000.000) 03/30 02:45:59 Job executing on host: <128.101.221.182:9618?addrs=128.101.221.182-9618&noUDP&sock=3902_06a2_4>
...
006 (9599.000.000) 03/30 02:46:08 Image size of job updated: 44796
	44  -  MemoryUsage of job (MB)
	44452  -  ResidentSetSize of job (KB)
...
006 (9599.000.000) 03/30 02:51:09 Image size of job updated: 329796
	322  -  MemoryUsage of job (MB)
	329508  -  ResidentSetSize of job (KB)
...
006 (9599.000.000) 03/30 02:54:15 Image size of job updated: 332336
	322  -  MemoryUsage of job (MB)
	329508  -  ResidentSetSize of job (KB)
...
005 (9599.000.000) 03/30 02:54:16 Job terminated.
	(1) Normal termination (return value 0)
		Usr 0 00:04:44, Sys 0 00:02:49  -  Run Remote Usage
		Usr 0 00:00:00, Sys 0 00:00:00  -  Run Local Usage
		Usr 0 00:04:44, Sys 0 00:02:49  -  Total Remote Usage
		Usr 0 00:00:00, Sys 0 00:00:00  -  Total Local Usage
	58773  -  Run Bytes Sent By Job
	555  -  Run Bytes Received By Job
	58773  -  Total Bytes Sent By Job
	555  -  Total Bytes Received By Job
	Partitionable Resources :    Usage  Request Allocated
	   Cpus                 :                 1         1
	   Disk (KB)            :       70  1024000   2046944
	   Memory (MB)          :      322     2000      2000
...
