000 (9588.000.000) 03/30 02:45:33 Job submitted from host: <128.101.221.180:9618?addrs=128.101.221.180-9618&noUDP&sock=3943_2604_3>
...
001 (9588.000.000) 03/30 02:45:55 Job executing on host: <128.101.220.87:9618?addrs=128.101.220.87-9618&noUDP&sock=465496_1dbd_4>
...
006 (9588.000.000) 03/30 02:46:04 Image size of job updated: 61004
	42  -  MemoryUsage of job (MB)
	42428  -  ResidentSetSize of job (KB)
...
006 (9588.000.000) 03/30 02:51:05 Image size of job updated: 387340
	325  -  MemoryUsage of job (MB)
	332624  -  ResidentSetSize of job (KB)
...
005 (9588.000.000) 03/30 02:55:11 Job terminated.
	(1) Normal termination (return value 0)
		Usr 0 00:05:50, Sys 0 00:02:15  -  Run Remote Usage
		Usr 0 00:00:00, Sys 0 00:00:00  -  Run Local Usage
		Usr 0 00:05:50, Sys 0 00:02:15  -  Total Remote Usage
		Usr 0 00:00:00, Sys 0 00:00:00  -  Total Local Usage
	70676  -  Run Bytes Sent By Job
	555  -  Run Bytes Received By Job
	70676  -  Total Bytes Sent By Job
	555  -  Total Bytes Received By Job
	Partitionable Resources :    Usage  Request Allocated
	   Cpus                 :                 1         1
	   Disk (KB)            :       82  1024000   1029436
	   Memory (MB)          :      325     2000      2000
...
