000 (6500.000.000) 08/07 09:45:10 Job submitted from host: <128.101.221.176:9618?addrs=128.101.221.176-9618&noUDP&sock=11541_65e5_3>
...
001 (6500.000.000) 08/07 09:45:32 Job executing on host: <128.101.220.154:9618?addrs=128.101.220.154-9618&noUDP&sock=7465_f849_4>
...
006 (6500.000.000) 08/07 09:45:41 Image size of job updated: 90992
	52  -  MemoryUsage of job (MB)
	52952  -  ResidentSetSize of job (KB)
...
006 (6500.000.000) 08/07 09:50:42 Image size of job updated: 359816
	319  -  MemoryUsage of job (MB)
	326412  -  ResidentSetSize of job (KB)
...
006 (6500.000.000) 08/07 09:55:43 Image size of job updated: 359816
	319  -  MemoryUsage of job (MB)
	326416  -  ResidentSetSize of job (KB)
...
006 (6500.000.000) 08/07 10:05:44 Image size of job updated: 359816
	319  -  MemoryUsage of job (MB)
	326432  -  ResidentSetSize of job (KB)
...
006 (6500.000.000) 08/07 10:10:44 Image size of job updated: 359816
	319  -  MemoryUsage of job (MB)
	326440  -  ResidentSetSize of job (KB)
...
005 (6500.000.000) 08/07 10:32:34 Job terminated.
	(1) Normal termination (return value 0)
		Usr 0 00:01:23, Sys 0 00:00:51  -  Run Remote Usage
		Usr 0 00:00:00, Sys 0 00:00:00  -  Run Local Usage
		Usr 0 00:01:23, Sys 0 00:00:51  -  Total Remote Usage
		Usr 0 00:00:00, Sys 0 00:00:00  -  Total Local Usage
	24442  -  Run Bytes Sent By Job
	581  -  Run Bytes Received By Job
	24442  -  Total Bytes Sent By Job
	581  -  Total Bytes Received By Job
	Partitionable Resources :    Usage  Request Allocated
	   Cpus                 :                 1         1
	   Disk (KB)            :       36  1024000   4007775
	   Memory (MB)          :      319     2000      2000
...
