000 (6466.000.000) 08/07 09:44:55 Job submitted from host: <128.101.221.176:9618?addrs=128.101.221.176-9618&noUDP&sock=11541_65e5_3>
...
001 (6466.000.000) 08/07 09:45:18 Job executing on host: <128.101.220.87:9618?addrs=128.101.220.87-9618&noUDP&sock=12038_f3c2_4>
...
006 (6466.000.000) 08/07 09:45:27 Image size of job updated: 72096
	32  -  MemoryUsage of job (MB)
	32176  -  ResidentSetSize of job (KB)
...
006 (6466.000.000) 08/07 09:50:27 Image size of job updated: 353176
	320  -  MemoryUsage of job (MB)
	327272  -  ResidentSetSize of job (KB)
...
006 (6466.000.000) 08/07 09:55:27 Image size of job updated: 353184
	320  -  MemoryUsage of job (MB)
	327280  -  ResidentSetSize of job (KB)
...
006 (6466.000.000) 08/07 10:00:28 Image size of job updated: 353184
	320  -  MemoryUsage of job (MB)
	327304  -  ResidentSetSize of job (KB)
...
006 (6466.000.000) 08/07 10:05:29 Image size of job updated: 353184
	320  -  MemoryUsage of job (MB)
	327332  -  ResidentSetSize of job (KB)
...
006 (6466.000.000) 08/07 10:20:31 Image size of job updated: 353184
	320  -  MemoryUsage of job (MB)
	327432  -  ResidentSetSize of job (KB)
...
006 (6466.000.000) 08/07 10:25:31 Image size of job updated: 353184
	320  -  MemoryUsage of job (MB)
	327468  -  ResidentSetSize of job (KB)
...
006 (6466.000.000) 08/07 10:30:31 Image size of job updated: 353184
	320  -  MemoryUsage of job (MB)
	327516  -  ResidentSetSize of job (KB)
...
005 (6466.000.000) 08/07 10:34:00 Job terminated.
	(1) Normal termination (return value 0)
		Usr 0 00:01:36, Sys 0 00:00:57  -  Run Remote Usage
		Usr 0 00:00:00, Sys 0 00:00:00  -  Run Local Usage
		Usr 0 00:01:36, Sys 0 00:00:57  -  Total Remote Usage
		Usr 0 00:00:00, Sys 0 00:00:00  -  Total Local Usage
	24453  -  Run Bytes Sent By Job
	581  -  Run Bytes Received By Job
	24453  -  Total Bytes Sent By Job
	581  -  Total Bytes Received By Job
	Partitionable Resources :    Usage  Request Allocated
	   Cpus                 :                 1         1
	   Disk (KB)            :       36  1024000   4041165
	   Memory (MB)          :      320     2000      2000
...
