000 (6497.000.000) 08/07 09:45:08 Job submitted from host: <128.101.221.176:9618?addrs=128.101.221.176-9618&noUDP&sock=11541_65e5_3>
...
001 (6497.000.000) 08/07 09:45:31 Job executing on host: <128.101.220.43:9618?addrs=128.101.220.43-9618&noUDP&sock=11896_2ff0_4>
...
006 (6497.000.000) 08/07 09:45:39 Image size of job updated: 147960
	100  -  MemoryUsage of job (MB)
	101404  -  ResidentSetSize of job (KB)
...
006 (6497.000.000) 08/07 09:50:39 Image size of job updated: 346896
	321  -  MemoryUsage of job (MB)
	327760  -  ResidentSetSize of job (KB)
...
006 (6497.000.000) 08/07 09:55:40 Image size of job updated: 346900
	321  -  MemoryUsage of job (MB)
	327764  -  ResidentSetSize of job (KB)
...
006 (6497.000.000) 08/07 10:00:40 Image size of job updated: 346900
	321  -  MemoryUsage of job (MB)
	327788  -  ResidentSetSize of job (KB)
...
006 (6497.000.000) 08/07 10:05:40 Image size of job updated: 346900
	321  -  MemoryUsage of job (MB)
	327816  -  ResidentSetSize of job (KB)
...
005 (6497.000.000) 08/07 10:32:26 Job terminated.
	(1) Normal termination (return value 0)
		Usr 0 00:01:27, Sys 0 00:00:54  -  Run Remote Usage
		Usr 0 00:00:00, Sys 0 00:00:00  -  Run Local Usage
		Usr 0 00:01:27, Sys 0 00:00:54  -  Total Remote Usage
		Usr 0 00:00:00, Sys 0 00:00:00  -  Total Local Usage
	24445  -  Run Bytes Sent By Job
	581  -  Run Bytes Received By Job
	24445  -  Total Bytes Sent By Job
	581  -  Total Bytes Received By Job
	Partitionable Resources :    Usage  Request Allocated
	   Cpus                 :                 1         1
	   Disk (KB)            :       36  1024000   4011504
	   Memory (MB)          :      321     2000      2000
...
