000 (6467.000.000) 08/07 09:44:55 Job submitted from host: <128.101.221.176:9618?addrs=128.101.221.176-9618&noUDP&sock=11541_65e5_3>
...
001 (6467.000.000) 08/07 09:45:25 Job executing on host: <128.101.220.77:9618?addrs=128.101.220.77-9618&noUDP&sock=11888_125e_4>
...
006 (6467.000.000) 08/07 09:45:33 Image size of job updated: 57460
	27  -  MemoryUsage of job (MB)
	26684  -  ResidentSetSize of job (KB)
...
006 (6467.000.000) 08/07 09:50:33 Image size of job updated: 346968
	319  -  MemoryUsage of job (MB)
	326552  -  ResidentSetSize of job (KB)
...
006 (6467.000.000) 08/07 10:05:35 Image size of job updated: 346968
	319  -  MemoryUsage of job (MB)
	326556  -  ResidentSetSize of job (KB)
...
006 (6467.000.000) 08/07 10:10:35 Image size of job updated: 346968
	320  -  MemoryUsage of job (MB)
	327412  -  ResidentSetSize of job (KB)
...
006 (6467.000.000) 08/07 10:20:36 Image size of job updated: 346968
	321  -  MemoryUsage of job (MB)
	328304  -  ResidentSetSize of job (KB)
...
005 (6467.000.000) 08/07 10:34:51 Job terminated.
	(1) Normal termination (return value 0)
		Usr 0 00:01:34, Sys 0 00:00:58  -  Run Remote Usage
		Usr 0 00:00:00, Sys 0 00:00:00  -  Run Local Usage
		Usr 0 00:01:34, Sys 0 00:00:58  -  Total Remote Usage
		Usr 0 00:00:00, Sys 0 00:00:00  -  Total Local Usage
	24915  -  Run Bytes Sent By Job
	581  -  Run Bytes Received By Job
	24915  -  Total Bytes Sent By Job
	581  -  Total Bytes Received By Job
	Partitionable Resources :    Usage  Request Allocated
	   Cpus                 :                 1         1
	   Disk (KB)            :       36  1024000   4054561
	   Memory (MB)          :      321     2000      2000
...
