000 (6449.000.000) 08/07 09:44:47 Job submitted from host: <128.101.221.176:9618?addrs=128.101.221.176-9618&noUDP&sock=11541_65e5_3>
...
001 (6449.000.000) 08/07 09:44:53 Job executing on host: <128.101.221.171:9618?addrs=128.101.221.171-9618&noUDP&sock=11629_6b57_4>
...
006 (6449.000.000) 08/07 09:45:01 Image size of job updated: 79648
	44  -  MemoryUsage of job (MB)
	44384  -  ResidentSetSize of job (KB)
...
006 (6449.000.000) 08/07 09:50:01 Image size of job updated: 328196
	319  -  MemoryUsage of job (MB)
	326048  -  ResidentSetSize of job (KB)
...
006 (6449.000.000) 08/07 09:55:01 Image size of job updated: 328216
	319  -  MemoryUsage of job (MB)
	326068  -  ResidentSetSize of job (KB)
...
006 (6449.000.000) 08/07 10:00:02 Image size of job updated: 328560
	319  -  MemoryUsage of job (MB)
	326404  -  ResidentSetSize of job (KB)
...
006 (6449.000.000) 08/07 10:05:02 Image size of job updated: 328580
	319  -  MemoryUsage of job (MB)
	326424  -  ResidentSetSize of job (KB)
...
005 (6449.000.000) 08/07 10:17:36 Job terminated.
	(1) Normal termination (return value 0)
		Usr 0 00:01:10, Sys 0 00:00:44  -  Run Remote Usage
		Usr 0 00:00:00, Sys 0 00:00:00  -  Run Local Usage
		Usr 0 00:01:10, Sys 0 00:00:44  -  Total Remote Usage
		Usr 0 00:00:00, Sys 0 00:00:00  -  Total Local Usage
	23739  -  Run Bytes Sent By Job
	581  -  Run Bytes Received By Job
	23739  -  Total Bytes Sent By Job
	581  -  Total Bytes Received By Job
	Partitionable Resources :    Usage  Request Allocated
	   Cpus                 :                 1         1
	   Disk (KB)            :       35  1024000   1814658
	   Memory (MB)          :      319     2000      2000
...
