000 (6478.000.000) 08/07 09:45:00 Job submitted from host: <128.101.221.176:9618?addrs=128.101.221.176-9618&noUDP&sock=11541_65e5_3>
...
001 (6478.000.000) 08/07 09:45:26 Job executing on host: <128.101.220.206:9618?addrs=128.101.220.206-9618&noUDP&sock=11990_5feb_4>
...
006 (6478.000.000) 08/07 09:45:35 Image size of job updated: 64432
	29  -  MemoryUsage of job (MB)
	29316  -  ResidentSetSize of job (KB)
...
006 (6478.000.000) 08/07 09:50:36 Image size of job updated: 420620
	320  -  MemoryUsage of job (MB)
	326948  -  ResidentSetSize of job (KB)
...
006 (6478.000.000) 08/07 09:55:36 Image size of job updated: 420620
	320  -  MemoryUsage of job (MB)
	326952  -  ResidentSetSize of job (KB)
...
006 (6478.000.000) 08/07 10:00:38 Image size of job updated: 420620
	320  -  MemoryUsage of job (MB)
	327660  -  ResidentSetSize of job (KB)
...
005 (6478.000.000) 08/07 10:10:45 Job terminated.
	(1) Normal termination (return value 0)
		Usr 0 00:01:20, Sys 0 00:00:46  -  Run Remote Usage
		Usr 0 00:00:00, Sys 0 00:00:00  -  Run Local Usage
		Usr 0 00:01:20, Sys 0 00:00:46  -  Total Remote Usage
		Usr 0 00:00:00, Sys 0 00:00:00  -  Total Local Usage
	24204  -  Run Bytes Sent By Job
	581  -  Run Bytes Received By Job
	24204  -  Total Bytes Sent By Job
	581  -  Total Bytes Received By Job
	Partitionable Resources :    Usage  Request Allocated
	   Cpus                 :                 1         1
	   Disk (KB)            :       35  1024000   4066200
	   Memory (MB)          :      320     2000      2000
...
