000 (6453.000.000) 08/07 09:44:49 Job submitted from host: <128.101.221.176:9618?addrs=128.101.221.176-9618&noUDP&sock=11541_65e5_3>
...
001 (6453.000.000) 08/07 09:44:54 Job executing on host: <128.101.221.189:9618?addrs=128.101.221.189-9618&noUDP&sock=12427_2d97_4>
...
006 (6453.000.000) 08/07 09:45:03 Image size of job updated: 106380
	58  -  MemoryUsage of job (MB)
	58532  -  ResidentSetSize of job (KB)
...
006 (6453.000.000) 08/07 09:50:04 Image size of job updated: 331520
	320  -  MemoryUsage of job (MB)
	327188  -  ResidentSetSize of job (KB)
...
006 (6453.000.000) 08/07 10:05:06 Image size of job updated: 332048
	321  -  MemoryUsage of job (MB)
	327716  -  ResidentSetSize of job (KB)
...
006 (6453.000.000) 08/07 10:10:06 Image size of job updated: 332100
	321  -  MemoryUsage of job (MB)
	327768  -  ResidentSetSize of job (KB)
...
006 (6453.000.000) 08/07 10:15:06 Image size of job updated: 332112
	321  -  MemoryUsage of job (MB)
	327784  -  ResidentSetSize of job (KB)
...
005 (6453.000.000) 08/07 10:20:33 Job terminated.
	(1) Normal termination (return value 0)
		Usr 0 00:01:45, Sys 0 00:01:02  -  Run Remote Usage
		Usr 0 00:00:00, Sys 0 00:00:00  -  Run Local Usage
		Usr 0 00:01:45, Sys 0 00:01:02  -  Total Remote Usage
		Usr 0 00:00:00, Sys 0 00:00:00  -  Total Local Usage
	24449  -  Run Bytes Sent By Job
	581  -  Run Bytes Received By Job
	24449  -  Total Bytes Sent By Job
	581  -  Total Bytes Received By Job
	Partitionable Resources :    Usage  Request Allocated
	   Cpus                 :                 1         1
	   Disk (KB)            :       36  1024000   8585990
	   Memory (MB)          :      321     2000      2000
...
