000 (6483.000.000) 08/07 09:45:02 Job submitted from host: <128.101.221.176:9618?addrs=128.101.221.176-9618&noUDP&sock=11541_65e5_3>
...
001 (6483.000.000) 08/07 09:45:22 Job executing on host: <128.101.220.125:9618?addrs=128.101.220.125-9618&noUDP&sock=12159_17d0_4>
...
006 (6483.000.000) 08/07 09:45:31 Image size of job updated: 61368
	28  -  MemoryUsage of job (MB)
	27816  -  ResidentSetSize of job (KB)
...
006 (6483.000.000) 08/07 09:50:32 Image size of job updated: 345272
	321  -  MemoryUsage of job (MB)
	328476  -  ResidentSetSize of job (KB)
...
006 (6483.000.000) 08/07 09:55:33 Image size of job updated: 345300
	321  -  MemoryUsage of job (MB)
	328504  -  ResidentSetSize of job (KB)
...
005 (6483.000.000) 08/07 10:22:36 Job terminated.
	(1) Normal termination (return value 0)
		Usr 0 00:01:20, Sys 0 00:00:47  -  Run Remote Usage
		Usr 0 00:00:00, Sys 0 00:00:00  -  Run Local Usage
		Usr 0 00:01:20, Sys 0 00:00:47  -  Total Remote Usage
		Usr 0 00:00:00, Sys 0 00:00:00  -  Total Local Usage
	24213  -  Run Bytes Sent By Job
	581  -  Run Bytes Received By Job
	24213  -  Total Bytes Sent By Job
	581  -  Total Bytes Received By Job
	Partitionable Resources :    Usage  Request Allocated
	   Cpus                 :                 1         1
	   Disk (KB)            :       35  1024000   4029682
	   Memory (MB)          :      321     2000      2000
...
