000 (6474.000.000) 08/07 09:44:58 Job submitted from host: <128.101.221.176:9618?addrs=128.101.221.176-9618&noUDP&sock=11541_65e5_3>
...
001 (6474.000.000) 08/07 09:45:21 Job executing on host: <128.101.220.109:9618?addrs=128.101.220.109-9618&noUDP&sock=7400_ab82_4>
...
006 (6474.000.000) 08/07 09:45:29 Image size of job updated: 54164
	26  -  MemoryUsage of job (MB)
	26132  -  ResidentSetSize of job (KB)
...
006 (6474.000.000) 08/07 09:50:29 Image size of job updated: 339540
	319  -  MemoryUsage of job (MB)
	326484  -  ResidentSetSize of job (KB)
...
006 (6474.000.000) 08/07 10:00:30 Image size of job updated: 339540
	319  -  MemoryUsage of job (MB)
	326488  -  ResidentSetSize of job (KB)
...
005 (6474.000.000) 08/07 10:34:22 Job terminated.
	(1) Normal termination (return value 0)
		Usr 0 00:01:27, Sys 0 00:00:52  -  Run Remote Usage
		Usr 0 00:00:00, Sys 0 00:00:00  -  Run Local Usage
		Usr 0 00:01:27, Sys 0 00:00:52  -  Total Remote Usage
		Usr 0 00:00:00, Sys 0 00:00:00  -  Total Local Usage
	24212  -  Run Bytes Sent By Job
	581  -  Run Bytes Received By Job
	24212  -  Total Bytes Sent By Job
	581  -  Total Bytes Received By Job
	Partitionable Resources :    Usage  Request Allocated
	   Cpus                 :                 1         1
	   Disk (KB)            :       35  1024000   4044259
	   Memory (MB)          :      319     2000      2000
...
