000 (6498.000.000) 08/07 09:45:09 Job submitted from host: <128.101.221.176:9618?addrs=128.101.221.176-9618&noUDP&sock=11541_65e5_3>
...
001 (6498.000.000) 08/07 09:45:32 Job executing on host: <128.101.220.94:9618?addrs=128.101.220.94-9618&noUDP&sock=12956_3a07_4>
...
006 (6498.000.000) 08/07 09:45:41 Image size of job updated: 190220
	152  -  MemoryUsage of job (MB)
	155236  -  ResidentSetSize of job (KB)
...
006 (6498.000.000) 08/07 09:50:42 Image size of job updated: 338960
	319  -  MemoryUsage of job (MB)
	326656  -  ResidentSetSize of job (KB)
...
006 (6498.000.000) 08/07 09:55:43 Image size of job updated: 338980
	320  -  MemoryUsage of job (MB)
	326676  -  ResidentSetSize of job (KB)
...
006 (6498.000.000) 08/07 10:00:43 Image size of job updated: 338980
	320  -  MemoryUsage of job (MB)
	326732  -  ResidentSetSize of job (KB)
...
006 (6498.000.000) 08/07 10:20:46 Image size of job updated: 338980
	320  -  MemoryUsage of job (MB)
	327092  -  ResidentSetSize of job (KB)
...
006 (6498.000.000) 08/07 10:25:46 Image size of job updated: 338980
	320  -  MemoryUsage of job (MB)
	327108  -  ResidentSetSize of job (KB)
...
006 (6498.000.000) 08/07 10:30:46 Image size of job updated: 338980
	320  -  MemoryUsage of job (MB)
	327116  -  ResidentSetSize of job (KB)
...
005 (6498.000.000) 08/07 10:34:55 Job terminated.
	(1) Normal termination (return value 0)
		Usr 0 00:01:34, Sys 0 00:00:59  -  Run Remote Usage
		Usr 0 00:00:00, Sys 0 00:00:00  -  Run Local Usage
		Usr 0 00:01:34, Sys 0 00:00:59  -  Total Remote Usage
		Usr 0 00:00:00, Sys 0 00:00:00  -  Total Local Usage
	24916  -  Run Bytes Sent By Job
	581  -  Run Bytes Received By Job
	24916  -  Total Bytes Sent By Job
	581  -  Total Bytes Received By Job
	Partitionable Resources :    Usage  Request Allocated
	   Cpus                 :                 1         1
	   Disk (KB)            :       36  1024000   1740509
	   Memory (MB)          :      320     2000      2000
...
