000 (6492.000.000) 08/07 09:45:06 Job submitted from host: <128.101.221.176:9618?addrs=128.101.221.176-9618&noUDP&sock=11541_65e5_3>
...
001 (6492.000.000) 08/07 09:45:28 Job executing on host: <128.101.220.74:9618?addrs=128.101.220.74-9618&noUDP&sock=11997_2d15_4>
...
006 (6492.000.000) 08/07 09:45:37 Image size of job updated: 217736
	162  -  MemoryUsage of job (MB)
	164932  -  ResidentSetSize of job (KB)
...
006 (6492.000.000) 08/07 09:50:38 Image size of job updated: 330948
	320  -  MemoryUsage of job (MB)
	327064  -  ResidentSetSize of job (KB)
...
006 (6492.000.000) 08/07 09:55:39 Image size of job updated: 330952
	320  -  MemoryUsage of job (MB)
	327068  -  ResidentSetSize of job (KB)
...
006 (6492.000.000) 08/07 10:10:41 Image size of job updated: 330952
	321  -  MemoryUsage of job (MB)
	328048  -  ResidentSetSize of job (KB)
...
006 (6492.000.000) 08/07 10:20:42 Image size of job updated: 330952
	323  -  MemoryUsage of job (MB)
	330364  -  ResidentSetSize of job (KB)
...
006 (6492.000.000) 08/07 10:25:43 Image size of job updated: 330952
	323  -  MemoryUsage of job (MB)
	330392  -  ResidentSetSize of job (KB)
...
005 (6492.000.000) 08/07 10:34:59 Job terminated.
	(1) Normal termination (return value 0)
		Usr 0 00:01:40, Sys 0 00:01:02  -  Run Remote Usage
		Usr 0 00:00:00, Sys 0 00:00:00  -  Run Local Usage
		Usr 0 00:01:40, Sys 0 00:01:02  -  Total Remote Usage
		Usr 0 00:00:00, Sys 0 00:00:00  -  Total Local Usage
	25154  -  Run Bytes Sent By Job
	581  -  Run Bytes Received By Job
	25154  -  Total Bytes Sent By Job
	581  -  Total Bytes Received By Job
	Partitionable Resources :    Usage  Request Allocated
	   Cpus                 :                 1         1
	   Disk (KB)            :       36  1024000   4023127
	   Memory (MB)          :      323     2000      2000
...
