000 (6526.000.000) 08/07 09:45:31 Job submitted from host: <128.101.221.176:9618?addrs=128.101.221.176-9618&noUDP&sock=11541_65e5_3>
...
001 (6526.000.000) 08/07 09:45:37 Job executing on host: <128.101.220.86:9618?addrs=128.101.220.86-9618&noUDP&sock=12219_6c9f_4>
...
006 (6526.000.000) 08/07 09:45:46 Image size of job updated: 95168
	54  -  MemoryUsage of job (MB)
	54572  -  ResidentSetSize of job (KB)
...
006 (6526.000.000) 08/07 09:50:47 Image size of job updated: 399884
	320  -  MemoryUsage of job (MB)
	327520  -  ResidentSetSize of job (KB)
...
006 (6526.000.000) 08/07 09:55:47 Image size of job updated: 399996
	320  -  MemoryUsage of job (MB)
	327632  -  ResidentSetSize of job (KB)
...
006 (6526.000.000) 08/07 10:10:49 Image size of job updated: 399996
	320  -  MemoryUsage of job (MB)
	327636  -  ResidentSetSize of job (KB)
...
005 (6526.000.000) 08/07 10:13:21 Job terminated.
	(1) Normal termination (return value 0)
		Usr 0 00:01:04, Sys 0 00:00:42  -  Run Remote Usage
		Usr 0 00:00:00, Sys 0 00:00:00  -  Run Local Usage
		Usr 0 00:01:04, Sys 0 00:00:42  -  Total Remote Usage
		Usr 0 00:00:00, Sys 0 00:00:00  -  Total Local Usage
	21798  -  Run Bytes Sent By Job
	575  -  Run Bytes Received By Job
	21798  -  Total Bytes Sent By Job
	575  -  Total Bytes Received By Job
	Partitionable Resources :    Usage  Request Allocated
	   Cpus                 :                 1         1
	   Disk (KB)            :       33  1024000   4012539
	   Memory (MB)          :      320     2000      2000
...
