000 (5558.000.000) 08/06 17:29:17 Job submitted from host: <128.101.221.176:9618?addrs=128.101.221.176-9618&noUDP&sock=11541_65e5_3>
...
001 (5558.000.000) 08/06 17:29:24 Job executing on host: <128.101.221.172:9618?addrs=128.101.221.172-9618&noUDP&sock=6995_385c_4>
...
006 (5558.000.000) 08/06 17:29:33 Image size of job updated: 19228
	19  -  MemoryUsage of job (MB)
	19228  -  ResidentSetSize of job (KB)
...
006 (5558.000.000) 08/06 17:34:34 Image size of job updated: 337704
	321  -  MemoryUsage of job (MB)
	328372  -  ResidentSetSize of job (KB)
...
006 (5558.000.000) 08/06 17:39:34 Image size of job updated: 337780
	321  -  MemoryUsage of job (MB)
	328448  -  ResidentSetSize of job (KB)
...
006 (5558.000.000) 08/06 17:44:35 Image size of job updated: 337780
	321  -  MemoryUsage of job (MB)
	328456  -  ResidentSetSize of job (KB)
...
006 (5558.000.000) 08/06 17:49:36 Image size of job updated: 337780
	321  -  MemoryUsage of job (MB)
	328496  -  ResidentSetSize of job (KB)
...
006 (5558.000.000) 08/06 17:54:36 Image size of job updated: 337780
	322  -  MemoryUsage of job (MB)
	329368  -  ResidentSetSize of job (KB)
...
006 (5558.000.000) 08/06 17:59:36 Image size of job updated: 337780
	322  -  MemoryUsage of job (MB)
	329440  -  ResidentSetSize of job (KB)
...
006 (5558.000.000) 08/06 18:03:51 Image size of job updated: 711104
	322  -  MemoryUsage of job (MB)
	329440  -  ResidentSetSize of job (KB)
...
005 (5558.000.000) 08/06 18:03:52 Job terminated.
	(1) Normal termination (return value 0)
		Usr 0 00:01:42, Sys 0 00:01:15  -  Run Remote Usage
		Usr 0 00:00:00, Sys 0 00:00:00  -  Run Local Usage
		Usr 0 00:01:42, Sys 0 00:01:15  -  Total Remote Usage
		Usr 0 00:00:00, Sys 0 00:00:00  -  Total Local Usage
	23579  -  Run Bytes Sent By Job
	557  -  Run Bytes Received By Job
	23579  -  Total Bytes Sent By Job
	557  -  Total Bytes Received By Job
	Partitionable Resources :    Usage  Request Allocated
	   Cpus                 :                 1         1
	   Disk (KB)            :       35  1024000   8557876
	   Memory (MB)          :      322     2000      2000
...
