000 (5810.000.000) 08/06 22:53:40 Job submitted from host: <128.101.221.176:9618?addrs=128.101.221.176-9618&noUDP&sock=11541_65e5_3>
...
001 (5810.000.000) 08/06 23:16:55 Job executing on host: <128.101.220.43:9618?addrs=128.101.220.43-9618&noUDP&sock=11896_2ff0_4>
...
006 (5810.000.000) 08/06 23:17:04 Image size of job updated: 16340
	7  -  MemoryUsage of job (MB)
	6800  -  ResidentSetSize of job (KB)
...
006 (5810.000.000) 08/06 23:22:05 Image size of job updated: 421712
	321  -  MemoryUsage of job (MB)
	328600  -  ResidentSetSize of job (KB)
...
006 (5810.000.000) 08/06 23:33:20 Image size of job updated: 692432
	321  -  MemoryUsage of job (MB)
	328600  -  ResidentSetSize of job (KB)
...
005 (5810.000.000) 08/06 23:33:21 Job terminated.
	(1) Normal termination (return value 0)
		Usr 0 00:02:11, Sys 0 00:01:32  -  Run Remote Usage
		Usr 0 00:00:00, Sys 0 00:00:00  -  Run Local Usage
		Usr 0 00:02:11, Sys 0 00:01:32  -  Total Remote Usage
		Usr 0 00:00:00, Sys 0 00:00:00  -  Total Local Usage
	24466  -  Run Bytes Sent By Job
	561  -  Run Bytes Received By Job
	24466  -  Total Bytes Sent By Job
	561  -  Total Bytes Received By Job
	Partitionable Resources :    Usage  Request Allocated
	   Cpus                 :                 1         1
	   Disk (KB)            :       36  1024000   4011520
	   Memory (MB)          :      321     2000      2000
...
