000 (5816.000.000) 08/06 22:54:14 Job submitted from host: <128.101.221.176:9618?addrs=128.101.221.176-9618&noUDP&sock=11541_65e5_3>
...
001 (5816.000.000) 08/06 23:21:31 Job executing on host: <128.101.221.193:9618?addrs=128.101.221.193-9618&noUDP&sock=11662_64db_4>
...
006 (5816.000.000) 08/06 23:21:40 Image size of job updated: 1256
	2  -  MemoryUsage of job (MB)
	1224  -  ResidentSetSize of job (KB)
...
006 (5816.000.000) 08/06 23:26:40 Image size of job updated: 422112
	322  -  MemoryUsage of job (MB)
	329392  -  ResidentSetSize of job (KB)
...
006 (5816.000.000) 08/06 23:33:11 Image size of job updated: 710940
	322  -  MemoryUsage of job (MB)
	329392  -  ResidentSetSize of job (KB)
...
005 (5816.000.000) 08/06 23:33:12 Job terminated.
	(1) Normal termination (return value 0)
		Usr 0 00:01:09, Sys 0 00:01:05  -  Run Remote Usage
		Usr 0 00:00:00, Sys 0 00:00:00  -  Run Local Usage
		Usr 0 00:01:09, Sys 0 00:01:05  -  Total Remote Usage
		Usr 0 00:00:00, Sys 0 00:00:00  -  Total Local Usage
	23772  -  Run Bytes Sent By Job
	561  -  Run Bytes Received By Job
	23772  -  Total Bytes Sent By Job
	561  -  Total Bytes Received By Job
	Partitionable Resources :    Usage  Request Allocated
	   Cpus                 :                 1         1
	   Disk (KB)            :       35  1024000   1827092
	   Memory (MB)          :      322     2000      2000
...
