000 (10100.000.000) 03/30 09:00:22 Job submitted from host: <128.101.221.180:9618?addrs=128.101.221.180-9618&noUDP&sock=3943_2604_3>
...
001 (10100.000.000) 03/30 09:14:38 Job executing on host: <128.101.221.179:9618?addrs=128.101.221.179-9618&noUDP&sock=2230935_6d61_4>
...
006 (10100.000.000) 03/30 09:14:47 Image size of job updated: 191880
	127  -  MemoryUsage of job (MB)
	129332  -  ResidentSetSize of job (KB)
...
006 (10100.000.000) 03/30 09:19:48 Image size of job updated: 426228
	322  -  MemoryUsage of job (MB)
	329596  -  ResidentSetSize of job (KB)
...
006 (10100.000.000) 03/30 09:24:49 Image size of job updated: 431644
	328  -  MemoryUsage of job (MB)
	335008  -  ResidentSetSize of job (KB)
...
005 (10100.000.000) 03/30 09:27:02 Job terminated.
	(1) Normal termination (return value 0)
		Usr 0 00:08:21, Sys 0 00:02:40  -  Run Remote Usage
		Usr 0 00:00:00, Sys 0 00:00:00  -  Run Local Usage
		Usr 0 00:08:21, Sys 0 00:02:40  -  Total Remote Usage
		Usr 0 00:00:00, Sys 0 00:00:00  -  Total Local Usage
	84335  -  Run Bytes Sent By Job
	547  -  Run Bytes Received By Job
	84335  -  Total Bytes Sent By Job
	547  -  Total Bytes Received By Job
	Partitionable Resources :    Usage  Request Allocated
	   Cpus                 :                 1         1
	   Disk (KB)            :       95  1024000   1027804
	   Memory (MB)          :      328     2000      2000
...
