000 (10093.000.000) 03/30 09:00:13 Job submitted from host: <128.101.221.180:9618?addrs=128.101.221.180-9618&noUDP&sock=3943_2604_3>
...
001 (10093.000.000) 03/30 09:13:53 Job executing on host: <128.101.221.175:9618?addrs=128.101.221.175-9618&noUDP&sock=12916_e152_4>
...
006 (10093.000.000) 03/30 09:14:02 Image size of job updated: 231584
	185  -  MemoryUsage of job (MB)
	189348  -  ResidentSetSize of job (KB)
...
006 (10093.000.000) 03/30 09:19:03 Image size of job updated: 377520
	324  -  MemoryUsage of job (MB)
	331732  -  ResidentSetSize of job (KB)
...
005 (10093.000.000) 03/30 09:21:47 Job terminated.
	(1) Normal termination (return value 0)
		Usr 0 00:04:38, Sys 0 00:02:30  -  Run Remote Usage
		Usr 0 00:00:00, Sys 0 00:00:00  -  Run Local Usage
		Usr 0 00:04:38, Sys 0 00:02:30  -  Total Remote Usage
		Usr 0 00:00:00, Sys 0 00:00:00  -  Total Local Usage
	57633  -  Run Bytes Sent By Job
	547  -  Run Bytes Received By Job
	57633  -  Total Bytes Sent By Job
	547  -  Total Bytes Received By Job
	Partitionable Resources :    Usage  Request Allocated
	   Cpus                 :                 1         1
	   Disk (KB)            :       69  1024000   1932376
	   Memory (MB)          :      324     2000      2000
...
