000 (10050.000.000) 03/30 08:59:50 Job submitted from host: <128.101.221.180:9618?addrs=128.101.221.180-9618&noUDP&sock=3943_2604_3>
...
001 (10050.000.000) 03/30 09:08:55 Job executing on host: <128.101.221.194:9618?addrs=128.101.221.194-9618&noUDP&sock=3837_70fa_4>
...
006 (10050.000.000) 03/30 09:09:03 Image size of job updated: 255048
	175  -  MemoryUsage of job (MB)
	178780  -  ResidentSetSize of job (KB)
...
006 (10050.000.000) 03/30 09:14:03 Image size of job updated: 428096
	324  -  MemoryUsage of job (MB)
	331464  -  ResidentSetSize of job (KB)
...
006 (10050.000.000) 03/30 09:17:38 Image size of job updated: 431980
	324  -  MemoryUsage of job (MB)
	331464  -  ResidentSetSize of job (KB)
...
005 (10050.000.000) 03/30 09:17:39 Job terminated.
	(1) Normal termination (return value 0)
		Usr 0 00:05:51, Sys 0 00:01:56  -  Run Remote Usage
		Usr 0 00:00:00, Sys 0 00:00:00  -  Run Local Usage
		Usr 0 00:05:51, Sys 0 00:01:56  -  Total Remote Usage
		Usr 0 00:00:00, Sys 0 00:00:00  -  Total Local Usage
	70870  -  Run Bytes Sent By Job
	547  -  Run Bytes Received By Job
	70870  -  Total Bytes Sent By Job
	547  -  Total Bytes Received By Job
	Partitionable Resources :    Usage  Request Allocated
	   Cpus                 :                 1         1
	   Disk (KB)            :       82  1024000   1028031
	   Memory (MB)          :      324     2000      2000
...
