000 (10054.000.000) 03/30 08:59:52 Job submitted from host: <128.101.221.180:9618?addrs=128.101.221.180-9618&noUDP&sock=3943_2604_3>
...
001 (10054.000.000) 03/30 09:09:19 Job executing on host: <128.101.221.182:9618?addrs=128.101.221.182-9618&noUDP&sock=3902_06a2_4>
...
006 (10054.000.000) 03/30 09:09:27 Image size of job updated: 163132
	145  -  MemoryUsage of job (MB)
	147496  -  ResidentSetSize of job (KB)
...
006 (10054.000.000) 03/30 09:14:27 Image size of job updated: 331556
	323  -  MemoryUsage of job (MB)
	330536  -  ResidentSetSize of job (KB)
...
005 (10054.000.000) 03/30 09:17:36 Job terminated.
	(1) Normal termination (return value 0)
		Usr 0 00:04:53, Sys 0 00:02:51  -  Run Remote Usage
		Usr 0 00:00:00, Sys 0 00:00:00  -  Run Local Usage
		Usr 0 00:04:53, Sys 0 00:02:51  -  Total Remote Usage
		Usr 0 00:00:00, Sys 0 00:00:00  -  Total Local Usage
	57208  -  Run Bytes Sent By Job
	547  -  Run Bytes Received By Job
	57208  -  Total Bytes Sent By Job
	547  -  Total Bytes Received By Job
	Partitionable Resources :    Usage  Request Allocated
	   Cpus                 :                 1         1
	   Disk (KB)            :       69  1024000   2046438
	   Memory (MB)          :      323     2000      2000
...
