000 (10059.000.000) 03/30 08:59:54 Job submitted from host: <128.101.221.180:9618?addrs=128.101.221.180-9618&noUDP&sock=3943_2604_3>
...
001 (10059.000.000) 03/30 09:09:38 Job executing on host: <128.101.220.112:9618?addrs=128.101.220.112-9618&noUDP&sock=2301225_8552_4>
...
006 (10059.000.000) 03/30 09:09:46 Image size of job updated: 250380
	170  -  MemoryUsage of job (MB)
	173808  -  ResidentSetSize of job (KB)
...
006 (10059.000.000) 03/30 09:14:46 Image size of job updated: 337456
	326  -  MemoryUsage of job (MB)
	333128  -  ResidentSetSize of job (KB)
...
005 (10059.000.000) 03/30 09:16:54 Job terminated.
	(1) Normal termination (return value 0)
		Usr 0 00:04:46, Sys 0 00:01:47  -  Run Remote Usage
		Usr 0 00:00:00, Sys 0 00:00:00  -  Run Local Usage
		Usr 0 00:04:46, Sys 0 00:01:47  -  Total Remote Usage
		Usr 0 00:00:00, Sys 0 00:00:00  -  Total Local Usage
	59200  -  Run Bytes Sent By Job
	547  -  Run Bytes Received By Job
	59200  -  Total Bytes Sent By Job
	547  -  Total Bytes Received By Job
	Partitionable Resources :    Usage  Request Allocated
	   Cpus                 :                 1         1
	   Disk (KB)            :       71  1024000   1030103
	   Memory (MB)          :      326     2000      2000
...
