000 (10071.000.000) 03/30 09:00:01 Job submitted from host: <128.101.221.180:9618?addrs=128.101.221.180-9618&noUDP&sock=3943_2604_3>
...
001 (10071.000.000) 03/30 09:11:02 Job executing on host: <128.101.220.94:9618?addrs=128.101.220.94-9618&noUDP&sock=303435_bff5_4>
...
006 (10071.000.000) 03/30 09:11:11 Image size of job updated: 279548
	196  -  MemoryUsage of job (MB)
	200496  -  ResidentSetSize of job (KB)
...
006 (10071.000.000) 03/30 09:14:15 Image size of job updated: 730060
	196  -  MemoryUsage of job (MB)
	200496  -  ResidentSetSize of job (KB)
...
005 (10071.000.000) 03/30 09:14:16 Job terminated.
	(1) Normal termination (return value 0)
		Usr 0 00:02:08, Sys 0 00:00:41  -  Run Remote Usage
		Usr 0 00:00:00, Sys 0 00:00:00  -  Run Local Usage
		Usr 0 00:02:08, Sys 0 00:00:41  -  Total Remote Usage
		Usr 0 00:00:00, Sys 0 00:00:00  -  Total Local Usage
	39541  -  Run Bytes Sent By Job
	547  -  Run Bytes Received By Job
	39541  -  Total Bytes Sent By Job
	547  -  Total Bytes Received By Job
	Partitionable Resources :    Usage  Request Allocated
	   Cpus                 :                 1         1
	   Disk (KB)            :       51  1024000   1029045
	   Memory (MB)          :      196     2000      2000
...
