000 (10088.000.000) 03/30 09:00:10 Job submitted from host: <128.101.221.180:9618?addrs=128.101.221.180-9618&noUDP&sock=3943_2604_3>
...
001 (10088.000.000) 03/30 09:13:33 Job executing on host: <128.101.221.182:9618?addrs=128.101.221.182-9618&noUDP&sock=3902_06a2_4>
...
006 (10088.000.000) 03/30 09:13:42 Image size of job updated: 190140
	127  -  MemoryUsage of job (MB)
	129068  -  ResidentSetSize of job (KB)
...
006 (10088.000.000) 03/30 09:18:42 Image size of job updated: 423576
	322  -  MemoryUsage of job (MB)
	329324  -  ResidentSetSize of job (KB)
...
006 (10088.000.000) 03/30 09:20:56 Image size of job updated: 732860
	322  -  MemoryUsage of job (MB)
	329324  -  ResidentSetSize of job (KB)
...
005 (10088.000.000) 03/30 09:20:57 Job terminated.
	(1) Normal termination (return value 0)
		Usr 0 00:04:32, Sys 0 00:02:07  -  Run Remote Usage
		Usr 0 00:00:00, Sys 0 00:00:00  -  Run Local Usage
		Usr 0 00:04:32, Sys 0 00:02:07  -  Total Remote Usage
		Usr 0 00:00:00, Sys 0 00:00:00  -  Total Local Usage
	60518  -  Run Bytes Sent By Job
	547  -  Run Bytes Received By Job
	60518  -  Total Bytes Sent By Job
	547  -  Total Bytes Received By Job
	Partitionable Resources :    Usage  Request Allocated
	   Cpus                 :                 1         1
	   Disk (KB)            :       72  1024000   2046424
	   Memory (MB)          :      322     2000      2000
...
