000 (10038.000.000) 03/30 08:59:44 Job submitted from host: <128.101.221.180:9618?addrs=128.101.221.180-9618&noUDP&sock=3943_2604_3>
...
001 (10038.000.000) 03/30 09:05:45 Job executing on host: <128.101.221.182:9618?addrs=128.101.221.182-9618&noUDP&sock=3902_06a2_4>
...
006 (10038.000.000) 03/30 09:05:54 Image size of job updated: 269120
	188  -  MemoryUsage of job (MB)
	192144  -  ResidentSetSize of job (KB)
...
006 (10038.000.000) 03/30 09:10:55 Image size of job updated: 329900
	322  -  MemoryUsage of job (MB)
	329588  -  ResidentSetSize of job (KB)
...
006 (10038.000.000) 03/30 09:15:55 Image size of job updated: 335992
	328  -  MemoryUsage of job (MB)
	335640  -  ResidentSetSize of job (KB)
...
006 (10038.000.000) 03/30 09:16:13 Image size of job updated: 733136
	328  -  MemoryUsage of job (MB)
	335640  -  ResidentSetSize of job (KB)
...
005 (10038.000.000) 03/30 09:16:14 Job terminated.
	(1) Normal termination (return value 0)
		Usr 0 00:06:11, Sys 0 00:03:39  -  Run Remote Usage
		Usr 0 00:00:00, Sys 0 00:00:00  -  Run Local Usage
		Usr 0 00:06:11, Sys 0 00:03:39  -  Total Remote Usage
		Usr 0 00:00:00, Sys 0 00:00:00  -  Total Local Usage
	60722  -  Run Bytes Sent By Job
	547  -  Run Bytes Received By Job
	60722  -  Total Bytes Sent By Job
	547  -  Total Bytes Received By Job
	Partitionable Resources :    Usage  Request Allocated
	   Cpus                 :                 1         1
	   Disk (KB)            :       72  1024000   2046536
	   Memory (MB)          :      328     2000      2000
...
