000 (10085.000.000) 03/30 09:00:09 Job submitted from host: <128.101.221.180:9618?addrs=128.101.221.180-9618&noUDP&sock=3943_2604_3>
...
001 (10085.000.000) 03/30 09:13:13 Job executing on host: <128.101.220.43:9618?addrs=128.101.220.43-9618&noUDP&sock=249879_c9d6_4>
...
006 (10085.000.000) 03/30 09:13:21 Image size of job updated: 202332
	136  -  MemoryUsage of job (MB)
	138572  -  ResidentSetSize of job (KB)
...
006 (10085.000.000) 03/30 09:17:45 Image size of job updated: 731508
	136  -  MemoryUsage of job (MB)
	138572  -  ResidentSetSize of job (KB)
...
005 (10085.000.000) 03/30 09:17:46 Job terminated.
	(1) Normal termination (return value 0)
		Usr 0 00:03:02, Sys 0 00:00:58  -  Run Remote Usage
		Usr 0 00:00:00, Sys 0 00:00:00  -  Run Local Usage
		Usr 0 00:03:02, Sys 0 00:00:58  -  Total Remote Usage
		Usr 0 00:00:00, Sys 0 00:00:00  -  Total Local Usage
	44849  -  Run Bytes Sent By Job
	547  -  Run Bytes Received By Job
	44849  -  Total Bytes Sent By Job
	547  -  Total Bytes Received By Job
	Partitionable Resources :    Usage  Request Allocated
	   Cpus                 :                 1         1
	   Disk (KB)            :       57  1024000   1029173
	   Memory (MB)          :      136     2000      2000
...
