000 (10042.000.000) 03/30 08:59:46 Job submitted from host: <128.101.221.180:9618?addrs=128.101.221.180-9618&noUDP&sock=3943_2604_3>
...
001 (10042.000.000) 03/30 09:07:08 Job executing on host: <128.101.221.175:9618?addrs=128.101.221.175-9618&noUDP&sock=12916_e152_4>
...
006 (10042.000.000) 03/30 09:07:17 Image size of job updated: 211388
	144  -  MemoryUsage of job (MB)
	146808  -  ResidentSetSize of job (KB)
...
006 (10042.000.000) 03/30 09:12:17 Image size of job updated: 329684
	322  -  MemoryUsage of job (MB)
	329564  -  ResidentSetSize of job (KB)
...
006 (10042.000.000) 03/30 09:17:17 Image size of job updated: 335788
	328  -  MemoryUsage of job (MB)
	335452  -  ResidentSetSize of job (KB)
...
006 (10042.000.000) 03/30 09:19:45 Image size of job updated: 733136
	328  -  MemoryUsage of job (MB)
	335452  -  ResidentSetSize of job (KB)
...
005 (10042.000.000) 03/30 09:19:46 Job terminated.
	(1) Normal termination (return value 0)
		Usr 0 00:07:30, Sys 0 00:04:17  -  Run Remote Usage
		Usr 0 00:00:00, Sys 0 00:00:00  -  Run Local Usage
		Usr 0 00:07:30, Sys 0 00:04:17  -  Total Remote Usage
		Usr 0 00:00:00, Sys 0 00:00:00  -  Total Local Usage
	71575  -  Run Bytes Sent By Job
	547  -  Run Bytes Received By Job
	71575  -  Total Bytes Sent By Job
	547  -  Total Bytes Received By Job
	Partitionable Resources :    Usage  Request Allocated
	   Cpus                 :                 1         1
	   Disk (KB)            :       83  1024000   1932394
	   Memory (MB)          :      328     2000      2000
...
