000 (10037.000.000) 03/30 08:59:43 Job submitted from host: <128.101.221.180:9618?addrs=128.101.221.180-9618&noUDP&sock=3943_2604_3>
...
001 (10037.000.000) 03/30 09:05:42 Job executing on host: <128.101.221.175:9618?addrs=128.101.221.175-9618&noUDP&sock=12916_e152_4>
...
006 (10037.000.000) 03/30 09:05:51 Image size of job updated: 276760
	195  -  MemoryUsage of job (MB)
	199444  -  ResidentSetSize of job (KB)
...
006 (10037.000.000) 03/30 09:09:59 Image size of job updated: 733440
	195  -  MemoryUsage of job (MB)
	199444  -  ResidentSetSize of job (KB)
...
005 (10037.000.000) 03/30 09:10:00 Job terminated.
	(1) Normal termination (return value 0)
		Usr 0 00:02:38, Sys 0 00:01:21  -  Run Remote Usage
		Usr 0 00:00:00, Sys 0 00:00:00  -  Run Local Usage
		Usr 0 00:02:38, Sys 0 00:01:21  -  Total Remote Usage
		Usr 0 00:00:00, Sys 0 00:00:00  -  Total Local Usage
	42195  -  Run Bytes Sent By Job
	547  -  Run Bytes Received By Job
	42195  -  Total Bytes Sent By Job
	547  -  Total Bytes Received By Job
	Partitionable Resources :    Usage  Request Allocated
	   Cpus                 :                 1         1
	   Disk (KB)            :       54  1024000   1930402
	   Memory (MB)          :      195     2000      2000
...
