000 (10067.000.000) 03/30 08:59:59 Job submitted from host: <128.101.221.180:9618?addrs=128.101.221.180-9618&noUDP&sock=3943_2604_3>
...
001 (10067.000.000) 03/30 09:10:23 Job executing on host: <128.101.221.175:9618?addrs=128.101.221.175-9618&noUDP&sock=12916_e152_4>
...
006 (10067.000.000) 03/30 09:10:31 Image size of job updated: 241496
	167  -  MemoryUsage of job (MB)
	169992  -  ResidentSetSize of job (KB)
...
006 (10067.000.000) 03/30 09:15:31 Image size of job updated: 331204
	323  -  MemoryUsage of job (MB)
	330608  -  ResidentSetSize of job (KB)
...
006 (10067.000.000) 03/30 09:19:45 Image size of job updated: 732972
	323  -  MemoryUsage of job (MB)
	330608  -  ResidentSetSize of job (KB)
...
005 (10067.000.000) 03/30 09:19:46 Job terminated.
	(1) Normal termination (return value 0)
		Usr 0 00:05:28, Sys 0 00:03:14  -  Run Remote Usage
		Usr 0 00:00:00, Sys 0 00:00:00  -  Run Local Usage
		Usr 0 00:05:28, Sys 0 00:03:14  -  Total Remote Usage
		Usr 0 00:00:00, Sys 0 00:00:00  -  Total Local Usage
	61358  -  Run Bytes Sent By Job
	547  -  Run Bytes Received By Job
	61358  -  Total Bytes Sent By Job
	547  -  Total Bytes Received By Job
	Partitionable Resources :    Usage  Request Allocated
	   Cpus                 :                 1         1
	   Disk (KB)            :       73  1024000   1932386
	   Memory (MB)          :      323     2000      2000
...
