000 (10084.000.000) 03/30 09:00:08 Job submitted from host: <128.101.221.180:9618?addrs=128.101.221.180-9618&noUDP&sock=3943_2604_3>
...
001 (10084.000.000) 03/30 09:13:13 Job executing on host: <128.101.221.176:9618?addrs=128.101.221.176-9618&noUDP&sock=2756849_b007_4>
...
006 (10084.000.000) 03/30 09:13:21 Image size of job updated: 187320
	123  -  MemoryUsage of job (MB)
	125476  -  ResidentSetSize of job (KB)
...
006 (10084.000.000) 03/30 09:17:31 Image size of job updated: 729892
	123  -  MemoryUsage of job (MB)
	125476  -  ResidentSetSize of job (KB)
...
005 (10084.000.000) 03/30 09:17:32 Job terminated.
	(1) Normal termination (return value 0)
		Usr 0 00:02:58, Sys 0 00:00:54  -  Run Remote Usage
		Usr 0 00:00:00, Sys 0 00:00:00  -  Run Local Usage
		Usr 0 00:02:58, Sys 0 00:00:54  -  Total Remote Usage
		Usr 0 00:00:00, Sys 0 00:00:00  -  Total Local Usage
	40640  -  Run Bytes Sent By Job
	547  -  Run Bytes Received By Job
	40640  -  Total Bytes Sent By Job
	547  -  Total Bytes Received By Job
	Partitionable Resources :    Usage  Request Allocated
	   Cpus                 :                 1         1
	   Disk (KB)            :       53  1024000   1026085
	   Memory (MB)          :      123     2000      2000
...
