000 (10094.000.000) 03/30 09:00:13 Job submitted from host: <128.101.221.180:9618?addrs=128.101.221.180-9618&noUDP&sock=3943_2604_3>
...
001 (10094.000.000) 03/30 09:13:53 Job executing on host: <128.101.221.175:9618?addrs=128.101.221.175-9618&noUDP&sock=12916_e152_4>
...
006 (10094.000.000) 03/30 09:14:02 Image size of job updated: 197364
	186  -  MemoryUsage of job (MB)
	189812  -  ResidentSetSize of job (KB)
...
006 (10094.000.000) 03/30 09:19:03 Image size of job updated: 337596
	322  -  MemoryUsage of job (MB)
	329648  -  ResidentSetSize of job (KB)
...
006 (10094.000.000) 03/30 09:24:04 Image size of job updated: 340912
	326  -  MemoryUsage of job (MB)
	332964  -  ResidentSetSize of job (KB)
...
006 (10094.000.000) 03/30 09:25:32 Image size of job updated: 730172
	326  -  MemoryUsage of job (MB)
	332964  -  ResidentSetSize of job (KB)
...
005 (10094.000.000) 03/30 09:25:33 Job terminated.
	(1) Normal termination (return value 0)
		Usr 0 00:07:05, Sys 0 00:03:22  -  Run Remote Usage
		Usr 0 00:00:00, Sys 0 00:00:00  -  Run Local Usage
		Usr 0 00:07:05, Sys 0 00:03:22  -  Total Remote Usage
		Usr 0 00:00:00, Sys 0 00:00:00  -  Total Local Usage
	69172  -  Run Bytes Sent By Job
	547  -  Run Bytes Received By Job
	69172  -  Total Bytes Sent By Job
	547  -  Total Bytes Received By Job
	Partitionable Resources :    Usage  Request Allocated
	   Cpus                 :                 1         1
	   Disk (KB)            :       80  1024000   1932376
	   Memory (MB)          :      326     2000      2000
...
