000 (10039.000.000) 03/30 08:59:44 Job submitted from host: <128.101.221.180:9618?addrs=128.101.221.180-9618&noUDP&sock=3943_2604_3>
...
001 (10039.000.000) 03/30 09:06:26 Job executing on host: <128.101.220.74:9618?addrs=128.101.220.74-9618&noUDP&sock=3889_1be7_4>
...
006 (10039.000.000) 03/30 09:06:34 Image size of job updated: 251468
	172  -  MemoryUsage of job (MB)
	175496  -  ResidentSetSize of job (KB)
...
006 (10039.000.000) 03/30 09:11:34 Image size of job updated: 431352
	327  -  MemoryUsage of job (MB)
	334716  -  ResidentSetSize of job (KB)
...
006 (10039.000.000) 03/30 09:14:59 Image size of job updated: 433788
	327  -  MemoryUsage of job (MB)
	334716  -  ResidentSetSize of job (KB)
...
005 (10039.000.000) 03/30 09:15:00 Job terminated.
	(1) Normal termination (return value 0)
		Usr 0 00:05:44, Sys 0 00:01:53  -  Run Remote Usage
		Usr 0 00:00:00, Sys 0 00:00:00  -  Run Local Usage
		Usr 0 00:05:44, Sys 0 00:01:53  -  Total Remote Usage
		Usr 0 00:00:00, Sys 0 00:00:00  -  Total Local Usage
	63835  -  Run Bytes Sent By Job
	547  -  Run Bytes Received By Job
	63835  -  Total Bytes Sent By Job
	547  -  Total Bytes Received By Job
	Partitionable Resources :    Usage  Request Allocated
	   Cpus                 :                 1         1
	   Disk (KB)            :       75  1024000   1028301
	   Memory (MB)          :      327     2000      2000
...
