000 (10048.000.000) 03/30 08:59:49 Job submitted from host: <128.101.221.180:9618?addrs=128.101.221.180-9618&noUDP&sock=3943_2604_3>
...
001 (10048.000.000) 03/30 09:08:36 Job executing on host: <128.101.221.175:9618?addrs=128.101.221.175-9618&noUDP&sock=12916_e152_4>
...
006 (10048.000.000) 03/30 09:08:44 Image size of job updated: 197640
	134  -  MemoryUsage of job (MB)
	137132  -  ResidentSetSize of job (KB)
...
006 (10048.000.000) 03/30 09:13:44 Image size of job updated: 329564
	322  -  MemoryUsage of job (MB)
	329240  -  ResidentSetSize of job (KB)
...
006 (10048.000.000) 03/30 09:18:44 Image size of job updated: 334792
	327  -  MemoryUsage of job (MB)
	334252  -  ResidentSetSize of job (KB)
...
006 (10048.000.000) 03/30 09:20:27 Image size of job updated: 733232
	327  -  MemoryUsage of job (MB)
	334252  -  ResidentSetSize of job (KB)
...
005 (10048.000.000) 03/30 09:20:28 Job terminated.
	(1) Normal termination (return value 0)
		Usr 0 00:06:52, Sys 0 00:04:09  -  Run Remote Usage
		Usr 0 00:00:00, Sys 0 00:00:00  -  Run Local Usage
		Usr 0 00:06:52, Sys 0 00:04:09  -  Total Remote Usage
		Usr 0 00:00:00, Sys 0 00:00:00  -  Total Local Usage
	64663  -  Run Bytes Sent By Job
	547  -  Run Bytes Received By Job
	64663  -  Total Bytes Sent By Job
	547  -  Total Bytes Received By Job
	Partitionable Resources :    Usage  Request Allocated
	   Cpus                 :                 1         1
	   Disk (KB)            :       76  1024000   1932390
	   Memory (MB)          :      327     2000      2000
...
