000 (10057.000.000) 03/30 08:59:53 Job submitted from host: <128.101.221.180:9618?addrs=128.101.221.180-9618&noUDP&sock=3943_2604_3>
...
001 (10057.000.000) 03/30 09:09:19 Job executing on host: <128.101.221.182:9618?addrs=128.101.221.182-9618&noUDP&sock=3902_06a2_4>
...
006 (10057.000.000) 03/30 09:09:27 Image size of job updated: 173004
	147  -  MemoryUsage of job (MB)
	150372  -  ResidentSetSize of job (KB)
...
006 (10057.000.000) 03/30 09:14:27 Image size of job updated: 329668
	322  -  MemoryUsage of job (MB)
	329612  -  ResidentSetSize of job (KB)
...
006 (10057.000.000) 03/30 09:19:28 Image size of job updated: 335008
	328  -  MemoryUsage of job (MB)
	334952  -  ResidentSetSize of job (KB)
...
006 (10057.000.000) 03/30 09:19:53 Image size of job updated: 335012
	328  -  MemoryUsage of job (MB)
	334952  -  ResidentSetSize of job (KB)
...
005 (10057.000.000) 03/30 09:19:54 Job terminated.
	(1) Normal termination (return value 0)
		Usr 0 00:06:18, Sys 0 00:03:27  -  Run Remote Usage
		Usr 0 00:00:00, Sys 0 00:00:00  -  Run Local Usage
		Usr 0 00:06:18, Sys 0 00:03:27  -  Total Remote Usage
		Usr 0 00:00:00, Sys 0 00:00:00  -  Total Local Usage
	86706  -  Run Bytes Sent By Job
	547  -  Run Bytes Received By Job
	86706  -  Total Bytes Sent By Job
	547  -  Total Bytes Received By Job
	Partitionable Resources :    Usage  Request Allocated
	   Cpus                 :                 1         1
	   Disk (KB)            :       97  1024000   2046438
	   Memory (MB)          :      328     2000      2000
...
