000 (10055.000.000) 03/30 08:59:52 Job submitted from host: <128.101.221.180:9618?addrs=128.101.221.180-9618&noUDP&sock=3943_2604_3>
...
001 (10055.000.000) 03/30 09:09:16 Job executing on host: <128.101.221.180:9618?addrs=128.101.221.180-9618&noUDP&sock=3943_2604_4>
...
006 (10055.000.000) 03/30 09:09:25 Image size of job updated: 314556
	224  -  MemoryUsage of job (MB)
	228496  -  ResidentSetSize of job (KB)
...
006 (10055.000.000) 03/30 09:13:45 Image size of job updated: 428552
	224  -  MemoryUsage of job (MB)
	228496  -  ResidentSetSize of job (KB)
...
005 (10055.000.000) 03/30 09:13:46 Job terminated.
	(1) Normal termination (return value 0)
		Usr 0 00:02:54, Sys 0 00:00:57  -  Run Remote Usage
		Usr 0 00:00:00, Sys 0 00:00:00  -  Run Local Usage
		Usr 0 00:02:54, Sys 0 00:00:57  -  Total Remote Usage
		Usr 0 00:00:00, Sys 0 00:00:00  -  Total Local Usage
	55414  -  Run Bytes Sent By Job
	547  -  Run Bytes Received By Job
	55414  -  Total Bytes Sent By Job
	547  -  Total Bytes Received By Job
	Partitionable Resources :    Usage  Request Allocated
	   Cpus                 :                 1         1
	   Disk (KB)            :       67  1024000   1026205
	   Memory (MB)          :      224     2000      2000
...
