000 (10062.000.000) 03/30 08:59:56 Job submitted from host: <128.101.221.180:9618?addrs=128.101.221.180-9618&noUDP&sock=3943_2604_3>
...
001 (10062.000.000) 03/30 09:09:39 Job executing on host: <128.101.221.175:9618?addrs=128.101.221.175-9618&noUDP&sock=12916_e152_4>
...
006 (10062.000.000) 03/30 09:09:48 Image size of job updated: 209048
	175  -  MemoryUsage of job (MB)
	178228  -  ResidentSetSize of job (KB)
...
006 (10062.000.000) 03/30 09:14:49 Image size of job updated: 329720
	322  -  MemoryUsage of job (MB)
	329552  -  ResidentSetSize of job (KB)
...
006 (10062.000.000) 03/30 09:19:49 Image size of job updated: 336100
	329  -  MemoryUsage of job (MB)
	335932  -  ResidentSetSize of job (KB)
...
006 (10062.000.000) 03/30 09:20:31 Image size of job updated: 733132
	329  -  MemoryUsage of job (MB)
	335932  -  ResidentSetSize of job (KB)
...
005 (10062.000.000) 03/30 09:20:32 Job terminated.
	(1) Normal termination (return value 0)
		Usr 0 00:06:22, Sys 0 00:03:43  -  Run Remote Usage
		Usr 0 00:00:00, Sys 0 00:00:00  -  Run Local Usage
		Usr 0 00:06:22, Sys 0 00:03:43  -  Total Remote Usage
		Usr 0 00:00:00, Sys 0 00:00:00  -  Total Local Usage
	70647  -  Run Bytes Sent By Job
	547  -  Run Bytes Received By Job
	70647  -  Total Bytes Sent By Job
	547  -  Total Bytes Received By Job
	Partitionable Resources :    Usage  Request Allocated
	   Cpus                 :                 1         1
	   Disk (KB)            :       82  1024000   1932390
	   Memory (MB)          :      329     2000      2000
...
