000 (10056.000.000) 03/30 08:59:53 Job submitted from host: <128.101.221.180:9618?addrs=128.101.221.180-9618&noUDP&sock=3943_2604_3>
...
001 (10056.000.000) 03/30 09:09:19 Job executing on host: <128.101.221.182:9618?addrs=128.101.221.182-9618&noUDP&sock=3902_06a2_4>
...
006 (10056.000.000) 03/30 09:09:27 Image size of job updated: 188040
	156  -  MemoryUsage of job (MB)
	158828  -  ResidentSetSize of job (KB)
...
006 (10056.000.000) 03/30 09:14:27 Image size of job updated: 331488
	324  -  MemoryUsage of job (MB)
	331472  -  ResidentSetSize of job (KB)
...
006 (10056.000.000) 03/30 09:16:15 Image size of job updated: 730212
	324  -  MemoryUsage of job (MB)
	331472  -  ResidentSetSize of job (KB)
...
005 (10056.000.000) 03/30 09:16:16 Job terminated.
	(1) Normal termination (return value 0)
		Usr 0 00:04:06, Sys 0 00:02:23  -  Run Remote Usage
		Usr 0 00:00:00, Sys 0 00:00:00  -  Run Local Usage
		Usr 0 00:04:06, Sys 0 00:02:23  -  Total Remote Usage
		Usr 0 00:00:00, Sys 0 00:00:00  -  Total Local Usage
	51894  -  Run Bytes Sent By Job
	547  -  Run Bytes Received By Job
	51894  -  Total Bytes Sent By Job
	547  -  Total Bytes Received By Job
	Partitionable Resources :    Usage  Request Allocated
	   Cpus                 :                 1         1
	   Disk (KB)            :       63  1024000   2046438
	   Memory (MB)          :      324     2000      2000
...
