000 (10073.000.000) 03/30 09:00:02 Job submitted from host: <128.101.221.180:9618?addrs=128.101.221.180-9618&noUDP&sock=3943_2604_3>
...
001 (10073.000.000) 03/30 09:11:45 Job executing on host: <128.101.221.185:9618?addrs=128.101.221.185-9618&noUDP&sock=4153619_bab1_4>
...
006 (10073.000.000) 03/30 09:11:54 Image size of job updated: 191016
	127  -  MemoryUsage of job (MB)
	129688  -  ResidentSetSize of job (KB)
...
006 (10073.000.000) 03/30 09:16:55 Image size of job updated: 332052
	322  -  MemoryUsage of job (MB)
	329572  -  ResidentSetSize of job (KB)
...
005 (10073.000.000) 03/30 09:18:06 Job terminated.
	(1) Normal termination (return value 0)
		Usr 0 00:04:15, Sys 0 00:01:35  -  Run Remote Usage
		Usr 0 00:00:00, Sys 0 00:00:00  -  Run Local Usage
		Usr 0 00:04:15, Sys 0 00:01:35  -  Total Remote Usage
		Usr 0 00:00:00, Sys 0 00:00:00  -  Total Local Usage
	40656  -  Run Bytes Sent By Job
	547  -  Run Bytes Received By Job
	40656  -  Total Bytes Sent By Job
	547  -  Total Bytes Received By Job
	Partitionable Resources :    Usage  Request Allocated
	   Cpus                 :                 1         1
	   Disk (KB)            :       53  1024000   1026728
	   Memory (MB)          :      322     2000      2000
...
