000 (10058.000.000) 03/30 08:59:54 Job submitted from host: <128.101.221.180:9618?addrs=128.101.221.180-9618&noUDP&sock=3943_2604_3>
...
001 (10058.000.000) 03/30 09:09:38 Job executing on host: <128.101.220.87:9618?addrs=128.101.220.87-9618&noUDP&sock=465496_1dbd_4>
...
006 (10058.000.000) 03/30 09:09:46 Image size of job updated: 254420
	176  -  MemoryUsage of job (MB)
	179564  -  ResidentSetSize of job (KB)
...
006 (10058.000.000) 03/30 09:14:46 Image size of job updated: 425812
	324  -  MemoryUsage of job (MB)
	331524  -  ResidentSetSize of job (KB)
...
005 (10058.000.000) 03/30 09:17:43 Job terminated.
	(1) Normal termination (return value 0)
		Usr 0 00:05:26, Sys 0 00:01:49  -  Run Remote Usage
		Usr 0 00:00:00, Sys 0 00:00:00  -  Run Local Usage
		Usr 0 00:05:26, Sys 0 00:01:49  -  Total Remote Usage
		Usr 0 00:00:00, Sys 0 00:00:00  -  Total Local Usage
	74404  -  Run Bytes Sent By Job
	547  -  Run Bytes Received By Job
	74404  -  Total Bytes Sent By Job
	547  -  Total Bytes Received By Job
	Partitionable Resources :    Usage  Request Allocated
	   Cpus                 :                 1         1
	   Disk (KB)            :       85  1024000   1029336
	   Memory (MB)          :      324     2000      2000
...
