000 (10087.000.000) 03/30 09:00:10 Job submitted from host: <128.101.221.180:9618?addrs=128.101.221.180-9618&noUDP&sock=3943_2604_3>
...
001 (10087.000.000) 03/30 09:13:21 Job executing on host: <128.101.221.186:9618?addrs=128.101.221.186-9618&noUDP&sock=3131318_464d_4>
...
006 (10087.000.000) 03/30 09:13:30 Image size of job updated: 241648
	166  -  MemoryUsage of job (MB)
	169560  -  ResidentSetSize of job (KB)
...
006 (10087.000.000) 03/30 09:18:31 Image size of job updated: 425560
	324  -  MemoryUsage of job (MB)
	331160  -  ResidentSetSize of job (KB)
...
006 (10087.000.000) 03/30 09:23:31 Image size of job updated: 425560
	327  -  MemoryUsage of job (MB)
	334432  -  ResidentSetSize of job (KB)
...
006 (10087.000.000) 03/30 09:25:34 Image size of job updated: 733188
	327  -  MemoryUsage of job (MB)
	334432  -  ResidentSetSize of job (KB)
...
005 (10087.000.000) 03/30 09:25:35 Job terminated.
	(1) Normal termination (return value 0)
		Usr 0 00:08:07, Sys 0 00:02:54  -  Run Remote Usage
		Usr 0 00:00:00, Sys 0 00:00:00  -  Run Local Usage
		Usr 0 00:08:07, Sys 0 00:02:54  -  Total Remote Usage
		Usr 0 00:00:00, Sys 0 00:00:00  -  Total Local Usage
	76802  -  Run Bytes Sent By Job
	547  -  Run Bytes Received By Job
	76802  -  Total Bytes Sent By Job
	547  -  Total Bytes Received By Job
	Partitionable Resources :    Usage  Request Allocated
	   Cpus                 :                 1         1
	   Disk (KB)            :       88  1024000   1027148
	   Memory (MB)          :      327     2000      2000
...
