000 (10043.000.000) 03/30 08:59:46 Job submitted from host: <128.101.221.180:9618?addrs=128.101.221.180-9618&noUDP&sock=3943_2604_3>
...
001 (10043.000.000) 03/30 09:07:51 Job executing on host: <128.101.221.182:9618?addrs=128.101.221.182-9618&noUDP&sock=3902_06a2_4>
...
006 (10043.000.000) 03/30 09:07:59 Image size of job updated: 206908
	141  -  MemoryUsage of job (MB)
	143688  -  ResidentSetSize of job (KB)
...
006 (10043.000.000) 03/30 09:12:59 Image size of job updated: 331420
	324  -  MemoryUsage of job (MB)
	331356  -  ResidentSetSize of job (KB)
...
006 (10043.000.000) 03/30 09:15:46 Image size of job updated: 729916
	324  -  MemoryUsage of job (MB)
	331356  -  ResidentSetSize of job (KB)
...
005 (10043.000.000) 03/30 09:15:47 Job terminated.
	(1) Normal termination (return value 0)
		Usr 0 00:04:40, Sys 0 00:02:45  -  Run Remote Usage
		Usr 0 00:00:00, Sys 0 00:00:00  -  Run Local Usage
		Usr 0 00:04:40, Sys 0 00:02:45  -  Total Remote Usage
		Usr 0 00:00:00, Sys 0 00:00:00  -  Total Local Usage
	47504  -  Run Bytes Sent By Job
	547  -  Run Bytes Received By Job
	47504  -  Total Bytes Sent By Job
	547  -  Total Bytes Received By Job
	Partitionable Resources :    Usage  Request Allocated
	   Cpus                 :                 1         1
	   Disk (KB)            :       59  1024000   2046452
	   Memory (MB)          :      324     2000      2000
...
