000 (10045.000.000) 03/30 08:59:47 Job submitted from host: <128.101.221.180:9618?addrs=128.101.221.180-9618&noUDP&sock=3943_2604_3>
...
001 (10045.000.000) 03/30 09:08:36 Job executing on host: <128.101.221.185:9618?addrs=128.101.221.185-9618&noUDP&sock=4153619_bab1_4>
...
006 (10045.000.000) 03/30 09:08:44 Image size of job updated: 184964
	122  -  MemoryUsage of job (MB)
	124604  -  ResidentSetSize of job (KB)
...
005 (10045.000.000) 03/30 09:12:55 Job terminated.
	(1) Normal termination (return value 0)
		Usr 0 00:02:55, Sys 0 00:01:03  -  Run Remote Usage
		Usr 0 00:00:00, Sys 0 00:00:00  -  Run Local Usage
		Usr 0 00:02:55, Sys 0 00:01:03  -  Total Remote Usage
		Usr 0 00:00:00, Sys 0 00:00:00  -  Total Local Usage
	40224  -  Run Bytes Sent By Job
	547  -  Run Bytes Received By Job
	40224  -  Total Bytes Sent By Job
	547  -  Total Bytes Received By Job
	Partitionable Resources :    Usage  Request Allocated
	   Cpus                 :                 1         1
	   Disk (KB)            :       52  1024000   1026735
	   Memory (MB)          :      122     2000      2000
...
