000 (10079.000.000) 03/30 09:00:05 Job submitted from host: <128.101.221.180:9618?addrs=128.101.221.180-9618&noUDP&sock=3943_2604_3>
...
001 (10079.000.000) 03/30 09:12:28 Job executing on host: <128.101.221.172:9618?addrs=128.101.221.172-9618&noUDP&sock=1824113_5f8e_4>
...
006 (10079.000.000) 03/30 09:12:36 Image size of job updated: 176272
	112  -  MemoryUsage of job (MB)
	114436  -  ResidentSetSize of job (KB)
...
006 (10079.000.000) 03/30 09:17:36 Image size of job updated: 419520
	321  -  MemoryUsage of job (MB)
	328484  -  ResidentSetSize of job (KB)
...
006 (10079.000.000) 03/30 09:18:48 Image size of job updated: 729512
	321  -  MemoryUsage of job (MB)
	328484  -  ResidentSetSize of job (KB)
...
005 (10079.000.000) 03/30 09:18:49 Job terminated.
	(1) Normal termination (return value 0)
		Usr 0 00:04:16, Sys 0 00:01:26  -  Run Remote Usage
		Usr 0 00:00:00, Sys 0 00:00:00  -  Run Local Usage
		Usr 0 00:04:16, Sys 0 00:01:26  -  Total Remote Usage
		Usr 0 00:00:00, Sys 0 00:00:00  -  Total Local Usage
	50353  -  Run Bytes Sent By Job
	547  -  Run Bytes Received By Job
	50353  -  Total Bytes Sent By Job
	547  -  Total Bytes Received By Job
	Partitionable Resources :    Usage  Request Allocated
	   Cpus                 :                 1         1
	   Disk (KB)            :       62  1024000   1028475
	   Memory (MB)          :      321     2000      2000
...
