000 (10099.000.000) 03/30 09:00:22 Job submitted from host: <128.101.221.180:9618?addrs=128.101.221.180-9618&noUDP&sock=3943_2604_3>
...
001 (10099.000.000) 03/30 09:14:25 Job executing on host: <128.101.220.89:9618?addrs=128.101.220.89-9618&noUDP&sock=367686_9777_4>
...
006 (10099.000.000) 03/30 09:14:34 Image size of job updated: 238208
	192  -  MemoryUsage of job (MB)
	195652  -  ResidentSetSize of job (KB)
...
006 (10099.000.000) 03/30 09:19:35 Image size of job updated: 384536
	324  -  MemoryUsage of job (MB)
	331388  -  ResidentSetSize of job (KB)
...
005 (10099.000.000) 03/30 09:19:40 Job terminated.
	(1) Normal termination (return value 0)
		Usr 0 00:03:28, Sys 0 00:01:18  -  Run Remote Usage
		Usr 0 00:00:00, Sys 0 00:00:00  -  Run Local Usage
		Usr 0 00:03:28, Sys 0 00:01:18  -  Total Remote Usage
		Usr 0 00:00:00, Sys 0 00:00:00  -  Total Local Usage
	51712  -  Run Bytes Sent By Job
	547  -  Run Bytes Received By Job
	51712  -  Total Bytes Sent By Job
	547  -  Total Bytes Received By Job
	Partitionable Resources :    Usage  Request Allocated
	   Cpus                 :                 1         1
	   Disk (KB)            :       64  1024000   1028628
	   Memory (MB)          :      324     2000      2000
...
