000 (10086.000.000) 03/30 09:00:09 Job submitted from host: <128.101.221.180:9618?addrs=128.101.221.180-9618&noUDP&sock=3943_2604_3>
...
001 (10086.000.000) 03/30 09:13:13 Job executing on host: <128.101.221.188:9618?addrs=128.101.221.188-9618&noUDP&sock=3087505_3369_4>
...
006 (10086.000.000) 03/30 09:13:21 Image size of job updated: 242864
	167  -  MemoryUsage of job (MB)
	170468  -  ResidentSetSize of job (KB)
...
006 (10086.000.000) 03/30 09:18:21 Image size of job updated: 426048
	324  -  MemoryUsage of job (MB)
	331508  -  ResidentSetSize of job (KB)
...
006 (10086.000.000) 03/30 09:22:31 Image size of job updated: 427228
	324  -  MemoryUsage of job (MB)
	331508  -  ResidentSetSize of job (KB)
...
005 (10086.000.000) 03/30 09:22:32 Job terminated.
	(1) Normal termination (return value 0)
		Usr 0 00:06:06, Sys 0 00:02:12  -  Run Remote Usage
		Usr 0 00:00:00, Sys 0 00:00:00  -  Run Local Usage
		Usr 0 00:06:06, Sys 0 00:02:12  -  Total Remote Usage
		Usr 0 00:00:00, Sys 0 00:00:00  -  Total Local Usage
	66233  -  Run Bytes Sent By Job
	547  -  Run Bytes Received By Job
	66233  -  Total Bytes Sent By Job
	547  -  Total Bytes Received By Job
	Partitionable Resources :    Usage  Request Allocated
	   Cpus                 :                 1         1
	   Disk (KB)            :       77  1024000   1028116
	   Memory (MB)          :      324     2000      2000
...
