000 (10041.000.000) 03/30 08:59:45 Job submitted from host: <128.101.221.180:9618?addrs=128.101.221.180-9618&noUDP&sock=3943_2604_3>
...
001 (10041.000.000) 03/30 09:06:49 Job executing on host: <128.101.221.182:9618?addrs=128.101.221.182-9618&noUDP&sock=3902_06a2_4>
...
006 (10041.000.000) 03/30 09:06:58 Image size of job updated: 261784
	182  -  MemoryUsage of job (MB)
	185520  -  ResidentSetSize of job (KB)
...
006 (10041.000.000) 03/30 09:11:59 Image size of job updated: 329784
	322  -  MemoryUsage of job (MB)
	329724  -  ResidentSetSize of job (KB)
...
006 (10041.000.000) 03/30 09:16:22 Image size of job updated: 335052
	322  -  MemoryUsage of job (MB)
	329724  -  ResidentSetSize of job (KB)
...
005 (10041.000.000) 03/30 09:16:24 Job terminated.
	(1) Normal termination (return value 0)
		Usr 0 00:05:36, Sys 0 00:03:22  -  Run Remote Usage
		Usr 0 00:00:00, Sys 0 00:00:00  -  Run Local Usage
		Usr 0 00:05:36, Sys 0 00:03:22  -  Total Remote Usage
		Usr 0 00:00:00, Sys 0 00:00:00  -  Total Local Usage
	68019  -  Run Bytes Sent By Job
	547  -  Run Bytes Received By Job
	68019  -  Total Bytes Sent By Job
	547  -  Total Bytes Received By Job
	Partitionable Resources :    Usage  Request Allocated
	   Cpus                 :                 1         1
	   Disk (KB)            :       79  1024000   2046456
	   Memory (MB)          :      322     2000      2000
...
