000 (10074.000.000) 03/30 09:00:03 Job submitted from host: <128.101.221.180:9618?addrs=128.101.221.180-9618&noUDP&sock=3943_2604_3>
...
001 (10074.000.000) 03/30 09:11:45 Job executing on host: <128.101.221.186:9618?addrs=128.101.221.186-9618&noUDP&sock=3131318_464d_4>
...
006 (10074.000.000) 03/30 09:11:54 Image size of job updated: 242344
	167  -  MemoryUsage of job (MB)
	170084  -  ResidentSetSize of job (KB)
...
006 (10074.000.000) 03/30 09:16:55 Image size of job updated: 335708
	326  -  MemoryUsage of job (MB)
	333476  -  ResidentSetSize of job (KB)
...
005 (10074.000.000) 03/30 09:18:33 Job terminated.
	(1) Normal termination (return value 0)
		Usr 0 00:04:39, Sys 0 00:01:37  -  Run Remote Usage
		Usr 0 00:00:00, Sys 0 00:00:00  -  Run Local Usage
		Usr 0 00:04:39, Sys 0 00:01:37  -  Total Remote Usage
		Usr 0 00:00:00, Sys 0 00:00:00  -  Total Local Usage
	45098  -  Run Bytes Sent By Job
	547  -  Run Bytes Received By Job
	45098  -  Total Bytes Sent By Job
	547  -  Total Bytes Received By Job
	Partitionable Resources :    Usage  Request Allocated
	   Cpus                 :                 1         1
	   Disk (KB)            :       57  1024000   1027143
	   Memory (MB)          :      326     2000      2000
...
