000 (10046.000.000) 03/30 08:59:48 Job submitted from host: <128.101.221.180:9618?addrs=128.101.221.180-9618&noUDP&sock=3943_2604_3>
...
001 (10046.000.000) 03/30 09:08:57 Job executing on host: <128.101.221.174:9618?addrs=128.101.221.174-9618&noUDP&sock=4031871_ba53_4>
...
006 (10046.000.000) 03/30 09:09:06 Image size of job updated: 190280
	126  -  MemoryUsage of job (MB)
	128896  -  ResidentSetSize of job (KB)
...
006 (10046.000.000) 03/30 09:14:06 Image size of job updated: 337380
	322  -  MemoryUsage of job (MB)
	329472  -  ResidentSetSize of job (KB)
...
005 (10046.000.000) 03/30 09:19:03 Job terminated.
	(1) Normal termination (return value 0)
		Usr 0 00:06:41, Sys 0 00:02:38  -  Run Remote Usage
		Usr 0 00:00:00, Sys 0 00:00:00  -  Run Local Usage
		Usr 0 00:06:41, Sys 0 00:02:38  -  Total Remote Usage
		Usr 0 00:00:00, Sys 0 00:00:00  -  Total Local Usage
	64037  -  Run Bytes Sent By Job
	547  -  Run Bytes Received By Job
	64037  -  Total Bytes Sent By Job
	547  -  Total Bytes Received By Job
	Partitionable Resources :    Usage  Request Allocated
	   Cpus                 :                 1         1
	   Disk (KB)            :       75  1024000   1900548
	   Memory (MB)          :      322     2000      2000
...
