000 (10072.000.000) 03/30 09:00:02 Job submitted from host: <128.101.221.180:9618?addrs=128.101.221.180-9618&noUDP&sock=3943_2604_3>
...
001 (10072.000.000) 03/30 09:11:24 Job executing on host: <128.101.221.182:9618?addrs=128.101.221.182-9618&noUDP&sock=3902_06a2_4>
...
006 (10072.000.000) 03/30 09:11:32 Image size of job updated: 189400
	126  -  MemoryUsage of job (MB)
	128740  -  ResidentSetSize of job (KB)
...
006 (10072.000.000) 03/30 09:16:32 Image size of job updated: 328764
	322  -  MemoryUsage of job (MB)
	328764  -  ResidentSetSize of job (KB)
...
006 (10072.000.000) 03/30 09:19:16 Image size of job updated: 729672
	322  -  MemoryUsage of job (MB)
	328764  -  ResidentSetSize of job (KB)
...
005 (10072.000.000) 03/30 09:19:17 Job terminated.
	(1) Normal termination (return value 0)
		Usr 0 00:04:45, Sys 0 00:02:31  -  Run Remote Usage
		Usr 0 00:00:00, Sys 0 00:00:00  -  Run Local Usage
		Usr 0 00:04:45, Sys 0 00:02:31  -  Total Remote Usage
		Usr 0 00:00:00, Sys 0 00:00:00  -  Total Local Usage
	63393  -  Run Bytes Sent By Job
	547  -  Run Bytes Received By Job
	63393  -  Total Bytes Sent By Job
	547  -  Total Bytes Received By Job
	Partitionable Resources :    Usage  Request Allocated
	   Cpus                 :                 1         1
	   Disk (KB)            :       75  1024000   2046428
	   Memory (MB)          :      322     2000      2000
...
