000 (10075.000.000) 03/30 09:00:03 Job submitted from host: <128.101.221.180:9618?addrs=128.101.221.180-9618&noUDP&sock=3943_2604_3>
...
001 (10075.000.000) 03/30 09:12:06 Job executing on host: <128.101.220.54:9618?addrs=128.101.220.54-9618&noUDP&sock=259437_c80b_4>
...
006 (10075.000.000) 03/30 09:12:15 Image size of job updated: 281680
	200  -  MemoryUsage of job (MB)
	203984  -  ResidentSetSize of job (KB)
...
006 (10075.000.000) 03/30 09:17:16 Image size of job updated: 332764
	325  -  MemoryUsage of job (MB)
	331864  -  ResidentSetSize of job (KB)
...
006 (10075.000.000) 03/30 09:20:36 Image size of job updated: 334044
	325  -  MemoryUsage of job (MB)
	331864  -  ResidentSetSize of job (KB)
...
005 (10075.000.000) 03/30 09:20:37 Job terminated.
	(1) Normal termination (return value 0)
		Usr 0 00:05:36, Sys 0 00:01:56  -  Run Remote Usage
		Usr 0 00:00:00, Sys 0 00:00:00  -  Run Local Usage
		Usr 0 00:05:36, Sys 0 00:01:56  -  Total Remote Usage
		Usr 0 00:00:00, Sys 0 00:00:00  -  Total Local Usage
	53914  -  Run Bytes Sent By Job
	547  -  Run Bytes Received By Job
	53914  -  Total Bytes Sent By Job
	547  -  Total Bytes Received By Job
	Partitionable Resources :    Usage  Request Allocated
	   Cpus                 :                 1         1
	   Disk (KB)            :       66  1024000   1028250
	   Memory (MB)          :      325     2000      2000
...
