000 (10040.000.000) 03/30 08:59:45 Job submitted from host: <128.101.221.180:9618?addrs=128.101.221.180-9618&noUDP&sock=3943_2604_3>
...
001 (10040.000.000) 03/30 09:06:49 Job executing on host: <128.101.220.89:9618?addrs=128.101.220.89-9618&noUDP&sock=367686_9777_4>
...
006 (10040.000.000) 03/30 09:06:58 Image size of job updated: 283136
	201  -  MemoryUsage of job (MB)
	205616  -  ResidentSetSize of job (KB)
...
006 (10040.000.000) 03/30 09:11:59 Image size of job updated: 333872
	324  -  MemoryUsage of job (MB)
	331648  -  ResidentSetSize of job (KB)
...
005 (10040.000.000) 03/30 09:14:24 Job terminated.
	(1) Normal termination (return value 0)
		Usr 0 00:05:00, Sys 0 00:01:55  -  Run Remote Usage
		Usr 0 00:00:00, Sys 0 00:00:00  -  Run Local Usage
		Usr 0 00:05:00, Sys 0 00:01:55  -  Total Remote Usage
		Usr 0 00:00:00, Sys 0 00:00:00  -  Total Local Usage
	58963  -  Run Bytes Sent By Job
	547  -  Run Bytes Received By Job
	58963  -  Total Bytes Sent By Job
	547  -  Total Bytes Received By Job
	Partitionable Resources :    Usage  Request Allocated
	   Cpus                 :                 1         1
	   Disk (KB)            :       70  1024000   1028628
	   Memory (MB)          :      324     2000      2000
...
