000 (10081.000.000) 03/30 09:00:06 Job submitted from host: <128.101.221.180:9618?addrs=128.101.221.180-9618&noUDP&sock=3943_2604_3>
...
001 (10081.000.000) 03/30 09:12:49 Job executing on host: <128.101.221.188:9618?addrs=128.101.221.188-9618&noUDP&sock=3087505_3369_4>
...
006 (10081.000.000) 03/30 09:12:58 Image size of job updated: 268324
	187  -  MemoryUsage of job (MB)
	191268  -  ResidentSetSize of job (KB)
...
006 (10081.000.000) 03/30 09:17:59 Image size of job updated: 332408
	323  -  MemoryUsage of job (MB)
	330312  -  ResidentSetSize of job (KB)
...
005 (10081.000.000) 03/30 09:19:56 Job terminated.
	(1) Normal termination (return value 0)
		Usr 0 00:04:45, Sys 0 00:01:43  -  Run Remote Usage
		Usr 0 00:00:00, Sys 0 00:00:00  -  Run Local Usage
		Usr 0 00:04:45, Sys 0 00:01:43  -  Total Remote Usage
		Usr 0 00:00:00, Sys 0 00:00:00  -  Total Local Usage
	47941  -  Run Bytes Sent By Job
	547  -  Run Bytes Received By Job
	47941  -  Total Bytes Sent By Job
	547  -  Total Bytes Received By Job
	Partitionable Resources :    Usage  Request Allocated
	   Cpus                 :                 1         1
	   Disk (KB)            :       60  1024000   1028115
	   Memory (MB)          :      323     2000      2000
...
