000 (10053.000.000) 03/30 08:59:51 Job submitted from host: <128.101.221.180:9618?addrs=128.101.221.180-9618&noUDP&sock=3943_2604_3>
...
001 (10053.000.000) 03/30 09:09:16 Job executing on host: <128.101.221.186:9618?addrs=128.101.221.186-9618&noUDP&sock=3131318_464d_4>
...
006 (10053.000.000) 03/30 09:09:25 Image size of job updated: 185960
	123  -  MemoryUsage of job (MB)
	125524  -  ResidentSetSize of job (KB)
...
005 (10053.000.000) 03/30 09:13:20 Job terminated.
	(1) Normal termination (return value 0)
		Usr 0 00:02:47, Sys 0 00:00:54  -  Run Remote Usage
		Usr 0 00:00:00, Sys 0 00:00:00  -  Run Local Usage
		Usr 0 00:02:47, Sys 0 00:00:54  -  Total Remote Usage
		Usr 0 00:00:00, Sys 0 00:00:00  -  Total Local Usage
	43739  -  Run Bytes Sent By Job
	547  -  Run Bytes Received By Job
	43739  -  Total Bytes Sent By Job
	547  -  Total Bytes Received By Job
	Partitionable Resources :    Usage  Request Allocated
	   Cpus                 :                 1         1
	   Disk (KB)            :       55  1024000   1027148
	   Memory (MB)          :      123     2000      2000
...
