000 (10097.000.000) 03/30 09:00:15 Job submitted from host: <128.101.221.180:9618?addrs=128.101.221.180-9618&noUDP&sock=3943_2604_3>
...
001 (10097.000.000) 03/30 09:14:17 Job executing on host: <128.101.220.94:9618?addrs=128.101.220.94-9618&noUDP&sock=303435_bff5_4>
...
006 (10097.000.000) 03/30 09:14:26 Image size of job updated: 278400
	195  -  MemoryUsage of job (MB)
	199352  -  ResidentSetSize of job (KB)
...
006 (10097.000.000) 03/30 09:19:27 Image size of job updated: 427644
	324  -  MemoryUsage of job (MB)
	331008  -  ResidentSetSize of job (KB)
...
006 (10097.000.000) 03/30 09:23:23 Image size of job updated: 733340
	324  -  MemoryUsage of job (MB)
	331008  -  ResidentSetSize of job (KB)
...
005 (10097.000.000) 03/30 09:23:24 Job terminated.
	(1) Normal termination (return value 0)
		Usr 0 00:05:49, Sys 0 00:02:02  -  Run Remote Usage
		Usr 0 00:00:00, Sys 0 00:00:00  -  Run Local Usage
		Usr 0 00:05:49, Sys 0 00:02:02  -  Total Remote Usage
		Usr 0 00:00:00, Sys 0 00:00:00  -  Total Local Usage
	71050  -  Run Bytes Sent By Job
	547  -  Run Bytes Received By Job
	71050  -  Total Bytes Sent By Job
	547  -  Total Bytes Received By Job
	Partitionable Resources :    Usage  Request Allocated
	   Cpus                 :                 1         1
	   Disk (KB)            :       82  1024000   1029045
	   Memory (MB)          :      324     2000      2000
...
