000 (10082.000.000) 03/30 09:00:07 Job submitted from host: <128.101.221.180:9618?addrs=128.101.221.180-9618&noUDP&sock=3943_2604_3>
...
001 (10082.000.000) 03/30 09:13:13 Job executing on host: <128.101.220.54:9618?addrs=128.101.220.54-9618&noUDP&sock=259437_c80b_4>
...
006 (10082.000.000) 03/30 09:13:22 Image size of job updated: 270932
	189  -  MemoryUsage of job (MB)
	193012  -  ResidentSetSize of job (KB)
...
005 (10082.000.000) 03/30 09:17:00 Job terminated.
	(1) Normal termination (return value 0)
		Usr 0 00:02:34, Sys 0 00:00:53  -  Run Remote Usage
		Usr 0 00:00:00, Sys 0 00:00:00  -  Run Local Usage
		Usr 0 00:02:34, Sys 0 00:00:53  -  Total Remote Usage
		Usr 0 00:00:00, Sys 0 00:00:00  -  Total Local Usage
	44849  -  Run Bytes Sent By Job
	547  -  Run Bytes Received By Job
	44849  -  Total Bytes Sent By Job
	547  -  Total Bytes Received By Job
	Partitionable Resources :    Usage  Request Allocated
	   Cpus                 :                 1         1
	   Disk (KB)            :       57  1024000   1028249
	   Memory (MB)          :      189     2000      2000
...
