000 (10069.000.000) 03/30 09:00:00 Job submitted from host: <128.101.221.180:9618?addrs=128.101.221.180-9618&noUDP&sock=3943_2604_3>
...
001 (10069.000.000) 03/30 09:10:58 Job executing on host: <128.101.220.112:9618?addrs=128.101.220.112-9618&noUDP&sock=2301225_8552_4>
...
006 (10069.000.000) 03/30 09:11:07 Image size of job updated: 252372
	174  -  MemoryUsage of job (MB)
	177632  -  ResidentSetSize of job (KB)
...
005 (10069.000.000) 03/30 09:13:37 Job terminated.
	(1) Normal termination (return value 0)
		Usr 0 00:01:46, Sys 0 00:00:36  -  Run Remote Usage
		Usr 0 00:00:00, Sys 0 00:00:00  -  Run Local Usage
		Usr 0 00:01:46, Sys 0 00:00:36  -  Total Remote Usage
		Usr 0 00:00:00, Sys 0 00:00:00  -  Total Local Usage
	35163  -  Run Bytes Sent By Job
	547  -  Run Bytes Received By Job
	35163  -  Total Bytes Sent By Job
	547  -  Total Bytes Received By Job
	Partitionable Resources :    Usage  Request Allocated
	   Cpus                 :                 1         1
	   Disk (KB)            :       47  1024000   1030105
	   Memory (MB)          :      174     2000      2000
...
