000 (10044.000.000) 03/30 08:59:47 Job submitted from host: <128.101.221.180:9618?addrs=128.101.221.180-9618&noUDP&sock=3943_2604_3>
...
001 (10044.000.000) 03/30 09:08:12 Job executing on host: <128.101.220.112:9618?addrs=128.101.220.112-9618&noUDP&sock=2301225_8552_4>
...
006 (10044.000.000) 03/30 09:08:21 Image size of job updated: 268400
	187  -  MemoryUsage of job (MB)
	191224  -  ResidentSetSize of job (KB)
...
005 (10044.000.000) 03/30 09:10:57 Job terminated.
	(1) Normal termination (return value 0)
		Usr 0 00:01:52, Sys 0 00:00:37  -  Run Remote Usage
		Usr 0 00:00:00, Sys 0 00:00:00  -  Run Local Usage
		Usr 0 00:01:52, Sys 0 00:00:37  -  Total Remote Usage
		Usr 0 00:00:00, Sys 0 00:00:00  -  Total Local Usage
	41330  -  Run Bytes Sent By Job
	547  -  Run Bytes Received By Job
	41330  -  Total Bytes Sent By Job
	547  -  Total Bytes Received By Job
	Partitionable Resources :    Usage  Request Allocated
	   Cpus                 :                 1         1
	   Disk (KB)            :       53  1024000   1030105
	   Memory (MB)          :      187     2000      2000
...
