000 (10061.000.000) 03/30 08:59:55 Job submitted from host: <128.101.221.180:9618?addrs=128.101.221.180-9618&noUDP&sock=3943_2604_3>
...
001 (10061.000.000) 03/30 09:09:39 Job executing on host: <128.101.221.175:9618?addrs=128.101.221.175-9618&noUDP&sock=12916_e152_4>
...
006 (10061.000.000) 03/30 09:09:48 Image size of job updated: 197392
	174  -  MemoryUsage of job (MB)
	177628  -  ResidentSetSize of job (KB)
...
006 (10061.000.000) 03/30 09:14:49 Image size of job updated: 333012
	325  -  MemoryUsage of job (MB)
	332760  -  ResidentSetSize of job (KB)
...
006 (10061.000.000) 03/30 09:18:12 Image size of job updated: 732832
	325  -  MemoryUsage of job (MB)
	332760  -  ResidentSetSize of job (KB)
...
005 (10061.000.000) 03/30 09:18:13 Job terminated.
	(1) Normal termination (return value 0)
		Usr 0 00:05:04, Sys 0 00:02:56  -  Run Remote Usage
		Usr 0 00:00:00, Sys 0 00:00:00  -  Run Local Usage
		Usr 0 00:05:04, Sys 0 00:02:56  -  Total Remote Usage
		Usr 0 00:00:00, Sys 0 00:00:00  -  Total Local Usage
	58687  -  Run Bytes Sent By Job
	547  -  Run Bytes Received By Job
	58687  -  Total Bytes Sent By Job
	547  -  Total Bytes Received By Job
	Partitionable Resources :    Usage  Request Allocated
	   Cpus                 :                 1         1
	   Disk (KB)            :       70  1024000   1932390
	   Memory (MB)          :      325     2000      2000
...
