000 (10047.000.000) 03/30 08:59:48 Job submitted from host: <128.101.221.180:9618?addrs=128.101.221.180-9618&noUDP&sock=3943_2604_3>
...
001 (10047.000.000) 03/30 09:08:36 Job executing on host: <128.101.221.191:9618?addrs=128.101.221.191-9618&noUDP&sock=3143621_1bfa_4>
...
006 (10047.000.000) 03/30 09:08:45 Image size of job updated: 255412
	175  -  MemoryUsage of job (MB)
	179140  -  ResidentSetSize of job (KB)
...
006 (10047.000.000) 03/30 09:13:46 Image size of job updated: 426052
	322  -  MemoryUsage of job (MB)
	329424  -  ResidentSetSize of job (KB)
...
006 (10047.000.000) 03/30 09:17:10 Image size of job updated: 431928
	322  -  MemoryUsage of job (MB)
	329424  -  ResidentSetSize of job (KB)
...
005 (10047.000.000) 03/30 09:17:11 Job terminated.
	(1) Normal termination (return value 0)
		Usr 0 00:05:53, Sys 0 00:01:55  -  Run Remote Usage
		Usr 0 00:00:00, Sys 0 00:00:00  -  Run Local Usage
		Usr 0 00:05:53, Sys 0 00:01:55  -  Total Remote Usage
		Usr 0 00:00:00, Sys 0 00:00:00  -  Total Local Usage
	60325  -  Run Bytes Sent By Job
	547  -  Run Bytes Received By Job
	60325  -  Total Bytes Sent By Job
	547  -  Total Bytes Received By Job
	Partitionable Resources :    Usage  Request Allocated
	   Cpus                 :                 1         1
	   Disk (KB)            :       72  1024000   1029019
	   Memory (MB)          :      322     2000      2000
...
