000 (10089.000.000) 03/30 09:00:11 Job submitted from host: <128.101.221.180:9618?addrs=128.101.221.180-9618&noUDP&sock=3943_2604_3>
...
001 (10089.000.000) 03/30 09:13:38 Job executing on host: <128.101.220.112:9618?addrs=128.101.220.112-9618&noUDP&sock=2301225_8552_4>
...
006 (10089.000.000) 03/30 09:13:47 Image size of job updated: 234404
	161  -  MemoryUsage of job (MB)
	164272  -  ResidentSetSize of job (KB)
...
006 (10089.000.000) 03/30 09:18:47 Image size of job updated: 423908
	322  -  MemoryUsage of job (MB)
	329468  -  ResidentSetSize of job (KB)
...
006 (10089.000.000) 03/30 09:23:47 Image size of job updated: 427308
	326  -  MemoryUsage of job (MB)
	332868  -  ResidentSetSize of job (KB)
...
005 (10089.000.000) 03/30 09:23:57 Job terminated.
	(1) Normal termination (return value 0)
		Usr 0 00:06:40, Sys 0 00:02:23  -  Run Remote Usage
		Usr 0 00:00:00, Sys 0 00:00:00  -  Run Local Usage
		Usr 0 00:06:40, Sys 0 00:02:23  -  Total Remote Usage
		Usr 0 00:00:00, Sys 0 00:00:00  -  Total Local Usage
	70208  -  Run Bytes Sent By Job
	547  -  Run Bytes Received By Job
	70208  -  Total Bytes Sent By Job
	547  -  Total Bytes Received By Job
	Partitionable Resources :    Usage  Request Allocated
	   Cpus                 :                 1         1
	   Disk (KB)            :       82  1024000   1030105
	   Memory (MB)          :      326     2000      2000
...
