000 (10063.000.000) 03/30 08:59:56 Job submitted from host: <128.101.221.180:9618?addrs=128.101.221.180-9618&noUDP&sock=3943_2604_3>
...
001 (10063.000.000) 03/30 09:09:39 Job executing on host: <128.101.221.175:9618?addrs=128.101.221.175-9618&noUDP&sock=12916_e152_4>
...
006 (10063.000.000) 03/30 09:09:48 Image size of job updated: 203268
	175  -  MemoryUsage of job (MB)
	179112  -  ResidentSetSize of job (KB)
...
006 (10063.000.000) 03/30 09:14:49 Image size of job updated: 330092
	323  -  MemoryUsage of job (MB)
	329864  -  ResidentSetSize of job (KB)
...
006 (10063.000.000) 03/30 09:15:10 Image size of job updated: 727016
	323  -  MemoryUsage of job (MB)
	329864  -  ResidentSetSize of job (KB)
...
005 (10063.000.000) 03/30 09:15:10 Job terminated.
	(1) Normal termination (return value 0)
		Usr 0 00:03:19, Sys 0 00:01:49  -  Run Remote Usage
		Usr 0 00:00:00, Sys 0 00:00:00  -  Run Local Usage
		Usr 0 00:03:19, Sys 0 00:01:49  -  Total Remote Usage
		Usr 0 00:00:00, Sys 0 00:00:00  -  Total Local Usage
	47277  -  Run Bytes Sent By Job
	547  -  Run Bytes Received By Job
	47277  -  Total Bytes Sent By Job
	547  -  Total Bytes Received By Job
	Partitionable Resources :    Usage  Request Allocated
	   Cpus                 :                 1         1
	   Disk (KB)            :       59  1024000   1932390
	   Memory (MB)          :      323     2000      2000
...
