000 (10064.000.000) 03/30 08:59:57 Job submitted from host: <128.101.221.180:9618?addrs=128.101.221.180-9618&noUDP&sock=3943_2604_3>
...
001 (10064.000.000) 03/30 09:09:59 Job executing on host: <128.101.220.84:9618?addrs=128.101.220.84-9618&noUDP&sock=3833_b299_4>
...
006 (10064.000.000) 03/30 09:10:08 Image size of job updated: 276120
	193  -  MemoryUsage of job (MB)
	197072  -  ResidentSetSize of job (KB)
...
006 (10064.000.000) 03/30 09:15:09 Image size of job updated: 428380
	324  -  MemoryUsage of job (MB)
	331744  -  ResidentSetSize of job (KB)
...
006 (10064.000.000) 03/30 09:18:11 Image size of job updated: 431360
	324  -  MemoryUsage of job (MB)
	331744  -  ResidentSetSize of job (KB)
...
005 (10064.000.000) 03/30 09:18:13 Job terminated.
	(1) Normal termination (return value 0)
		Usr 0 00:05:32, Sys 0 00:01:47  -  Run Remote Usage
		Usr 0 00:00:00, Sys 0 00:00:00  -  Run Local Usage
		Usr 0 00:05:32, Sys 0 00:01:47  -  Total Remote Usage
		Usr 0 00:00:00, Sys 0 00:00:00  -  Total Local Usage
	66662  -  Run Bytes Sent By Job
	547  -  Run Bytes Received By Job
	66662  -  Total Bytes Sent By Job
	547  -  Total Bytes Received By Job
	Partitionable Resources :    Usage  Request Allocated
	   Cpus                 :                 1         1
	   Disk (KB)            :       78  1024000   1028991
	   Memory (MB)          :      324     2000      2000
...
