000 (10083.000.000) 03/30 09:00:08 Job submitted from host: <128.101.221.180:9618?addrs=128.101.221.180-9618&noUDP&sock=3943_2604_3>
...
001 (10083.000.000) 03/30 09:13:13 Job executing on host: <128.101.221.171:9618?addrs=128.101.221.171-9618&noUDP&sock=1778228_146e_4>
...
006 (10083.000.000) 03/30 09:13:22 Image size of job updated: 146644
	93  -  MemoryUsage of job (MB)
	95152  -  ResidentSetSize of job (KB)
...
006 (10083.000.000) 03/30 09:18:23 Image size of job updated: 425376
	322  -  MemoryUsage of job (MB)
	329416  -  ResidentSetSize of job (KB)
...
006 (10083.000.000) 03/30 09:23:24 Image size of job updated: 425376
	327  -  MemoryUsage of job (MB)
	334236  -  ResidentSetSize of job (KB)
...
005 (10083.000.000) 03/30 09:24:49 Job terminated.
	(1) Normal termination (return value 0)
		Usr 0 00:07:42, Sys 0 00:02:33  -  Run Remote Usage
		Usr 0 00:00:00, Sys 0 00:00:00  -  Run Local Usage
		Usr 0 00:07:42, Sys 0 00:02:33  -  Total Remote Usage
		Usr 0 00:00:00, Sys 0 00:00:00  -  Total Local Usage
	74403  -  Run Bytes Sent By Job
	547  -  Run Bytes Received By Job
	74403  -  Total Bytes Sent By Job
	547  -  Total Bytes Received By Job
	Partitionable Resources :    Usage  Request Allocated
	   Cpus                 :                 1         1
	   Disk (KB)            :       85  1024000   1027371
	   Memory (MB)          :      327     2000      2000
...
