000 (10080.000.000) 03/30 09:00:06 Job submitted from host: <128.101.221.180:9618?addrs=128.101.221.180-9618&noUDP&sock=3943_2604_3>
...
001 (10080.000.000) 03/30 09:12:57 Job executing on host: <128.101.221.185:9618?addrs=128.101.221.185-9618&noUDP&sock=4153619_bab1_4>
...
006 (10080.000.000) 03/30 09:13:05 Image size of job updated: 178260
	116  -  MemoryUsage of job (MB)
	117952  -  ResidentSetSize of job (KB)
...
006 (10080.000.000) 03/30 09:18:05 Image size of job updated: 423672
	322  -  MemoryUsage of job (MB)
	329516  -  ResidentSetSize of job (KB)
...
006 (10080.000.000) 03/30 09:23:05 Image size of job updated: 423672
	327  -  MemoryUsage of job (MB)
	334160  -  ResidentSetSize of job (KB)
...
006 (10080.000.000) 03/30 09:28:01 Image size of job updated: 733284
	327  -  MemoryUsage of job (MB)
	334160  -  ResidentSetSize of job (KB)
...
005 (10080.000.000) 03/30 09:28:03 Job terminated.
	(1) Normal termination (return value 0)
		Usr 0 00:09:53, Sys 0 00:03:42  -  Run Remote Usage
		Usr 0 00:00:00, Sys 0 00:00:00  -  Run Local Usage
		Usr 0 00:09:53, Sys 0 00:03:42  -  Total Remote Usage
		Usr 0 00:00:00, Sys 0 00:00:00  -  Total Local Usage
	97996  -  Run Bytes Sent By Job
	547  -  Run Bytes Received By Job
	97996  -  Total Bytes Sent By Job
	547  -  Total Bytes Received By Job
	Partitionable Resources :    Usage  Request Allocated
	   Cpus                 :                 1         1
	   Disk (KB)            :      109  1024000   1026735
	   Memory (MB)          :      327     2000      2000
...
