000 (10091.000.000) 03/30 09:00:12 Job submitted from host: <128.101.221.180:9618?addrs=128.101.221.180-9618&noUDP&sock=3943_2604_3>
...
001 (10091.000.000) 03/30 09:13:47 Job executing on host: <128.101.221.180:9618?addrs=128.101.221.180-9618&noUDP&sock=3943_2604_4>
...
006 (10091.000.000) 03/30 09:13:56 Image size of job updated: 288728
	204  -  MemoryUsage of job (MB)
	208060  -  ResidentSetSize of job (KB)
...
006 (10091.000.000) 03/30 09:17:38 Image size of job updated: 727740
	204  -  MemoryUsage of job (MB)
	208060  -  ResidentSetSize of job (KB)
...
005 (10091.000.000) 03/30 09:17:39 Job terminated.
	(1) Normal termination (return value 0)
		Usr 0 00:02:30, Sys 0 00:00:49  -  Run Remote Usage
		Usr 0 00:00:00, Sys 0 00:00:00  -  Run Local Usage
		Usr 0 00:02:30, Sys 0 00:00:49  -  Total Remote Usage
		Usr 0 00:00:00, Sys 0 00:00:00  -  Total Local Usage
	48607  -  Run Bytes Sent By Job
	547  -  Run Bytes Received By Job
	48607  -  Total Bytes Sent By Job
	547  -  Total Bytes Received By Job
	Partitionable Resources :    Usage  Request Allocated
	   Cpus                 :                 1         1
	   Disk (KB)            :       60  1024000   1026205
	   Memory (MB)          :      204     2000      2000
...
