000 (10078.000.000) 03/30 09:00:05 Job submitted from host: <128.101.221.180:9618?addrs=128.101.221.180-9618&noUDP&sock=3943_2604_3>
...
001 (10078.000.000) 03/30 09:12:08 Job executing on host: <128.101.221.182:9618?addrs=128.101.221.182-9618&noUDP&sock=3902_06a2_4>
...
006 (10078.000.000) 03/30 09:12:17 Image size of job updated: 242072
	167  -  MemoryUsage of job (MB)
	170256  -  ResidentSetSize of job (KB)
...
006 (10078.000.000) 03/30 09:15:52 Image size of job updated: 331108
	167  -  MemoryUsage of job (MB)
	170256  -  ResidentSetSize of job (KB)
...
005 (10078.000.000) 03/30 09:15:53 Job terminated.
	(1) Normal termination (return value 0)
		Usr 0 00:02:13, Sys 0 00:01:15  -  Run Remote Usage
		Usr 0 00:00:00, Sys 0 00:00:00  -  Run Local Usage
		Usr 0 00:02:13, Sys 0 00:01:15  -  Total Remote Usage
		Usr 0 00:00:00, Sys 0 00:00:00  -  Total Local Usage
	40857  -  Run Bytes Sent By Job
	547  -  Run Bytes Received By Job
	40857  -  Total Bytes Sent By Job
	547  -  Total Bytes Received By Job
	Partitionable Resources :    Usage  Request Allocated
	   Cpus                 :                 1         1
	   Disk (KB)            :       53  1024000   2046424
	   Memory (MB)          :      167     2000      2000
...
