000 (10049.000.000) 03/30 08:59:49 Job submitted from host: <128.101.221.180:9618?addrs=128.101.221.180-9618&noUDP&sock=3943_2604_3>
...
001 (10049.000.000) 03/30 09:08:57 Job executing on host: <128.101.221.175:9618?addrs=128.101.221.175-9618&noUDP&sock=12916_e152_4>
...
006 (10049.000.000) 03/30 09:09:06 Image size of job updated: 212300
	162  -  MemoryUsage of job (MB)
	165268  -  ResidentSetSize of job (KB)
...
005 (10049.000.000) 03/30 09:13:42 Job terminated.
	(1) Normal termination (return value 0)
		Usr 0 00:02:51, Sys 0 00:01:34  -  Run Remote Usage
		Usr 0 00:00:00, Sys 0 00:00:00  -  Run Local Usage
		Usr 0 00:02:51, Sys 0 00:01:34  -  Total Remote Usage
		Usr 0 00:00:00, Sys 0 00:00:00  -  Total Local Usage
	39544  -  Run Bytes Sent By Job
	547  -  Run Bytes Received By Job
	39544  -  Total Bytes Sent By Job
	547  -  Total Bytes Received By Job
	Partitionable Resources :    Usage  Request Allocated
	   Cpus                 :                 1         1
	   Disk (KB)            :       51  1024000   1932390
	   Memory (MB)          :      162     2000      2000
...
