000 (10060.000.000) 03/30 08:59:55 Job submitted from host: <128.101.221.180:9618?addrs=128.101.221.180-9618&noUDP&sock=3943_2604_3>
...
001 (10060.000.000) 03/30 09:09:39 Job executing on host: <128.101.221.182:9618?addrs=128.101.221.182-9618&noUDP&sock=3902_06a2_4>
...
006 (10060.000.000) 03/30 09:09:48 Image size of job updated: 270024
	189  -  MemoryUsage of job (MB)
	192912  -  ResidentSetSize of job (KB)
...
006 (10060.000.000) 03/30 09:14:49 Image size of job updated: 329600
	322  -  MemoryUsage of job (MB)
	329536  -  ResidentSetSize of job (KB)
...
006 (10060.000.000) 03/30 09:16:50 Image size of job updated: 730068
	322  -  MemoryUsage of job (MB)
	329536  -  ResidentSetSize of job (KB)
...
005 (10060.000.000) 03/30 09:16:52 Job terminated.
	(1) Normal termination (return value 0)
		Usr 0 00:04:18, Sys 0 00:02:28  -  Run Remote Usage
		Usr 0 00:00:00, Sys 0 00:00:00  -  Run Local Usage
		Usr 0 00:04:18, Sys 0 00:02:28  -  Total Remote Usage
		Usr 0 00:00:00, Sys 0 00:00:00  -  Total Local Usage
	58745  -  Run Bytes Sent By Job
	547  -  Run Bytes Received By Job
	58745  -  Total Bytes Sent By Job
	547  -  Total Bytes Received By Job
	Partitionable Resources :    Usage  Request Allocated
	   Cpus                 :                 1         1
	   Disk (KB)            :       70  1024000   2046438
	   Memory (MB)          :      322     2000      2000
...
