000 (10051.000.000) 03/30 08:59:50 Job submitted from host: <128.101.221.180:9618?addrs=128.101.221.180-9618&noUDP&sock=3943_2604_3>
...
001 (10051.000.000) 03/30 09:08:55 Job executing on host: <128.101.221.175:9618?addrs=128.101.221.175-9618&noUDP&sock=12916_e152_4>
...
006 (10051.000.000) 03/30 09:09:04 Image size of job updated: 220600
	187  -  MemoryUsage of job (MB)
	191440  -  ResidentSetSize of job (KB)
...
006 (10051.000.000) 03/30 09:14:05 Image size of job updated: 332688
	325  -  MemoryUsage of job (MB)
	332236  -  ResidentSetSize of job (KB)
...
005 (10051.000.000) 03/30 09:16:35 Job terminated.
	(1) Normal termination (return value 0)
		Usr 0 00:04:33, Sys 0 00:02:40  -  Run Remote Usage
		Usr 0 00:00:00, Sys 0 00:00:00  -  Run Local Usage
		Usr 0 00:04:33, Sys 0 00:02:40  -  Total Remote Usage
		Usr 0 00:00:00, Sys 0 00:00:00  -  Total Local Usage
	58473  -  Run Bytes Sent By Job
	547  -  Run Bytes Received By Job
	58473  -  Total Bytes Sent By Job
	547  -  Total Bytes Received By Job
	Partitionable Resources :    Usage  Request Allocated
	   Cpus                 :                 1         1
	   Disk (KB)            :       70  1024000   1932390
	   Memory (MB)          :      325     2000      2000
...
