000 (6583.000.000) 08/07 11:15:49 Job submitted from host: <128.101.221.176:9618?addrs=128.101.221.176-9618&noUDP&sock=11541_65e5_3>
...
001 (6583.000.000) 08/07 11:16:08 Job executing on host: <128.101.220.87:9618?addrs=128.101.220.87-9618&noUDP&sock=12038_f3c2_4>
...
006 (6583.000.000) 08/07 11:16:17 Image size of job updated: 244384
	204  -  MemoryUsage of job (MB)
	207892  -  ResidentSetSize of job (KB)
...
006 (6583.000.000) 08/07 11:21:18 Image size of job updated: 371568
	319  -  MemoryUsage of job (MB)
	326572  -  ResidentSetSize of job (KB)
...
006 (6583.000.000) 08/07 11:26:19 Image size of job updated: 371596
	319  -  MemoryUsage of job (MB)
	326600  -  ResidentSetSize of job (KB)
...
006 (6583.000.000) 08/07 11:31:19 Image size of job updated: 371600
	319  -  MemoryUsage of job (MB)
	326604  -  ResidentSetSize of job (KB)
...
006 (6583.000.000) 08/07 11:36:20 Image size of job updated: 371644
	319  -  MemoryUsage of job (MB)
	326648  -  ResidentSetSize of job (KB)
...
006 (6583.000.000) 08/07 11:41:21 Image size of job updated: 371644
	319  -  MemoryUsage of job (MB)
	326656  -  ResidentSetSize of job (KB)
...
005 (6583.000.000) 08/07 12:02:18 Job terminated.
	(1) Normal termination (return value 0)
		Usr 0 00:01:37, Sys 0 00:01:04  -  Run Remote Usage
		Usr 0 00:00:00, Sys 0 00:00:00  -  Run Local Usage
		Usr 0 00:01:37, Sys 0 00:01:04  -  Total Remote Usage
		Usr 0 00:00:00, Sys 0 00:00:00  -  Total Local Usage
	23754  -  Run Bytes Sent By Job
	583  -  Run Bytes Received By Job
	23754  -  Total Bytes Sent By Job
	583  -  Total Bytes Received By Job
	Partitionable Resources :    Usage  Request Allocated
	   Cpus                 :                 1         1
	   Disk (KB)            :       35  1024000   4041151
	   Memory (MB)          :      319     2000      2000
...
