000 (6588.000.000) 08/07 11:15:52 Job submitted from host: <128.101.221.176:9618?addrs=128.101.221.176-9618&noUDP&sock=11541_65e5_3>
...
001 (6588.000.000) 08/07 11:16:10 Job executing on host: <128.101.220.84:9618?addrs=128.101.220.84-9618&noUDP&sock=12007_9b0e_4>
...
006 (6588.000.000) 08/07 11:16:19 Image size of job updated: 295392
	224  -  MemoryUsage of job (MB)
	229096  -  ResidentSetSize of job (KB)
...
006 (6588.000.000) 08/07 11:21:19 Image size of job updated: 394864
	319  -  MemoryUsage of job (MB)
	326468  -  ResidentSetSize of job (KB)
...
006 (6588.000.000) 08/07 11:26:19 Image size of job updated: 394864
	319  -  MemoryUsage of job (MB)
	326516  -  ResidentSetSize of job (KB)
...
006 (6588.000.000) 08/07 11:31:20 Image size of job updated: 394864
	320  -  MemoryUsage of job (MB)
	327168  -  ResidentSetSize of job (KB)
...
006 (6588.000.000) 08/07 11:41:21 Image size of job updated: 394864
	320  -  MemoryUsage of job (MB)
	327628  -  ResidentSetSize of job (KB)
...
006 (6588.000.000) 08/07 11:46:22 Image size of job updated: 394864
	321  -  MemoryUsage of job (MB)
	328456  -  ResidentSetSize of job (KB)
...
006 (6588.000.000) 08/07 11:51:23 Image size of job updated: 394864
	321  -  MemoryUsage of job (MB)
	328524  -  ResidentSetSize of job (KB)
...
005 (6588.000.000) 08/07 12:00:44 Job terminated.
	(1) Normal termination (return value 0)
		Usr 0 00:01:37, Sys 0 00:01:02  -  Run Remote Usage
		Usr 0 00:00:00, Sys 0 00:00:00  -  Run Local Usage
		Usr 0 00:01:37, Sys 0 00:01:02  -  Total Remote Usage
		Usr 0 00:00:00, Sys 0 00:00:00  -  Total Local Usage
	23990  -  Run Bytes Sent By Job
	583  -  Run Bytes Received By Job
	23990  -  Total Bytes Sent By Job
	583  -  Total Bytes Received By Job
	Partitionable Resources :    Usage  Request Allocated
	   Cpus                 :                 1         1
	   Disk (KB)            :       35  1024000   4058367
	   Memory (MB)          :      321     2000      2000
...
