000 (6585.000.000) 08/07 11:15:50 Job submitted from host: <128.101.221.176:9618?addrs=128.101.221.176-9618&noUDP&sock=11541_65e5_3>
...
001 (6585.000.000) 08/07 11:16:08 Job executing on host: <128.101.220.74:9618?addrs=128.101.220.74-9618&noUDP&sock=11997_2d15_4>
...
006 (6585.000.000) 08/07 11:16:17 Image size of job updated: 310336
	255  -  MemoryUsage of job (MB)
	260960  -  ResidentSetSize of job (KB)
...
006 (6585.000.000) 08/07 11:21:18 Image size of job updated: 376900
	320  -  MemoryUsage of job (MB)
	327364  -  ResidentSetSize of job (KB)
...
006 (6585.000.000) 08/07 11:26:19 Image size of job updated: 376932
	320  -  MemoryUsage of job (MB)
	327392  -  ResidentSetSize of job (KB)
...
006 (6585.000.000) 08/07 11:31:19 Image size of job updated: 376980
	320  -  MemoryUsage of job (MB)
	327412  -  ResidentSetSize of job (KB)
...
005 (6585.000.000) 08/07 11:47:54 Job terminated.
	(1) Normal termination (return value 0)
		Usr 0 00:01:03, Sys 0 00:00:37  -  Run Remote Usage
		Usr 0 00:00:00, Sys 0 00:00:00  -  Run Local Usage
		Usr 0 00:01:03, Sys 0 00:00:37  -  Total Remote Usage
		Usr 0 00:00:00, Sys 0 00:00:00  -  Total Local Usage
	22336  -  Run Bytes Sent By Job
	583  -  Run Bytes Received By Job
	22336  -  Total Bytes Sent By Job
	583  -  Total Bytes Received By Job
	Partitionable Resources :    Usage  Request Allocated
	   Cpus                 :                 1         1
	   Disk (KB)            :       34  1024000   4023115
	   Memory (MB)          :      320     2000      2000
...
