000 (5643.000.000) 08/06 20:55:20 Job submitted from host: <128.101.221.176:9618?addrs=128.101.221.176-9618&noUDP&sock=11541_65e5_3>
...
001 (5643.000.000) 08/06 20:55:39 Job executing on host: <128.101.220.87:9618?addrs=128.101.220.87-9618&noUDP&sock=12038_f3c2_4>
...
006 (5643.000.000) 08/06 20:55:48 Image size of job updated: 362416
	268  -  MemoryUsage of job (MB)
	274376  -  ResidentSetSize of job (KB)
...
006 (5643.000.000) 08/06 21:00:49 Image size of job updated: 413256
	322  -  MemoryUsage of job (MB)
	328752  -  ResidentSetSize of job (KB)
...
006 (5643.000.000) 08/06 21:30:54 Image size of job updated: 413256
	327  -  MemoryUsage of job (MB)
	334660  -  ResidentSetSize of job (KB)
...
006 (5643.000.000) 08/06 21:49:12 Image size of job updated: 710612
	327  -  MemoryUsage of job (MB)
	334660  -  ResidentSetSize of job (KB)
...
005 (5643.000.000) 08/06 21:49:14 Job terminated.
	(1) Normal termination (return value 0)
		Usr 0 00:01:50, Sys 0 00:01:19  -  Run Remote Usage
		Usr 0 00:00:00, Sys 0 00:00:00  -  Run Local Usage
		Usr 0 00:01:50, Sys 0 00:01:19  -  Total Remote Usage
		Usr 0 00:00:00, Sys 0 00:00:00  -  Total Local Usage
	23820  -  Run Bytes Sent By Job
	575  -  Run Bytes Received By Job
	23820  -  Total Bytes Sent By Job
	575  -  Total Bytes Received By Job
	Partitionable Resources :    Usage  Request Allocated
	   Cpus                 :                 1         1
	   Disk (KB)            :       35  1024000   4041187
	   Memory (MB)          :      327     2000      2000
...
