000 (5619.000.000) 08/06 20:55:09 Job submitted from host: <128.101.221.176:9618?addrs=128.101.221.176-9618&noUDP&sock=11541_65e5_3>
...
001 (5619.000.000) 08/06 20:55:31 Job executing on host: <128.101.221.183:9618?addrs=128.101.221.183-9618&noUDP&sock=11118_5e21_4>
...
006 (5619.000.000) 08/06 20:55:40 Image size of job updated: 285880
	231  -  MemoryUsage of job (MB)
	235684  -  ResidentSetSize of job (KB)
...
006 (5619.000.000) 08/06 21:00:41 Image size of job updated: 334516
	322  -  MemoryUsage of job (MB)
	329720  -  ResidentSetSize of job (KB)
...
006 (5619.000.000) 08/06 21:05:42 Image size of job updated: 334528
	323  -  MemoryUsage of job (MB)
	329732  -  ResidentSetSize of job (KB)
...
006 (5619.000.000) 08/06 21:10:43 Image size of job updated: 334924
	323  -  MemoryUsage of job (MB)
	330128  -  ResidentSetSize of job (KB)
...
006 (5619.000.000) 08/06 21:15:44 Image size of job updated: 335060
	323  -  MemoryUsage of job (MB)
	330264  -  ResidentSetSize of job (KB)
...
006 (5619.000.000) 08/06 21:20:44 Image size of job updated: 335060
	327  -  MemoryUsage of job (MB)
	334512  -  ResidentSetSize of job (KB)
...
005 (5619.000.000) 08/06 21:54:36 Job terminated.
	(1) Normal termination (return value 0)
		Usr 0 00:01:42, Sys 0 00:01:07  -  Run Remote Usage
		Usr 0 00:00:00, Sys 0 00:00:00  -  Run Local Usage
		Usr 0 00:01:42, Sys 0 00:01:07  -  Total Remote Usage
		Usr 0 00:00:00, Sys 0 00:00:00  -  Total Local Usage
	23974  -  Run Bytes Sent By Job
	581  -  Run Bytes Received By Job
	23974  -  Total Bytes Sent By Job
	581  -  Total Bytes Received By Job
	Partitionable Resources :    Usage  Request Allocated
	   Cpus                 :                 1         1
	   Disk (KB)            :       35  1024000   1128072
	   Memory (MB)          :      327     2000      2000
...
