000 (5628.000.000) 08/06 20:55:13 Job submitted from host: <128.101.221.176:9618?addrs=128.101.221.176-9618&noUDP&sock=11541_65e5_3>
...
001 (5628.000.000) 08/06 20:55:37 Job executing on host: <128.101.221.181:9618?addrs=128.101.221.181-9618&noUDP&sock=11138_f93a_4>
...
006 (5628.000.000) 08/06 20:55:46 Image size of job updated: 307512
	243  -  MemoryUsage of job (MB)
	247816  -  ResidentSetSize of job (KB)
...
006 (5628.000.000) 08/06 21:00:46 Image size of job updated: 384348
	322  -  MemoryUsage of job (MB)
	329152  -  ResidentSetSize of job (KB)
...
006 (5628.000.000) 08/06 21:05:46 Image size of job updated: 384364
	322  -  MemoryUsage of job (MB)
	329168  -  ResidentSetSize of job (KB)
...
006 (5628.000.000) 08/06 21:10:47 Image size of job updated: 384684
	322  -  MemoryUsage of job (MB)
	329488  -  ResidentSetSize of job (KB)
...
006 (5628.000.000) 08/06 21:15:47 Image size of job updated: 384684
	322  -  MemoryUsage of job (MB)
	329492  -  ResidentSetSize of job (KB)
...
006 (5628.000.000) 08/06 21:20:47 Image size of job updated: 384684
	322  -  MemoryUsage of job (MB)
	329684  -  ResidentSetSize of job (KB)
...
006 (5628.000.000) 08/06 21:25:48 Image size of job updated: 384684
	326  -  MemoryUsage of job (MB)
	333660  -  ResidentSetSize of job (KB)
...
005 (5628.000.000) 08/06 21:56:17 Job terminated.
	(1) Normal termination (return value 0)
		Usr 0 00:01:50, Sys 0 00:01:15  -  Run Remote Usage
		Usr 0 00:00:00, Sys 0 00:00:00  -  Run Local Usage
		Usr 0 00:01:50, Sys 0 00:01:15  -  Total Remote Usage
		Usr 0 00:00:00, Sys 0 00:00:00  -  Total Local Usage
	24443  -  Run Bytes Sent By Job
	581  -  Run Bytes Received By Job
	24443  -  Total Bytes Sent By Job
	581  -  Total Bytes Received By Job
	Partitionable Resources :    Usage  Request Allocated
	   Cpus                 :                 1         1
	   Disk (KB)            :       36  1024000   1865858
	   Memory (MB)          :      326     2000      2000
...
