000 (5625.000.000) 08/06 20:55:11 Job submitted from host: <128.101.221.176:9618?addrs=128.101.221.176-9618&noUDP&sock=11541_65e5_3>
...
001 (5625.000.000) 08/06 20:55:39 Job executing on host: <128.101.221.171:9618?addrs=128.101.221.171-9618&noUDP&sock=11629_6b57_4>
...
006 (5625.000.000) 08/06 20:55:48 Image size of job updated: 329336
	238  -  MemoryUsage of job (MB)
	243488  -  ResidentSetSize of job (KB)
...
006 (5625.000.000) 08/06 21:00:49 Image size of job updated: 413148
	323  -  MemoryUsage of job (MB)
	330476  -  ResidentSetSize of job (KB)
...
006 (5625.000.000) 08/06 21:15:51 Image size of job updated: 413156
	323  -  MemoryUsage of job (MB)
	330484  -  ResidentSetSize of job (KB)
...
006 (5625.000.000) 08/06 21:25:52 Image size of job updated: 413156
	323  -  MemoryUsage of job (MB)
	330488  -  ResidentSetSize of job (KB)
...
006 (5625.000.000) 08/06 21:40:54 Image size of job updated: 413156
	327  -  MemoryUsage of job (MB)
	334184  -  ResidentSetSize of job (KB)
...
005 (5625.000.000) 08/06 21:55:41 Job terminated.
	(1) Normal termination (return value 0)
		Usr 0 00:01:46, Sys 0 00:01:11  -  Run Remote Usage
		Usr 0 00:00:00, Sys 0 00:00:00  -  Run Local Usage
		Usr 0 00:01:46, Sys 0 00:01:11  -  Total Remote Usage
		Usr 0 00:00:00, Sys 0 00:00:00  -  Total Local Usage
	24218  -  Run Bytes Sent By Job
	581  -  Run Bytes Received By Job
	24218  -  Total Bytes Sent By Job
	581  -  Total Bytes Received By Job
	Partitionable Resources :    Usage  Request Allocated
	   Cpus                 :                 1         1
	   Disk (KB)            :       35  1024000   1816166
	   Memory (MB)          :      327     2000      2000
...
