000 (10146.000.000) 03/30 09:37:41 Job submitted from host: <128.101.221.180:9618?addrs=128.101.221.180-9618&noUDP&sock=3943_2604_3>
...
001 (10146.000.000) 03/30 09:47:10 Job executing on host: <128.101.221.182:9618?addrs=128.101.221.182-9618&noUDP&sock=3902_06a2_4>
...
006 (10146.000.000) 03/30 09:47:19 Image size of job updated: 252860
	176  -  MemoryUsage of job (MB)
	179368  -  ResidentSetSize of job (KB)
...
006 (10146.000.000) 03/30 09:52:20 Image size of job updated: 332040
	324  -  MemoryUsage of job (MB)
	331552  -  ResidentSetSize of job (KB)
...
006 (10146.000.000) 03/30 09:54:10 Image size of job updated: 730292
	324  -  MemoryUsage of job (MB)
	331552  -  ResidentSetSize of job (KB)
...
005 (10146.000.000) 03/30 09:54:11 Job terminated.
	(1) Normal termination (return value 0)
		Usr 0 00:04:09, Sys 0 00:02:26  -  Run Remote Usage
		Usr 0 00:00:00, Sys 0 00:00:00  -  Run Local Usage
		Usr 0 00:04:09, Sys 0 00:02:26  -  Total Remote Usage
		Usr 0 00:00:00, Sys 0 00:00:00  -  Total Local Usage
	51712  -  Run Bytes Sent By Job
	547  -  Run Bytes Received By Job
	51712  -  Total Bytes Sent By Job
	547  -  Total Bytes Received By Job
	Partitionable Resources :    Usage  Request Allocated
	   Cpus                 :                 1         1
	   Disk (KB)            :       63  1024000   2046398
	   Memory (MB)          :      324     2000      2000
...
