000 (10133.000.000) 03/30 09:37:35 Job submitted from host: <128.101.221.180:9618?addrs=128.101.221.180-9618&noUDP&sock=3943_2604_3>
...
001 (10133.000.000) 03/30 09:44:42 Job executing on host: <128.101.221.182:9618?addrs=128.101.221.182-9618&noUDP&sock=3902_06a2_4>
...
006 (10133.000.000) 03/30 09:44:51 Image size of job updated: 275712
	194  -  MemoryUsage of job (MB)
	198404  -  ResidentSetSize of job (KB)
...
006 (10133.000.000) 03/30 09:46:45 Image size of job updated: 726176
	194  -  MemoryUsage of job (MB)
	198404  -  ResidentSetSize of job (KB)
...
005 (10133.000.000) 03/30 09:46:46 Job terminated.
	(1) Normal termination (return value 0)
		Usr 0 00:01:15, Sys 0 00:00:39  -  Run Remote Usage
		Usr 0 00:00:00, Sys 0 00:00:00  -  Run Local Usage
		Usr 0 00:01:15, Sys 0 00:00:39  -  Total Remote Usage
		Usr 0 00:00:00, Sys 0 00:00:00  -  Total Local Usage
	34252  -  Run Bytes Sent By Job
	547  -  Run Bytes Received By Job
	34252  -  Total Bytes Sent By Job
	547  -  Total Bytes Received By Job
	Partitionable Resources :    Usage  Request Allocated
	   Cpus                 :                 1         1
	   Disk (KB)            :       46  1024000   2046402
	   Memory (MB)          :      194     2000      2000
...
