000 (10154.000.000) 03/30 09:37:46 Job submitted from host: <128.101.221.180:9618?addrs=128.101.221.180-9618&noUDP&sock=3943_2604_3>
...
001 (10154.000.000) 03/30 09:49:05 Job executing on host: <128.101.221.182:9618?addrs=128.101.221.182-9618&noUDP&sock=3902_06a2_4>
...
006 (10154.000.000) 03/30 09:49:14 Image size of job updated: 238548
	199  -  MemoryUsage of job (MB)
	203480  -  ResidentSetSize of job (KB)
...
006 (10154.000.000) 03/30 09:54:15 Image size of job updated: 330276
	323  -  MemoryUsage of job (MB)
	329824  -  ResidentSetSize of job (KB)
...
006 (10154.000.000) 03/30 09:56:09 Image size of job updated: 727480
	323  -  MemoryUsage of job (MB)
	329824  -  ResidentSetSize of job (KB)
...
005 (10154.000.000) 03/30 09:56:10 Job terminated.
	(1) Normal termination (return value 0)
		Usr 0 00:04:14, Sys 0 00:02:26  -  Run Remote Usage
		Usr 0 00:00:00, Sys 0 00:00:00  -  Run Local Usage
		Usr 0 00:04:14, Sys 0 00:02:26  -  Total Remote Usage
		Usr 0 00:00:00, Sys 0 00:00:00  -  Total Local Usage
	48607  -  Run Bytes Sent By Job
	547  -  Run Bytes Received By Job
	48607  -  Total Bytes Sent By Job
	547  -  Total Bytes Received By Job
	Partitionable Resources :    Usage  Request Allocated
	   Cpus                 :                 1         1
	   Disk (KB)            :       60  1024000   2046362
	   Memory (MB)          :      323     2000      2000
...
