000 (10185.000.000) 03/30 09:38:02 Job submitted from host: <128.101.221.180:9618?addrs=128.101.221.180-9618&noUDP&sock=3943_2604_3>
...
001 (10185.000.000) 03/30 10:04:42 Job executing on host: <128.101.221.182:9618?addrs=128.101.221.182-9618&noUDP&sock=3902_06a2_4>
...
006 (10185.000.000) 03/30 10:04:50 Image size of job updated: 133732
	127  -  MemoryUsage of job (MB)
	129380  -  ResidentSetSize of job (KB)
...
006 (10185.000.000) 03/30 10:09:50 Image size of job updated: 338556
	326  -  MemoryUsage of job (MB)
	332964  -  ResidentSetSize of job (KB)
...
005 (10185.000.000) 03/30 10:12:02 Job terminated.
	(1) Normal termination (return value 0)
		Usr 0 00:04:13, Sys 0 00:02:13  -  Run Remote Usage
		Usr 0 00:00:00, Sys 0 00:00:00  -  Run Local Usage
		Usr 0 00:04:13, Sys 0 00:02:13  -  Total Remote Usage
		Usr 0 00:00:00, Sys 0 00:00:00  -  Total Local Usage
	59200  -  Run Bytes Sent By Job
	547  -  Run Bytes Received By Job
	59200  -  Total Bytes Sent By Job
	547  -  Total Bytes Received By Job
	Partitionable Resources :    Usage  Request Allocated
	   Cpus                 :                 1         1
	   Disk (KB)            :       71  1024000   2046338
	   Memory (MB)          :      326     2000      2000
...
