000 (10165.000.000) 03/30 09:37:52 Job submitted from host: <128.101.221.180:9618?addrs=128.101.221.180-9618&noUDP&sock=3943_2604_3>
...
001 (10165.000.000) 03/30 09:55:28 Job executing on host: <128.101.221.182:9618?addrs=128.101.221.182-9618&noUDP&sock=3902_06a2_4>
...
006 (10165.000.000) 03/30 09:55:36 Image size of job updated: 239572
	165  -  MemoryUsage of job (MB)
	168276  -  ResidentSetSize of job (KB)
...
006 (10165.000.000) 03/30 10:00:36 Image size of job updated: 330004
	322  -  MemoryUsage of job (MB)
	329704  -  ResidentSetSize of job (KB)
...
006 (10165.000.000) 03/30 10:05:14 Image size of job updated: 733272
	322  -  MemoryUsage of job (MB)
	329704  -  ResidentSetSize of job (KB)
...
005 (10165.000.000) 03/30 10:05:15 Job terminated.
	(1) Normal termination (return value 0)
		Usr 0 00:05:58, Sys 0 00:03:06  -  Run Remote Usage
		Usr 0 00:00:00, Sys 0 00:00:00  -  Run Local Usage
		Usr 0 00:05:58, Sys 0 00:03:06  -  Total Remote Usage
		Usr 0 00:00:00, Sys 0 00:00:00  -  Total Local Usage
	64664  -  Run Bytes Sent By Job
	547  -  Run Bytes Received By Job
	64664  -  Total Bytes Sent By Job
	547  -  Total Bytes Received By Job
	Partitionable Resources :    Usage  Request Allocated
	   Cpus                 :                 1         1
	   Disk (KB)            :       76  1024000   2046362
	   Memory (MB)          :      322     2000      2000
...
