000 (10127.000.000) 03/30 09:37:32 Job submitted from host: <128.101.221.180:9618?addrs=128.101.221.180-9618&noUDP&sock=3943_2604_3>
...
001 (10127.000.000) 03/30 09:41:30 Job executing on host: <128.101.221.175:9618?addrs=128.101.221.175-9618&noUDP&sock=12916_e152_4>
...
006 (10127.000.000) 03/30 09:41:39 Image size of job updated: 263912
	184  -  MemoryUsage of job (MB)
	187796  -  ResidentSetSize of job (KB)
...
006 (10127.000.000) 03/30 09:46:40 Image size of job updated: 329888
	322  -  MemoryUsage of job (MB)
	329664  -  ResidentSetSize of job (KB)
...
006 (10127.000.000) 03/30 09:51:41 Image size of job updated: 333896
	326  -  MemoryUsage of job (MB)
	333548  -  ResidentSetSize of job (KB)
...
006 (10127.000.000) 03/30 09:56:41 Image size of job updated: 336044
	328  -  MemoryUsage of job (MB)
	335636  -  ResidentSetSize of job (KB)
...
006 (10127.000.000) 03/30 09:56:54 Image size of job updated: 733112
	328  -  MemoryUsage of job (MB)
	335636  -  ResidentSetSize of job (KB)
...
005 (10127.000.000) 03/30 09:56:55 Job terminated.
	(1) Normal termination (return value 0)
		Usr 0 00:09:12, Sys 0 00:05:24  -  Run Remote Usage
		Usr 0 00:00:00, Sys 0 00:00:00  -  Run Local Usage
		Usr 0 00:09:12, Sys 0 00:05:24  -  Total Remote Usage
		Usr 0 00:00:00, Sys 0 00:00:00  -  Total Local Usage
	97995  -  Run Bytes Sent By Job
	547  -  Run Bytes Received By Job
	97995  -  Total Bytes Sent By Job
	547  -  Total Bytes Received By Job
	Partitionable Resources :    Usage  Request Allocated
	   Cpus                 :                 1         1
	   Disk (KB)            :      109  1024000   1932364
	   Memory (MB)          :      328     2000      2000
...
