000 (10171.000.000) 03/30 09:37:55 Job submitted from host: <128.101.221.180:9618?addrs=128.101.221.180-9618&noUDP&sock=3943_2604_3>
...
001 (10171.000.000) 03/30 09:57:14 Job executing on host: <128.101.221.175:9618?addrs=128.101.221.175-9618&noUDP&sock=12916_e152_4>
...
006 (10171.000.000) 03/30 09:57:22 Image size of job updated: 200908
	166  -  MemoryUsage of job (MB)
	169552  -  ResidentSetSize of job (KB)
...
006 (10171.000.000) 03/30 10:01:38 Image size of job updated: 733312
	166  -  MemoryUsage of job (MB)
	169552  -  ResidentSetSize of job (KB)
...
005 (10171.000.000) 03/30 10:01:39 Job terminated.
	(1) Normal termination (return value 0)
		Usr 0 00:02:39, Sys 0 00:01:30  -  Run Remote Usage
		Usr 0 00:00:00, Sys 0 00:00:00  -  Run Local Usage
		Usr 0 00:02:39, Sys 0 00:01:30  -  Total Remote Usage
		Usr 0 00:00:00, Sys 0 00:00:00  -  Total Local Usage
	42195  -  Run Bytes Sent By Job
	547  -  Run Bytes Received By Job
	42195  -  Total Bytes Sent By Job
	547  -  Total Bytes Received By Job
	Partitionable Resources :    Usage  Request Allocated
	   Cpus                 :                 1         1
	   Disk (KB)            :       54  1024000   1932322
	   Memory (MB)          :      166     2000      2000
...
