000 (10153.000.000) 03/30 09:37:45 Job submitted from host: <128.101.221.180:9618?addrs=128.101.221.180-9618&noUDP&sock=3943_2604_3>
...
001 (10153.000.000) 03/30 09:49:05 Job executing on host: <128.101.221.175:9618?addrs=128.101.221.175-9618&noUDP&sock=12916_e152_4>
...
006 (10153.000.000) 03/30 09:49:14 Image size of job updated: 236224
	162  -  MemoryUsage of job (MB)
	165740  -  ResidentSetSize of job (KB)
...
006 (10153.000.000) 03/30 09:54:15 Image size of job updated: 329780
	322  -  MemoryUsage of job (MB)
	329588  -  ResidentSetSize of job (KB)
...
006 (10153.000.000) 03/30 09:59:16 Image size of job updated: 335088
	328  -  MemoryUsage of job (MB)
	335008  -  ResidentSetSize of job (KB)
...
006 (10153.000.000) 03/30 10:02:21 Image size of job updated: 733336
	328  -  MemoryUsage of job (MB)
	335008  -  ResidentSetSize of job (KB)
...
005 (10153.000.000) 03/30 10:02:22 Job terminated.
	(1) Normal termination (return value 0)
		Usr 0 00:07:54, Sys 0 00:04:38  -  Run Remote Usage
		Usr 0 00:00:00, Sys 0 00:00:00  -  Run Local Usage
		Usr 0 00:07:54, Sys 0 00:04:38  -  Total Remote Usage
		Usr 0 00:00:00, Sys 0 00:00:00  -  Total Local Usage
	79683  -  Run Bytes Sent By Job
	547  -  Run Bytes Received By Job
	79683  -  Total Bytes Sent By Job
	547  -  Total Bytes Received By Job
	Partitionable Resources :    Usage  Request Allocated
	   Cpus                 :                 1         1
	   Disk (KB)            :       91  1024000   1932310
	   Memory (MB)          :      328     2000      2000
...
