000 (10190.000.000) 03/30 09:38:05 Job submitted from host: <128.101.221.180:9618?addrs=128.101.221.180-9618&noUDP&sock=3943_2604_3>
...
001 (10190.000.000) 03/30 10:04:44 Job executing on host: <128.101.221.182:9618?addrs=128.101.221.182-9618&noUDP&sock=3902_06a2_4>
...
006 (10190.000.000) 03/30 10:04:53 Image size of job updated: 210608
	189  -  MemoryUsage of job (MB)
	193332  -  ResidentSetSize of job (KB)
...
006 (10190.000.000) 03/30 10:09:54 Image size of job updated: 350876
	324  -  MemoryUsage of job (MB)
	331536  -  ResidentSetSize of job (KB)
...
005 (10190.000.000) 03/30 10:10:46 Job terminated.
	(1) Normal termination (return value 0)
		Usr 0 00:03:27, Sys 0 00:01:50  -  Run Remote Usage
		Usr 0 00:00:00, Sys 0 00:00:00  -  Run Local Usage
		Usr 0 00:03:27, Sys 0 00:01:50  -  Total Remote Usage
		Usr 0 00:00:00, Sys 0 00:00:00  -  Total Local Usage
	55414  -  Run Bytes Sent By Job
	547  -  Run Bytes Received By Job
	55414  -  Total Bytes Sent By Job
	547  -  Total Bytes Received By Job
	Partitionable Resources :    Usage  Request Allocated
	   Cpus                 :                 1         1
	   Disk (KB)            :       67  1024000   2046336
	   Memory (MB)          :      324     2000      2000
...
