000 (10174.000.000) 03/30 09:37:56 Job submitted from host: <128.101.221.180:9618?addrs=128.101.221.180-9618&noUDP&sock=3943_2604_3>
...
001 (10174.000.000) 03/30 09:59:04 Job executing on host: <128.101.221.182:9618?addrs=128.101.221.182-9618&noUDP&sock=3902_06a2_4>
...
006 (10174.000.000) 03/30 09:59:13 Image size of job updated: 303176
	216  -  MemoryUsage of job (MB)
	220824  -  ResidentSetSize of job (KB)
...
006 (10174.000.000) 03/30 10:04:14 Image size of job updated: 332472
	325  -  MemoryUsage of job (MB)
	332240  -  ResidentSetSize of job (KB)
...
006 (10174.000.000) 03/30 10:05:46 Image size of job updated: 732944
	325  -  MemoryUsage of job (MB)
	332240  -  ResidentSetSize of job (KB)
...
005 (10174.000.000) 03/30 10:05:47 Job terminated.
	(1) Normal termination (return value 0)
		Usr 0 00:04:07, Sys 0 00:01:59  -  Run Remote Usage
		Usr 0 00:00:00, Sys 0 00:00:00  -  Run Local Usage
		Usr 0 00:04:07, Sys 0 00:01:59  -  Total Remote Usage
		Usr 0 00:00:00, Sys 0 00:00:00  -  Total Local Usage
	58963  -  Run Bytes Sent By Job
	547  -  Run Bytes Received By Job
	58963  -  Total Bytes Sent By Job
	547  -  Total Bytes Received By Job
	Partitionable Resources :    Usage  Request Allocated
	   Cpus                 :                 1         1
	   Disk (KB)            :       71  1024000   2046358
	   Memory (MB)          :      325     2000      2000
...
