000 (10134.000.000) 03/30 09:37:36 Job submitted from host: <128.101.221.180:9618?addrs=128.101.221.180-9618&noUDP&sock=3943_2604_3>
...
001 (10134.000.000) 03/30 09:44:55 Job executing on host: <128.101.221.175:9618?addrs=128.101.221.175-9618&noUDP&sock=12916_e152_4>
...
006 (10134.000.000) 03/30 09:45:03 Image size of job updated: 205684
	140  -  MemoryUsage of job (MB)
	142864  -  ResidentSetSize of job (KB)
...
006 (10134.000.000) 03/30 09:50:03 Image size of job updated: 328368
	321  -  MemoryUsage of job (MB)
	328328  -  ResidentSetSize of job (KB)
...
006 (10134.000.000) 03/30 09:51:42 Image size of job updated: 328564
	321  -  MemoryUsage of job (MB)
	328328  -  ResidentSetSize of job (KB)
...
005 (10134.000.000) 03/30 09:51:43 Job terminated.
	(1) Normal termination (return value 0)
		Usr 0 00:04:03, Sys 0 00:02:20  -  Run Remote Usage
		Usr 0 00:00:00, Sys 0 00:00:00  -  Run Local Usage
		Usr 0 00:04:03, Sys 0 00:02:20  -  Total Remote Usage
		Usr 0 00:00:00, Sys 0 00:00:00  -  Total Local Usage
	50353  -  Run Bytes Sent By Job
	547  -  Run Bytes Received By Job
	50353  -  Total Bytes Sent By Job
	547  -  Total Bytes Received By Job
	Partitionable Resources :    Usage  Request Allocated
	   Cpus                 :                 1         1
	   Disk (KB)            :       62  1024000   1932364
	   Memory (MB)          :      321     2000      2000
...
