000 (10180.000.000) 03/30 09:37:59 Job submitted from host: <128.101.221.180:9618?addrs=128.101.221.180-9618&noUDP&sock=3943_2604_3>
...
001 (10180.000.000) 03/30 10:02:30 Job executing on host: <128.101.221.194:9618?addrs=128.101.221.194-9618&noUDP&sock=3837_70fa_4>
...
006 (10180.000.000) 03/30 10:02:38 Image size of job updated: 195292
	130  -  MemoryUsage of job (MB)
	132408  -  ResidentSetSize of job (KB)
...
006 (10180.000.000) 03/30 10:06:25 Image size of job updated: 426528
	130  -  MemoryUsage of job (MB)
	132408  -  ResidentSetSize of job (KB)
...
005 (10180.000.000) 03/30 10:06:26 Job terminated.
	(1) Normal termination (return value 0)
		Usr 0 00:02:41, Sys 0 00:00:49  -  Run Remote Usage
		Usr 0 00:00:00, Sys 0 00:00:00  -  Run Local Usage
		Usr 0 00:02:41, Sys 0 00:00:49  -  Total Remote Usage
		Usr 0 00:00:00, Sys 0 00:00:00  -  Total Local Usage
	47278  -  Run Bytes Sent By Job
	547  -  Run Bytes Received By Job
	47278  -  Total Bytes Sent By Job
	547  -  Total Bytes Received By Job
	Partitionable Resources :    Usage  Request Allocated
	   Cpus                 :                 1         1
	   Disk (KB)            :       59  1024000   1027996
	   Memory (MB)          :      130     2000      2000
...
