000 (10166.000.000) 03/30 09:37:53 Job submitted from host: <128.101.221.180:9618?addrs=128.101.221.180-9618&noUDP&sock=3943_2604_3>
...
001 (10166.000.000) 03/30 09:55:42 Job executing on host: <128.101.221.175:9618?addrs=128.101.221.175-9618&noUDP&sock=12916_e152_4>
...
006 (10166.000.000) 03/30 09:55:50 Image size of job updated: 250112
	172  -  MemoryUsage of job (MB)
	175900  -  ResidentSetSize of job (KB)
...
006 (10166.000.000) 03/30 10:00:50 Image size of job updated: 329776
	322  -  MemoryUsage of job (MB)
	329344  -  ResidentSetSize of job (KB)
...
006 (10166.000.000) 03/30 10:04:48 Image size of job updated: 335484
	322  -  MemoryUsage of job (MB)
	329344  -  ResidentSetSize of job (KB)
...
005 (10166.000.000) 03/30 10:04:49 Job terminated.
	(1) Normal termination (return value 0)
		Usr 0 00:05:27, Sys 0 00:03:09  -  Run Remote Usage
		Usr 0 00:00:00, Sys 0 00:00:00  -  Run Local Usage
		Usr 0 00:05:27, Sys 0 00:03:09  -  Total Remote Usage
		Usr 0 00:00:00, Sys 0 00:00:00  -  Total Local Usage
	60324  -  Run Bytes Sent By Job
	547  -  Run Bytes Received By Job
	60324  -  Total Bytes Sent By Job
	547  -  Total Bytes Received By Job
	Partitionable Resources :    Usage  Request Allocated
	   Cpus                 :                 1         1
	   Disk (KB)            :       72  1024000   1932312
	   Memory (MB)          :      322     2000      2000
...
