000 (10143.000.000) 03/30 09:37:40 Job submitted from host: <128.101.221.180:9618?addrs=128.101.221.180-9618&noUDP&sock=3943_2604_3>
...
001 (10143.000.000) 03/30 09:46:44 Job executing on host: <128.101.221.182:9618?addrs=128.101.221.182-9618&noUDP&sock=3902_06a2_4>
...
006 (10143.000.000) 03/30 09:46:52 Image size of job updated: 199780
	179  -  MemoryUsage of job (MB)
	182736  -  ResidentSetSize of job (KB)
...
006 (10143.000.000) 03/30 09:51:52 Image size of job updated: 330500
	323  -  MemoryUsage of job (MB)
	330344  -  ResidentSetSize of job (KB)
...
006 (10143.000.000) 03/30 09:56:53 Image size of job updated: 335304
	328  -  MemoryUsage of job (MB)
	335056  -  ResidentSetSize of job (KB)
...
006 (10143.000.000) 03/30 09:57:30 Image size of job updated: 732936
	328  -  MemoryUsage of job (MB)
	335056  -  ResidentSetSize of job (KB)
...
005 (10143.000.000) 03/30 09:57:31 Job terminated.
	(1) Normal termination (return value 0)
		Usr 0 00:06:17, Sys 0 00:03:51  -  Run Remote Usage
		Usr 0 00:00:00, Sys 0 00:00:00  -  Run Local Usage
		Usr 0 00:06:17, Sys 0 00:03:51  -  Total Remote Usage
		Usr 0 00:00:00, Sys 0 00:00:00  -  Total Local Usage
	75924  -  Run Bytes Sent By Job
	547  -  Run Bytes Received By Job
	75924  -  Total Bytes Sent By Job
	547  -  Total Bytes Received By Job
	Partitionable Resources :    Usage  Request Allocated
	   Cpus                 :                 1         1
	   Disk (KB)            :       87  1024000   2046398
	   Memory (MB)          :      328     2000      2000
...
