000 (10144.000.000) 03/30 09:37:40 Job submitted from host: <128.101.221.180:9618?addrs=128.101.221.180-9618&noUDP&sock=3943_2604_3>
...
001 (10144.000.000) 03/30 09:46:48 Job executing on host: <128.101.221.182:9618?addrs=128.101.221.182-9618&noUDP&sock=3902_06a2_4>
...
006 (10144.000.000) 03/30 09:46:57 Image size of job updated: 254788
	199  -  MemoryUsage of job (MB)
	202796  -  ResidentSetSize of job (KB)
...
006 (10144.000.000) 03/30 09:51:58 Image size of job updated: 329560
	322  -  MemoryUsage of job (MB)
	329512  -  ResidentSetSize of job (KB)
...
006 (10144.000.000) 03/30 09:56:59 Image size of job updated: 334224
	327  -  MemoryUsage of job (MB)
	334000  -  ResidentSetSize of job (KB)
...
006 (10144.000.000) 03/30 09:58:30 Image size of job updated: 733252
	327  -  MemoryUsage of job (MB)
	334000  -  ResidentSetSize of job (KB)
...
005 (10144.000.000) 03/30 09:58:31 Job terminated.
	(1) Normal termination (return value 0)
		Usr 0 00:06:54, Sys 0 00:04:09  -  Run Remote Usage
		Usr 0 00:00:00, Sys 0 00:00:00  -  Run Local Usage
		Usr 0 00:06:54, Sys 0 00:04:09  -  Total Remote Usage
		Usr 0 00:00:00, Sys 0 00:00:00  -  Total Local Usage
	71050  -  Run Bytes Sent By Job
	547  -  Run Bytes Received By Job
	71050  -  Total Bytes Sent By Job
	547  -  Total Bytes Received By Job
	Partitionable Resources :    Usage  Request Allocated
	   Cpus                 :                 1         1
	   Disk (KB)            :       82  1024000   2046402
	   Memory (MB)          :      327     2000      2000
...
