000 (10128.000.000) 03/30 09:37:32 Job submitted from host: <128.101.221.180:9618?addrs=128.101.221.180-9618&noUDP&sock=3943_2604_3>
...
001 (10128.000.000) 03/30 09:41:53 Job executing on host: <128.101.221.175:9618?addrs=128.101.221.175-9618&noUDP&sock=12916_e152_4>
...
006 (10128.000.000) 03/30 09:42:01 Image size of job updated: 236944
	163  -  MemoryUsage of job (MB)
	166212  -  ResidentSetSize of job (KB)
...
006 (10128.000.000) 03/30 09:47:01 Image size of job updated: 727532
	163  -  MemoryUsage of job (MB)
	166212  -  ResidentSetSize of job (KB)
...
005 (10128.000.000) 03/30 09:47:02 Job terminated.
	(1) Normal termination (return value 0)
		Usr 0 00:03:06, Sys 0 00:01:45  -  Run Remote Usage
		Usr 0 00:00:00, Sys 0 00:00:00  -  Run Local Usage
		Usr 0 00:03:06, Sys 0 00:01:45  -  Total Remote Usage
		Usr 0 00:00:00, Sys 0 00:00:00  -  Total Local Usage
	44848  -  Run Bytes Sent By Job
	547  -  Run Bytes Received By Job
	44848  -  Total Bytes Sent By Job
	547  -  Total Bytes Received By Job
	Partitionable Resources :    Usage  Request Allocated
	   Cpus                 :                 1         1
	   Disk (KB)            :       57  1024000   1932366
	   Memory (MB)          :      163     2000      2000
...
