000 (10139.000.000) 03/30 09:37:38 Job submitted from host: <128.101.221.180:9618?addrs=128.101.221.180-9618&noUDP&sock=3943_2604_3>
...
001 (10139.000.000) 03/30 09:45:57 Job executing on host: <128.101.221.182:9618?addrs=128.101.221.182-9618&noUDP&sock=3902_06a2_4>
...
006 (10139.000.000) 03/30 09:46:05 Image size of job updated: 242012
	167  -  MemoryUsage of job (MB)
	170312  -  ResidentSetSize of job (KB)
...
006 (10139.000.000) 03/30 09:49:20 Image size of job updated: 729772
	167  -  MemoryUsage of job (MB)
	170312  -  ResidentSetSize of job (KB)
...
005 (10139.000.000) 03/30 09:49:21 Job terminated.
	(1) Normal termination (return value 0)
		Usr 0 00:02:07, Sys 0 00:01:03  -  Run Remote Usage
		Usr 0 00:00:00, Sys 0 00:00:00  -  Run Local Usage
		Usr 0 00:02:07, Sys 0 00:01:03  -  Total Remote Usage
		Usr 0 00:00:00, Sys 0 00:00:00  -  Total Local Usage
	35163  -  Run Bytes Sent By Job
	547  -  Run Bytes Received By Job
	35163  -  Total Bytes Sent By Job
	547  -  Total Bytes Received By Job
	Partitionable Resources :    Usage  Request Allocated
	   Cpus                 :                 1         1
	   Disk (KB)            :       47  1024000   2046402
	   Memory (MB)          :      167     2000      2000
...
