000 (10142.000.000) 03/30 09:37:39 Job submitted from host: <128.101.221.180:9618?addrs=128.101.221.180-9618&noUDP&sock=3943_2604_3>
...
001 (10142.000.000) 03/30 09:46:42 Job executing on host: <128.101.221.182:9618?addrs=128.101.221.182-9618&noUDP&sock=3902_06a2_4>
...
006 (10142.000.000) 03/30 09:46:50 Image size of job updated: 189704
	176  -  MemoryUsage of job (MB)
	179640  -  ResidentSetSize of job (KB)
...
006 (10142.000.000) 03/30 09:50:23 Image size of job updated: 729960
	176  -  MemoryUsage of job (MB)
	179640  -  ResidentSetSize of job (KB)
...
005 (10142.000.000) 03/30 09:50:24 Job terminated.
	(1) Normal termination (return value 0)
		Usr 0 00:02:12, Sys 0 00:01:14  -  Run Remote Usage
		Usr 0 00:00:00, Sys 0 00:00:00  -  Run Local Usage
		Usr 0 00:02:12, Sys 0 00:01:14  -  Total Remote Usage
		Usr 0 00:00:00, Sys 0 00:00:00  -  Total Local Usage
	39541  -  Run Bytes Sent By Job
	547  -  Run Bytes Received By Job
	39541  -  Total Bytes Sent By Job
	547  -  Total Bytes Received By Job
	Partitionable Resources :    Usage  Request Allocated
	   Cpus                 :                 1         1
	   Disk (KB)            :       52  1024000   2046402
	   Memory (MB)          :      176     2000      2000
...
