000 (10187.000.000) 03/30 09:38:03 Job submitted from host: <128.101.221.180:9618?addrs=128.101.221.180-9618&noUDP&sock=3943_2604_3>
...
001 (10187.000.000) 03/30 10:04:42 Job executing on host: <128.101.221.182:9618?addrs=128.101.221.182-9618&noUDP&sock=3902_06a2_4>
...
006 (10187.000.000) 03/30 10:04:50 Image size of job updated: 138812
	131  -  MemoryUsage of job (MB)
	133500  -  ResidentSetSize of job (KB)
...
006 (10187.000.000) 03/30 10:09:50 Image size of job updated: 335652
	322  -  MemoryUsage of job (MB)
	329332  -  ResidentSetSize of job (KB)
...
005 (10187.000.000) 03/30 10:11:33 Job terminated.
	(1) Normal termination (return value 0)
		Usr 0 00:03:56, Sys 0 00:02:04  -  Run Remote Usage
		Usr 0 00:00:00, Sys 0 00:00:00  -  Run Local Usage
		Usr 0 00:03:56, Sys 0 00:02:04  -  Total Remote Usage
		Usr 0 00:00:00, Sys 0 00:00:00  -  Total Local Usage
	57208  -  Run Bytes Sent By Job
	547  -  Run Bytes Received By Job
	57208  -  Total Bytes Sent By Job
	547  -  Total Bytes Received By Job
	Partitionable Resources :    Usage  Request Allocated
	   Cpus                 :                 1         1
	   Disk (KB)            :       69  1024000   2046336
	   Memory (MB)          :      322     2000      2000
...
