000 (10182.000.000) 03/30 09:38:00 Job submitted from host: <128.101.221.180:9618?addrs=128.101.221.180-9618&noUDP&sock=3943_2604_3>
...
001 (10182.000.000) 03/30 10:03:35 Job executing on host: <128.101.221.180:9618?addrs=128.101.221.180-9618&noUDP&sock=3943_2604_4>
...
006 (10182.000.000) 03/30 10:03:44 Image size of job updated: 267260
	185  -  MemoryUsage of job (MB)
	189296  -  ResidentSetSize of job (KB)
...
006 (10182.000.000) 03/30 10:08:44 Image size of job updated: 429508
	326  -  MemoryUsage of job (MB)
	332872  -  ResidentSetSize of job (KB)
...
006 (10182.000.000) 03/30 10:10:23 Image size of job updated: 430636
	326  -  MemoryUsage of job (MB)
	332872  -  ResidentSetSize of job (KB)
...
005 (10182.000.000) 03/30 10:10:24 Job terminated.
	(1) Normal termination (return value 0)
		Usr 0 00:04:17, Sys 0 00:01:25  -  Run Remote Usage
		Usr 0 00:00:00, Sys 0 00:00:00  -  Run Local Usage
		Usr 0 00:04:17, Sys 0 00:01:25  -  Total Remote Usage
		Usr 0 00:00:00, Sys 0 00:00:00  -  Total Local Usage
	66662  -  Run Bytes Sent By Job
	547  -  Run Bytes Received By Job
	66662  -  Total Bytes Sent By Job
	547  -  Total Bytes Received By Job
	Partitionable Resources :    Usage  Request Allocated
	   Cpus                 :                 1         1
	   Disk (KB)            :       78  1024000   1026343
	   Memory (MB)          :      326     2000      2000
...
