000 (10164.000.000) 03/30 09:37:51 Job submitted from host: <128.101.221.180:9618?addrs=128.101.221.180-9618&noUDP&sock=3943_2604_3>
...
001 (10164.000.000) 03/30 09:54:45 Job executing on host: <128.101.221.175:9618?addrs=128.101.221.175-9618&noUDP&sock=12916_e152_4>
...
006 (10164.000.000) 03/30 09:54:54 Image size of job updated: 251940
	174  -  MemoryUsage of job (MB)
	177456  -  ResidentSetSize of job (KB)
...
006 (10164.000.000) 03/30 09:59:55 Image size of job updated: 329444
	322  -  MemoryUsage of job (MB)
	329152  -  ResidentSetSize of job (KB)
...
006 (10164.000.000) 03/30 10:04:56 Image size of job updated: 334900
	327  -  MemoryUsage of job (MB)
	334316  -  ResidentSetSize of job (KB)
...
005 (10164.000.000) 03/30 10:05:08 Job terminated.
	(1) Normal termination (return value 0)
		Usr 0 00:06:10, Sys 0 00:03:37  -  Run Remote Usage
		Usr 0 00:00:00, Sys 0 00:00:00  -  Run Local Usage
		Usr 0 00:06:10, Sys 0 00:03:37  -  Total Remote Usage
		Usr 0 00:00:00, Sys 0 00:00:00  -  Total Local Usage
	64037  -  Run Bytes Sent By Job
	547  -  Run Bytes Received By Job
	64037  -  Total Bytes Sent By Job
	547  -  Total Bytes Received By Job
	Partitionable Resources :    Usage  Request Allocated
	   Cpus                 :                 1         1
	   Disk (KB)            :       75  1024000   1932320
	   Memory (MB)          :      327     2000      2000
...
