000 (10135.000.000) 03/30 09:37:36 Job submitted from host: <128.101.221.180:9618?addrs=128.101.221.180-9618&noUDP&sock=3943_2604_3>
...
001 (10135.000.000) 03/30 09:44:56 Job executing on host: <128.101.221.182:9618?addrs=128.101.221.182-9618&noUDP&sock=3902_06a2_4>
...
006 (10135.000.000) 03/30 09:45:05 Image size of job updated: 270592
	189  -  MemoryUsage of job (MB)
	193012  -  ResidentSetSize of job (KB)
...
006 (10135.000.000) 03/30 09:50:06 Image size of job updated: 330156
	323  -  MemoryUsage of job (MB)
	329920  -  ResidentSetSize of job (KB)
...
006 (10135.000.000) 03/30 09:51:35 Image size of job updated: 726728
	323  -  MemoryUsage of job (MB)
	329920  -  ResidentSetSize of job (KB)
...
005 (10135.000.000) 03/30 09:51:36 Job terminated.
	(1) Normal termination (return value 0)
		Usr 0 00:04:03, Sys 0 00:02:14  -  Run Remote Usage
		Usr 0 00:00:00, Sys 0 00:00:00  -  Run Local Usage
		Usr 0 00:04:03, Sys 0 00:02:14  -  Total Remote Usage
		Usr 0 00:00:00, Sys 0 00:00:00  -  Total Local Usage
	40656  -  Run Bytes Sent By Job
	547  -  Run Bytes Received By Job
	40656  -  Total Bytes Sent By Job
	547  -  Total Bytes Received By Job
	Partitionable Resources :    Usage  Request Allocated
	   Cpus                 :                 1         1
	   Disk (KB)            :       53  1024000   2046412
	   Memory (MB)          :      323     2000      2000
...
