000 (10188.000.000) 03/30 09:38:04 Job submitted from host: <128.101.221.180:9618?addrs=128.101.221.180-9618&noUDP&sock=3943_2604_3>
...
001 (10188.000.000) 03/30 10:04:42 Job executing on host: <128.101.221.182:9618?addrs=128.101.221.182-9618&noUDP&sock=3902_06a2_4>
...
006 (10188.000.000) 03/30 10:04:50 Image size of job updated: 145048
	136  -  MemoryUsage of job (MB)
	138896  -  ResidentSetSize of job (KB)
...
005 (10188.000.000) 03/30 10:07:54 Job terminated.
	(1) Normal termination (return value 0)
		Usr 0 00:01:49, Sys 0 00:01:06  -  Run Remote Usage
		Usr 0 00:00:00, Sys 0 00:00:00  -  Run Local Usage
		Usr 0 00:01:49, Sys 0 00:01:06  -  Total Remote Usage
		Usr 0 00:00:00, Sys 0 00:00:00  -  Total Local Usage
	43739  -  Run Bytes Sent By Job
	547  -  Run Bytes Received By Job
	43739  -  Total Bytes Sent By Job
	547  -  Total Bytes Received By Job
	Partitionable Resources :    Usage  Request Allocated
	   Cpus                 :                 1         1
	   Disk (KB)            :       55  1024000   2046336
	   Memory (MB)          :      136     2000      2000
...
