000 (10152.000.000) 03/30 09:37:44 Job submitted from host: <128.101.221.180:9618?addrs=128.101.221.180-9618&noUDP&sock=3943_2604_3>
...
001 (10152.000.000) 03/30 09:48:21 Job executing on host: <128.101.221.182:9618?addrs=128.101.221.182-9618&noUDP&sock=3902_06a2_4>
...
006 (10152.000.000) 03/30 09:48:29 Image size of job updated: 211440
	172  -  MemoryUsage of job (MB)
	175996  -  ResidentSetSize of job (KB)
...
006 (10152.000.000) 03/30 09:53:29 Image size of job updated: 329760
	322  -  MemoryUsage of job (MB)
	329496  -  ResidentSetSize of job (KB)
...
006 (10152.000.000) 03/30 09:58:29 Image size of job updated: 335688
	328  -  MemoryUsage of job (MB)
	335484  -  ResidentSetSize of job (KB)
...
006 (10152.000.000) 03/30 09:58:47 Image size of job updated: 733120
	328  -  MemoryUsage of job (MB)
	335484  -  ResidentSetSize of job (KB)
...
005 (10152.000.000) 03/30 09:58:48 Job terminated.
	(1) Normal termination (return value 0)
		Usr 0 00:06:12, Sys 0 00:03:41  -  Run Remote Usage
		Usr 0 00:00:00, Sys 0 00:00:00  -  Run Local Usage
		Usr 0 00:06:12, Sys 0 00:03:41  -  Total Remote Usage
		Usr 0 00:00:00, Sys 0 00:00:00  -  Total Local Usage
	61611  -  Run Bytes Sent By Job
	547  -  Run Bytes Received By Job
	61611  -  Total Bytes Sent By Job
	547  -  Total Bytes Received By Job
	Partitionable Resources :    Usage  Request Allocated
	   Cpus                 :                 1         1
	   Disk (KB)            :       73  1024000   2046360
	   Memory (MB)          :      328     2000      2000
...
