000 (10172.000.000) 03/30 09:37:55 Job submitted from host: <128.101.221.180:9618?addrs=128.101.221.180-9618&noUDP&sock=3943_2604_3>
...
001 (10172.000.000) 03/30 09:57:15 Job executing on host: <128.101.221.175:9618?addrs=128.101.221.175-9618&noUDP&sock=12916_e152_4>
...
006 (10172.000.000) 03/30 09:57:24 Image size of job updated: 239420
	190  -  MemoryUsage of job (MB)
	193652  -  ResidentSetSize of job (KB)
...
006 (10172.000.000) 03/30 10:02:25 Image size of job updated: 329816
	322  -  MemoryUsage of job (MB)
	329464  -  ResidentSetSize of job (KB)
...
006 (10172.000.000) 03/30 10:07:26 Image size of job updated: 335504
	328  -  MemoryUsage of job (MB)
	335488  -  ResidentSetSize of job (KB)
...
006 (10172.000.000) 03/30 10:07:49 Image size of job updated: 335508
	328  -  MemoryUsage of job (MB)
	335488  -  ResidentSetSize of job (KB)
...
005 (10172.000.000) 03/30 10:07:50 Job terminated.
	(1) Normal termination (return value 0)
		Usr 0 00:06:20, Sys 0 00:03:38  -  Run Remote Usage
		Usr 0 00:00:00, Sys 0 00:00:00  -  Run Local Usage
		Usr 0 00:06:20, Sys 0 00:03:38  -  Total Remote Usage
		Usr 0 00:00:00, Sys 0 00:00:00  -  Total Local Usage
	63834  -  Run Bytes Sent By Job
	547  -  Run Bytes Received By Job
	63834  -  Total Bytes Sent By Job
	547  -  Total Bytes Received By Job
	Partitionable Resources :    Usage  Request Allocated
	   Cpus                 :                 1         1
	   Disk (KB)            :       75  1024000   1932322
	   Memory (MB)          :      328     2000      2000
...
