000 (10189.000.000) 03/30 09:38:04 Job submitted from host: <128.101.221.180:9618?addrs=128.101.221.180-9618&noUDP&sock=3943_2604_3>
...
001 (10189.000.000) 03/30 10:04:44 Job executing on host: <128.101.221.182:9618?addrs=128.101.221.182-9618&noUDP&sock=3902_06a2_4>
...
006 (10189.000.000) 03/30 10:04:53 Image size of job updated: 225268
	193  -  MemoryUsage of job (MB)
	197360  -  ResidentSetSize of job (KB)
...
006 (10189.000.000) 03/30 10:09:54 Image size of job updated: 362412
	324  -  MemoryUsage of job (MB)
	331204  -  ResidentSetSize of job (KB)
...
005 (10189.000.000) 03/30 10:10:08 Job terminated.
	(1) Normal termination (return value 0)
		Usr 0 00:03:03, Sys 0 00:01:39  -  Run Remote Usage
		Usr 0 00:00:00, Sys 0 00:00:00  -  Run Local Usage
		Usr 0 00:03:03, Sys 0 00:01:39  -  Total Remote Usage
		Usr 0 00:00:00, Sys 0 00:00:00  -  Total Local Usage
	51894  -  Run Bytes Sent By Job
	547  -  Run Bytes Received By Job
	51894  -  Total Bytes Sent By Job
	547  -  Total Bytes Received By Job
	Partitionable Resources :    Usage  Request Allocated
	   Cpus                 :                 1         1
	   Disk (KB)            :       63  1024000   2046336
	   Memory (MB)          :      324     2000      2000
...
