000 (10163.000.000) 03/30 09:37:51 Job submitted from host: <128.101.221.180:9618?addrs=128.101.221.180-9618&noUDP&sock=3943_2604_3>
...
001 (10163.000.000) 03/30 09:53:22 Job executing on host: <128.101.221.175:9618?addrs=128.101.221.175-9618&noUDP&sock=12916_e152_4>
...
006 (10163.000.000) 03/30 09:53:30 Image size of job updated: 193536
	130  -  MemoryUsage of job (MB)
	132356  -  ResidentSetSize of job (KB)
...
006 (10163.000.000) 03/30 09:57:47 Image size of job updated: 331300
	130  -  MemoryUsage of job (MB)
	132356  -  ResidentSetSize of job (KB)
...
005 (10163.000.000) 03/30 09:57:48 Job terminated.
	(1) Normal termination (return value 0)
		Usr 0 00:02:44, Sys 0 00:01:24  -  Run Remote Usage
		Usr 0 00:00:00, Sys 0 00:00:00  -  Run Local Usage
		Usr 0 00:02:44, Sys 0 00:01:24  -  Total Remote Usage
		Usr 0 00:00:00, Sys 0 00:00:00  -  Total Local Usage
	40223  -  Run Bytes Sent By Job
	547  -  Run Bytes Received By Job
	40223  -  Total Bytes Sent By Job
	547  -  Total Bytes Received By Job
	Partitionable Resources :    Usage  Request Allocated
	   Cpus                 :                 1         1
	   Disk (KB)            :       52  1024000   1932324
	   Memory (MB)          :      130     2000      2000
...
