000 (10150.000.000) 03/30 09:37:43 Job submitted from host: <128.101.221.180:9618?addrs=128.101.221.180-9618&noUDP&sock=3943_2604_3>
...
001 (10150.000.000) 03/30 09:47:59 Job executing on host: <128.101.221.175:9618?addrs=128.101.221.175-9618&noUDP&sock=12916_e152_4>
...
006 (10150.000.000) 03/30 09:48:08 Image size of job updated: 246572
	169  -  MemoryUsage of job (MB)
	172720  -  ResidentSetSize of job (KB)
...
006 (10150.000.000) 03/30 09:53:09 Image size of job updated: 330232
	323  -  MemoryUsage of job (MB)
	329840  -  ResidentSetSize of job (KB)
...
006 (10150.000.000) 03/30 09:55:39 Image size of job updated: 729952
	323  -  MemoryUsage of job (MB)
	329840  -  ResidentSetSize of job (KB)
...
005 (10150.000.000) 03/30 09:55:40 Job terminated.
	(1) Normal termination (return value 0)
		Usr 0 00:04:35, Sys 0 00:02:39  -  Run Remote Usage
		Usr 0 00:00:00, Sys 0 00:00:00  -  Run Local Usage
		Usr 0 00:04:35, Sys 0 00:02:39  -  Total Remote Usage
		Usr 0 00:00:00, Sys 0 00:00:00  -  Total Local Usage
	61190  -  Run Bytes Sent By Job
	547  -  Run Bytes Received By Job
	61190  -  Total Bytes Sent By Job
	547  -  Total Bytes Received By Job
	Partitionable Resources :    Usage  Request Allocated
	   Cpus                 :                 1         1
	   Disk (KB)            :       73  1024000   1932312
	   Memory (MB)          :      323     2000      2000
...
