000 (10175.000.000) 03/30 09:37:57 Job submitted from host: <128.101.221.180:9618?addrs=128.101.221.180-9618&noUDP&sock=3943_2604_3>
...
001 (10175.000.000) 03/30 09:59:31 Job executing on host: <128.101.221.182:9618?addrs=128.101.221.182-9618&noUDP&sock=3902_06a2_4>
...
006 (10175.000.000) 03/30 09:59:40 Image size of job updated: 339464
	247  -  MemoryUsage of job (MB)
	252748  -  ResidentSetSize of job (KB)
...
006 (10175.000.000) 03/30 10:04:41 Image size of job updated: 425600
	325  -  MemoryUsage of job (MB)
	331856  -  ResidentSetSize of job (KB)
...
006 (10175.000.000) 03/30 10:07:41 Image size of job updated: 732808
	325  -  MemoryUsage of job (MB)
	331856  -  ResidentSetSize of job (KB)
...
005 (10175.000.000) 03/30 10:07:42 Job terminated.
	(1) Normal termination (return value 0)
		Usr 0 00:04:55, Sys 0 00:02:39  -  Run Remote Usage
		Usr 0 00:00:00, Sys 0 00:00:00  -  Run Local Usage
		Usr 0 00:04:55, Sys 0 00:02:39  -  Total Remote Usage
		Usr 0 00:00:00, Sys 0 00:00:00  -  Total Local Usage
	71960  -  Run Bytes Sent By Job
	547  -  Run Bytes Received By Job
	71960  -  Total Bytes Sent By Job
	547  -  Total Bytes Received By Job
	Partitionable Resources :    Usage  Request Allocated
	   Cpus                 :                 1         1
	   Disk (KB)            :       83  1024000   2046352
	   Memory (MB)          :      325     2000      2000
...
