000 (10183.000.000) 03/30 09:38:00 Job submitted from host: <128.101.221.180:9618?addrs=128.101.221.180-9618&noUDP&sock=3943_2604_3>
...
001 (10183.000.000) 03/30 10:04:23 Job executing on host: <128.101.221.175:9618?addrs=128.101.221.175-9618&noUDP&sock=12916_e152_4>
...
006 (10183.000.000) 03/30 10:04:31 Image size of job updated: 190652
	127  -  MemoryUsage of job (MB)
	129924  -  ResidentSetSize of job (KB)
...
006 (10183.000.000) 03/30 10:09:31 Image size of job updated: 422880
	323  -  MemoryUsage of job (MB)
	330388  -  ResidentSetSize of job (KB)
...
006 (10183.000.000) 03/30 10:12:44 Image size of job updated: 425424
	323  -  MemoryUsage of job (MB)
	330388  -  ResidentSetSize of job (KB)
...
005 (10183.000.000) 03/30 10:12:45 Job terminated.
	(1) Normal termination (return value 0)
		Usr 0 00:05:02, Sys 0 00:02:14  -  Run Remote Usage
		Usr 0 00:00:00, Sys 0 00:00:00  -  Run Local Usage
		Usr 0 00:05:02, Sys 0 00:02:14  -  Total Remote Usage
		Usr 0 00:00:00, Sys 0 00:00:00  -  Total Local Usage
	74403  -  Run Bytes Sent By Job
	547  -  Run Bytes Received By Job
	74403  -  Total Bytes Sent By Job
	547  -  Total Bytes Received By Job
	Partitionable Resources :    Usage  Request Allocated
	   Cpus                 :                 1         1
	   Disk (KB)            :       86  1024000   1932320
	   Memory (MB)          :      323     2000      2000
...
