000 (10156.000.000) 03/30 09:37:47 Job submitted from host: <128.101.221.180:9618?addrs=128.101.221.180-9618&noUDP&sock=3943_2604_3>
...
001 (10156.000.000) 03/30 09:49:46 Job executing on host: <128.101.221.182:9618?addrs=128.101.221.182-9618&noUDP&sock=3902_06a2_4>
...
006 (10156.000.000) 03/30 09:49:54 Image size of job updated: 231420
	159  -  MemoryUsage of job (MB)
	162552  -  ResidentSetSize of job (KB)
...
006 (10156.000.000) 03/30 09:54:54 Image size of job updated: 331716
	324  -  MemoryUsage of job (MB)
	331232  -  ResidentSetSize of job (KB)
...
006 (10156.000.000) 03/30 09:59:55 Image size of job updated: 335468
	328  -  MemoryUsage of job (MB)
	334940  -  ResidentSetSize of job (KB)
...
006 (10156.000.000) 03/30 10:00:11 Image size of job updated: 733124
	328  -  MemoryUsage of job (MB)
	334940  -  ResidentSetSize of job (KB)
...
005 (10156.000.000) 03/30 10:00:13 Job terminated.
	(1) Normal termination (return value 0)
		Usr 0 00:06:09, Sys 0 00:03:40  -  Run Remote Usage
		Usr 0 00:00:00, Sys 0 00:00:00  -  Run Local Usage
		Usr 0 00:06:09, Sys 0 00:03:40  -  Total Remote Usage
		Usr 0 00:00:00, Sys 0 00:00:00  -  Total Local Usage
	66233  -  Run Bytes Sent By Job
	547  -  Run Bytes Received By Job
	66233  -  Total Bytes Sent By Job
	547  -  Total Bytes Received By Job
	Partitionable Resources :    Usage  Request Allocated
	   Cpus                 :                 1         1
	   Disk (KB)            :       77  1024000   2046360
	   Memory (MB)          :      328     2000      2000
...
