000 (10173.000.000) 03/30 09:37:56 Job submitted from host: <128.101.221.180:9618?addrs=128.101.221.180-9618&noUDP&sock=3943_2604_3>
...
001 (10173.000.000) 03/30 09:57:50 Job executing on host: <128.101.221.175:9618?addrs=128.101.221.175-9618&noUDP&sock=12916_e152_4>
...
006 (10173.000.000) 03/30 09:57:58 Image size of job updated: 240040
	165  -  MemoryUsage of job (MB)
	168576  -  ResidentSetSize of job (KB)
...
006 (10173.000.000) 03/30 10:02:58 Image size of job updated: 330052
	323  -  MemoryUsage of job (MB)
	329892  -  ResidentSetSize of job (KB)
...
006 (10173.000.000) 03/30 10:06:50 Image size of job updated: 335028
	323  -  MemoryUsage of job (MB)
	329892  -  ResidentSetSize of job (KB)
...
005 (10173.000.000) 03/30 10:06:51 Job terminated.
	(1) Normal termination (return value 0)
		Usr 0 00:05:21, Sys 0 00:03:07  -  Run Remote Usage
		Usr 0 00:00:00, Sys 0 00:00:00  -  Run Local Usage
		Usr 0 00:05:21, Sys 0 00:03:07  -  Total Remote Usage
		Usr 0 00:00:00, Sys 0 00:00:00  -  Total Local Usage
	68018  -  Run Bytes Sent By Job
	547  -  Run Bytes Received By Job
	68018  -  Total Bytes Sent By Job
	547  -  Total Bytes Received By Job
	Partitionable Resources :    Usage  Request Allocated
	   Cpus                 :                 1         1
	   Disk (KB)            :       80  1024000   1932324
	   Memory (MB)          :      323     2000      2000
...
