000 (10161.000.000) 03/30 09:37:50 Job submitted from host: <128.101.221.180:9618?addrs=128.101.221.180-9618&noUDP&sock=3943_2604_3>
...
001 (10161.000.000) 03/30 09:52:37 Job executing on host: <128.101.221.175:9618?addrs=128.101.221.175-9618&noUDP&sock=12916_e152_4>
...
006 (10161.000.000) 03/30 09:52:46 Image size of job updated: 261356
	188  -  MemoryUsage of job (MB)
	191508  -  ResidentSetSize of job (KB)
...
006 (10161.000.000) 03/30 09:57:47 Image size of job updated: 329792
	322  -  MemoryUsage of job (MB)
	329512  -  ResidentSetSize of job (KB)
...
006 (10161.000.000) 03/30 10:02:47 Image size of job updated: 334792
	327  -  MemoryUsage of job (MB)
	334700  -  ResidentSetSize of job (KB)
...
006 (10161.000.000) 03/30 10:04:30 Image size of job updated: 334800
	327  -  MemoryUsage of job (MB)
	334700  -  ResidentSetSize of job (KB)
...
005 (10161.000.000) 03/30 10:04:31 Job terminated.
	(1) Normal termination (return value 0)
		Usr 0 00:07:06, Sys 0 00:04:11  -  Run Remote Usage
		Usr 0 00:00:00, Sys 0 00:00:00  -  Run Local Usage
		Usr 0 00:07:06, Sys 0 00:04:11  -  Total Remote Usage
		Usr 0 00:00:00, Sys 0 00:00:00  -  Total Local Usage
	70869  -  Run Bytes Sent By Job
	547  -  Run Bytes Received By Job
	70869  -  Total Bytes Sent By Job
	547  -  Total Bytes Received By Job
	Partitionable Resources :    Usage  Request Allocated
	   Cpus                 :                 1         1
	   Disk (KB)            :       82  1024000   1932326
	   Memory (MB)          :      327     2000      2000
...
