000 (10149.000.000) 03/30 09:37:43 Job submitted from host: <128.101.221.180:9618?addrs=128.101.221.180-9618&noUDP&sock=3943_2604_3>
...
001 (10149.000.000) 03/30 09:47:59 Job executing on host: <128.101.221.185:9618?addrs=128.101.221.185-9618&noUDP&sock=4153619_bab1_4>
...
006 (10149.000.000) 03/30 09:48:08 Image size of job updated: 142584
	89  -  MemoryUsage of job (MB)
	91088  -  ResidentSetSize of job (KB)
...
006 (10149.000.000) 03/30 09:53:09 Image size of job updated: 426184
	322  -  MemoryUsage of job (MB)
	329556  -  ResidentSetSize of job (KB)
...
006 (10149.000.000) 03/30 09:58:09 Image size of job updated: 426184
	325  -  MemoryUsage of job (MB)
	332704  -  ResidentSetSize of job (KB)
...
006 (10149.000.000) 03/30 10:00:55 Image size of job updated: 730076
	325  -  MemoryUsage of job (MB)
	332704  -  ResidentSetSize of job (KB)
...
005 (10149.000.000) 03/30 10:00:56 Job terminated.
	(1) Normal termination (return value 0)
		Usr 0 00:08:45, Sys 0 00:03:03  -  Run Remote Usage
		Usr 0 00:00:00, Sys 0 00:00:00  -  Run Local Usage
		Usr 0 00:08:45, Sys 0 00:03:03  -  Total Remote Usage
		Usr 0 00:00:00, Sys 0 00:00:00  -  Total Local Usage
	69173  -  Run Bytes Sent By Job
	547  -  Run Bytes Received By Job
	69173  -  Total Bytes Sent By Job
	547  -  Total Bytes Received By Job
	Partitionable Resources :    Usage  Request Allocated
	   Cpus                 :                 1         1
	   Disk (KB)            :       80  1024000   1026704
	   Memory (MB)          :      325     2000      2000
...
