000 (10176.000.000) 03/30 09:37:57 Job submitted from host: <128.101.221.180:9618?addrs=128.101.221.180-9618&noUDP&sock=3943_2604_3>
...
001 (10176.000.000) 03/30 10:00:21 Job executing on host: <128.101.221.175:9618?addrs=128.101.221.175-9618&noUDP&sock=12916_e152_4>
...
006 (10176.000.000) 03/30 10:00:29 Image size of job updated: 152240
	130  -  MemoryUsage of job (MB)
	132344  -  ResidentSetSize of job (KB)
...
006 (10176.000.000) 03/30 10:05:29 Image size of job updated: 329576
	322  -  MemoryUsage of job (MB)
	329264  -  ResidentSetSize of job (KB)
...
006 (10176.000.000) 03/30 10:07:12 Image size of job updated: 332584
	322  -  MemoryUsage of job (MB)
	329264  -  ResidentSetSize of job (KB)
...
005 (10176.000.000) 03/30 10:07:13 Job terminated.
	(1) Normal termination (return value 0)
		Usr 0 00:04:05, Sys 0 00:02:20  -  Run Remote Usage
		Usr 0 00:00:00, Sys 0 00:00:00  -  Run Local Usage
		Usr 0 00:04:05, Sys 0 00:02:20  -  Total Remote Usage
		Usr 0 00:00:00, Sys 0 00:00:00  -  Total Local Usage
	60750  -  Run Bytes Sent By Job
	547  -  Run Bytes Received By Job
	60750  -  Total Bytes Sent By Job
	547  -  Total Bytes Received By Job
	Partitionable Resources :    Usage  Request Allocated
	   Cpus                 :                 1         1
	   Disk (KB)            :       72  1024000   1932318
	   Memory (MB)          :      322     2000      2000
...
