000 (10137.000.000) 03/30 09:37:37 Job submitted from host: <128.101.221.180:9618?addrs=128.101.221.180-9618&noUDP&sock=3943_2604_3>
...
001 (10137.000.000) 03/30 09:45:21 Job executing on host: <128.101.221.175:9618?addrs=128.101.221.175-9618&noUDP&sock=12916_e152_4>
...
006 (10137.000.000) 03/30 09:45:29 Image size of job updated: 230308
	170  -  MemoryUsage of job (MB)
	173608  -  ResidentSetSize of job (KB)
...
006 (10137.000.000) 03/30 09:50:29 Image size of job updated: 331764
	324  -  MemoryUsage of job (MB)
	331452  -  ResidentSetSize of job (KB)
...
006 (10137.000.000) 03/30 09:54:10 Image size of job updated: 333204
	324  -  MemoryUsage of job (MB)
	331452  -  ResidentSetSize of job (KB)
...
005 (10137.000.000) 03/30 09:54:11 Job terminated.
	(1) Normal termination (return value 0)
		Usr 0 00:05:19, Sys 0 00:03:02  -  Run Remote Usage
		Usr 0 00:00:00, Sys 0 00:00:00  -  Run Local Usage
		Usr 0 00:05:19, Sys 0 00:03:02  -  Total Remote Usage
		Usr 0 00:00:00, Sys 0 00:00:00  -  Total Local Usage
	57614  -  Run Bytes Sent By Job
	547  -  Run Bytes Received By Job
	57614  -  Total Bytes Sent By Job
	547  -  Total Bytes Received By Job
	Partitionable Resources :    Usage  Request Allocated
	   Cpus                 :                 1         1
	   Disk (KB)            :       69  1024000   1932364
	   Memory (MB)          :      324     2000      2000
...
