000 (10168.000.000) 03/30 09:37:54 Job submitted from host: <128.101.221.180:9618?addrs=128.101.221.180-9618&noUDP&sock=3943_2604_3>
...
001 (10168.000.000) 03/30 09:56:11 Job executing on host: <128.101.221.182:9618?addrs=128.101.221.182-9618&noUDP&sock=3902_06a2_4>
...
006 (10168.000.000) 03/30 09:56:20 Image size of job updated: 271524
	190  -  MemoryUsage of job (MB)
	194132  -  ResidentSetSize of job (KB)
...
006 (10168.000.000) 03/30 10:01:21 Image size of job updated: 330608
	323  -  MemoryUsage of job (MB)
	330112  -  ResidentSetSize of job (KB)
...
005 (10168.000.000) 03/30 10:05:50 Job terminated.
	(1) Normal termination (return value 0)
		Usr 0 00:05:55, Sys 0 00:03:02  -  Run Remote Usage
		Usr 0 00:00:00, Sys 0 00:00:00  -  Run Local Usage
		Usr 0 00:05:55, Sys 0 00:03:02  -  Total Remote Usage
		Usr 0 00:00:00, Sys 0 00:00:00  -  Total Local Usage
	71576  -  Run Bytes Sent By Job
	547  -  Run Bytes Received By Job
	71576  -  Total Bytes Sent By Job
	547  -  Total Bytes Received By Job
	Partitionable Resources :    Usage  Request Allocated
	   Cpus                 :                 1         1
	   Disk (KB)            :       83  1024000   2046362
	   Memory (MB)          :      323     2000      2000
...
