000 (10157.000.000) 03/30 09:37:48 Job submitted from host: <128.101.221.180:9618?addrs=128.101.221.180-9618&noUDP&sock=3943_2604_3>
...
001 (10157.000.000) 03/30 09:50:28 Job executing on host: <128.101.221.182:9618?addrs=128.101.221.182-9618&noUDP&sock=3902_06a2_4>
...
006 (10157.000.000) 03/30 09:50:38 Image size of job updated: 211996
	185  -  MemoryUsage of job (MB)
	188864  -  ResidentSetSize of job (KB)
...
006 (10157.000.000) 03/30 09:55:38 Image size of job updated: 327652
	320  -  MemoryUsage of job (MB)
	327548  -  ResidentSetSize of job (KB)
...
006 (10157.000.000) 03/30 09:59:02 Image size of job updated: 732876
	320  -  MemoryUsage of job (MB)
	327548  -  ResidentSetSize of job (KB)
...
005 (10157.000.000) 03/30 09:59:03 Job terminated.
	(1) Normal termination (return value 0)
		Usr 0 00:04:57, Sys 0 00:03:07  -  Run Remote Usage
		Usr 0 00:00:00, Sys 0 00:00:00  -  Run Local Usage
		Usr 0 00:04:57, Sys 0 00:03:07  -  Total Remote Usage
		Usr 0 00:00:00, Sys 0 00:00:00  -  Total Local Usage
	60518  -  Run Bytes Sent By Job
	547  -  Run Bytes Received By Job
	60518  -  Total Bytes Sent By Job
	547  -  Total Bytes Received By Job
	Partitionable Resources :    Usage  Request Allocated
	   Cpus                 :                 1         1
	   Disk (KB)            :       72  1024000   2046358
	   Memory (MB)          :      320     2000      2000
...
