000 (10131.000.000) 03/30 09:37:34 Job submitted from host: <128.101.221.180:9618?addrs=128.101.221.180-9618&noUDP&sock=3943_2604_3>
...
001 (10131.000.000) 03/30 09:43:42 Job executing on host: <128.101.221.194:9618?addrs=128.101.221.194-9618&noUDP&sock=3837_70fa_4>
...
006 (10131.000.000) 03/30 09:43:52 Image size of job updated: 274040
	191  -  MemoryUsage of job (MB)
	194996  -  ResidentSetSize of job (KB)
...
006 (10131.000.000) 03/30 09:48:52 Image size of job updated: 426400
	323  -  MemoryUsage of job (MB)
	329772  -  ResidentSetSize of job (KB)
...
006 (10131.000.000) 03/30 09:52:34 Image size of job updated: 431248
	323  -  MemoryUsage of job (MB)
	329772  -  ResidentSetSize of job (KB)
...
005 (10131.000.000) 03/30 09:52:35 Job terminated.
	(1) Normal termination (return value 0)
		Usr 0 00:06:03, Sys 0 00:01:55  -  Run Remote Usage
		Usr 0 00:00:00, Sys 0 00:00:00  -  Run Local Usage
		Usr 0 00:06:03, Sys 0 00:01:55  -  Total Remote Usage
		Usr 0 00:00:00, Sys 0 00:00:00  -  Total Local Usage
	74404  -  Run Bytes Sent By Job
	547  -  Run Bytes Received By Job
	74404  -  Total Bytes Sent By Job
	547  -  Total Bytes Received By Job
	Partitionable Resources :    Usage  Request Allocated
	   Cpus                 :                 1         1
	   Disk (KB)            :       86  1024000   1028012
	   Memory (MB)          :      323     2000      2000
...
