000 (10148.000.000) 03/30 09:37:42 Job submitted from host: <128.101.221.180:9618?addrs=128.101.221.180-9618&noUDP&sock=3943_2604_3>
...
001 (10148.000.000) 03/30 09:47:16 Job executing on host: <128.101.221.175:9618?addrs=128.101.221.175-9618&noUDP&sock=12916_e152_4>
...
006 (10148.000.000) 03/30 09:47:24 Image size of job updated: 186320
	173  -  MemoryUsage of job (MB)
	176996  -  ResidentSetSize of job (KB)
...
006 (10148.000.000) 03/30 09:52:24 Image size of job updated: 331356
	324  -  MemoryUsage of job (MB)
	331320  -  ResidentSetSize of job (KB)
...
006 (10148.000.000) 03/30 09:53:01 Image size of job updated: 729816
	324  -  MemoryUsage of job (MB)
	331320  -  ResidentSetSize of job (KB)
...
005 (10148.000.000) 03/30 09:53:02 Job terminated.
	(1) Normal termination (return value 0)
		Usr 0 00:03:27, Sys 0 00:01:59  -  Run Remote Usage
		Usr 0 00:00:00, Sys 0 00:00:00  -  Run Local Usage
		Usr 0 00:03:27, Sys 0 00:01:59  -  Total Remote Usage
		Usr 0 00:00:00, Sys 0 00:00:00  -  Total Local Usage
	38900  -  Run Bytes Sent By Job
	547  -  Run Bytes Received By Job
	38900  -  Total Bytes Sent By Job
	547  -  Total Bytes Received By Job
	Partitionable Resources :    Usage  Request Allocated
	   Cpus                 :                 1         1
	   Disk (KB)            :       51  1024000   1932364
	   Memory (MB)          :      324     2000      2000
...
