000 (10179.000.000) 03/30 09:37:59 Job submitted from host: <128.101.221.180:9618?addrs=128.101.221.180-9618&noUDP&sock=3943_2604_3>
...
001 (10179.000.000) 03/30 10:01:41 Job executing on host: <128.101.221.175:9618?addrs=128.101.221.175-9618&noUDP&sock=12916_e152_4>
...
006 (10179.000.000) 03/30 10:01:49 Image size of job updated: 208864
	142  -  MemoryUsage of job (MB)
	145036  -  ResidentSetSize of job (KB)
...
006 (10179.000.000) 03/30 10:06:49 Image size of job updated: 332780
	325  -  MemoryUsage of job (MB)
	332468  -  ResidentSetSize of job (KB)
...
006 (10179.000.000) 03/30 10:08:43 Image size of job updated: 334492
	325  -  MemoryUsage of job (MB)
	332468  -  ResidentSetSize of job (KB)
...
005 (10179.000.000) 03/30 10:08:44 Job terminated.
	(1) Normal termination (return value 0)
		Usr 0 00:04:05, Sys 0 00:02:11  -  Run Remote Usage
		Usr 0 00:00:00, Sys 0 00:00:00  -  Run Local Usage
		Usr 0 00:04:05, Sys 0 00:02:11  -  Total Remote Usage
		Usr 0 00:00:00, Sys 0 00:00:00  -  Total Local Usage
	58687  -  Run Bytes Sent By Job
	547  -  Run Bytes Received By Job
	58687  -  Total Bytes Sent By Job
	547  -  Total Bytes Received By Job
	Partitionable Resources :    Usage  Request Allocated
	   Cpus                 :                 1         1
	   Disk (KB)            :       70  1024000   1932322
	   Memory (MB)          :      325     2000      2000
...
