000 (10169.000.000) 03/30 09:37:54 Job submitted from host: <128.101.221.180:9618?addrs=128.101.221.180-9618&noUDP&sock=3943_2604_3>
...
001 (10169.000.000) 03/30 09:56:52 Job executing on host: <128.101.221.175:9618?addrs=128.101.221.175-9618&noUDP&sock=12916_e152_4>
...
006 (10169.000.000) 03/30 09:57:01 Image size of job updated: 252064
	174  -  MemoryUsage of job (MB)
	177992  -  ResidentSetSize of job (KB)
...
006 (10169.000.000) 03/30 10:00:18 Image size of job updated: 329536
	174  -  MemoryUsage of job (MB)
	177992  -  ResidentSetSize of job (KB)
...
005 (10169.000.000) 03/30 10:00:19 Job terminated.
	(1) Normal termination (return value 0)
		Usr 0 00:02:02, Sys 0 00:01:12  -  Run Remote Usage
		Usr 0 00:00:00, Sys 0 00:00:00  -  Run Local Usage
		Usr 0 00:02:02, Sys 0 00:01:12  -  Total Remote Usage
		Usr 0 00:00:00, Sys 0 00:00:00  -  Total Local Usage
	41329  -  Run Bytes Sent By Job
	547  -  Run Bytes Received By Job
	41329  -  Total Bytes Sent By Job
	547  -  Total Bytes Received By Job
	Partitionable Resources :    Usage  Request Allocated
	   Cpus                 :                 1         1
	   Disk (KB)            :       53  1024000   1932318
	   Memory (MB)          :      174     2000      2000
...
