000 (10181.000.000) 03/30 09:38:00 Job submitted from host: <128.101.221.180:9618?addrs=128.101.221.180-9618&noUDP&sock=3943_2604_3>
...
001 (10181.000.000) 03/30 10:02:32 Job executing on host: <128.101.221.175:9618?addrs=128.101.221.175-9618&noUDP&sock=12916_e152_4>
...
006 (10181.000.000) 03/30 10:02:40 Image size of job updated: 229620
	158  -  MemoryUsage of job (MB)
	161188  -  ResidentSetSize of job (KB)
...
006 (10181.000.000) 03/30 10:07:40 Image size of job updated: 333072
	325  -  MemoryUsage of job (MB)
	332592  -  ResidentSetSize of job (KB)
...
006 (10181.000.000) 03/30 10:11:10 Image size of job updated: 733096
	325  -  MemoryUsage of job (MB)
	332592  -  ResidentSetSize of job (KB)
...
005 (10181.000.000) 03/30 10:11:11 Job terminated.
	(1) Normal termination (return value 0)
		Usr 0 00:05:11, Sys 0 00:02:30  -  Run Remote Usage
		Usr 0 00:00:00, Sys 0 00:00:00  -  Run Local Usage
		Usr 0 00:05:11, Sys 0 00:02:30  -  Total Remote Usage
		Usr 0 00:00:00, Sys 0 00:00:00  -  Total Local Usage
	70647  -  Run Bytes Sent By Job
	547  -  Run Bytes Received By Job
	70647  -  Total Bytes Sent By Job
	547  -  Total Bytes Received By Job
	Partitionable Resources :    Usage  Request Allocated
	   Cpus                 :                 1         1
	   Disk (KB)            :       82  1024000   1932312
	   Memory (MB)          :      325     2000      2000
...
