000 (10177.000.000) 03/30 09:37:58 Job submitted from host: <128.101.221.180:9618?addrs=128.101.221.180-9618&noUDP&sock=3943_2604_3>
...
001 (10177.000.000) 03/30 10:00:24 Job executing on host: <128.101.221.175:9618?addrs=128.101.221.175-9618&noUDP&sock=12916_e152_4>
...
006 (10177.000.000) 03/30 10:00:33 Image size of job updated: 257052
	200  -  MemoryUsage of job (MB)
	204036  -  ResidentSetSize of job (KB)
...
005 (10177.000.000) 03/30 10:05:13 Job terminated.
	(1) Normal termination (return value 0)
		Usr 0 00:02:51, Sys 0 00:01:41  -  Run Remote Usage
		Usr 0 00:00:00, Sys 0 00:00:00  -  Run Local Usage
		Usr 0 00:02:51, Sys 0 00:01:41  -  Total Remote Usage
		Usr 0 00:00:00, Sys 0 00:00:00  -  Total Local Usage
	45071  -  Run Bytes Sent By Job
	547  -  Run Bytes Received By Job
	45071  -  Total Bytes Sent By Job
	547  -  Total Bytes Received By Job
	Partitionable Resources :    Usage  Request Allocated
	   Cpus                 :                 1         1
	   Disk (KB)            :       57  1024000   1932314
	   Memory (MB)          :      200     2000      2000
...
