000 (10151.000.000) 03/30 09:37:44 Job submitted from host: <128.101.221.180:9618?addrs=128.101.221.180-9618&noUDP&sock=3943_2604_3>
...
001 (10151.000.000) 03/30 09:48:20 Job executing on host: <128.101.221.182:9618?addrs=128.101.221.182-9618&noUDP&sock=3902_06a2_4>
...
006 (10151.000.000) 03/30 09:48:29 Image size of job updated: 214040
	172  -  MemoryUsage of job (MB)
	175212  -  ResidentSetSize of job (KB)
...
006 (10151.000.000) 03/30 09:53:29 Image size of job updated: 329812
	322  -  MemoryUsage of job (MB)
	329684  -  ResidentSetSize of job (KB)
...
006 (10151.000.000) 03/30 09:58:29 Image size of job updated: 333300
	326  -  MemoryUsage of job (MB)
	333108  -  ResidentSetSize of job (KB)
...
006 (10151.000.000) 03/30 10:00:49 Image size of job updated: 730344
	326  -  MemoryUsage of job (MB)
	333108  -  ResidentSetSize of job (KB)
...
005 (10151.000.000) 03/30 10:00:50 Job terminated.
	(1) Normal termination (return value 0)
		Usr 0 00:07:26, Sys 0 00:04:21  -  Run Remote Usage
		Usr 0 00:00:00, Sys 0 00:00:00  -  Run Local Usage
		Usr 0 00:07:26, Sys 0 00:04:21  -  Total Remote Usage
		Usr 0 00:00:00, Sys 0 00:00:00  -  Total Local Usage
	70208  -  Run Bytes Sent By Job
	547  -  Run Bytes Received By Job
	70208  -  Total Bytes Sent By Job
	547  -  Total Bytes Received By Job
	Partitionable Resources :    Usage  Request Allocated
	   Cpus                 :                 1         1
	   Disk (KB)            :       81  1024000   2046360
	   Memory (MB)          :      326     2000      2000
...
