000 (10158.000.000) 03/30 09:37:48 Job submitted from host: <128.101.221.180:9618?addrs=128.101.221.180-9618&noUDP&sock=3943_2604_3>
...
001 (10158.000.000) 03/30 09:50:31 Job executing on host: <128.101.221.182:9618?addrs=128.101.221.182-9618&noUDP&sock=3902_06a2_4>
...
006 (10158.000.000) 03/30 09:50:39 Image size of job updated: 244688
	185  -  MemoryUsage of job (MB)
	188880  -  ResidentSetSize of job (KB)
...
006 (10158.000.000) 03/30 09:55:39 Image size of job updated: 331848
	324  -  MemoryUsage of job (MB)
	331692  -  ResidentSetSize of job (KB)
...
006 (10158.000.000) 03/30 10:00:40 Image size of job updated: 335720
	328  -  MemoryUsage of job (MB)
	334956  -  ResidentSetSize of job (KB)
...
005 (10158.000.000) 03/30 10:00:51 Job terminated.
	(1) Normal termination (return value 0)
		Usr 0 00:06:00, Sys 0 00:03:42  -  Run Remote Usage
		Usr 0 00:00:00, Sys 0 00:00:00  -  Run Local Usage
		Usr 0 00:06:00, Sys 0 00:03:42  -  Total Remote Usage
		Usr 0 00:00:00, Sys 0 00:00:00  -  Total Local Usage
	76802  -  Run Bytes Sent By Job
	547  -  Run Bytes Received By Job
	76802  -  Total Bytes Sent By Job
	547  -  Total Bytes Received By Job
	Partitionable Resources :    Usage  Request Allocated
	   Cpus                 :                 1         1
	   Disk (KB)            :       88  1024000   2046358
	   Memory (MB)          :      328     2000      2000
...
