000 (10186.000.000) 03/30 09:38:02 Job submitted from host: <128.101.221.180:9618?addrs=128.101.221.180-9618&noUDP&sock=3943_2604_3>
...
001 (10186.000.000) 03/30 10:04:42 Job executing on host: <128.101.221.182:9618?addrs=128.101.221.182-9618&noUDP&sock=3902_06a2_4>
...
006 (10186.000.000) 03/30 10:04:50 Image size of job updated: 140256
	132  -  MemoryUsage of job (MB)
	134748  -  ResidentSetSize of job (KB)
...
006 (10186.000.000) 03/30 10:09:50 Image size of job updated: 343988
	324  -  MemoryUsage of job (MB)
	331676  -  ResidentSetSize of job (KB)
...
005 (10186.000.000) 03/30 10:10:25 Job terminated.
	(1) Normal termination (return value 0)
		Usr 0 00:03:13, Sys 0 00:01:46  -  Run Remote Usage
		Usr 0 00:00:00, Sys 0 00:00:00  -  Run Local Usage
		Usr 0 00:03:13, Sys 0 00:01:46  -  Total Remote Usage
		Usr 0 00:00:00, Sys 0 00:00:00  -  Total Local Usage
	58745  -  Run Bytes Sent By Job
	547  -  Run Bytes Received By Job
	58745  -  Total Bytes Sent By Job
	547  -  Total Bytes Received By Job
	Partitionable Resources :    Usage  Request Allocated
	   Cpus                 :                 1         1
	   Disk (KB)            :       70  1024000   2046336
	   Memory (MB)          :      324     2000      2000
...
