000 (10130.000.000) 03/30 09:37:33 Job submitted from host: <128.101.221.180:9618?addrs=128.101.221.180-9618&noUDP&sock=3943_2604_3>
...
001 (10130.000.000) 03/30 09:43:29 Job executing on host: <128.101.221.180:9618?addrs=128.101.221.180-9618&noUDP&sock=3943_2604_4>
...
006 (10130.000.000) 03/30 09:43:38 Image size of job updated: 310040
	220  -  MemoryUsage of job (MB)
	225068  -  ResidentSetSize of job (KB)
...
006 (10130.000.000) 03/30 09:45:57 Image size of job updated: 427248
	220  -  MemoryUsage of job (MB)
	225068  -  ResidentSetSize of job (KB)
...
005 (10130.000.000) 03/30 09:45:58 Job terminated.
	(1) Normal termination (return value 0)
		Usr 0 00:01:39, Sys 0 00:00:30  -  Run Remote Usage
		Usr 0 00:00:00, Sys 0 00:00:00  -  Run Local Usage
		Usr 0 00:01:39, Sys 0 00:00:30  -  Total Remote Usage
		Usr 0 00:00:00, Sys 0 00:00:00  -  Total Local Usage
	40641  -  Run Bytes Sent By Job
	547  -  Run Bytes Received By Job
	40641  -  Total Bytes Sent By Job
	547  -  Total Bytes Received By Job
	Partitionable Resources :    Usage  Request Allocated
	   Cpus                 :                 1         1
	   Disk (KB)            :       53  1024000   1026277
	   Memory (MB)          :      220     2000      2000
...
