000 (10170.000.000) 03/30 09:37:55 Job submitted from host: <128.101.221.180:9618?addrs=128.101.221.180-9618&noUDP&sock=3943_2604_3>
...
001 (10170.000.000) 03/30 09:57:00 Job executing on host: <128.101.221.175:9618?addrs=128.101.221.175-9618&noUDP&sock=12916_e152_4>
...
006 (10170.000.000) 03/30 09:57:09 Image size of job updated: 293380
	218  -  MemoryUsage of job (MB)
	222704  -  ResidentSetSize of job (KB)
...
006 (10170.000.000) 03/30 10:02:11 Image size of job updated: 329684
	322  -  MemoryUsage of job (MB)
	329444  -  ResidentSetSize of job (KB)
...
006 (10170.000.000) 03/30 10:06:25 Image size of job updated: 733104
	322  -  MemoryUsage of job (MB)
	329444  -  ResidentSetSize of job (KB)
...
005 (10170.000.000) 03/30 10:06:26 Job terminated.
	(1) Normal termination (return value 0)
		Usr 0 00:05:30, Sys 0 00:03:23  -  Run Remote Usage
		Usr 0 00:00:00, Sys 0 00:00:00  -  Run Local Usage
		Usr 0 00:05:30, Sys 0 00:03:23  -  Total Remote Usage
		Usr 0 00:00:00, Sys 0 00:00:00  -  Total Local Usage
	60721  -  Run Bytes Sent By Job
	547  -  Run Bytes Received By Job
	60721  -  Total Bytes Sent By Job
	547  -  Total Bytes Received By Job
	Partitionable Resources :    Usage  Request Allocated
	   Cpus                 :                 1         1
	   Disk (KB)            :       72  1024000   1932306
	   Memory (MB)          :      322     2000      2000
...
