000 (10178.000.000) 03/30 09:37:58 Job submitted from host: <128.101.221.180:9618?addrs=128.101.221.180-9618&noUDP&sock=3943_2604_3>
...
001 (10178.000.000) 03/30 10:01:07 Job executing on host: <128.101.221.185:9618?addrs=128.101.221.185-9618&noUDP&sock=4153619_bab1_4>
...
006 (10178.000.000) 03/30 10:01:15 Image size of job updated: 144020
	91  -  MemoryUsage of job (MB)
	92528  -  ResidentSetSize of job (KB)
...
006 (10178.000.000) 03/30 10:06:15 Image size of job updated: 415864
	323  -  MemoryUsage of job (MB)
	329956  -  ResidentSetSize of job (KB)
...
006 (10178.000.000) 03/30 10:11:05 Image size of job updated: 420180
	323  -  MemoryUsage of job (MB)
	329956  -  ResidentSetSize of job (KB)
...
005 (10178.000.000) 03/30 10:11:06 Job terminated.
	(1) Normal termination (return value 0)
		Usr 0 00:06:34, Sys 0 00:02:16  -  Run Remote Usage
		Usr 0 00:00:00, Sys 0 00:00:00  -  Run Local Usage
		Usr 0 00:06:34, Sys 0 00:02:16  -  Total Remote Usage
		Usr 0 00:00:00, Sys 0 00:00:00  -  Total Local Usage
	61359  -  Run Bytes Sent By Job
	547  -  Run Bytes Received By Job
	61359  -  Total Bytes Sent By Job
	547  -  Total Bytes Received By Job
	Partitionable Resources :    Usage  Request Allocated
	   Cpus                 :                 1         1
	   Disk (KB)            :       73  1024000   1026698
	   Memory (MB)          :      323     2000      2000
...
