000 (10025.000.000) 03/30 08:59:36 Job submitted from host: <128.101.221.180:9618?addrs=128.101.221.180-9618&noUDP&sock=3943_2604_3>
...
001 (10025.000.000) 03/30 09:04:20 Job executing on host: <128.101.220.89:9618?addrs=128.101.220.89-9618&noUDP&sock=367686_9777_4>
...
006 (10025.000.000) 03/30 09:04:29 Image size of job updated: 291932
	207  -  MemoryUsage of job (MB)
	211428  -  ResidentSetSize of job (KB)
...
006 (10025.000.000) 03/30 09:09:30 Image size of job updated: 334080
	325  -  MemoryUsage of job (MB)
	332624  -  ResidentSetSize of job (KB)
...
005 (10025.000.000) 03/30 09:10:26 Job terminated.
	(1) Normal termination (return value 0)
		Usr 0 00:03:59, Sys 0 00:01:29  -  Run Remote Usage
		Usr 0 00:00:00, Sys 0 00:00:00  -  Run Local Usage
		Usr 0 00:03:59, Sys 0 00:01:29  -  Total Remote Usage
		Usr 0 00:00:00, Sys 0 00:00:00  -  Total Local Usage
	84563  -  Run Bytes Sent By Job
	535  -  Run Bytes Received By Job
	84563  -  Total Bytes Sent By Job
	535  -  Total Bytes Received By Job
	Partitionable Resources :    Usage  Request Allocated
	   Cpus                 :                 1         1
	   Disk (KB)            :       96  1024000   1028633
	   Memory (MB)          :      325     2000      2000
...
