000 (10015.000.000) 03/30 08:59:31 Job submitted from host: <128.101.221.180:9618?addrs=128.101.221.180-9618&noUDP&sock=3943_2604_3>
...
001 (10015.000.000) 03/30 09:03:52 Job executing on host: <128.101.220.87:9618?addrs=128.101.220.87-9618&noUDP&sock=465496_1dbd_4>
...
006 (10015.000.000) 03/30 09:04:00 Image size of job updated: 199852
	175  -  MemoryUsage of job (MB)
	178316  -  ResidentSetSize of job (KB)
...
006 (10015.000.000) 03/30 09:09:00 Image size of job updated: 364336
	325  -  MemoryUsage of job (MB)
	332200  -  ResidentSetSize of job (KB)
...
005 (10015.000.000) 03/30 09:09:15 Job terminated.
	(1) Normal termination (return value 0)
		Usr 0 00:03:29, Sys 0 00:01:19  -  Run Remote Usage
		Usr 0 00:00:00, Sys 0 00:00:00  -  Run Local Usage
		Usr 0 00:03:29, Sys 0 00:01:19  -  Total Remote Usage
		Usr 0 00:00:00, Sys 0 00:00:00  -  Total Local Usage
	83495  -  Run Bytes Sent By Job
	535  -  Run Bytes Received By Job
	83495  -  Total Bytes Sent By Job
	535  -  Total Bytes Received By Job
	Partitionable Resources :    Usage  Request Allocated
	   Cpus                 :                 1         1
	   Disk (KB)            :       95  1024000   1029366
	   Memory (MB)          :      325     2000      2000
...
