000 (10035.000.000) 03/30 08:59:41 Job submitted from host: <128.101.221.180:9618?addrs=128.101.221.180-9618&noUDP&sock=3943_2604_3>
...
001 (10035.000.000) 03/30 09:05:18 Job executing on host: <128.101.220.54:9618?addrs=128.101.220.54-9618&noUDP&sock=259437_c80b_4>
...
006 (10035.000.000) 03/30 09:05:27 Image size of job updated: 279992
	198  -  MemoryUsage of job (MB)
	202420  -  ResidentSetSize of job (KB)
...
006 (10035.000.000) 03/30 09:10:28 Image size of job updated: 426464
	325  -  MemoryUsage of job (MB)
	332244  -  ResidentSetSize of job (KB)
...
005 (10035.000.000) 03/30 09:12:47 Job terminated.
	(1) Normal termination (return value 0)
		Usr 0 00:04:57, Sys 0 00:01:45  -  Run Remote Usage
		Usr 0 00:00:00, Sys 0 00:00:00  -  Run Local Usage
		Usr 0 00:04:57, Sys 0 00:01:45  -  Total Remote Usage
		Usr 0 00:00:00, Sys 0 00:00:00  -  Total Local Usage
	85526  -  Run Bytes Sent By Job
	535  -  Run Bytes Received By Job
	85526  -  Total Bytes Sent By Job
	535  -  Total Bytes Received By Job
	Partitionable Resources :    Usage  Request Allocated
	   Cpus                 :                 1         1
	   Disk (KB)            :       96  1024000   1028278
	   Memory (MB)          :      325     2000      2000
...
