000 (10033.000.000) 03/30 08:59:40 Job submitted from host: <128.101.221.180:9618?addrs=128.101.221.180-9618&noUDP&sock=3943_2604_3>
...
001 (10033.000.000) 03/30 09:05:01 Job executing on host: <128.101.221.175:9618?addrs=128.101.221.175-9618&noUDP&sock=12916_e152_4>
...
006 (10033.000.000) 03/30 09:05:09 Image size of job updated: 230940
	174  -  MemoryUsage of job (MB)
	178080  -  ResidentSetSize of job (KB)
...
006 (10033.000.000) 03/30 09:10:09 Image size of job updated: 332576
	325  -  MemoryUsage of job (MB)
	332308  -  ResidentSetSize of job (KB)
...
006 (10033.000.000) 03/30 09:13:32 Image size of job updated: 332960
	325  -  MemoryUsage of job (MB)
	332308  -  ResidentSetSize of job (KB)
...
005 (10033.000.000) 03/30 09:13:33 Job terminated.
	(1) Normal termination (return value 0)
		Usr 0 00:05:02, Sys 0 00:02:53  -  Run Remote Usage
		Usr 0 00:00:00, Sys 0 00:00:00  -  Run Local Usage
		Usr 0 00:05:02, Sys 0 00:02:53  -  Total Remote Usage
		Usr 0 00:00:00, Sys 0 00:00:00  -  Total Local Usage
	77755  -  Run Bytes Sent By Job
	535  -  Run Bytes Received By Job
	77755  -  Total Bytes Sent By Job
	535  -  Total Bytes Received By Job
	Partitionable Resources :    Usage  Request Allocated
	   Cpus                 :                 1         1
	   Disk (KB)            :       89  1024000   1930402
	   Memory (MB)          :      325     2000      2000
...
