000 (10016.000.000) 03/30 08:59:32 Job submitted from host: <128.101.221.180:9618?addrs=128.101.221.180-9618&noUDP&sock=3943_2604_3>
...
001 (10016.000.000) 03/30 09:03:52 Job executing on host: <128.101.221.174:9618?addrs=128.101.221.174-9618&noUDP&sock=4031871_ba53_4>
...
006 (10016.000.000) 03/30 09:04:01 Image size of job updated: 173012
	110  -  MemoryUsage of job (MB)
	112572  -  ResidentSetSize of job (KB)
...
005 (10016.000.000) 03/30 09:08:38 Job terminated.
	(1) Normal termination (return value 0)
		Usr 0 00:03:09, Sys 0 00:01:07  -  Run Remote Usage
		Usr 0 00:00:00, Sys 0 00:00:00  -  Run Local Usage
		Usr 0 00:03:09, Sys 0 00:01:07  -  Total Remote Usage
		Usr 0 00:00:00, Sys 0 00:00:00  -  Total Local Usage
	70601  -  Run Bytes Sent By Job
	535  -  Run Bytes Received By Job
	70601  -  Total Bytes Sent By Job
	535  -  Total Bytes Received By Job
	Partitionable Resources :    Usage  Request Allocated
	   Cpus                 :                 1         1
	   Disk (KB)            :       82  1024000   1900608
	   Memory (MB)          :      110     2000      2000
...
