000 (10023.000.000) 03/30 08:59:35 Job submitted from host: <128.101.221.180:9618?addrs=128.101.221.180-9618&noUDP&sock=3943_2604_3>
...
001 (10023.000.000) 03/30 09:04:15 Job executing on host: <128.101.221.188:9618?addrs=128.101.221.188-9618&noUDP&sock=3087505_3369_4>
...
006 (10023.000.000) 03/30 09:04:24 Image size of job updated: 204180
	181  -  MemoryUsage of job (MB)
	184864  -  ResidentSetSize of job (KB)
...
006 (10023.000.000) 03/30 09:09:25 Image size of job updated: 360664
	325  -  MemoryUsage of job (MB)
	332408  -  ResidentSetSize of job (KB)
...
005 (10023.000.000) 03/30 09:12:24 Job terminated.
	(1) Normal termination (return value 0)
		Usr 0 00:05:21, Sys 0 00:02:02  -  Run Remote Usage
		Usr 0 00:00:00, Sys 0 00:00:00  -  Run Local Usage
		Usr 0 00:05:21, Sys 0 00:02:02  -  Total Remote Usage
		Usr 0 00:00:00, Sys 0 00:00:00  -  Total Local Usage
	101015  -  Run Bytes Sent By Job
	535  -  Run Bytes Received By Job
	101015  -  Total Bytes Sent By Job
	535  -  Total Bytes Received By Job
	Partitionable Resources :    Usage  Request Allocated
	   Cpus                 :                 1         1
	   Disk (KB)            :      112  1024000   1028142
	   Memory (MB)          :      325     2000      2000
...
