000 (10027.000.000) 03/30 08:59:37 Job submitted from host: <128.101.221.180:9618?addrs=128.101.221.180-9618&noUDP&sock=3943_2604_3>
...
001 (10027.000.000) 03/30 09:04:23 Job executing on host: <128.101.221.171:9618?addrs=128.101.221.171-9618&noUDP&sock=1778228_146e_4>
...
006 (10027.000.000) 03/30 09:04:31 Image size of job updated: 137160
	84  -  MemoryUsage of job (MB)
	85972  -  ResidentSetSize of job (KB)
...
006 (10027.000.000) 03/30 09:09:31 Image size of job updated: 408936
	325  -  MemoryUsage of job (MB)
	332544  -  ResidentSetSize of job (KB)
...
006 (10027.000.000) 03/30 09:12:35 Image size of job updated: 730536
	325  -  MemoryUsage of job (MB)
	332544  -  ResidentSetSize of job (KB)
...
005 (10027.000.000) 03/30 09:12:36 Job terminated.
	(1) Normal termination (return value 0)
		Usr 0 00:05:31, Sys 0 00:01:45  -  Run Remote Usage
		Usr 0 00:00:00, Sys 0 00:00:00  -  Run Local Usage
		Usr 0 00:05:31, Sys 0 00:01:45  -  Total Remote Usage
		Usr 0 00:00:00, Sys 0 00:00:00  -  Total Local Usage
	80699  -  Run Bytes Sent By Job
	535  -  Run Bytes Received By Job
	80699  -  Total Bytes Sent By Job
	535  -  Total Bytes Received By Job
	Partitionable Resources :    Usage  Request Allocated
	   Cpus                 :                 1         1
	   Disk (KB)            :       92  1024000   1027416
	   Memory (MB)          :      325     2000      2000
...
