000 (10034.000.000) 03/30 08:59:41 Job submitted from host: <128.101.221.180:9618?addrs=128.101.221.180-9618&noUDP&sock=3943_2604_3>
...
001 (10034.000.000) 03/30 09:05:04 Job executing on host: <128.101.221.182:9618?addrs=128.101.221.182-9618&noUDP&sock=3902_06a2_4>
...
006 (10034.000.000) 03/30 09:05:12 Image size of job updated: 199204
	135  -  MemoryUsage of job (MB)
	137392  -  ResidentSetSize of job (KB)
...
006 (10034.000.000) 03/30 09:10:12 Image size of job updated: 333580
	326  -  MemoryUsage of job (MB)
	333028  -  ResidentSetSize of job (KB)
...
005 (10034.000.000) 03/30 09:12:00 Job terminated.
	(1) Normal termination (return value 0)
		Usr 0 00:04:05, Sys 0 00:02:17  -  Run Remote Usage
		Usr 0 00:00:00, Sys 0 00:00:00  -  Run Local Usage
		Usr 0 00:04:05, Sys 0 00:02:17  -  Total Remote Usage
		Usr 0 00:00:00, Sys 0 00:00:00  -  Total Local Usage
	76533  -  Run Bytes Sent By Job
	535  -  Run Bytes Received By Job
	76533  -  Total Bytes Sent By Job
	535  -  Total Bytes Received By Job
	Partitionable Resources :    Usage  Request Allocated
	   Cpus                 :                 1         1
	   Disk (KB)            :       88  1024000   2046536
	   Memory (MB)          :      326     2000      2000
...
