000 (10013.000.000) 03/30 08:59:30 Job submitted from host: <128.101.221.180:9618?addrs=128.101.221.180-9618&noUDP&sock=3943_2604_3>
...
001 (10013.000.000) 03/30 09:03:45 Job executing on host: <128.101.221.192:9618?addrs=128.101.221.192-9618&noUDP&sock=3175794_1c7b_4>
...
006 (10013.000.000) 03/30 09:03:53 Image size of job updated: 173588
	110  -  MemoryUsage of job (MB)
	111764  -  ResidentSetSize of job (KB)
...
006 (10013.000.000) 03/30 09:08:53 Image size of job updated: 426484
	323  -  MemoryUsage of job (MB)
	329888  -  ResidentSetSize of job (KB)
...
005 (10013.000.000) 03/30 09:13:44 Job terminated.
	(1) Normal termination (return value 0)
		Usr 0 00:06:40, Sys 0 00:02:17  -  Run Remote Usage
		Usr 0 00:00:00, Sys 0 00:00:00  -  Run Local Usage
		Usr 0 00:06:40, Sys 0 00:02:17  -  Total Remote Usage
		Usr 0 00:00:00, Sys 0 00:00:00  -  Total Local Usage
	100924  -  Run Bytes Sent By Job
	535  -  Run Bytes Received By Job
	100924  -  Total Bytes Sent By Job
	535  -  Total Bytes Received By Job
	Partitionable Resources :    Usage  Request Allocated
	   Cpus                 :                 1         1
	   Disk (KB)            :      111  1024000   1028473
	   Memory (MB)          :      323     2000      2000
...
