000 (10026.000.000) 03/30 08:59:37 Job submitted from host: <128.101.221.180:9618?addrs=128.101.221.180-9618&noUDP&sock=3943_2604_3>
...
001 (10026.000.000) 03/30 09:04:21 Job executing on host: <128.101.221.188:9618?addrs=128.101.221.188-9618&noUDP&sock=3087505_3369_4>
...
006 (10026.000.000) 03/30 09:04:29 Image size of job updated: 241720
	173  -  MemoryUsage of job (MB)
	176796  -  ResidentSetSize of job (KB)
...
006 (10026.000.000) 03/30 09:09:29 Image size of job updated: 400084
	324  -  MemoryUsage of job (MB)
	331752  -  ResidentSetSize of job (KB)
...
005 (10026.000.000) 03/30 09:12:56 Job terminated.
	(1) Normal termination (return value 0)
		Usr 0 00:05:43, Sys 0 00:02:03  -  Run Remote Usage
		Usr 0 00:00:00, Sys 0 00:00:00  -  Run Local Usage
		Usr 0 00:05:43, Sys 0 00:02:03  -  Total Remote Usage
		Usr 0 00:00:00, Sys 0 00:00:00  -  Total Local Usage
	89712  -  Run Bytes Sent By Job
	535  -  Run Bytes Received By Job
	89712  -  Total Bytes Sent By Job
	535  -  Total Bytes Received By Job
	Partitionable Resources :    Usage  Request Allocated
	   Cpus                 :                 1         1
	   Disk (KB)            :      101  1024000   1028144
	   Memory (MB)          :      324     2000      2000
...
