000 (10036.000.000) 03/30 08:59:41 Job submitted from host: <128.101.221.180:9618?addrs=128.101.221.180-9618&noUDP&sock=3943_2604_3>
...
001 (10036.000.000) 03/30 09:05:19 Job executing on host: <128.101.221.174:9618?addrs=128.101.221.174-9618&noUDP&sock=4031871_ba53_4>
...
006 (10036.000.000) 03/30 09:05:28 Image size of job updated: 199936
	135  -  MemoryUsage of job (MB)
	137440  -  ResidentSetSize of job (KB)
...
005 (10036.000.000) 03/30 09:08:59 Job terminated.
	(1) Normal termination (return value 0)
		Usr 0 00:02:29, Sys 0 00:00:50  -  Run Remote Usage
		Usr 0 00:00:00, Sys 0 00:00:00  -  Run Local Usage
		Usr 0 00:02:29, Sys 0 00:00:50  -  Total Remote Usage
		Usr 0 00:00:00, Sys 0 00:00:00  -  Total Local Usage
	61450  -  Run Bytes Sent By Job
	535  -  Run Bytes Received By Job
	61450  -  Total Bytes Sent By Job
	535  -  Total Bytes Received By Job
	Partitionable Resources :    Usage  Request Allocated
	   Cpus                 :                 1         1
	   Disk (KB)            :       73  1024000   1900610
	   Memory (MB)          :      135     2000      2000
...
