000 (10031.000.000) 03/30 08:59:39 Job submitted from host: <128.101.221.180:9618?addrs=128.101.221.180-9618&noUDP&sock=3943_2604_3>
...
001 (10031.000.000) 03/30 09:04:40 Job executing on host: <128.101.221.187:9618?addrs=128.101.221.187-9618&noUDP&sock=3336463_ae6f_4>
...
006 (10031.000.000) 03/30 09:04:49 Image size of job updated: 220372
	151  -  MemoryUsage of job (MB)
	153796  -  ResidentSetSize of job (KB)
...
006 (10031.000.000) 03/30 09:09:50 Image size of job updated: 427012
	325  -  MemoryUsage of job (MB)
	332708  -  ResidentSetSize of job (KB)
...
006 (10031.000.000) 03/30 09:10:57 Image size of job updated: 427124
	325  -  MemoryUsage of job (MB)
	332708  -  ResidentSetSize of job (KB)
...
005 (10031.000.000) 03/30 09:10:58 Job terminated.
	(1) Normal termination (return value 0)
		Usr 0 00:04:11, Sys 0 00:01:29  -  Run Remote Usage
		Usr 0 00:00:00, Sys 0 00:00:00  -  Run Local Usage
		Usr 0 00:04:11, Sys 0 00:01:29  -  Total Remote Usage
		Usr 0 00:00:00, Sys 0 00:00:00  -  Total Local Usage
	81130  -  Run Bytes Sent By Job
	535  -  Run Bytes Received By Job
	81130  -  Total Bytes Sent By Job
	535  -  Total Bytes Received By Job
	Partitionable Resources :    Usage  Request Allocated
	   Cpus                 :                 1         1
	   Disk (KB)            :       92  1024000   1028848
	   Memory (MB)          :      325     2000      2000
...
