000 (10018.000.000) 03/30 08:59:33 Job submitted from host: <128.101.221.180:9618?addrs=128.101.221.180-9618&noUDP&sock=3943_2604_3>
...
001 (10018.000.000) 03/30 09:03:56 Job executing on host: <128.101.220.74:9618?addrs=128.101.220.74-9618&noUDP&sock=3889_1be7_4>
...
006 (10018.000.000) 03/30 09:04:05 Image size of job updated: 244852
	168  -  MemoryUsage of job (MB)
	171176  -  ResidentSetSize of job (KB)
...
006 (10018.000.000) 03/30 09:06:07 Image size of job updated: 731124
	168  -  MemoryUsage of job (MB)
	171176  -  ResidentSetSize of job (KB)
...
005 (10018.000.000) 03/30 09:06:08 Job terminated.
	(1) Normal termination (return value 0)
		Usr 0 00:01:28, Sys 0 00:00:25  -  Run Remote Usage
		Usr 0 00:00:00, Sys 0 00:00:00  -  Run Local Usage
		Usr 0 00:01:28, Sys 0 00:00:25  -  Total Remote Usage
		Usr 0 00:00:00, Sys 0 00:00:00  -  Total Local Usage
	56702  -  Run Bytes Sent By Job
	535  -  Run Bytes Received By Job
	56702  -  Total Bytes Sent By Job
	535  -  Total Bytes Received By Job
	Partitionable Resources :    Usage  Request Allocated
	   Cpus                 :                 1         1
	   Disk (KB)            :       68  1024000   1028317
	   Memory (MB)          :      168     2000      2000
...
