000 (10012.000.000) 03/30 08:59:30 Job submitted from host: <128.101.221.180:9618?addrs=128.101.221.180-9618&noUDP&sock=3943_2604_3>
...
001 (10012.000.000) 03/30 09:03:43 Job executing on host: <128.101.221.182:9618?addrs=128.101.221.182-9618&noUDP&sock=3902_06a2_4>
...
006 (10012.000.000) 03/30 09:03:52 Image size of job updated: 252056
	174  -  MemoryUsage of job (MB)
	177660  -  ResidentSetSize of job (KB)
...
006 (10012.000.000) 03/30 09:08:53 Image size of job updated: 332784
	325  -  MemoryUsage of job (MB)
	332636  -  ResidentSetSize of job (KB)
...
006 (10012.000.000) 03/30 09:11:09 Image size of job updated: 333012
	325  -  MemoryUsage of job (MB)
	332636  -  ResidentSetSize of job (KB)
...
005 (10012.000.000) 03/30 09:11:10 Job terminated.
	(1) Normal termination (return value 0)
		Usr 0 00:04:21, Sys 0 00:02:30  -  Run Remote Usage
		Usr 0 00:00:00, Sys 0 00:00:00  -  Run Local Usage
		Usr 0 00:04:21, Sys 0 00:02:30  -  Total Remote Usage
		Usr 0 00:00:00, Sys 0 00:00:00  -  Total Local Usage
	76739  -  Run Bytes Sent By Job
	535  -  Run Bytes Received By Job
	76739  -  Total Bytes Sent By Job
	535  -  Total Bytes Received By Job
	Partitionable Resources :    Usage  Request Allocated
	   Cpus                 :                 1         1
	   Disk (KB)            :       88  1024000   2046536
	   Memory (MB)          :      325     2000      2000
...
