000 (10020.000.000) 03/30 08:59:34 Job submitted from host: <128.101.221.180:9618?addrs=128.101.221.180-9618&noUDP&sock=3943_2604_3>
...
001 (10020.000.000) 03/30 09:04:04 Job executing on host: <128.101.221.182:9618?addrs=128.101.221.182-9618&noUDP&sock=3902_06a2_4>
...
006 (10020.000.000) 03/30 09:04:13 Image size of job updated: 265216
	184  -  MemoryUsage of job (MB)
	187424  -  ResidentSetSize of job (KB)
...
006 (10020.000.000) 03/30 09:09:14 Image size of job updated: 334692
	327  -  MemoryUsage of job (MB)
	334148  -  ResidentSetSize of job (KB)
...
006 (10020.000.000) 03/30 09:13:07 Image size of job updated: 731604
	327  -  MemoryUsage of job (MB)
	334148  -  ResidentSetSize of job (KB)
...
005 (10020.000.000) 03/30 09:13:08 Job terminated.
	(1) Normal termination (return value 0)
		Usr 0 00:05:18, Sys 0 00:03:07  -  Run Remote Usage
		Usr 0 00:00:00, Sys 0 00:00:00  -  Run Local Usage
		Usr 0 00:05:18, Sys 0 00:03:07  -  Total Remote Usage
		Usr 0 00:00:00, Sys 0 00:00:00  -  Total Local Usage
	80980  -  Run Bytes Sent By Job
	535  -  Run Bytes Received By Job
	80980  -  Total Bytes Sent By Job
	535  -  Total Bytes Received By Job
	Partitionable Resources :    Usage  Request Allocated
	   Cpus                 :                 1         1
	   Disk (KB)            :       92  1024000   2046536
	   Memory (MB)          :      327     2000      2000
...
