000 (10032.000.000) 03/30 08:59:40 Job submitted from host: <128.101.221.180:9618?addrs=128.101.221.180-9618&noUDP&sock=3943_2604_3>
...
001 (10032.000.000) 03/30 09:04:58 Job executing on host: <128.101.221.175:9618?addrs=128.101.221.175-9618&noUDP&sock=12916_e152_4>
...
006 (10032.000.000) 03/30 09:05:06 Image size of job updated: 159920
	138  -  MemoryUsage of job (MB)
	141296  -  ResidentSetSize of job (KB)
...
006 (10032.000.000) 03/30 09:10:06 Image size of job updated: 331924
	324  -  MemoryUsage of job (MB)
	331432  -  ResidentSetSize of job (KB)
...
006 (10032.000.000) 03/30 09:13:25 Image size of job updated: 730392
	324  -  MemoryUsage of job (MB)
	331432  -  ResidentSetSize of job (KB)
...
005 (10032.000.000) 03/30 09:13:26 Job terminated.
	(1) Normal termination (return value 0)
		Usr 0 00:04:59, Sys 0 00:02:52  -  Run Remote Usage
		Usr 0 00:00:00, Sys 0 00:00:00  -  Run Local Usage
		Usr 0 00:04:59, Sys 0 00:02:52  -  Total Remote Usage
		Usr 0 00:00:00, Sys 0 00:00:00  -  Total Local Usage
	86063  -  Run Bytes Sent By Job
	535  -  Run Bytes Received By Job
	86063  -  Total Bytes Sent By Job
	535  -  Total Bytes Received By Job
	Partitionable Resources :    Usage  Request Allocated
	   Cpus                 :                 1         1
	   Disk (KB)            :       97  1024000   1930402
	   Memory (MB)          :      324     2000      2000
...
