000 (10021.000.000) 03/30 08:59:34 Job submitted from host: <128.101.221.180:9618?addrs=128.101.221.180-9618&noUDP&sock=3943_2604_3>
...
001 (10021.000.000) 03/30 09:04:07 Job executing on host: <128.101.221.176:9618?addrs=128.101.221.176-9618&noUDP&sock=2756849_b007_4>
...
006 (10021.000.000) 03/30 09:04:16 Image size of job updated: 179612
	116  -  MemoryUsage of job (MB)
	117768  -  ResidentSetSize of job (KB)
...
006 (10021.000.000) 03/30 09:09:17 Image size of job updated: 428264
	324  -  MemoryUsage of job (MB)
	331660  -  ResidentSetSize of job (KB)
...
006 (10021.000.000) 03/30 09:12:49 Image size of job updated: 730336
	324  -  MemoryUsage of job (MB)
	331660  -  ResidentSetSize of job (KB)
...
005 (10021.000.000) 03/30 09:12:50 Job terminated.
	(1) Normal termination (return value 0)
		Usr 0 00:05:54, Sys 0 00:01:52  -  Run Remote Usage
		Usr 0 00:00:00, Sys 0 00:00:00  -  Run Local Usage
		Usr 0 00:05:54, Sys 0 00:01:52  -  Total Remote Usage
		Usr 0 00:00:00, Sys 0 00:00:00  -  Total Local Usage
	97027  -  Run Bytes Sent By Job
	535  -  Run Bytes Received By Job
	97027  -  Total Bytes Sent By Job
	535  -  Total Bytes Received By Job
	Partitionable Resources :    Usage  Request Allocated
	   Cpus                 :                 1         1
	   Disk (KB)            :      108  1024000   1026128
	   Memory (MB)          :      324     2000      2000
...
