000 (10029.000.000) 03/30 08:59:38 Job submitted from host: <128.101.221.180:9618?addrs=128.101.221.180-9618&noUDP&sock=3943_2604_3>
...
001 (10029.000.000) 03/30 09:04:28 Job executing on host: <128.101.221.185:9618?addrs=128.101.221.185-9618&noUDP&sock=4153619_bab1_4>
...
006 (10029.000.000) 03/30 09:04:36 Image size of job updated: 188856
	126  -  MemoryUsage of job (MB)
	128240  -  ResidentSetSize of job (KB)
...
006 (10029.000.000) 03/30 09:09:36 Image size of job updated: 334752
	325  -  MemoryUsage of job (MB)
	332292  -  ResidentSetSize of job (KB)
...
005 (10029.000.000) 03/30 09:11:20 Job terminated.
	(1) Normal termination (return value 0)
		Usr 0 00:04:33, Sys 0 00:01:38  -  Run Remote Usage
		Usr 0 00:00:00, Sys 0 00:00:00  -  Run Local Usage
		Usr 0 00:04:33, Sys 0 00:01:38  -  Total Remote Usage
		Usr 0 00:00:00, Sys 0 00:00:00  -  Total Local Usage
	69939  -  Run Bytes Sent By Job
	535  -  Run Bytes Received By Job
	69939  -  Total Bytes Sent By Job
	535  -  Total Bytes Received By Job
	Partitionable Resources :    Usage  Request Allocated
	   Cpus                 :                 1         1
	   Disk (KB)            :       81  1024000   1026763
	   Memory (MB)          :      325     2000      2000
...
