000 (6532.000.000) 08/07 11:15:27 Job submitted from host: <128.101.221.176:9618?addrs=128.101.221.176-9618&noUDP&sock=11541_65e5_3>
...
001 (6532.000.000) 08/07 11:15:47 Job executing on host: <128.101.221.184:9618?addrs=128.101.221.184-9618&noUDP&sock=11473_6a91_4>
...
006 (6532.000.000) 08/07 11:15:56 Image size of job updated: 72472
	32  -  MemoryUsage of job (MB)
	32164  -  ResidentSetSize of job (KB)
...
006 (6532.000.000) 08/07 11:20:57 Image size of job updated: 366152
	319  -  MemoryUsage of job (MB)
	326376  -  ResidentSetSize of job (KB)
...
006 (6532.000.000) 08/07 11:35:59 Image size of job updated: 366152
	320  -  MemoryUsage of job (MB)
	327436  -  ResidentSetSize of job (KB)
...
006 (6532.000.000) 08/07 11:40:59 Image size of job updated: 366152
	320  -  MemoryUsage of job (MB)
	327464  -  ResidentSetSize of job (KB)
...
006 (6532.000.000) 08/07 11:51:01 Image size of job updated: 366152
	320  -  MemoryUsage of job (MB)
	327508  -  ResidentSetSize of job (KB)
...
005 (6532.000.000) 08/07 11:51:50 Job terminated.
	(1) Normal termination (return value 0)
		Usr 0 00:01:35, Sys 0 00:00:58  -  Run Remote Usage
		Usr 0 00:00:00, Sys 0 00:00:00  -  Run Local Usage
		Usr 0 00:01:35, Sys 0 00:00:58  -  Total Remote Usage
		Usr 0 00:00:00, Sys 0 00:00:00  -  Total Local Usage
	24219  -  Run Bytes Sent By Job
	583  -  Run Bytes Received By Job
	24219  -  Total Bytes Sent By Job
	583  -  Total Bytes Received By Job
	Partitionable Resources :    Usage  Request Allocated
	   Cpus                 :                 1         1
	   Disk (KB)            :       35  1024000   1862288
	   Memory (MB)          :      320     2000      2000
...
