000 (6572.000.000) 08/07 11:15:43 Job submitted from host: <128.101.221.176:9618?addrs=128.101.221.176-9618&noUDP&sock=11541_65e5_3>
...
001 (6572.000.000) 08/07 11:16:03 Job executing on host: <128.101.220.49:9618?addrs=128.101.220.49-9618&noUDP&sock=12019_f3c2_4>
...
006 (6572.000.000) 08/07 11:16:12 Image size of job updated: 215032
	203  -  MemoryUsage of job (MB)
	207116  -  ResidentSetSize of job (KB)
...
006 (6572.000.000) 08/07 11:21:13 Image size of job updated: 337120
	320  -  MemoryUsage of job (MB)
	327272  -  ResidentSetSize of job (KB)
...
006 (6572.000.000) 08/07 11:26:14 Image size of job updated: 337140
	320  -  MemoryUsage of job (MB)
	327292  -  ResidentSetSize of job (KB)
...
006 (6572.000.000) 08/07 11:31:14 Image size of job updated: 337140
	320  -  MemoryUsage of job (MB)
	327296  -  ResidentSetSize of job (KB)
...
006 (6572.000.000) 08/07 11:41:15 Image size of job updated: 337140
	321  -  MemoryUsage of job (MB)
	327752  -  ResidentSetSize of job (KB)
...
006 (6572.000.000) 08/07 11:46:15 Image size of job updated: 337772
	323  -  MemoryUsage of job (MB)
	330404  -  ResidentSetSize of job (KB)
...
006 (6572.000.000) 08/07 11:51:16 Image size of job updated: 337772
	323  -  MemoryUsage of job (MB)
	330424  -  ResidentSetSize of job (KB)
...
006 (6572.000.000) 08/07 12:01:16 Image size of job updated: 337772
	323  -  MemoryUsage of job (MB)
	330428  -  ResidentSetSize of job (KB)
...
005 (6572.000.000) 08/07 12:01:20 Job terminated.
	(1) Normal termination (return value 0)
		Usr 0 00:01:31, Sys 0 00:00:55  -  Run Remote Usage
		Usr 0 00:00:00, Sys 0 00:00:00  -  Run Local Usage
		Usr 0 00:01:31, Sys 0 00:00:55  -  Total Remote Usage
		Usr 0 00:00:00, Sys 0 00:00:00  -  Total Local Usage
	24452  -  Run Bytes Sent By Job
	583  -  Run Bytes Received By Job
	24452  -  Total Bytes Sent By Job
	583  -  Total Bytes Received By Job
	Partitionable Resources :    Usage  Request Allocated
	   Cpus                 :                 1         1
	   Disk (KB)            :       36  1024000   3995247
	   Memory (MB)          :      323     2000      2000
...
