000 (6578.000.000) 08/07 11:15:46 Job submitted from host: <128.101.221.176:9618?addrs=128.101.221.176-9618&noUDP&sock=11541_65e5_3>
...
001 (6578.000.000) 08/07 11:16:07 Job executing on host: <128.101.221.187:9618?addrs=128.101.221.187-9618&noUDP&sock=11566_3b5b_4>
...
006 (6578.000.000) 08/07 11:16:15 Image size of job updated: 232396
	185  -  MemoryUsage of job (MB)
	189172  -  ResidentSetSize of job (KB)
...
006 (6578.000.000) 08/07 11:21:15 Image size of job updated: 372096
	319  -  MemoryUsage of job (MB)
	326480  -  ResidentSetSize of job (KB)
...
006 (6578.000.000) 08/07 11:26:15 Image size of job updated: 372096
	319  -  MemoryUsage of job (MB)
	326504  -  ResidentSetSize of job (KB)
...
006 (6578.000.000) 08/07 11:36:17 Image size of job updated: 372096
	319  -  MemoryUsage of job (MB)
	326512  -  ResidentSetSize of job (KB)
...
005 (6578.000.000) 08/07 11:50:34 Job terminated.
	(1) Normal termination (return value 0)
		Usr 0 00:01:31, Sys 0 00:00:54  -  Run Remote Usage
		Usr 0 00:00:00, Sys 0 00:00:00  -  Run Local Usage
		Usr 0 00:01:31, Sys 0 00:00:54  -  Total Remote Usage
		Usr 0 00:00:00, Sys 0 00:00:00  -  Total Local Usage
	23746  -  Run Bytes Sent By Job
	583  -  Run Bytes Received By Job
	23746  -  Total Bytes Sent By Job
	583  -  Total Bytes Received By Job
	Partitionable Resources :    Usage  Request Allocated
	   Cpus                 :                 1         1
	   Disk (KB)            :       35  1024000   1819372
	   Memory (MB)          :      319     2000      2000
...
