000 (6570.000.000) 08/07 11:15:42 Job submitted from host: <128.101.221.176:9618?addrs=128.101.221.176-9618&noUDP&sock=11541_65e5_3>
...
001 (6570.000.000) 08/07 11:15:59 Job executing on host: <128.101.220.96:9618?addrs=128.101.220.96-9618&noUDP&sock=7388_78ac_4>
...
006 (6570.000.000) 08/07 11:16:08 Image size of job updated: 296432
	229  -  MemoryUsage of job (MB)
	233588  -  ResidentSetSize of job (KB)
...
006 (6570.000.000) 08/07 11:21:09 Image size of job updated: 347304
	319  -  MemoryUsage of job (MB)
	326480  -  ResidentSetSize of job (KB)
...
006 (6570.000.000) 08/07 11:26:10 Image size of job updated: 347320
	319  -  MemoryUsage of job (MB)
	326496  -  ResidentSetSize of job (KB)
...
006 (6570.000.000) 08/07 11:41:12 Image size of job updated: 347320
	320  -  MemoryUsage of job (MB)
	327196  -  ResidentSetSize of job (KB)
...
006 (6570.000.000) 08/07 11:46:13 Image size of job updated: 347320
	320  -  MemoryUsage of job (MB)
	327300  -  ResidentSetSize of job (KB)
...
006 (6570.000.000) 08/07 11:51:13 Image size of job updated: 347320
	320  -  MemoryUsage of job (MB)
	327308  -  ResidentSetSize of job (KB)
...
006 (6570.000.000) 08/07 12:01:35 Image size of job updated: 711420
	320  -  MemoryUsage of job (MB)
	327308  -  ResidentSetSize of job (KB)
...
005 (6570.000.000) 08/07 12:01:36 Job terminated.
	(1) Normal termination (return value 0)
		Usr 0 00:01:29, Sys 0 00:00:52  -  Run Remote Usage
		Usr 0 00:00:00, Sys 0 00:00:00  -  Run Local Usage
		Usr 0 00:01:29, Sys 0 00:00:52  -  Total Remote Usage
		Usr 0 00:00:00, Sys 0 00:00:00  -  Total Local Usage
	24218  -  Run Bytes Sent By Job
	583  -  Run Bytes Received By Job
	24218  -  Total Bytes Sent By Job
	583  -  Total Bytes Received By Job
	Partitionable Resources :    Usage  Request Allocated
	   Cpus                 :                 1         1
	   Disk (KB)            :       35  1024000   4046597
	   Memory (MB)          :      320     2000      2000
...
