000 (6567.000.000) 08/07 11:15:41 Job submitted from host: <128.101.221.176:9618?addrs=128.101.221.176-9618&noUDP&sock=11541_65e5_3>
...
001 (6567.000.000) 08/07 11:16:03 Job executing on host: <128.101.220.87:9618?addrs=128.101.220.87-9618&noUDP&sock=12038_f3c2_4>
...
006 (6567.000.000) 08/07 11:16:12 Image size of job updated: 226808
	211  -  MemoryUsage of job (MB)
	215964  -  ResidentSetSize of job (KB)
...
006 (6567.000.000) 08/07 11:21:13 Image size of job updated: 327472
	319  -  MemoryUsage of job (MB)
	326644  -  ResidentSetSize of job (KB)
...
006 (6567.000.000) 08/07 11:31:14 Image size of job updated: 327484
	319  -  MemoryUsage of job (MB)
	326656  -  ResidentSetSize of job (KB)
...
006 (6567.000.000) 08/07 11:41:16 Image size of job updated: 327484
	320  -  MemoryUsage of job (MB)
	326664  -  ResidentSetSize of job (KB)
...
006 (6567.000.000) 08/07 11:46:16 Image size of job updated: 327484
	320  -  MemoryUsage of job (MB)
	326712  -  ResidentSetSize of job (KB)
...
006 (6567.000.000) 08/07 11:51:16 Image size of job updated: 327708
	320  -  MemoryUsage of job (MB)
	327492  -  ResidentSetSize of job (KB)
...
006 (6567.000.000) 08/07 11:56:17 Image size of job updated: 330468
	323  -  MemoryUsage of job (MB)
	330252  -  ResidentSetSize of job (KB)
...
006 (6567.000.000) 08/07 12:01:17 Image size of job updated: 330472
	323  -  MemoryUsage of job (MB)
	330256  -  ResidentSetSize of job (KB)
...
006 (6567.000.000) 08/07 12:02:03 Image size of job updated: 711152
	323  -  MemoryUsage of job (MB)
	330256  -  ResidentSetSize of job (KB)
...
005 (6567.000.000) 08/07 12:02:04 Job terminated.
	(1) Normal termination (return value 0)
		Usr 0 00:01:21, Sys 0 00:00:48  -  Run Remote Usage
		Usr 0 00:00:00, Sys 0 00:00:00  -  Run Local Usage
		Usr 0 00:01:21, Sys 0 00:00:48  -  Total Remote Usage
		Usr 0 00:00:00, Sys 0 00:00:00  -  Total Local Usage
	23515  -  Run Bytes Sent By Job
	583  -  Run Bytes Received By Job
	23515  -  Total Bytes Sent By Job
	583  -  Total Bytes Received By Job
	Partitionable Resources :    Usage  Request Allocated
	   Cpus                 :                 1         1
	   Disk (KB)            :       35  1024000   4041151
	   Memory (MB)          :      323     2000      2000
...
