000 (6530.000.000) 08/07 11:15:26 Job submitted from host: <128.101.221.176:9618?addrs=128.101.221.176-9618&noUDP&sock=11541_65e5_3>
...
001 (6530.000.000) 08/07 11:15:47 Job executing on host: <128.101.221.171:9618?addrs=128.101.221.171-9618&noUDP&sock=11629_6b57_4>
...
006 (6530.000.000) 08/07 11:15:56 Image size of job updated: 90256
	48  -  MemoryUsage of job (MB)
	48452  -  ResidentSetSize of job (KB)
...
006 (6530.000.000) 08/07 11:20:57 Image size of job updated: 370876
	321  -  MemoryUsage of job (MB)
	327756  -  ResidentSetSize of job (KB)
...
006 (6530.000.000) 08/07 11:30:57 Image size of job updated: 370876
	321  -  MemoryUsage of job (MB)
	327760  -  ResidentSetSize of job (KB)
...
006 (6530.000.000) 08/07 11:35:58 Image size of job updated: 370876
	321  -  MemoryUsage of job (MB)
	327808  -  ResidentSetSize of job (KB)
...
006 (6530.000.000) 08/07 11:40:58 Image size of job updated: 370876
	321  -  MemoryUsage of job (MB)
	328084  -  ResidentSetSize of job (KB)
...
006 (6530.000.000) 08/07 11:45:59 Image size of job updated: 370876
	321  -  MemoryUsage of job (MB)
	328168  -  ResidentSetSize of job (KB)
...
006 (6530.000.000) 08/07 11:54:40 Image size of job updated: 711628
	321  -  MemoryUsage of job (MB)
	328168  -  ResidentSetSize of job (KB)
...
005 (6530.000.000) 08/07 11:54:42 Job terminated.
	(1) Normal termination (return value 0)
		Usr 0 00:01:21, Sys 0 00:00:50  -  Run Remote Usage
		Usr 0 00:00:00, Sys 0 00:00:00  -  Run Local Usage
		Usr 0 00:01:21, Sys 0 00:00:50  -  Total Remote Usage
		Usr 0 00:00:00, Sys 0 00:00:00  -  Total Local Usage
	24925  -  Run Bytes Sent By Job
	583  -  Run Bytes Received By Job
	24925  -  Total Bytes Sent By Job
	583  -  Total Bytes Received By Job
	Partitionable Resources :    Usage  Request Allocated
	   Cpus                 :                 1         1
	   Disk (KB)            :       36  1024000   1814644
	   Memory (MB)          :      321     2000      2000
...
