000 (6541.000.000) 08/07 11:15:30 Job submitted from host: <128.101.221.176:9618?addrs=128.101.221.176-9618&noUDP&sock=11541_65e5_3>
...
001 (6541.000.000) 08/07 11:15:49 Job executing on host: <128.101.220.74:9618?addrs=128.101.220.74-9618&noUDP&sock=11997_2d15_4>
...
006 (6541.000.000) 08/07 11:15:58 Image size of job updated: 117256
	68  -  MemoryUsage of job (MB)
	68616  -  ResidentSetSize of job (KB)
...
006 (6541.000.000) 08/07 11:20:59 Image size of job updated: 333608
	320  -  MemoryUsage of job (MB)
	327488  -  ResidentSetSize of job (KB)
...
006 (6541.000.000) 08/07 11:25:59 Image size of job updated: 333612
	320  -  MemoryUsage of job (MB)
	327492  -  ResidentSetSize of job (KB)
...
006 (6541.000.000) 08/07 11:31:00 Image size of job updated: 333616
	320  -  MemoryUsage of job (MB)
	327492  -  ResidentSetSize of job (KB)
...
005 (6541.000.000) 08/07 11:58:24 Job terminated.
	(1) Normal termination (return value 0)
		Usr 0 00:01:31, Sys 0 00:00:54  -  Run Remote Usage
		Usr 0 00:00:00, Sys 0 00:00:00  -  Run Local Usage
		Usr 0 00:01:31, Sys 0 00:00:54  -  Total Remote Usage
		Usr 0 00:00:00, Sys 0 00:00:00  -  Total Local Usage
	24692  -  Run Bytes Sent By Job
	583  -  Run Bytes Received By Job
	24692  -  Total Bytes Sent By Job
	583  -  Total Bytes Received By Job
	Partitionable Resources :    Usage  Request Allocated
	   Cpus                 :                 1         1
	   Disk (KB)            :       36  1024000   4023116
	   Memory (MB)          :      320     2000      2000
...
