000 (6564.000.000) 08/07 11:15:39 Job submitted from host: <128.101.221.176:9618?addrs=128.101.221.176-9618&noUDP&sock=11541_65e5_3>
...
001 (6564.000.000) 08/07 11:16:05 Job executing on host: <128.101.221.189:9618?addrs=128.101.221.189-9618&noUDP&sock=12427_2d97_4>
...
006 (6564.000.000) 08/07 11:16:14 Image size of job updated: 280944
	199  -  MemoryUsage of job (MB)
	203392  -  ResidentSetSize of job (KB)
...
006 (6564.000.000) 08/07 11:21:14 Image size of job updated: 413880
	320  -  MemoryUsage of job (MB)
	327360  -  ResidentSetSize of job (KB)
...
006 (6564.000.000) 08/07 11:31:15 Image size of job updated: 413880
	320  -  MemoryUsage of job (MB)
	327364  -  ResidentSetSize of job (KB)
...
005 (6564.000.000) 08/07 11:35:44 Job terminated.
	(1) Normal termination (return value 0)
		Usr 0 00:00:58, Sys 0 00:00:30  -  Run Remote Usage
		Usr 0 00:00:00, Sys 0 00:00:00  -  Run Local Usage
		Usr 0 00:00:58, Sys 0 00:00:30  -  Total Remote Usage
		Usr 0 00:00:00, Sys 0 00:00:00  -  Total Local Usage
	21920  -  Run Bytes Sent By Job
	583  -  Run Bytes Received By Job
	21920  -  Total Bytes Sent By Job
	583  -  Total Bytes Received By Job
	Partitionable Resources :    Usage  Request Allocated
	   Cpus                 :                 1         1
	   Disk (KB)            :       33  1024000   8585984
	   Memory (MB)          :      320     2000      2000
...
