000 (6557.000.000) 08/07 11:15:37 Job submitted from host: <128.101.221.176:9618?addrs=128.101.221.176-9618&noUDP&sock=11541_65e5_3>
...
001 (6557.000.000) 08/07 11:15:55 Job executing on host: <128.101.220.118:9618?addrs=128.101.220.118-9618&noUDP&sock=12016_596f_4>
...
006 (6557.000.000) 08/07 11:16:04 Image size of job updated: 140752
	88  -  MemoryUsage of job (MB)
	89732  -  ResidentSetSize of job (KB)
...
006 (6557.000.000) 08/07 11:21:05 Image size of job updated: 334108
	320  -  MemoryUsage of job (MB)
	326720  -  ResidentSetSize of job (KB)
...
006 (6557.000.000) 08/07 11:26:06 Image size of job updated: 334184
	320  -  MemoryUsage of job (MB)
	326800  -  ResidentSetSize of job (KB)
...
006 (6557.000.000) 08/07 11:31:06 Image size of job updated: 334208
	320  -  MemoryUsage of job (MB)
	326824  -  ResidentSetSize of job (KB)
...
006 (6557.000.000) 08/07 11:36:07 Image size of job updated: 334348
	320  -  MemoryUsage of job (MB)
	326964  -  ResidentSetSize of job (KB)
...
006 (6557.000.000) 08/07 11:41:08 Image size of job updated: 334996
	320  -  MemoryUsage of job (MB)
	327608  -  ResidentSetSize of job (KB)
...
006 (6557.000.000) 08/07 11:46:08 Image size of job updated: 334996
	320  -  MemoryUsage of job (MB)
	327612  -  ResidentSetSize of job (KB)
...
005 (6557.000.000) 08/07 11:54:10 Job terminated.
	(1) Normal termination (return value 0)
		Usr 0 00:01:21, Sys 0 00:00:47  -  Run Remote Usage
		Usr 0 00:00:00, Sys 0 00:00:00  -  Run Local Usage
		Usr 0 00:01:21, Sys 0 00:00:47  -  Total Remote Usage
		Usr 0 00:00:00, Sys 0 00:00:00  -  Total Local Usage
	24456  -  Run Bytes Sent By Job
	583  -  Run Bytes Received By Job
	24456  -  Total Bytes Sent By Job
	583  -  Total Bytes Received By Job
	Partitionable Resources :    Usage  Request Allocated
	   Cpus                 :                 1         1
	   Disk (KB)            :       36  1024000   4005744
	   Memory (MB)          :      320     2000      2000
...
