000 (6536.000.000) 08/07 11:15:28 Job submitted from host: <128.101.221.176:9618?addrs=128.101.221.176-9618&noUDP&sock=11541_65e5_3>
...
001 (6536.000.000) 08/07 11:15:48 Job executing on host: <128.101.221.179:9618?addrs=128.101.221.179-9618&noUDP&sock=11270_2cd7_4>
...
006 (6536.000.000) 08/07 11:15:56 Image size of job updated: 77664
	34  -  MemoryUsage of job (MB)
	34128  -  ResidentSetSize of job (KB)
...
006 (6536.000.000) 08/07 11:20:57 Image size of job updated: 340508
	319  -  MemoryUsage of job (MB)
	326564  -  ResidentSetSize of job (KB)
...
006 (6536.000.000) 08/07 11:25:58 Image size of job updated: 340508
	319  -  MemoryUsage of job (MB)
	326588  -  ResidentSetSize of job (KB)
...
006 (6536.000.000) 08/07 11:30:58 Image size of job updated: 340508
	319  -  MemoryUsage of job (MB)
	326592  -  ResidentSetSize of job (KB)
...
006 (6536.000.000) 08/07 11:35:58 Image size of job updated: 340508
	319  -  MemoryUsage of job (MB)
	326624  -  ResidentSetSize of job (KB)
...
006 (6536.000.000) 08/07 11:45:59 Image size of job updated: 340508
	320  -  MemoryUsage of job (MB)
	326708  -  ResidentSetSize of job (KB)
...
006 (6536.000.000) 08/07 11:50:59 Image size of job updated: 340508
	320  -  MemoryUsage of job (MB)
	326828  -  ResidentSetSize of job (KB)
...
006 (6536.000.000) 08/07 11:56:00 Image size of job updated: 340508
	320  -  MemoryUsage of job (MB)
	326832  -  ResidentSetSize of job (KB)
...
005 (6536.000.000) 08/07 12:00:48 Job terminated.
	(1) Normal termination (return value 0)
		Usr 0 00:01:30, Sys 0 00:00:54  -  Run Remote Usage
		Usr 0 00:00:00, Sys 0 00:00:00  -  Run Local Usage
		Usr 0 00:01:30, Sys 0 00:00:54  -  Total Remote Usage
		Usr 0 00:00:00, Sys 0 00:00:00  -  Total Local Usage
	24457  -  Run Bytes Sent By Job
	583  -  Run Bytes Received By Job
	24457  -  Total Bytes Sent By Job
	583  -  Total Bytes Received By Job
	Partitionable Resources :    Usage  Request Allocated
	   Cpus                 :                 1         1
	   Disk (KB)            :       36  1024000   1879654
	   Memory (MB)          :      320     2000      2000
...
