000 (5638.000.000) 08/06 20:55:17 Job submitted from host: <128.101.221.176:9618?addrs=128.101.221.176-9618&noUDP&sock=11541_65e5_3>
...
001 (5638.000.000) 08/06 20:55:38 Job executing on host: <128.101.221.179:9618?addrs=128.101.221.179-9618&noUDP&sock=11270_2cd7_4>
...
006 (5638.000.000) 08/06 20:55:46 Image size of job updated: 292600
	222  -  MemoryUsage of job (MB)
	227208  -  ResidentSetSize of job (KB)
...
006 (5638.000.000) 08/06 21:00:46 Image size of job updated: 390604
	322  -  MemoryUsage of job (MB)
	328716  -  ResidentSetSize of job (KB)
...
006 (5638.000.000) 08/06 21:05:46 Image size of job updated: 390624
	322  -  MemoryUsage of job (MB)
	328736  -  ResidentSetSize of job (KB)
...
006 (5638.000.000) 08/06 21:25:48 Image size of job updated: 390624
	322  -  MemoryUsage of job (MB)
	328820  -  ResidentSetSize of job (KB)
...
006 (5638.000.000) 08/06 21:28:18 Image size of job updated: 710152
	322  -  MemoryUsage of job (MB)
	328820  -  ResidentSetSize of job (KB)
...
005 (5638.000.000) 08/06 21:28:22 Job terminated.
	(1) Normal termination (return value 0)
		Usr 0 00:01:16, Sys 0 00:00:51  -  Run Remote Usage
		Usr 0 00:00:00, Sys 0 00:00:00  -  Run Local Usage
		Usr 0 00:01:16, Sys 0 00:00:51  -  Total Remote Usage
		Usr 0 00:00:00, Sys 0 00:00:00  -  Total Local Usage
	21797  -  Run Bytes Sent By Job
	575  -  Run Bytes Received By Job
	21797  -  Total Bytes Sent By Job
	575  -  Total Bytes Received By Job
	Partitionable Resources :    Usage  Request Allocated
	   Cpus                 :                 1         1
	   Disk (KB)            :       33  1024000   1879720
	   Memory (MB)          :      322     2000      2000
...
