000 (5639.000.000) 08/06 20:55:18 Job submitted from host: <128.101.221.176:9618?addrs=128.101.221.176-9618&noUDP&sock=11541_65e5_3>
...
001 (5639.000.000) 08/06 20:55:38 Job executing on host: <128.101.221.189:9618?addrs=128.101.221.189-9618&noUDP&sock=12427_2d97_4>
...
006 (5639.000.000) 08/06 20:55:46 Image size of job updated: 309552
	220  -  MemoryUsage of job (MB)
	224660  -  ResidentSetSize of job (KB)
...
006 (5639.000.000) 08/06 21:00:46 Image size of job updated: 416436
	324  -  MemoryUsage of job (MB)
	331076  -  ResidentSetSize of job (KB)
...
006 (5639.000.000) 08/06 21:05:46 Image size of job updated: 416464
	324  -  MemoryUsage of job (MB)
	331104  -  ResidentSetSize of job (KB)
...
006 (5639.000.000) 08/06 21:15:48 Image size of job updated: 416464
	327  -  MemoryUsage of job (MB)
	334788  -  ResidentSetSize of job (KB)
...
006 (5639.000.000) 08/06 21:49:51 Image size of job updated: 710232
	327  -  MemoryUsage of job (MB)
	334788  -  ResidentSetSize of job (KB)
...
005 (5639.000.000) 08/06 21:49:53 Job terminated.
	(1) Normal termination (return value 0)
		Usr 0 00:02:01, Sys 0 00:01:27  -  Run Remote Usage
		Usr 0 00:00:00, Sys 0 00:00:00  -  Run Local Usage
		Usr 0 00:02:01, Sys 0 00:01:27  -  Total Remote Usage
		Usr 0 00:00:00, Sys 0 00:00:00  -  Total Local Usage
	24049  -  Run Bytes Sent By Job
	575  -  Run Bytes Received By Job
	24049  -  Total Bytes Sent By Job
	575  -  Total Bytes Received By Job
	Partitionable Resources :    Usage  Request Allocated
	   Cpus                 :                 1         1
	   Disk (KB)            :       35  1024000   8586026
	   Memory (MB)          :      327     2000      2000
...
