000 (5644.000.000) 08/06 20:55:20 Job submitted from host: <128.101.221.176:9618?addrs=128.101.221.176-9618&noUDP&sock=11541_65e5_3>
...
001 (5644.000.000) 08/06 20:55:38 Job executing on host: <128.101.220.43:9618?addrs=128.101.220.43-9618&noUDP&sock=11896_2ff0_4>
...
006 (5644.000.000) 08/06 20:55:46 Image size of job updated: 323932
	255  -  MemoryUsage of job (MB)
	260928  -  ResidentSetSize of job (KB)
...
006 (5644.000.000) 08/06 21:00:46 Image size of job updated: 387304
	322  -  MemoryUsage of job (MB)
	329296  -  ResidentSetSize of job (KB)
...
006 (5644.000.000) 08/06 21:05:46 Image size of job updated: 387400
	322  -  MemoryUsage of job (MB)
	329392  -  ResidentSetSize of job (KB)
...
006 (5644.000.000) 08/06 21:10:46 Image size of job updated: 387400
	322  -  MemoryUsage of job (MB)
	329412  -  ResidentSetSize of job (KB)
...
006 (5644.000.000) 08/06 21:30:49 Image size of job updated: 387400
	325  -  MemoryUsage of job (MB)
	332168  -  ResidentSetSize of job (KB)
...
006 (5644.000.000) 08/06 21:35:49 Image size of job updated: 387400
	327  -  MemoryUsage of job (MB)
	334804  -  ResidentSetSize of job (KB)
...
006 (5644.000.000) 08/06 21:42:03 Image size of job updated: 710656
	327  -  MemoryUsage of job (MB)
	334804  -  ResidentSetSize of job (KB)
...
005 (5644.000.000) 08/06 21:42:05 Job terminated.
	(1) Normal termination (return value 0)
		Usr 0 00:01:45, Sys 0 00:01:13  -  Run Remote Usage
		Usr 0 00:00:00, Sys 0 00:00:00  -  Run Local Usage
		Usr 0 00:01:45, Sys 0 00:01:13  -  Total Remote Usage
		Usr 0 00:00:00, Sys 0 00:00:00  -  Total Local Usage
	23588  -  Run Bytes Sent By Job
	575  -  Run Bytes Received By Job
	23588  -  Total Bytes Sent By Job
	575  -  Total Bytes Received By Job
	Partitionable Resources :    Usage  Request Allocated
	   Cpus                 :                 1         1
	   Disk (KB)            :       35  1024000   4011531
	   Memory (MB)          :      327     2000      2000
...
