000 (5637.000.000) 08/06 20:55:17 Job submitted from host: <128.101.221.176:9618?addrs=128.101.221.176-9618&noUDP&sock=11541_65e5_3>
...
001 (5637.000.000) 08/06 20:55:35 Job executing on host: <128.101.221.187:9618?addrs=128.101.221.187-9618&noUDP&sock=11566_3b5b_4>
...
006 (5637.000.000) 08/06 20:55:44 Image size of job updated: 328708
	265  -  MemoryUsage of job (MB)
	270736  -  ResidentSetSize of job (KB)
...
006 (5637.000.000) 08/06 21:00:45 Image size of job updated: 383616
	323  -  MemoryUsage of job (MB)
	329888  -  ResidentSetSize of job (KB)
...
006 (5637.000.000) 08/06 21:05:45 Image size of job updated: 383696
	323  -  MemoryUsage of job (MB)
	329968  -  ResidentSetSize of job (KB)
...
006 (5637.000.000) 08/06 21:10:45 Image size of job updated: 383696
	323  -  MemoryUsage of job (MB)
	329996  -  ResidentSetSize of job (KB)
...
006 (5637.000.000) 08/06 21:15:46 Image size of job updated: 383696
	323  -  MemoryUsage of job (MB)
	330004  -  ResidentSetSize of job (KB)
...
006 (5637.000.000) 08/06 21:30:48 Image size of job updated: 383696
	323  -  MemoryUsage of job (MB)
	330584  -  ResidentSetSize of job (KB)
...
006 (5637.000.000) 08/06 21:35:48 Image size of job updated: 383696
	323  -  MemoryUsage of job (MB)
	330588  -  ResidentSetSize of job (KB)
...
006 (5637.000.000) 08/06 21:40:49 Image size of job updated: 383696
	323  -  MemoryUsage of job (MB)
	330612  -  ResidentSetSize of job (KB)
...
006 (5637.000.000) 08/06 21:45:50 Image size of job updated: 383696
	323  -  MemoryUsage of job (MB)
	330636  -  ResidentSetSize of job (KB)
...
005 (5637.000.000) 08/06 21:52:00 Job terminated.
	(1) Normal termination (return value 0)
		Usr 0 00:02:13, Sys 0 00:01:33  -  Run Remote Usage
		Usr 0 00:00:00, Sys 0 00:00:00  -  Run Local Usage
		Usr 0 00:02:13, Sys 0 00:01:33  -  Total Remote Usage
		Usr 0 00:00:00, Sys 0 00:00:00  -  Total Local Usage
	24281  -  Run Bytes Sent By Job
	575  -  Run Bytes Received By Job
	24281  -  Total Bytes Sent By Job
	575  -  Total Bytes Received By Job
	Partitionable Resources :    Usage  Request Allocated
	   Cpus                 :                 1         1
	   Disk (KB)            :       35  1024000   1819438
	   Memory (MB)          :      323     2000      2000
...
