000 (5581.000.000) 08/06 20:54:54 Job submitted from host: <128.101.221.176:9618?addrs=128.101.221.176-9618&noUDP&sock=11541_65e5_3>
...
001 (5581.000.000) 08/06 20:55:17 Job executing on host: <128.101.221.187:9618?addrs=128.101.221.187-9618&noUDP&sock=11566_3b5b_4>
...
006 (5581.000.000) 08/06 20:55:26 Image size of job updated: 80904
	35  -  MemoryUsage of job (MB)
	35348  -  ResidentSetSize of job (KB)
...
006 (5581.000.000) 08/06 21:00:27 Image size of job updated: 367500
	322  -  MemoryUsage of job (MB)
	329460  -  ResidentSetSize of job (KB)
...
006 (5581.000.000) 08/06 21:05:27 Image size of job updated: 367504
	322  -  MemoryUsage of job (MB)
	329464  -  ResidentSetSize of job (KB)
...
006 (5581.000.000) 08/06 21:15:28 Image size of job updated: 367504
	323  -  MemoryUsage of job (MB)
	330112  -  ResidentSetSize of job (KB)
...
006 (5581.000.000) 08/06 21:20:28 Image size of job updated: 367504
	328  -  MemoryUsage of job (MB)
	334900  -  ResidentSetSize of job (KB)
...
006 (5581.000.000) 08/06 21:25:29 Image size of job updated: 367504
	328  -  MemoryUsage of job (MB)
	334980  -  ResidentSetSize of job (KB)
...
005 (5581.000.000) 08/06 21:47:37 Job terminated.
	(1) Normal termination (return value 0)
		Usr 0 00:01:37, Sys 0 00:00:58  -  Run Remote Usage
		Usr 0 00:00:00, Sys 0 00:00:00  -  Run Local Usage
		Usr 0 00:01:37, Sys 0 00:00:58  -  Total Remote Usage
		Usr 0 00:00:00, Sys 0 00:00:00  -  Total Local Usage
	24448  -  Run Bytes Sent By Job
	581  -  Run Bytes Received By Job
	24448  -  Total Bytes Sent By Job
	581  -  Total Bytes Received By Job
	Partitionable Resources :    Usage  Request Allocated
	   Cpus                 :                 1         1
	   Disk (KB)            :       36  1024000   1819438
	   Memory (MB)          :      328     2000      2000
...
