000 (5604.000.000) 08/06 20:55:03 Job submitted from host: <128.101.221.176:9618?addrs=128.101.221.176-9618&noUDP&sock=11541_65e5_3>
...
001 (5604.000.000) 08/06 20:55:27 Job executing on host: <128.101.220.118:9618?addrs=128.101.220.118-9618&noUDP&sock=12016_596f_4>
...
006 (5604.000.000) 08/06 20:55:36 Image size of job updated: 79748
	43  -  MemoryUsage of job (MB)
	43472  -  ResidentSetSize of job (KB)
...
006 (5604.000.000) 08/06 21:00:37 Image size of job updated: 363344
	322  -  MemoryUsage of job (MB)
	329132  -  ResidentSetSize of job (KB)
...
006 (5604.000.000) 08/06 21:05:38 Image size of job updated: 363348
	322  -  MemoryUsage of job (MB)
	329136  -  ResidentSetSize of job (KB)
...
006 (5604.000.000) 08/06 21:15:39 Image size of job updated: 363348
	323  -  MemoryUsage of job (MB)
	329756  -  ResidentSetSize of job (KB)
...
006 (5604.000.000) 08/06 21:20:39 Image size of job updated: 363348
	323  -  MemoryUsage of job (MB)
	329760  -  ResidentSetSize of job (KB)
...
006 (5604.000.000) 08/06 21:25:40 Image size of job updated: 363348
	323  -  MemoryUsage of job (MB)
	329900  -  ResidentSetSize of job (KB)
...
006 (5604.000.000) 08/06 21:30:40 Image size of job updated: 363348
	328  -  MemoryUsage of job (MB)
	335672  -  ResidentSetSize of job (KB)
...
005 (5604.000.000) 08/06 21:50:48 Job terminated.
	(1) Normal termination (return value 0)
		Usr 0 00:01:36, Sys 0 00:01:00  -  Run Remote Usage
		Usr 0 00:00:00, Sys 0 00:00:00  -  Run Local Usage
		Usr 0 00:01:36, Sys 0 00:01:00  -  Total Remote Usage
		Usr 0 00:00:00, Sys 0 00:00:00  -  Total Local Usage
	25156  -  Run Bytes Sent By Job
	581  -  Run Bytes Received By Job
	25156  -  Total Bytes Sent By Job
	581  -  Total Bytes Received By Job
	Partitionable Resources :    Usage  Request Allocated
	   Cpus                 :                 1         1
	   Disk (KB)            :       36  1024000   4005759
	   Memory (MB)          :      328     2000      2000
...
