000 (5570.000.000) 08/06 20:54:50 Job submitted from host: <128.101.221.176:9618?addrs=128.101.221.176-9618&noUDP&sock=11541_65e5_3>
...
001 (5570.000.000) 08/06 20:55:13 Job executing on host: <128.101.221.178:9618?addrs=128.101.221.178-9618&noUDP&sock=7243_a440_4>
...
006 (5570.000.000) 08/06 20:55:22 Image size of job updated: 83988
	38  -  MemoryUsage of job (MB)
	38432  -  ResidentSetSize of job (KB)
...
006 (5570.000.000) 08/06 21:00:23 Image size of job updated: 334084
	323  -  MemoryUsage of job (MB)
	330408  -  ResidentSetSize of job (KB)
...
006 (5570.000.000) 08/06 21:05:24 Image size of job updated: 334112
	323  -  MemoryUsage of job (MB)
	330408  -  ResidentSetSize of job (KB)
...
006 (5570.000.000) 08/06 21:10:25 Image size of job updated: 334120
	323  -  MemoryUsage of job (MB)
	330416  -  ResidentSetSize of job (KB)
...
005 (5570.000.000) 08/06 21:55:33 Job terminated.
	(1) Normal termination (return value 0)
		Usr 0 00:01:43, Sys 0 00:01:04  -  Run Remote Usage
		Usr 0 00:00:00, Sys 0 00:00:00  -  Run Local Usage
		Usr 0 00:01:43, Sys 0 00:01:04  -  Total Remote Usage
		Usr 0 00:00:00, Sys 0 00:00:00  -  Total Local Usage
	24444  -  Run Bytes Sent By Job
	581  -  Run Bytes Received By Job
	24444  -  Total Bytes Sent By Job
	581  -  Total Bytes Received By Job
	Partitionable Resources :    Usage  Request Allocated
	   Cpus                 :                 1         1
	   Disk (KB)            :       36  1024000   1796412
	   Memory (MB)          :      323     2000      2000
...
