000 (5615.000.000) 08/06 20:55:07 Job submitted from host: <128.101.221.176:9618?addrs=128.101.221.176-9618&noUDP&sock=11541_65e5_3>
...
001 (5615.000.000) 08/06 20:55:31 Job executing on host: <128.101.221.190:9618?addrs=128.101.221.190-9618&noUDP&sock=11510_d20e_4>
...
006 (5615.000.000) 08/06 20:55:39 Image size of job updated: 255188
	217  -  MemoryUsage of job (MB)
	221496  -  ResidentSetSize of job (KB)
...
006 (5615.000.000) 08/06 21:00:39 Image size of job updated: 366700
	321  -  MemoryUsage of job (MB)
	328364  -  ResidentSetSize of job (KB)
...
006 (5615.000.000) 08/06 21:05:40 Image size of job updated: 366748
	321  -  MemoryUsage of job (MB)
	328412  -  ResidentSetSize of job (KB)
...
006 (5615.000.000) 08/06 21:10:40 Image size of job updated: 366752
	321  -  MemoryUsage of job (MB)
	328416  -  ResidentSetSize of job (KB)
...
006 (5615.000.000) 08/06 21:30:43 Image size of job updated: 366752
	321  -  MemoryUsage of job (MB)
	328524  -  ResidentSetSize of job (KB)
...
006 (5615.000.000) 08/06 21:35:44 Image size of job updated: 366752
	328  -  MemoryUsage of job (MB)
	334996  -  ResidentSetSize of job (KB)
...
006 (5615.000.000) 08/06 21:40:44 Image size of job updated: 366752
	328  -  MemoryUsage of job (MB)
	335000  -  ResidentSetSize of job (KB)
...
005 (5615.000.000) 08/06 21:54:15 Job terminated.
	(1) Normal termination (return value 0)
		Usr 0 00:01:41, Sys 0 00:00:58  -  Run Remote Usage
		Usr 0 00:00:00, Sys 0 00:00:00  -  Run Local Usage
		Usr 0 00:01:41, Sys 0 00:00:58  -  Total Remote Usage
		Usr 0 00:00:00, Sys 0 00:00:00  -  Total Local Usage
	24684  -  Run Bytes Sent By Job
	581  -  Run Bytes Received By Job
	24684  -  Total Bytes Sent By Job
	581  -  Total Bytes Received By Job
	Partitionable Resources :    Usage  Request Allocated
	   Cpus                 :                 1         1
	   Disk (KB)            :       36  1024000   1796472
	   Memory (MB)          :      328     2000      2000
...
