000 (5576.000.000) 08/06 20:54:52 Job submitted from host: <128.101.221.176:9618?addrs=128.101.221.176-9618&noUDP&sock=11541_65e5_3>
...
001 (5576.000.000) 08/06 20:55:15 Job executing on host: <128.101.221.170:9618?addrs=128.101.221.170-9618&noUDP&sock=11113_d35c_4>
...
006 (5576.000.000) 08/06 20:55:24 Image size of job updated: 15508
	6  -  MemoryUsage of job (MB)
	5312  -  ResidentSetSize of job (KB)
...
006 (5576.000.000) 08/06 21:00:25 Image size of job updated: 328760
	320  -  MemoryUsage of job (MB)
	327340  -  ResidentSetSize of job (KB)
...
006 (5576.000.000) 08/06 21:05:26 Image size of job updated: 329392
	321  -  MemoryUsage of job (MB)
	327972  -  ResidentSetSize of job (KB)
...
006 (5576.000.000) 08/06 21:10:26 Image size of job updated: 334752
	326  -  MemoryUsage of job (MB)
	333332  -  ResidentSetSize of job (KB)
...
006 (5576.000.000) 08/06 21:40:30 Image size of job updated: 335324
	328  -  MemoryUsage of job (MB)
	334924  -  ResidentSetSize of job (KB)
...
005 (5576.000.000) 08/06 21:52:45 Job terminated.
	(1) Normal termination (return value 0)
		Usr 0 00:01:19, Sys 0 00:00:47  -  Run Remote Usage
		Usr 0 00:00:00, Sys 0 00:00:00  -  Run Local Usage
		Usr 0 00:01:19, Sys 0 00:00:47  -  Total Remote Usage
		Usr 0 00:00:00, Sys 0 00:00:00  -  Total Local Usage
	23267  -  Run Bytes Sent By Job
	581  -  Run Bytes Received By Job
	23267  -  Total Bytes Sent By Job
	581  -  Total Bytes Received By Job
	Partitionable Resources :    Usage  Request Allocated
	   Cpus                 :                 1         1
	   Disk (KB)            :       34  1024000   1909174
	   Memory (MB)          :      328     2000      2000
...
