000 (5608.000.000) 08/06 20:55:04 Job submitted from host: <128.101.221.176:9618?addrs=128.101.221.176-9618&noUDP&sock=11541_65e5_3>
...
001 (5608.000.000) 08/06 20:55:33 Job executing on host: <128.101.221.180:9618?addrs=128.101.221.180-9618&noUDP&sock=11614_be99_4>
...
006 (5608.000.000) 08/06 20:55:42 Image size of job updated: 311392
	268  -  MemoryUsage of job (MB)
	273900  -  ResidentSetSize of job (KB)
...
006 (5608.000.000) 08/06 21:00:43 Image size of job updated: 329020
	320  -  MemoryUsage of job (MB)
	327276  -  ResidentSetSize of job (KB)
...
006 (5608.000.000) 08/06 21:05:44 Image size of job updated: 329080
	320  -  MemoryUsage of job (MB)
	327308  -  ResidentSetSize of job (KB)
...
006 (5608.000.000) 08/06 21:10:44 Image size of job updated: 329100
	320  -  MemoryUsage of job (MB)
	327328  -  ResidentSetSize of job (KB)
...
006 (5608.000.000) 08/06 21:15:45 Image size of job updated: 329104
	320  -  MemoryUsage of job (MB)
	327332  -  ResidentSetSize of job (KB)
...
006 (5608.000.000) 08/06 21:20:45 Image size of job updated: 329112
	320  -  MemoryUsage of job (MB)
	327340  -  ResidentSetSize of job (KB)
...
006 (5608.000.000) 08/06 21:30:46 Image size of job updated: 329112
	320  -  MemoryUsage of job (MB)
	327436  -  ResidentSetSize of job (KB)
...
006 (5608.000.000) 08/06 21:40:47 Image size of job updated: 329112
	320  -  MemoryUsage of job (MB)
	327676  -  ResidentSetSize of job (KB)
...
006 (5608.000.000) 08/06 21:45:48 Image size of job updated: 329112
	321  -  MemoryUsage of job (MB)
	327692  -  ResidentSetSize of job (KB)
...
006 (5608.000.000) 08/06 21:50:48 Image size of job updated: 329112
	321  -  MemoryUsage of job (MB)
	327696  -  ResidentSetSize of job (KB)
...
006 (5608.000.000) 08/06 21:55:49 Image size of job updated: 329112
	321  -  MemoryUsage of job (MB)
	327712  -  ResidentSetSize of job (KB)
...
005 (5608.000.000) 08/06 21:56:36 Job terminated.
	(1) Normal termination (return value 0)
		Usr 0 00:01:31, Sys 0 00:01:02  -  Run Remote Usage
		Usr 0 00:00:00, Sys 0 00:00:00  -  Run Local Usage
		Usr 0 00:01:31, Sys 0 00:01:02  -  Total Remote Usage
		Usr 0 00:00:00, Sys 0 00:00:00  -  Total Local Usage
	24211  -  Run Bytes Sent By Job
	581  -  Run Bytes Received By Job
	24211  -  Total Bytes Sent By Job
	581  -  Total Bytes Received By Job
	Partitionable Resources :    Usage  Request Allocated
	   Cpus                 :                 1         1
	   Disk (KB)            :       35  1024000   1868000
	   Memory (MB)          :      321     2000      2000
...
