000 (5571.000.000) 08/06 20:54:51 Job submitted from host: <128.101.221.176:9618?addrs=128.101.221.176-9618&noUDP&sock=11541_65e5_3>
...
001 (5571.000.000) 08/06 20:55:13 Job executing on host: <128.101.221.172:9618?addrs=128.101.221.172-9618&noUDP&sock=6995_385c_4>
...
006 (5571.000.000) 08/06 20:55:22 Image size of job updated: 99504
	52  -  MemoryUsage of job (MB)
	52920  -  ResidentSetSize of job (KB)
...
006 (5571.000.000) 08/06 21:00:23 Image size of job updated: 328116
	321  -  MemoryUsage of job (MB)
	327848  -  ResidentSetSize of job (KB)
...
006 (5571.000.000) 08/06 21:15:26 Image size of job updated: 334728
	327  -  MemoryUsage of job (MB)
	334460  -  ResidentSetSize of job (KB)
...
006 (5571.000.000) 08/06 21:54:47 Image size of job updated: 710876
	327  -  MemoryUsage of job (MB)
	334460  -  ResidentSetSize of job (KB)
...
005 (5571.000.000) 08/06 21:54:49 Job terminated.
	(1) Normal termination (return value 0)
		Usr 0 00:01:35, Sys 0 00:00:58  -  Run Remote Usage
		Usr 0 00:00:00, Sys 0 00:00:00  -  Run Local Usage
		Usr 0 00:01:35, Sys 0 00:00:58  -  Total Remote Usage
		Usr 0 00:00:00, Sys 0 00:00:00  -  Total Local Usage
	24210  -  Run Bytes Sent By Job
	581  -  Run Bytes Received By Job
	24210  -  Total Bytes Sent By Job
	581  -  Total Bytes Received By Job
	Partitionable Resources :    Usage  Request Allocated
	   Cpus                 :                 1         1
	   Disk (KB)            :       35  1024000   8557874
	   Memory (MB)          :      327     2000      2000
...
