000 (5601.000.000) 08/06 20:55:02 Job submitted from host: <128.101.221.176:9618?addrs=128.101.221.176-9618&noUDP&sock=11541_65e5_3>
...
001 (5601.000.000) 08/06 20:55:25 Job executing on host: <128.101.220.117:9618?addrs=128.101.220.117-9618&noUDP&sock=11998_6eb4_4>
...
006 (5601.000.000) 08/06 20:55:34 Image size of job updated: 80352
	34  -  MemoryUsage of job (MB)
	34800  -  ResidentSetSize of job (KB)
...
006 (5601.000.000) 08/06 21:00:35 Image size of job updated: 374132
	322  -  MemoryUsage of job (MB)
	329184  -  ResidentSetSize of job (KB)
...
006 (5601.000.000) 08/06 21:05:35 Image size of job updated: 374156
	322  -  MemoryUsage of job (MB)
	329208  -  ResidentSetSize of job (KB)
...
006 (5601.000.000) 08/06 21:10:36 Image size of job updated: 374212
	322  -  MemoryUsage of job (MB)
	329264  -  ResidentSetSize of job (KB)
...
006 (5601.000.000) 08/06 21:20:37 Image size of job updated: 374212
	327  -  MemoryUsage of job (MB)
	334664  -  ResidentSetSize of job (KB)
...
005 (5601.000.000) 08/06 21:48:57 Job terminated.
	(1) Normal termination (return value 0)
		Usr 0 00:01:34, Sys 0 00:00:59  -  Run Remote Usage
		Usr 0 00:00:00, Sys 0 00:00:00  -  Run Local Usage
		Usr 0 00:01:34, Sys 0 00:00:59  -  Total Remote Usage
		Usr 0 00:00:00, Sys 0 00:00:00  -  Total Local Usage
	24915  -  Run Bytes Sent By Job
	581  -  Run Bytes Received By Job
	24915  -  Total Bytes Sent By Job
	581  -  Total Bytes Received By Job
	Partitionable Resources :    Usage  Request Allocated
	   Cpus                 :                 1         1
	   Disk (KB)            :       36  1024000   4025384
	   Memory (MB)          :      327     2000      2000
...
