000 (5596.000.000) 08/06 20:55:00 Job submitted from host: <128.101.221.176:9618?addrs=128.101.221.176-9618&noUDP&sock=11541_65e5_3>
...
001 (5596.000.000) 08/06 20:55:23 Job executing on host: <128.101.220.100:9618?addrs=128.101.220.100-9618&noUDP&sock=7270_22d3_4>
...
006 (5596.000.000) 08/06 20:55:32 Image size of job updated: 86388
	40  -  MemoryUsage of job (MB)
	40500  -  ResidentSetSize of job (KB)
...
006 (5596.000.000) 08/06 21:00:33 Image size of job updated: 330664
	322  -  MemoryUsage of job (MB)
	329252  -  ResidentSetSize of job (KB)
...
006 (5596.000.000) 08/06 21:05:34 Image size of job updated: 330672
	322  -  MemoryUsage of job (MB)
	329252  -  ResidentSetSize of job (KB)
...
006 (5596.000.000) 08/06 21:30:38 Image size of job updated: 335204
	327  -  MemoryUsage of job (MB)
	334768  -  ResidentSetSize of job (KB)
...
005 (5596.000.000) 08/06 21:45:47 Job terminated.
	(1) Normal termination (return value 0)
		Usr 0 00:01:18, Sys 0 00:00:44  -  Run Remote Usage
		Usr 0 00:00:00, Sys 0 00:00:00  -  Run Local Usage
		Usr 0 00:01:18, Sys 0 00:00:44  -  Total Remote Usage
		Usr 0 00:00:00, Sys 0 00:00:00  -  Total Local Usage
	23980  -  Run Bytes Sent By Job
	581  -  Run Bytes Received By Job
	23980  -  Total Bytes Sent By Job
	581  -  Total Bytes Received By Job
	Partitionable Resources :    Usage  Request Allocated
	   Cpus                 :                 1         1
	   Disk (KB)            :       35  1024000   4027957
	   Memory (MB)          :      327     2000      2000
...
