000 (5603.000.000) 08/06 20:55:03 Job submitted from host: <128.101.221.176:9618?addrs=128.101.221.176-9618&noUDP&sock=11541_65e5_3>
...
001 (5603.000.000) 08/06 20:55:25 Job executing on host: <128.101.220.125:9618?addrs=128.101.220.125-9618&noUDP&sock=12159_17d0_4>
...
006 (5603.000.000) 08/06 20:55:34 Image size of job updated: 36456
	22  -  MemoryUsage of job (MB)
	22420  -  ResidentSetSize of job (KB)
...
006 (5603.000.000) 08/06 21:00:35 Image size of job updated: 363320
	321  -  MemoryUsage of job (MB)
	328008  -  ResidentSetSize of job (KB)
...
006 (5603.000.000) 08/06 21:15:36 Image size of job updated: 363320
	321  -  MemoryUsage of job (MB)
	328052  -  ResidentSetSize of job (KB)
...
006 (5603.000.000) 08/06 21:20:36 Image size of job updated: 363320
	326  -  MemoryUsage of job (MB)
	333752  -  ResidentSetSize of job (KB)
...
005 (5603.000.000) 08/06 21:45:07 Job terminated.
	(1) Normal termination (return value 0)
		Usr 0 00:01:22, Sys 0 00:00:49  -  Run Remote Usage
		Usr 0 00:00:00, Sys 0 00:00:00  -  Run Local Usage
		Usr 0 00:01:22, Sys 0 00:00:49  -  Total Remote Usage
		Usr 0 00:00:00, Sys 0 00:00:00  -  Total Local Usage
	24441  -  Run Bytes Sent By Job
	581  -  Run Bytes Received By Job
	24441  -  Total Bytes Sent By Job
	581  -  Total Bytes Received By Job
	Partitionable Resources :    Usage  Request Allocated
	   Cpus                 :                 1         1
	   Disk (KB)            :       36  1024000   4029706
	   Memory (MB)          :      326     2000      2000
...
