000 (5590.000.000) 08/06 20:54:58 Job submitted from host: <128.101.221.176:9618?addrs=128.101.221.176-9618&noUDP&sock=11541_65e5_3>
...
001 (5590.000.000) 08/06 20:55:21 Job executing on host: <128.101.220.74:9618?addrs=128.101.220.74-9618&noUDP&sock=11997_2d15_4>
...
006 (5590.000.000) 08/06 20:55:29 Image size of job updated: 71636
	31  -  MemoryUsage of job (MB)
	31228  -  ResidentSetSize of job (KB)
...
006 (5590.000.000) 08/06 21:00:29 Image size of job updated: 364840
	322  -  MemoryUsage of job (MB)
	328932  -  ResidentSetSize of job (KB)
...
006 (5590.000.000) 08/06 21:05:30 Image size of job updated: 364916
	322  -  MemoryUsage of job (MB)
	328980  -  ResidentSetSize of job (KB)
...
006 (5590.000.000) 08/06 21:15:31 Image size of job updated: 364916
	322  -  MemoryUsage of job (MB)
	329044  -  ResidentSetSize of job (KB)
...
006 (5590.000.000) 08/06 21:20:32 Image size of job updated: 364916
	323  -  MemoryUsage of job (MB)
	329852  -  ResidentSetSize of job (KB)
...
006 (5590.000.000) 08/06 21:25:32 Image size of job updated: 364916
	323  -  MemoryUsage of job (MB)
	329936  -  ResidentSetSize of job (KB)
...
006 (5590.000.000) 08/06 21:30:33 Image size of job updated: 364916
	329  -  MemoryUsage of job (MB)
	336552  -  ResidentSetSize of job (KB)
...
005 (5590.000.000) 08/06 21:45:39 Job terminated.
	(1) Normal termination (return value 0)
		Usr 0 00:01:24, Sys 0 00:00:50  -  Run Remote Usage
		Usr 0 00:00:00, Sys 0 00:00:00  -  Run Local Usage
		Usr 0 00:01:24, Sys 0 00:00:50  -  Total Remote Usage
		Usr 0 00:00:00, Sys 0 00:00:00  -  Total Local Usage
	24447  -  Run Bytes Sent By Job
	581  -  Run Bytes Received By Job
	24447  -  Total Bytes Sent By Job
	581  -  Total Bytes Received By Job
	Partitionable Resources :    Usage  Request Allocated
	   Cpus                 :                 1         1
	   Disk (KB)            :       36  1024000   4023145
	   Memory (MB)          :      329     2000      2000
...
