000 (5605.000.000) 08/06 20:55:03 Job submitted from host: <128.101.221.176:9618?addrs=128.101.221.176-9618&noUDP&sock=11541_65e5_3>
...
001 (5605.000.000) 08/06 20:55:27 Job executing on host: <128.101.220.155:9618?addrs=128.101.220.155-9618&noUDP&sock=7228_b309_4>
...
006 (5605.000.000) 08/06 20:55:36 Image size of job updated: 73964
	41  -  MemoryUsage of job (MB)
	41676  -  ResidentSetSize of job (KB)
...
006 (5605.000.000) 08/06 21:00:37 Image size of job updated: 421748
	323  -  MemoryUsage of job (MB)
	330480  -  ResidentSetSize of job (KB)
...
006 (5605.000.000) 08/06 21:05:37 Image size of job updated: 421748
	323  -  MemoryUsage of job (MB)
	330504  -  ResidentSetSize of job (KB)
...
006 (5605.000.000) 08/06 21:10:37 Image size of job updated: 421748
	324  -  MemoryUsage of job (MB)
	330956  -  ResidentSetSize of job (KB)
...
006 (5605.000.000) 08/06 21:15:37 Image size of job updated: 421748
	326  -  MemoryUsage of job (MB)
	333132  -  ResidentSetSize of job (KB)
...
006 (5605.000.000) 08/06 21:20:38 Image size of job updated: 421748
	326  -  MemoryUsage of job (MB)
	333320  -  ResidentSetSize of job (KB)
...
006 (5605.000.000) 08/06 21:25:01 Image size of job updated: 710344
	326  -  MemoryUsage of job (MB)
	333320  -  ResidentSetSize of job (KB)
...
005 (5605.000.000) 08/06 21:25:03 Job terminated.
	(1) Normal termination (return value 0)
		Usr 0 00:01:29, Sys 0 00:00:53  -  Run Remote Usage
		Usr 0 00:00:00, Sys 0 00:00:00  -  Run Local Usage
		Usr 0 00:01:29, Sys 0 00:00:53  -  Total Remote Usage
		Usr 0 00:00:00, Sys 0 00:00:00  -  Total Local Usage
	24444  -  Run Bytes Sent By Job
	581  -  Run Bytes Received By Job
	24444  -  Total Bytes Sent By Job
	581  -  Total Bytes Received By Job
	Partitionable Resources :    Usage  Request Allocated
	   Cpus                 :                 1         1
	   Disk (KB)            :       36  1024000   4031875
	   Memory (MB)          :      326     2000      2000
...
