000 (5548.000.000) 08/06 17:27:15 Job submitted from host: <128.101.221.176:9618?addrs=128.101.221.176-9618&noUDP&sock=11541_65e5_3>
...
001 (5548.000.000) 08/06 17:27:21 Job executing on host: <128.101.221.171:9618?addrs=128.101.221.171-9618&noUDP&sock=11629_6b57_4>
...
006 (5548.000.000) 08/06 17:27:29 Image size of job updated: 9456
	10  -  MemoryUsage of job (MB)
	9456  -  ResidentSetSize of job (KB)
...
006 (5548.000.000) 08/06 17:32:29 Image size of job updated: 316732
	309  -  MemoryUsage of job (MB)
	316048  -  ResidentSetSize of job (KB)
...
006 (5548.000.000) 08/06 17:37:30 Image size of job updated: 328796
	321  -  MemoryUsage of job (MB)
	328112  -  ResidentSetSize of job (KB)
...
006 (5548.000.000) 08/06 17:42:31 Image size of job updated: 328860
	321  -  MemoryUsage of job (MB)
	328172  -  ResidentSetSize of job (KB)
...
006 (5548.000.000) 08/06 17:47:31 Image size of job updated: 328880
	321  -  MemoryUsage of job (MB)
	328192  -  ResidentSetSize of job (KB)
...
006 (5548.000.000) 08/06 17:52:31 Image size of job updated: 328884
	321  -  MemoryUsage of job (MB)
	328196  -  ResidentSetSize of job (KB)
...
006 (5548.000.000) 08/06 17:57:33 Image size of job updated: 328888
	321  -  MemoryUsage of job (MB)
	328200  -  ResidentSetSize of job (KB)
...
006 (5548.000.000) 08/06 18:07:33 Image size of job updated: 329796
	322  -  MemoryUsage of job (MB)
	329108  -  ResidentSetSize of job (KB)
...
005 (5548.000.000) 08/06 18:11:18 Job terminated.
	(1) Normal termination (return value 0)
		Usr 0 00:01:36, Sys 0 00:01:28  -  Run Remote Usage
		Usr 0 00:00:00, Sys 0 00:00:00  -  Run Local Usage
		Usr 0 00:01:36, Sys 0 00:01:28  -  Total Remote Usage
		Usr 0 00:00:00, Sys 0 00:00:00  -  Total Local Usage
	23348  -  Run Bytes Sent By Job
	557  -  Run Bytes Received By Job
	23348  -  Total Bytes Sent By Job
	557  -  Total Bytes Received By Job
	Partitionable Resources :    Usage  Request Allocated
	   Cpus                 :                 1         1
	   Disk (KB)            :       34  1024000   1816740
	   Memory (MB)          :      322     2000      2000
...
