000 (5560.000.000) 08/06 17:29:42 Job submitted from host: <128.101.221.176:9618?addrs=128.101.221.176-9618&noUDP&sock=11541_65e5_3>
...
001 (5560.000.000) 08/06 17:29:47 Job executing on host: <128.101.221.172:9618?addrs=128.101.221.172-9618&noUDP&sock=6995_385c_4>
...
006 (5560.000.000) 08/06 17:29:56 Image size of job updated: 10252
	11  -  MemoryUsage of job (MB)
	10252  -  ResidentSetSize of job (KB)
...
006 (5560.000.000) 08/06 17:34:57 Image size of job updated: 335700
	320  -  MemoryUsage of job (MB)
	327680  -  ResidentSetSize of job (KB)
...
006 (5560.000.000) 08/06 17:39:57 Image size of job updated: 335740
	321  -  MemoryUsage of job (MB)
	327720  -  ResidentSetSize of job (KB)
...
006 (5560.000.000) 08/06 17:49:58 Image size of job updated: 336140
	321  -  MemoryUsage of job (MB)
	328372  -  ResidentSetSize of job (KB)
...
006 (5560.000.000) 08/06 17:54:59 Image size of job updated: 336140
	322  -  MemoryUsage of job (MB)
	329640  -  ResidentSetSize of job (KB)
...
006 (5560.000.000) 08/06 17:59:59 Image size of job updated: 336140
	323  -  MemoryUsage of job (MB)
	329740  -  ResidentSetSize of job (KB)
...
006 (5560.000.000) 08/06 18:04:52 Image size of job updated: 710592
	323  -  MemoryUsage of job (MB)
	329740  -  ResidentSetSize of job (KB)
...
005 (5560.000.000) 08/06 18:04:54 Job terminated.
	(1) Normal termination (return value 0)
		Usr 0 00:01:46, Sys 0 00:01:17  -  Run Remote Usage
		Usr 0 00:00:00, Sys 0 00:00:00  -  Run Local Usage
		Usr 0 00:01:46, Sys 0 00:01:17  -  Total Remote Usage
		Usr 0 00:00:00, Sys 0 00:00:00  -  Total Local Usage
	23822  -  Run Bytes Sent By Job
	557  -  Run Bytes Received By Job
	23822  -  Total Bytes Sent By Job
	557  -  Total Bytes Received By Job
	Partitionable Resources :    Usage  Request Allocated
	   Cpus                 :                 1         1
	   Disk (KB)            :       35  1024000   8557875
	   Memory (MB)          :      323     2000      2000
...
