000 (5553.000.000) 08/06 17:28:14 Job submitted from host: <128.101.221.176:9618?addrs=128.101.221.176-9618&noUDP&sock=11541_65e5_3>
...
001 (5553.000.000) 08/06 17:28:22 Job executing on host: <128.101.221.178:9618?addrs=128.101.221.178-9618&noUDP&sock=7243_a440_4>
...
006 (5553.000.000) 08/06 17:28:31 Image size of job updated: 10236
	10  -  MemoryUsage of job (MB)
	10236  -  ResidentSetSize of job (KB)
...
006 (5553.000.000) 08/06 17:33:31 Image size of job updated: 318024
	310  -  MemoryUsage of job (MB)
	316752  -  ResidentSetSize of job (KB)
...
006 (5553.000.000) 08/06 17:38:31 Image size of job updated: 330092
	322  -  MemoryUsage of job (MB)
	328932  -  ResidentSetSize of job (KB)
...
006 (5553.000.000) 08/06 18:08:35 Image size of job updated: 330604
	322  -  MemoryUsage of job (MB)
	328932  -  ResidentSetSize of job (KB)
...
005 (5553.000.000) 08/06 18:10:21 Job terminated.
	(1) Normal termination (return value 0)
		Usr 0 00:01:56, Sys 0 00:01:32  -  Run Remote Usage
		Usr 0 00:00:00, Sys 0 00:00:00  -  Run Local Usage
		Usr 0 00:01:56, Sys 0 00:01:32  -  Total Remote Usage
		Usr 0 00:00:00, Sys 0 00:00:00  -  Total Local Usage
	24058  -  Run Bytes Sent By Job
	557  -  Run Bytes Received By Job
	24058  -  Total Bytes Sent By Job
	557  -  Total Bytes Received By Job
	Partitionable Resources :    Usage  Request Allocated
	   Cpus                 :                 1         1
	   Disk (KB)            :       35  1024000   1796400
	   Memory (MB)          :      322     2000      2000
...
