000 (10215.000.000) 03/30 10:23:17 Job submitted from host: <128.101.221.180:9618?addrs=128.101.221.180-9618&noUDP&sock=3943_2604_3>
...
001 (10215.000.000) 03/30 10:23:36 Job executing on host: <128.101.221.182:9618?addrs=128.101.221.182-9618&noUDP&sock=3902_06a2_4>
...
006 (10215.000.000) 03/30 10:23:44 Image size of job updated: 200664
	175  -  MemoryUsage of job (MB)
	178864  -  ResidentSetSize of job (KB)
...
006 (10215.000.000) 03/30 10:28:44 Image size of job updated: 333032
	324  -  MemoryUsage of job (MB)
	331736  -  ResidentSetSize of job (KB)
...
006 (10215.000.000) 03/30 10:30:41 Image size of job updated: 731172
	324  -  MemoryUsage of job (MB)
	331736  -  ResidentSetSize of job (KB)
...
005 (10215.000.000) 03/30 10:30:42 Job terminated.
	(1) Normal termination (return value 0)
		Usr 0 00:04:05, Sys 0 00:02:28  -  Run Remote Usage
		Usr 0 00:00:00, Sys 0 00:00:00  -  Run Local Usage
		Usr 0 00:04:05, Sys 0 00:02:28  -  Total Remote Usage
		Usr 0 00:00:00, Sys 0 00:00:00  -  Total Local Usage
	69967  -  Run Bytes Sent By Job
	543  -  Run Bytes Received By Job
	69967  -  Total Bytes Sent By Job
	543  -  Total Bytes Received By Job
	Partitionable Resources :    Usage  Request Allocated
	   Cpus                 :                 1         1
	   Disk (KB)            :       81  1024000   2046312
	   Memory (MB)          :      324     2000      2000
...
