000 (10211.000.000) 03/30 10:23:15 Job submitted from host: <128.101.221.180:9618?addrs=128.101.221.180-9618&noUDP&sock=3943_2604_3>
...
001 (10211.000.000) 03/30 10:23:33 Job executing on host: <128.101.221.175:9618?addrs=128.101.221.175-9618&noUDP&sock=12916_e152_4>
...
006 (10211.000.000) 03/30 10:23:42 Image size of job updated: 205348
	186  -  MemoryUsage of job (MB)
	189632  -  ResidentSetSize of job (KB)
...
006 (10211.000.000) 03/30 10:28:43 Image size of job updated: 329708
	322  -  MemoryUsage of job (MB)
	329420  -  ResidentSetSize of job (KB)
...
006 (10211.000.000) 03/30 10:33:43 Image size of job updated: 333400
	325  -  MemoryUsage of job (MB)
	332648  -  ResidentSetSize of job (KB)
...
006 (10211.000.000) 03/30 10:34:13 Image size of job updated: 730892
	325  -  MemoryUsage of job (MB)
	332648  -  ResidentSetSize of job (KB)
...
005 (10211.000.000) 03/30 10:34:14 Job terminated.
	(1) Normal termination (return value 0)
		Usr 0 00:06:13, Sys 0 00:03:36  -  Run Remote Usage
		Usr 0 00:00:00, Sys 0 00:00:00  -  Run Local Usage
		Usr 0 00:06:13, Sys 0 00:03:36  -  Total Remote Usage
		Usr 0 00:00:00, Sys 0 00:00:00  -  Total Local Usage
	89739  -  Run Bytes Sent By Job
	543  -  Run Bytes Received By Job
	89739  -  Total Bytes Sent By Job
	543  -  Total Bytes Received By Job
	Partitionable Resources :    Usage  Request Allocated
	   Cpus                 :                 1         1
	   Disk (KB)            :      100  1024000   1932312
	   Memory (MB)          :      325     2000      2000
...
