000 (10191.000.000) 03/30 10:23:04 Job submitted from host: <128.101.221.180:9618?addrs=128.101.221.180-9618&noUDP&sock=3943_2604_3>
...
001 (10191.000.000) 03/30 10:23:28 Job executing on host: <128.101.221.185:9618?addrs=128.101.221.185-9618&noUDP&sock=4153619_bab1_4>
...
006 (10191.000.000) 03/30 10:23:36 Image size of job updated: 139908
	87  -  MemoryUsage of job (MB)
	88680  -  ResidentSetSize of job (KB)
...
006 (10191.000.000) 03/30 10:26:29 Image size of job updated: 731068
	87  -  MemoryUsage of job (MB)
	88680  -  ResidentSetSize of job (KB)
...
005 (10191.000.000) 03/30 10:26:30 Job terminated.
	(1) Normal termination (return value 0)
		Usr 0 00:02:00, Sys 0 00:00:36  -  Run Remote Usage
		Usr 0 00:00:00, Sys 0 00:00:00  -  Run Local Usage
		Usr 0 00:02:00, Sys 0 00:00:36  -  Total Remote Usage
		Usr 0 00:00:00, Sys 0 00:00:00  -  Total Local Usage
	56730  -  Run Bytes Sent By Job
	543  -  Run Bytes Received By Job
	56730  -  Total Bytes Sent By Job
	543  -  Total Bytes Received By Job
	Partitionable Resources :    Usage  Request Allocated
	   Cpus                 :                 1         1
	   Disk (KB)            :       68  1024000   1026691
	   Memory (MB)          :       87     2000      2000
...
