000 (10216.000.000) 03/30 10:23:17 Job submitted from host: <128.101.221.180:9618?addrs=128.101.221.180-9618&noUDP&sock=3943_2604_3>
...
001 (10216.000.000) 03/30 10:26:31 Job executing on host: <128.101.221.185:9618?addrs=128.101.221.185-9618&noUDP&sock=4153619_bab1_4>
...
006 (10216.000.000) 03/30 10:26:40 Image size of job updated: 229752
	157  -  MemoryUsage of job (MB)
	160048  -  ResidentSetSize of job (KB)
...
006 (10216.000.000) 03/30 10:31:41 Image size of job updated: 429284
	326  -  MemoryUsage of job (MB)
	332824  -  ResidentSetSize of job (KB)
...
006 (10216.000.000) 03/30 10:33:59 Image size of job updated: 730512
	326  -  MemoryUsage of job (MB)
	332824  -  ResidentSetSize of job (KB)
...
005 (10216.000.000) 03/30 10:34:00 Job terminated.
	(1) Normal termination (return value 0)
		Usr 0 00:04:57, Sys 0 00:01:38  -  Run Remote Usage
		Usr 0 00:00:00, Sys 0 00:00:00  -  Run Local Usage
		Usr 0 00:04:57, Sys 0 00:01:38  -  Total Remote Usage
		Usr 0 00:00:00, Sys 0 00:00:00  -  Total Local Usage
	77725  -  Run Bytes Sent By Job
	543  -  Run Bytes Received By Job
	77725  -  Total Bytes Sent By Job
	543  -  Total Bytes Received By Job
	Partitionable Resources :    Usage  Request Allocated
	   Cpus                 :                 1         1
	   Disk (KB)            :       89  1024000   1026691
	   Memory (MB)          :      326     2000      2000
...
