000 (10196.000.000) 03/30 10:23:07 Job submitted from host: <128.101.221.180:9618?addrs=128.101.221.180-9618&noUDP&sock=3943_2604_3>
...
001 (10196.000.000) 03/30 10:23:28 Job executing on host: <128.101.221.175:9618?addrs=128.101.221.175-9618&noUDP&sock=12916_e152_4>
...
006 (10196.000.000) 03/30 10:23:36 Image size of job updated: 187168
	180  -  MemoryUsage of job (MB)
	184292  -  ResidentSetSize of job (KB)
...
006 (10196.000.000) 03/30 10:28:36 Image size of job updated: 329620
	322  -  MemoryUsage of job (MB)
	329516  -  ResidentSetSize of job (KB)
...
006 (10196.000.000) 03/30 10:33:26 Image size of job updated: 730272
	322  -  MemoryUsage of job (MB)
	329516  -  ResidentSetSize of job (KB)
...
005 (10196.000.000) 03/30 10:33:28 Job terminated.
	(1) Normal termination (return value 0)
		Usr 0 00:05:46, Sys 0 00:03:22  -  Run Remote Usage
		Usr 0 00:00:00, Sys 0 00:00:00  -  Run Local Usage
		Usr 0 00:05:46, Sys 0 00:03:22  -  Total Remote Usage
		Usr 0 00:00:00, Sys 0 00:00:00  -  Total Local Usage
	101042  -  Run Bytes Sent By Job
	543  -  Run Bytes Received By Job
	101042  -  Total Bytes Sent By Job
	543  -  Total Bytes Received By Job
	Partitionable Resources :    Usage  Request Allocated
	   Cpus                 :                 1         1
	   Disk (KB)            :      111  1024000   1932312
	   Memory (MB)          :      322     2000      2000
...
