000 (10198.000.000) 03/30 10:23:08 Job submitted from host: <128.101.221.180:9618?addrs=128.101.221.180-9618&noUDP&sock=3943_2604_3>
...
001 (10198.000.000) 03/30 10:23:28 Job executing on host: <128.101.221.175:9618?addrs=128.101.221.175-9618&noUDP&sock=12916_e152_4>
...
006 (10198.000.000) 03/30 10:23:36 Image size of job updated: 192308
	182  -  MemoryUsage of job (MB)
	185616  -  ResidentSetSize of job (KB)
...
006 (10198.000.000) 03/30 10:28:36 Image size of job updated: 332724
	325  -  MemoryUsage of job (MB)
	332544  -  ResidentSetSize of job (KB)
...
006 (10198.000.000) 03/30 10:31:00 Image size of job updated: 731212
	325  -  MemoryUsage of job (MB)
	332544  -  ResidentSetSize of job (KB)
...
005 (10198.000.000) 03/30 10:31:01 Job terminated.
	(1) Normal termination (return value 0)
		Usr 0 00:04:22, Sys 0 00:02:35  -  Run Remote Usage
		Usr 0 00:00:00, Sys 0 00:00:00  -  Run Local Usage
		Usr 0 00:04:22, Sys 0 00:02:35  -  Total Remote Usage
		Usr 0 00:00:00, Sys 0 00:00:00  -  Total Local Usage
	76766  -  Run Bytes Sent By Job
	543  -  Run Bytes Received By Job
	76766  -  Total Bytes Sent By Job
	543  -  Total Bytes Received By Job
	Partitionable Resources :    Usage  Request Allocated
	   Cpus                 :                 1         1
	   Disk (KB)            :       88  1024000   1932312
	   Memory (MB)          :      325     2000      2000
...
