000 (10214.000.000) 03/30 10:23:16 Job submitted from host: <128.101.221.180:9618?addrs=128.101.221.180-9618&noUDP&sock=3943_2604_3>
...
001 (10214.000.000) 03/30 10:23:36 Job executing on host: <128.101.221.182:9618?addrs=128.101.221.182-9618&noUDP&sock=3902_06a2_4>
...
006 (10214.000.000) 03/30 10:23:44 Image size of job updated: 190828
	178  -  MemoryUsage of job (MB)
	181908  -  ResidentSetSize of job (KB)
...
006 (10214.000.000) 03/30 10:28:44 Image size of job updated: 332732
	325  -  MemoryUsage of job (MB)
	332476  -  ResidentSetSize of job (KB)
...
006 (10214.000.000) 03/30 10:32:23 Image size of job updated: 730464
	325  -  MemoryUsage of job (MB)
	332476  -  ResidentSetSize of job (KB)
...
005 (10214.000.000) 03/30 10:32:24 Job terminated.
	(1) Normal termination (return value 0)
		Usr 0 00:05:02, Sys 0 00:03:04  -  Run Remote Usage
		Usr 0 00:00:00, Sys 0 00:00:00  -  Run Local Usage
		Usr 0 00:05:02, Sys 0 00:03:04  -  Total Remote Usage
		Usr 0 00:00:00, Sys 0 00:00:00  -  Total Local Usage
	80728  -  Run Bytes Sent By Job
	543  -  Run Bytes Received By Job
	80728  -  Total Bytes Sent By Job
	543  -  Total Bytes Received By Job
	Partitionable Resources :    Usage  Request Allocated
	   Cpus                 :                 1         1
	   Disk (KB)            :       91  1024000   2046312
	   Memory (MB)          :      325     2000      2000
...
