000 (10207.000.000) 03/30 10:23:13 Job submitted from host: <128.101.221.180:9618?addrs=128.101.221.180-9618&noUDP&sock=3943_2604_3>
...
001 (10207.000.000) 03/30 10:23:32 Job executing on host: <128.101.221.175:9618?addrs=128.101.221.175-9618&noUDP&sock=12916_e152_4>
...
006 (10207.000.000) 03/30 10:23:40 Image size of job updated: 171528
	166  -  MemoryUsage of job (MB)
	169884  -  ResidentSetSize of job (KB)
...
006 (10207.000.000) 03/30 10:28:40 Image size of job updated: 329880
	322  -  MemoryUsage of job (MB)
	329656  -  ResidentSetSize of job (KB)
...
006 (10207.000.000) 03/30 10:33:41 Image size of job updated: 333060
	325  -  MemoryUsage of job (MB)
	332600  -  ResidentSetSize of job (KB)
...
006 (10207.000.000) 03/30 10:34:10 Image size of job updated: 730492
	325  -  MemoryUsage of job (MB)
	332600  -  ResidentSetSize of job (KB)
...
005 (10207.000.000) 03/30 10:34:11 Job terminated.
	(1) Normal termination (return value 0)
		Usr 0 00:06:15, Sys 0 00:03:35  -  Run Remote Usage
		Usr 0 00:00:00, Sys 0 00:00:00  -  Run Local Usage
		Usr 0 00:06:15, Sys 0 00:03:35  -  Total Remote Usage
		Usr 0 00:00:00, Sys 0 00:00:00  -  Total Local Usage
	85553  -  Run Bytes Sent By Job
	543  -  Run Bytes Received By Job
	85553  -  Total Bytes Sent By Job
	543  -  Total Bytes Received By Job
	Partitionable Resources :    Usage  Request Allocated
	   Cpus                 :                 1         1
	   Disk (KB)            :       96  1024000   1932312
	   Memory (MB)          :      325     2000      2000
...
