000 (10206.000.000) 03/30 10:23:12 Job submitted from host: <128.101.221.180:9618?addrs=128.101.221.180-9618&noUDP&sock=3943_2604_3>
...
001 (10206.000.000) 03/30 10:23:32 Job executing on host: <128.101.221.182:9618?addrs=128.101.221.182-9618&noUDP&sock=3902_06a2_4>
...
006 (10206.000.000) 03/30 10:23:40 Image size of job updated: 175684
	171  -  MemoryUsage of job (MB)
	174800  -  ResidentSetSize of job (KB)
...
006 (10206.000.000) 03/30 10:28:40 Image size of job updated: 332516
	325  -  MemoryUsage of job (MB)
	332448  -  ResidentSetSize of job (KB)
...
006 (10206.000.000) 03/30 10:30:42 Image size of job updated: 732904
	325  -  MemoryUsage of job (MB)
	332448  -  ResidentSetSize of job (KB)
...
005 (10206.000.000) 03/30 10:30:44 Job terminated.
	(1) Normal termination (return value 0)
		Usr 0 00:04:11, Sys 0 00:02:26  -  Run Remote Usage
		Usr 0 00:00:00, Sys 0 00:00:00  -  Run Local Usage
		Usr 0 00:04:11, Sys 0 00:02:26  -  Total Remote Usage
		Usr 0 00:00:00, Sys 0 00:00:00  -  Total Local Usage
	76561  -  Run Bytes Sent By Job
	543  -  Run Bytes Received By Job
	76561  -  Total Bytes Sent By Job
	543  -  Total Bytes Received By Job
	Partitionable Resources :    Usage  Request Allocated
	   Cpus                 :                 1         1
	   Disk (KB)            :       87  1024000   2046314
	   Memory (MB)          :      325     2000      2000
...
