000 (10212.000.000) 03/30 10:23:15 Job submitted from host: <128.101.221.180:9618?addrs=128.101.221.180-9618&noUDP&sock=3943_2604_3>
...
001 (10212.000.000) 03/30 10:23:33 Job executing on host: <128.101.221.182:9618?addrs=128.101.221.182-9618&noUDP&sock=3902_06a2_4>
...
006 (10212.000.000) 03/30 10:23:42 Image size of job updated: 189580
	185  -  MemoryUsage of job (MB)
	188740  -  ResidentSetSize of job (KB)
...
006 (10212.000.000) 03/30 10:28:43 Image size of job updated: 332204
	325  -  MemoryUsage of job (MB)
	331928  -  ResidentSetSize of job (KB)
...
006 (10212.000.000) 03/30 10:32:16 Image size of job updated: 730404
	325  -  MemoryUsage of job (MB)
	331928  -  ResidentSetSize of job (KB)
...
005 (10212.000.000) 03/30 10:32:17 Job terminated.
	(1) Normal termination (return value 0)
		Usr 0 00:05:08, Sys 0 00:02:56  -  Run Remote Usage
		Usr 0 00:00:00, Sys 0 00:00:00  -  Run Local Usage
		Usr 0 00:05:08, Sys 0 00:02:56  -  Total Remote Usage
		Usr 0 00:00:00, Sys 0 00:00:00  -  Total Local Usage
	84591  -  Run Bytes Sent By Job
	543  -  Run Bytes Received By Job
	84591  -  Total Bytes Sent By Job
	543  -  Total Bytes Received By Job
	Partitionable Resources :    Usage  Request Allocated
	   Cpus                 :                 1         1
	   Disk (KB)            :       95  1024000   2046312
	   Memory (MB)          :      325     2000      2000
...
