000 (10203.000.000) 03/30 10:23:11 Job submitted from host: <128.101.221.180:9618?addrs=128.101.221.180-9618&noUDP&sock=3943_2604_3>
...
001 (10203.000.000) 03/30 10:23:29 Job executing on host: <128.101.221.175:9618?addrs=128.101.221.175-9618&noUDP&sock=12916_e152_4>
...
006 (10203.000.000) 03/30 10:23:38 Image size of job updated: 212468
	199  -  MemoryUsage of job (MB)
	202860  -  ResidentSetSize of job (KB)
...
006 (10203.000.000) 03/30 10:28:39 Image size of job updated: 332864
	325  -  MemoryUsage of job (MB)
	332548  -  ResidentSetSize of job (KB)
...
006 (10203.000.000) 03/30 10:31:56 Image size of job updated: 333100
	325  -  MemoryUsage of job (MB)
	332548  -  ResidentSetSize of job (KB)
...
005 (10203.000.000) 03/30 10:31:57 Job terminated.
	(1) Normal termination (return value 0)
		Usr 0 00:04:56, Sys 0 00:02:51  -  Run Remote Usage
		Usr 0 00:00:00, Sys 0 00:00:00  -  Run Local Usage
		Usr 0 00:04:56, Sys 0 00:02:51  -  Total Remote Usage
		Usr 0 00:00:00, Sys 0 00:00:00  -  Total Local Usage
	74436  -  Run Bytes Sent By Job
	543  -  Run Bytes Received By Job
	74436  -  Total Bytes Sent By Job
	543  -  Total Bytes Received By Job
	Partitionable Resources :    Usage  Request Allocated
	   Cpus                 :                 1         1
	   Disk (KB)            :       85  1024000   1932312
	   Memory (MB)          :      325     2000      2000
...
