000 (10194.000.000) 03/30 10:23:06 Job submitted from host: <128.101.221.180:9618?addrs=128.101.221.180-9618&noUDP&sock=3943_2604_3>
...
001 (10194.000.000) 03/30 10:23:25 Job executing on host: <128.101.221.175:9618?addrs=128.101.221.175-9618&noUDP&sock=12916_e152_4>
...
006 (10194.000.000) 03/30 10:23:33 Image size of job updated: 153172
	134  -  MemoryUsage of job (MB)
	136604  -  ResidentSetSize of job (KB)
...
006 (10194.000.000) 03/30 10:28:33 Image size of job updated: 335992
	327  -  MemoryUsage of job (MB)
	333992  -  ResidentSetSize of job (KB)
...
005 (10194.000.000) 03/30 10:33:25 Job terminated.
	(1) Normal termination (return value 0)
		Usr 0 00:05:48, Sys 0 00:03:24  -  Run Remote Usage
		Usr 0 00:00:00, Sys 0 00:00:00  -  Run Local Usage
		Usr 0 00:05:48, Sys 0 00:03:24  -  Total Remote Usage
		Usr 0 00:00:00, Sys 0 00:00:00  -  Total Local Usage
	98326  -  Run Bytes Sent By Job
	543  -  Run Bytes Received By Job
	98326  -  Total Bytes Sent By Job
	543  -  Total Bytes Received By Job
	Partitionable Resources :    Usage  Request Allocated
	   Cpus                 :                 1         1
	   Disk (KB)            :      109  1024000   1932318
	   Memory (MB)          :      327     2000      2000
...
