000 (10192.000.000) 03/30 10:23:05 Job submitted from host: <128.101.221.180:9618?addrs=128.101.221.180-9618&noUDP&sock=3943_2604_3>
...
001 (10192.000.000) 03/30 10:23:28 Job executing on host: <128.101.221.194:9618?addrs=128.101.221.194-9618&noUDP&sock=3837_70fa_4>
...
006 (10192.000.000) 03/30 10:23:36 Image size of job updated: 192460
	127  -  MemoryUsage of job (MB)
	129820  -  ResidentSetSize of job (KB)
...
006 (10192.000.000) 03/30 10:28:36 Image size of job updated: 429712
	326  -  MemoryUsage of job (MB)
	333272  -  ResidentSetSize of job (KB)
...
006 (10192.000.000) 03/30 10:30:08 Image size of job updated: 429872
	326  -  MemoryUsage of job (MB)
	333272  -  ResidentSetSize of job (KB)
...
005 (10192.000.000) 03/30 10:30:09 Job terminated.
	(1) Normal termination (return value 0)
		Usr 0 00:04:22, Sys 0 00:01:23  -  Run Remote Usage
		Usr 0 00:00:00, Sys 0 00:00:00  -  Run Local Usage
		Usr 0 00:04:22, Sys 0 00:01:23  -  Total Remote Usage
		Usr 0 00:00:00, Sys 0 00:00:00  -  Total Local Usage
	81008  -  Run Bytes Sent By Job
	543  -  Run Bytes Received By Job
	81008  -  Total Bytes Sent By Job
	543  -  Total Bytes Received By Job
	Partitionable Resources :    Usage  Request Allocated
	   Cpus                 :                 1         1
	   Disk (KB)            :       92  1024000   1027975
	   Memory (MB)          :      326     2000      2000
...
