000 (10202.000.000) 03/30 10:23:10 Job submitted from host: <128.101.221.180:9618?addrs=128.101.221.180-9618&noUDP&sock=3943_2604_3>
...
001 (10202.000.000) 03/30 10:23:29 Job executing on host: <128.101.221.175:9618?addrs=128.101.221.175-9618&noUDP&sock=12916_e152_4>
...
006 (10202.000.000) 03/30 10:23:38 Image size of job updated: 202856
	198  -  MemoryUsage of job (MB)
	202552  -  ResidentSetSize of job (KB)
...
006 (10202.000.000) 03/30 10:28:39 Image size of job updated: 332076
	324  -  MemoryUsage of job (MB)
	331428  -  ResidentSetSize of job (KB)
...
006 (10202.000.000) 03/30 10:31:01 Image size of job updated: 730080
	324  -  MemoryUsage of job (MB)
	331428  -  ResidentSetSize of job (KB)
...
005 (10202.000.000) 03/30 10:31:02 Job terminated.
	(1) Normal termination (return value 0)
		Usr 0 00:04:26, Sys 0 00:02:32  -  Run Remote Usage
		Usr 0 00:00:00, Sys 0 00:00:00  -  Run Local Usage
		Usr 0 00:04:26, Sys 0 00:02:32  -  Total Remote Usage
		Usr 0 00:00:00, Sys 0 00:00:00  -  Total Local Usage
	83522  -  Run Bytes Sent By Job
	543  -  Run Bytes Received By Job
	83522  -  Total Bytes Sent By Job
	543  -  Total Bytes Received By Job
	Partitionable Resources :    Usage  Request Allocated
	   Cpus                 :                 1         1
	   Disk (KB)            :       94  1024000   1932312
	   Memory (MB)          :      324     2000      2000
...
