000 (10200.000.000) 03/30 10:23:09 Job submitted from host: <128.101.221.180:9618?addrs=128.101.221.180-9618&noUDP&sock=3943_2604_3>
...
001 (10200.000.000) 03/30 10:23:29 Job executing on host: <128.101.221.175:9618?addrs=128.101.221.175-9618&noUDP&sock=12916_e152_4>
...
006 (10200.000.000) 03/30 10:23:38 Image size of job updated: 202292
	197  -  MemoryUsage of job (MB)
	201396  -  ResidentSetSize of job (KB)
...
006 (10200.000.000) 03/30 10:28:39 Image size of job updated: 330284
	322  -  MemoryUsage of job (MB)
	329716  -  ResidentSetSize of job (KB)
...
006 (10200.000.000) 03/30 10:33:40 Image size of job updated: 332908
	326  -  MemoryUsage of job (MB)
	332876  -  ResidentSetSize of job (KB)
...
006 (10200.000.000) 03/30 10:34:17 Image size of job updated: 730508
	326  -  MemoryUsage of job (MB)
	332876  -  ResidentSetSize of job (KB)
...
005 (10200.000.000) 03/30 10:34:18 Job terminated.
	(1) Normal termination (return value 0)
		Usr 0 00:06:18, Sys 0 00:03:40  -  Run Remote Usage
		Usr 0 00:00:00, Sys 0 00:00:00  -  Run Local Usage
		Usr 0 00:06:18, Sys 0 00:03:40  -  Total Remote Usage
		Usr 0 00:00:00, Sys 0 00:00:00  -  Total Local Usage
	100951  -  Run Bytes Sent By Job
	543  -  Run Bytes Received By Job
	100951  -  Total Bytes Sent By Job
	543  -  Total Bytes Received By Job
	Partitionable Resources :    Usage  Request Allocated
	   Cpus                 :                 1         1
	   Disk (KB)            :      111  1024000   1932312
	   Memory (MB)          :      326     2000      2000
...
