000 (10204.000.000) 03/30 10:23:11 Job submitted from host: <128.101.221.180:9618?addrs=128.101.221.180-9618&noUDP&sock=3943_2604_3>
...
001 (10204.000.000) 03/30 10:23:32 Job executing on host: <128.101.221.182:9618?addrs=128.101.221.182-9618&noUDP&sock=3902_06a2_4>
...
006 (10204.000.000) 03/30 10:23:40 Image size of job updated: 180884
	172  -  MemoryUsage of job (MB)
	175480  -  ResidentSetSize of job (KB)
...
006 (10204.000.000) 03/30 10:28:40 Image size of job updated: 331652
	324  -  MemoryUsage of job (MB)
	331484  -  ResidentSetSize of job (KB)
...
005 (10204.000.000) 03/30 10:30:27 Job terminated.
	(1) Normal termination (return value 0)
		Usr 0 00:04:04, Sys 0 00:02:20  -  Run Remote Usage
		Usr 0 00:00:00, Sys 0 00:00:00  -  Run Local Usage
		Usr 0 00:04:04, Sys 0 00:02:20  -  Total Remote Usage
		Usr 0 00:00:00, Sys 0 00:00:00  -  Total Local Usage
	81158  -  Run Bytes Sent By Job
	543  -  Run Bytes Received By Job
	81158  -  Total Bytes Sent By Job
	543  -  Total Bytes Received By Job
	Partitionable Resources :    Usage  Request Allocated
	   Cpus                 :                 1         1
	   Disk (KB)            :       92  1024000   2046314
	   Memory (MB)          :      324     2000      2000
...
