000 (10209.000.000) 03/30 10:23:14 Job submitted from host: <128.101.221.180:9618?addrs=128.101.221.180-9618&noUDP&sock=3943_2604_3>
...
001 (10209.000.000) 03/30 10:23:33 Job executing on host: <128.101.221.175:9618?addrs=128.101.221.175-9618&noUDP&sock=12916_e152_4>
...
006 (10209.000.000) 03/30 10:23:42 Image size of job updated: 216160
	189  -  MemoryUsage of job (MB)
	193344  -  ResidentSetSize of job (KB)
...
005 (10209.000.000) 03/30 10:27:01 Job terminated.
	(1) Normal termination (return value 0)
		Usr 0 00:01:59, Sys 0 00:01:11  -  Run Remote Usage
		Usr 0 00:00:00, Sys 0 00:00:00  -  Run Local Usage
		Usr 0 00:01:59, Sys 0 00:01:11  -  Total Remote Usage
		Usr 0 00:00:00, Sys 0 00:00:00  -  Total Local Usage
	61478  -  Run Bytes Sent By Job
	543  -  Run Bytes Received By Job
	61478  -  Total Bytes Sent By Job
	543  -  Total Bytes Received By Job
	Partitionable Resources :    Usage  Request Allocated
	   Cpus                 :                 1         1
	   Disk (KB)            :       73  1024000   1932312
	   Memory (MB)          :      189     2000      2000
...
