000 (10201.000.000) 03/30 10:23:10 Job submitted from host: <128.101.221.180:9618?addrs=128.101.221.180-9618&noUDP&sock=3943_2604_3>
...
001 (10201.000.000) 03/30 10:23:29 Job executing on host: <128.101.221.182:9618?addrs=128.101.221.182-9618&noUDP&sock=3902_06a2_4>
...
006 (10201.000.000) 03/30 10:23:38 Image size of job updated: 203012
	196  -  MemoryUsage of job (MB)
	200524  -  ResidentSetSize of job (KB)
...
005 (10201.000.000) 03/30 10:28:36 Job terminated.
	(1) Normal termination (return value 0)
		Usr 0 00:03:01, Sys 0 00:01:41  -  Run Remote Usage
		Usr 0 00:00:00, Sys 0 00:00:00  -  Run Local Usage
		Usr 0 00:03:01, Sys 0 00:01:41  -  Total Remote Usage
		Usr 0 00:00:00, Sys 0 00:00:00  -  Total Local Usage
	70630  -  Run Bytes Sent By Job
	543  -  Run Bytes Received By Job
	70630  -  Total Bytes Sent By Job
	543  -  Total Bytes Received By Job
	Partitionable Resources :    Usage  Request Allocated
	   Cpus                 :                 1         1
	   Disk (KB)            :       82  1024000   2046314
	   Memory (MB)          :      196     2000      2000
...
