000 (10195.000.000) 03/30 10:23:07 Job submitted from host: <128.101.221.180:9618?addrs=128.101.221.180-9618&noUDP&sock=3943_2604_3>
...
001 (10195.000.000) 03/30 10:23:25 Job executing on host: <128.101.221.182:9618?addrs=128.101.221.182-9618&noUDP&sock=3902_06a2_4>
...
006 (10195.000.000) 03/30 10:23:33 Image size of job updated: 170080
	162  -  MemoryUsage of job (MB)
	165072  -  ResidentSetSize of job (KB)
...
006 (10195.000.000) 03/30 10:28:33 Image size of job updated: 357412
	325  -  MemoryUsage of job (MB)
	332636  -  ResidentSetSize of job (KB)
...
005 (10195.000.000) 03/30 10:30:59 Job terminated.
	(1) Normal termination (return value 0)
		Usr 0 00:04:22, Sys 0 00:02:35  -  Run Remote Usage
		Usr 0 00:00:00, Sys 0 00:00:00  -  Run Local Usage
		Usr 0 00:04:22, Sys 0 00:02:35  -  Total Remote Usage
		Usr 0 00:00:00, Sys 0 00:00:00  -  Total Local Usage
	81257  -  Run Bytes Sent By Job
	543  -  Run Bytes Received By Job
	81257  -  Total Bytes Sent By Job
	543  -  Total Bytes Received By Job
	Partitionable Resources :    Usage  Request Allocated
	   Cpus                 :                 1         1
	   Disk (KB)            :       92  1024000   2046320
	   Memory (MB)          :      325     2000      2000
...
