000 (10208.000.000) 03/30 10:23:14 Job submitted from host: <128.101.221.180:9618?addrs=128.101.221.180-9618&noUDP&sock=3943_2604_3>
...
001 (10208.000.000) 03/30 10:23:32 Job executing on host: <128.101.221.182:9618?addrs=128.101.221.182-9618&noUDP&sock=3902_06a2_4>
...
006 (10208.000.000) 03/30 10:23:40 Image size of job updated: 178864
	174  -  MemoryUsage of job (MB)
	177468  -  ResidentSetSize of job (KB)
...
006 (10208.000.000) 03/30 10:28:40 Image size of job updated: 329496
	322  -  MemoryUsage of job (MB)
	329488  -  ResidentSetSize of job (KB)
...
006 (10208.000.000) 03/30 10:32:22 Image size of job updated: 731060
	322  -  MemoryUsage of job (MB)
	329488  -  ResidentSetSize of job (KB)
...
005 (10208.000.000) 03/30 10:32:22 Job terminated.
	(1) Normal termination (return value 0)
		Usr 0 00:05:10, Sys 0 00:03:00  -  Run Remote Usage
		Usr 0 00:00:00, Sys 0 00:00:00  -  Run Local Usage
		Usr 0 00:05:10, Sys 0 00:03:00  -  Total Remote Usage
		Usr 0 00:00:00, Sys 0 00:00:00  -  Total Local Usage
	77784  -  Run Bytes Sent By Job
	543  -  Run Bytes Received By Job
	77784  -  Total Bytes Sent By Job
	543  -  Total Bytes Received By Job
	Partitionable Resources :    Usage  Request Allocated
	   Cpus                 :                 1         1
	   Disk (KB)            :       89  1024000   2046314
	   Memory (MB)          :      322     2000      2000
...
