000 (10205.000.000) 03/30 10:23:12 Job submitted from host: <128.101.221.180:9618?addrs=128.101.221.180-9618&noUDP&sock=3943_2604_3>
...
001 (10205.000.000) 03/30 10:23:32 Job executing on host: <128.101.221.175:9618?addrs=128.101.221.175-9618&noUDP&sock=12916_e152_4>
...
006 (10205.000.000) 03/30 10:23:40 Image size of job updated: 189280
	173  -  MemoryUsage of job (MB)
	176488  -  ResidentSetSize of job (KB)
...
006 (10205.000.000) 03/30 10:28:40 Image size of job updated: 331520
	324  -  MemoryUsage of job (MB)
	331040  -  ResidentSetSize of job (KB)
...
006 (10205.000.000) 03/30 10:32:26 Image size of job updated: 730104
	324  -  MemoryUsage of job (MB)
	331040  -  ResidentSetSize of job (KB)
...
005 (10205.000.000) 03/30 10:32:26 Job terminated.
	(1) Normal termination (return value 0)
		Usr 0 00:05:14, Sys 0 00:03:00  -  Run Remote Usage
		Usr 0 00:00:00, Sys 0 00:00:00  -  Run Local Usage
		Usr 0 00:05:14, Sys 0 00:03:00  -  Total Remote Usage
		Usr 0 00:00:00, Sys 0 00:00:00  -  Total Local Usage
	86091  -  Run Bytes Sent By Job
	543  -  Run Bytes Received By Job
	86091  -  Total Bytes Sent By Job
	543  -  Total Bytes Received By Job
	Partitionable Resources :    Usage  Request Allocated
	   Cpus                 :                 1         1
	   Disk (KB)            :       97  1024000   1932312
	   Memory (MB)          :      324     2000      2000
...
