000 (10199.000.000) 03/30 10:23:09 Job submitted from host: <128.101.221.180:9618?addrs=128.101.221.180-9618&noUDP&sock=3943_2604_3>
...
001 (10199.000.000) 03/30 10:23:29 Job executing on host: <128.101.221.182:9618?addrs=128.101.221.182-9618&noUDP&sock=3902_06a2_4>
...
006 (10199.000.000) 03/30 10:23:38 Image size of job updated: 207520
	198  -  MemoryUsage of job (MB)
	201736  -  ResidentSetSize of job (KB)
...
006 (10199.000.000) 03/30 10:28:39 Image size of job updated: 332752
	325  -  MemoryUsage of job (MB)
	332588  -  ResidentSetSize of job (KB)
...
006 (10199.000.000) 03/30 10:32:52 Image size of job updated: 731872
	325  -  MemoryUsage of job (MB)
	332588  -  ResidentSetSize of job (KB)
...
005 (10199.000.000) 03/30 10:32:54 Job terminated.
	(1) Normal termination (return value 0)
		Usr 0 00:05:33, Sys 0 00:03:10  -  Run Remote Usage
		Usr 0 00:00:00, Sys 0 00:00:00  -  Run Local Usage
		Usr 0 00:05:33, Sys 0 00:03:10  -  Total Remote Usage
		Usr 0 00:00:00, Sys 0 00:00:00  -  Total Local Usage
	112771  -  Run Bytes Sent By Job
	543  -  Run Bytes Received By Job
	112771  -  Total Bytes Sent By Job
	543  -  Total Bytes Received By Job
	Partitionable Resources :    Usage  Request Allocated
	   Cpus                 :                 1         1
	   Disk (KB)            :      123  1024000   2046314
	   Memory (MB)          :      325     2000      2000
...
