000 (10210.000.000) 03/30 10:23:15 Job submitted from host: <128.101.221.180:9618?addrs=128.101.221.180-9618&noUDP&sock=3943_2604_3>
...
001 (10210.000.000) 03/30 10:23:33 Job executing on host: <128.101.221.182:9618?addrs=128.101.221.182-9618&noUDP&sock=3902_06a2_4>
...
006 (10210.000.000) 03/30 10:23:42 Image size of job updated: 203660
	192  -  MemoryUsage of job (MB)
	195920  -  ResidentSetSize of job (KB)
...
006 (10210.000.000) 03/30 10:28:43 Image size of job updated: 330532
	323  -  MemoryUsage of job (MB)
	330376  -  ResidentSetSize of job (KB)
...
006 (10210.000.000) 03/30 10:33:43 Image size of job updated: 332836
	325  -  MemoryUsage of job (MB)
	332724  -  ResidentSetSize of job (KB)
...
005 (10210.000.000) 03/30 10:33:47 Job terminated.
	(1) Normal termination (return value 0)
		Usr 0 00:05:58, Sys 0 00:03:26  -  Run Remote Usage
		Usr 0 00:00:00, Sys 0 00:00:00  -  Run Local Usage
		Usr 0 00:05:58, Sys 0 00:03:26  -  Total Remote Usage
		Usr 0 00:00:00, Sys 0 00:00:00  -  Total Local Usage
	103146  -  Run Bytes Sent By Job
	543  -  Run Bytes Received By Job
	103146  -  Total Bytes Sent By Job
	543  -  Total Bytes Received By Job
	Partitionable Resources :    Usage  Request Allocated
	   Cpus                 :                 1         1
	   Disk (KB)            :      113  1024000   2046312
	   Memory (MB)          :      325     2000      2000
...
