000 (5536.000.000) 08/06 17:24:54 Job submitted from host: <128.101.221.176:9618?addrs=128.101.221.176-9618&noUDP&sock=11541_65e5_3>
...
001 (5536.000.000) 08/06 17:24:57 Job executing on host: <128.101.221.188:9618?addrs=128.101.221.188-9618&noUDP&sock=11665_65e5_4>
...
006 (5536.000.000) 08/06 17:25:06 Image size of job updated: 22348
	22  -  MemoryUsage of job (MB)
	22348  -  ResidentSetSize of job (KB)
...
006 (5536.000.000) 08/06 17:30:07 Image size of job updated: 330880
	320  -  MemoryUsage of job (MB)
	327472  -  ResidentSetSize of job (KB)
...
006 (5536.000.000) 08/06 17:35:08 Image size of job updated: 332200
	322  -  MemoryUsage of job (MB)
	328780  -  ResidentSetSize of job (KB)
...
006 (5536.000.000) 08/06 17:45:09 Image size of job updated: 332732
	322  -  MemoryUsage of job (MB)
	328780  -  ResidentSetSize of job (KB)
...
006 (5536.000.000) 08/06 17:50:10 Image size of job updated: 332816
	322  -  MemoryUsage of job (MB)
	328780  -  ResidentSetSize of job (KB)
...
006 (5536.000.000) 08/06 17:55:10 Image size of job updated: 332816
	322  -  MemoryUsage of job (MB)
	328824  -  ResidentSetSize of job (KB)
...
006 (5536.000.000) 08/06 18:05:12 Image size of job updated: 332816
	322  -  MemoryUsage of job (MB)
	329044  -  ResidentSetSize of job (KB)
...
005 (5536.000.000) 08/06 18:08:18 Job terminated.
	(1) Normal termination (return value 0)
		Usr 0 00:01:42, Sys 0 00:01:08  -  Run Remote Usage
		Usr 0 00:00:00, Sys 0 00:00:00  -  Run Local Usage
		Usr 0 00:01:42, Sys 0 00:01:08  -  Total Remote Usage
		Usr 0 00:00:00, Sys 0 00:00:00  -  Total Local Usage
	24284  -  Run Bytes Sent By Job
	557  -  Run Bytes Received By Job
	24284  -  Total Bytes Sent By Job
	557  -  Total Bytes Received By Job
	Partitionable Resources :    Usage  Request Allocated
	   Cpus                 :                 1         1
	   Disk (KB)            :       35  1024000   1842338
	   Memory (MB)          :      322     2000      2000
...
