000 (5520.000.000) 08/06 17:23:28 Job submitted from host: <128.101.221.176:9618?addrs=128.101.221.176-9618&noUDP&sock=11541_65e5_3>
...
001 (5520.000.000) 08/06 17:23:42 Job executing on host: <128.101.221.183:9618?addrs=128.101.221.183-9618&noUDP&sock=11118_5e21_4>
...
006 (5520.000.000) 08/06 17:23:51 Image size of job updated: 291932
	221  -  MemoryUsage of job (MB)
	225300  -  ResidentSetSize of job (KB)
...
006 (5520.000.000) 08/06 17:28:52 Image size of job updated: 397992
	322  -  MemoryUsage of job (MB)
	329128  -  ResidentSetSize of job (KB)
...
006 (5520.000.000) 08/06 17:33:52 Image size of job updated: 398056
	322  -  MemoryUsage of job (MB)
	329184  -  ResidentSetSize of job (KB)
...
006 (5520.000.000) 08/06 17:38:52 Image size of job updated: 398536
	322  -  MemoryUsage of job (MB)
	329664  -  ResidentSetSize of job (KB)
...
006 (5520.000.000) 08/06 17:44:47 Image size of job updated: 711948
	322  -  MemoryUsage of job (MB)
	329664  -  ResidentSetSize of job (KB)
...
005 (5520.000.000) 08/06 17:44:49 Job terminated.
	(1) Normal termination (return value 0)
		Usr 0 00:01:44, Sys 0 00:01:05  -  Run Remote Usage
		Usr 0 00:00:00, Sys 0 00:00:00  -  Run Local Usage
		Usr 0 00:01:44, Sys 0 00:01:05  -  Total Remote Usage
		Usr 0 00:00:00, Sys 0 00:00:00  -  Total Local Usage
	24288  -  Run Bytes Sent By Job
	557  -  Run Bytes Received By Job
	24288  -  Total Bytes Sent By Job
	557  -  Total Bytes Received By Job
	Partitionable Resources :    Usage  Request Allocated
	   Cpus                 :                 1         1
	   Disk (KB)            :       35  1024000   1128088
	   Memory (MB)          :      322     2000      2000
...
