000 (5537.000.000) 08/06 17:25:04 Job submitted from host: <128.101.221.176:9618?addrs=128.101.221.176-9618&noUDP&sock=11541_65e5_3>
...
001 (5537.000.000) 08/06 17:25:17 Job executing on host: <128.101.221.188:9618?addrs=128.101.221.188-9618&noUDP&sock=11665_65e5_4>
...
006 (5537.000.000) 08/06 17:25:26 Image size of job updated: 10320
	11  -  MemoryUsage of job (MB)
	10320  -  ResidentSetSize of job (KB)
...
006 (5537.000.000) 08/06 17:30:27 Image size of job updated: 317236
	308  -  MemoryUsage of job (MB)
	315012  -  ResidentSetSize of job (KB)
...
006 (5537.000.000) 08/06 17:35:27 Image size of job updated: 329264
	320  -  MemoryUsage of job (MB)
	327040  -  ResidentSetSize of job (KB)
...
006 (5537.000.000) 08/06 17:40:27 Image size of job updated: 329380
	320  -  MemoryUsage of job (MB)
	327156  -  ResidentSetSize of job (KB)
...
006 (5537.000.000) 08/06 17:50:29 Image size of job updated: 329380
	320  -  MemoryUsage of job (MB)
	327164  -  ResidentSetSize of job (KB)
...
006 (5537.000.000) 08/06 18:00:30 Image size of job updated: 329380
	320  -  MemoryUsage of job (MB)
	327572  -  ResidentSetSize of job (KB)
...
006 (5537.000.000) 08/06 18:05:31 Image size of job updated: 329380
	320  -  MemoryUsage of job (MB)
	327588  -  ResidentSetSize of job (KB)
...
005 (5537.000.000) 08/06 18:05:42 Job terminated.
	(1) Normal termination (return value 0)
		Usr 0 00:01:30, Sys 0 00:01:00  -  Run Remote Usage
		Usr 0 00:00:00, Sys 0 00:00:00  -  Run Local Usage
		Usr 0 00:01:30, Sys 0 00:01:00  -  Total Remote Usage
		Usr 0 00:00:00, Sys 0 00:00:00  -  Total Local Usage
	23579  -  Run Bytes Sent By Job
	557  -  Run Bytes Received By Job
	23579  -  Total Bytes Sent By Job
	557  -  Total Bytes Received By Job
	Partitionable Resources :    Usage  Request Allocated
	   Cpus                 :                 1         1
	   Disk (KB)            :       35  1024000   1842336
	   Memory (MB)          :      320     2000      2000
...
