000 (5514.000.000) 08/06 17:23:21 Job submitted from host: <128.101.221.176:9618?addrs=128.101.221.176-9618&noUDP&sock=11541_65e5_3>
...
001 (5514.000.000) 08/06 17:23:40 Job executing on host: <128.101.221.181:9618?addrs=128.101.221.181-9618&noUDP&sock=11138_f93a_4>
...
006 (5514.000.000) 08/06 17:23:49 Image size of job updated: 73736
	41  -  MemoryUsage of job (MB)
	41832  -  ResidentSetSize of job (KB)
...
006 (5514.000.000) 08/06 17:28:50 Image size of job updated: 423232
	321  -  MemoryUsage of job (MB)
	328388  -  ResidentSetSize of job (KB)
...
006 (5514.000.000) 08/06 17:33:50 Image size of job updated: 423300
	321  -  MemoryUsage of job (MB)
	328448  -  ResidentSetSize of job (KB)
...
006 (5514.000.000) 08/06 17:38:51 Image size of job updated: 424368
	322  -  MemoryUsage of job (MB)
	329516  -  ResidentSetSize of job (KB)
...
006 (5514.000.000) 08/06 17:43:52 Image size of job updated: 424368
	322  -  MemoryUsage of job (MB)
	329576  -  ResidentSetSize of job (KB)
...
006 (5514.000.000) 08/06 17:48:52 Image size of job updated: 424368
	322  -  MemoryUsage of job (MB)
	329716  -  ResidentSetSize of job (KB)
...
005 (5514.000.000) 08/06 17:50:05 Job terminated.
	(1) Normal termination (return value 0)
		Usr 0 00:01:36, Sys 0 00:01:04  -  Run Remote Usage
		Usr 0 00:00:00, Sys 0 00:00:00  -  Run Local Usage
		Usr 0 00:01:36, Sys 0 00:01:04  -  Total Remote Usage
		Usr 0 00:00:00, Sys 0 00:00:00  -  Total Local Usage
	23812  -  Run Bytes Sent By Job
	557  -  Run Bytes Received By Job
	23812  -  Total Bytes Sent By Job
	557  -  Total Bytes Received By Job
	Partitionable Resources :    Usage  Request Allocated
	   Cpus                 :                 1         1
	   Disk (KB)            :       35  1024000   1865862
	   Memory (MB)          :      322     2000      2000
...
