000 (5509.000.000) 08/06 17:23:14 Job submitted from host: <128.101.221.176:9618?addrs=128.101.221.176-9618&noUDP&sock=11541_65e5_3>
...
001 (5509.000.000) 08/06 17:23:36 Job executing on host: <128.101.221.188:9618?addrs=128.101.221.188-9618&noUDP&sock=11665_65e5_4>
...
006 (5509.000.000) 08/06 17:23:45 Image size of job updated: 73260
	41  -  MemoryUsage of job (MB)
	41820  -  ResidentSetSize of job (KB)
...
006 (5509.000.000) 08/06 17:28:46 Image size of job updated: 328400
	321  -  MemoryUsage of job (MB)
	328360  -  ResidentSetSize of job (KB)
...
006 (5509.000.000) 08/06 17:33:47 Image size of job updated: 328436
	321  -  MemoryUsage of job (MB)
	328376  -  ResidentSetSize of job (KB)
...
006 (5509.000.000) 08/06 17:48:48 Image size of job updated: 328472
	321  -  MemoryUsage of job (MB)
	328412  -  ResidentSetSize of job (KB)
...
006 (5509.000.000) 08/06 17:58:49 Image size of job updated: 329640
	322  -  MemoryUsage of job (MB)
	329200  -  ResidentSetSize of job (KB)
...
006 (5509.000.000) 08/06 18:02:38 Image size of job updated: 711608
	322  -  MemoryUsage of job (MB)
	329200  -  ResidentSetSize of job (KB)
...
005 (5509.000.000) 08/06 18:02:39 Job terminated.
	(1) Normal termination (return value 0)
		Usr 0 00:01:25, Sys 0 00:00:54  -  Run Remote Usage
		Usr 0 00:00:00, Sys 0 00:00:00  -  Run Local Usage
		Usr 0 00:01:25, Sys 0 00:00:54  -  Total Remote Usage
		Usr 0 00:00:00, Sys 0 00:00:00  -  Total Local Usage
	23347  -  Run Bytes Sent By Job
	557  -  Run Bytes Received By Job
	23347  -  Total Bytes Sent By Job
	557  -  Total Bytes Received By Job
	Partitionable Resources :    Usage  Request Allocated
	   Cpus                 :                 1         1
	   Disk (KB)            :       34  1024000   1842324
	   Memory (MB)          :      322     2000      2000
...
