000 (5505.000.000) 08/06 17:23:10 Job submitted from host: <128.101.221.176:9618?addrs=128.101.221.176-9618&noUDP&sock=11541_65e5_3>
...
001 (5505.000.000) 08/06 17:23:21 Job executing on host: <128.101.221.183:9618?addrs=128.101.221.183-9618&noUDP&sock=11118_5e21_4>
...
006 (5505.000.000) 08/06 17:23:29 Image size of job updated: 46048
	24  -  MemoryUsage of job (MB)
	24424  -  ResidentSetSize of job (KB)
...
006 (5505.000.000) 08/06 17:28:29 Image size of job updated: 356360
	322  -  MemoryUsage of job (MB)
	328864  -  ResidentSetSize of job (KB)
...
006 (5505.000.000) 08/06 17:33:29 Image size of job updated: 356760
	322  -  MemoryUsage of job (MB)
	329260  -  ResidentSetSize of job (KB)
...
006 (5505.000.000) 08/06 17:38:30 Image size of job updated: 356856
	322  -  MemoryUsage of job (MB)
	329356  -  ResidentSetSize of job (KB)
...
006 (5505.000.000) 08/06 17:43:31 Image size of job updated: 357492
	323  -  MemoryUsage of job (MB)
	329992  -  ResidentSetSize of job (KB)
...
005 (5505.000.000) 08/06 17:44:32 Job terminated.
	(1) Normal termination (return value 0)
		Usr 0 00:01:44, Sys 0 00:01:03  -  Run Remote Usage
		Usr 0 00:00:00, Sys 0 00:00:00  -  Run Local Usage
		Usr 0 00:01:44, Sys 0 00:01:03  -  Total Remote Usage
		Usr 0 00:00:00, Sys 0 00:00:00  -  Total Local Usage
	24050  -  Run Bytes Sent By Job
	557  -  Run Bytes Received By Job
	24050  -  Total Bytes Sent By Job
	557  -  Total Bytes Received By Job
	Partitionable Resources :    Usage  Request Allocated
	   Cpus                 :                 1         1
	   Disk (KB)            :       35  1024000   1128088
	   Memory (MB)          :      323     2000      2000
...
