000 (10235.000.000) 03/30 10:24:59 Job submitted from host: <128.101.221.180:9618?addrs=128.101.221.180-9618&noUDP&sock=3943_2604_3>
...
001 (10235.000.000) 03/30 10:32:55 Job executing on host: <128.101.221.182:9618?addrs=128.101.221.182-9618&noUDP&sock=3902_06a2_4>
...
006 (10235.000.000) 03/30 10:33:03 Image size of job updated: 247796
	170  -  MemoryUsage of job (MB)
	173564  -  ResidentSetSize of job (KB)
...
006 (10235.000.000) 03/30 10:38:03 Image size of job updated: 331956
	325  -  MemoryUsage of job (MB)
	331780  -  ResidentSetSize of job (KB)
...
005 (10235.000.000) 03/30 10:39:27 Job terminated.
	(1) Normal termination (return value 0)
		Usr 0 00:03:51, Sys 0 00:02:10  -  Run Remote Usage
		Usr 0 00:00:00, Sys 0 00:00:00  -  Run Local Usage
		Usr 0 00:03:51, Sys 0 00:02:10  -  Total Remote Usage
		Usr 0 00:00:00, Sys 0 00:00:00  -  Total Local Usage
	83516  -  Run Bytes Sent By Job
	541  -  Run Bytes Received By Job
	83516  -  Total Bytes Sent By Job
	541  -  Total Bytes Received By Job
	Partitionable Resources :    Usage  Request Allocated
	   Cpus                 :                 1         1
	   Disk (KB)            :       94  1024000   2046314
	   Memory (MB)          :      325     2000      2000
...
