000 (10218.000.000) 03/30 10:24:51 Job submitted from host: <128.101.221.180:9618?addrs=128.101.221.180-9618&noUDP&sock=3943_2604_3>
...
001 (10218.000.000) 03/30 10:27:52 Job executing on host: <128.101.221.175:9618?addrs=128.101.221.175-9618&noUDP&sock=12916_e152_4>
...
006 (10218.000.000) 03/30 10:28:01 Image size of job updated: 276244
	195  -  MemoryUsage of job (MB)
	199188  -  ResidentSetSize of job (KB)
...
006 (10218.000.000) 03/30 10:33:02 Image size of job updated: 331752
	324  -  MemoryUsage of job (MB)
	331564  -  ResidentSetSize of job (KB)
...
006 (10218.000.000) 03/30 10:37:15 Image size of job updated: 332080
	324  -  MemoryUsage of job (MB)
	331564  -  ResidentSetSize of job (KB)
...
005 (10218.000.000) 03/30 10:37:16 Job terminated.
	(1) Normal termination (return value 0)
		Usr 0 00:05:33, Sys 0 00:03:13  -  Run Remote Usage
		Usr 0 00:00:00, Sys 0 00:00:00  -  Run Local Usage
		Usr 0 00:05:33, Sys 0 00:03:13  -  Total Remote Usage
		Usr 0 00:00:00, Sys 0 00:00:00  -  Total Local Usage
	89732  -  Run Bytes Sent By Job
	541  -  Run Bytes Received By Job
	89732  -  Total Bytes Sent By Job
	541  -  Total Bytes Received By Job
	Partitionable Resources :    Usage  Request Allocated
	   Cpus                 :                 1         1
	   Disk (KB)            :      101  1024000   1932312
	   Memory (MB)          :      324     2000      2000
...
