000 (10233.000.000) 03/30 10:24:58 Job submitted from host: <128.101.221.180:9618?addrs=128.101.221.180-9618&noUDP&sock=3943_2604_3>
...
001 (10233.000.000) 03/30 10:32:25 Job executing on host: <128.101.221.182:9618?addrs=128.101.221.182-9618&noUDP&sock=3902_06a2_4>
...
006 (10233.000.000) 03/30 10:32:35 Image size of job updated: 258148
	203  -  MemoryUsage of job (MB)
	207680  -  ResidentSetSize of job (KB)
...
006 (10233.000.000) 03/30 10:37:36 Image size of job updated: 329852
	323  -  MemoryUsage of job (MB)
	329776  -  ResidentSetSize of job (KB)
...
005 (10233.000.000) 03/30 10:41:17 Job terminated.
	(1) Normal termination (return value 0)
		Usr 0 00:05:13, Sys 0 00:02:54  -  Run Remote Usage
		Usr 0 00:00:00, Sys 0 00:00:00  -  Run Local Usage
		Usr 0 00:05:13, Sys 0 00:02:54  -  Total Remote Usage
		Usr 0 00:00:00, Sys 0 00:00:00  -  Total Local Usage
	100945  -  Run Bytes Sent By Job
	541  -  Run Bytes Received By Job
	100945  -  Total Bytes Sent By Job
	541  -  Total Bytes Received By Job
	Partitionable Resources :    Usage  Request Allocated
	   Cpus                 :                 1         1
	   Disk (KB)            :      111  1024000   2046312
	   Memory (MB)          :      323     2000      2000
...
