000 (10229.000.000) 03/30 10:24:56 Job submitted from host: <128.101.221.180:9618?addrs=128.101.221.180-9618&noUDP&sock=3943_2604_3>
...
001 (10229.000.000) 03/30 10:31:58 Job executing on host: <128.101.221.175:9618?addrs=128.101.221.175-9618&noUDP&sock=12916_e152_4>
...
006 (10229.000.000) 03/30 10:32:07 Image size of job updated: 261924
	182  -  MemoryUsage of job (MB)
	185964  -  ResidentSetSize of job (KB)
...
006 (10229.000.000) 03/30 10:35:34 Image size of job updated: 730040
	182  -  MemoryUsage of job (MB)
	185964  -  ResidentSetSize of job (KB)
...
005 (10229.000.000) 03/30 10:35:35 Job terminated.
	(1) Normal termination (return value 0)
		Usr 0 00:02:14, Sys 0 00:01:04  -  Run Remote Usage
		Usr 0 00:00:00, Sys 0 00:00:00  -  Run Local Usage
		Usr 0 00:02:14, Sys 0 00:01:04  -  Total Remote Usage
		Usr 0 00:00:00, Sys 0 00:00:00  -  Total Local Usage
	61471  -  Run Bytes Sent By Job
	541  -  Run Bytes Received By Job
	61471  -  Total Bytes Sent By Job
	541  -  Total Bytes Received By Job
	Partitionable Resources :    Usage  Request Allocated
	   Cpus                 :                 1         1
	   Disk (KB)            :       73  1024000   1932312
	   Memory (MB)          :      182     2000      2000
...
