000 (10238.000.000) 03/30 10:25:00 Job submitted from host: <128.101.221.180:9618?addrs=128.101.221.180-9618&noUDP&sock=3943_2604_3>
...
001 (10238.000.000) 03/30 10:34:00 Job executing on host: <128.101.221.175:9618?addrs=128.101.221.175-9618&noUDP&sock=12916_e152_4>
...
006 (10238.000.000) 03/30 10:34:09 Image size of job updated: 213944
	175  -  MemoryUsage of job (MB)
	178764  -  ResidentSetSize of job (KB)
...
006 (10238.000.000) 03/30 10:39:10 Image size of job updated: 332676
	325  -  MemoryUsage of job (MB)
	332576  -  ResidentSetSize of job (KB)
...
006 (10238.000.000) 03/30 10:43:34 Image size of job updated: 730436
	325  -  MemoryUsage of job (MB)
	332576  -  ResidentSetSize of job (KB)
...
005 (10238.000.000) 03/30 10:43:35 Job terminated.
	(1) Normal termination (return value 0)
		Usr 0 00:05:42, Sys 0 00:03:11  -  Run Remote Usage
		Usr 0 00:00:00, Sys 0 00:00:00  -  Run Local Usage
		Usr 0 00:05:42, Sys 0 00:03:11  -  Total Remote Usage
		Usr 0 00:00:00, Sys 0 00:00:00  -  Total Local Usage
	97048  -  Run Bytes Sent By Job
	541  -  Run Bytes Received By Job
	97048  -  Total Bytes Sent By Job
	541  -  Total Bytes Received By Job
	Partitionable Resources :    Usage  Request Allocated
	   Cpus                 :                 1         1
	   Disk (KB)            :      108  1024000   1932252
	   Memory (MB)          :      325     2000      2000
...
