000 (10223.000.000) 03/30 10:24:53 Job submitted from host: <128.101.221.180:9618?addrs=128.101.221.180-9618&noUDP&sock=3943_2604_3>
...
001 (10223.000.000) 03/30 10:30:37 Job executing on host: <128.101.221.182:9618?addrs=128.101.221.182-9618&noUDP&sock=3902_06a2_4>
...
006 (10223.000.000) 03/30 10:30:45 Image size of job updated: 242092
	174  -  MemoryUsage of job (MB)
	177844  -  ResidentSetSize of job (KB)
...
006 (10223.000.000) 03/30 10:35:45 Image size of job updated: 333016
	325  -  MemoryUsage of job (MB)
	332640  -  ResidentSetSize of job (KB)
...
005 (10223.000.000) 03/30 10:37:57 Job terminated.
	(1) Normal termination (return value 0)
		Usr 0 00:04:23, Sys 0 00:02:28  -  Run Remote Usage
		Usr 0 00:00:00, Sys 0 00:00:00  -  Run Local Usage
		Usr 0 00:04:23, Sys 0 00:02:28  -  Total Remote Usage
		Usr 0 00:00:00, Sys 0 00:00:00  -  Total Local Usage
	69960  -  Run Bytes Sent By Job
	541  -  Run Bytes Received By Job
	69960  -  Total Bytes Sent By Job
	541  -  Total Bytes Received By Job
	Partitionable Resources :    Usage  Request Allocated
	   Cpus                 :                 1         1
	   Disk (KB)            :       81  1024000   2046314
	   Memory (MB)          :      325     2000      2000
...
