000 (10226.000.000) 03/30 10:24:55 Job submitted from host: <128.101.221.180:9618?addrs=128.101.221.180-9618&noUDP&sock=3943_2604_3>
...
001 (10226.000.000) 03/30 10:31:01 Job executing on host: <128.101.221.182:9618?addrs=128.101.221.182-9618&noUDP&sock=3902_06a2_4>
...
006 (10226.000.000) 03/30 10:31:09 Image size of job updated: 232808
	163  -  MemoryUsage of job (MB)
	166164  -  ResidentSetSize of job (KB)
...
006 (10226.000.000) 03/30 10:36:09 Image size of job updated: 330040
	322  -  MemoryUsage of job (MB)
	329616  -  ResidentSetSize of job (KB)
...
006 (10226.000.000) 03/30 10:40:18 Image size of job updated: 730588
	322  -  MemoryUsage of job (MB)
	329616  -  ResidentSetSize of job (KB)
...
005 (10226.000.000) 03/30 10:40:19 Job terminated.
	(1) Normal termination (return value 0)
		Usr 0 00:05:32, Sys 0 00:03:03  -  Run Remote Usage
		Usr 0 00:00:00, Sys 0 00:00:00  -  Run Local Usage
		Usr 0 00:05:32, Sys 0 00:03:03  -  Total Remote Usage
		Usr 0 00:00:00, Sys 0 00:00:00  -  Total Local Usage
	85547  -  Run Bytes Sent By Job
	541  -  Run Bytes Received By Job
	85547  -  Total Bytes Sent By Job
	541  -  Total Bytes Received By Job
	Partitionable Resources :    Usage  Request Allocated
	   Cpus                 :                 1         1
	   Disk (KB)            :       97  1024000   2046320
	   Memory (MB)          :      322     2000      2000
...
