000 (10240.000.000) 03/30 10:25:01 Job submitted from host: <128.101.221.180:9618?addrs=128.101.221.180-9618&noUDP&sock=3943_2604_3>
...
001 (10240.000.000) 03/30 10:34:54 Job executing on host: <128.101.221.175:9618?addrs=128.101.221.175-9618&noUDP&sock=12916_e152_4>
...
006 (10240.000.000) 03/30 10:35:02 Image size of job updated: 218932
	167  -  MemoryUsage of job (MB)
	170212  -  ResidentSetSize of job (KB)
...
006 (10240.000.000) 03/30 10:40:02 Image size of job updated: 333464
	326  -  MemoryUsage of job (MB)
	333356  -  ResidentSetSize of job (KB)
...
006 (10240.000.000) 03/30 10:44:48 Image size of job updated: 732320
	326  -  MemoryUsage of job (MB)
	333356  -  ResidentSetSize of job (KB)
...
005 (10240.000.000) 03/30 10:44:49 Job terminated.
	(1) Normal termination (return value 0)
		Usr 0 00:05:58, Sys 0 00:03:14  -  Run Remote Usage
		Usr 0 00:00:00, Sys 0 00:00:00  -  Run Local Usage
		Usr 0 00:05:58, Sys 0 00:03:14  -  Total Remote Usage
		Usr 0 00:00:00, Sys 0 00:00:00  -  Total Local Usage
	98319  -  Run Bytes Sent By Job
	541  -  Run Bytes Received By Job
	98319  -  Total Bytes Sent By Job
	541  -  Total Bytes Received By Job
	Partitionable Resources :    Usage  Request Allocated
	   Cpus                 :                 1         1
	   Disk (KB)            :      109  1024000   1932256
	   Memory (MB)          :      326     2000      2000
...
