000 (10225.000.000) 03/30 10:24:54 Job submitted from host: <128.101.221.180:9618?addrs=128.101.221.180-9618&noUDP&sock=3943_2604_3>
...
001 (10225.000.000) 03/30 10:30:45 Job executing on host: <128.101.221.182:9618?addrs=128.101.221.182-9618&noUDP&sock=3902_06a2_4>
...
006 (10225.000.000) 03/30 10:30:53 Image size of job updated: 216640
	178  -  MemoryUsage of job (MB)
	181416  -  ResidentSetSize of job (KB)
...
006 (10225.000.000) 03/30 10:35:53 Image size of job updated: 333196
	326  -  MemoryUsage of job (MB)
	332908  -  ResidentSetSize of job (KB)
...
006 (10225.000.000) 03/30 10:38:55 Image size of job updated: 730332
	326  -  MemoryUsage of job (MB)
	332908  -  ResidentSetSize of job (KB)
...
005 (10225.000.000) 03/30 10:38:56 Job terminated.
	(1) Normal termination (return value 0)
		Usr 0 00:04:50, Sys 0 00:02:43  -  Run Remote Usage
		Usr 0 00:00:00, Sys 0 00:00:00  -  Run Local Usage
		Usr 0 00:04:50, Sys 0 00:02:43  -  Total Remote Usage
		Usr 0 00:00:00, Sys 0 00:00:00  -  Total Local Usage
	86085  -  Run Bytes Sent By Job
	541  -  Run Bytes Received By Job
	86085  -  Total Bytes Sent By Job
	541  -  Total Bytes Received By Job
	Partitionable Resources :    Usage  Request Allocated
	   Cpus                 :                 1         1
	   Disk (KB)            :       97  1024000   2046314
	   Memory (MB)          :      326     2000      2000
...
