000 (10220.000.000) 03/30 10:24:52 Job submitted from host: <128.101.221.180:9618?addrs=128.101.221.180-9618&noUDP&sock=3943_2604_3>
...
001 (10220.000.000) 03/30 10:29:18 Job executing on host: <128.101.221.180:9618?addrs=128.101.221.180-9618&noUDP&sock=3943_2604_4>
...
006 (10220.000.000) 03/30 10:29:26 Image size of job updated: 300204
	212  -  MemoryUsage of job (MB)
	216892  -  ResidentSetSize of job (KB)
...
006 (10220.000.000) 03/30 10:32:15 Image size of job updated: 730112
	212  -  MemoryUsage of job (MB)
	216892  -  ResidentSetSize of job (KB)
...
005 (10220.000.000) 03/30 10:32:16 Job terminated.
	(1) Normal termination (return value 0)
		Usr 0 00:01:56, Sys 0 00:00:37  -  Run Remote Usage
		Usr 0 00:00:00, Sys 0 00:00:00  -  Run Local Usage
		Usr 0 00:01:56, Sys 0 00:00:37  -  Total Remote Usage
		Usr 0 00:00:00, Sys 0 00:00:00  -  Total Local Usage
	58432  -  Run Bytes Sent By Job
	541  -  Run Bytes Received By Job
	58432  -  Total Bytes Sent By Job
	541  -  Total Bytes Received By Job
	Partitionable Resources :    Usage  Request Allocated
	   Cpus                 :                 1         1
	   Disk (KB)            :       70  1024000   1026330
	   Memory (MB)          :      212     2000      2000
...
