000 (10231.000.000) 03/30 10:24:57 Job submitted from host: <128.101.221.180:9618?addrs=128.101.221.180-9618&noUDP&sock=3943_2604_3>
...
001 (10231.000.000) 03/30 10:32:19 Job executing on host: <128.101.221.182:9618?addrs=128.101.221.182-9618&noUDP&sock=3902_06a2_4>
...
006 (10231.000.000) 03/30 10:32:27 Image size of job updated: 153208
	141  -  MemoryUsage of job (MB)
	144256  -  ResidentSetSize of job (KB)
...
006 (10231.000.000) 03/30 10:37:27 Image size of job updated: 332848
	325  -  MemoryUsage of job (MB)
	332692  -  ResidentSetSize of job (KB)
...
006 (10231.000.000) 03/30 10:38:45 Image size of job updated: 730424
	325  -  MemoryUsage of job (MB)
	332692  -  ResidentSetSize of job (KB)
...
005 (10231.000.000) 03/30 10:38:46 Job terminated.
	(1) Normal termination (return value 0)
		Usr 0 00:03:43, Sys 0 00:02:13  -  Run Remote Usage
		Usr 0 00:00:00, Sys 0 00:00:00  -  Run Local Usage
		Usr 0 00:03:43, Sys 0 00:02:13  -  Total Remote Usage
		Usr 0 00:00:00, Sys 0 00:00:00  -  Total Local Usage
	72198  -  Run Bytes Sent By Job
	541  -  Run Bytes Received By Job
	72198  -  Total Bytes Sent By Job
	541  -  Total Bytes Received By Job
	Partitionable Resources :    Usage  Request Allocated
	   Cpus                 :                 1         1
	   Disk (KB)            :       83  1024000   2046312
	   Memory (MB)          :      325     2000      2000
...
