000 (10234.000.000) 03/30 10:24:59 Job submitted from host: <128.101.221.180:9618?addrs=128.101.221.180-9618&noUDP&sock=3943_2604_3>
...
001 (10234.000.000) 03/30 10:32:27 Job executing on host: <128.101.221.175:9618?addrs=128.101.221.175-9618&noUDP&sock=12916_e152_4>
...
006 (10234.000.000) 03/30 10:32:36 Image size of job updated: 255520
	177  -  MemoryUsage of job (MB)
	180292  -  ResidentSetSize of job (KB)
...
006 (10234.000.000) 03/30 10:36:42 Image size of job updated: 730232
	177  -  MemoryUsage of job (MB)
	180292  -  ResidentSetSize of job (KB)
...
005 (10234.000.000) 03/30 10:36:44 Job terminated.
	(1) Normal termination (return value 0)
		Usr 0 00:02:32, Sys 0 00:01:23  -  Run Remote Usage
		Usr 0 00:00:00, Sys 0 00:00:00  -  Run Local Usage
		Usr 0 00:02:32, Sys 0 00:01:23  -  Total Remote Usage
		Usr 0 00:00:00, Sys 0 00:00:00  -  Total Local Usage
	70622  -  Run Bytes Sent By Job
	541  -  Run Bytes Received By Job
	70622  -  Total Bytes Sent By Job
	541  -  Total Bytes Received By Job
	Partitionable Resources :    Usage  Request Allocated
	   Cpus                 :                 1         1
	   Disk (KB)            :       82  1024000   1932312
	   Memory (MB)          :      177     2000      2000
...
