000 (10219.000.000) 03/30 10:24:51 Job submitted from host: <128.101.221.180:9618?addrs=128.101.221.180-9618&noUDP&sock=3943_2604_3>
...
001 (10219.000.000) 03/30 10:28:37 Job executing on host: <128.101.221.182:9618?addrs=128.101.221.182-9618&noUDP&sock=3902_06a2_4>
...
006 (10219.000.000) 03/30 10:28:46 Image size of job updated: 249180
	171  -  MemoryUsage of job (MB)
	174928  -  ResidentSetSize of job (KB)
...
006 (10219.000.000) 03/30 10:33:46 Image size of job updated: 332952
	326  -  MemoryUsage of job (MB)
	332828  -  ResidentSetSize of job (KB)
...
006 (10219.000.000) 03/30 10:37:09 Image size of job updated: 730680
	326  -  MemoryUsage of job (MB)
	332828  -  ResidentSetSize of job (KB)
...
005 (10219.000.000) 03/30 10:37:10 Job terminated.
	(1) Normal termination (return value 0)
		Usr 0 00:05:03, Sys 0 00:02:52  -  Run Remote Usage
		Usr 0 00:00:00, Sys 0 00:00:00  -  Run Local Usage
		Usr 0 00:05:03, Sys 0 00:02:52  -  Total Remote Usage
		Usr 0 00:00:00, Sys 0 00:00:00  -  Total Local Usage
	84584  -  Run Bytes Sent By Job
	541  -  Run Bytes Received By Job
	84584  -  Total Bytes Sent By Job
	541  -  Total Bytes Received By Job
	Partitionable Resources :    Usage  Request Allocated
	   Cpus                 :                 1         1
	   Disk (KB)            :       96  1024000   2046314
	   Memory (MB)          :      326     2000      2000
...
