000 (10239.000.000) 03/30 10:25:01 Job submitted from host: <128.101.221.180:9618?addrs=128.101.221.180-9618&noUDP&sock=3943_2604_3>
...
001 (10239.000.000) 03/30 10:34:54 Job executing on host: <128.101.221.185:9618?addrs=128.101.221.185-9618&noUDP&sock=4153619_bab1_4>
...
006 (10239.000.000) 03/30 10:35:02 Image size of job updated: 177312
	113  -  MemoryUsage of job (MB)
	115472  -  ResidentSetSize of job (KB)
...
006 (10239.000.000) 03/30 10:40:02 Image size of job updated: 429304
	326  -  MemoryUsage of job (MB)
	333120  -  ResidentSetSize of job (KB)
...
005 (10239.000.000) 03/30 10:43:24 Job terminated.
	(1) Normal termination (return value 0)
		Usr 0 00:05:39, Sys 0 00:01:57  -  Run Remote Usage
		Usr 0 00:00:00, Sys 0 00:00:00  -  Run Local Usage
		Usr 0 00:05:39, Sys 0 00:01:57  -  Total Remote Usage
		Usr 0 00:00:00, Sys 0 00:00:00  -  Total Local Usage
	81001  -  Run Bytes Sent By Job
	541  -  Run Bytes Received By Job
	81001  -  Total Bytes Sent By Job
	541  -  Total Bytes Received By Job
	Partitionable Resources :    Usage  Request Allocated
	   Cpus                 :                 1         1
	   Disk (KB)            :       92  1024000   1026653
	   Memory (MB)          :      326     2000      2000
...
