000 (10222.000.000) 03/30 10:24:53 Job submitted from host: <128.101.221.180:9618?addrs=128.101.221.180-9618&noUDP&sock=3943_2604_3>
...
001 (10222.000.000) 03/30 10:30:28 Job executing on host: <128.101.221.182:9618?addrs=128.101.221.182-9618&noUDP&sock=3902_06a2_4>
...
006 (10222.000.000) 03/30 10:30:37 Image size of job updated: 213876
	146  -  MemoryUsage of job (MB)
	148820  -  ResidentSetSize of job (KB)
...
006 (10222.000.000) 03/30 10:35:37 Image size of job updated: 332256
	325  -  MemoryUsage of job (MB)
	332200  -  ResidentSetSize of job (KB)
...
006 (10222.000.000) 03/30 10:38:14 Image size of job updated: 730548
	325  -  MemoryUsage of job (MB)
	332200  -  ResidentSetSize of job (KB)
...
005 (10222.000.000) 03/30 10:38:15 Job terminated.
	(1) Normal termination (return value 0)
		Usr 0 00:04:35, Sys 0 00:02:35  -  Run Remote Usage
		Usr 0 00:00:00, Sys 0 00:00:00  -  Run Local Usage
		Usr 0 00:04:35, Sys 0 00:02:35  -  Total Remote Usage
		Usr 0 00:00:00, Sys 0 00:00:00  -  Total Local Usage
	77718  -  Run Bytes Sent By Job
	541  -  Run Bytes Received By Job
	77718  -  Total Bytes Sent By Job
	541  -  Total Bytes Received By Job
	Partitionable Resources :    Usage  Request Allocated
	   Cpus                 :                 1         1
	   Disk (KB)            :       89  1024000   2046314
	   Memory (MB)          :      325     2000      2000
...
