000 (10241.000.000) 03/30 10:25:02 Job submitted from host: <128.101.221.180:9618?addrs=128.101.221.180-9618&noUDP&sock=3943_2604_3>
...
001 (10241.000.000) 03/30 10:34:54 Job executing on host: <128.101.221.175:9618?addrs=128.101.221.175-9618&noUDP&sock=12916_e152_4>
...
006 (10241.000.000) 03/30 10:35:02 Image size of job updated: 179960
	165  -  MemoryUsage of job (MB)
	168120  -  ResidentSetSize of job (KB)
...
006 (10241.000.000) 03/30 10:40:02 Image size of job updated: 331012
	324  -  MemoryUsage of job (MB)
	330888  -  ResidentSetSize of job (KB)
...
006 (10241.000.000) 03/30 10:42:41 Image size of job updated: 730132
	324  -  MemoryUsage of job (MB)
	330888  -  ResidentSetSize of job (KB)
...
005 (10241.000.000) 03/30 10:42:42 Job terminated.
	(1) Normal termination (return value 0)
		Usr 0 00:04:39, Sys 0 00:02:35  -  Run Remote Usage
		Usr 0 00:00:00, Sys 0 00:00:00  -  Run Local Usage
		Usr 0 00:04:39, Sys 0 00:02:35  -  Total Remote Usage
		Usr 0 00:00:00, Sys 0 00:00:00  -  Total Local Usage
	81249  -  Run Bytes Sent By Job
	541  -  Run Bytes Received By Job
	81249  -  Total Bytes Sent By Job
	541  -  Total Bytes Received By Job
	Partitionable Resources :    Usage  Request Allocated
	   Cpus                 :                 1         1
	   Disk (KB)            :       92  1024000   1932248
	   Memory (MB)          :      324     2000      2000
...
