000 (10232.000.000) 03/30 10:24:58 Job submitted from host: <128.101.221.180:9618?addrs=128.101.221.180-9618&noUDP&sock=3943_2604_3>
...
001 (10232.000.000) 03/30 10:32:24 Job executing on host: <128.101.221.182:9618?addrs=128.101.221.182-9618&noUDP&sock=3902_06a2_4>
...
006 (10232.000.000) 03/30 10:32:33 Image size of job updated: 173036
	162  -  MemoryUsage of job (MB)
	165736  -  ResidentSetSize of job (KB)
...
006 (10232.000.000) 03/30 10:37:33 Image size of job updated: 332860
	325  -  MemoryUsage of job (MB)
	332360  -  ResidentSetSize of job (KB)
...
006 (10232.000.000) 03/30 10:40:17 Image size of job updated: 731852
	325  -  MemoryUsage of job (MB)
	332360  -  ResidentSetSize of job (KB)
...
005 (10232.000.000) 03/30 10:40:18 Job terminated.
	(1) Normal termination (return value 0)
		Usr 0 00:04:37, Sys 0 00:02:36  -  Run Remote Usage
		Usr 0 00:00:00, Sys 0 00:00:00  -  Run Local Usage
		Usr 0 00:04:37, Sys 0 00:02:36  -  Total Remote Usage
		Usr 0 00:00:00, Sys 0 00:00:00  -  Total Local Usage
	112764  -  Run Bytes Sent By Job
	541  -  Run Bytes Received By Job
	112764  -  Total Bytes Sent By Job
	541  -  Total Bytes Received By Job
	Partitionable Resources :    Usage  Request Allocated
	   Cpus                 :                 1         1
	   Disk (KB)            :      123  1024000   2046314
	   Memory (MB)          :      325     2000      2000
...
