000 (10228.000.000) 03/30 10:24:55 Job submitted from host: <128.101.221.180:9618?addrs=128.101.221.180-9618&noUDP&sock=3943_2604_3>
...
001 (10228.000.000) 03/30 10:31:03 Job executing on host: <128.101.221.175:9618?addrs=128.101.221.175-9618&noUDP&sock=12916_e152_4>
...
006 (10228.000.000) 03/30 10:31:12 Image size of job updated: 217436
	186  -  MemoryUsage of job (MB)
	189460  -  ResidentSetSize of job (KB)
...
006 (10228.000.000) 03/30 10:36:13 Image size of job updated: 332472
	325  -  MemoryUsage of job (MB)
	332284  -  ResidentSetSize of job (KB)
...
006 (10228.000.000) 03/30 10:39:25 Image size of job updated: 731432
	325  -  MemoryUsage of job (MB)
	332284  -  ResidentSetSize of job (KB)
...
005 (10228.000.000) 03/30 10:39:26 Job terminated.
	(1) Normal termination (return value 0)
		Usr 0 00:05:03, Sys 0 00:02:44  -  Run Remote Usage
		Usr 0 00:00:00, Sys 0 00:00:00  -  Run Local Usage
		Usr 0 00:05:03, Sys 0 00:02:44  -  Total Remote Usage
		Usr 0 00:00:00, Sys 0 00:00:00  -  Total Local Usage
	77776  -  Run Bytes Sent By Job
	541  -  Run Bytes Received By Job
	77776  -  Total Bytes Sent By Job
	541  -  Total Bytes Received By Job
	Partitionable Resources :    Usage  Request Allocated
	   Cpus                 :                 1         1
	   Disk (KB)            :       89  1024000   1932312
	   Memory (MB)          :      325     2000      2000
...
