000 (10236.000.000) 03/30 10:24:59 Job submitted from host: <128.101.221.180:9618?addrs=128.101.221.180-9618&noUDP&sock=3943_2604_3>
...
001 (10236.000.000) 03/30 10:34:00 Job executing on host: <128.101.221.182:9618?addrs=128.101.221.182-9618&noUDP&sock=3902_06a2_4>
...
006 (10236.000.000) 03/30 10:34:09 Image size of job updated: 242852
	168  -  MemoryUsage of job (MB)
	171124  -  ResidentSetSize of job (KB)
...
006 (10236.000.000) 03/30 10:39:10 Image size of job updated: 423612
	323  -  MemoryUsage of job (MB)
	329800  -  ResidentSetSize of job (KB)
...
005 (10236.000.000) 03/30 10:40:53 Job terminated.
	(1) Normal termination (return value 0)
		Usr 0 00:04:05, Sys 0 00:02:09  -  Run Remote Usage
		Usr 0 00:00:00, Sys 0 00:00:00  -  Run Local Usage
		Usr 0 00:04:05, Sys 0 00:02:09  -  Total Remote Usage
		Usr 0 00:00:00, Sys 0 00:00:00  -  Total Local Usage
	74430  -  Run Bytes Sent By Job
	541  -  Run Bytes Received By Job
	74430  -  Total Bytes Sent By Job
	541  -  Total Bytes Received By Job
	Partitionable Resources :    Usage  Request Allocated
	   Cpus                 :                 1         1
	   Disk (KB)            :       85  1024000   2046226
	   Memory (MB)          :      323     2000      2000
...
