000 (10230.000.000) 03/30 10:24:57 Job submitted from host: <128.101.221.180:9618?addrs=128.101.221.180-9618&noUDP&sock=3943_2604_3>
...
001 (10230.000.000) 03/30 10:32:17 Job executing on host: <128.101.221.180:9618?addrs=128.101.221.180-9618&noUDP&sock=3943_2604_4>
...
006 (10230.000.000) 03/30 10:32:26 Image size of job updated: 340348
	246  -  MemoryUsage of job (MB)
	251800  -  ResidentSetSize of job (KB)
...
006 (10230.000.000) 03/30 10:36:33 Image size of job updated: 428940
	246  -  MemoryUsage of job (MB)
	251800  -  ResidentSetSize of job (KB)
...
005 (10230.000.000) 03/30 10:36:34 Job terminated.
	(1) Normal termination (return value 0)
		Usr 0 00:02:44, Sys 0 00:00:54  -  Run Remote Usage
		Usr 0 00:00:00, Sys 0 00:00:00  -  Run Local Usage
		Usr 0 00:02:44, Sys 0 00:00:54  -  Total Remote Usage
		Usr 0 00:00:00, Sys 0 00:00:00  -  Total Local Usage
	76760  -  Run Bytes Sent By Job
	541  -  Run Bytes Received By Job
	76760  -  Total Bytes Sent By Job
	541  -  Total Bytes Received By Job
	Partitionable Resources :    Usage  Request Allocated
	   Cpus                 :                 1         1
	   Disk (KB)            :       88  1024000   1026330
	   Memory (MB)          :      246     2000      2000
...
