000 (5532.000.000) 08/06 17:24:15 Job submitted from host: <128.101.221.176:9618?addrs=128.101.221.176-9618&noUDP&sock=11541_65e5_3>
...
001 (5532.000.000) 08/06 17:24:36 Job executing on host: <128.101.221.180:9618?addrs=128.101.221.180-9618&noUDP&sock=11614_be99_4>
...
006 (5532.000.000) 08/06 17:24:44 Image size of job updated: 1084
	2  -  MemoryUsage of job (MB)
	1084  -  ResidentSetSize of job (KB)
...
006 (5532.000.000) 08/06 17:29:44 Image size of job updated: 331872
	321  -  MemoryUsage of job (MB)
	327712  -  ResidentSetSize of job (KB)
...
006 (5532.000.000) 08/06 17:39:45 Image size of job updated: 331876
	321  -  MemoryUsage of job (MB)
	327716  -  ResidentSetSize of job (KB)
...
006 (5532.000.000) 08/06 17:49:46 Image size of job updated: 331880
	321  -  MemoryUsage of job (MB)
	327720  -  ResidentSetSize of job (KB)
...
006 (5532.000.000) 08/06 17:54:47 Image size of job updated: 331880
	321  -  MemoryUsage of job (MB)
	327804  -  ResidentSetSize of job (KB)
...
006 (5532.000.000) 08/06 17:59:47 Image size of job updated: 331880
	321  -  MemoryUsage of job (MB)
	327832  -  ResidentSetSize of job (KB)
...
006 (5532.000.000) 08/06 18:02:42 Image size of job updated: 691180
	321  -  MemoryUsage of job (MB)
	327832  -  ResidentSetSize of job (KB)
...
005 (5532.000.000) 08/06 18:02:43 Job terminated.
	(1) Normal termination (return value 0)
		Usr 0 00:01:38, Sys 0 00:01:06  -  Run Remote Usage
		Usr 0 00:00:00, Sys 0 00:00:00  -  Run Local Usage
		Usr 0 00:01:38, Sys 0 00:01:06  -  Total Remote Usage
		Usr 0 00:00:00, Sys 0 00:00:00  -  Total Local Usage
	24050  -  Run Bytes Sent By Job
	557  -  Run Bytes Received By Job
	24050  -  Total Bytes Sent By Job
	557  -  Total Bytes Received By Job
	Partitionable Resources :    Usage  Request Allocated
	   Cpus                 :                 1         1
	   Disk (KB)            :       35  1024000   1867998
	   Memory (MB)          :      321     2000      2000
...
