000 (5534.000.000) 08/06 17:24:34 Job submitted from host: <128.101.221.176:9618?addrs=128.101.221.176-9618&noUDP&sock=11541_65e5_3>
...
001 (5534.000.000) 08/06 17:24:37 Job executing on host: <128.101.221.193:9618?addrs=128.101.221.193-9618&noUDP&sock=11662_64db_4>
...
006 (5534.000.000) 08/06 17:24:46 Image size of job updated: 19212
	19  -  MemoryUsage of job (MB)
	19212  -  ResidentSetSize of job (KB)
...
006 (5534.000.000) 08/06 17:29:47 Image size of job updated: 348584
	308  -  MemoryUsage of job (MB)
	314920  -  ResidentSetSize of job (KB)
...
006 (5534.000.000) 08/06 17:34:47 Image size of job updated: 357360
	320  -  MemoryUsage of job (MB)
	327436  -  ResidentSetSize of job (KB)
...
006 (5534.000.000) 08/06 17:39:48 Image size of job updated: 357408
	320  -  MemoryUsage of job (MB)
	327484  -  ResidentSetSize of job (KB)
...
006 (5534.000.000) 08/06 17:54:49 Image size of job updated: 357412
	320  -  MemoryUsage of job (MB)
	327488  -  ResidentSetSize of job (KB)
...
006 (5534.000.000) 08/06 18:04:50 Image size of job updated: 357472
	320  -  MemoryUsage of job (MB)
	327548  -  ResidentSetSize of job (KB)
...
006 (5534.000.000) 08/06 18:09:50 Image size of job updated: 357472
	320  -  MemoryUsage of job (MB)
	327572  -  ResidentSetSize of job (KB)
...
005 (5534.000.000) 08/06 18:11:01 Job terminated.
	(1) Normal termination (return value 0)
		Usr 0 00:01:06, Sys 0 00:01:11  -  Run Remote Usage
		Usr 0 00:00:00, Sys 0 00:00:00  -  Run Local Usage
		Usr 0 00:01:06, Sys 0 00:01:11  -  Total Remote Usage
		Usr 0 00:00:00, Sys 0 00:00:00  -  Total Local Usage
	23820  -  Run Bytes Sent By Job
	557  -  Run Bytes Received By Job
	23820  -  Total Bytes Sent By Job
	557  -  Total Bytes Received By Job
	Partitionable Resources :    Usage  Request Allocated
	   Cpus                 :                 1         1
	   Disk (KB)            :       35  1024000   1827118
	   Memory (MB)          :      320     2000      2000
...
