000 (5500.000.000) 08/06 17:23:04 Job submitted from host: <128.101.221.176:9618?addrs=128.101.221.176-9618&noUDP&sock=11541_65e5_3>
...
001 (5500.000.000) 08/06 17:23:18 Job executing on host: <128.101.221.190:9618?addrs=128.101.221.190-9618&noUDP&sock=11510_d20e_4>
...
006 (5500.000.000) 08/06 17:23:27 Image size of job updated: 294828
	208  -  MemoryUsage of job (MB)
	212924  -  ResidentSetSize of job (KB)
...
006 (5500.000.000) 08/06 17:28:28 Image size of job updated: 328504
	321  -  MemoryUsage of job (MB)
	327700  -  ResidentSetSize of job (KB)
...
006 (5500.000.000) 08/06 17:33:29 Image size of job updated: 328508
	321  -  MemoryUsage of job (MB)
	327700  -  ResidentSetSize of job (KB)
...
006 (5500.000.000) 08/06 17:38:29 Image size of job updated: 328780
	321  -  MemoryUsage of job (MB)
	327972  -  ResidentSetSize of job (KB)
...
006 (5500.000.000) 08/06 17:43:29 Image size of job updated: 328792
	321  -  MemoryUsage of job (MB)
	327984  -  ResidentSetSize of job (KB)
...
005 (5500.000.000) 08/06 17:47:29 Job terminated.
	(1) Normal termination (return value 0)
		Usr 0 00:01:40, Sys 0 00:01:07  -  Run Remote Usage
		Usr 0 00:00:00, Sys 0 00:00:00  -  Run Local Usage
		Usr 0 00:01:40, Sys 0 00:01:07  -  Total Remote Usage
		Usr 0 00:00:00, Sys 0 00:00:00  -  Total Local Usage
	24050  -  Run Bytes Sent By Job
	557  -  Run Bytes Received By Job
	24050  -  Total Bytes Sent By Job
	557  -  Total Bytes Received By Job
	Partitionable Resources :    Usage  Request Allocated
	   Cpus                 :                 1         1
	   Disk (KB)            :       35  1024000   1796480
	   Memory (MB)          :      321     2000      2000
...
