000 (5511.000.000) 08/06 17:23:17 Job submitted from host: <128.101.221.176:9618?addrs=128.101.221.176-9618&noUDP&sock=11541_65e5_3>
...
001 (5511.000.000) 08/06 17:23:36 Job executing on host: <128.101.221.171:9618?addrs=128.101.221.171-9618&noUDP&sock=11629_6b57_4>
...
006 (5511.000.000) 08/06 17:23:45 Image size of job updated: 73944
	42  -  MemoryUsage of job (MB)
	42020  -  ResidentSetSize of job (KB)
...
006 (5511.000.000) 08/06 17:28:46 Image size of job updated: 328712
	321  -  MemoryUsage of job (MB)
	328532  -  ResidentSetSize of job (KB)
...
006 (5511.000.000) 08/06 17:33:46 Image size of job updated: 328752
	321  -  MemoryUsage of job (MB)
	328536  -  ResidentSetSize of job (KB)
...
006 (5511.000.000) 08/06 17:48:48 Image size of job updated: 328768
	321  -  MemoryUsage of job (MB)
	328552  -  ResidentSetSize of job (KB)
...
006 (5511.000.000) 08/06 18:08:50 Image size of job updated: 328920
	321  -  MemoryUsage of job (MB)
	328560  -  ResidentSetSize of job (KB)
...
005 (5511.000.000) 08/06 18:09:14 Job terminated.
	(1) Normal termination (return value 0)
		Usr 0 00:01:39, Sys 0 00:01:13  -  Run Remote Usage
		Usr 0 00:00:00, Sys 0 00:00:00  -  Run Local Usage
		Usr 0 00:01:39, Sys 0 00:01:13  -  Total Remote Usage
		Usr 0 00:00:00, Sys 0 00:00:00  -  Total Local Usage
	24284  -  Run Bytes Sent By Job
	557  -  Run Bytes Received By Job
	24284  -  Total Bytes Sent By Job
	557  -  Total Bytes Received By Job
	Partitionable Resources :    Usage  Request Allocated
	   Cpus                 :                 1         1
	   Disk (KB)            :       35  1024000   1816728
	   Memory (MB)          :      321     2000      2000
...
