000 (5529.000.000) 08/06 17:23:52 Job submitted from host: <128.101.221.176:9618?addrs=128.101.221.176-9618&noUDP&sock=11541_65e5_3>
...
001 (5529.000.000) 08/06 17:23:58 Job executing on host: <128.101.221.178:9618?addrs=128.101.221.178-9618&noUDP&sock=7243_a440_4>
...
006 (5529.000.000) 08/06 17:24:06 Image size of job updated: 67040
	41  -  MemoryUsage of job (MB)
	41508  -  ResidentSetSize of job (KB)
...
006 (5529.000.000) 08/06 17:29:06 Image size of job updated: 333404
	322  -  MemoryUsage of job (MB)
	329724  -  ResidentSetSize of job (KB)
...
006 (5529.000.000) 08/06 17:34:07 Image size of job updated: 333404
	323  -  MemoryUsage of job (MB)
	329744  -  ResidentSetSize of job (KB)
...
006 (5529.000.000) 08/06 17:44:08 Image size of job updated: 333404
	323  -  MemoryUsage of job (MB)
	329768  -  ResidentSetSize of job (KB)
...
006 (5529.000.000) 08/06 17:54:09 Image size of job updated: 333404
	323  -  MemoryUsage of job (MB)
	329932  -  ResidentSetSize of job (KB)
...
006 (5529.000.000) 08/06 18:04:10 Image size of job updated: 333404
	323  -  MemoryUsage of job (MB)
	329936  -  ResidentSetSize of job (KB)
...
006 (5529.000.000) 08/06 18:05:57 Image size of job updated: 711180
	323  -  MemoryUsage of job (MB)
	329936  -  ResidentSetSize of job (KB)
...
005 (5529.000.000) 08/06 18:05:58 Job terminated.
	(1) Normal termination (return value 0)
		Usr 0 00:01:37, Sys 0 00:01:09  -  Run Remote Usage
		Usr 0 00:00:00, Sys 0 00:00:00  -  Run Local Usage
		Usr 0 00:01:37, Sys 0 00:01:09  -  Total Remote Usage
		Usr 0 00:00:00, Sys 0 00:00:00  -  Total Local Usage
	24049  -  Run Bytes Sent By Job
	557  -  Run Bytes Received By Job
	24049  -  Total Bytes Sent By Job
	557  -  Total Bytes Received By Job
	Partitionable Resources :    Usage  Request Allocated
	   Cpus                 :                 1         1
	   Disk (KB)            :       35  1024000   1796402
	   Memory (MB)          :      323     2000      2000
...
