000 (5503.000.000) 08/06 17:23:08 Job submitted from host: <128.101.221.176:9618?addrs=128.101.221.176-9618&noUDP&sock=11541_65e5_3>
...
001 (5503.000.000) 08/06 17:23:18 Job executing on host: <128.101.221.182:9618?addrs=128.101.221.182-9618&noUDP&sock=11505_5d98_4>
...
006 (5503.000.000) 08/06 17:23:27 Image size of job updated: 321620
	231  -  MemoryUsage of job (MB)
	236024  -  ResidentSetSize of job (KB)
...
006 (5503.000.000) 08/06 17:28:28 Image size of job updated: 330348
	322  -  MemoryUsage of job (MB)
	329396  -  ResidentSetSize of job (KB)
...
006 (5503.000.000) 08/06 17:33:29 Image size of job updated: 330364
	322  -  MemoryUsage of job (MB)
	329412  -  ResidentSetSize of job (KB)
...
006 (5503.000.000) 08/06 17:43:30 Image size of job updated: 330368
	322  -  MemoryUsage of job (MB)
	329416  -  ResidentSetSize of job (KB)
...
006 (5503.000.000) 08/06 17:48:31 Image size of job updated: 331156
	322  -  MemoryUsage of job (MB)
	329600  -  ResidentSetSize of job (KB)
...
005 (5503.000.000) 08/06 17:50:32 Job terminated.
	(1) Normal termination (return value 0)
		Usr 0 00:01:55, Sys 0 00:01:15  -  Run Remote Usage
		Usr 0 00:00:00, Sys 0 00:00:00  -  Run Local Usage
		Usr 0 00:01:55, Sys 0 00:01:15  -  Total Remote Usage
		Usr 0 00:00:00, Sys 0 00:00:00  -  Total Local Usage
	24754  -  Run Bytes Sent By Job
	557  -  Run Bytes Received By Job
	24754  -  Total Bytes Sent By Job
	557  -  Total Bytes Received By Job
	Partitionable Resources :    Usage  Request Allocated
	   Cpus                 :                 1         1
	   Disk (KB)            :       36  1024000   1794708
	   Memory (MB)          :      322     2000      2000
...
