000 (5508.000.000) 08/06 17:23:13 Job submitted from host: <128.101.221.176:9618?addrs=128.101.221.176-9618&noUDP&sock=11541_65e5_3>
...
001 (5508.000.000) 08/06 17:23:36 Job executing on host: <128.101.221.180:9618?addrs=128.101.221.180-9618&noUDP&sock=11614_be99_4>
...
006 (5508.000.000) 08/06 17:23:45 Image size of job updated: 73684
	41  -  MemoryUsage of job (MB)
	41792  -  ResidentSetSize of job (KB)
...
006 (5508.000.000) 08/06 17:28:46 Image size of job updated: 328444
	321  -  MemoryUsage of job (MB)
	328004  -  ResidentSetSize of job (KB)
...
006 (5508.000.000) 08/06 17:33:47 Image size of job updated: 328484
	321  -  MemoryUsage of job (MB)
	328044  -  ResidentSetSize of job (KB)
...
006 (5508.000.000) 08/06 17:43:48 Image size of job updated: 328488
	321  -  MemoryUsage of job (MB)
	328048  -  ResidentSetSize of job (KB)
...
006 (5508.000.000) 08/06 17:55:43 Image size of job updated: 711992
	321  -  MemoryUsage of job (MB)
	328048  -  ResidentSetSize of job (KB)
...
005 (5508.000.000) 08/06 17:55:45 Job terminated.
	(1) Normal termination (return value 0)
		Usr 0 00:01:15, Sys 0 00:00:48  -  Run Remote Usage
		Usr 0 00:00:00, Sys 0 00:00:00  -  Run Local Usage
		Usr 0 00:01:15, Sys 0 00:00:48  -  Total Remote Usage
		Usr 0 00:00:00, Sys 0 00:00:00  -  Total Local Usage
	22870  -  Run Bytes Sent By Job
	557  -  Run Bytes Received By Job
	22870  -  Total Bytes Sent By Job
	557  -  Total Bytes Received By Job
	Partitionable Resources :    Usage  Request Allocated
	   Cpus                 :                 1         1
	   Disk (KB)            :       34  1024000   1868002
	   Memory (MB)          :      321     2000      2000
...
