000 (5494.000.000) 08/06 17:22:57 Job submitted from host: <128.101.221.176:9618?addrs=128.101.221.176-9618&noUDP&sock=11541_65e5_3>
...
001 (5494.000.000) 08/06 17:23:16 Job executing on host: <128.101.221.180:9618?addrs=128.101.221.180-9618&noUDP&sock=11614_be99_4>
...
006 (5494.000.000) 08/06 17:23:25 Image size of job updated: 242680
	166  -  MemoryUsage of job (MB)
	169800  -  ResidentSetSize of job (KB)
...
006 (5494.000.000) 08/06 17:28:25 Image size of job updated: 329116
	322  -  MemoryUsage of job (MB)
	329116  -  ResidentSetSize of job (KB)
...
006 (5494.000.000) 08/06 17:33:25 Image size of job updated: 329132
	322  -  MemoryUsage of job (MB)
	329132  -  ResidentSetSize of job (KB)
...
006 (5494.000.000) 08/06 17:38:26 Image size of job updated: 329432
	322  -  MemoryUsage of job (MB)
	329432  -  ResidentSetSize of job (KB)
...
006 (5494.000.000) 08/06 17:43:27 Image size of job updated: 329544
	322  -  MemoryUsage of job (MB)
	329544  -  ResidentSetSize of job (KB)
...
006 (5494.000.000) 08/06 17:53:28 Image size of job updated: 329576
	322  -  MemoryUsage of job (MB)
	329576  -  ResidentSetSize of job (KB)
...
006 (5494.000.000) 08/06 17:57:59 Image size of job updated: 711468
	322  -  MemoryUsage of job (MB)
	329576  -  ResidentSetSize of job (KB)
...
005 (5494.000.000) 08/06 17:58:00 Job terminated.
	(1) Normal termination (return value 0)
		Usr 0 00:01:21, Sys 0 00:00:54  -  Run Remote Usage
		Usr 0 00:00:00, Sys 0 00:00:00  -  Run Local Usage
		Usr 0 00:01:21, Sys 0 00:00:54  -  Total Remote Usage
		Usr 0 00:00:00, Sys 0 00:00:00  -  Total Local Usage
	23107  -  Run Bytes Sent By Job
	557  -  Run Bytes Received By Job
	23107  -  Total Bytes Sent By Job
	557  -  Total Bytes Received By Job
	Partitionable Resources :    Usage  Request Allocated
	   Cpus                 :                 1         1
	   Disk (KB)            :       34  1024000   1868004
	   Memory (MB)          :      322     2000      2000
...
