000 (5518.000.000) 08/06 17:23:25 Job submitted from host: <128.101.221.176:9618?addrs=128.101.221.176-9618&noUDP&sock=11541_65e5_3>
...
001 (5518.000.000) 08/06 17:23:39 Job executing on host: <128.101.221.191:9618?addrs=128.101.221.191-9618&noUDP&sock=11511_7b2a_4>
...
006 (5518.000.000) 08/06 17:23:47 Image size of job updated: 73500
	42  -  MemoryUsage of job (MB)
	42068  -  ResidentSetSize of job (KB)
...
006 (5518.000.000) 08/06 17:28:47 Image size of job updated: 422628
	321  -  MemoryUsage of job (MB)
	328532  -  ResidentSetSize of job (KB)
...
006 (5518.000.000) 08/06 17:33:48 Image size of job updated: 422716
	321  -  MemoryUsage of job (MB)
	328616  -  ResidentSetSize of job (KB)
...
006 (5518.000.000) 08/06 17:38:48 Image size of job updated: 422748
	321  -  MemoryUsage of job (MB)
	328648  -  ResidentSetSize of job (KB)
...
006 (5518.000.000) 08/06 17:42:51 Image size of job updated: 711088
	321  -  MemoryUsage of job (MB)
	328648  -  ResidentSetSize of job (KB)
...
005 (5518.000.000) 08/06 17:42:53 Job terminated.
	(1) Normal termination (return value 0)
		Usr 0 00:01:33, Sys 0 00:01:00  -  Run Remote Usage
		Usr 0 00:00:00, Sys 0 00:00:00  -  Run Local Usage
		Usr 0 00:01:33, Sys 0 00:01:00  -  Total Remote Usage
		Usr 0 00:00:00, Sys 0 00:00:00  -  Total Local Usage
	23578  -  Run Bytes Sent By Job
	557  -  Run Bytes Received By Job
	23578  -  Total Bytes Sent By Job
	557  -  Total Bytes Received By Job
	Partitionable Resources :    Usage  Request Allocated
	   Cpus                 :                 1         1
	   Disk (KB)            :       35  1024000   1878604
	   Memory (MB)          :      321     2000      2000
...
