000 (5760.000.000) 08/06 22:53:10 Job submitted from host: <128.101.221.176:9618?addrs=128.101.221.176-9618&noUDP&sock=11541_65e5_3>
...
001 (5760.000.000) 08/06 22:53:40 Job executing on host: <128.101.220.87:9618?addrs=128.101.220.87-9618&noUDP&sock=12038_f3c2_4>
...
006 (5760.000.000) 08/06 22:53:49 Image size of job updated: 102956
	54  -  MemoryUsage of job (MB)
	55228  -  ResidentSetSize of job (KB)
...
006 (5760.000.000) 08/06 22:58:50 Image size of job updated: 420576
	320  -  MemoryUsage of job (MB)
	327304  -  ResidentSetSize of job (KB)
...
006 (5760.000.000) 08/06 23:03:51 Image size of job updated: 420576
	320  -  MemoryUsage of job (MB)
	327632  -  ResidentSetSize of job (KB)
...
006 (5760.000.000) 08/06 23:08:51 Image size of job updated: 420576
	320  -  MemoryUsage of job (MB)
	327652  -  ResidentSetSize of job (KB)
...
005 (5760.000.000) 08/06 23:11:18 Job terminated.
	(1) Normal termination (return value 0)
		Usr 0 00:01:13, Sys 0 00:00:41  -  Run Remote Usage
		Usr 0 00:00:00, Sys 0 00:00:00  -  Run Local Usage
		Usr 0 00:01:13, Sys 0 00:00:41  -  Total Remote Usage
		Usr 0 00:00:00, Sys 0 00:00:00  -  Total Local Usage
	23218  -  Run Bytes Sent By Job
	567  -  Run Bytes Received By Job
	23218  -  Total Bytes Sent By Job
	567  -  Total Bytes Received By Job
	Partitionable Resources :    Usage  Request Allocated
	   Cpus                 :                 1         1
	   Disk (KB)            :       34  1024000   4041179
	   Memory (MB)          :      320     2000      2000
...
