000 (5783.000.000) 08/06 22:53:21 Job submitted from host: <128.101.221.176:9618?addrs=128.101.221.176-9618&noUDP&sock=11541_65e5_3>
...
001 (5783.000.000) 08/06 23:01:09 Job executing on host: <128.101.220.109:9618?addrs=128.101.220.109-9618&noUDP&sock=7400_ab82_4>
...
006 (5783.000.000) 08/06 23:01:18 Image size of job updated: 5400
	3  -  MemoryUsage of job (MB)
	3020  -  ResidentSetSize of job (KB)
...
006 (5783.000.000) 08/06 23:06:19 Image size of job updated: 419844
	320  -  MemoryUsage of job (MB)
	327036  -  ResidentSetSize of job (KB)
...
006 (5783.000.000) 08/06 23:11:20 Image size of job updated: 420060
	320  -  MemoryUsage of job (MB)
	327252  -  ResidentSetSize of job (KB)
...
006 (5783.000.000) 08/06 23:16:20 Image size of job updated: 420060
	320  -  MemoryUsage of job (MB)
	327276  -  ResidentSetSize of job (KB)
...
006 (5783.000.000) 08/06 23:16:44 Image size of job updated: 710944
	320  -  MemoryUsage of job (MB)
	327276  -  ResidentSetSize of job (KB)
...
005 (5783.000.000) 08/06 23:16:46 Job terminated.
	(1) Normal termination (return value 0)
		Usr 0 00:01:22, Sys 0 00:00:46  -  Run Remote Usage
		Usr 0 00:00:00, Sys 0 00:00:00  -  Run Local Usage
		Usr 0 00:01:22, Sys 0 00:00:46  -  Total Remote Usage
		Usr 0 00:00:00, Sys 0 00:00:00  -  Total Local Usage
	23694  -  Run Bytes Sent By Job
	567  -  Run Bytes Received By Job
	23694  -  Total Bytes Sent By Job
	567  -  Total Bytes Received By Job
	Partitionable Resources :    Usage  Request Allocated
	   Cpus                 :                 1         1
	   Disk (KB)            :       35  1024000   4044279
	   Memory (MB)          :      320     2000      2000
...
