000 (5788.000.000) 08/06 22:53:23 Job submitted from host: <128.101.221.176:9618?addrs=128.101.221.176-9618&noUDP&sock=11541_65e5_3>
...
001 (5788.000.000) 08/06 23:11:36 Job executing on host: <128.101.220.87:9618?addrs=128.101.220.87-9618&noUDP&sock=12038_f3c2_4>
...
006 (5788.000.000) 08/06 23:11:45 Image size of job updated: 6336
	3  -  MemoryUsage of job (MB)
	3032  -  ResidentSetSize of job (KB)
...
006 (5788.000.000) 08/06 23:16:46 Image size of job updated: 421560
	321  -  MemoryUsage of job (MB)
	328524  -  ResidentSetSize of job (KB)
...
006 (5788.000.000) 08/06 23:21:47 Image size of job updated: 421588
	321  -  MemoryUsage of job (MB)
	328552  -  ResidentSetSize of job (KB)
...
005 (5788.000.000) 08/06 23:30:49 Job terminated.
	(1) Normal termination (return value 0)
		Usr 0 00:01:37, Sys 0 00:00:59  -  Run Remote Usage
		Usr 0 00:00:00, Sys 0 00:00:00  -  Run Local Usage
		Usr 0 00:01:37, Sys 0 00:00:59  -  Total Remote Usage
		Usr 0 00:00:00, Sys 0 00:00:00  -  Total Local Usage
	24871  -  Run Bytes Sent By Job
	567  -  Run Bytes Received By Job
	24871  -  Total Bytes Sent By Job
	567  -  Total Bytes Received By Job
	Partitionable Resources :    Usage  Request Allocated
	   Cpus                 :                 1         1
	   Disk (KB)            :       36  1024000   4041176
	   Memory (MB)          :      321     2000      2000
...
