000 (5741.000.000) 08/06 22:53:04 Job submitted from host: <128.101.221.176:9618?addrs=128.101.221.176-9618&noUDP&sock=11541_65e5_3>
...
001 (5741.000.000) 08/06 22:53:10 Job executing on host: <128.101.221.193:9618?addrs=128.101.221.193-9618&noUDP&sock=11662_64db_4>
...
006 (5741.000.000) 08/06 22:53:19 Image size of job updated: 299456
	213  -  MemoryUsage of job (MB)
	217672  -  ResidentSetSize of job (KB)
...
006 (5741.000.000) 08/06 22:58:19 Image size of job updated: 421428
	321  -  MemoryUsage of job (MB)
	327700  -  ResidentSetSize of job (KB)
...
006 (5741.000.000) 08/06 23:03:19 Image size of job updated: 422400
	323  -  MemoryUsage of job (MB)
	330048  -  ResidentSetSize of job (KB)
...
005 (5741.000.000) 08/06 23:11:05 Job terminated.
	(1) Normal termination (return value 0)
		Usr 0 00:00:58, Sys 0 00:00:43  -  Run Remote Usage
		Usr 0 00:00:00, Sys 0 00:00:00  -  Run Local Usage
		Usr 0 00:00:58, Sys 0 00:00:43  -  Total Remote Usage
		Usr 0 00:00:00, Sys 0 00:00:00  -  Total Local Usage
	24398  -  Run Bytes Sent By Job
	567  -  Run Bytes Received By Job
	24398  -  Total Bytes Sent By Job
	567  -  Total Bytes Received By Job
	Partitionable Resources :    Usage  Request Allocated
	   Cpus                 :                 1         1
	   Disk (KB)            :       36  1024000   1827082
	   Memory (MB)          :      323     2000      2000
...
