000 (5785.000.000) 08/06 22:53:22 Job submitted from host: <128.101.221.176:9618?addrs=128.101.221.176-9618&noUDP&sock=11541_65e5_3>
...
001 (5785.000.000) 08/06 23:06:39 Job executing on host: <128.101.221.190:9618?addrs=128.101.221.190-9618&noUDP&sock=11510_d20e_4>
...
006 (5785.000.000) 08/06 23:06:48 Image size of job updated: 19220
	19  -  MemoryUsage of job (MB)
	19220  -  ResidentSetSize of job (KB)
...
006 (5785.000.000) 08/06 23:11:49 Image size of job updated: 420080
	320  -  MemoryUsage of job (MB)
	326916  -  ResidentSetSize of job (KB)
...
006 (5785.000.000) 08/06 23:16:50 Image size of job updated: 420080
	320  -  MemoryUsage of job (MB)
	326976  -  ResidentSetSize of job (KB)
...
005 (5785.000.000) 08/06 23:25:32 Job terminated.
	(1) Normal termination (return value 0)
		Usr 0 00:01:26, Sys 0 00:00:51  -  Run Remote Usage
		Usr 0 00:00:00, Sys 0 00:00:00  -  Run Local Usage
		Usr 0 00:01:26, Sys 0 00:00:51  -  Total Remote Usage
		Usr 0 00:00:00, Sys 0 00:00:00  -  Total Local Usage
	24389  -  Run Bytes Sent By Job
	567  -  Run Bytes Received By Job
	24389  -  Total Bytes Sent By Job
	567  -  Total Bytes Received By Job
	Partitionable Resources :    Usage  Request Allocated
	   Cpus                 :                 1         1
	   Disk (KB)            :       36  1024000   1796452
	   Memory (MB)          :      320     2000      2000
...
